Local Time: 2023-10-09 16:33:39 [INFO] NTP Time: [2023-10-09 17:33:39.330025]: Loaded configuration: {'participant': {'id': 'P001', 'age': '25', 'gender': 'M', 'ethnicity': 'Caucasian', 'height': '165', 'weight': '65'}, 'experiment': {'date': '2022-01-01', 'time': '14:00:00', 'condition': 'HW101M', 'group': 'A', 'illumination_level': 'low'}, 'task_info': {'task_name': 'Task1', 'trial_number': '5'}, 'notes': {'comments': 'Participant seemed tired during the session.'}, 'label_info': {'activity': 'sit'}}
Local Time: 2023-10-09 16:33:39 [INFO] NTP Time: [2023-10-09 17:33:39.330120]: Loaded mmwave configuration: {'setting1': 'value1', 'setting2': 'value2', 'Data storage location': 'AWR1843-Read-Data-Python-MMWAVE-SDK-3--master/data', 'mmwave_Datatype': 'dictionary'}
Local Time: 2023-10-09 16:33:40 [INFO] NTP Time: [2023-10-09 17:33:40.291231]: Using NTP time as the start timmer.
Local Time: 2023-10-09 16:33:40 [INFO] NTP Time: [2023-10-09 17:33:40.408280]: Using the local timmer to pretend to be NTP time. Data recorded
Local Time: 2023-10-09 16:33:40 [INFO] NTP Time: [2023-10-09 17:33:40.525486]: Using the local timmer to pretend to be NTP time. Data recorded
Local Time: 2023-10-09 16:33:40 [INFO] NTP Time: [2023-10-09 17:33:40.642249]: Using the local timmer to pretend to be NTP time. Data recorded
Local Time: 2023-10-09 16:33:40 [INFO] NTP Time: [2023-10-09 17:33:40.758417]: Using the local timmer to pretend to be NTP time. Data recorded
Local Time: 2023-10-09 16:33:40 [INFO] NTP Time: [2023-10-09 17:33:40.875073]: Using the local timmer to pretend to be NTP time. Data recorded
Local Time: 2023-10-09 16:33:40 [INFO] NTP Time: [2023-10-09 17:33:40.992417]: Using the local timmer to pretend to be NTP time. Data recorded
Local Time: 2023-10-09 16:33:41 [INFO] NTP Time: [2023-10-09 17:33:41.108472]: Using the local timmer to pretend to be NTP time. Data recorded
Local Time: 2023-10-09 16:33:41 [INFO] NTP Time: [2023-10-09 17:33:41.225899]: Using the local timmer to pretend to be NTP time. Data recorded
Local Time: 2023-10-09 16:33:41 [INFO] NTP Time: [2023-10-09 17:33:41.361040]: Using the local timmer to pretend to be NTP time. Data recorded
Local Time: 2023-10-09 16:33:41 [INFO] NTP Time: [2023-10-09 17:33:41.487682]: Using the local timmer to pretend to be NTP time. Data recorded
Local Time: 2023-10-09 16:33:41 [INFO] NTP Time: [2023-10-09 17:33:41.606433]: Using the local timmer to pretend to be NTP time. Data recorded
Local Time: 2023-10-09 16:33:41 [INFO] NTP Time: [2023-10-09 17:33:41.727190]: Using the local timmer to pretend to be NTP time. Data recorded
Local Time: 2023-10-09 16:33:41 [INFO] NTP Time: [2023-10-09 17:33:41.842035]: Using the local timmer to pretend to be NTP time. Data recorded
Local Time: 2023-10-09 16:33:41 [INFO] NTP Time: [2023-10-09 17:33:41.959896]: Using the local timmer to pretend to be NTP time. Data recorded
Local Time: 2023-10-09 16:33:42 [INFO] NTP Time: [2023-10-09 17:33:42.074977]: Using the local timmer to pretend to be NTP time. Data recorded
Local Time: 2023-10-09 16:33:42 [INFO] NTP Time: [2023-10-09 17:33:42.191555]: Using the local timmer to pretend to be NTP time. Data recorded
Local Time: 2023-10-09 16:33:42 [INFO] NTP Time: [2023-10-09 17:33:42.339373]: Using the local timmer to pretend to be NTP time. Data recorded
Local Time: 2023-10-09 16:33:42 [INFO] NTP Time: [2023-10-09 17:33:42.470266]: Using the local timmer to pretend to be NTP time. Data recorded
Local Time: 2023-10-09 16:33:42 [INFO] NTP Time: [2023-10-09 17:33:42.594960]: Using the local timmer to pretend to be NTP time. Data recorded
Local Time: 2023-10-09 16:33:42 [INFO] NTP Time: [2023-10-09 17:33:42.710664]: Using the local timmer to pretend to be NTP time. Data recorded
Local Time: 2023-10-09 16:33:42 [INFO] NTP Time: [2023-10-09 17:33:42.831731]: Using the local timmer to pretend to be NTP time. Data recorded
Local Time: 2023-10-09 16:33:42 [INFO] NTP Time: [2023-10-09 17:33:42.954727]: Using the local timmer to pretend to be NTP time. Data recorded
Local Time: 2023-10-09 16:33:43 [INFO] NTP Time: [2023-10-09 17:33:43.071667]: Using the local timmer to pretend to be NTP time. Data recorded
Local Time: 2023-10-09 16:33:43 [INFO] NTP Time: [2023-10-09 17:33:43.195115]: Using the local timmer to pretend to be NTP time. Data recorded
Local Time: 2023-10-09 16:33:43 [INFO] NTP Time: [2023-10-09 17:33:43.326149]: Using the local timmer to pretend to be NTP time. Data recorded
Local Time: 2023-10-09 16:33:43 [INFO] NTP Time: [2023-10-09 17:33:43.444371]: Using the local timmer to pretend to be NTP time. Data recorded
Local Time: 2023-10-09 16:33:43 [INFO] NTP Time: [2023-10-09 17:33:43.562406]: Using the local timmer to pretend to be NTP time. Data recorded
Local Time: 2023-10-09 16:33:43 [INFO] NTP Time: [2023-10-09 17:33:43.678016]: Using the local timmer to pretend to be NTP time. Data recorded
Local Time: 2023-10-09 16:33:43 [INFO] NTP Time: [2023-10-09 17:33:43.795567]: Using the local timmer to pretend to be NTP time. Data recorded
Local Time: 2023-10-09 16:33:43 [INFO] NTP Time: [2023-10-09 17:33:43.810640]: Using the local timmer to pretend to be NTP time. Data recorded
Local Time: 2023-10-09 16:33:43 [INFO] NTP Time: [2023-10-09 17:33:43.952993]: Using the local timmer to pretend to be NTP time. Data recorded
Local Time: 2023-10-09 16:33:44 [INFO] NTP Time: [2023-10-09 17:33:44.071496]: Using the local timmer to pretend to be NTP time. Data recorded
Local Time: 2023-10-09 16:33:44 [INFO] NTP Time: [2023-10-09 17:33:44.195846]: Using the local timmer to pretend to be NTP time. Data recorded
Local Time: 2023-10-09 16:33:44 [INFO] NTP Time: [2023-10-09 17:33:44.332172]: Using the local timmer to pretend to be NTP time. Data recorded
Local Time: 2023-10-09 16:33:44 [INFO] NTP Time: [2023-10-09 17:33:44.454880]: Using the local timmer to pretend to be NTP time. Data recorded
Local Time: 2023-10-09 16:33:44 [INFO] NTP Time: [2023-10-09 17:33:44.468665]: Using the local timmer to pretend to be NTP time. Data recorded
Local Time: 2023-10-09 16:33:44 [INFO] NTP Time: [2023-10-09 17:33:44.590732]: Using the local timmer to pretend to be NTP time. Data recorded
Local Time: 2023-10-09 16:33:44 [INFO] NTP Time: [2023-10-09 17:33:44.712438]: Using the local timmer to pretend to be NTP time. Data recorded
Local Time: 2023-10-09 16:33:44 [INFO] NTP Time: [2023-10-09 17:33:44.727071]: Using the local timmer to pretend to be NTP time. Data recorded
Local Time: 2023-10-09 16:33:44 [INFO] NTP Time: [2023-10-09 17:33:44.845073]: Using the local timmer to pretend to be NTP time. Data recorded
Local Time: 2023-10-09 16:33:44 [INFO] NTP Time: [2023-10-09 17:33:44.966836]: Using the local timmer to pretend to be NTP time. Data recorded
Local Time: 2023-10-09 16:33:45 [INFO] NTP Time: [2023-10-09 17:33:45.091186]: Using the local timmer to pretend to be NTP time. Data recorded
Local Time: 2023-10-09 16:33:45 [INFO] NTP Time: [2023-10-09 17:33:45.226693]: Using the local timmer to pretend to be NTP time. Data recorded
Local Time: 2023-10-09 16:33:45 [INFO] NTP Time: [2023-10-09 17:33:45.468982]: Using the local timmer to pretend to be NTP time. Data recorded
Local Time: 2023-10-09 16:33:45 [INFO] NTP Time: [2023-10-09 17:33:45.592363]: Using the local timmer to pretend to be NTP time. Data recorded
Local Time: 2023-10-09 16:33:45 [INFO] NTP Time: [2023-10-09 17:33:45.607374]: Using the local timmer to pretend to be NTP time. Data recorded
Local Time: 2023-10-09 16:33:45 [INFO] NTP Time: [2023-10-09 17:33:45.726320]: Using the local timmer to pretend to be NTP time. Data recorded
Local Time: 2023-10-09 16:33:45 [INFO] NTP Time: [2023-10-09 17:33:45.740373]: Using the local timmer to pretend to be NTP time. Data recorded
Local Time: 2023-10-09 16:33:45 [INFO] NTP Time: [2023-10-09 17:33:45.867580]: Using the local timmer to pretend to be NTP time. Data recorded
Local Time: 2023-10-09 16:33:45 [INFO] NTP Time: [2023-10-09 17:33:45.994021]: Using the local timmer to pretend to be NTP time. Data recorded
Local Time: 2023-10-09 16:33:46 [INFO] NTP Time: [2023-10-09 17:33:46.113208]: Using the local timmer to pretend to be NTP time. Data recorded
Local Time: 2023-10-09 16:33:46 [INFO] NTP Time: [2023-10-09 17:33:46.235104]: Using the local timmer to pretend to be NTP time. Data recorded
Local Time: 2023-10-09 16:33:46 [INFO] NTP Time: [2023-10-09 17:33:46.360911]: Using the local timmer to pretend to be NTP time. Data recorded
Local Time: 2023-10-09 16:33:46 [INFO] NTP Time: [2023-10-09 17:33:46.479624]: Using the local timmer to pretend to be NTP time. Data recorded
Local Time: 2023-10-09 16:33:46 [INFO] NTP Time: [2023-10-09 17:33:46.602742]: Using the local timmer to pretend to be NTP time. Data recorded
Local Time: 2023-10-09 16:33:46 [INFO] NTP Time: [2023-10-09 17:33:46.728023]: Using the local timmer to pretend to be NTP time. Data recorded
Local Time: 2023-10-09 16:33:46 [INFO] NTP Time: [2023-10-09 17:33:46.845438]: Using the local timmer to pretend to be NTP time. Data recorded
Local Time: 2023-10-09 16:33:46 [INFO] NTP Time: [2023-10-09 17:33:46.861977]: Using the local timmer to pretend to be NTP time. Data recorded
Local Time: 2023-10-09 16:33:46 [INFO] NTP Time: [2023-10-09 17:33:46.875530]: Using the local timmer to pretend to be NTP time. Data recorded
Local Time: 2023-10-09 16:33:46 [INFO] NTP Time: [2023-10-09 17:33:46.890175]: Using the local timmer to pretend to be NTP time. Data recorded
Local Time: 2023-10-09 16:33:47 [INFO] NTP Time: [2023-10-09 17:33:47.011014]: Using the local timmer to pretend to be NTP time. Data recorded
Local Time: 2023-10-09 16:33:47 [INFO] NTP Time: [2023-10-09 17:33:47.129844]: Using the local timmer to pretend to be NTP time. Data recorded
Local Time: 2023-10-09 16:33:47 [INFO] NTP Time: [2023-10-09 17:33:47.254460]: Using the local timmer to pretend to be NTP time. Data recorded
Local Time: 2023-10-09 16:33:47 [INFO] NTP Time: [2023-10-09 17:33:47.376971]: Using the local timmer to pretend to be NTP time. Data recorded
Local Time: 2023-10-09 16:33:47 [INFO] NTP Time: [2023-10-09 17:33:47.504911]: Using the local timmer to pretend to be NTP time. Data recorded
Local Time: 2023-10-09 16:33:47 [INFO] NTP Time: [2023-10-09 17:33:47.632587]: Using the local timmer to pretend to be NTP time. Data recorded
Local Time: 2023-10-09 16:33:47 [INFO] NTP Time: [2023-10-09 17:33:47.754077]: Using the local timmer to pretend to be NTP time. Data recorded
Local Time: 2023-10-09 16:33:47 [INFO] NTP Time: [2023-10-09 17:33:47.877466]: Using the local timmer to pretend to be NTP time. Data recorded
Local Time: 2023-10-09 16:33:47 [INFO] NTP Time: [2023-10-09 17:33:47.994999]: Using the local timmer to pretend to be NTP time. Data recorded
Local Time: 2023-10-09 16:33:48 [INFO] NTP Time: [2023-10-09 17:33:48.113663]: Using the local timmer to pretend to be NTP time. Data recorded
Local Time: 2023-10-09 16:33:48 [INFO] NTP Time: [2023-10-09 17:33:48.234456]: Using the local timmer to pretend to be NTP time. Data recorded
Local Time: 2023-10-09 16:33:48 [INFO] NTP Time: [2023-10-09 17:33:48.358055]: Using the local timmer to pretend to be NTP time. Data recorded
Local Time: 2023-10-09 16:33:48 [INFO] NTP Time: [2023-10-09 17:33:48.479481]: Using the local timmer to pretend to be NTP time. Data recorded
Local Time: 2023-10-09 16:33:48 [INFO] NTP Time: [2023-10-09 17:33:48.604614]: Using the local timmer to pretend to be NTP time. Data recorded
Local Time: 2023-10-09 16:33:48 [INFO] NTP Time: [2023-10-09 17:33:48.728487]: Using the local timmer to pretend to be NTP time. Data recorded
Local Time: 2023-10-09 16:33:48 [INFO] NTP Time: [2023-10-09 17:33:48.856966]: Using the local timmer to pretend to be NTP time. Data recorded
Local Time: 2023-10-09 16:33:48 [INFO] NTP Time: [2023-10-09 17:33:48.981579]: Using the local timmer to pretend to be NTP time. Data recorded
Local Time: 2023-10-09 16:33:49 [INFO] NTP Time: [2023-10-09 17:33:49.107216]: Using the local timmer to pretend to be NTP time. Data recorded
Local Time: 2023-10-09 16:33:49 [INFO] NTP Time: [2023-10-09 17:33:49.226651]: Using the local timmer to pretend to be NTP time. Data recorded
Local Time: 2023-10-09 16:33:49 [INFO] NTP Time: [2023-10-09 17:33:49.352367]: Using the local timmer to pretend to be NTP time. Data recorded
Local Time: 2023-10-09 16:33:49 [INFO] NTP Time: [2023-10-09 17:33:49.473582]: Using the local timmer to pretend to be NTP time. Data recorded
Local Time: 2023-10-09 16:33:49 [INFO] NTP Time: [2023-10-09 17:33:49.595089]: Using the local timmer to pretend to be NTP time. Data recorded
Local Time: 2023-10-09 16:33:49 [INFO] NTP Time: [2023-10-09 17:33:49.713762]: Using the local timmer to pretend to be NTP time. Data recorded
Local Time: 2023-10-09 16:33:49 [INFO] NTP Time: [2023-10-09 17:33:49.836452]: Using the local timmer to pretend to be NTP time. Data recorded
Local Time: 2023-10-09 16:33:49 [INFO] NTP Time: [2023-10-09 17:33:49.960947]: Using the local timmer to pretend to be NTP time. Data recorded
Local Time: 2023-10-09 16:33:50 [INFO] NTP Time: [2023-10-09 17:33:50.079941]: Using the local timmer to pretend to be NTP time. Data recorded
Local Time: 2023-10-09 16:33:50 [INFO] NTP Time: [2023-10-09 17:33:50.202292]: Using the local timmer to pretend to be NTP time. Data recorded
Local Time: 2023-10-09 16:33:50 [INFO] NTP Time: [2023-10-09 17:33:50.327795]: Using the local timmer to pretend to be NTP time. Data recorded
Local Time: 2023-10-09 16:33:50 [INFO] NTP Time: [2023-10-09 17:33:50.345400]: Using the local timmer to pretend to be NTP time. Data recorded
Local Time: 2023-10-09 16:33:50 [INFO] NTP Time: [2023-10-09 17:33:50.369864]: Using the local timmer to pretend to be NTP time. Data recorded
Local Time: 2023-10-09 16:33:50 [INFO] NTP Time: [2023-10-09 17:33:50.387400]: Using the local timmer to pretend to be NTP time. Data recorded
Local Time: 2023-10-09 16:33:50 [INFO] NTP Time: [2023-10-09 17:33:50.506257]: Using the local timmer to pretend to be NTP time. Data recorded
Local Time: 2023-10-09 16:33:50 [INFO] NTP Time: [2023-10-09 17:33:50.629282]: Using the local timmer to pretend to be NTP time. Data recorded
Local Time: 2023-10-09 16:33:50 [INFO] NTP Time: [2023-10-09 17:33:50.750679]: Using the local timmer to pretend to be NTP time. Data recorded
Local Time: 2023-10-09 16:33:50 [INFO] NTP Time: [2023-10-09 17:33:50.874159]: Using the local timmer to pretend to be NTP time. Data recorded
Local Time: 2023-10-09 16:33:50 [INFO] NTP Time: [2023-10-09 17:33:50.996403]: Using the local timmer to pretend to be NTP time. Data recorded
Local Time: 2023-10-09 16:33:51 [INFO] NTP Time: [2023-10-09 17:33:51.121583]: Using the local timmer to pretend to be NTP time. Data recorded
Local Time: 2023-10-09 16:33:51 [INFO] NTP Time: [2023-10-09 17:33:51.244733]: Using the local timmer to pretend to be NTP time. Data recorded
Local Time: 2023-10-09 16:33:51 [INFO] NTP Time: [2023-10-09 17:33:51.369251]: Using the local timmer to pretend to be NTP time. Data recorded
Local Time: 2023-10-09 16:33:51 [INFO] NTP Time: [2023-10-09 17:33:51.503708]: Using the local timmer to pretend to be NTP time. Data recorded
Local Time: 2023-10-09 16:33:51 [INFO] NTP Time: [2023-10-09 17:33:51.628168]: Using the local timmer to pretend to be NTP time. Data recorded
Local Time: 2023-10-09 16:33:51 [INFO] NTP Time: [2023-10-09 17:33:51.747290]: Using the local timmer to pretend to be NTP time. Data recorded
Local Time: 2023-10-09 16:33:51 [INFO] NTP Time: [2023-10-09 17:33:51.883127]: Using the local timmer to pretend to be NTP time. Data recorded
Local Time: 2023-10-09 16:33:52 [INFO] NTP Time: [2023-10-09 17:33:52.010165]: Using the local timmer to pretend to be NTP time. Data recorded
Local Time: 2023-10-09 16:33:52 [INFO] NTP Time: [2023-10-09 17:33:52.132278]: Using the local timmer to pretend to be NTP time. Data recorded
Local Time: 2023-10-09 16:33:52 [INFO] NTP Time: [2023-10-09 17:33:52.259250]: Using the local timmer to pretend to be NTP time. Data recorded
Local Time: 2023-10-09 16:33:52 [INFO] NTP Time: [2023-10-09 17:33:52.383541]: Using the local timmer to pretend to be NTP time. Data recorded
Local Time: 2023-10-09 16:33:52 [INFO] NTP Time: [2023-10-09 17:33:52.509796]: Using the local timmer to pretend to be NTP time. Data recorded
Local Time: 2023-10-09 16:33:52 [INFO] NTP Time: [2023-10-09 17:33:52.631875]: Using the local timmer to pretend to be NTP time. Data recorded
Local Time: 2023-10-09 16:33:52 [INFO] NTP Time: [2023-10-09 17:33:52.758319]: Using the local timmer to pretend to be NTP time. Data recorded
Local Time: 2023-10-09 16:33:52 [INFO] NTP Time: [2023-10-09 17:33:52.879934]: Using the local timmer to pretend to be NTP time. Data recorded
Local Time: 2023-10-09 16:33:53 [INFO] NTP Time: [2023-10-09 17:33:53.017216]: Using the local timmer to pretend to be NTP time. Data recorded
Local Time: 2023-10-09 16:33:53 [INFO] NTP Time: [2023-10-09 17:33:53.153542]: Using the local timmer to pretend to be NTP time. Data recorded
Local Time: 2023-10-09 16:33:53 [INFO] NTP Time: [2023-10-09 17:33:53.279650]: Using the local timmer to pretend to be NTP time. Data recorded
Local Time: 2023-10-09 16:33:53 [INFO] NTP Time: [2023-10-09 17:33:53.406761]: Using the local timmer to pretend to be NTP time. Data recorded
Local Time: 2023-10-09 16:33:53 [INFO] NTP Time: [2023-10-09 17:33:53.532154]: Using the local timmer to pretend to be NTP time. Data recorded
Local Time: 2023-10-09 16:33:53 [INFO] NTP Time: [2023-10-09 17:33:53.752513]: Using the local timmer to pretend to be NTP time. Data recorded
Local Time: 2023-10-09 16:33:53 [INFO] NTP Time: [2023-10-09 17:33:53.877123]: Using the local timmer to pretend to be NTP time. Data recorded
Local Time: 2023-10-09 16:33:54 [INFO] NTP Time: [2023-10-09 17:33:54.001232]: Using the local timmer to pretend to be NTP time. Data recorded
Local Time: 2023-10-09 16:33:54 [INFO] NTP Time: [2023-10-09 17:33:54.129241]: Using the local timmer to pretend to be NTP time. Data recorded
Local Time: 2023-10-09 16:33:54 [INFO] NTP Time: [2023-10-09 17:33:54.258851]: Using the local timmer to pretend to be NTP time. Data recorded
Local Time: 2023-10-09 16:33:54 [INFO] NTP Time: [2023-10-09 17:33:54.380818]: Using the local timmer to pretend to be NTP time. Data recorded
Local Time: 2023-10-09 16:33:54 [INFO] NTP Time: [2023-10-09 17:33:54.506751]: Using the local timmer to pretend to be NTP time. Data recorded
Local Time: 2023-10-09 16:33:54 [INFO] NTP Time: [2023-10-09 17:33:54.630820]: Using the local timmer to pretend to be NTP time. Data recorded
Local Time: 2023-10-09 16:33:54 [INFO] NTP Time: [2023-10-09 17:33:54.764087]: Using the local timmer to pretend to be NTP time. Data recorded
Local Time: 2023-10-09 16:33:54 [INFO] NTP Time: [2023-10-09 17:33:54.890943]: Using the local timmer to pretend to be NTP time. Data recorded
Local Time: 2023-10-09 16:33:55 [INFO] NTP Time: [2023-10-09 17:33:55.020155]: Using the local timmer to pretend to be NTP time. Data recorded
Local Time: 2023-10-09 16:33:55 [INFO] NTP Time: [2023-10-09 17:33:55.143637]: Using the local timmer to pretend to be NTP time. Data recorded
Local Time: 2023-10-09 16:33:55 [INFO] NTP Time: [2023-10-09 17:33:55.273491]: Using the local timmer to pretend to be NTP time. Data recorded
Local Time: 2023-10-09 16:33:55 [INFO] NTP Time: [2023-10-09 17:33:55.401655]: Using the local timmer to pretend to be NTP time. Data recorded
Local Time: 2023-10-09 16:33:55 [INFO] NTP Time: [2023-10-09 17:33:55.422812]: Using the local timmer to pretend to be NTP time. Data recorded
Local Time: 2023-10-09 16:33:55 [INFO] NTP Time: [2023-10-09 17:33:55.550024]: Using the local timmer to pretend to be NTP time. Data recorded
Local Time: 2023-10-09 16:33:55 [INFO] NTP Time: [2023-10-09 17:33:55.675316]: Using the local timmer to pretend to be NTP time. Data recorded
Local Time: 2023-10-09 16:33:55 [INFO] NTP Time: [2023-10-09 17:33:55.803584]: Using the local timmer to pretend to be NTP time. Data recorded
Local Time: 2023-10-09 16:33:55 [INFO] NTP Time: [2023-10-09 17:33:55.931746]: Using the local timmer to pretend to be NTP time. Data recorded
Local Time: 2023-10-09 16:33:56 [INFO] NTP Time: [2023-10-09 17:33:56.061822]: Using the local timmer to pretend to be NTP time. Data recorded
Local Time: 2023-10-09 16:33:56 [INFO] NTP Time: [2023-10-09 17:33:56.183065]: Using the local timmer to pretend to be NTP time. Data recorded
Local Time: 2023-10-09 16:33:56 [INFO] NTP Time: [2023-10-09 17:33:56.308626]: Using the local timmer to pretend to be NTP time. Data recorded
Local Time: 2023-10-09 16:33:56 [INFO] NTP Time: [2023-10-09 17:33:56.439660]: Using the local timmer to pretend to be NTP time. Data recorded
Local Time: 2023-10-09 16:33:56 [INFO] NTP Time: [2023-10-09 17:33:56.562360]: Using the local timmer to pretend to be NTP time. Data recorded
Local Time: 2023-10-09 16:33:56 [INFO] NTP Time: [2023-10-09 17:33:56.689164]: Using the local timmer to pretend to be NTP time. Data recorded
Local Time: 2023-10-09 16:33:56 [INFO] NTP Time: [2023-10-09 17:33:56.815092]: Using the local timmer to pretend to be NTP time. Data recorded
Local Time: 2023-10-09 16:33:56 [INFO] NTP Time: [2023-10-09 17:33:56.945100]: Using the local timmer to pretend to be NTP time. Data recorded
Local Time: 2023-10-09 16:33:57 [INFO] NTP Time: [2023-10-09 17:33:57.070703]: Using the local timmer to pretend to be NTP time. Data recorded
Local Time: 2023-10-09 16:33:57 [INFO] NTP Time: [2023-10-09 17:33:57.194621]: Using the local timmer to pretend to be NTP time. Data recorded
Local Time: 2023-10-09 16:33:57 [INFO] NTP Time: [2023-10-09 17:33:57.325285]: Using the local timmer to pretend to be NTP time. Data recorded
Local Time: 2023-10-09 16:33:57 [INFO] NTP Time: [2023-10-09 17:33:57.454894]: Using the local timmer to pretend to be NTP time. Data recorded
Local Time: 2023-10-09 16:33:57 [INFO] NTP Time: [2023-10-09 17:33:57.577353]: Using the local timmer to pretend to be NTP time. Data recorded
Local Time: 2023-10-09 16:33:57 [INFO] NTP Time: [2023-10-09 17:33:57.707293]: Using the local timmer to pretend to be NTP time. Data recorded
Local Time: 2023-10-09 16:33:57 [INFO] NTP Time: [2023-10-09 17:33:57.830847]: Using the local timmer to pretend to be NTP time. Data recorded
Local Time: 2023-10-09 16:33:57 [INFO] NTP Time: [2023-10-09 17:33:57.968702]: Using the local timmer to pretend to be NTP time. Data recorded
Local Time: 2023-10-09 16:33:58 [INFO] NTP Time: [2023-10-09 17:33:58.097758]: Using the local timmer to pretend to be NTP time. Data recorded
Local Time: 2023-10-09 16:33:58 [INFO] NTP Time: [2023-10-09 17:33:58.230540]: Using the local timmer to pretend to be NTP time. Data recorded
Local Time: 2023-10-09 16:33:58 [INFO] NTP Time: [2023-10-09 17:33:58.356635]: Using the local timmer to pretend to be NTP time. Data recorded
Local Time: 2023-10-09 16:33:58 [INFO] NTP Time: [2023-10-09 17:33:58.478252]: Using the local timmer to pretend to be NTP time. Data recorded
Local Time: 2023-10-09 16:33:58 [INFO] NTP Time: [2023-10-09 17:33:58.606575]: Using the local timmer to pretend to be NTP time. Data recorded
Local Time: 2023-10-09 16:33:58 [INFO] NTP Time: [2023-10-09 17:33:58.734045]: Using the local timmer to pretend to be NTP time. Data recorded
Local Time: 2023-10-09 16:33:58 [INFO] NTP Time: [2023-10-09 17:33:58.866220]: Using the local timmer to pretend to be NTP time. Data recorded
Local Time: 2023-10-09 16:33:59 [INFO] NTP Time: [2023-10-09 17:33:59.000401]: Using the local timmer to pretend to be NTP time. Data recorded
Local Time: 2023-10-09 16:33:59 [INFO] NTP Time: [2023-10-09 17:33:59.131454]: Using the local timmer to pretend to be NTP time. Data recorded
Local Time: 2023-10-09 16:33:59 [INFO] NTP Time: [2023-10-09 17:33:59.270660]: Using the local timmer to pretend to be NTP time. Data recorded
Local Time: 2023-10-09 16:33:59 [INFO] NTP Time: [2023-10-09 17:33:59.435191]: Using the local timmer to pretend to be NTP time. Data recorded
Local Time: 2023-10-09 16:33:59 [INFO] NTP Time: [2023-10-09 17:33:59.459539]: Using the local timmer to pretend to be NTP time. Data recorded
Local Time: 2023-10-09 16:33:59 [INFO] NTP Time: [2023-10-09 17:33:59.593186]: Using the local timmer to pretend to be NTP time. Data recorded
Local Time: 2023-10-09 16:33:59 [INFO] NTP Time: [2023-10-09 17:33:59.937186]: Using the local timmer to pretend to be NTP time. Data recorded
Local Time: 2023-10-09 16:34:00 [INFO] NTP Time: [2023-10-09 17:34:00.333962]: Using the local timmer to pretend to be NTP time. Data recorded
Local Time: 2023-10-09 16:34:00 [INFO] NTP Time: [2023-10-09 17:34:00.570393]: Using the local timmer to pretend to be NTP time. Data recorded
Local Time: 2023-10-09 16:34:00 [INFO] NTP Time: [2023-10-09 17:34:00.707908]: Using the local timmer to pretend to be NTP time. Data recorded
Local Time: 2023-10-09 16:34:00 [INFO] NTP Time: [2023-10-09 17:34:00.839826]: Using the local timmer to pretend to be NTP time. Data recorded
Local Time: 2023-10-09 16:34:00 [INFO] NTP Time: [2023-10-09 17:34:00.974938]: Using the local timmer to pretend to be NTP time. Data recorded
Local Time: 2023-10-09 16:34:01 [INFO] NTP Time: [2023-10-09 17:34:01.100577]: Using the local timmer to pretend to be NTP time. Data recorded
Local Time: 2023-10-09 16:34:01 [INFO] NTP Time: [2023-10-09 17:34:01.229543]: Using the local timmer to pretend to be NTP time. Data recorded
Local Time: 2023-10-09 16:34:01 [INFO] NTP Time: [2023-10-09 17:34:01.369841]: Using the local timmer to pretend to be NTP time. Data recorded
Local Time: 2023-10-09 16:34:01 [INFO] NTP Time: [2023-10-09 17:34:01.503902]: Using the local timmer to pretend to be NTP time. Data recorded
Local Time: 2023-10-09 16:34:01 [INFO] NTP Time: [2023-10-09 17:34:01.630078]: Using the local timmer to pretend to be NTP time. Data recorded
Local Time: 2023-10-09 16:34:01 [INFO] NTP Time: [2023-10-09 17:34:01.759737]: Using the local timmer to pretend to be NTP time. Data recorded
Local Time: 2023-10-09 16:34:01 [INFO] NTP Time: [2023-10-09 17:34:01.892528]: Using the local timmer to pretend to be NTP time. Data recorded
Local Time: 2023-10-09 16:34:02 [INFO] NTP Time: [2023-10-09 17:34:02.022079]: Using the local timmer to pretend to be NTP time. Data recorded
Local Time: 2023-10-09 16:34:02 [INFO] NTP Time: [2023-10-09 17:34:02.147368]: Using the local timmer to pretend to be NTP time. Data recorded
Local Time: 2023-10-09 16:34:02 [INFO] NTP Time: [2023-10-09 17:34:02.275945]: Using the local timmer to pretend to be NTP time. Data recorded
Local Time: 2023-10-09 16:34:02 [INFO] NTP Time: [2023-10-09 17:34:02.407959]: Using the local timmer to pretend to be NTP time. Data recorded
Local Time: 2023-10-09 16:34:02 [INFO] NTP Time: [2023-10-09 17:34:02.542157]: Using the local timmer to pretend to be NTP time. Data recorded
Local Time: 2023-10-09 16:34:02 [INFO] NTP Time: [2023-10-09 17:34:02.670468]: Using the local timmer to pretend to be NTP time. Data recorded
Local Time: 2023-10-09 16:34:02 [INFO] NTP Time: [2023-10-09 17:34:02.693644]: Using the local timmer to pretend to be NTP time. Data recorded
Local Time: 2023-10-09 16:34:02 [INFO] NTP Time: [2023-10-09 17:34:02.955242]: Using the local timmer to pretend to be NTP time. Data recorded
Local Time: 2023-10-09 16:34:03 [INFO] NTP Time: [2023-10-09 17:34:03.089206]: Using the local timmer to pretend to be NTP time. Data recorded
Local Time: 2023-10-09 16:34:03 [INFO] NTP Time: [2023-10-09 17:34:03.253638]: Using the local timmer to pretend to be NTP time. Data recorded
Local Time: 2023-10-09 16:34:03 [INFO] NTP Time: [2023-10-09 17:34:03.379222]: Using the local timmer to pretend to be NTP time. Data recorded
Local Time: 2023-10-09 16:34:03 [INFO] NTP Time: [2023-10-09 17:34:03.510968]: Using the local timmer to pretend to be NTP time. Data recorded
Local Time: 2023-10-09 16:34:03 [INFO] NTP Time: [2023-10-09 17:34:03.767174]: Using the local timmer to pretend to be NTP time. Data recorded
Local Time: 2023-10-09 16:34:04 [INFO] NTP Time: [2023-10-09 17:34:04.201376]: Using the local timmer to pretend to be NTP time. Data recorded
Local Time: 2023-10-09 16:34:04 [INFO] NTP Time: [2023-10-09 17:34:04.411229]: Using the local timmer to pretend to be NTP time. Data recorded
Local Time: 2023-10-09 16:34:04 [INFO] NTP Time: [2023-10-09 17:34:04.544509]: Using the local timmer to pretend to be NTP time. Data recorded
Local Time: 2023-10-09 16:34:04 [INFO] NTP Time: [2023-10-09 17:34:04.680394]: Using the local timmer to pretend to be NTP time. Data recorded
Local Time: 2023-10-09 16:34:04 [INFO] NTP Time: [2023-10-09 17:34:04.854719]: Using the local timmer to pretend to be NTP time. Data recorded
Local Time: 2023-10-09 16:34:05 [INFO] NTP Time: [2023-10-09 17:34:05.034210]: Using the local timmer to pretend to be NTP time. Data recorded
Local Time: 2023-10-09 16:34:05 [INFO] NTP Time: [2023-10-09 17:34:05.056252]: End recording by a terminate action.
