Local Time: 2023-10-09 20:13:49 [INFO] NTP Time: [2023-10-09 21:13:49.680051]: Loaded configuration: {'participant': {'id': 'P001', 'age': '25', 'gender': 'M', 'ethnicity': 'Caucasian', 'height': '165', 'weight': '65'}, 'experiment': {'date': '2022-01-01', 'time': '14:00:00', 'condition': 'HW101M', 'group': 'A', 'illumination_level': 'low'}, 'task_info': {'task_name': 'Task1', 'trial_number': '5'}, 'notes': {'comments': 'Participant seemed tired during the session.'}, 'label_info': {'activity': 'sit'}}
Local Time: 2023-10-09 20:13:49 [INFO] NTP Time: [2023-10-09 21:13:49.680167]: Loaded mmwave configuration: {'setting1': 'value1', 'setting2': 'value2', 'Data storage location': 'AWR1843-Read-Data-Python-MMWAVE-SDK-3--master/data', 'mmwave_Datatype': 'dictionary'}
Local Time: 2023-10-09 20:13:50 [INFO] NTP Time: [2023-10-09 21:13:50.525465]: Using NTP time as the start timmer.
Local Time: 2023-10-09 20:13:50 [INFO] NTP Time: [2023-10-09 21:13:50.641591]: Using the local timmer to pretend to be NTP time. Data recorded
Local Time: 2023-10-09 20:13:50 [INFO] NTP Time: [2023-10-09 21:13:50.757337]: Using the local timmer to pretend to be NTP time. Data recorded
Local Time: 2023-10-09 20:13:50 [INFO] NTP Time: [2023-10-09 21:13:50.873252]: Using the local timmer to pretend to be NTP time. Data recorded
Local Time: 2023-10-09 20:13:50 [INFO] NTP Time: [2023-10-09 21:13:50.987687]: Using the local timmer to pretend to be NTP time. Data recorded
Local Time: 2023-10-09 20:13:51 [INFO] NTP Time: [2023-10-09 21:13:51.103226]: Using the local timmer to pretend to be NTP time. Data recorded
Local Time: 2023-10-09 20:13:51 [INFO] NTP Time: [2023-10-09 21:13:51.217624]: Using the local timmer to pretend to be NTP time. Data recorded
Local Time: 2023-10-09 20:13:51 [INFO] NTP Time: [2023-10-09 21:13:51.332973]: Using the local timmer to pretend to be NTP time. Data recorded
Local Time: 2023-10-09 20:13:51 [INFO] NTP Time: [2023-10-09 21:13:51.447222]: Using the local timmer to pretend to be NTP time. Data recorded
Local Time: 2023-10-09 20:13:51 [INFO] NTP Time: [2023-10-09 21:13:51.563916]: Using the local timmer to pretend to be NTP time. Data recorded
Local Time: 2023-10-09 20:13:51 [INFO] NTP Time: [2023-10-09 21:13:51.679418]: Using the local timmer to pretend to be NTP time. Data recorded
Local Time: 2023-10-09 20:13:51 [INFO] NTP Time: [2023-10-09 21:13:51.691551]: Using the local timmer to pretend to be NTP time. Data recorded
Local Time: 2023-10-09 20:13:51 [INFO] NTP Time: [2023-10-09 21:13:51.703152]: Using the local timmer to pretend to be NTP time. Data recorded
Local Time: 2023-10-09 20:13:51 [INFO] NTP Time: [2023-10-09 21:13:51.819684]: Using the local timmer to pretend to be NTP time. Data recorded
Local Time: 2023-10-09 20:13:51 [INFO] NTP Time: [2023-10-09 21:13:51.934540]: Using the local timmer to pretend to be NTP time. Data recorded
Local Time: 2023-10-09 20:13:52 [INFO] NTP Time: [2023-10-09 21:13:52.048889]: Using the local timmer to pretend to be NTP time. Data recorded
Local Time: 2023-10-09 20:13:52 [INFO] NTP Time: [2023-10-09 21:13:52.163907]: Using the local timmer to pretend to be NTP time. Data recorded
Local Time: 2023-10-09 20:13:52 [INFO] NTP Time: [2023-10-09 21:13:52.277907]: Using the local timmer to pretend to be NTP time. Data recorded
Local Time: 2023-10-09 20:13:52 [INFO] NTP Time: [2023-10-09 21:13:52.392938]: Using the local timmer to pretend to be NTP time. Data recorded
Local Time: 2023-10-09 20:13:52 [INFO] NTP Time: [2023-10-09 21:13:52.405850]: Using the local timmer to pretend to be NTP time. Data recorded
Local Time: 2023-10-09 20:13:52 [INFO] NTP Time: [2023-10-09 21:13:52.527593]: Using the local timmer to pretend to be NTP time. Data recorded
Local Time: 2023-10-09 20:13:52 [INFO] NTP Time: [2023-10-09 21:13:52.643503]: Using the local timmer to pretend to be NTP time. Data recorded
Local Time: 2023-10-09 20:13:52 [INFO] NTP Time: [2023-10-09 21:13:52.760326]: Using the local timmer to pretend to be NTP time. Data recorded
Local Time: 2023-10-09 20:13:52 [INFO] NTP Time: [2023-10-09 21:13:52.875577]: Using the local timmer to pretend to be NTP time. Data recorded
Local Time: 2023-10-09 20:13:52 [INFO] NTP Time: [2023-10-09 21:13:52.991638]: Using the local timmer to pretend to be NTP time. Data recorded
Local Time: 2023-10-09 20:13:53 [INFO] NTP Time: [2023-10-09 21:13:53.106866]: Using the local timmer to pretend to be NTP time. Data recorded
Local Time: 2023-10-09 20:13:53 [INFO] NTP Time: [2023-10-09 21:13:53.223157]: Using the local timmer to pretend to be NTP time. Data recorded
Local Time: 2023-10-09 20:13:53 [INFO] NTP Time: [2023-10-09 21:13:53.339245]: Using the local timmer to pretend to be NTP time. Data recorded
Local Time: 2023-10-09 20:13:53 [INFO] NTP Time: [2023-10-09 21:13:53.456892]: Using the local timmer to pretend to be NTP time. Data recorded
Local Time: 2023-10-09 20:13:53 [INFO] NTP Time: [2023-10-09 21:13:53.571790]: Using the local timmer to pretend to be NTP time. Data recorded
Local Time: 2023-10-09 20:13:53 [INFO] NTP Time: [2023-10-09 21:13:53.686862]: Using the local timmer to pretend to be NTP time. Data recorded
Local Time: 2023-10-09 20:13:53 [INFO] NTP Time: [2023-10-09 21:13:53.803049]: Using the local timmer to pretend to be NTP time. Data recorded
Local Time: 2023-10-09 20:13:53 [INFO] NTP Time: [2023-10-09 21:13:53.918698]: Using the local timmer to pretend to be NTP time. Data recorded
Local Time: 2023-10-09 20:13:54 [INFO] NTP Time: [2023-10-09 21:13:54.034498]: Using the local timmer to pretend to be NTP time. Data recorded
Local Time: 2023-10-09 20:13:54 [INFO] NTP Time: [2023-10-09 21:13:54.149122]: Using the local timmer to pretend to be NTP time. Data recorded
Local Time: 2023-10-09 20:13:54 [INFO] NTP Time: [2023-10-09 21:13:54.264725]: Using the local timmer to pretend to be NTP time. Data recorded
Local Time: 2023-10-09 20:13:54 [INFO] NTP Time: [2023-10-09 21:13:54.380179]: Using the local timmer to pretend to be NTP time. Data recorded
Local Time: 2023-10-09 20:13:54 [INFO] NTP Time: [2023-10-09 21:13:54.495559]: Using the local timmer to pretend to be NTP time. Data recorded
Local Time: 2023-10-09 20:13:54 [INFO] NTP Time: [2023-10-09 21:13:54.610822]: Using the local timmer to pretend to be NTP time. Data recorded
Local Time: 2023-10-09 20:13:54 [INFO] NTP Time: [2023-10-09 21:13:54.727812]: Using the local timmer to pretend to be NTP time. Data recorded
Local Time: 2023-10-09 20:13:54 [INFO] NTP Time: [2023-10-09 21:13:54.843987]: Using the local timmer to pretend to be NTP time. Data recorded
Local Time: 2023-10-09 20:13:54 [INFO] NTP Time: [2023-10-09 21:13:54.856790]: End recording by a terminate action.
