Local Time: 2023-10-09 20:15:54 [INFO] NTP Time: [2023-10-09 21:15:54.048929]: Loaded configuration: {'participant': {'id': 'P001', 'age': '25', 'gender': 'M', 'ethnicity': 'Caucasian', 'height': '165', 'weight': '65'}, 'experiment': {'date': '2022-01-01', 'time': '14:00:00', 'condition': 'HW101M', 'group': 'A', 'illumination_level': 'low'}, 'task_info': {'task_name': 'Task1', 'trial_number': '5'}, 'notes': {'comments': 'Participant seemed tired during the session.'}, 'label_info': {'activity': 'sit'}}
Local Time: 2023-10-09 20:15:54 [INFO] NTP Time: [2023-10-09 21:15:54.049042]: Loaded mmwave configuration: {'setting1': 'value1', 'setting2': 'value2', 'Data storage location': 'AWR1843-Read-Data-Python-MMWAVE-SDK-3--master/data', 'mmwave_Datatype': 'dictionary'}
Local Time: 2023-10-09 20:15:55 [INFO] NTP Time: [2023-10-09 21:15:55.000834]: Using NTP time as the start timmer.
Local Time: 2023-10-09 20:15:55 [INFO] NTP Time: [2023-10-09 21:15:55.115349]: Using the local timmer to pretend to be NTP time. Data recorded
Local Time: 2023-10-09 20:15:55 [INFO] NTP Time: [2023-10-09 21:15:55.230874]: Using the local timmer to pretend to be NTP time. Data recorded
Local Time: 2023-10-09 20:15:55 [INFO] NTP Time: [2023-10-09 21:15:55.345369]: Using the local timmer to pretend to be NTP time. Data recorded
Local Time: 2023-10-09 20:15:55 [INFO] NTP Time: [2023-10-09 21:15:55.460723]: Using the local timmer to pretend to be NTP time. Data recorded
Local Time: 2023-10-09 20:15:55 [INFO] NTP Time: [2023-10-09 21:15:55.575128]: Using the local timmer to pretend to be NTP time. Data recorded
Local Time: 2023-10-09 20:15:55 [INFO] NTP Time: [2023-10-09 21:15:55.689662]: Using the local timmer to pretend to be NTP time. Data recorded
Local Time: 2023-10-09 20:15:55 [INFO] NTP Time: [2023-10-09 21:15:55.804434]: Using the local timmer to pretend to be NTP time. Data recorded
Local Time: 2023-10-09 20:15:55 [INFO] NTP Time: [2023-10-09 21:15:55.919235]: Using the local timmer to pretend to be NTP time. Data recorded
Local Time: 2023-10-09 20:15:56 [INFO] NTP Time: [2023-10-09 21:15:56.034297]: Using the local timmer to pretend to be NTP time. Data recorded
Local Time: 2023-10-09 20:15:56 [INFO] NTP Time: [2023-10-09 21:15:56.148237]: Using the local timmer to pretend to be NTP time. Data recorded
Local Time: 2023-10-09 20:15:56 [INFO] NTP Time: [2023-10-09 21:15:56.266769]: Using the local timmer to pretend to be NTP time. Data recorded
Local Time: 2023-10-09 20:15:56 [INFO] NTP Time: [2023-10-09 21:15:56.381439]: Using the local timmer to pretend to be NTP time. Data recorded
Local Time: 2023-10-09 20:15:56 [INFO] NTP Time: [2023-10-09 21:15:56.496368]: Using the local timmer to pretend to be NTP time. Data recorded
Local Time: 2023-10-09 20:15:56 [INFO] NTP Time: [2023-10-09 21:15:56.611930]: Using the local timmer to pretend to be NTP time. Data recorded
Local Time: 2023-10-09 20:15:56 [INFO] NTP Time: [2023-10-09 21:15:56.727631]: Using the local timmer to pretend to be NTP time. Data recorded
Local Time: 2023-10-09 20:15:56 [INFO] NTP Time: [2023-10-09 21:15:56.842695]: Using the local timmer to pretend to be NTP time. Data recorded
Local Time: 2023-10-09 20:15:56 [INFO] NTP Time: [2023-10-09 21:15:56.959417]: Using the local timmer to pretend to be NTP time. Data recorded
Local Time: 2023-10-09 20:15:57 [INFO] NTP Time: [2023-10-09 21:15:57.073958]: Using the local timmer to pretend to be NTP time. Data recorded
Local Time: 2023-10-09 20:15:57 [INFO] NTP Time: [2023-10-09 21:15:57.188839]: Using the local timmer to pretend to be NTP time. Data recorded
Local Time: 2023-10-09 20:15:57 [INFO] NTP Time: [2023-10-09 21:15:57.304271]: Using the local timmer to pretend to be NTP time. Data recorded
Local Time: 2023-10-09 20:15:57 [INFO] NTP Time: [2023-10-09 21:15:57.419135]: Using the local timmer to pretend to be NTP time. Data recorded
Local Time: 2023-10-09 20:15:57 [INFO] NTP Time: [2023-10-09 21:15:57.431527]: Using the local timmer to pretend to be NTP time. Data recorded
Local Time: 2023-10-09 20:15:57 [INFO] NTP Time: [2023-10-09 21:15:57.546403]: Using the local timmer to pretend to be NTP time. Data recorded
Local Time: 2023-10-09 20:15:57 [INFO] NTP Time: [2023-10-09 21:15:57.661813]: Using the local timmer to pretend to be NTP time. Data recorded
Local Time: 2023-10-09 20:15:57 [INFO] NTP Time: [2023-10-09 21:15:57.777514]: Using the local timmer to pretend to be NTP time. Data recorded
Local Time: 2023-10-09 20:15:57 [INFO] NTP Time: [2023-10-09 21:15:57.934752]: Using the local timmer to pretend to be NTP time. Data recorded
Local Time: 2023-10-09 20:15:58 [INFO] NTP Time: [2023-10-09 21:15:58.049491]: Using the local timmer to pretend to be NTP time. Data recorded
Local Time: 2023-10-09 20:15:58 [INFO] NTP Time: [2023-10-09 21:15:58.165454]: Using the local timmer to pretend to be NTP time. Data recorded
Local Time: 2023-10-09 20:15:58 [INFO] NTP Time: [2023-10-09 21:15:58.280019]: Using the local timmer to pretend to be NTP time. Data recorded
Local Time: 2023-10-09 20:15:58 [INFO] NTP Time: [2023-10-09 21:15:58.395831]: Using the local timmer to pretend to be NTP time. Data recorded
Local Time: 2023-10-09 20:15:58 [INFO] NTP Time: [2023-10-09 21:15:58.408731]: Using the local timmer to pretend to be NTP time. Data recorded
Local Time: 2023-10-09 20:15:58 [INFO] NTP Time: [2023-10-09 21:15:58.524923]: Using the local timmer to pretend to be NTP time. Data recorded
Local Time: 2023-10-09 20:15:58 [INFO] NTP Time: [2023-10-09 21:15:58.640675]: Using the local timmer to pretend to be NTP time. Data recorded
Local Time: 2023-10-09 20:15:58 [INFO] NTP Time: [2023-10-09 21:15:58.653061]: Using the local timmer to pretend to be NTP time. Data recorded
Local Time: 2023-10-09 20:15:58 [INFO] NTP Time: [2023-10-09 21:15:58.768188]: Using the local timmer to pretend to be NTP time. Data recorded
Local Time: 2023-10-09 20:15:58 [INFO] NTP Time: [2023-10-09 21:15:58.883580]: Using the local timmer to pretend to be NTP time. Data recorded
Local Time: 2023-10-09 20:15:59 [INFO] NTP Time: [2023-10-09 21:15:59.036201]: Using the local timmer to pretend to be NTP time. Data recorded
Local Time: 2023-10-09 20:15:59 [INFO] NTP Time: [2023-10-09 21:15:59.175252]: Using the local timmer to pretend to be NTP time. Data recorded
Local Time: 2023-10-09 20:15:59 [INFO] NTP Time: [2023-10-09 21:15:59.292168]: Using the local timmer to pretend to be NTP time. Data recorded
Local Time: 2023-10-09 20:15:59 [INFO] NTP Time: [2023-10-09 21:15:59.409322]: Using the local timmer to pretend to be NTP time. Data recorded
Local Time: 2023-10-09 20:15:59 [INFO] NTP Time: [2023-10-09 21:15:59.525304]: Using the local timmer to pretend to be NTP time. Data recorded
Local Time: 2023-10-09 20:15:59 [INFO] NTP Time: [2023-10-09 21:15:59.641038]: Using the local timmer to pretend to be NTP time. Data recorded
Local Time: 2023-10-09 20:15:59 [INFO] NTP Time: [2023-10-09 21:15:59.757444]: Using the local timmer to pretend to be NTP time. Data recorded
Local Time: 2023-10-09 20:15:59 [INFO] NTP Time: [2023-10-09 21:15:59.875295]: Using the local timmer to pretend to be NTP time. Data recorded
Local Time: 2023-10-09 20:16:00 [INFO] NTP Time: [2023-10-09 21:16:00.041435]: Using the local timmer to pretend to be NTP time. Data recorded
Local Time: 2023-10-09 20:16:00 [INFO] NTP Time: [2023-10-09 21:16:00.166510]: Using the local timmer to pretend to be NTP time. Data recorded
Local Time: 2023-10-09 20:16:00 [INFO] NTP Time: [2023-10-09 21:16:00.511320]: Using the local timmer to pretend to be NTP time. Data recorded
Local Time: 2023-10-09 20:16:00 [INFO] NTP Time: [2023-10-09 21:16:00.632809]: Using the local timmer to pretend to be NTP time. Data recorded
Local Time: 2023-10-09 20:16:00 [INFO] NTP Time: [2023-10-09 21:16:00.645651]: Using the local timmer to pretend to be NTP time. Data recorded
Local Time: 2023-10-09 20:16:00 [INFO] NTP Time: [2023-10-09 21:16:00.658435]: Using the local timmer to pretend to be NTP time. Data recorded
Local Time: 2023-10-09 20:16:00 [INFO] NTP Time: [2023-10-09 21:16:00.671744]: Using the local timmer to pretend to be NTP time. Data recorded
Local Time: 2023-10-09 20:16:00 [INFO] NTP Time: [2023-10-09 21:16:00.788277]: Using the local timmer to pretend to be NTP time. Data recorded
Local Time: 2023-10-09 20:16:00 [INFO] NTP Time: [2023-10-09 21:16:00.906236]: Using the local timmer to pretend to be NTP time. Data recorded
Local Time: 2023-10-09 20:16:01 [INFO] NTP Time: [2023-10-09 21:16:01.023892]: Using the local timmer to pretend to be NTP time. Data recorded
Local Time: 2023-10-09 20:16:01 [INFO] NTP Time: [2023-10-09 21:16:01.199342]: Using the local timmer to pretend to be NTP time. Data recorded
Local Time: 2023-10-09 20:16:01 [INFO] NTP Time: [2023-10-09 21:16:01.218200]: Using the local timmer to pretend to be NTP time. Data recorded
Local Time: 2023-10-09 20:16:01 [INFO] NTP Time: [2023-10-09 21:16:01.238855]: Using the local timmer to pretend to be NTP time. Data recorded
Local Time: 2023-10-09 20:16:01 [INFO] NTP Time: [2023-10-09 21:16:01.255954]: Using the local timmer to pretend to be NTP time. Data recorded
Local Time: 2023-10-09 20:16:01 [INFO] NTP Time: [2023-10-09 21:16:01.273230]: Using the local timmer to pretend to be NTP time. Data recorded
Local Time: 2023-10-09 20:16:01 [INFO] NTP Time: [2023-10-09 21:16:01.402287]: Using the local timmer to pretend to be NTP time. Data recorded
Local Time: 2023-10-09 20:16:01 [INFO] NTP Time: [2023-10-09 21:16:01.518832]: Using the local timmer to pretend to be NTP time. Data recorded
Local Time: 2023-10-09 20:16:01 [INFO] NTP Time: [2023-10-09 21:16:01.635959]: Using the local timmer to pretend to be NTP time. Data recorded
Local Time: 2023-10-09 20:16:01 [INFO] NTP Time: [2023-10-09 21:16:01.767084]: Using the local timmer to pretend to be NTP time. Data recorded
Local Time: 2023-10-09 20:16:01 [INFO] NTP Time: [2023-10-09 21:16:01.898541]: Using the local timmer to pretend to be NTP time. Data recorded
Local Time: 2023-10-09 20:16:02 [INFO] NTP Time: [2023-10-09 21:16:02.015787]: Using the local timmer to pretend to be NTP time. Data recorded
Local Time: 2023-10-09 20:16:02 [INFO] NTP Time: [2023-10-09 21:16:02.133281]: Using the local timmer to pretend to be NTP time. Data recorded
Local Time: 2023-10-09 20:16:02 [INFO] NTP Time: [2023-10-09 21:16:02.252242]: Using the local timmer to pretend to be NTP time. Data recorded
Local Time: 2023-10-09 20:16:02 [INFO] NTP Time: [2023-10-09 21:16:02.370455]: Using the local timmer to pretend to be NTP time. Data recorded
Local Time: 2023-10-09 20:16:02 [INFO] NTP Time: [2023-10-09 21:16:02.492055]: Using the local timmer to pretend to be NTP time. Data recorded
Local Time: 2023-10-09 20:16:02 [INFO] NTP Time: [2023-10-09 21:16:02.506446]: End recording by a terminate action.
