Local Time: 2023-10-09 22:03:40 [INFO] NTP Time: [2023-10-09 23:03:40.718097]: Loaded configuration: {'participant': {'id': 'P001', 'age': '25', 'gender': 'M', 'ethnicity': 'Caucasian', 'height': '165', 'weight': '65'}, 'experiment': {'date': '2022-01-01', 'time': '14:00:00', 'condition': 'HW101M', 'group': 'A', 'illumination_level': 'low'}, 'task_info': {'task_name': 'Task1', 'trial_number': '5'}, 'notes': {'comments': 'Participant seemed tired during the session.'}, 'label_info': {'activity': 'sit'}}
Local Time: 2023-10-09 22:03:40 [INFO] NTP Time: [2023-10-09 23:03:40.718196]: Loaded mmwave configuration: {'setting1': 'value1', 'setting2': 'value2', 'Data storage location': 'AWR1843-Read-Data-Python-MMWAVE-SDK-3--master/data', 'mmwave_Datatype': 'dictionary'}
Local Time: 2023-10-09 22:03:41 [INFO] NTP Time: [2023-10-09 23:03:41.737249]: Using NTP time as the start timmer.
Local Time: 2023-10-09 22:03:41 [INFO] NTP Time: [2023-10-09 23:03:41.844572]: Using the local timmer to pretend to be NTP time. Data recorded
Local Time: 2023-10-09 22:03:41 [INFO] NTP Time: [2023-10-09 23:03:41.950758]: Using the local timmer to pretend to be NTP time. Data recorded
Local Time: 2023-10-09 22:03:42 [INFO] NTP Time: [2023-10-09 23:03:42.061917]: Using the local timmer to pretend to be NTP time. Data recorded
Local Time: 2023-10-09 22:03:42 [INFO] NTP Time: [2023-10-09 23:03:42.168540]: Using the local timmer to pretend to be NTP time. Data recorded
Local Time: 2023-10-09 22:03:42 [INFO] NTP Time: [2023-10-09 23:03:42.284061]: Using the local timmer to pretend to be NTP time. Data recorded
Local Time: 2023-10-09 22:03:42 [INFO] NTP Time: [2023-10-09 23:03:42.393289]: Using the local timmer to pretend to be NTP time. Data recorded
Local Time: 2023-10-09 22:03:42 [INFO] NTP Time: [2023-10-09 23:03:42.502358]: Using the local timmer to pretend to be NTP time. Data recorded
Local Time: 2023-10-09 22:03:42 [INFO] NTP Time: [2023-10-09 23:03:42.608988]: Using the local timmer to pretend to be NTP time. Data recorded
Local Time: 2023-10-09 22:03:42 [INFO] NTP Time: [2023-10-09 23:03:42.716306]: Using the local timmer to pretend to be NTP time. Data recorded
Local Time: 2023-10-09 22:03:42 [INFO] NTP Time: [2023-10-09 23:03:42.827024]: Using the local timmer to pretend to be NTP time. Data recorded
Local Time: 2023-10-09 22:03:42 [INFO] NTP Time: [2023-10-09 23:03:42.935391]: Using the local timmer to pretend to be NTP time. Data recorded
Local Time: 2023-10-09 22:03:43 [INFO] NTP Time: [2023-10-09 23:03:43.042104]: Using the local timmer to pretend to be NTP time. Data recorded
Local Time: 2023-10-09 22:03:43 [INFO] NTP Time: [2023-10-09 23:03:43.148205]: Using the local timmer to pretend to be NTP time. Data recorded
Local Time: 2023-10-09 22:03:43 [INFO] NTP Time: [2023-10-09 23:03:43.259587]: Using the local timmer to pretend to be NTP time. Data recorded
Local Time: 2023-10-09 22:03:43 [INFO] NTP Time: [2023-10-09 23:03:43.367589]: Using the local timmer to pretend to be NTP time. Data recorded
Local Time: 2023-10-09 22:03:43 [INFO] NTP Time: [2023-10-09 23:03:43.474489]: Using the local timmer to pretend to be NTP time. Data recorded
Local Time: 2023-10-09 22:03:43 [INFO] NTP Time: [2023-10-09 23:03:43.609924]: Using the local timmer to pretend to be NTP time. Data recorded
Local Time: 2023-10-09 22:03:43 [INFO] NTP Time: [2023-10-09 23:03:43.718324]: Using the local timmer to pretend to be NTP time. Data recorded
Local Time: 2023-10-09 22:03:43 [INFO] NTP Time: [2023-10-09 23:03:43.829750]: Using the local timmer to pretend to be NTP time. Data recorded
Local Time: 2023-10-09 22:03:43 [INFO] NTP Time: [2023-10-09 23:03:43.937158]: Using the local timmer to pretend to be NTP time. Data recorded
Local Time: 2023-10-09 22:03:44 [INFO] NTP Time: [2023-10-09 23:03:44.043601]: Using the local timmer to pretend to be NTP time. Data recorded
Local Time: 2023-10-09 22:03:44 [INFO] NTP Time: [2023-10-09 23:03:44.151054]: Using the local timmer to pretend to be NTP time. Data recorded
Local Time: 2023-10-09 22:03:44 [INFO] NTP Time: [2023-10-09 23:03:44.259594]: Using the local timmer to pretend to be NTP time. Data recorded
Local Time: 2023-10-09 22:03:44 [INFO] NTP Time: [2023-10-09 23:03:44.367606]: Using the local timmer to pretend to be NTP time. Data recorded
Local Time: 2023-10-09 22:03:44 [INFO] NTP Time: [2023-10-09 23:03:44.473660]: Using the local timmer to pretend to be NTP time. Data recorded
Local Time: 2023-10-09 22:03:44 [INFO] NTP Time: [2023-10-09 23:03:44.581459]: Using the local timmer to pretend to be NTP time. Data recorded
Local Time: 2023-10-09 22:03:44 [INFO] NTP Time: [2023-10-09 23:03:44.693377]: Using the local timmer to pretend to be NTP time. Data recorded
Local Time: 2023-10-09 22:03:44 [INFO] NTP Time: [2023-10-09 23:03:44.801781]: Using the local timmer to pretend to be NTP time. Data recorded
Local Time: 2023-10-09 22:03:44 [INFO] NTP Time: [2023-10-09 23:03:44.909960]: Using the local timmer to pretend to be NTP time. Data recorded
Local Time: 2023-10-09 22:03:45 [INFO] NTP Time: [2023-10-09 23:03:45.023421]: Using the local timmer to pretend to be NTP time. Data recorded
Local Time: 2023-10-09 22:03:45 [INFO] NTP Time: [2023-10-09 23:03:45.140917]: Using the local timmer to pretend to be NTP time. Data recorded
Local Time: 2023-10-09 22:03:45 [INFO] NTP Time: [2023-10-09 23:03:45.249105]: Using the local timmer to pretend to be NTP time. Data recorded
Local Time: 2023-10-09 22:03:45 [INFO] NTP Time: [2023-10-09 23:03:45.360819]: Using the local timmer to pretend to be NTP time. Data recorded
Local Time: 2023-10-09 22:03:45 [INFO] NTP Time: [2023-10-09 23:03:45.468848]: Using the local timmer to pretend to be NTP time. Data recorded
Local Time: 2023-10-09 22:03:45 [INFO] NTP Time: [2023-10-09 23:03:45.576086]: Using the local timmer to pretend to be NTP time. Data recorded
Local Time: 2023-10-09 22:03:45 [INFO] NTP Time: [2023-10-09 23:03:45.683122]: Using the local timmer to pretend to be NTP time. Data recorded
Local Time: 2023-10-09 22:03:45 [INFO] NTP Time: [2023-10-09 23:03:45.805668]: Using the local timmer to pretend to be NTP time. Data recorded
Local Time: 2023-10-09 22:03:45 [INFO] NTP Time: [2023-10-09 23:03:45.917806]: Using the local timmer to pretend to be NTP time. Data recorded
Local Time: 2023-10-09 22:03:46 [INFO] NTP Time: [2023-10-09 23:03:46.037146]: Using the local timmer to pretend to be NTP time. Data recorded
Local Time: 2023-10-09 22:03:46 [INFO] NTP Time: [2023-10-09 23:03:46.153045]: Using the local timmer to pretend to be NTP time. Data recorded
Local Time: 2023-10-09 22:03:46 [INFO] NTP Time: [2023-10-09 23:03:46.273040]: Using the local timmer to pretend to be NTP time. Data recorded
Local Time: 2023-10-09 22:03:46 [INFO] NTP Time: [2023-10-09 23:03:46.384222]: Using the local timmer to pretend to be NTP time. Data recorded
Local Time: 2023-10-09 22:03:46 [INFO] NTP Time: [2023-10-09 23:03:46.499729]: Using the local timmer to pretend to be NTP time. Data recorded
Local Time: 2023-10-09 22:03:46 [INFO] NTP Time: [2023-10-09 23:03:46.609871]: Using the local timmer to pretend to be NTP time. Data recorded
Local Time: 2023-10-09 22:03:46 [INFO] NTP Time: [2023-10-09 23:03:46.718759]: Using the local timmer to pretend to be NTP time. Data recorded
Local Time: 2023-10-09 22:03:46 [INFO] NTP Time: [2023-10-09 23:03:46.832889]: Using the local timmer to pretend to be NTP time. Data recorded
Local Time: 2023-10-09 22:03:46 [INFO] NTP Time: [2023-10-09 23:03:46.941388]: Using the local timmer to pretend to be NTP time. Data recorded
Local Time: 2023-10-09 22:03:47 [INFO] NTP Time: [2023-10-09 23:03:47.049937]: Using the local timmer to pretend to be NTP time. Data recorded
Local Time: 2023-10-09 22:03:47 [INFO] NTP Time: [2023-10-09 23:03:47.162479]: Using the local timmer to pretend to be NTP time. Data recorded
Local Time: 2023-10-09 22:03:47 [INFO] NTP Time: [2023-10-09 23:03:47.271690]: Using the local timmer to pretend to be NTP time. Data recorded
Local Time: 2023-10-09 22:03:47 [INFO] NTP Time: [2023-10-09 23:03:47.379983]: Using the local timmer to pretend to be NTP time. Data recorded
Local Time: 2023-10-09 22:03:47 [INFO] NTP Time: [2023-10-09 23:03:47.488667]: Using the local timmer to pretend to be NTP time. Data recorded
Local Time: 2023-10-09 22:03:47 [INFO] NTP Time: [2023-10-09 23:03:47.686672]: Using the local timmer to pretend to be NTP time. Data recorded
Local Time: 2023-10-09 22:03:47 [INFO] NTP Time: [2023-10-09 23:03:47.798321]: Using the local timmer to pretend to be NTP time. Data recorded
Local Time: 2023-10-09 22:03:47 [INFO] NTP Time: [2023-10-09 23:03:47.907771]: Using the local timmer to pretend to be NTP time. Data recorded
Local Time: 2023-10-09 22:03:48 [INFO] NTP Time: [2023-10-09 23:03:48.016179]: Using the local timmer to pretend to be NTP time. Data recorded
Local Time: 2023-10-09 22:03:48 [INFO] NTP Time: [2023-10-09 23:03:48.126114]: Using the local timmer to pretend to be NTP time. Data recorded
Local Time: 2023-10-09 22:03:48 [INFO] NTP Time: [2023-10-09 23:03:48.237295]: Using the local timmer to pretend to be NTP time. Data recorded
Local Time: 2023-10-09 22:03:48 [INFO] NTP Time: [2023-10-09 23:03:48.345367]: Using the local timmer to pretend to be NTP time. Data recorded
Local Time: 2023-10-09 22:03:48 [INFO] NTP Time: [2023-10-09 23:03:48.456639]: Using the local timmer to pretend to be NTP time. Data recorded
Local Time: 2023-10-09 22:03:48 [INFO] NTP Time: [2023-10-09 23:03:48.569392]: Using the local timmer to pretend to be NTP time. Data recorded
Local Time: 2023-10-09 22:03:48 [INFO] NTP Time: [2023-10-09 23:03:48.679838]: Using the local timmer to pretend to be NTP time. Data recorded
Local Time: 2023-10-09 22:03:48 [INFO] NTP Time: [2023-10-09 23:03:48.804155]: Using the local timmer to pretend to be NTP time. Data recorded
Local Time: 2023-10-09 22:03:48 [INFO] NTP Time: [2023-10-09 23:03:48.915612]: Using the local timmer to pretend to be NTP time. Data recorded
Local Time: 2023-10-09 22:03:49 [INFO] NTP Time: [2023-10-09 23:03:49.030974]: Using the local timmer to pretend to be NTP time. Data recorded
Local Time: 2023-10-09 22:03:49 [INFO] NTP Time: [2023-10-09 23:03:49.152822]: Using the local timmer to pretend to be NTP time. Data recorded
Local Time: 2023-10-09 22:03:49 [INFO] NTP Time: [2023-10-09 23:03:49.268234]: Using the local timmer to pretend to be NTP time. Data recorded
Local Time: 2023-10-09 22:03:49 [INFO] NTP Time: [2023-10-09 23:03:49.381054]: Using the local timmer to pretend to be NTP time. Data recorded
Local Time: 2023-10-09 22:03:49 [INFO] NTP Time: [2023-10-09 23:03:49.494797]: Using the local timmer to pretend to be NTP time. Data recorded
Local Time: 2023-10-09 22:03:49 [INFO] NTP Time: [2023-10-09 23:03:49.606070]: Using the local timmer to pretend to be NTP time. Data recorded
Local Time: 2023-10-09 22:03:49 [INFO] NTP Time: [2023-10-09 23:03:49.715996]: Using the local timmer to pretend to be NTP time. Data recorded
Local Time: 2023-10-09 22:03:49 [INFO] NTP Time: [2023-10-09 23:03:49.824704]: Using the local timmer to pretend to be NTP time. Data recorded
Local Time: 2023-10-09 22:03:49 [INFO] NTP Time: [2023-10-09 23:03:49.938139]: Using the local timmer to pretend to be NTP time. Data recorded
Local Time: 2023-10-09 22:03:50 [INFO] NTP Time: [2023-10-09 23:03:50.049441]: Using the local timmer to pretend to be NTP time. Data recorded
Local Time: 2023-10-09 22:03:50 [INFO] NTP Time: [2023-10-09 23:03:50.163310]: Using the local timmer to pretend to be NTP time. Data recorded
Local Time: 2023-10-09 22:03:50 [INFO] NTP Time: [2023-10-09 23:03:50.273112]: Using the local timmer to pretend to be NTP time. Data recorded
Local Time: 2023-10-09 22:03:50 [INFO] NTP Time: [2023-10-09 23:03:50.383837]: Using the local timmer to pretend to be NTP time. Data recorded
Local Time: 2023-10-09 22:03:50 [INFO] NTP Time: [2023-10-09 23:03:50.500349]: Using the local timmer to pretend to be NTP time. Data recorded
Local Time: 2023-10-09 22:03:50 [INFO] NTP Time: [2023-10-09 23:03:50.612231]: Using the local timmer to pretend to be NTP time. Data recorded
Local Time: 2023-10-09 22:03:50 [INFO] NTP Time: [2023-10-09 23:03:50.729452]: Using the local timmer to pretend to be NTP time. Data recorded
Local Time: 2023-10-09 22:03:50 [INFO] NTP Time: [2023-10-09 23:03:50.842815]: Using the local timmer to pretend to be NTP time. Data recorded
Local Time: 2023-10-09 22:03:50 [INFO] NTP Time: [2023-10-09 23:03:50.980448]: Using the local timmer to pretend to be NTP time. Data recorded
Local Time: 2023-10-09 22:03:51 [INFO] NTP Time: [2023-10-09 23:03:51.095457]: Using the local timmer to pretend to be NTP time. Data recorded
Local Time: 2023-10-09 22:03:51 [INFO] NTP Time: [2023-10-09 23:03:51.218667]: Using the local timmer to pretend to be NTP time. Data recorded
Local Time: 2023-10-09 22:03:51 [INFO] NTP Time: [2023-10-09 23:03:51.339939]: Using the local timmer to pretend to be NTP time. Data recorded
Local Time: 2023-10-09 22:03:51 [INFO] NTP Time: [2023-10-09 23:03:51.450928]: Using the local timmer to pretend to be NTP time. Data recorded
Local Time: 2023-10-09 22:03:51 [INFO] NTP Time: [2023-10-09 23:03:51.565060]: Using the local timmer to pretend to be NTP time. Data recorded
Local Time: 2023-10-09 22:03:51 [INFO] NTP Time: [2023-10-09 23:03:51.676600]: Using the local timmer to pretend to be NTP time. Data recorded
Local Time: 2023-10-09 22:03:51 [INFO] NTP Time: [2023-10-09 23:03:51.786248]: Using the local timmer to pretend to be NTP time. Data recorded
Local Time: 2023-10-09 22:03:51 [INFO] NTP Time: [2023-10-09 23:03:51.900842]: Using the local timmer to pretend to be NTP time. Data recorded
Local Time: 2023-10-09 22:03:52 [INFO] NTP Time: [2023-10-09 23:03:52.013037]: Using the local timmer to pretend to be NTP time. Data recorded
Local Time: 2023-10-09 22:03:52 [INFO] NTP Time: [2023-10-09 23:03:52.126358]: Using the local timmer to pretend to be NTP time. Data recorded
Local Time: 2023-10-09 22:03:52 [INFO] NTP Time: [2023-10-09 23:03:52.243098]: Using the local timmer to pretend to be NTP time. Data recorded
Local Time: 2023-10-09 22:03:52 [INFO] NTP Time: [2023-10-09 23:03:52.355440]: Using the local timmer to pretend to be NTP time. Data recorded
Local Time: 2023-10-09 22:03:52 [INFO] NTP Time: [2023-10-09 23:03:52.471170]: Using the local timmer to pretend to be NTP time. Data recorded
Local Time: 2023-10-09 22:03:52 [INFO] NTP Time: [2023-10-09 23:03:52.582229]: Using the local timmer to pretend to be NTP time. Data recorded
Local Time: 2023-10-09 22:03:52 [INFO] NTP Time: [2023-10-09 23:03:52.690676]: Using the local timmer to pretend to be NTP time. Data recorded
Local Time: 2023-10-09 22:03:52 [INFO] NTP Time: [2023-10-09 23:03:52.808554]: Using the local timmer to pretend to be NTP time. Data recorded
Local Time: 2023-10-09 22:03:52 [INFO] NTP Time: [2023-10-09 23:03:52.918670]: Using the local timmer to pretend to be NTP time. Data recorded
Local Time: 2023-10-09 22:03:53 [INFO] NTP Time: [2023-10-09 23:03:53.031362]: Using the local timmer to pretend to be NTP time. Data recorded
Local Time: 2023-10-09 22:03:53 [INFO] NTP Time: [2023-10-09 23:03:53.143917]: Using the local timmer to pretend to be NTP time. Data recorded
Local Time: 2023-10-09 22:03:53 [INFO] NTP Time: [2023-10-09 23:03:53.259526]: Using the local timmer to pretend to be NTP time. Data recorded
Local Time: 2023-10-09 22:03:53 [INFO] NTP Time: [2023-10-09 23:03:53.377142]: Using the local timmer to pretend to be NTP time. Data recorded
Local Time: 2023-10-09 22:03:53 [INFO] NTP Time: [2023-10-09 23:03:53.486102]: Using the local timmer to pretend to be NTP time. Data recorded
Local Time: 2023-10-09 22:03:53 [INFO] NTP Time: [2023-10-09 23:03:53.601081]: Using the local timmer to pretend to be NTP time. Data recorded
Local Time: 2023-10-09 22:03:53 [INFO] NTP Time: [2023-10-09 23:03:53.711686]: Using the local timmer to pretend to be NTP time. Data recorded
Local Time: 2023-10-09 22:03:53 [INFO] NTP Time: [2023-10-09 23:03:53.822680]: Using the local timmer to pretend to be NTP time. Data recorded
Local Time: 2023-10-09 22:03:53 [INFO] NTP Time: [2023-10-09 23:03:53.937049]: Using the local timmer to pretend to be NTP time. Data recorded
Local Time: 2023-10-09 22:03:54 [INFO] NTP Time: [2023-10-09 23:03:54.049043]: Using the local timmer to pretend to be NTP time. Data recorded
Local Time: 2023-10-09 22:03:54 [INFO] NTP Time: [2023-10-09 23:03:54.159812]: Using the local timmer to pretend to be NTP time. Data recorded
Local Time: 2023-10-09 22:03:54 [INFO] NTP Time: [2023-10-09 23:03:54.281781]: Using the local timmer to pretend to be NTP time. Data recorded
Local Time: 2023-10-09 22:03:54 [INFO] NTP Time: [2023-10-09 23:03:54.403663]: Using the local timmer to pretend to be NTP time. Data recorded
Local Time: 2023-10-09 22:03:54 [INFO] NTP Time: [2023-10-09 23:03:54.522552]: Using the local timmer to pretend to be NTP time. Data recorded
Local Time: 2023-10-09 22:03:54 [INFO] NTP Time: [2023-10-09 23:03:54.637472]: Using the local timmer to pretend to be NTP time. Data recorded
Local Time: 2023-10-09 22:03:54 [INFO] NTP Time: [2023-10-09 23:03:54.748089]: Using the local timmer to pretend to be NTP time. Data recorded
Local Time: 2023-10-09 22:03:54 [INFO] NTP Time: [2023-10-09 23:03:54.864086]: Using the local timmer to pretend to be NTP time. Data recorded
Local Time: 2023-10-09 22:03:55 [INFO] NTP Time: [2023-10-09 23:03:55.021710]: Using the local timmer to pretend to be NTP time. Data recorded
Local Time: 2023-10-09 22:03:55 [INFO] NTP Time: [2023-10-09 23:03:55.215754]: Using the local timmer to pretend to be NTP time. Data recorded
Local Time: 2023-10-09 22:03:55 [INFO] NTP Time: [2023-10-09 23:03:55.372606]: Using the local timmer to pretend to be NTP time. Data recorded
Local Time: 2023-10-09 22:03:55 [INFO] NTP Time: [2023-10-09 23:03:55.486780]: Using the local timmer to pretend to be NTP time. Data recorded
Local Time: 2023-10-09 22:03:55 [INFO] NTP Time: [2023-10-09 23:03:55.606842]: Using the local timmer to pretend to be NTP time. Data recorded
Local Time: 2023-10-09 22:03:55 [INFO] NTP Time: [2023-10-09 23:03:55.721243]: Using the local timmer to pretend to be NTP time. Data recorded
Local Time: 2023-10-09 22:03:55 [INFO] NTP Time: [2023-10-09 23:03:55.840497]: Using the local timmer to pretend to be NTP time. Data recorded
Local Time: 2023-10-09 22:03:55 [INFO] NTP Time: [2023-10-09 23:03:55.955785]: Using the local timmer to pretend to be NTP time. Data recorded
Local Time: 2023-10-09 22:03:56 [INFO] NTP Time: [2023-10-09 23:03:56.077713]: Using the local timmer to pretend to be NTP time. Data recorded
Local Time: 2023-10-09 22:03:56 [INFO] NTP Time: [2023-10-09 23:03:56.199264]: Using the local timmer to pretend to be NTP time. Data recorded
Local Time: 2023-10-09 22:03:56 [INFO] NTP Time: [2023-10-09 23:03:56.318770]: Using the local timmer to pretend to be NTP time. Data recorded
Local Time: 2023-10-09 22:03:56 [INFO] NTP Time: [2023-10-09 23:03:56.438283]: Using the local timmer to pretend to be NTP time. Data recorded
Local Time: 2023-10-09 22:03:56 [INFO] NTP Time: [2023-10-09 23:03:56.550470]: Using the local timmer to pretend to be NTP time. Data recorded
Local Time: 2023-10-09 22:03:56 [INFO] NTP Time: [2023-10-09 23:03:56.667061]: Using the local timmer to pretend to be NTP time. Data recorded
Local Time: 2023-10-09 22:03:56 [INFO] NTP Time: [2023-10-09 23:03:56.780529]: Using the local timmer to pretend to be NTP time. Data recorded
Local Time: 2023-10-09 22:03:56 [INFO] NTP Time: [2023-10-09 23:03:56.896483]: Using the local timmer to pretend to be NTP time. Data recorded
Local Time: 2023-10-09 22:03:57 [INFO] NTP Time: [2023-10-09 23:03:57.013460]: Using the local timmer to pretend to be NTP time. Data recorded
Local Time: 2023-10-09 22:03:57 [INFO] NTP Time: [2023-10-09 23:03:57.124263]: Using the local timmer to pretend to be NTP time. Data recorded
Local Time: 2023-10-09 22:03:57 [INFO] NTP Time: [2023-10-09 23:03:57.244618]: Using the local timmer to pretend to be NTP time. Data recorded
Local Time: 2023-10-09 22:03:57 [INFO] NTP Time: [2023-10-09 23:03:57.357739]: Using the local timmer to pretend to be NTP time. Data recorded
Local Time: 2023-10-09 22:03:57 [INFO] NTP Time: [2023-10-09 23:03:57.476786]: Using the local timmer to pretend to be NTP time. Data recorded
Local Time: 2023-10-09 22:03:57 [INFO] NTP Time: [2023-10-09 23:03:57.589156]: Using the local timmer to pretend to be NTP time. Data recorded
Local Time: 2023-10-09 22:03:57 [INFO] NTP Time: [2023-10-09 23:03:57.716149]: Using the local timmer to pretend to be NTP time. Data recorded
Local Time: 2023-10-09 22:03:57 [INFO] NTP Time: [2023-10-09 23:03:57.851902]: Using the local timmer to pretend to be NTP time. Data recorded
Local Time: 2023-10-09 22:03:57 [INFO] NTP Time: [2023-10-09 23:03:57.965359]: Using the local timmer to pretend to be NTP time. Data recorded
Local Time: 2023-10-09 22:03:58 [INFO] NTP Time: [2023-10-09 23:03:58.083777]: Using the local timmer to pretend to be NTP time. Data recorded
Local Time: 2023-10-09 22:03:58 [INFO] NTP Time: [2023-10-09 23:03:58.196404]: Using the local timmer to pretend to be NTP time. Data recorded
Local Time: 2023-10-09 22:03:58 [INFO] NTP Time: [2023-10-09 23:03:58.313939]: Using the local timmer to pretend to be NTP time. Data recorded
Local Time: 2023-10-09 22:03:58 [INFO] NTP Time: [2023-10-09 23:03:58.424514]: Using the local timmer to pretend to be NTP time. Data recorded
Local Time: 2023-10-09 22:03:58 [INFO] NTP Time: [2023-10-09 23:03:58.543225]: Using the local timmer to pretend to be NTP time. Data recorded
Local Time: 2023-10-09 22:03:58 [INFO] NTP Time: [2023-10-09 23:03:58.656278]: Using the local timmer to pretend to be NTP time. Data recorded
Local Time: 2023-10-09 22:03:58 [INFO] NTP Time: [2023-10-09 23:03:58.769013]: Using the local timmer to pretend to be NTP time. Data recorded
Local Time: 2023-10-09 22:03:58 [INFO] NTP Time: [2023-10-09 23:03:58.884697]: Using the local timmer to pretend to be NTP time. Data recorded
Local Time: 2023-10-09 22:03:58 [INFO] NTP Time: [2023-10-09 23:03:58.997961]: Using the local timmer to pretend to be NTP time. Data recorded
Local Time: 2023-10-09 22:03:59 [INFO] NTP Time: [2023-10-09 23:03:59.119751]: Using the local timmer to pretend to be NTP time. Data recorded
Local Time: 2023-10-09 22:03:59 [INFO] NTP Time: [2023-10-09 23:03:59.251768]: Using the local timmer to pretend to be NTP time. Data recorded
Local Time: 2023-10-09 22:03:59 [INFO] NTP Time: [2023-10-09 23:03:59.875502]: Using the local timmer to pretend to be NTP time. Data recorded
Local Time: 2023-10-09 22:03:59 [INFO] NTP Time: [2023-10-09 23:03:59.990692]: Using the local timmer to pretend to be NTP time. Data recorded
Local Time: 2023-10-09 22:04:00 [INFO] NTP Time: [2023-10-09 23:04:00.112098]: Using the local timmer to pretend to be NTP time. Data recorded
Local Time: 2023-10-09 22:04:00 [INFO] NTP Time: [2023-10-09 23:04:00.222580]: Using the local timmer to pretend to be NTP time. Data recorded
Local Time: 2023-10-09 22:04:00 [INFO] NTP Time: [2023-10-09 23:04:00.344061]: Using the local timmer to pretend to be NTP time. Data recorded
Local Time: 2023-10-09 22:04:00 [INFO] NTP Time: [2023-10-09 23:04:00.455095]: Using the local timmer to pretend to be NTP time. Data recorded
Local Time: 2023-10-09 22:04:00 [INFO] NTP Time: [2023-10-09 23:04:00.575013]: Using the local timmer to pretend to be NTP time. Data recorded
Local Time: 2023-10-09 22:04:00 [INFO] NTP Time: [2023-10-09 23:04:00.721311]: Using the local timmer to pretend to be NTP time. Data recorded
Local Time: 2023-10-09 22:04:00 [INFO] NTP Time: [2023-10-09 23:04:00.861267]: Using the local timmer to pretend to be NTP time. Data recorded
Local Time: 2023-10-09 22:04:00 [INFO] NTP Time: [2023-10-09 23:04:00.986477]: Using the local timmer to pretend to be NTP time. Data recorded
Local Time: 2023-10-09 22:04:01 [INFO] NTP Time: [2023-10-09 23:04:01.103476]: Using the local timmer to pretend to be NTP time. Data recorded
Local Time: 2023-10-09 22:04:01 [INFO] NTP Time: [2023-10-09 23:04:01.220860]: Using the local timmer to pretend to be NTP time. Data recorded
Local Time: 2023-10-09 22:04:01 [INFO] NTP Time: [2023-10-09 23:04:01.848094]: Using the local timmer to pretend to be NTP time. Data recorded
Local Time: 2023-10-09 22:04:02 [INFO] NTP Time: [2023-10-09 23:04:02.228953]: Using the local timmer to pretend to be NTP time. Data recorded
Local Time: 2023-10-09 22:04:02 [INFO] NTP Time: [2023-10-09 23:04:02.384879]: Using the local timmer to pretend to be NTP time. Data recorded
Local Time: 2023-10-09 22:04:02 [INFO] NTP Time: [2023-10-09 23:04:02.513205]: Using the local timmer to pretend to be NTP time. Data recorded
Local Time: 2023-10-09 22:04:02 [INFO] NTP Time: [2023-10-09 23:04:02.627623]: Using the local timmer to pretend to be NTP time. Data recorded
Local Time: 2023-10-09 22:04:02 [INFO] NTP Time: [2023-10-09 23:04:02.753127]: Using the local timmer to pretend to be NTP time. Data recorded
Local Time: 2023-10-09 22:04:02 [INFO] NTP Time: [2023-10-09 23:04:02.871106]: Using the local timmer to pretend to be NTP time. Data recorded
Local Time: 2023-10-09 22:04:02 [INFO] NTP Time: [2023-10-09 23:04:02.992779]: Using the local timmer to pretend to be NTP time. Data recorded
Local Time: 2023-10-09 22:04:03 [INFO] NTP Time: [2023-10-09 23:04:03.110295]: Using the local timmer to pretend to be NTP time. Data recorded
Local Time: 2023-10-09 22:04:03 [INFO] NTP Time: [2023-10-09 23:04:03.232414]: Using the local timmer to pretend to be NTP time. Data recorded
Local Time: 2023-10-09 22:04:03 [INFO] NTP Time: [2023-10-09 23:04:03.349793]: Using the local timmer to pretend to be NTP time. Data recorded
Local Time: 2023-10-09 22:04:03 [INFO] NTP Time: [2023-10-09 23:04:03.464046]: Using the local timmer to pretend to be NTP time. Data recorded
Local Time: 2023-10-09 22:04:03 [INFO] NTP Time: [2023-10-09 23:04:03.585195]: Using the local timmer to pretend to be NTP time. Data recorded
Local Time: 2023-10-09 22:04:03 [INFO] NTP Time: [2023-10-09 23:04:03.708370]: Using the local timmer to pretend to be NTP time. Data recorded
Local Time: 2023-10-09 22:04:03 [INFO] NTP Time: [2023-10-09 23:04:03.824879]: Using the local timmer to pretend to be NTP time. Data recorded
Local Time: 2023-10-09 22:04:03 [INFO] NTP Time: [2023-10-09 23:04:03.947092]: Using the local timmer to pretend to be NTP time. Data recorded
Local Time: 2023-10-09 22:04:04 [INFO] NTP Time: [2023-10-09 23:04:04.059864]: Using the local timmer to pretend to be NTP time. Data recorded
Local Time: 2023-10-09 22:04:04 [INFO] NTP Time: [2023-10-09 23:04:04.180040]: Using the local timmer to pretend to be NTP time. Data recorded
Local Time: 2023-10-09 22:04:04 [INFO] NTP Time: [2023-10-09 23:04:04.295949]: Using the local timmer to pretend to be NTP time. Data recorded
Local Time: 2023-10-09 22:04:04 [INFO] NTP Time: [2023-10-09 23:04:04.420663]: Using the local timmer to pretend to be NTP time. Data recorded
Local Time: 2023-10-09 22:04:04 [INFO] NTP Time: [2023-10-09 23:04:04.537768]: Using the local timmer to pretend to be NTP time. Data recorded
Local Time: 2023-10-09 22:04:04 [INFO] NTP Time: [2023-10-09 23:04:04.657449]: Using the local timmer to pretend to be NTP time. Data recorded
Local Time: 2023-10-09 22:04:04 [INFO] NTP Time: [2023-10-09 23:04:04.775472]: Using the local timmer to pretend to be NTP time. Data recorded
Local Time: 2023-10-09 22:04:04 [INFO] NTP Time: [2023-10-09 23:04:04.897574]: Using the local timmer to pretend to be NTP time. Data recorded
Local Time: 2023-10-09 22:04:05 [INFO] NTP Time: [2023-10-09 23:04:05.019667]: Using the local timmer to pretend to be NTP time. Data recorded
Local Time: 2023-10-09 22:04:05 [INFO] NTP Time: [2023-10-09 23:04:05.144835]: Using the local timmer to pretend to be NTP time. Data recorded
Local Time: 2023-10-09 22:04:05 [INFO] NTP Time: [2023-10-09 23:04:05.258067]: Using the local timmer to pretend to be NTP time. Data recorded
Local Time: 2023-10-09 22:04:05 [INFO] NTP Time: [2023-10-09 23:04:05.387757]: Using the local timmer to pretend to be NTP time. Data recorded
Local Time: 2023-10-09 22:04:05 [INFO] NTP Time: [2023-10-09 23:04:05.507988]: Using the local timmer to pretend to be NTP time. Data recorded
Local Time: 2023-10-09 22:04:05 [INFO] NTP Time: [2023-10-09 23:04:05.631022]: Using the local timmer to pretend to be NTP time. Data recorded
Local Time: 2023-10-09 22:04:05 [INFO] NTP Time: [2023-10-09 23:04:05.751808]: Using the local timmer to pretend to be NTP time. Data recorded
Local Time: 2023-10-09 22:04:05 [INFO] NTP Time: [2023-10-09 23:04:05.866662]: Using the local timmer to pretend to be NTP time. Data recorded
Local Time: 2023-10-09 22:04:05 [INFO] NTP Time: [2023-10-09 23:04:05.988218]: Using the local timmer to pretend to be NTP time. Data recorded
Local Time: 2023-10-09 22:04:06 [INFO] NTP Time: [2023-10-09 23:04:06.114002]: Using the local timmer to pretend to be NTP time. Data recorded
Local Time: 2023-10-09 22:04:06 [INFO] NTP Time: [2023-10-09 23:04:06.229539]: Using the local timmer to pretend to be NTP time. Data recorded
Local Time: 2023-10-09 22:04:06 [INFO] NTP Time: [2023-10-09 23:04:06.354281]: Using the local timmer to pretend to be NTP time. Data recorded
Local Time: 2023-10-09 22:04:06 [INFO] NTP Time: [2023-10-09 23:04:06.473078]: Using the local timmer to pretend to be NTP time. Data recorded
Local Time: 2023-10-09 22:04:06 [INFO] NTP Time: [2023-10-09 23:04:06.601812]: Using the local timmer to pretend to be NTP time. Data recorded
Local Time: 2023-10-09 22:04:06 [INFO] NTP Time: [2023-10-09 23:04:06.726673]: Using the local timmer to pretend to be NTP time. Data recorded
Local Time: 2023-10-09 22:04:06 [INFO] NTP Time: [2023-10-09 23:04:06.848047]: Using the local timmer to pretend to be NTP time. Data recorded
Local Time: 2023-10-09 22:04:06 [INFO] NTP Time: [2023-10-09 23:04:06.960841]: Using the local timmer to pretend to be NTP time. Data recorded
Local Time: 2023-10-09 22:04:07 [INFO] NTP Time: [2023-10-09 23:04:07.083253]: Using the local timmer to pretend to be NTP time. Data recorded
Local Time: 2023-10-09 22:04:07 [INFO] NTP Time: [2023-10-09 23:04:07.196361]: Using the local timmer to pretend to be NTP time. Data recorded
Local Time: 2023-10-09 22:04:07 [INFO] NTP Time: [2023-10-09 23:04:07.317955]: Using the local timmer to pretend to be NTP time. Data recorded
Local Time: 2023-10-09 22:04:07 [INFO] NTP Time: [2023-10-09 23:04:07.432647]: Using the local timmer to pretend to be NTP time. Data recorded
Local Time: 2023-10-09 22:04:07 [INFO] NTP Time: [2023-10-09 23:04:07.557044]: Using the local timmer to pretend to be NTP time. Data recorded
Local Time: 2023-10-09 22:04:07 [INFO] NTP Time: [2023-10-09 23:04:07.676703]: Using the local timmer to pretend to be NTP time. Data recorded
Local Time: 2023-10-09 22:04:07 [INFO] NTP Time: [2023-10-09 23:04:07.795094]: Using the local timmer to pretend to be NTP time. Data recorded
Local Time: 2023-10-09 22:04:07 [INFO] NTP Time: [2023-10-09 23:04:07.920101]: Using the local timmer to pretend to be NTP time. Data recorded
Local Time: 2023-10-09 22:04:08 [INFO] NTP Time: [2023-10-09 23:04:08.042695]: Using the local timmer to pretend to be NTP time. Data recorded
Local Time: 2023-10-09 22:04:08 [INFO] NTP Time: [2023-10-09 23:04:08.156727]: Using the local timmer to pretend to be NTP time. Data recorded
Local Time: 2023-10-09 22:04:08 [INFO] NTP Time: [2023-10-09 23:04:08.276634]: Using the local timmer to pretend to be NTP time. Data recorded
Local Time: 2023-10-09 22:04:08 [INFO] NTP Time: [2023-10-09 23:04:08.389819]: Using the local timmer to pretend to be NTP time. Data recorded
Local Time: 2023-10-09 22:04:08 [INFO] NTP Time: [2023-10-09 23:04:08.526067]: Using the local timmer to pretend to be NTP time. Data recorded
Local Time: 2023-10-09 22:04:08 [INFO] NTP Time: [2023-10-09 23:04:08.645535]: Using the local timmer to pretend to be NTP time. Data recorded
Local Time: 2023-10-09 22:04:08 [INFO] NTP Time: [2023-10-09 23:04:08.792420]: Using the local timmer to pretend to be NTP time. Data recorded
Local Time: 2023-10-09 22:04:08 [INFO] NTP Time: [2023-10-09 23:04:08.917326]: Using the local timmer to pretend to be NTP time. Data recorded
Local Time: 2023-10-09 22:04:09 [INFO] NTP Time: [2023-10-09 23:04:09.125929]: Using the local timmer to pretend to be NTP time. Data recorded
Local Time: 2023-10-09 22:04:09 [INFO] NTP Time: [2023-10-09 23:04:09.246022]: Using the local timmer to pretend to be NTP time. Data recorded
Local Time: 2023-10-09 22:04:09 [INFO] NTP Time: [2023-10-09 23:04:09.364263]: Using the local timmer to pretend to be NTP time. Data recorded
Local Time: 2023-10-09 22:04:09 [INFO] NTP Time: [2023-10-09 23:04:09.523022]: Using the local timmer to pretend to be NTP time. Data recorded
Local Time: 2023-10-09 22:04:09 [INFO] NTP Time: [2023-10-09 23:04:09.646107]: Using the local timmer to pretend to be NTP time. Data recorded
Local Time: 2023-10-09 22:04:09 [INFO] NTP Time: [2023-10-09 23:04:09.767651]: Using the local timmer to pretend to be NTP time. Data recorded
Local Time: 2023-10-09 22:04:09 [INFO] NTP Time: [2023-10-09 23:04:09.885863]: Using the local timmer to pretend to be NTP time. Data recorded
Local Time: 2023-10-09 22:04:10 [INFO] NTP Time: [2023-10-09 23:04:10.013057]: Using the local timmer to pretend to be NTP time. Data recorded
Local Time: 2023-10-09 22:04:10 [INFO] NTP Time: [2023-10-09 23:04:10.130267]: Using the local timmer to pretend to be NTP time. Data recorded
Local Time: 2023-10-09 22:04:10 [INFO] NTP Time: [2023-10-09 23:04:10.255973]: Using the local timmer to pretend to be NTP time. Data recorded
Local Time: 2023-10-09 22:04:10 [INFO] NTP Time: [2023-10-09 23:04:10.378343]: Using the local timmer to pretend to be NTP time. Data recorded
Local Time: 2023-10-09 22:04:10 [INFO] NTP Time: [2023-10-09 23:04:10.502231]: Using the local timmer to pretend to be NTP time. Data recorded
Local Time: 2023-10-09 22:04:10 [INFO] NTP Time: [2023-10-09 23:04:10.624938]: Using the local timmer to pretend to be NTP time. Data recorded
Local Time: 2023-10-09 22:04:10 [INFO] NTP Time: [2023-10-09 23:04:10.747362]: Using the local timmer to pretend to be NTP time. Data recorded
Local Time: 2023-10-09 22:04:10 [INFO] NTP Time: [2023-10-09 23:04:10.862777]: Using the local timmer to pretend to be NTP time. Data recorded
Local Time: 2023-10-09 22:04:10 [INFO] NTP Time: [2023-10-09 23:04:10.987049]: Using the local timmer to pretend to be NTP time. Data recorded
Local Time: 2023-10-09 22:04:11 [INFO] NTP Time: [2023-10-09 23:04:11.110463]: Using the local timmer to pretend to be NTP time. Data recorded
Local Time: 2023-10-09 22:04:11 [INFO] NTP Time: [2023-10-09 23:04:11.291964]: Using the local timmer to pretend to be NTP time. Data recorded
Local Time: 2023-10-09 22:04:11 [INFO] NTP Time: [2023-10-09 23:04:11.416717]: Using the local timmer to pretend to be NTP time. Data recorded
Local Time: 2023-10-09 22:04:11 [INFO] NTP Time: [2023-10-09 23:04:11.543374]: Using the local timmer to pretend to be NTP time. Data recorded
Local Time: 2023-10-09 22:04:11 [INFO] NTP Time: [2023-10-09 23:04:11.682477]: Using the local timmer to pretend to be NTP time. Data recorded
Local Time: 2023-10-09 22:04:11 [INFO] NTP Time: [2023-10-09 23:04:11.801142]: Using the local timmer to pretend to be NTP time. Data recorded
Local Time: 2023-10-09 22:04:11 [INFO] NTP Time: [2023-10-09 23:04:11.922545]: Using the local timmer to pretend to be NTP time. Data recorded
Local Time: 2023-10-09 22:04:12 [INFO] NTP Time: [2023-10-09 23:04:12.045356]: Using the local timmer to pretend to be NTP time. Data recorded
Local Time: 2023-10-09 22:04:12 [INFO] NTP Time: [2023-10-09 23:04:12.161313]: Using the local timmer to pretend to be NTP time. Data recorded
Local Time: 2023-10-09 22:04:12 [INFO] NTP Time: [2023-10-09 23:04:12.297231]: Using the local timmer to pretend to be NTP time. Data recorded
Local Time: 2023-10-09 22:04:12 [INFO] NTP Time: [2023-10-09 23:04:12.420748]: Using the local timmer to pretend to be NTP time. Data recorded
Local Time: 2023-10-09 22:04:12 [INFO] NTP Time: [2023-10-09 23:04:12.585090]: Using the local timmer to pretend to be NTP time. Data recorded
Local Time: 2023-10-09 22:04:12 [INFO] NTP Time: [2023-10-09 23:04:12.698690]: Using the local timmer to pretend to be NTP time. Data recorded
Local Time: 2023-10-09 22:04:12 [INFO] NTP Time: [2023-10-09 23:04:12.865225]: Using the local timmer to pretend to be NTP time. Data recorded
Local Time: 2023-10-09 22:04:12 [INFO] NTP Time: [2023-10-09 23:04:12.995001]: Using the local timmer to pretend to be NTP time. Data recorded
Local Time: 2023-10-09 22:04:13 [INFO] NTP Time: [2023-10-09 23:04:13.192800]: Using the local timmer to pretend to be NTP time. Data recorded
Local Time: 2023-10-09 22:04:13 [INFO] NTP Time: [2023-10-09 23:04:13.316442]: Using the local timmer to pretend to be NTP time. Data recorded
Local Time: 2023-10-09 22:04:13 [INFO] NTP Time: [2023-10-09 23:04:13.459602]: Using the local timmer to pretend to be NTP time. Data recorded
Local Time: 2023-10-09 22:04:13 [INFO] NTP Time: [2023-10-09 23:04:13.587545]: Using the local timmer to pretend to be NTP time. Data recorded
Local Time: 2023-10-09 22:04:14 [INFO] NTP Time: [2023-10-09 23:04:14.471161]: Using the local timmer to pretend to be NTP time. Data recorded
Local Time: 2023-10-09 22:04:15 [INFO] NTP Time: [2023-10-09 23:04:15.274212]: Using the local timmer to pretend to be NTP time. Data recorded
Local Time: 2023-10-09 22:04:15 [INFO] NTP Time: [2023-10-09 23:04:15.928968]: Using the local timmer to pretend to be NTP time. Data recorded
Local Time: 2023-10-09 22:04:16 [INFO] NTP Time: [2023-10-09 23:04:16.048203]: Using the local timmer to pretend to be NTP time. Data recorded
Local Time: 2023-10-09 22:04:16 [INFO] NTP Time: [2023-10-09 23:04:16.412386]: Using the local timmer to pretend to be NTP time. Data recorded
Local Time: 2023-10-09 22:04:16 [INFO] NTP Time: [2023-10-09 23:04:16.531578]: Using the local timmer to pretend to be NTP time. Data recorded
Local Time: 2023-10-09 22:04:16 [INFO] NTP Time: [2023-10-09 23:04:16.651665]: Using the local timmer to pretend to be NTP time. Data recorded
Local Time: 2023-10-09 22:04:16 [INFO] NTP Time: [2023-10-09 23:04:16.765864]: Using the local timmer to pretend to be NTP time. Data recorded
Local Time: 2023-10-09 22:04:16 [INFO] NTP Time: [2023-10-09 23:04:16.924557]: Using the local timmer to pretend to be NTP time. Data recorded
Local Time: 2023-10-09 22:04:17 [INFO] NTP Time: [2023-10-09 23:04:17.054100]: Using the local timmer to pretend to be NTP time. Data recorded
Local Time: 2023-10-09 22:04:17 [INFO] NTP Time: [2023-10-09 23:04:17.176683]: Using the local timmer to pretend to be NTP time. Data recorded
Local Time: 2023-10-09 22:04:17 [INFO] NTP Time: [2023-10-09 23:04:17.295429]: Using the local timmer to pretend to be NTP time. Data recorded
Local Time: 2023-10-09 22:04:17 [INFO] NTP Time: [2023-10-09 23:04:17.415780]: Using the local timmer to pretend to be NTP time. Data recorded
Local Time: 2023-10-09 22:04:17 [INFO] NTP Time: [2023-10-09 23:04:17.534419]: Using the local timmer to pretend to be NTP time. Data recorded
Local Time: 2023-10-09 22:04:17 [INFO] NTP Time: [2023-10-09 23:04:17.660792]: Using the local timmer to pretend to be NTP time. Data recorded
Local Time: 2023-10-09 22:04:17 [INFO] NTP Time: [2023-10-09 23:04:17.810845]: Using the local timmer to pretend to be NTP time. Data recorded
Local Time: 2023-10-09 22:04:17 [INFO] NTP Time: [2023-10-09 23:04:17.943236]: Using the local timmer to pretend to be NTP time. Data recorded
Local Time: 2023-10-09 22:04:18 [INFO] NTP Time: [2023-10-09 23:04:18.063710]: Using the local timmer to pretend to be NTP time. Data recorded
Local Time: 2023-10-09 22:04:18 [INFO] NTP Time: [2023-10-09 23:04:18.185175]: Using the local timmer to pretend to be NTP time. Data recorded
Local Time: 2023-10-09 22:04:18 [INFO] NTP Time: [2023-10-09 23:04:18.304955]: Using the local timmer to pretend to be NTP time. Data recorded
Local Time: 2023-10-09 22:04:18 [INFO] NTP Time: [2023-10-09 23:04:18.429640]: Using the local timmer to pretend to be NTP time. Data recorded
Local Time: 2023-10-09 22:04:18 [INFO] NTP Time: [2023-10-09 23:04:18.551176]: Using the local timmer to pretend to be NTP time. Data recorded
Local Time: 2023-10-09 22:04:18 [INFO] NTP Time: [2023-10-09 23:04:18.712842]: Using the local timmer to pretend to be NTP time. Data recorded
Local Time: 2023-10-09 22:04:18 [INFO] NTP Time: [2023-10-09 23:04:18.878125]: Using the local timmer to pretend to be NTP time. Data recorded
Local Time: 2023-10-09 22:04:18 [INFO] NTP Time: [2023-10-09 23:04:18.908249]: End recording by a terminate action.
