Local Time: 2023-10-09 21:51:34 [INFO] NTP Time: [2023-10-09 22:51:34.335361]: Loaded configuration: {'participant': {'id': 'P001', 'age': '25', 'gender': 'M', 'ethnicity': 'Caucasian', 'height': '165', 'weight': '65'}, 'experiment': {'date': '2022-01-01', 'time': '14:00:00', 'condition': 'HW101M', 'group': 'A', 'illumination_level': 'low'}, 'task_info': {'task_name': 'Task1', 'trial_number': '5'}, 'notes': {'comments': 'Participant seemed tired during the session.'}, 'label_info': {'activity': 'sit'}}
Local Time: 2023-10-09 21:51:34 [INFO] NTP Time: [2023-10-09 22:51:34.335446]: Loaded mmwave configuration: {'setting1': 'value1', 'setting2': 'value2', 'Data storage location': 'AWR1843-Read-Data-Python-MMWAVE-SDK-3--master/data', 'mmwave_Datatype': 'dictionary'}
Local Time: 2023-10-09 21:51:35 [INFO] NTP Time: [2023-10-09 22:51:35.396383]: Using NTP time as the start timmer.
Local Time: 2023-10-09 21:51:35 [INFO] NTP Time: [2023-10-09 22:51:35.505109]: Using the local timmer to pretend to be NTP time. Data recorded
Local Time: 2023-10-09 21:51:35 [INFO] NTP Time: [2023-10-09 22:51:35.611844]: Using the local timmer to pretend to be NTP time. Data recorded
Local Time: 2023-10-09 21:51:35 [INFO] NTP Time: [2023-10-09 22:51:35.735258]: Using the local timmer to pretend to be NTP time. Data recorded
Local Time: 2023-10-09 21:51:35 [INFO] NTP Time: [2023-10-09 22:51:35.840398]: Using the local timmer to pretend to be NTP time. Data recorded
Local Time: 2023-10-09 21:51:35 [INFO] NTP Time: [2023-10-09 22:51:35.945330]: Using the local timmer to pretend to be NTP time. Data recorded
Local Time: 2023-10-09 21:51:36 [INFO] NTP Time: [2023-10-09 22:51:36.053427]: Using the local timmer to pretend to be NTP time. Data recorded
Local Time: 2023-10-09 21:51:36 [INFO] NTP Time: [2023-10-09 22:51:36.163600]: Using the local timmer to pretend to be NTP time. Data recorded
Local Time: 2023-10-09 21:51:36 [INFO] NTP Time: [2023-10-09 22:51:36.269666]: Using the local timmer to pretend to be NTP time. Data recorded
Local Time: 2023-10-09 21:51:36 [INFO] NTP Time: [2023-10-09 22:51:36.375111]: Using the local timmer to pretend to be NTP time. Data recorded
Local Time: 2023-10-09 21:51:36 [INFO] NTP Time: [2023-10-09 22:51:36.488979]: Using the local timmer to pretend to be NTP time. Data recorded
Local Time: 2023-10-09 21:51:36 [INFO] NTP Time: [2023-10-09 22:51:36.600435]: Using the local timmer to pretend to be NTP time. Data recorded
Local Time: 2023-10-09 21:51:36 [INFO] NTP Time: [2023-10-09 22:51:36.708455]: Using the local timmer to pretend to be NTP time. Data recorded
Local Time: 2023-10-09 21:51:36 [INFO] NTP Time: [2023-10-09 22:51:36.815892]: Using the local timmer to pretend to be NTP time. Data recorded
Local Time: 2023-10-09 21:51:36 [INFO] NTP Time: [2023-10-09 22:51:36.931700]: Using the local timmer to pretend to be NTP time. Data recorded
Local Time: 2023-10-09 21:51:37 [INFO] NTP Time: [2023-10-09 22:51:37.039530]: Using the local timmer to pretend to be NTP time. Data recorded
Local Time: 2023-10-09 21:51:37 [INFO] NTP Time: [2023-10-09 22:51:37.145624]: Using the local timmer to pretend to be NTP time. Data recorded
Local Time: 2023-10-09 21:51:37 [INFO] NTP Time: [2023-10-09 22:51:37.259340]: Using the local timmer to pretend to be NTP time. Data recorded
Local Time: 2023-10-09 21:51:37 [INFO] NTP Time: [2023-10-09 22:51:37.365963]: Using the local timmer to pretend to be NTP time. Data recorded
Local Time: 2023-10-09 21:51:37 [INFO] NTP Time: [2023-10-09 22:51:37.474082]: Using the local timmer to pretend to be NTP time. Data recorded
Local Time: 2023-10-09 21:51:37 [INFO] NTP Time: [2023-10-09 22:51:37.605985]: Using the local timmer to pretend to be NTP time. Data recorded
Local Time: 2023-10-09 21:51:37 [INFO] NTP Time: [2023-10-09 22:51:37.715540]: Using the local timmer to pretend to be NTP time. Data recorded
Local Time: 2023-10-09 21:51:37 [INFO] NTP Time: [2023-10-09 22:51:37.828846]: Using the local timmer to pretend to be NTP time. Data recorded
Local Time: 2023-10-09 21:51:37 [INFO] NTP Time: [2023-10-09 22:51:37.939547]: Using the local timmer to pretend to be NTP time. Data recorded
Local Time: 2023-10-09 21:51:38 [INFO] NTP Time: [2023-10-09 22:51:38.054323]: Using the local timmer to pretend to be NTP time. Data recorded
Local Time: 2023-10-09 21:51:38 [INFO] NTP Time: [2023-10-09 22:51:38.171056]: Using the local timmer to pretend to be NTP time. Data recorded
Local Time: 2023-10-09 21:51:38 [INFO] NTP Time: [2023-10-09 22:51:38.279345]: Using the local timmer to pretend to be NTP time. Data recorded
Local Time: 2023-10-09 21:51:38 [INFO] NTP Time: [2023-10-09 22:51:38.391227]: Using the local timmer to pretend to be NTP time. Data recorded
Local Time: 2023-10-09 21:51:38 [INFO] NTP Time: [2023-10-09 22:51:38.501893]: Using the local timmer to pretend to be NTP time. Data recorded
Local Time: 2023-10-09 21:51:38 [INFO] NTP Time: [2023-10-09 22:51:38.607688]: Using the local timmer to pretend to be NTP time. Data recorded
Local Time: 2023-10-09 21:51:38 [INFO] NTP Time: [2023-10-09 22:51:38.716541]: Using the local timmer to pretend to be NTP time. Data recorded
Local Time: 2023-10-09 21:51:38 [INFO] NTP Time: [2023-10-09 22:51:38.827162]: Using the local timmer to pretend to be NTP time. Data recorded
Local Time: 2023-10-09 21:51:38 [INFO] NTP Time: [2023-10-09 22:51:38.935367]: Using the local timmer to pretend to be NTP time. Data recorded
Local Time: 2023-10-09 21:51:39 [INFO] NTP Time: [2023-10-09 22:51:39.041201]: Using the local timmer to pretend to be NTP time. Data recorded
Local Time: 2023-10-09 21:51:39 [INFO] NTP Time: [2023-10-09 22:51:39.179156]: Using the local timmer to pretend to be NTP time. Data recorded
Local Time: 2023-10-09 21:51:39 [INFO] NTP Time: [2023-10-09 22:51:39.293614]: Using the local timmer to pretend to be NTP time. Data recorded
Local Time: 2023-10-09 21:51:39 [INFO] NTP Time: [2023-10-09 22:51:39.401970]: Using the local timmer to pretend to be NTP time. Data recorded
Local Time: 2023-10-09 21:51:39 [INFO] NTP Time: [2023-10-09 22:51:39.508280]: Using the local timmer to pretend to be NTP time. Data recorded
Local Time: 2023-10-09 21:51:39 [INFO] NTP Time: [2023-10-09 22:51:39.621135]: Using the local timmer to pretend to be NTP time. Data recorded
Local Time: 2023-10-09 21:51:39 [INFO] NTP Time: [2023-10-09 22:51:39.730239]: Using the local timmer to pretend to be NTP time. Data recorded
Local Time: 2023-10-09 21:51:39 [INFO] NTP Time: [2023-10-09 22:51:39.836798]: Using the local timmer to pretend to be NTP time. Data recorded
Local Time: 2023-10-09 21:51:39 [INFO] NTP Time: [2023-10-09 22:51:39.943115]: Using the local timmer to pretend to be NTP time. Data recorded
Local Time: 2023-10-09 21:51:40 [INFO] NTP Time: [2023-10-09 22:51:40.052871]: Using the local timmer to pretend to be NTP time. Data recorded
Local Time: 2023-10-09 21:51:40 [INFO] NTP Time: [2023-10-09 22:51:40.164227]: Using the local timmer to pretend to be NTP time. Data recorded
Local Time: 2023-10-09 21:51:40 [INFO] NTP Time: [2023-10-09 22:51:40.272158]: Using the local timmer to pretend to be NTP time. Data recorded
Local Time: 2023-10-09 21:51:40 [INFO] NTP Time: [2023-10-09 22:51:40.379162]: Using the local timmer to pretend to be NTP time. Data recorded
Local Time: 2023-10-09 21:51:40 [INFO] NTP Time: [2023-10-09 22:51:40.489237]: Using the local timmer to pretend to be NTP time. Data recorded
Local Time: 2023-10-09 21:51:40 [INFO] NTP Time: [2023-10-09 22:51:40.601529]: Using the local timmer to pretend to be NTP time. Data recorded
Local Time: 2023-10-09 21:51:40 [INFO] NTP Time: [2023-10-09 22:51:40.723783]: Using the local timmer to pretend to be NTP time. Data recorded
Local Time: 2023-10-09 21:51:40 [INFO] NTP Time: [2023-10-09 22:51:40.833323]: Using the local timmer to pretend to be NTP time. Data recorded
Local Time: 2023-10-09 21:51:40 [INFO] NTP Time: [2023-10-09 22:51:40.940890]: Using the local timmer to pretend to be NTP time. Data recorded
Local Time: 2023-10-09 21:51:41 [INFO] NTP Time: [2023-10-09 22:51:41.050272]: Using the local timmer to pretend to be NTP time. Data recorded
Local Time: 2023-10-09 21:51:41 [INFO] NTP Time: [2023-10-09 22:51:41.162334]: Using the local timmer to pretend to be NTP time. Data recorded
Local Time: 2023-10-09 21:51:41 [INFO] NTP Time: [2023-10-09 22:51:41.269738]: Using the local timmer to pretend to be NTP time. Data recorded
Local Time: 2023-10-09 21:51:41 [INFO] NTP Time: [2023-10-09 22:51:41.376650]: Using the local timmer to pretend to be NTP time. Data recorded
Local Time: 2023-10-09 21:51:41 [INFO] NTP Time: [2023-10-09 22:51:41.485665]: Using the local timmer to pretend to be NTP time. Data recorded
Local Time: 2023-10-09 21:51:41 [INFO] NTP Time: [2023-10-09 22:51:41.595817]: Using the local timmer to pretend to be NTP time. Data recorded
Local Time: 2023-10-09 21:51:41 [INFO] NTP Time: [2023-10-09 22:51:41.704587]: Using the local timmer to pretend to be NTP time. Data recorded
Local Time: 2023-10-09 21:51:41 [INFO] NTP Time: [2023-10-09 22:51:41.812644]: Using the local timmer to pretend to be NTP time. Data recorded
Local Time: 2023-10-09 21:51:41 [INFO] NTP Time: [2023-10-09 22:51:41.925527]: Using the local timmer to pretend to be NTP time. Data recorded
Local Time: 2023-10-09 21:51:42 [INFO] NTP Time: [2023-10-09 22:51:42.034451]: Using the local timmer to pretend to be NTP time. Data recorded
Local Time: 2023-10-09 21:51:42 [INFO] NTP Time: [2023-10-09 22:51:42.144137]: Using the local timmer to pretend to be NTP time. Data recorded
Local Time: 2023-10-09 21:51:42 [INFO] NTP Time: [2023-10-09 22:51:42.256635]: Using the local timmer to pretend to be NTP time. Data recorded
Local Time: 2023-10-09 21:51:42 [INFO] NTP Time: [2023-10-09 22:51:42.370889]: Using the local timmer to pretend to be NTP time. Data recorded
Local Time: 2023-10-09 21:51:42 [INFO] NTP Time: [2023-10-09 22:51:42.490291]: Using the local timmer to pretend to be NTP time. Data recorded
Local Time: 2023-10-09 21:51:42 [INFO] NTP Time: [2023-10-09 22:51:42.629040]: Using the local timmer to pretend to be NTP time. Data recorded
Local Time: 2023-10-09 21:51:42 [INFO] NTP Time: [2023-10-09 22:51:42.766885]: Using the local timmer to pretend to be NTP time. Data recorded
Local Time: 2023-10-09 21:51:42 [INFO] NTP Time: [2023-10-09 22:51:42.874377]: Using the local timmer to pretend to be NTP time. Data recorded
Local Time: 2023-10-09 21:51:42 [INFO] NTP Time: [2023-10-09 22:51:42.983600]: Using the local timmer to pretend to be NTP time. Data recorded
Local Time: 2023-10-09 21:51:43 [INFO] NTP Time: [2023-10-09 22:51:43.096886]: Using the local timmer to pretend to be NTP time. Data recorded
Local Time: 2023-10-09 21:51:43 [INFO] NTP Time: [2023-10-09 22:51:43.205572]: Using the local timmer to pretend to be NTP time. Data recorded
Local Time: 2023-10-09 21:51:43 [INFO] NTP Time: [2023-10-09 22:51:43.314395]: Using the local timmer to pretend to be NTP time. Data recorded
Local Time: 2023-10-09 21:51:43 [INFO] NTP Time: [2023-10-09 22:51:43.426009]: Using the local timmer to pretend to be NTP time. Data recorded
Local Time: 2023-10-09 21:51:43 [INFO] NTP Time: [2023-10-09 22:51:43.534513]: Using the local timmer to pretend to be NTP time. Data recorded
Local Time: 2023-10-09 21:51:43 [INFO] NTP Time: [2023-10-09 22:51:43.641990]: Using the local timmer to pretend to be NTP time. Data recorded
Local Time: 2023-10-09 21:51:43 [INFO] NTP Time: [2023-10-09 22:51:43.755415]: Using the local timmer to pretend to be NTP time. Data recorded
Local Time: 2023-10-09 21:51:43 [INFO] NTP Time: [2023-10-09 22:51:43.868136]: Using the local timmer to pretend to be NTP time. Data recorded
Local Time: 2023-10-09 21:51:43 [INFO] NTP Time: [2023-10-09 22:51:43.976506]: Using the local timmer to pretend to be NTP time. Data recorded
Local Time: 2023-10-09 21:51:44 [INFO] NTP Time: [2023-10-09 22:51:44.094012]: Using the local timmer to pretend to be NTP time. Data recorded
Local Time: 2023-10-09 21:51:44 [INFO] NTP Time: [2023-10-09 22:51:44.210151]: Using the local timmer to pretend to be NTP time. Data recorded
Local Time: 2023-10-09 21:51:44 [INFO] NTP Time: [2023-10-09 22:51:44.326603]: Using the local timmer to pretend to be NTP time. Data recorded
Local Time: 2023-10-09 21:51:44 [INFO] NTP Time: [2023-10-09 22:51:44.437378]: Using the local timmer to pretend to be NTP time. Data recorded
Local Time: 2023-10-09 21:51:44 [INFO] NTP Time: [2023-10-09 22:51:44.547860]: Using the local timmer to pretend to be NTP time. Data recorded
Local Time: 2023-10-09 21:51:44 [INFO] NTP Time: [2023-10-09 22:51:44.659988]: Using the local timmer to pretend to be NTP time. Data recorded
Local Time: 2023-10-09 21:51:44 [INFO] NTP Time: [2023-10-09 22:51:44.770024]: Using the local timmer to pretend to be NTP time. Data recorded
Local Time: 2023-10-09 21:51:44 [INFO] NTP Time: [2023-10-09 22:51:44.878171]: Using the local timmer to pretend to be NTP time. Data recorded
Local Time: 2023-10-09 21:51:44 [INFO] NTP Time: [2023-10-09 22:51:44.993361]: Using the local timmer to pretend to be NTP time. Data recorded
Local Time: 2023-10-09 21:51:45 [INFO] NTP Time: [2023-10-09 22:51:45.103625]: Using the local timmer to pretend to be NTP time. Data recorded
Local Time: 2023-10-09 21:51:45 [INFO] NTP Time: [2023-10-09 22:51:45.219998]: Using the local timmer to pretend to be NTP time. Data recorded
Local Time: 2023-10-09 21:51:45 [INFO] NTP Time: [2023-10-09 22:51:45.333469]: Using the local timmer to pretend to be NTP time. Data recorded
Local Time: 2023-10-09 21:51:45 [INFO] NTP Time: [2023-10-09 22:51:45.446945]: Using the local timmer to pretend to be NTP time. Data recorded
Local Time: 2023-10-09 21:51:45 [INFO] NTP Time: [2023-10-09 22:51:45.564562]: Using the local timmer to pretend to be NTP time. Data recorded
Local Time: 2023-10-09 21:51:45 [INFO] NTP Time: [2023-10-09 22:51:45.673551]: Using the local timmer to pretend to be NTP time. Data recorded
Local Time: 2023-10-09 21:51:45 [INFO] NTP Time: [2023-10-09 22:51:45.789883]: Using the local timmer to pretend to be NTP time. Data recorded
Local Time: 2023-10-09 21:51:45 [INFO] NTP Time: [2023-10-09 22:51:45.939099]: Using the local timmer to pretend to be NTP time. Data recorded
Local Time: 2023-10-09 21:51:46 [INFO] NTP Time: [2023-10-09 22:51:46.072228]: Using the local timmer to pretend to be NTP time. Data recorded
Local Time: 2023-10-09 21:51:46 [INFO] NTP Time: [2023-10-09 22:51:46.202662]: Using the local timmer to pretend to be NTP time. Data recorded
Local Time: 2023-10-09 21:51:46 [INFO] NTP Time: [2023-10-09 22:51:46.312498]: Using the local timmer to pretend to be NTP time. Data recorded
Local Time: 2023-10-09 21:51:46 [INFO] NTP Time: [2023-10-09 22:51:46.425772]: Using the local timmer to pretend to be NTP time. Data recorded
Local Time: 2023-10-09 21:51:46 [INFO] NTP Time: [2023-10-09 22:51:46.539706]: Using the local timmer to pretend to be NTP time. Data recorded
Local Time: 2023-10-09 21:51:46 [INFO] NTP Time: [2023-10-09 22:51:46.651327]: Using the local timmer to pretend to be NTP time. Data recorded
Local Time: 2023-10-09 21:51:46 [INFO] NTP Time: [2023-10-09 22:51:46.764673]: Using the local timmer to pretend to be NTP time. Data recorded
Local Time: 2023-10-09 21:51:46 [INFO] NTP Time: [2023-10-09 22:51:46.877975]: Using the local timmer to pretend to be NTP time. Data recorded
Local Time: 2023-10-09 21:51:46 [INFO] NTP Time: [2023-10-09 22:51:46.998035]: Using the local timmer to pretend to be NTP time. Data recorded
Local Time: 2023-10-09 21:51:47 [INFO] NTP Time: [2023-10-09 22:51:47.108488]: Using the local timmer to pretend to be NTP time. Data recorded
Local Time: 2023-10-09 21:51:47 [INFO] NTP Time: [2023-10-09 22:51:47.233471]: Using the local timmer to pretend to be NTP time. Data recorded
Local Time: 2023-10-09 21:51:47 [INFO] NTP Time: [2023-10-09 22:51:47.350607]: Using the local timmer to pretend to be NTP time. Data recorded
Local Time: 2023-10-09 21:51:47 [INFO] NTP Time: [2023-10-09 22:51:47.466088]: Using the local timmer to pretend to be NTP time. Data recorded
Local Time: 2023-10-09 21:51:47 [INFO] NTP Time: [2023-10-09 22:51:47.576411]: Using the local timmer to pretend to be NTP time. Data recorded
Local Time: 2023-10-09 21:51:47 [INFO] NTP Time: [2023-10-09 22:51:47.696234]: Using the local timmer to pretend to be NTP time. Data recorded
Local Time: 2023-10-09 21:51:47 [INFO] NTP Time: [2023-10-09 22:51:47.809768]: Using the local timmer to pretend to be NTP time. Data recorded
Local Time: 2023-10-09 21:51:47 [INFO] NTP Time: [2023-10-09 22:51:47.923853]: Using the local timmer to pretend to be NTP time. Data recorded
Local Time: 2023-10-09 21:51:48 [INFO] NTP Time: [2023-10-09 22:51:48.035463]: Using the local timmer to pretend to be NTP time. Data recorded
Local Time: 2023-10-09 21:51:48 [INFO] NTP Time: [2023-10-09 22:51:48.148592]: Using the local timmer to pretend to be NTP time. Data recorded
Local Time: 2023-10-09 21:51:48 [INFO] NTP Time: [2023-10-09 22:51:48.266193]: Using the local timmer to pretend to be NTP time. Data recorded
Local Time: 2023-10-09 21:51:48 [INFO] NTP Time: [2023-10-09 22:51:48.377974]: Using the local timmer to pretend to be NTP time. Data recorded
Local Time: 2023-10-09 21:51:48 [INFO] NTP Time: [2023-10-09 22:51:48.493355]: Using the local timmer to pretend to be NTP time. Data recorded
Local Time: 2023-10-09 21:51:48 [INFO] NTP Time: [2023-10-09 22:51:48.612279]: Using the local timmer to pretend to be NTP time. Data recorded
Local Time: 2023-10-09 21:51:48 [INFO] NTP Time: [2023-10-09 22:51:48.745209]: Using the local timmer to pretend to be NTP time. Data recorded
Local Time: 2023-10-09 21:51:48 [INFO] NTP Time: [2023-10-09 22:51:48.862551]: Using the local timmer to pretend to be NTP time. Data recorded
Local Time: 2023-10-09 21:51:48 [INFO] NTP Time: [2023-10-09 22:51:48.977184]: Using the local timmer to pretend to be NTP time. Data recorded
Local Time: 2023-10-09 21:51:49 [INFO] NTP Time: [2023-10-09 22:51:49.094560]: Using the local timmer to pretend to be NTP time. Data recorded
Local Time: 2023-10-09 21:51:49 [INFO] NTP Time: [2023-10-09 22:51:49.204803]: Using the local timmer to pretend to be NTP time. Data recorded
Local Time: 2023-10-09 21:51:49 [INFO] NTP Time: [2023-10-09 22:51:49.318795]: Using the local timmer to pretend to be NTP time. Data recorded
Local Time: 2023-10-09 21:51:49 [INFO] NTP Time: [2023-10-09 22:51:49.434647]: Using the local timmer to pretend to be NTP time. Data recorded
Local Time: 2023-10-09 21:51:49 [INFO] NTP Time: [2023-10-09 22:51:49.547018]: Using the local timmer to pretend to be NTP time. Data recorded
Local Time: 2023-10-09 21:51:49 [INFO] NTP Time: [2023-10-09 22:51:49.663009]: Using the local timmer to pretend to be NTP time. Data recorded
Local Time: 2023-10-09 21:51:49 [INFO] NTP Time: [2023-10-09 22:51:49.775640]: Using the local timmer to pretend to be NTP time. Data recorded
Local Time: 2023-10-09 21:51:49 [INFO] NTP Time: [2023-10-09 22:51:49.890570]: Using the local timmer to pretend to be NTP time. Data recorded
Local Time: 2023-10-09 21:51:50 [INFO] NTP Time: [2023-10-09 22:51:50.001833]: Using the local timmer to pretend to be NTP time. Data recorded
Local Time: 2023-10-09 21:51:50 [INFO] NTP Time: [2023-10-09 22:51:50.117555]: Using the local timmer to pretend to be NTP time. Data recorded
Local Time: 2023-10-09 21:51:50 [INFO] NTP Time: [2023-10-09 22:51:50.241185]: Using the local timmer to pretend to be NTP time. Data recorded
Local Time: 2023-10-09 21:51:50 [INFO] NTP Time: [2023-10-09 22:51:50.358730]: Using the local timmer to pretend to be NTP time. Data recorded
Local Time: 2023-10-09 21:51:50 [INFO] NTP Time: [2023-10-09 22:51:50.469106]: Using the local timmer to pretend to be NTP time. Data recorded
Local Time: 2023-10-09 21:51:50 [INFO] NTP Time: [2023-10-09 22:51:50.585369]: Using the local timmer to pretend to be NTP time. Data recorded
Local Time: 2023-10-09 21:51:50 [INFO] NTP Time: [2023-10-09 22:51:50.698849]: Using the local timmer to pretend to be NTP time. Data recorded
Local Time: 2023-10-09 21:51:50 [INFO] NTP Time: [2023-10-09 22:51:50.808483]: Using the local timmer to pretend to be NTP time. Data recorded
Local Time: 2023-10-09 21:51:50 [INFO] NTP Time: [2023-10-09 22:51:50.922696]: Using the local timmer to pretend to be NTP time. Data recorded
Local Time: 2023-10-09 21:51:51 [INFO] NTP Time: [2023-10-09 22:51:51.040057]: Using the local timmer to pretend to be NTP time. Data recorded
Local Time: 2023-10-09 21:51:51 [INFO] NTP Time: [2023-10-09 22:51:51.159459]: Using the local timmer to pretend to be NTP time. Data recorded
Local Time: 2023-10-09 21:51:51 [INFO] NTP Time: [2023-10-09 22:51:51.275117]: Using the local timmer to pretend to be NTP time. Data recorded
Local Time: 2023-10-09 21:51:51 [INFO] NTP Time: [2023-10-09 22:51:51.392321]: Using the local timmer to pretend to be NTP time. Data recorded
Local Time: 2023-10-09 21:51:51 [INFO] NTP Time: [2023-10-09 22:51:51.518237]: Using the local timmer to pretend to be NTP time. Data recorded
Local Time: 2023-10-09 21:51:51 [INFO] NTP Time: [2023-10-09 22:51:51.631206]: Using the local timmer to pretend to be NTP time. Data recorded
Local Time: 2023-10-09 21:51:51 [INFO] NTP Time: [2023-10-09 22:51:51.751090]: Using the local timmer to pretend to be NTP time. Data recorded
Local Time: 2023-10-09 21:51:51 [INFO] NTP Time: [2023-10-09 22:51:51.866361]: Using the local timmer to pretend to be NTP time. Data recorded
Local Time: 2023-10-09 21:51:51 [INFO] NTP Time: [2023-10-09 22:51:51.981132]: Using the local timmer to pretend to be NTP time. Data recorded
Local Time: 2023-10-09 21:51:52 [INFO] NTP Time: [2023-10-09 22:51:52.094514]: Using the local timmer to pretend to be NTP time. Data recorded
Local Time: 2023-10-09 21:51:52 [INFO] NTP Time: [2023-10-09 22:51:52.206272]: Using the local timmer to pretend to be NTP time. Data recorded
Local Time: 2023-10-09 21:51:52 [INFO] NTP Time: [2023-10-09 22:51:52.324464]: Using the local timmer to pretend to be NTP time. Data recorded
Local Time: 2023-10-09 21:51:52 [INFO] NTP Time: [2023-10-09 22:51:52.438155]: Using the local timmer to pretend to be NTP time. Data recorded
Local Time: 2023-10-09 21:51:52 [INFO] NTP Time: [2023-10-09 22:51:52.559322]: Using the local timmer to pretend to be NTP time. Data recorded
Local Time: 2023-10-09 21:51:52 [INFO] NTP Time: [2023-10-09 22:51:52.671286]: Using the local timmer to pretend to be NTP time. Data recorded
Local Time: 2023-10-09 21:51:52 [INFO] NTP Time: [2023-10-09 22:51:52.787113]: Using the local timmer to pretend to be NTP time. Data recorded
Local Time: 2023-10-09 21:51:52 [INFO] NTP Time: [2023-10-09 22:51:52.900289]: Using the local timmer to pretend to be NTP time. Data recorded
Local Time: 2023-10-09 21:51:53 [INFO] NTP Time: [2023-10-09 22:51:53.016917]: Using the local timmer to pretend to be NTP time. Data recorded
Local Time: 2023-10-09 21:51:53 [INFO] NTP Time: [2023-10-09 22:51:53.143494]: Using the local timmer to pretend to be NTP time. Data recorded
Local Time: 2023-10-09 21:51:53 [INFO] NTP Time: [2023-10-09 22:51:53.262794]: Using the local timmer to pretend to be NTP time. Data recorded
Local Time: 2023-10-09 21:51:53 [INFO] NTP Time: [2023-10-09 22:51:53.372408]: Using the local timmer to pretend to be NTP time. Data recorded
Local Time: 2023-10-09 21:51:53 [INFO] NTP Time: [2023-10-09 22:51:53.485757]: Using the local timmer to pretend to be NTP time. Data recorded
Local Time: 2023-10-09 21:51:53 [INFO] NTP Time: [2023-10-09 22:51:53.599108]: Using the local timmer to pretend to be NTP time. Data recorded
Local Time: 2023-10-09 21:51:53 [INFO] NTP Time: [2023-10-09 22:51:53.709976]: Using the local timmer to pretend to be NTP time. Data recorded
Local Time: 2023-10-09 21:51:53 [INFO] NTP Time: [2023-10-09 22:51:53.826059]: Using the local timmer to pretend to be NTP time. Data recorded
Local Time: 2023-10-09 21:51:53 [INFO] NTP Time: [2023-10-09 22:51:53.939370]: Using the local timmer to pretend to be NTP time. Data recorded
Local Time: 2023-10-09 21:51:54 [INFO] NTP Time: [2023-10-09 22:51:54.084831]: Using the local timmer to pretend to be NTP time. Data recorded
Local Time: 2023-10-09 21:51:54 [INFO] NTP Time: [2023-10-09 22:51:54.197955]: Using the local timmer to pretend to be NTP time. Data recorded
Local Time: 2023-10-09 21:51:54 [INFO] NTP Time: [2023-10-09 22:51:54.309544]: Using the local timmer to pretend to be NTP time. Data recorded
Local Time: 2023-10-09 21:51:54 [INFO] NTP Time: [2023-10-09 22:51:54.427629]: Using the local timmer to pretend to be NTP time. Data recorded
Local Time: 2023-10-09 21:51:54 [INFO] NTP Time: [2023-10-09 22:51:54.652463]: Using the local timmer to pretend to be NTP time. Data recorded
Local Time: 2023-10-09 21:51:54 [INFO] NTP Time: [2023-10-09 22:51:54.774155]: Using the local timmer to pretend to be NTP time. Data recorded
Local Time: 2023-10-09 21:51:54 [INFO] NTP Time: [2023-10-09 22:51:54.890274]: Using the local timmer to pretend to be NTP time. Data recorded
Local Time: 2023-10-09 21:51:55 [INFO] NTP Time: [2023-10-09 22:51:55.003097]: Using the local timmer to pretend to be NTP time. Data recorded
Local Time: 2023-10-09 21:51:55 [INFO] NTP Time: [2023-10-09 22:51:55.115399]: Using the local timmer to pretend to be NTP time. Data recorded
Local Time: 2023-10-09 21:51:55 [INFO] NTP Time: [2023-10-09 22:51:55.231282]: Using the local timmer to pretend to be NTP time. Data recorded
Local Time: 2023-10-09 21:51:55 [INFO] NTP Time: [2023-10-09 22:51:55.342259]: Using the local timmer to pretend to be NTP time. Data recorded
Local Time: 2023-10-09 21:51:55 [INFO] NTP Time: [2023-10-09 22:51:55.459198]: Using the local timmer to pretend to be NTP time. Data recorded
Local Time: 2023-10-09 21:51:55 [INFO] NTP Time: [2023-10-09 22:51:55.571860]: Using the local timmer to pretend to be NTP time. Data recorded
Local Time: 2023-10-09 21:51:55 [INFO] NTP Time: [2023-10-09 22:51:55.688722]: Using the local timmer to pretend to be NTP time. Data recorded
Local Time: 2023-10-09 21:51:55 [INFO] NTP Time: [2023-10-09 22:51:55.805220]: Using the local timmer to pretend to be NTP time. Data recorded
Local Time: 2023-10-09 21:51:55 [INFO] NTP Time: [2023-10-09 22:51:55.925244]: Using the local timmer to pretend to be NTP time. Data recorded
Local Time: 2023-10-09 21:51:56 [INFO] NTP Time: [2023-10-09 22:51:56.041826]: Using the local timmer to pretend to be NTP time. Data recorded
Local Time: 2023-10-09 21:51:56 [INFO] NTP Time: [2023-10-09 22:51:56.172852]: Using the local timmer to pretend to be NTP time. Data recorded
Local Time: 2023-10-09 21:51:56 [INFO] NTP Time: [2023-10-09 22:51:56.297664]: Using the local timmer to pretend to be NTP time. Data recorded
Local Time: 2023-10-09 21:51:56 [INFO] NTP Time: [2023-10-09 22:51:56.409343]: Using the local timmer to pretend to be NTP time. Data recorded
Local Time: 2023-10-09 21:51:56 [INFO] NTP Time: [2023-10-09 22:51:56.529874]: Using the local timmer to pretend to be NTP time. Data recorded
Local Time: 2023-10-09 21:51:56 [INFO] NTP Time: [2023-10-09 22:51:56.642367]: Using the local timmer to pretend to be NTP time. Data recorded
Local Time: 2023-10-09 21:51:56 [INFO] NTP Time: [2023-10-09 22:51:56.768189]: Using the local timmer to pretend to be NTP time. Data recorded
Local Time: 2023-10-09 21:51:56 [INFO] NTP Time: [2023-10-09 22:51:56.894634]: Using the local timmer to pretend to be NTP time. Data recorded
Local Time: 2023-10-09 21:51:57 [INFO] NTP Time: [2023-10-09 22:51:57.024592]: Using the local timmer to pretend to be NTP time. Data recorded
Local Time: 2023-10-09 21:51:57 [INFO] NTP Time: [2023-10-09 22:51:57.139051]: Using the local timmer to pretend to be NTP time. Data recorded
Local Time: 2023-10-09 21:51:57 [INFO] NTP Time: [2023-10-09 22:51:57.278684]: Using the local timmer to pretend to be NTP time. Data recorded
Local Time: 2023-10-09 21:51:57 [INFO] NTP Time: [2023-10-09 22:51:57.895271]: Using the local timmer to pretend to be NTP time. Data recorded
Local Time: 2023-10-09 21:51:58 [INFO] NTP Time: [2023-10-09 22:51:58.017496]: Using the local timmer to pretend to be NTP time. Data recorded
Local Time: 2023-10-09 21:51:58 [INFO] NTP Time: [2023-10-09 22:51:58.130773]: Using the local timmer to pretend to be NTP time. Data recorded
Local Time: 2023-10-09 21:51:58 [INFO] NTP Time: [2023-10-09 22:51:58.275828]: Using the local timmer to pretend to be NTP time. Data recorded
Local Time: 2023-10-09 21:51:58 [INFO] NTP Time: [2023-10-09 22:51:58.391016]: Using the local timmer to pretend to be NTP time. Data recorded
Local Time: 2023-10-09 21:51:58 [INFO] NTP Time: [2023-10-09 22:51:58.617559]: Using the local timmer to pretend to be NTP time. Data recorded
Local Time: 2023-10-09 21:51:58 [INFO] NTP Time: [2023-10-09 22:51:58.734776]: Using the local timmer to pretend to be NTP time. Data recorded
Local Time: 2023-10-09 21:51:58 [INFO] NTP Time: [2023-10-09 22:51:58.852546]: Using the local timmer to pretend to be NTP time. Data recorded
Local Time: 2023-10-09 21:51:58 [INFO] NTP Time: [2023-10-09 22:51:58.986428]: Using the local timmer to pretend to be NTP time. Data recorded
Local Time: 2023-10-09 21:51:59 [INFO] NTP Time: [2023-10-09 22:51:59.135662]: Using the local timmer to pretend to be NTP time. Data recorded
Local Time: 2023-10-09 21:51:59 [INFO] NTP Time: [2023-10-09 22:51:59.291021]: Using the local timmer to pretend to be NTP time. Data recorded
Local Time: 2023-10-09 21:51:59 [INFO] NTP Time: [2023-10-09 22:51:59.407938]: Using the local timmer to pretend to be NTP time. Data recorded
Local Time: 2023-10-09 21:51:59 [INFO] NTP Time: [2023-10-09 22:51:59.529803]: Using the local timmer to pretend to be NTP time. Data recorded
Local Time: 2023-10-09 21:51:59 [INFO] NTP Time: [2023-10-09 22:51:59.642656]: Using the local timmer to pretend to be NTP time. Data recorded
Local Time: 2023-10-09 21:51:59 [INFO] NTP Time: [2023-10-09 22:51:59.764287]: Using the local timmer to pretend to be NTP time. Data recorded
Local Time: 2023-10-09 21:51:59 [INFO] NTP Time: [2023-10-09 22:51:59.879569]: Using the local timmer to pretend to be NTP time. Data recorded
Local Time: 2023-10-09 21:52:00 [INFO] NTP Time: [2023-10-09 22:51:59.999017]: Using the local timmer to pretend to be NTP time. Data recorded
Local Time: 2023-10-09 21:52:00 [INFO] NTP Time: [2023-10-09 22:52:00.115194]: Using the local timmer to pretend to be NTP time. Data recorded
Local Time: 2023-10-09 21:52:00 [INFO] NTP Time: [2023-10-09 22:52:00.231227]: Using the local timmer to pretend to be NTP time. Data recorded
Local Time: 2023-10-09 21:52:00 [INFO] NTP Time: [2023-10-09 22:52:00.348181]: Using the local timmer to pretend to be NTP time. Data recorded
Local Time: 2023-10-09 21:52:00 [INFO] NTP Time: [2023-10-09 22:52:00.466266]: Using the local timmer to pretend to be NTP time. Data recorded
Local Time: 2023-10-09 21:52:00 [INFO] NTP Time: [2023-10-09 22:52:00.583294]: Using the local timmer to pretend to be NTP time. Data recorded
Local Time: 2023-10-09 21:52:00 [INFO] NTP Time: [2023-10-09 22:52:00.705142]: Using the local timmer to pretend to be NTP time. Data recorded
Local Time: 2023-10-09 21:52:00 [INFO] NTP Time: [2023-10-09 22:52:00.827954]: Using the local timmer to pretend to be NTP time. Data recorded
Local Time: 2023-10-09 21:52:00 [INFO] NTP Time: [2023-10-09 22:52:00.947845]: Using the local timmer to pretend to be NTP time. Data recorded
Local Time: 2023-10-09 21:52:01 [INFO] NTP Time: [2023-10-09 22:52:01.063640]: Using the local timmer to pretend to be NTP time. Data recorded
Local Time: 2023-10-09 21:52:01 [INFO] NTP Time: [2023-10-09 22:52:01.187573]: Using the local timmer to pretend to be NTP time. Data recorded
Local Time: 2023-10-09 21:52:01 [INFO] NTP Time: [2023-10-09 22:52:01.364010]: Using the local timmer to pretend to be NTP time. Data recorded
Local Time: 2023-10-09 21:52:01 [INFO] NTP Time: [2023-10-09 22:52:01.482984]: Using the local timmer to pretend to be NTP time. Data recorded
Local Time: 2023-10-09 21:52:01 [INFO] NTP Time: [2023-10-09 22:52:01.600463]: Using the local timmer to pretend to be NTP time. Data recorded
Local Time: 2023-10-09 21:52:01 [INFO] NTP Time: [2023-10-09 22:52:01.830103]: Using the local timmer to pretend to be NTP time. Data recorded
Local Time: 2023-10-09 21:52:01 [INFO] NTP Time: [2023-10-09 22:52:01.946798]: Using the local timmer to pretend to be NTP time. Data recorded
Local Time: 2023-10-09 21:52:02 [INFO] NTP Time: [2023-10-09 22:52:02.236085]: Using the local timmer to pretend to be NTP time. Data recorded
Local Time: 2023-10-09 21:52:02 [INFO] NTP Time: [2023-10-09 22:52:02.357298]: Using the local timmer to pretend to be NTP time. Data recorded
Local Time: 2023-10-09 21:52:02 [INFO] NTP Time: [2023-10-09 22:52:02.569808]: Using the local timmer to pretend to be NTP time. Data recorded
Local Time: 2023-10-09 21:52:02 [INFO] NTP Time: [2023-10-09 22:52:02.700085]: Using the local timmer to pretend to be NTP time. Data recorded
Local Time: 2023-10-09 21:52:02 [INFO] NTP Time: [2023-10-09 22:52:02.815500]: Using the local timmer to pretend to be NTP time. Data recorded
Local Time: 2023-10-09 21:52:02 [INFO] NTP Time: [2023-10-09 22:52:02.935772]: Using the local timmer to pretend to be NTP time. Data recorded
Local Time: 2023-10-09 21:52:03 [INFO] NTP Time: [2023-10-09 22:52:03.056119]: Using the local timmer to pretend to be NTP time. Data recorded
Local Time: 2023-10-09 21:52:03 [INFO] NTP Time: [2023-10-09 22:52:03.179986]: Using the local timmer to pretend to be NTP time. Data recorded
Local Time: 2023-10-09 21:52:03 [INFO] NTP Time: [2023-10-09 22:52:03.413732]: Using the local timmer to pretend to be NTP time. Data recorded
Local Time: 2023-10-09 21:52:03 [INFO] NTP Time: [2023-10-09 22:52:03.572761]: Using the local timmer to pretend to be NTP time. Data recorded
Local Time: 2023-10-09 21:52:03 [INFO] NTP Time: [2023-10-09 22:52:03.732423]: Using the local timmer to pretend to be NTP time. Data recorded
Local Time: 2023-10-09 21:52:03 [INFO] NTP Time: [2023-10-09 22:52:03.855363]: Using the local timmer to pretend to be NTP time. Data recorded
Local Time: 2023-10-09 21:52:04 [INFO] NTP Time: [2023-10-09 22:52:04.155230]: Using the local timmer to pretend to be NTP time. Data recorded
Local Time: 2023-10-09 21:52:04 [INFO] NTP Time: [2023-10-09 22:52:04.302050]: Using the local timmer to pretend to be NTP time. Data recorded
Local Time: 2023-10-09 21:52:04 [INFO] NTP Time: [2023-10-09 22:52:04.442762]: Using the local timmer to pretend to be NTP time. Data recorded
Local Time: 2023-10-09 21:52:04 [INFO] NTP Time: [2023-10-09 22:52:04.563038]: Using the local timmer to pretend to be NTP time. Data recorded
Local Time: 2023-10-09 21:52:04 [INFO] NTP Time: [2023-10-09 22:52:04.736143]: Using the local timmer to pretend to be NTP time. Data recorded
Local Time: 2023-10-09 21:52:04 [INFO] NTP Time: [2023-10-09 22:52:04.896546]: Using the local timmer to pretend to be NTP time. Data recorded
Local Time: 2023-10-09 21:52:05 [INFO] NTP Time: [2023-10-09 22:52:05.026877]: Using the local timmer to pretend to be NTP time. Data recorded
Local Time: 2023-10-09 21:52:05 [INFO] NTP Time: [2023-10-09 22:52:05.212596]: Using the local timmer to pretend to be NTP time. Data recorded
Local Time: 2023-10-09 21:52:05 [INFO] NTP Time: [2023-10-09 22:52:05.362496]: Using the local timmer to pretend to be NTP time. Data recorded
Local Time: 2023-10-09 21:52:05 [INFO] NTP Time: [2023-10-09 22:52:05.731834]: Using the local timmer to pretend to be NTP time. Data recorded
Local Time: 2023-10-09 21:52:05 [INFO] NTP Time: [2023-10-09 22:52:05.856408]: Using the local timmer to pretend to be NTP time. Data recorded
Local Time: 2023-10-09 21:52:06 [INFO] NTP Time: [2023-10-09 22:52:06.212716]: Using the local timmer to pretend to be NTP time. Data recorded
Local Time: 2023-10-09 21:52:06 [INFO] NTP Time: [2023-10-09 22:52:06.340881]: Using the local timmer to pretend to be NTP time. Data recorded
Local Time: 2023-10-09 21:52:06 [INFO] NTP Time: [2023-10-09 22:52:06.505960]: Using the local timmer to pretend to be NTP time. Data recorded
Local Time: 2023-10-09 21:52:06 [INFO] NTP Time: [2023-10-09 22:52:06.622124]: Using the local timmer to pretend to be NTP time. Data recorded
Local Time: 2023-10-09 21:52:06 [INFO] NTP Time: [2023-10-09 22:52:06.842383]: Using the local timmer to pretend to be NTP time. Data recorded
Local Time: 2023-10-09 21:52:06 [INFO] NTP Time: [2023-10-09 22:52:06.962176]: Using the local timmer to pretend to be NTP time. Data recorded
Local Time: 2023-10-09 21:52:07 [INFO] NTP Time: [2023-10-09 22:52:07.143070]: Using the local timmer to pretend to be NTP time. Data recorded
Local Time: 2023-10-09 21:52:07 [INFO] NTP Time: [2023-10-09 22:52:07.261080]: Using the local timmer to pretend to be NTP time. Data recorded
Local Time: 2023-10-09 21:52:07 [INFO] NTP Time: [2023-10-09 22:52:07.424478]: Using the local timmer to pretend to be NTP time. Data recorded
Local Time: 2023-10-09 21:52:07 [INFO] NTP Time: [2023-10-09 22:52:07.539450]: Using the local timmer to pretend to be NTP time. Data recorded
Local Time: 2023-10-09 21:52:07 [INFO] NTP Time: [2023-10-09 22:52:07.715142]: Using the local timmer to pretend to be NTP time. Data recorded
Local Time: 2023-10-09 21:52:08 [INFO] NTP Time: [2023-10-09 22:52:08.065921]: Using the local timmer to pretend to be NTP time. Data recorded
Local Time: 2023-10-09 21:52:08 [INFO] NTP Time: [2023-10-09 22:52:08.190569]: Using the local timmer to pretend to be NTP time. Data recorded
Local Time: 2023-10-09 21:52:08 [INFO] NTP Time: [2023-10-09 22:52:08.311627]: Using the local timmer to pretend to be NTP time. Data recorded
Local Time: 2023-10-09 21:52:08 [INFO] NTP Time: [2023-10-09 22:52:08.426670]: Using the local timmer to pretend to be NTP time. Data recorded
Local Time: 2023-10-09 21:52:08 [INFO] NTP Time: [2023-10-09 22:52:08.549700]: Using the local timmer to pretend to be NTP time. Data recorded
Local Time: 2023-10-09 21:52:08 [INFO] NTP Time: [2023-10-09 22:52:08.666080]: Using the local timmer to pretend to be NTP time. Data recorded
Local Time: 2023-10-09 21:52:08 [INFO] NTP Time: [2023-10-09 22:52:08.823657]: Using the local timmer to pretend to be NTP time. Data recorded
Local Time: 2023-10-09 21:52:08 [INFO] NTP Time: [2023-10-09 22:52:08.951635]: Using the local timmer to pretend to be NTP time. Data recorded
Local Time: 2023-10-09 21:52:09 [INFO] NTP Time: [2023-10-09 22:52:09.127472]: Using the local timmer to pretend to be NTP time. Data recorded
Local Time: 2023-10-09 21:52:09 [INFO] NTP Time: [2023-10-09 22:52:09.251459]: Using the local timmer to pretend to be NTP time. Data recorded
Local Time: 2023-10-09 21:52:09 [INFO] NTP Time: [2023-10-09 22:52:09.423997]: Using the local timmer to pretend to be NTP time. Data recorded
Local Time: 2023-10-09 21:52:09 [INFO] NTP Time: [2023-10-09 22:52:09.540258]: Using the local timmer to pretend to be NTP time. Data recorded
Local Time: 2023-10-09 21:52:09 [INFO] NTP Time: [2023-10-09 22:52:09.731684]: Using the local timmer to pretend to be NTP time. Data recorded
Local Time: 2023-10-09 21:52:09 [INFO] NTP Time: [2023-10-09 22:52:09.851253]: Using the local timmer to pretend to be NTP time. Data recorded
Local Time: 2023-10-09 21:52:10 [INFO] NTP Time: [2023-10-09 22:52:10.066341]: Using the local timmer to pretend to be NTP time. Data recorded
Local Time: 2023-10-09 21:52:10 [INFO] NTP Time: [2023-10-09 22:52:10.559078]: Using the local timmer to pretend to be NTP time. Data recorded
Local Time: 2023-10-09 21:52:10 [INFO] NTP Time: [2023-10-09 22:52:10.676857]: Using the local timmer to pretend to be NTP time. Data recorded
Local Time: 2023-10-09 21:52:10 [INFO] NTP Time: [2023-10-09 22:52:10.795543]: Using the local timmer to pretend to be NTP time. Data recorded
Local Time: 2023-10-09 21:52:10 [INFO] NTP Time: [2023-10-09 22:52:10.919905]: Using the local timmer to pretend to be NTP time. Data recorded
Local Time: 2023-10-09 21:52:11 [INFO] NTP Time: [2023-10-09 22:52:11.036255]: Using the local timmer to pretend to be NTP time. Data recorded
Local Time: 2023-10-09 21:52:11 [INFO] NTP Time: [2023-10-09 22:52:11.193731]: Using the local timmer to pretend to be NTP time. Data recorded
Local Time: 2023-10-09 21:52:11 [INFO] NTP Time: [2023-10-09 22:52:11.317191]: Using the local timmer to pretend to be NTP time. Data recorded
Local Time: 2023-10-09 21:52:11 [INFO] NTP Time: [2023-10-09 22:52:11.975518]: Using the local timmer to pretend to be NTP time. Data recorded
Local Time: 2023-10-09 21:52:12 [INFO] NTP Time: [2023-10-09 22:52:12.100162]: Using the local timmer to pretend to be NTP time. Data recorded
Local Time: 2023-10-09 21:52:12 [INFO] NTP Time: [2023-10-09 22:52:12.271609]: Using the local timmer to pretend to be NTP time. Data recorded
Local Time: 2023-10-09 21:52:12 [INFO] NTP Time: [2023-10-09 22:52:12.389812]: Using the local timmer to pretend to be NTP time. Data recorded
Local Time: 2023-10-09 21:52:12 [INFO] NTP Time: [2023-10-09 22:52:12.508034]: Using the local timmer to pretend to be NTP time. Data recorded
Local Time: 2023-10-09 21:52:12 [INFO] NTP Time: [2023-10-09 22:52:12.697323]: Using the local timmer to pretend to be NTP time. Data recorded
Local Time: 2023-10-09 21:52:12 [INFO] NTP Time: [2023-10-09 22:52:12.827452]: Using the local timmer to pretend to be NTP time. Data recorded
Local Time: 2023-10-09 21:52:12 [INFO] NTP Time: [2023-10-09 22:52:12.943910]: Using the local timmer to pretend to be NTP time. Data recorded
Local Time: 2023-10-09 21:52:13 [INFO] NTP Time: [2023-10-09 22:52:13.082523]: Using the local timmer to pretend to be NTP time. Data recorded
Local Time: 2023-10-09 21:52:13 [INFO] NTP Time: [2023-10-09 22:52:13.528796]: Using the local timmer to pretend to be NTP time. Data recorded
Local Time: 2023-10-09 21:52:13 [INFO] NTP Time: [2023-10-09 22:52:13.646144]: Using the local timmer to pretend to be NTP time. Data recorded
Local Time: 2023-10-09 21:52:13 [INFO] NTP Time: [2023-10-09 22:52:13.768513]: Using the local timmer to pretend to be NTP time. Data recorded
Local Time: 2023-10-09 21:52:14 [INFO] NTP Time: [2023-10-09 22:52:14.459100]: Using the local timmer to pretend to be NTP time. Data recorded
Local Time: 2023-10-09 21:52:15 [INFO] NTP Time: [2023-10-09 22:52:15.200697]: Using the local timmer to pretend to be NTP time. Data recorded
Local Time: 2023-10-09 21:52:15 [INFO] NTP Time: [2023-10-09 22:52:15.407437]: Using the local timmer to pretend to be NTP time. Data recorded
Local Time: 2023-10-09 21:52:16 [INFO] NTP Time: [2023-10-09 22:52:16.386207]: Using the local timmer to pretend to be NTP time. Data recorded
Local Time: 2023-10-09 21:52:17 [INFO] NTP Time: [2023-10-09 22:52:17.021357]: Using the local timmer to pretend to be NTP time. Data recorded
Local Time: 2023-10-09 21:52:17 [INFO] NTP Time: [2023-10-09 22:52:17.782745]: Using the local timmer to pretend to be NTP time. Data recorded
Local Time: 2023-10-09 21:52:18 [INFO] NTP Time: [2023-10-09 22:52:18.171427]: Using the local timmer to pretend to be NTP time. Data recorded
Local Time: 2023-10-09 21:52:18 [INFO] NTP Time: [2023-10-09 22:52:18.338727]: Using the local timmer to pretend to be NTP time. Data recorded
Local Time: 2023-10-09 21:52:18 [INFO] NTP Time: [2023-10-09 22:52:18.463015]: Using the local timmer to pretend to be NTP time. Data recorded
Local Time: 2023-10-09 21:52:18 [INFO] NTP Time: [2023-10-09 22:52:18.590638]: Using the local timmer to pretend to be NTP time. Data recorded
Local Time: 2023-10-09 21:52:18 [INFO] NTP Time: [2023-10-09 22:52:18.718614]: Using the local timmer to pretend to be NTP time. Data recorded
Local Time: 2023-10-09 21:52:18 [INFO] NTP Time: [2023-10-09 22:52:18.836648]: Using the local timmer to pretend to be NTP time. Data recorded
Local Time: 2023-10-09 21:52:19 [INFO] NTP Time: [2023-10-09 22:52:19.117155]: Using the local timmer to pretend to be NTP time. Data recorded
Local Time: 2023-10-09 21:52:19 [INFO] NTP Time: [2023-10-09 22:52:19.246805]: Using the local timmer to pretend to be NTP time. Data recorded
Local Time: 2023-10-09 21:52:19 [INFO] NTP Time: [2023-10-09 22:52:19.599112]: Using the local timmer to pretend to be NTP time. Data recorded
Local Time: 2023-10-09 21:52:19 [INFO] NTP Time: [2023-10-09 22:52:19.769097]: Using the local timmer to pretend to be NTP time. Data recorded
Local Time: 2023-10-09 21:52:20 [INFO] NTP Time: [2023-10-09 22:52:20.002004]: Using the local timmer to pretend to be NTP time. Data recorded
Local Time: 2023-10-09 21:52:20 [INFO] NTP Time: [2023-10-09 22:52:20.126391]: Using the local timmer to pretend to be NTP time. Data recorded
Local Time: 2023-10-09 21:52:20 [INFO] NTP Time: [2023-10-09 22:52:20.247979]: Using the local timmer to pretend to be NTP time. Data recorded
Local Time: 2023-10-09 21:52:20 [INFO] NTP Time: [2023-10-09 22:52:20.366332]: Using the local timmer to pretend to be NTP time. Data recorded
Local Time: 2023-10-09 21:52:20 [INFO] NTP Time: [2023-10-09 22:52:20.532457]: Using the local timmer to pretend to be NTP time. Data recorded
Local Time: 2023-10-09 21:52:20 [INFO] NTP Time: [2023-10-09 22:52:20.731730]: Using the local timmer to pretend to be NTP time. Data recorded
Local Time: 2023-10-09 21:52:20 [INFO] NTP Time: [2023-10-09 22:52:20.859209]: Using the local timmer to pretend to be NTP time. Data recorded
Local Time: 2023-10-09 21:52:21 [INFO] NTP Time: [2023-10-09 22:52:21.189017]: Using the local timmer to pretend to be NTP time. Data recorded
Local Time: 2023-10-09 21:52:21 [INFO] NTP Time: [2023-10-09 22:52:21.330800]: Using the local timmer to pretend to be NTP time. Data recorded
Local Time: 2023-10-09 21:52:21 [INFO] NTP Time: [2023-10-09 22:52:21.467982]: Using the local timmer to pretend to be NTP time. Data recorded
Local Time: 2023-10-09 21:52:21 [INFO] NTP Time: [2023-10-09 22:52:21.596396]: Using the local timmer to pretend to be NTP time. Data recorded
Local Time: 2023-10-09 21:52:21 [INFO] NTP Time: [2023-10-09 22:52:21.738264]: Using the local timmer to pretend to be NTP time. Data recorded
Local Time: 2023-10-09 21:52:21 [INFO] NTP Time: [2023-10-09 22:52:21.862038]: Using the local timmer to pretend to be NTP time. Data recorded
Local Time: 2023-10-09 21:52:22 [INFO] NTP Time: [2023-10-09 22:52:22.141781]: Using the local timmer to pretend to be NTP time. Data recorded
Local Time: 2023-10-09 21:52:22 [INFO] NTP Time: [2023-10-09 22:52:22.301771]: Using the local timmer to pretend to be NTP time. Data recorded
Local Time: 2023-10-09 21:52:22 [INFO] NTP Time: [2023-10-09 22:52:22.502738]: Using the local timmer to pretend to be NTP time. Data recorded
Local Time: 2023-10-09 21:52:22 [INFO] NTP Time: [2023-10-09 22:52:22.625903]: Using the local timmer to pretend to be NTP time. Data recorded
Local Time: 2023-10-09 21:52:22 [INFO] NTP Time: [2023-10-09 22:52:22.875287]: Using the local timmer to pretend to be NTP time. Data recorded
Local Time: 2023-10-09 21:52:22 [INFO] NTP Time: [2023-10-09 22:52:22.997374]: Using the local timmer to pretend to be NTP time. Data recorded
Local Time: 2023-10-09 21:52:23 [INFO] NTP Time: [2023-10-09 22:52:23.391461]: Using the local timmer to pretend to be NTP time. Data recorded
Local Time: 2023-10-09 21:52:23 [INFO] NTP Time: [2023-10-09 22:52:23.544420]: Using the local timmer to pretend to be NTP time. Data recorded
Local Time: 2023-10-09 21:52:23 [INFO] NTP Time: [2023-10-09 22:52:23.765176]: Using the local timmer to pretend to be NTP time. Data recorded
Local Time: 2023-10-09 21:52:23 [INFO] NTP Time: [2023-10-09 22:52:23.895701]: Using the local timmer to pretend to be NTP time. Data recorded
Local Time: 2023-10-09 21:52:24 [INFO] NTP Time: [2023-10-09 22:52:24.141528]: Using the local timmer to pretend to be NTP time. Data recorded
Local Time: 2023-10-09 21:52:24 [INFO] NTP Time: [2023-10-09 22:52:24.278732]: Using the local timmer to pretend to be NTP time. Data recorded
Local Time: 2023-10-09 21:52:24 [INFO] NTP Time: [2023-10-09 22:52:24.480071]: Using the local timmer to pretend to be NTP time. Data recorded
Local Time: 2023-10-09 21:52:25 [INFO] NTP Time: [2023-10-09 22:52:25.310430]: Using the local timmer to pretend to be NTP time. Data recorded
Local Time: 2023-10-09 21:52:25 [INFO] NTP Time: [2023-10-09 22:52:25.918254]: Using the local timmer to pretend to be NTP time. Data recorded
Local Time: 2023-10-09 21:52:26 [INFO] NTP Time: [2023-10-09 22:52:26.686950]: Using the local timmer to pretend to be NTP time. Data recorded
Local Time: 2023-10-09 21:52:27 [INFO] NTP Time: [2023-10-09 22:52:27.373594]: Using the local timmer to pretend to be NTP time. Data recorded
Local Time: 2023-10-09 21:52:27 [INFO] NTP Time: [2023-10-09 22:52:27.489435]: Using the local timmer to pretend to be NTP time. Data recorded
Local Time: 2023-10-09 21:52:27 [INFO] NTP Time: [2023-10-09 22:52:27.960147]: End recording by a terminate action.
