Local Time: 2023-10-09 20:46:52 [INFO] NTP Time: [2023-10-09 21:46:52.895673]: Loaded configuration: {'participant': {'id': 'P001', 'age': '25', 'gender': 'M', 'ethnicity': 'Caucasian', 'height': '165', 'weight': '65'}, 'experiment': {'date': '2022-01-01', 'time': '14:00:00', 'condition': 'HW101M', 'group': 'A', 'illumination_level': 'low'}, 'task_info': {'task_name': 'Task1', 'trial_number': '5'}, 'notes': {'comments': 'Participant seemed tired during the session.'}, 'label_info': {'activity': 'sit'}}
Local Time: 2023-10-09 20:46:52 [INFO] NTP Time: [2023-10-09 21:46:52.895761]: Loaded mmwave configuration: {'setting1': 'value1', 'setting2': 'value2', 'Data storage location': 'AWR1843-Read-Data-Python-MMWAVE-SDK-3--master/data', 'mmwave_Datatype': 'dictionary'}
Local Time: 2023-10-09 20:46:53 [INFO] NTP Time: [2023-10-09 21:46:53.724744]: Using NTP time as the start timmer.
Local Time: 2023-10-09 20:46:53 [INFO] NTP Time: [2023-10-09 21:46:53.840436]: Using the local timmer to pretend to be NTP time. Data recorded
Local Time: 2023-10-09 20:46:54 [INFO] NTP Time: [2023-10-09 21:46:54.004781]: Using the local timmer to pretend to be NTP time. Data recorded
Local Time: 2023-10-09 20:46:54 [INFO] NTP Time: [2023-10-09 21:46:54.019450]: Using the local timmer to pretend to be NTP time. Data recorded
Local Time: 2023-10-09 20:46:54 [INFO] NTP Time: [2023-10-09 21:46:54.141063]: Using the local timmer to pretend to be NTP time. Data recorded
Local Time: 2023-10-09 20:46:54 [INFO] NTP Time: [2023-10-09 21:46:54.280402]: Using the local timmer to pretend to be NTP time. Data recorded
Local Time: 2023-10-09 20:46:54 [INFO] NTP Time: [2023-10-09 21:46:54.395607]: Using the local timmer to pretend to be NTP time. Data recorded
Local Time: 2023-10-09 20:46:54 [INFO] NTP Time: [2023-10-09 21:46:54.519805]: Using the local timmer to pretend to be NTP time. Data recorded
Local Time: 2023-10-09 20:46:54 [INFO] NTP Time: [2023-10-09 21:46:54.634561]: Using the local timmer to pretend to be NTP time. Data recorded
Local Time: 2023-10-09 20:46:54 [INFO] NTP Time: [2023-10-09 21:46:54.765147]: Using the local timmer to pretend to be NTP time. Data recorded
Local Time: 2023-10-09 20:46:54 [INFO] NTP Time: [2023-10-09 21:46:54.880941]: Using the local timmer to pretend to be NTP time. Data recorded
Local Time: 2023-10-09 20:46:54 [INFO] NTP Time: [2023-10-09 21:46:54.893073]: Using the local timmer to pretend to be NTP time. Data recorded
Local Time: 2023-10-09 20:46:55 [INFO] NTP Time: [2023-10-09 21:46:55.040401]: Using the local timmer to pretend to be NTP time. Data recorded
Local Time: 2023-10-09 20:46:55 [INFO] NTP Time: [2023-10-09 21:46:55.163383]: Using the local timmer to pretend to be NTP time. Data recorded
Local Time: 2023-10-09 20:46:55 [INFO] NTP Time: [2023-10-09 21:46:55.286578]: Using the local timmer to pretend to be NTP time. Data recorded
Local Time: 2023-10-09 20:46:55 [INFO] NTP Time: [2023-10-09 21:46:55.402783]: Using the local timmer to pretend to be NTP time. Data recorded
Local Time: 2023-10-09 20:46:55 [INFO] NTP Time: [2023-10-09 21:46:55.542123]: Using the local timmer to pretend to be NTP time. Data recorded
Local Time: 2023-10-09 20:46:55 [INFO] NTP Time: [2023-10-09 21:46:55.660009]: Using the local timmer to pretend to be NTP time. Data recorded
Local Time: 2023-10-09 20:46:55 [INFO] NTP Time: [2023-10-09 21:46:55.798145]: Using the local timmer to pretend to be NTP time. Data recorded
Local Time: 2023-10-09 20:46:55 [INFO] NTP Time: [2023-10-09 21:46:55.932509]: Using the local timmer to pretend to be NTP time. Data recorded
Local Time: 2023-10-09 20:46:56 [INFO] NTP Time: [2023-10-09 21:46:56.054815]: Using the local timmer to pretend to be NTP time. Data recorded
Local Time: 2023-10-09 20:46:56 [INFO] NTP Time: [2023-10-09 21:46:56.185178]: Using the local timmer to pretend to be NTP time. Data recorded
Local Time: 2023-10-09 20:46:56 [INFO] NTP Time: [2023-10-09 21:46:56.302137]: Using the local timmer to pretend to be NTP time. Data recorded
Local Time: 2023-10-09 20:46:56 [INFO] NTP Time: [2023-10-09 21:46:56.419521]: Using the local timmer to pretend to be NTP time. Data recorded
Local Time: 2023-10-09 20:46:56 [INFO] NTP Time: [2023-10-09 21:46:56.571484]: Using the local timmer to pretend to be NTP time. Data recorded
Local Time: 2023-10-09 20:46:56 [INFO] NTP Time: [2023-10-09 21:46:56.692459]: Using the local timmer to pretend to be NTP time. Data recorded
Local Time: 2023-10-09 20:46:56 [INFO] NTP Time: [2023-10-09 21:46:56.808117]: Using the local timmer to pretend to be NTP time. Data recorded
Local Time: 2023-10-09 20:46:56 [INFO] NTP Time: [2023-10-09 21:46:56.959907]: Using the local timmer to pretend to be NTP time. Data recorded
Local Time: 2023-10-09 20:46:57 [INFO] NTP Time: [2023-10-09 21:46:57.076882]: Using the local timmer to pretend to be NTP time. Data recorded
Local Time: 2023-10-09 20:46:57 [INFO] NTP Time: [2023-10-09 21:46:57.212814]: Using the local timmer to pretend to be NTP time. Data recorded
Local Time: 2023-10-09 20:46:57 [INFO] NTP Time: [2023-10-09 21:46:57.330811]: Using the local timmer to pretend to be NTP time. Data recorded
Local Time: 2023-10-09 20:46:57 [INFO] NTP Time: [2023-10-09 21:46:57.449716]: Using the local timmer to pretend to be NTP time. Data recorded
Local Time: 2023-10-09 20:46:57 [INFO] NTP Time: [2023-10-09 21:46:57.588428]: Using the local timmer to pretend to be NTP time. Data recorded
Local Time: 2023-10-09 20:46:57 [INFO] NTP Time: [2023-10-09 21:46:57.713169]: Using the local timmer to pretend to be NTP time. Data recorded
Local Time: 2023-10-09 20:46:57 [INFO] NTP Time: [2023-10-09 21:46:57.828203]: Using the local timmer to pretend to be NTP time. Data recorded
Local Time: 2023-10-09 20:46:57 [INFO] NTP Time: [2023-10-09 21:46:57.953097]: Using the local timmer to pretend to be NTP time. Data recorded
Local Time: 2023-10-09 20:46:58 [INFO] NTP Time: [2023-10-09 21:46:58.071763]: Using the local timmer to pretend to be NTP time. Data recorded
Local Time: 2023-10-09 20:46:58 [INFO] NTP Time: [2023-10-09 21:46:58.190752]: Using the local timmer to pretend to be NTP time. Data recorded
Local Time: 2023-10-09 20:46:58 [INFO] NTP Time: [2023-10-09 21:46:58.311715]: Using the local timmer to pretend to be NTP time. Data recorded
Local Time: 2023-10-09 20:46:58 [INFO] NTP Time: [2023-10-09 21:46:58.434364]: Using the local timmer to pretend to be NTP time. Data recorded
Local Time: 2023-10-09 20:46:58 [INFO] NTP Time: [2023-10-09 21:46:58.553446]: Using the local timmer to pretend to be NTP time. Data recorded
Local Time: 2023-10-09 20:46:58 [INFO] NTP Time: [2023-10-09 21:46:58.681554]: Using the local timmer to pretend to be NTP time. Data recorded
Local Time: 2023-10-09 20:46:58 [INFO] NTP Time: [2023-10-09 21:46:58.798668]: Using the local timmer to pretend to be NTP time. Data recorded
Local Time: 2023-10-09 20:46:58 [INFO] NTP Time: [2023-10-09 21:46:58.914314]: Using the local timmer to pretend to be NTP time. Data recorded
Local Time: 2023-10-09 20:46:59 [INFO] NTP Time: [2023-10-09 21:46:59.030088]: Using the local timmer to pretend to be NTP time. Data recorded
Local Time: 2023-10-09 20:46:59 [INFO] NTP Time: [2023-10-09 21:46:59.173842]: Using the local timmer to pretend to be NTP time. Data recorded
Local Time: 2023-10-09 20:46:59 [INFO] NTP Time: [2023-10-09 21:46:59.299728]: Using the local timmer to pretend to be NTP time. Data recorded
Local Time: 2023-10-09 20:46:59 [INFO] NTP Time: [2023-10-09 21:46:59.440025]: Using the local timmer to pretend to be NTP time. Data recorded
Local Time: 2023-10-09 20:46:59 [INFO] NTP Time: [2023-10-09 21:46:59.562803]: Using the local timmer to pretend to be NTP time. Data recorded
Local Time: 2023-10-09 20:46:59 [INFO] NTP Time: [2023-10-09 21:46:59.691456]: Using the local timmer to pretend to be NTP time. Data recorded
Local Time: 2023-10-09 20:46:59 [INFO] NTP Time: [2023-10-09 21:46:59.816665]: Using the local timmer to pretend to be NTP time. Data recorded
Local Time: 2023-10-09 20:46:59 [INFO] NTP Time: [2023-10-09 21:46:59.938820]: Using the local timmer to pretend to be NTP time. Data recorded
Local Time: 2023-10-09 20:47:00 [INFO] NTP Time: [2023-10-09 21:47:00.076262]: Using the local timmer to pretend to be NTP time. Data recorded
Local Time: 2023-10-09 20:47:00 [INFO] NTP Time: [2023-10-09 21:47:00.227755]: Using the local timmer to pretend to be NTP time. Data recorded
Local Time: 2023-10-09 20:47:00 [INFO] NTP Time: [2023-10-09 21:47:00.344975]: Using the local timmer to pretend to be NTP time. Data recorded
Local Time: 2023-10-09 20:47:00 [INFO] NTP Time: [2023-10-09 21:47:00.460825]: Using the local timmer to pretend to be NTP time. Data recorded
Local Time: 2023-10-09 20:47:00 [INFO] NTP Time: [2023-10-09 21:47:00.577717]: Using the local timmer to pretend to be NTP time. Data recorded
Local Time: 2023-10-09 20:47:00 [INFO] NTP Time: [2023-10-09 21:47:00.693906]: Using the local timmer to pretend to be NTP time. Data recorded
Local Time: 2023-10-09 20:47:00 [INFO] NTP Time: [2023-10-09 21:47:00.810165]: Using the local timmer to pretend to be NTP time. Data recorded
Local Time: 2023-10-09 20:47:00 [INFO] NTP Time: [2023-10-09 21:47:00.926699]: Using the local timmer to pretend to be NTP time. Data recorded
Local Time: 2023-10-09 20:47:01 [INFO] NTP Time: [2023-10-09 21:47:01.042820]: Using the local timmer to pretend to be NTP time. Data recorded
Local Time: 2023-10-09 20:47:01 [INFO] NTP Time: [2023-10-09 21:47:01.159318]: Using the local timmer to pretend to be NTP time. Data recorded
Local Time: 2023-10-09 20:47:01 [INFO] NTP Time: [2023-10-09 21:47:01.275341]: Using the local timmer to pretend to be NTP time. Data recorded
Local Time: 2023-10-09 20:47:01 [INFO] NTP Time: [2023-10-09 21:47:01.392345]: Using the local timmer to pretend to be NTP time. Data recorded
Local Time: 2023-10-09 20:47:01 [INFO] NTP Time: [2023-10-09 21:47:01.509095]: Using the local timmer to pretend to be NTP time. Data recorded
Local Time: 2023-10-09 20:47:01 [INFO] NTP Time: [2023-10-09 21:47:01.625382]: Using the local timmer to pretend to be NTP time. Data recorded
Local Time: 2023-10-09 20:47:01 [INFO] NTP Time: [2023-10-09 21:47:01.768707]: Using the local timmer to pretend to be NTP time. Data recorded
Local Time: 2023-10-09 20:47:01 [INFO] NTP Time: [2023-10-09 21:47:01.889248]: Using the local timmer to pretend to be NTP time. Data recorded
Local Time: 2023-10-09 20:47:02 [INFO] NTP Time: [2023-10-09 21:47:02.114766]: Using the local timmer to pretend to be NTP time. Data recorded
Local Time: 2023-10-09 20:47:02 [INFO] NTP Time: [2023-10-09 21:47:02.336459]: Using the local timmer to pretend to be NTP time. Data recorded
Local Time: 2023-10-09 20:47:02 [INFO] NTP Time: [2023-10-09 21:47:02.527419]: Using the local timmer to pretend to be NTP time. Data recorded
Local Time: 2023-10-09 20:47:02 [INFO] NTP Time: [2023-10-09 21:47:02.644463]: Using the local timmer to pretend to be NTP time. Data recorded
Local Time: 2023-10-09 20:47:02 [INFO] NTP Time: [2023-10-09 21:47:02.772779]: Using the local timmer to pretend to be NTP time. Data recorded
Local Time: 2023-10-09 20:47:03 [INFO] NTP Time: [2023-10-09 21:47:03.022075]: Using the local timmer to pretend to be NTP time. Data recorded
Local Time: 2023-10-09 20:47:03 [INFO] NTP Time: [2023-10-09 21:47:03.243015]: Using the local timmer to pretend to be NTP time. Data recorded
Local Time: 2023-10-09 20:47:03 [INFO] NTP Time: [2023-10-09 21:47:03.360025]: Using the local timmer to pretend to be NTP time. Data recorded
Local Time: 2023-10-09 20:47:03 [INFO] NTP Time: [2023-10-09 21:47:03.476529]: Using the local timmer to pretend to be NTP time. Data recorded
Local Time: 2023-10-09 20:47:03 [INFO] NTP Time: [2023-10-09 21:47:03.619039]: Using the local timmer to pretend to be NTP time. Data recorded
Local Time: 2023-10-09 20:47:03 [INFO] NTP Time: [2023-10-09 21:47:03.740390]: Using the local timmer to pretend to be NTP time. Data recorded
Local Time: 2023-10-09 20:47:03 [INFO] NTP Time: [2023-10-09 21:47:03.877123]: Using the local timmer to pretend to be NTP time. Data recorded
Local Time: 2023-10-09 20:47:04 [INFO] NTP Time: [2023-10-09 21:47:04.006440]: Using the local timmer to pretend to be NTP time. Data recorded
Local Time: 2023-10-09 20:47:04 [INFO] NTP Time: [2023-10-09 21:47:04.147003]: Using the local timmer to pretend to be NTP time. Data recorded
Local Time: 2023-10-09 20:47:04 [INFO] NTP Time: [2023-10-09 21:47:04.303749]: Using the local timmer to pretend to be NTP time. Data recorded
Local Time: 2023-10-09 20:47:04 [INFO] NTP Time: [2023-10-09 21:47:04.432966]: Using the local timmer to pretend to be NTP time. Data recorded
Local Time: 2023-10-09 20:47:04 [INFO] NTP Time: [2023-10-09 21:47:04.566046]: Using the local timmer to pretend to be NTP time. Data recorded
Local Time: 2023-10-09 20:47:04 [INFO] NTP Time: [2023-10-09 21:47:04.692236]: Using the local timmer to pretend to be NTP time. Data recorded
Local Time: 2023-10-09 20:47:04 [INFO] NTP Time: [2023-10-09 21:47:04.812649]: Using the local timmer to pretend to be NTP time. Data recorded
Local Time: 2023-10-09 20:47:04 [INFO] NTP Time: [2023-10-09 21:47:04.933139]: Using the local timmer to pretend to be NTP time. Data recorded
Local Time: 2023-10-09 20:47:05 [INFO] NTP Time: [2023-10-09 21:47:05.070108]: Using the local timmer to pretend to be NTP time. Data recorded
Local Time: 2023-10-09 20:47:05 [INFO] NTP Time: [2023-10-09 21:47:05.219328]: Using the local timmer to pretend to be NTP time. Data recorded
Local Time: 2023-10-09 20:47:05 [INFO] NTP Time: [2023-10-09 21:47:05.342159]: Using the local timmer to pretend to be NTP time. Data recorded
Local Time: 2023-10-09 20:47:05 [INFO] NTP Time: [2023-10-09 21:47:05.484388]: Using the local timmer to pretend to be NTP time. Data recorded
Local Time: 2023-10-09 20:47:05 [INFO] NTP Time: [2023-10-09 21:47:05.605350]: Using the local timmer to pretend to be NTP time. Data recorded
Local Time: 2023-10-09 20:47:05 [INFO] NTP Time: [2023-10-09 21:47:05.723357]: Using the local timmer to pretend to be NTP time. Data recorded
Local Time: 2023-10-09 20:47:05 [INFO] NTP Time: [2023-10-09 21:47:05.874960]: Using the local timmer to pretend to be NTP time. Data recorded
Local Time: 2023-10-09 20:47:05 [INFO] NTP Time: [2023-10-09 21:47:05.995100]: Using the local timmer to pretend to be NTP time. Data recorded
Local Time: 2023-10-09 20:47:06 [INFO] NTP Time: [2023-10-09 21:47:06.147937]: Using the local timmer to pretend to be NTP time. Data recorded
Local Time: 2023-10-09 20:47:06 [INFO] NTP Time: [2023-10-09 21:47:06.267235]: Using the local timmer to pretend to be NTP time. Data recorded
Local Time: 2023-10-09 20:47:06 [INFO] NTP Time: [2023-10-09 21:47:06.414702]: Using the local timmer to pretend to be NTP time. Data recorded
Local Time: 2023-10-09 20:47:06 [INFO] NTP Time: [2023-10-09 21:47:06.549555]: Using the local timmer to pretend to be NTP time. Data recorded
Local Time: 2023-10-09 20:47:06 [INFO] NTP Time: [2023-10-09 21:47:06.674315]: Using the local timmer to pretend to be NTP time. Data recorded
Local Time: 2023-10-09 20:47:06 [INFO] NTP Time: [2023-10-09 21:47:06.795739]: Using the local timmer to pretend to be NTP time. Data recorded
Local Time: 2023-10-09 20:47:06 [INFO] NTP Time: [2023-10-09 21:47:06.946616]: Using the local timmer to pretend to be NTP time. Data recorded
Local Time: 2023-10-09 20:47:07 [INFO] NTP Time: [2023-10-09 21:47:07.085343]: Using the local timmer to pretend to be NTP time. Data recorded
Local Time: 2023-10-09 20:47:07 [INFO] NTP Time: [2023-10-09 21:47:07.204804]: Using the local timmer to pretend to be NTP time. Data recorded
Local Time: 2023-10-09 20:47:07 [INFO] NTP Time: [2023-10-09 21:47:07.361095]: Using the local timmer to pretend to be NTP time. Data recorded
Local Time: 2023-10-09 20:47:07 [INFO] NTP Time: [2023-10-09 21:47:07.486286]: Using the local timmer to pretend to be NTP time. Data recorded
Local Time: 2023-10-09 20:47:07 [INFO] NTP Time: [2023-10-09 21:47:07.605460]: Using the local timmer to pretend to be NTP time. Data recorded
Local Time: 2023-10-09 20:47:07 [INFO] NTP Time: [2023-10-09 21:47:07.759752]: Using the local timmer to pretend to be NTP time. Data recorded
Local Time: 2023-10-09 20:47:07 [INFO] NTP Time: [2023-10-09 21:47:07.881116]: Using the local timmer to pretend to be NTP time. Data recorded
Local Time: 2023-10-09 20:47:08 [INFO] NTP Time: [2023-10-09 21:47:08.049604]: Using the local timmer to pretend to be NTP time. Data recorded
Local Time: 2023-10-09 20:47:08 [INFO] NTP Time: [2023-10-09 21:47:08.185130]: Using the local timmer to pretend to be NTP time. Data recorded
Local Time: 2023-10-09 20:47:08 [INFO] NTP Time: [2023-10-09 21:47:08.326906]: Using the local timmer to pretend to be NTP time. Data recorded
Local Time: 2023-10-09 20:47:08 [INFO] NTP Time: [2023-10-09 21:47:08.458121]: Using the local timmer to pretend to be NTP time. Data recorded
Local Time: 2023-10-09 20:47:08 [INFO] NTP Time: [2023-10-09 21:47:08.646107]: Using the local timmer to pretend to be NTP time. Data recorded
Local Time: 2023-10-09 20:47:08 [INFO] NTP Time: [2023-10-09 21:47:08.799027]: Using the local timmer to pretend to be NTP time. Data recorded
Local Time: 2023-10-09 20:47:08 [INFO] NTP Time: [2023-10-09 21:47:08.935197]: Using the local timmer to pretend to be NTP time. Data recorded
Local Time: 2023-10-09 20:47:09 [INFO] NTP Time: [2023-10-09 21:47:09.082636]: Using the local timmer to pretend to be NTP time. Data recorded
Local Time: 2023-10-09 20:47:09 [INFO] NTP Time: [2023-10-09 21:47:09.202834]: Using the local timmer to pretend to be NTP time. Data recorded
Local Time: 2023-10-09 20:47:09 [INFO] NTP Time: [2023-10-09 21:47:09.324065]: Using the local timmer to pretend to be NTP time. Data recorded
Local Time: 2023-10-09 20:47:09 [INFO] NTP Time: [2023-10-09 21:47:09.491820]: Using the local timmer to pretend to be NTP time. Data recorded
Local Time: 2023-10-09 20:47:09 [INFO] NTP Time: [2023-10-09 21:47:09.611666]: Using the local timmer to pretend to be NTP time. Data recorded
Local Time: 2023-10-09 20:47:09 [INFO] NTP Time: [2023-10-09 21:47:09.751609]: Using the local timmer to pretend to be NTP time. Data recorded
Local Time: 2023-10-09 20:47:09 [INFO] NTP Time: [2023-10-09 21:47:09.885057]: Using the local timmer to pretend to be NTP time. Data recorded
Local Time: 2023-10-09 20:47:10 [INFO] NTP Time: [2023-10-09 21:47:10.005498]: Using the local timmer to pretend to be NTP time. Data recorded
Local Time: 2023-10-09 20:47:10 [INFO] NTP Time: [2023-10-09 21:47:10.172885]: Using the local timmer to pretend to be NTP time. Data recorded
Local Time: 2023-10-09 20:47:10 [INFO] NTP Time: [2023-10-09 21:47:10.307182]: Using the local timmer to pretend to be NTP time. Data recorded
Local Time: 2023-10-09 20:47:10 [INFO] NTP Time: [2023-10-09 21:47:10.448459]: Using the local timmer to pretend to be NTP time. Data recorded
Local Time: 2023-10-09 20:47:10 [INFO] NTP Time: [2023-10-09 21:47:10.590520]: Using the local timmer to pretend to be NTP time. Data recorded
Local Time: 2023-10-09 20:47:10 [INFO] NTP Time: [2023-10-09 21:47:10.710613]: Using the local timmer to pretend to be NTP time. Data recorded
Local Time: 2023-10-09 20:47:10 [INFO] NTP Time: [2023-10-09 21:47:10.829680]: Using the local timmer to pretend to be NTP time. Data recorded
Local Time: 2023-10-09 20:47:10 [INFO] NTP Time: [2023-10-09 21:47:10.949367]: Using the local timmer to pretend to be NTP time. Data recorded
Local Time: 2023-10-09 20:47:11 [INFO] NTP Time: [2023-10-09 21:47:11.068278]: Using the local timmer to pretend to be NTP time. Data recorded
Local Time: 2023-10-09 20:47:11 [INFO] NTP Time: [2023-10-09 21:47:11.188116]: Using the local timmer to pretend to be NTP time. Data recorded
Local Time: 2023-10-09 20:47:11 [INFO] NTP Time: [2023-10-09 21:47:11.307758]: Using the local timmer to pretend to be NTP time. Data recorded
Local Time: 2023-10-09 20:47:11 [INFO] NTP Time: [2023-10-09 21:47:11.427778]: Using the local timmer to pretend to be NTP time. Data recorded
Local Time: 2023-10-09 20:47:11 [INFO] NTP Time: [2023-10-09 21:47:11.547450]: Using the local timmer to pretend to be NTP time. Data recorded
Local Time: 2023-10-09 20:47:11 [INFO] NTP Time: [2023-10-09 21:47:11.667384]: Using the local timmer to pretend to be NTP time. Data recorded
Local Time: 2023-10-09 20:47:11 [INFO] NTP Time: [2023-10-09 21:47:11.786735]: Using the local timmer to pretend to be NTP time. Data recorded
Local Time: 2023-10-09 20:47:11 [INFO] NTP Time: [2023-10-09 21:47:11.911769]: Using the local timmer to pretend to be NTP time. Data recorded
Local Time: 2023-10-09 20:47:12 [INFO] NTP Time: [2023-10-09 21:47:12.056311]: Using the local timmer to pretend to be NTP time. Data recorded
Local Time: 2023-10-09 20:47:12 [INFO] NTP Time: [2023-10-09 21:47:12.193625]: Using the local timmer to pretend to be NTP time. Data recorded
Local Time: 2023-10-09 20:47:12 [INFO] NTP Time: [2023-10-09 21:47:12.328715]: Using the local timmer to pretend to be NTP time. Data recorded
Local Time: 2023-10-09 20:47:12 [INFO] NTP Time: [2023-10-09 21:47:12.487225]: Using the local timmer to pretend to be NTP time. Data recorded
Local Time: 2023-10-09 20:47:12 [INFO] NTP Time: [2023-10-09 21:47:12.608815]: Using the local timmer to pretend to be NTP time. Data recorded
Local Time: 2023-10-09 20:47:12 [INFO] NTP Time: [2023-10-09 21:47:12.729498]: Using the local timmer to pretend to be NTP time. Data recorded
Local Time: 2023-10-09 20:47:12 [INFO] NTP Time: [2023-10-09 21:47:12.891517]: Using the local timmer to pretend to be NTP time. Data recorded
Local Time: 2023-10-09 20:47:13 [INFO] NTP Time: [2023-10-09 21:47:13.017354]: Using the local timmer to pretend to be NTP time. Data recorded
Local Time: 2023-10-09 20:47:13 [INFO] NTP Time: [2023-10-09 21:47:13.163298]: Using the local timmer to pretend to be NTP time. Data recorded
Local Time: 2023-10-09 20:47:13 [INFO] NTP Time: [2023-10-09 21:47:13.288057]: Using the local timmer to pretend to be NTP time. Data recorded
Local Time: 2023-10-09 20:47:13 [INFO] NTP Time: [2023-10-09 21:47:13.408934]: Using the local timmer to pretend to be NTP time. Data recorded
Local Time: 2023-10-09 20:47:13 [INFO] NTP Time: [2023-10-09 21:47:13.530006]: Using the local timmer to pretend to be NTP time. Data recorded
Local Time: 2023-10-09 20:47:13 [INFO] NTP Time: [2023-10-09 21:47:13.687923]: Using the local timmer to pretend to be NTP time. Data recorded
Local Time: 2023-10-09 20:47:13 [INFO] NTP Time: [2023-10-09 21:47:13.818767]: Using the local timmer to pretend to be NTP time. Data recorded
Local Time: 2023-10-09 20:47:13 [INFO] NTP Time: [2023-10-09 21:47:13.962972]: Using the local timmer to pretend to be NTP time. Data recorded
Local Time: 2023-10-09 20:47:14 [INFO] NTP Time: [2023-10-09 21:47:14.086437]: Using the local timmer to pretend to be NTP time. Data recorded
Local Time: 2023-10-09 20:47:14 [INFO] NTP Time: [2023-10-09 21:47:14.208031]: Using the local timmer to pretend to be NTP time. Data recorded
Local Time: 2023-10-09 20:47:14 [INFO] NTP Time: [2023-10-09 21:47:14.379236]: Using the local timmer to pretend to be NTP time. Data recorded
Local Time: 2023-10-09 20:47:14 [INFO] NTP Time: [2023-10-09 21:47:14.503593]: Using the local timmer to pretend to be NTP time. Data recorded
Local Time: 2023-10-09 20:47:14 [INFO] NTP Time: [2023-10-09 21:47:14.667763]: Using the local timmer to pretend to be NTP time. Data recorded
Local Time: 2023-10-09 20:47:14 [INFO] NTP Time: [2023-10-09 21:47:14.794078]: Using the local timmer to pretend to be NTP time. Data recorded
Local Time: 2023-10-09 20:47:14 [INFO] NTP Time: [2023-10-09 21:47:14.948528]: Using the local timmer to pretend to be NTP time. Data recorded
Local Time: 2023-10-09 20:47:15 [INFO] NTP Time: [2023-10-09 21:47:15.087820]: Using the local timmer to pretend to be NTP time. Data recorded
Local Time: 2023-10-09 20:47:15 [INFO] NTP Time: [2023-10-09 21:47:15.224506]: Using the local timmer to pretend to be NTP time. Data recorded
Local Time: 2023-10-09 20:47:15 [INFO] NTP Time: [2023-10-09 21:47:15.346426]: Using the local timmer to pretend to be NTP time. Data recorded
Local Time: 2023-10-09 20:47:15 [INFO] NTP Time: [2023-10-09 21:47:15.505626]: Using the local timmer to pretend to be NTP time. Data recorded
Local Time: 2023-10-09 20:47:15 [INFO] NTP Time: [2023-10-09 21:47:15.638585]: Using the local timmer to pretend to be NTP time. Data recorded
Local Time: 2023-10-09 20:47:15 [INFO] NTP Time: [2023-10-09 21:47:15.799583]: Using the local timmer to pretend to be NTP time. Data recorded
Local Time: 2023-10-09 20:47:15 [INFO] NTP Time: [2023-10-09 21:47:15.921271]: Using the local timmer to pretend to be NTP time. Data recorded
Local Time: 2023-10-09 20:47:16 [INFO] NTP Time: [2023-10-09 21:47:16.043154]: Using the local timmer to pretend to be NTP time. Data recorded
Local Time: 2023-10-09 20:47:16 [INFO] NTP Time: [2023-10-09 21:47:16.203001]: Using the local timmer to pretend to be NTP time. Data recorded
Local Time: 2023-10-09 20:47:16 [INFO] NTP Time: [2023-10-09 21:47:16.325779]: Using the local timmer to pretend to be NTP time. Data recorded
Local Time: 2023-10-09 20:47:16 [INFO] NTP Time: [2023-10-09 21:47:16.446129]: Using the local timmer to pretend to be NTP time. Data recorded
Local Time: 2023-10-09 20:47:16 [INFO] NTP Time: [2023-10-09 21:47:16.567658]: Using the local timmer to pretend to be NTP time. Data recorded
Local Time: 2023-10-09 20:47:16 [INFO] NTP Time: [2023-10-09 21:47:16.690209]: Using the local timmer to pretend to be NTP time. Data recorded
Local Time: 2023-10-09 20:47:16 [INFO] NTP Time: [2023-10-09 21:47:16.810841]: Using the local timmer to pretend to be NTP time. Data recorded
Local Time: 2023-10-09 20:47:16 [INFO] NTP Time: [2023-10-09 21:47:16.931074]: Using the local timmer to pretend to be NTP time. Data recorded
Local Time: 2023-10-09 20:47:17 [INFO] NTP Time: [2023-10-09 21:47:17.050860]: Using the local timmer to pretend to be NTP time. Data recorded
Local Time: 2023-10-09 20:47:17 [INFO] NTP Time: [2023-10-09 21:47:17.173119]: Using the local timmer to pretend to be NTP time. Data recorded
Local Time: 2023-10-09 20:47:17 [INFO] NTP Time: [2023-10-09 21:47:17.294387]: Using the local timmer to pretend to be NTP time. Data recorded
Local Time: 2023-10-09 20:47:17 [INFO] NTP Time: [2023-10-09 21:47:17.417291]: Using the local timmer to pretend to be NTP time. Data recorded
Local Time: 2023-10-09 20:47:17 [INFO] NTP Time: [2023-10-09 21:47:17.539449]: Using the local timmer to pretend to be NTP time. Data recorded
Local Time: 2023-10-09 20:47:17 [INFO] NTP Time: [2023-10-09 21:47:17.661938]: Using the local timmer to pretend to be NTP time. Data recorded
Local Time: 2023-10-09 20:47:17 [INFO] NTP Time: [2023-10-09 21:47:17.801874]: Using the local timmer to pretend to be NTP time. Data recorded
Local Time: 2023-10-09 20:47:17 [INFO] NTP Time: [2023-10-09 21:47:17.926700]: Using the local timmer to pretend to be NTP time. Data recorded
Local Time: 2023-10-09 20:47:18 [INFO] NTP Time: [2023-10-09 21:47:18.046656]: Using the local timmer to pretend to be NTP time. Data recorded
Local Time: 2023-10-09 20:47:18 [INFO] NTP Time: [2023-10-09 21:47:18.169846]: Using the local timmer to pretend to be NTP time. Data recorded
Local Time: 2023-10-09 20:47:18 [INFO] NTP Time: [2023-10-09 21:47:18.326455]: Using the local timmer to pretend to be NTP time. Data recorded
Local Time: 2023-10-09 20:47:18 [INFO] NTP Time: [2023-10-09 21:47:18.459929]: Using the local timmer to pretend to be NTP time. Data recorded
Local Time: 2023-10-09 20:47:18 [INFO] NTP Time: [2023-10-09 21:47:18.586975]: Using the local timmer to pretend to be NTP time. Data recorded
Local Time: 2023-10-09 20:47:18 [INFO] NTP Time: [2023-10-09 21:47:18.742847]: Using the local timmer to pretend to be NTP time. Data recorded
Local Time: 2023-10-09 20:47:18 [INFO] NTP Time: [2023-10-09 21:47:18.865793]: Using the local timmer to pretend to be NTP time. Data recorded
Local Time: 2023-10-09 20:47:19 [INFO] NTP Time: [2023-10-09 21:47:19.020606]: Using the local timmer to pretend to be NTP time. Data recorded
Local Time: 2023-10-09 20:47:19 [INFO] NTP Time: [2023-10-09 21:47:19.142238]: Using the local timmer to pretend to be NTP time. Data recorded
Local Time: 2023-10-09 20:47:19 [INFO] NTP Time: [2023-10-09 21:47:19.313578]: Using the local timmer to pretend to be NTP time. Data recorded
Local Time: 2023-10-09 20:47:19 [INFO] NTP Time: [2023-10-09 21:47:19.438309]: Using the local timmer to pretend to be NTP time. Data recorded
Local Time: 2023-10-09 20:47:19 [INFO] NTP Time: [2023-10-09 21:47:19.559264]: Using the local timmer to pretend to be NTP time. Data recorded
Local Time: 2023-10-09 20:47:19 [INFO] NTP Time: [2023-10-09 21:47:19.725461]: Using the local timmer to pretend to be NTP time. Data recorded
Local Time: 2023-10-09 20:47:19 [INFO] NTP Time: [2023-10-09 21:47:19.861971]: Using the local timmer to pretend to be NTP time. Data recorded
Local Time: 2023-10-09 20:47:20 [INFO] NTP Time: [2023-10-09 21:47:20.012344]: Using the local timmer to pretend to be NTP time. Data recorded
Local Time: 2023-10-09 20:47:20 [INFO] NTP Time: [2023-10-09 21:47:20.140365]: Using the local timmer to pretend to be NTP time. Data recorded
Local Time: 2023-10-09 20:47:20 [INFO] NTP Time: [2023-10-09 21:47:20.274463]: Using the local timmer to pretend to be NTP time. Data recorded
Local Time: 2023-10-09 20:47:20 [INFO] NTP Time: [2023-10-09 21:47:20.446479]: Using the local timmer to pretend to be NTP time. Data recorded
Local Time: 2023-10-09 20:47:20 [INFO] NTP Time: [2023-10-09 21:47:20.594815]: Using the local timmer to pretend to be NTP time. Data recorded
Local Time: 2023-10-09 20:47:20 [INFO] NTP Time: [2023-10-09 21:47:20.717264]: Using the local timmer to pretend to be NTP time. Data recorded
Local Time: 2023-10-09 20:47:20 [INFO] NTP Time: [2023-10-09 21:47:20.854951]: Using the local timmer to pretend to be NTP time. Data recorded
Local Time: 2023-10-09 20:47:20 [INFO] NTP Time: [2023-10-09 21:47:20.978402]: Using the local timmer to pretend to be NTP time. Data recorded
Local Time: 2023-10-09 20:47:21 [INFO] NTP Time: [2023-10-09 21:47:21.126201]: Using the local timmer to pretend to be NTP time. Data recorded
Local Time: 2023-10-09 20:47:21 [INFO] NTP Time: [2023-10-09 21:47:21.265029]: Using the local timmer to pretend to be NTP time. Data recorded
Local Time: 2023-10-09 20:47:21 [INFO] NTP Time: [2023-10-09 21:47:21.417657]: Using the local timmer to pretend to be NTP time. Data recorded
Local Time: 2023-10-09 20:47:21 [INFO] NTP Time: [2023-10-09 21:47:21.557558]: Using the local timmer to pretend to be NTP time. Data recorded
Local Time: 2023-10-09 20:47:21 [INFO] NTP Time: [2023-10-09 21:47:21.689869]: Using the local timmer to pretend to be NTP time. Data recorded
Local Time: 2023-10-09 20:47:21 [INFO] NTP Time: [2023-10-09 21:47:21.839223]: Using the local timmer to pretend to be NTP time. Data recorded
Local Time: 2023-10-09 20:47:21 [INFO] NTP Time: [2023-10-09 21:47:21.989089]: Using the local timmer to pretend to be NTP time. Data recorded
Local Time: 2023-10-09 20:47:22 [INFO] NTP Time: [2023-10-09 21:47:22.142427]: Using the local timmer to pretend to be NTP time. Data recorded
Local Time: 2023-10-09 20:47:22 [INFO] NTP Time: [2023-10-09 21:47:22.315680]: Using the local timmer to pretend to be NTP time. Data recorded
Local Time: 2023-10-09 20:47:22 [INFO] NTP Time: [2023-10-09 21:47:22.448518]: Using the local timmer to pretend to be NTP time. Data recorded
Local Time: 2023-10-09 20:47:22 [INFO] NTP Time: [2023-10-09 21:47:22.599558]: Using the local timmer to pretend to be NTP time. Data recorded
Local Time: 2023-10-09 20:47:22 [INFO] NTP Time: [2023-10-09 21:47:22.723109]: Using the local timmer to pretend to be NTP time. Data recorded
Local Time: 2023-10-09 20:47:22 [INFO] NTP Time: [2023-10-09 21:47:22.888326]: Using the local timmer to pretend to be NTP time. Data recorded
Local Time: 2023-10-09 20:47:23 [INFO] NTP Time: [2023-10-09 21:47:23.033428]: Using the local timmer to pretend to be NTP time. Data recorded
Local Time: 2023-10-09 20:47:23 [INFO] NTP Time: [2023-10-09 21:47:23.186386]: Using the local timmer to pretend to be NTP time. Data recorded
Local Time: 2023-10-09 20:47:23 [INFO] NTP Time: [2023-10-09 21:47:23.323922]: Using the local timmer to pretend to be NTP time. Data recorded
Local Time: 2023-10-09 20:47:23 [INFO] NTP Time: [2023-10-09 21:47:23.445415]: Using the local timmer to pretend to be NTP time. Data recorded
Local Time: 2023-10-09 20:47:23 [INFO] NTP Time: [2023-10-09 21:47:23.610962]: Using the local timmer to pretend to be NTP time. Data recorded
Local Time: 2023-10-09 20:47:23 [INFO] NTP Time: [2023-10-09 21:47:23.759280]: Using the local timmer to pretend to be NTP time. Data recorded
Local Time: 2023-10-09 20:47:23 [INFO] NTP Time: [2023-10-09 21:47:23.881327]: Using the local timmer to pretend to be NTP time. Data recorded
Local Time: 2023-10-09 20:47:24 [INFO] NTP Time: [2023-10-09 21:47:24.026015]: Using the local timmer to pretend to be NTP time. Data recorded
Local Time: 2023-10-09 20:47:24 [INFO] NTP Time: [2023-10-09 21:47:24.149305]: Using the local timmer to pretend to be NTP time. Data recorded
Local Time: 2023-10-09 20:47:24 [INFO] NTP Time: [2023-10-09 21:47:24.271276]: Using the local timmer to pretend to be NTP time. Data recorded
Local Time: 2023-10-09 20:47:24 [INFO] NTP Time: [2023-10-09 21:47:24.393840]: Using the local timmer to pretend to be NTP time. Data recorded
Local Time: 2023-10-09 20:47:24 [INFO] NTP Time: [2023-10-09 21:47:24.559535]: Using the local timmer to pretend to be NTP time. Data recorded
Local Time: 2023-10-09 20:47:24 [INFO] NTP Time: [2023-10-09 21:47:24.686847]: Using the local timmer to pretend to be NTP time. Data recorded
Local Time: 2023-10-09 20:47:24 [INFO] NTP Time: [2023-10-09 21:47:24.840183]: Using the local timmer to pretend to be NTP time. Data recorded
Local Time: 2023-10-09 20:47:24 [INFO] NTP Time: [2023-10-09 21:47:24.963107]: Using the local timmer to pretend to be NTP time. Data recorded
Local Time: 2023-10-09 20:47:25 [INFO] NTP Time: [2023-10-09 21:47:25.114147]: Using the local timmer to pretend to be NTP time. Data recorded
Local Time: 2023-10-09 20:47:25 [INFO] NTP Time: [2023-10-09 21:47:25.236964]: Using the local timmer to pretend to be NTP time. Data recorded
Local Time: 2023-10-09 20:47:25 [INFO] NTP Time: [2023-10-09 21:47:25.360683]: Using the local timmer to pretend to be NTP time. Data recorded
Local Time: 2023-10-09 20:47:25 [INFO] NTP Time: [2023-10-09 21:47:25.543399]: Using the local timmer to pretend to be NTP time. Data recorded
Local Time: 2023-10-09 20:47:25 [INFO] NTP Time: [2023-10-09 21:47:25.708851]: Using the local timmer to pretend to be NTP time. Data recorded
Local Time: 2023-10-09 20:47:25 [INFO] NTP Time: [2023-10-09 21:47:25.832066]: Using the local timmer to pretend to be NTP time. Data recorded
Local Time: 2023-10-09 20:47:25 [INFO] NTP Time: [2023-10-09 21:47:25.991145]: Using the local timmer to pretend to be NTP time. Data recorded
Local Time: 2023-10-09 20:47:26 [INFO] NTP Time: [2023-10-09 21:47:26.160619]: Using the local timmer to pretend to be NTP time. Data recorded
Local Time: 2023-10-09 20:47:26 [INFO] NTP Time: [2023-10-09 21:47:26.301780]: Using the local timmer to pretend to be NTP time. Data recorded
Local Time: 2023-10-09 20:47:26 [INFO] NTP Time: [2023-10-09 21:47:26.423178]: Using the local timmer to pretend to be NTP time. Data recorded
Local Time: 2023-10-09 20:47:26 [INFO] NTP Time: [2023-10-09 21:47:26.575766]: Using the local timmer to pretend to be NTP time. Data recorded
Local Time: 2023-10-09 20:47:26 [INFO] NTP Time: [2023-10-09 21:47:26.727438]: Using the local timmer to pretend to be NTP time. Data recorded
Local Time: 2023-10-09 20:47:26 [INFO] NTP Time: [2023-10-09 21:47:26.888110]: Using the local timmer to pretend to be NTP time. Data recorded
Local Time: 2023-10-09 20:47:27 [INFO] NTP Time: [2023-10-09 21:47:27.020677]: Using the local timmer to pretend to be NTP time. Data recorded
Local Time: 2023-10-09 20:47:27 [INFO] NTP Time: [2023-10-09 21:47:27.043055]: End recording by a terminate action.
