Local Time: 2023-10-09 20:45:10 [INFO] NTP Time: [2023-10-09 21:45:10.518580]: Loaded configuration: {'participant': {'id': 'P001', 'age': '25', 'gender': 'M', 'ethnicity': 'Caucasian', 'height': '165', 'weight': '65'}, 'experiment': {'date': '2022-01-01', 'time': '14:00:00', 'condition': 'HW101M', 'group': 'A', 'illumination_level': 'low'}, 'task_info': {'task_name': 'Task1', 'trial_number': '5'}, 'notes': {'comments': 'Participant seemed tired during the session.'}, 'label_info': {'activity': 'sit'}}
Local Time: 2023-10-09 20:45:10 [INFO] NTP Time: [2023-10-09 21:45:10.518672]: Loaded mmwave configuration: {'setting1': 'value1', 'setting2': 'value2', 'Data storage location': 'AWR1843-Read-Data-Python-MMWAVE-SDK-3--master/data', 'mmwave_Datatype': 'dictionary'}
Local Time: 2023-10-09 20:45:11 [INFO] NTP Time: [2023-10-09 21:45:11.311146]: Using NTP time as the start timmer.
Local Time: 2023-10-09 20:45:11 [INFO] NTP Time: [2023-10-09 21:45:11.425686]: Using the local timmer to pretend to be NTP time. Data recorded
Local Time: 2023-10-09 20:45:11 [INFO] NTP Time: [2023-10-09 21:45:11.541261]: Using the local timmer to pretend to be NTP time. Data recorded
Local Time: 2023-10-09 20:45:11 [INFO] NTP Time: [2023-10-09 21:45:11.657117]: Using the local timmer to pretend to be NTP time. Data recorded
Local Time: 2023-10-09 20:45:11 [INFO] NTP Time: [2023-10-09 21:45:11.771797]: Using the local timmer to pretend to be NTP time. Data recorded
Local Time: 2023-10-09 20:45:11 [INFO] NTP Time: [2023-10-09 21:45:11.886293]: Using the local timmer to pretend to be NTP time. Data recorded
Local Time: 2023-10-09 20:45:12 [INFO] NTP Time: [2023-10-09 21:45:12.001421]: Using the local timmer to pretend to be NTP time. Data recorded
Local Time: 2023-10-09 20:45:12 [INFO] NTP Time: [2023-10-09 21:45:12.116910]: Using the local timmer to pretend to be NTP time. Data recorded
Local Time: 2023-10-09 20:45:12 [INFO] NTP Time: [2023-10-09 21:45:12.231506]: Using the local timmer to pretend to be NTP time. Data recorded
Local Time: 2023-10-09 20:45:12 [INFO] NTP Time: [2023-10-09 21:45:12.345671]: Using the local timmer to pretend to be NTP time. Data recorded
Local Time: 2023-10-09 20:45:12 [INFO] NTP Time: [2023-10-09 21:45:12.460888]: Using the local timmer to pretend to be NTP time. Data recorded
Local Time: 2023-10-09 20:45:12 [INFO] NTP Time: [2023-10-09 21:45:12.575874]: Using the local timmer to pretend to be NTP time. Data recorded
Local Time: 2023-10-09 20:45:12 [INFO] NTP Time: [2023-10-09 21:45:12.690430]: Using the local timmer to pretend to be NTP time. Data recorded
Local Time: 2023-10-09 20:45:12 [INFO] NTP Time: [2023-10-09 21:45:12.807378]: Using the local timmer to pretend to be NTP time. Data recorded
Local Time: 2023-10-09 20:45:12 [INFO] NTP Time: [2023-10-09 21:45:12.923685]: Using the local timmer to pretend to be NTP time. Data recorded
Local Time: 2023-10-09 20:45:13 [INFO] NTP Time: [2023-10-09 21:45:13.039030]: Using the local timmer to pretend to be NTP time. Data recorded
Local Time: 2023-10-09 20:45:13 [INFO] NTP Time: [2023-10-09 21:45:13.155436]: Using the local timmer to pretend to be NTP time. Data recorded
Local Time: 2023-10-09 20:45:13 [INFO] NTP Time: [2023-10-09 21:45:13.270961]: Using the local timmer to pretend to be NTP time. Data recorded
Local Time: 2023-10-09 20:45:13 [INFO] NTP Time: [2023-10-09 21:45:13.386108]: Using the local timmer to pretend to be NTP time. Data recorded
Local Time: 2023-10-09 20:45:13 [INFO] NTP Time: [2023-10-09 21:45:13.501929]: Using the local timmer to pretend to be NTP time. Data recorded
Local Time: 2023-10-09 20:45:13 [INFO] NTP Time: [2023-10-09 21:45:13.618571]: Using the local timmer to pretend to be NTP time. Data recorded
Local Time: 2023-10-09 20:45:13 [INFO] NTP Time: [2023-10-09 21:45:13.735046]: Using the local timmer to pretend to be NTP time. Data recorded
Local Time: 2023-10-09 20:45:13 [INFO] NTP Time: [2023-10-09 21:45:13.850173]: Using the local timmer to pretend to be NTP time. Data recorded
Local Time: 2023-10-09 20:45:13 [INFO] NTP Time: [2023-10-09 21:45:13.966116]: Using the local timmer to pretend to be NTP time. Data recorded
Local Time: 2023-10-09 20:45:14 [INFO] NTP Time: [2023-10-09 21:45:14.087079]: Using the local timmer to pretend to be NTP time. Data recorded
Local Time: 2023-10-09 20:45:14 [INFO] NTP Time: [2023-10-09 21:45:14.204486]: Using the local timmer to pretend to be NTP time. Data recorded
Local Time: 2023-10-09 20:45:14 [INFO] NTP Time: [2023-10-09 21:45:14.334940]: Using the local timmer to pretend to be NTP time. Data recorded
Local Time: 2023-10-09 20:45:14 [INFO] NTP Time: [2023-10-09 21:45:14.453236]: Using the local timmer to pretend to be NTP time. Data recorded
Local Time: 2023-10-09 20:45:14 [INFO] NTP Time: [2023-10-09 21:45:14.569582]: Using the local timmer to pretend to be NTP time. Data recorded
Local Time: 2023-10-09 20:45:14 [INFO] NTP Time: [2023-10-09 21:45:14.685228]: Using the local timmer to pretend to be NTP time. Data recorded
Local Time: 2023-10-09 20:45:14 [INFO] NTP Time: [2023-10-09 21:45:14.803104]: Using the local timmer to pretend to be NTP time. Data recorded
Local Time: 2023-10-09 20:45:14 [INFO] NTP Time: [2023-10-09 21:45:14.918867]: Using the local timmer to pretend to be NTP time. Data recorded
Local Time: 2023-10-09 20:45:15 [INFO] NTP Time: [2023-10-09 21:45:15.034379]: Using the local timmer to pretend to be NTP time. Data recorded
Local Time: 2023-10-09 20:45:15 [INFO] NTP Time: [2023-10-09 21:45:15.150338]: Using the local timmer to pretend to be NTP time. Data recorded
Local Time: 2023-10-09 20:45:15 [INFO] NTP Time: [2023-10-09 21:45:15.266295]: Using the local timmer to pretend to be NTP time. Data recorded
Local Time: 2023-10-09 20:45:15 [INFO] NTP Time: [2023-10-09 21:45:15.382042]: Using the local timmer to pretend to be NTP time. Data recorded
Local Time: 2023-10-09 20:45:15 [INFO] NTP Time: [2023-10-09 21:45:15.497736]: Using the local timmer to pretend to be NTP time. Data recorded
Local Time: 2023-10-09 20:45:15 [INFO] NTP Time: [2023-10-09 21:45:15.614839]: Using the local timmer to pretend to be NTP time. Data recorded
Local Time: 2023-10-09 20:45:15 [INFO] NTP Time: [2023-10-09 21:45:15.731853]: Using the local timmer to pretend to be NTP time. Data recorded
Local Time: 2023-10-09 20:45:15 [INFO] NTP Time: [2023-10-09 21:45:15.865579]: Using the local timmer to pretend to be NTP time. Data recorded
Local Time: 2023-10-09 20:45:16 [INFO] NTP Time: [2023-10-09 21:45:16.001064]: Using the local timmer to pretend to be NTP time. Data recorded
Local Time: 2023-10-09 20:45:16 [INFO] NTP Time: [2023-10-09 21:45:16.119580]: Using the local timmer to pretend to be NTP time. Data recorded
Local Time: 2023-10-09 20:45:16 [INFO] NTP Time: [2023-10-09 21:45:16.250165]: Using the local timmer to pretend to be NTP time. Data recorded
Local Time: 2023-10-09 20:45:16 [INFO] NTP Time: [2023-10-09 21:45:16.368018]: Using the local timmer to pretend to be NTP time. Data recorded
Local Time: 2023-10-09 20:45:16 [INFO] NTP Time: [2023-10-09 21:45:16.519694]: Using the local timmer to pretend to be NTP time. Data recorded
Local Time: 2023-10-09 20:45:16 [INFO] NTP Time: [2023-10-09 21:45:16.645777]: Using the local timmer to pretend to be NTP time. Data recorded
Local Time: 2023-10-09 20:45:16 [INFO] NTP Time: [2023-10-09 21:45:16.776646]: Using the local timmer to pretend to be NTP time. Data recorded
Local Time: 2023-10-09 20:45:16 [INFO] NTP Time: [2023-10-09 21:45:16.893161]: Using the local timmer to pretend to be NTP time. Data recorded
Local Time: 2023-10-09 20:45:17 [INFO] NTP Time: [2023-10-09 21:45:17.010526]: Using the local timmer to pretend to be NTP time. Data recorded
Local Time: 2023-10-09 20:45:17 [INFO] NTP Time: [2023-10-09 21:45:17.150874]: Using the local timmer to pretend to be NTP time. Data recorded
Local Time: 2023-10-09 20:45:17 [INFO] NTP Time: [2023-10-09 21:45:17.283668]: Using the local timmer to pretend to be NTP time. Data recorded
Local Time: 2023-10-09 20:45:17 [INFO] NTP Time: [2023-10-09 21:45:17.404015]: Using the local timmer to pretend to be NTP time. Data recorded
Local Time: 2023-10-09 20:45:17 [INFO] NTP Time: [2023-10-09 21:45:17.548437]: Using the local timmer to pretend to be NTP time. Data recorded
Local Time: 2023-10-09 20:45:17 [INFO] NTP Time: [2023-10-09 21:45:17.676390]: Using the local timmer to pretend to be NTP time. Data recorded
Local Time: 2023-10-09 20:45:17 [INFO] NTP Time: [2023-10-09 21:45:17.808082]: Using the local timmer to pretend to be NTP time. Data recorded
Local Time: 2023-10-09 20:45:17 [INFO] NTP Time: [2023-10-09 21:45:17.925960]: Using the local timmer to pretend to be NTP time. Data recorded
Local Time: 2023-10-09 20:45:18 [INFO] NTP Time: [2023-10-09 21:45:18.091991]: Using the local timmer to pretend to be NTP time. Data recorded
Local Time: 2023-10-09 20:45:18 [INFO] NTP Time: [2023-10-09 21:45:18.212176]: Using the local timmer to pretend to be NTP time. Data recorded
Local Time: 2023-10-09 20:45:18 [INFO] NTP Time: [2023-10-09 21:45:18.365985]: Using the local timmer to pretend to be NTP time. Data recorded
Local Time: 2023-10-09 20:45:18 [INFO] NTP Time: [2023-10-09 21:45:18.483644]: Using the local timmer to pretend to be NTP time. Data recorded
Local Time: 2023-10-09 20:45:18 [INFO] NTP Time: [2023-10-09 21:45:18.614000]: Using the local timmer to pretend to be NTP time. Data recorded
Local Time: 2023-10-09 20:45:18 [INFO] NTP Time: [2023-10-09 21:45:18.735627]: Using the local timmer to pretend to be NTP time. Data recorded
Local Time: 2023-10-09 20:45:18 [INFO] NTP Time: [2023-10-09 21:45:18.856675]: Using the local timmer to pretend to be NTP time. Data recorded
Local Time: 2023-10-09 20:45:19 [INFO] NTP Time: [2023-10-09 21:45:19.003566]: Using the local timmer to pretend to be NTP time. Data recorded
Local Time: 2023-10-09 20:45:19 [INFO] NTP Time: [2023-10-09 21:45:19.131891]: Using the local timmer to pretend to be NTP time. Data recorded
Local Time: 2023-10-09 20:45:19 [INFO] NTP Time: [2023-10-09 21:45:19.249944]: Using the local timmer to pretend to be NTP time. Data recorded
Local Time: 2023-10-09 20:45:19 [INFO] NTP Time: [2023-10-09 21:45:19.398164]: Using the local timmer to pretend to be NTP time. Data recorded
Local Time: 2023-10-09 20:45:19 [INFO] NTP Time: [2023-10-09 21:45:19.527407]: Using the local timmer to pretend to be NTP time. Data recorded
Local Time: 2023-10-09 20:45:19 [INFO] NTP Time: [2023-10-09 21:45:19.660661]: Using the local timmer to pretend to be NTP time. Data recorded
Local Time: 2023-10-09 20:45:19 [INFO] NTP Time: [2023-10-09 21:45:19.777943]: Using the local timmer to pretend to be NTP time. Data recorded
Local Time: 2023-10-09 20:45:19 [INFO] NTP Time: [2023-10-09 21:45:19.897948]: Using the local timmer to pretend to be NTP time. Data recorded
Local Time: 2023-10-09 20:45:20 [INFO] NTP Time: [2023-10-09 21:45:20.047032]: Using the local timmer to pretend to be NTP time. Data recorded
Local Time: 2023-10-09 20:45:20 [INFO] NTP Time: [2023-10-09 21:45:20.167287]: Using the local timmer to pretend to be NTP time. Data recorded
Local Time: 2023-10-09 20:45:20 [INFO] NTP Time: [2023-10-09 21:45:20.283869]: Using the local timmer to pretend to be NTP time. Data recorded
Local Time: 2023-10-09 20:45:20 [INFO] NTP Time: [2023-10-09 21:45:20.400838]: Using the local timmer to pretend to be NTP time. Data recorded
Local Time: 2023-10-09 20:45:20 [INFO] NTP Time: [2023-10-09 21:45:20.517436]: Using the local timmer to pretend to be NTP time. Data recorded
Local Time: 2023-10-09 20:45:20 [INFO] NTP Time: [2023-10-09 21:45:20.635296]: Using the local timmer to pretend to be NTP time. Data recorded
Local Time: 2023-10-09 20:45:20 [INFO] NTP Time: [2023-10-09 21:45:20.751571]: Using the local timmer to pretend to be NTP time. Data recorded
Local Time: 2023-10-09 20:45:20 [INFO] NTP Time: [2023-10-09 21:45:20.868207]: Using the local timmer to pretend to be NTP time. Data recorded
Local Time: 2023-10-09 20:45:20 [INFO] NTP Time: [2023-10-09 21:45:20.985780]: Using the local timmer to pretend to be NTP time. Data recorded
Local Time: 2023-10-09 20:45:21 [INFO] NTP Time: [2023-10-09 21:45:21.103231]: Using the local timmer to pretend to be NTP time. Data recorded
Local Time: 2023-10-09 20:45:21 [INFO] NTP Time: [2023-10-09 21:45:21.219930]: Using the local timmer to pretend to be NTP time. Data recorded
Local Time: 2023-10-09 20:45:21 [INFO] NTP Time: [2023-10-09 21:45:21.337049]: Using the local timmer to pretend to be NTP time. Data recorded
Local Time: 2023-10-09 20:45:21 [INFO] NTP Time: [2023-10-09 21:45:21.454338]: Using the local timmer to pretend to be NTP time. Data recorded
Local Time: 2023-10-09 20:45:21 [INFO] NTP Time: [2023-10-09 21:45:21.571892]: Using the local timmer to pretend to be NTP time. Data recorded
Local Time: 2023-10-09 20:45:21 [INFO] NTP Time: [2023-10-09 21:45:21.586916]: Using the local timmer to pretend to be NTP time. Data recorded
Local Time: 2023-10-09 20:45:21 [INFO] NTP Time: [2023-10-09 21:45:21.726091]: Using the local timmer to pretend to be NTP time. Data recorded
Local Time: 2023-10-09 20:45:21 [INFO] NTP Time: [2023-10-09 21:45:21.854281]: Using the local timmer to pretend to be NTP time. Data recorded
Local Time: 2023-10-09 20:45:21 [INFO] NTP Time: [2023-10-09 21:45:21.986454]: Using the local timmer to pretend to be NTP time. Data recorded
Local Time: 2023-10-09 20:45:22 [INFO] NTP Time: [2023-10-09 21:45:22.117095]: Using the local timmer to pretend to be NTP time. Data recorded
Local Time: 2023-10-09 20:45:22 [INFO] NTP Time: [2023-10-09 21:45:22.237231]: Using the local timmer to pretend to be NTP time. Data recorded
Local Time: 2023-10-09 20:45:22 [INFO] NTP Time: [2023-10-09 21:45:22.396223]: Using the local timmer to pretend to be NTP time. Data recorded
Local Time: 2023-10-09 20:45:22 [INFO] NTP Time: [2023-10-09 21:45:22.515630]: Using the local timmer to pretend to be NTP time. Data recorded
Local Time: 2023-10-09 20:45:22 [INFO] NTP Time: [2023-10-09 21:45:22.654073]: Using the local timmer to pretend to be NTP time. Data recorded
Local Time: 2023-10-09 20:45:22 [INFO] NTP Time: [2023-10-09 21:45:22.785614]: Using the local timmer to pretend to be NTP time. Data recorded
Local Time: 2023-10-09 20:45:22 [INFO] NTP Time: [2023-10-09 21:45:22.912233]: Using the local timmer to pretend to be NTP time. Data recorded
Local Time: 2023-10-09 20:45:23 [INFO] NTP Time: [2023-10-09 21:45:23.063062]: Using the local timmer to pretend to be NTP time. Data recorded
Local Time: 2023-10-09 20:45:23 [INFO] NTP Time: [2023-10-09 21:45:23.195266]: Using the local timmer to pretend to be NTP time. Data recorded
Local Time: 2023-10-09 20:45:23 [INFO] NTP Time: [2023-10-09 21:45:23.334930]: Using the local timmer to pretend to be NTP time. Data recorded
Local Time: 2023-10-09 20:45:23 [INFO] NTP Time: [2023-10-09 21:45:23.460705]: Using the local timmer to pretend to be NTP time. Data recorded
Local Time: 2023-10-09 20:45:23 [INFO] NTP Time: [2023-10-09 21:45:23.620888]: Using the local timmer to pretend to be NTP time. Data recorded
Local Time: 2023-10-09 20:45:23 [INFO] NTP Time: [2023-10-09 21:45:23.747080]: Using the local timmer to pretend to be NTP time. Data recorded
Local Time: 2023-10-09 20:45:23 [INFO] NTP Time: [2023-10-09 21:45:23.865602]: Using the local timmer to pretend to be NTP time. Data recorded
Local Time: 2023-10-09 20:45:24 [INFO] NTP Time: [2023-10-09 21:45:24.021393]: Using the local timmer to pretend to be NTP time. Data recorded
Local Time: 2023-10-09 20:45:24 [INFO] NTP Time: [2023-10-09 21:45:24.154599]: Using the local timmer to pretend to be NTP time. Data recorded
Local Time: 2023-10-09 20:45:24 [INFO] NTP Time: [2023-10-09 21:45:24.281703]: Using the local timmer to pretend to be NTP time. Data recorded
Local Time: 2023-10-09 20:45:24 [INFO] NTP Time: [2023-10-09 21:45:24.417727]: Using the local timmer to pretend to be NTP time. Data recorded
Local Time: 2023-10-09 20:45:24 [INFO] NTP Time: [2023-10-09 21:45:24.556652]: Using the local timmer to pretend to be NTP time. Data recorded
Local Time: 2023-10-09 20:45:24 [INFO] NTP Time: [2023-10-09 21:45:24.689845]: Using the local timmer to pretend to be NTP time. Data recorded
Local Time: 2023-10-09 20:45:24 [INFO] NTP Time: [2023-10-09 21:45:24.808934]: Using the local timmer to pretend to be NTP time. Data recorded
Local Time: 2023-10-09 20:45:24 [INFO] NTP Time: [2023-10-09 21:45:24.951453]: Using the local timmer to pretend to be NTP time. Data recorded
Local Time: 2023-10-09 20:45:25 [INFO] NTP Time: [2023-10-09 21:45:25.079632]: Using the local timmer to pretend to be NTP time. Data recorded
Local Time: 2023-10-09 20:45:25 [INFO] NTP Time: [2023-10-09 21:45:25.199869]: Using the local timmer to pretend to be NTP time. Data recorded
Local Time: 2023-10-09 20:45:25 [INFO] NTP Time: [2023-10-09 21:45:25.318751]: Using the local timmer to pretend to be NTP time. Data recorded
Local Time: 2023-10-09 20:45:25 [INFO] NTP Time: [2023-10-09 21:45:25.437347]: Using the local timmer to pretend to be NTP time. Data recorded
Local Time: 2023-10-09 20:45:25 [INFO] NTP Time: [2023-10-09 21:45:25.556955]: Using the local timmer to pretend to be NTP time. Data recorded
Local Time: 2023-10-09 20:45:25 [INFO] NTP Time: [2023-10-09 21:45:25.675245]: Using the local timmer to pretend to be NTP time. Data recorded
Local Time: 2023-10-09 20:45:25 [INFO] NTP Time: [2023-10-09 21:45:25.793294]: Using the local timmer to pretend to be NTP time. Data recorded
Local Time: 2023-10-09 20:45:25 [INFO] NTP Time: [2023-10-09 21:45:25.916219]: Using the local timmer to pretend to be NTP time. Data recorded
Local Time: 2023-10-09 20:45:26 [INFO] NTP Time: [2023-10-09 21:45:26.039207]: Using the local timmer to pretend to be NTP time. Data recorded
Local Time: 2023-10-09 20:45:26 [INFO] NTP Time: [2023-10-09 21:45:26.157816]: Using the local timmer to pretend to be NTP time. Data recorded
Local Time: 2023-10-09 20:45:26 [INFO] NTP Time: [2023-10-09 21:45:26.276181]: Using the local timmer to pretend to be NTP time. Data recorded
Local Time: 2023-10-09 20:45:26 [INFO] NTP Time: [2023-10-09 21:45:26.395261]: Using the local timmer to pretend to be NTP time. Data recorded
Local Time: 2023-10-09 20:45:26 [INFO] NTP Time: [2023-10-09 21:45:26.530734]: Using the local timmer to pretend to be NTP time. Data recorded
Local Time: 2023-10-09 20:45:26 [INFO] NTP Time: [2023-10-09 21:45:26.653762]: Using the local timmer to pretend to be NTP time. Data recorded
Local Time: 2023-10-09 20:45:26 [INFO] NTP Time: [2023-10-09 21:45:26.801081]: Using the local timmer to pretend to be NTP time. Data recorded
Local Time: 2023-10-09 20:45:26 [INFO] NTP Time: [2023-10-09 21:45:26.922561]: Using the local timmer to pretend to be NTP time. Data recorded
Local Time: 2023-10-09 20:45:27 [INFO] NTP Time: [2023-10-09 21:45:27.041545]: Using the local timmer to pretend to be NTP time. Data recorded
Local Time: 2023-10-09 20:45:27 [INFO] NTP Time: [2023-10-09 21:45:27.165085]: Using the local timmer to pretend to be NTP time. Data recorded
Local Time: 2023-10-09 20:45:27 [INFO] NTP Time: [2023-10-09 21:45:27.288348]: Using the local timmer to pretend to be NTP time. Data recorded
Local Time: 2023-10-09 20:45:27 [INFO] NTP Time: [2023-10-09 21:45:27.408405]: Using the local timmer to pretend to be NTP time. Data recorded
Local Time: 2023-10-09 20:45:27 [INFO] NTP Time: [2023-10-09 21:45:27.527052]: Using the local timmer to pretend to be NTP time. Data recorded
Local Time: 2023-10-09 20:45:27 [INFO] NTP Time: [2023-10-09 21:45:27.646253]: Using the local timmer to pretend to be NTP time. Data recorded
Local Time: 2023-10-09 20:45:27 [INFO] NTP Time: [2023-10-09 21:45:27.764940]: Using the local timmer to pretend to be NTP time. Data recorded
Local Time: 2023-10-09 20:45:27 [INFO] NTP Time: [2023-10-09 21:45:27.883846]: Using the local timmer to pretend to be NTP time. Data recorded
Local Time: 2023-10-09 20:45:28 [INFO] NTP Time: [2023-10-09 21:45:28.003624]: Using the local timmer to pretend to be NTP time. Data recorded
Local Time: 2023-10-09 20:45:28 [INFO] NTP Time: [2023-10-09 21:45:28.123720]: Using the local timmer to pretend to be NTP time. Data recorded
Local Time: 2023-10-09 20:45:28 [INFO] NTP Time: [2023-10-09 21:45:28.243652]: Using the local timmer to pretend to be NTP time. Data recorded
Local Time: 2023-10-09 20:45:28 [INFO] NTP Time: [2023-10-09 21:45:28.368195]: Using the local timmer to pretend to be NTP time. Data recorded
Local Time: 2023-10-09 20:45:28 [INFO] NTP Time: [2023-10-09 21:45:28.487872]: Using the local timmer to pretend to be NTP time. Data recorded
Local Time: 2023-10-09 20:45:28 [INFO] NTP Time: [2023-10-09 21:45:28.607429]: Using the local timmer to pretend to be NTP time. Data recorded
Local Time: 2023-10-09 20:45:28 [INFO] NTP Time: [2023-10-09 21:45:28.727209]: Using the local timmer to pretend to be NTP time. Data recorded
Local Time: 2023-10-09 20:45:28 [INFO] NTP Time: [2023-10-09 21:45:28.846713]: Using the local timmer to pretend to be NTP time. Data recorded
Local Time: 2023-10-09 20:45:28 [INFO] NTP Time: [2023-10-09 21:45:28.965831]: Using the local timmer to pretend to be NTP time. Data recorded
Local Time: 2023-10-09 20:45:29 [INFO] NTP Time: [2023-10-09 21:45:29.085494]: Using the local timmer to pretend to be NTP time. Data recorded
Local Time: 2023-10-09 20:45:29 [INFO] NTP Time: [2023-10-09 21:45:29.205363]: Using the local timmer to pretend to be NTP time. Data recorded
Local Time: 2023-10-09 20:45:29 [INFO] NTP Time: [2023-10-09 21:45:29.324670]: Using the local timmer to pretend to be NTP time. Data recorded
Local Time: 2023-10-09 20:45:29 [INFO] NTP Time: [2023-10-09 21:45:29.443889]: Using the local timmer to pretend to be NTP time. Data recorded
Local Time: 2023-10-09 20:45:29 [INFO] NTP Time: [2023-10-09 21:45:29.564063]: Using the local timmer to pretend to be NTP time. Data recorded
Local Time: 2023-10-09 20:45:29 [INFO] NTP Time: [2023-10-09 21:45:29.687186]: Using the local timmer to pretend to be NTP time. Data recorded
Local Time: 2023-10-09 20:45:29 [INFO] NTP Time: [2023-10-09 21:45:29.827086]: Using the local timmer to pretend to be NTP time. Data recorded
Local Time: 2023-10-09 20:45:29 [INFO] NTP Time: [2023-10-09 21:45:29.955066]: Using the local timmer to pretend to be NTP time. Data recorded
Local Time: 2023-10-09 20:45:30 [INFO] NTP Time: [2023-10-09 21:45:30.116880]: Using the local timmer to pretend to be NTP time. Data recorded
Local Time: 2023-10-09 20:45:30 [INFO] NTP Time: [2023-10-09 21:45:30.239205]: Using the local timmer to pretend to be NTP time. Data recorded
Local Time: 2023-10-09 20:45:30 [INFO] NTP Time: [2023-10-09 21:45:30.384990]: Using the local timmer to pretend to be NTP time. Data recorded
Local Time: 2023-10-09 20:45:30 [INFO] NTP Time: [2023-10-09 21:45:30.531513]: Using the local timmer to pretend to be NTP time. Data recorded
Local Time: 2023-10-09 20:45:30 [INFO] NTP Time: [2023-10-09 21:45:30.670250]: Using the local timmer to pretend to be NTP time. Data recorded
Local Time: 2023-10-09 20:45:30 [INFO] NTP Time: [2023-10-09 21:45:30.794258]: Using the local timmer to pretend to be NTP time. Data recorded
Local Time: 2023-10-09 20:45:30 [INFO] NTP Time: [2023-10-09 21:45:30.914467]: Using the local timmer to pretend to be NTP time. Data recorded
Local Time: 2023-10-09 20:45:31 [INFO] NTP Time: [2023-10-09 21:45:31.037001]: Using the local timmer to pretend to be NTP time. Data recorded
Local Time: 2023-10-09 20:45:31 [INFO] NTP Time: [2023-10-09 21:45:31.203183]: Using the local timmer to pretend to be NTP time. Data recorded
Local Time: 2023-10-09 20:45:31 [INFO] NTP Time: [2023-10-09 21:45:31.341273]: Using the local timmer to pretend to be NTP time. Data recorded
Local Time: 2023-10-09 20:45:31 [INFO] NTP Time: [2023-10-09 21:45:31.466999]: Using the local timmer to pretend to be NTP time. Data recorded
Local Time: 2023-10-09 20:45:31 [INFO] NTP Time: [2023-10-09 21:45:31.614225]: Using the local timmer to pretend to be NTP time. Data recorded
Local Time: 2023-10-09 20:45:31 [INFO] NTP Time: [2023-10-09 21:45:31.765683]: Using the local timmer to pretend to be NTP time. Data recorded
Local Time: 2023-10-09 20:45:31 [INFO] NTP Time: [2023-10-09 21:45:31.889353]: Using the local timmer to pretend to be NTP time. Data recorded
Local Time: 2023-10-09 20:45:32 [INFO] NTP Time: [2023-10-09 21:45:32.014441]: Using the local timmer to pretend to be NTP time. Data recorded
Local Time: 2023-10-09 20:45:32 [INFO] NTP Time: [2023-10-09 21:45:32.164595]: Using the local timmer to pretend to be NTP time. Data recorded
Local Time: 2023-10-09 20:45:32 [INFO] NTP Time: [2023-10-09 21:45:32.301475]: Using the local timmer to pretend to be NTP time. Data recorded
Local Time: 2023-10-09 20:45:32 [INFO] NTP Time: [2023-10-09 21:45:32.451506]: Using the local timmer to pretend to be NTP time. Data recorded
Local Time: 2023-10-09 20:45:32 [INFO] NTP Time: [2023-10-09 21:45:32.574233]: Using the local timmer to pretend to be NTP time. Data recorded
Local Time: 2023-10-09 20:45:32 [INFO] NTP Time: [2023-10-09 21:45:32.696150]: Using the local timmer to pretend to be NTP time. Data recorded
Local Time: 2023-10-09 20:45:32 [INFO] NTP Time: [2023-10-09 21:45:32.942945]: Using the local timmer to pretend to be NTP time. Data recorded
Local Time: 2023-10-09 20:45:33 [INFO] NTP Time: [2023-10-09 21:45:33.138168]: Using the local timmer to pretend to be NTP time. Data recorded
Local Time: 2023-10-09 20:45:33 [INFO] NTP Time: [2023-10-09 21:45:33.333089]: Using the local timmer to pretend to be NTP time. Data recorded
Local Time: 2023-10-09 20:45:33 [INFO] NTP Time: [2023-10-09 21:45:33.454096]: Using the local timmer to pretend to be NTP time. Data recorded
Local Time: 2023-10-09 20:45:33 [INFO] NTP Time: [2023-10-09 21:45:33.611774]: Using the local timmer to pretend to be NTP time. Data recorded
Local Time: 2023-10-09 20:45:33 [INFO] NTP Time: [2023-10-09 21:45:33.733734]: Using the local timmer to pretend to be NTP time. Data recorded
Local Time: 2023-10-09 20:45:33 [INFO] NTP Time: [2023-10-09 21:45:33.879976]: Using the local timmer to pretend to be NTP time. Data recorded
Local Time: 2023-10-09 20:45:34 [INFO] NTP Time: [2023-10-09 21:45:34.015799]: Using the local timmer to pretend to be NTP time. Data recorded
Local Time: 2023-10-09 20:45:34 [INFO] NTP Time: [2023-10-09 21:45:34.150281]: Using the local timmer to pretend to be NTP time. Data recorded
Local Time: 2023-10-09 20:45:34 [INFO] NTP Time: [2023-10-09 21:45:34.286799]: Using the local timmer to pretend to be NTP time. Data recorded
Local Time: 2023-10-09 20:45:34 [INFO] NTP Time: [2023-10-09 21:45:34.451674]: Using the local timmer to pretend to be NTP time. Data recorded
Local Time: 2023-10-09 20:45:34 [INFO] NTP Time: [2023-10-09 21:45:34.586654]: Using the local timmer to pretend to be NTP time. Data recorded
Local Time: 2023-10-09 20:45:34 [INFO] NTP Time: [2023-10-09 21:45:34.723382]: Using the local timmer to pretend to be NTP time. Data recorded
Local Time: 2023-10-09 20:45:34 [INFO] NTP Time: [2023-10-09 21:45:34.866990]: Using the local timmer to pretend to be NTP time. Data recorded
Local Time: 2023-10-09 20:45:34 [INFO] NTP Time: [2023-10-09 21:45:34.992186]: Using the local timmer to pretend to be NTP time. Data recorded
Local Time: 2023-10-09 20:45:35 [INFO] NTP Time: [2023-10-09 21:45:35.137385]: Using the local timmer to pretend to be NTP time. Data recorded
Local Time: 2023-10-09 20:45:35 [INFO] NTP Time: [2023-10-09 21:45:35.257729]: Using the local timmer to pretend to be NTP time. Data recorded
Local Time: 2023-10-09 20:45:35 [INFO] NTP Time: [2023-10-09 21:45:35.418750]: Using the local timmer to pretend to be NTP time. Data recorded
Local Time: 2023-10-09 20:45:35 [INFO] NTP Time: [2023-10-09 21:45:35.549366]: Using the local timmer to pretend to be NTP time. Data recorded
Local Time: 2023-10-09 20:45:35 [INFO] NTP Time: [2023-10-09 21:45:35.702781]: Using the local timmer to pretend to be NTP time. Data recorded
Local Time: 2023-10-09 20:45:35 [INFO] NTP Time: [2023-10-09 21:45:35.824168]: Using the local timmer to pretend to be NTP time. Data recorded
Local Time: 2023-10-09 20:45:35 [INFO] NTP Time: [2023-10-09 21:45:35.972586]: Using the local timmer to pretend to be NTP time. Data recorded
Local Time: 2023-10-09 20:45:36 [INFO] NTP Time: [2023-10-09 21:45:36.117706]: Using the local timmer to pretend to be NTP time. Data recorded
Local Time: 2023-10-09 20:45:36 [INFO] NTP Time: [2023-10-09 21:45:36.159972]: Using the local timmer to pretend to be NTP time. Data recorded
Local Time: 2023-10-09 20:45:36 [INFO] NTP Time: [2023-10-09 21:45:36.304340]: Using the local timmer to pretend to be NTP time. Data recorded
Local Time: 2023-10-09 20:45:36 [INFO] NTP Time: [2023-10-09 21:45:36.425745]: Using the local timmer to pretend to be NTP time. Data recorded
Local Time: 2023-10-09 20:45:36 [INFO] NTP Time: [2023-10-09 21:45:36.590735]: Using the local timmer to pretend to be NTP time. Data recorded
Local Time: 2023-10-09 20:45:36 [INFO] NTP Time: [2023-10-09 21:45:36.719668]: Using the local timmer to pretend to be NTP time. Data recorded
Local Time: 2023-10-09 20:45:36 [INFO] NTP Time: [2023-10-09 21:45:36.841393]: Using the local timmer to pretend to be NTP time. Data recorded
Local Time: 2023-10-09 20:45:37 [INFO] NTP Time: [2023-10-09 21:45:37.008954]: Using the local timmer to pretend to be NTP time. Data recorded
Local Time: 2023-10-09 20:45:37 [INFO] NTP Time: [2023-10-09 21:45:37.137612]: Using the local timmer to pretend to be NTP time. Data recorded
Local Time: 2023-10-09 20:45:37 [INFO] NTP Time: [2023-10-09 21:45:37.259150]: Using the local timmer to pretend to be NTP time. Data recorded
Local Time: 2023-10-09 20:45:37 [INFO] NTP Time: [2023-10-09 21:45:37.380629]: Using the local timmer to pretend to be NTP time. Data recorded
Local Time: 2023-10-09 20:45:37 [INFO] NTP Time: [2023-10-09 21:45:37.502651]: Using the local timmer to pretend to be NTP time. Data recorded
Local Time: 2023-10-09 20:45:37 [INFO] NTP Time: [2023-10-09 21:45:37.640627]: Using the local timmer to pretend to be NTP time. Data recorded
Local Time: 2023-10-09 20:45:37 [INFO] NTP Time: [2023-10-09 21:45:37.769589]: Using the local timmer to pretend to be NTP time. Data recorded
Local Time: 2023-10-09 20:45:37 [INFO] NTP Time: [2023-10-09 21:45:37.897855]: Using the local timmer to pretend to be NTP time. Data recorded
Local Time: 2023-10-09 20:45:38 [INFO] NTP Time: [2023-10-09 21:45:38.033239]: Using the local timmer to pretend to be NTP time. Data recorded
Local Time: 2023-10-09 20:45:38 [INFO] NTP Time: [2023-10-09 21:45:38.190114]: Using the local timmer to pretend to be NTP time. Data recorded
Local Time: 2023-10-09 20:45:38 [INFO] NTP Time: [2023-10-09 21:45:38.348897]: Using the local timmer to pretend to be NTP time. Data recorded
Local Time: 2023-10-09 20:45:38 [INFO] NTP Time: [2023-10-09 21:45:38.485910]: Using the local timmer to pretend to be NTP time. Data recorded
Local Time: 2023-10-09 20:45:38 [INFO] NTP Time: [2023-10-09 21:45:38.622304]: Using the local timmer to pretend to be NTP time. Data recorded
Local Time: 2023-10-09 20:45:38 [INFO] NTP Time: [2023-10-09 21:45:38.668806]: Using the local timmer to pretend to be NTP time. Data recorded
Local Time: 2023-10-09 20:45:38 [INFO] NTP Time: [2023-10-09 21:45:38.820744]: Using the local timmer to pretend to be NTP time. Data recorded
Local Time: 2023-10-09 20:45:38 [INFO] NTP Time: [2023-10-09 21:45:38.942988]: Using the local timmer to pretend to be NTP time. Data recorded
Local Time: 2023-10-09 20:45:39 [INFO] NTP Time: [2023-10-09 21:45:39.094417]: Using the local timmer to pretend to be NTP time. Data recorded
Local Time: 2023-10-09 20:45:39 [INFO] NTP Time: [2023-10-09 21:45:39.233290]: Using the local timmer to pretend to be NTP time. Data recorded
Local Time: 2023-10-09 20:45:39 [INFO] NTP Time: [2023-10-09 21:45:39.393224]: Using the local timmer to pretend to be NTP time. Data recorded
Local Time: 2023-10-09 20:45:39 [INFO] NTP Time: [2023-10-09 21:45:39.537565]: Using the local timmer to pretend to be NTP time. Data recorded
Local Time: 2023-10-09 20:45:39 [INFO] NTP Time: [2023-10-09 21:45:39.659574]: Using the local timmer to pretend to be NTP time. Data recorded
Local Time: 2023-10-09 20:45:39 [INFO] NTP Time: [2023-10-09 21:45:39.782209]: Using the local timmer to pretend to be NTP time. Data recorded
Local Time: 2023-10-09 20:45:39 [INFO] NTP Time: [2023-10-09 21:45:39.906904]: Using the local timmer to pretend to be NTP time. Data recorded
Local Time: 2023-10-09 20:45:40 [INFO] NTP Time: [2023-10-09 21:45:40.035582]: Using the local timmer to pretend to be NTP time. Data recorded
Local Time: 2023-10-09 20:45:40 [INFO] NTP Time: [2023-10-09 21:45:40.157844]: Using the local timmer to pretend to be NTP time. Data recorded
Local Time: 2023-10-09 20:45:40 [INFO] NTP Time: [2023-10-09 21:45:40.280355]: Using the local timmer to pretend to be NTP time. Data recorded
Local Time: 2023-10-09 20:45:40 [INFO] NTP Time: [2023-10-09 21:45:40.404654]: Using the local timmer to pretend to be NTP time. Data recorded
Local Time: 2023-10-09 20:45:40 [INFO] NTP Time: [2023-10-09 21:45:40.529377]: Using the local timmer to pretend to be NTP time. Data recorded
Local Time: 2023-10-09 20:45:40 [INFO] NTP Time: [2023-10-09 21:45:40.656548]: Using the local timmer to pretend to be NTP time. Data recorded
Local Time: 2023-10-09 20:45:40 [INFO] NTP Time: [2023-10-09 21:45:40.779719]: Using the local timmer to pretend to be NTP time. Data recorded
Local Time: 2023-10-09 20:45:40 [INFO] NTP Time: [2023-10-09 21:45:40.911258]: Using the local timmer to pretend to be NTP time. Data recorded
Local Time: 2023-10-09 20:45:41 [INFO] NTP Time: [2023-10-09 21:45:41.048033]: Using the local timmer to pretend to be NTP time. Data recorded
Local Time: 2023-10-09 20:45:41 [INFO] NTP Time: [2023-10-09 21:45:41.173853]: Using the local timmer to pretend to be NTP time. Data recorded
Local Time: 2023-10-09 20:45:41 [INFO] NTP Time: [2023-10-09 21:45:41.299766]: Using the local timmer to pretend to be NTP time. Data recorded
Local Time: 2023-10-09 20:45:41 [INFO] NTP Time: [2023-10-09 21:45:41.423192]: Using the local timmer to pretend to be NTP time. Data recorded
Local Time: 2023-10-09 20:45:41 [INFO] NTP Time: [2023-10-09 21:45:41.545201]: Using the local timmer to pretend to be NTP time. Data recorded
Local Time: 2023-10-09 20:45:41 [INFO] NTP Time: [2023-10-09 21:45:41.674479]: Using the local timmer to pretend to be NTP time. Data recorded
Local Time: 2023-10-09 20:45:41 [INFO] NTP Time: [2023-10-09 21:45:41.803027]: Using the local timmer to pretend to be NTP time. Data recorded
Local Time: 2023-10-09 20:45:41 [INFO] NTP Time: [2023-10-09 21:45:41.931295]: Using the local timmer to pretend to be NTP time. Data recorded
Local Time: 2023-10-09 20:45:42 [INFO] NTP Time: [2023-10-09 21:45:42.052840]: Using the local timmer to pretend to be NTP time. Data recorded
Local Time: 2023-10-09 20:45:42 [INFO] NTP Time: [2023-10-09 21:45:42.176187]: Using the local timmer to pretend to be NTP time. Data recorded
Local Time: 2023-10-09 20:45:42 [INFO] NTP Time: [2023-10-09 21:45:42.299078]: Using the local timmer to pretend to be NTP time. Data recorded
Local Time: 2023-10-09 20:45:42 [INFO] NTP Time: [2023-10-09 21:45:42.422692]: Using the local timmer to pretend to be NTP time. Data recorded
Local Time: 2023-10-09 20:45:42 [INFO] NTP Time: [2023-10-09 21:45:42.544995]: Using the local timmer to pretend to be NTP time. Data recorded
Local Time: 2023-10-09 20:45:42 [INFO] NTP Time: [2023-10-09 21:45:42.668628]: Using the local timmer to pretend to be NTP time. Data recorded
Local Time: 2023-10-09 20:45:42 [INFO] NTP Time: [2023-10-09 21:45:42.792212]: Using the local timmer to pretend to be NTP time. Data recorded
Local Time: 2023-10-09 20:45:42 [INFO] NTP Time: [2023-10-09 21:45:42.914645]: Using the local timmer to pretend to be NTP time. Data recorded
Local Time: 2023-10-09 20:45:43 [INFO] NTP Time: [2023-10-09 21:45:43.039250]: Using the local timmer to pretend to be NTP time. Data recorded
Local Time: 2023-10-09 20:45:43 [INFO] NTP Time: [2023-10-09 21:45:43.162192]: Using the local timmer to pretend to be NTP time. Data recorded
Local Time: 2023-10-09 20:45:43 [INFO] NTP Time: [2023-10-09 21:45:43.289457]: Using the local timmer to pretend to be NTP time. Data recorded
Local Time: 2023-10-09 20:45:43 [INFO] NTP Time: [2023-10-09 21:45:43.411362]: Using the local timmer to pretend to be NTP time. Data recorded
Local Time: 2023-10-09 20:45:43 [INFO] NTP Time: [2023-10-09 21:45:43.533632]: Using the local timmer to pretend to be NTP time. Data recorded
Local Time: 2023-10-09 20:45:43 [INFO] NTP Time: [2023-10-09 21:45:43.686381]: Using the local timmer to pretend to be NTP time. Data recorded
Local Time: 2023-10-09 20:45:43 [INFO] NTP Time: [2023-10-09 21:45:43.823515]: Using the local timmer to pretend to be NTP time. Data recorded
Local Time: 2023-10-09 20:45:43 [INFO] NTP Time: [2023-10-09 21:45:43.980679]: Using the local timmer to pretend to be NTP time. Data recorded
Local Time: 2023-10-09 20:45:44 [INFO] NTP Time: [2023-10-09 21:45:44.124547]: Using the local timmer to pretend to be NTP time. Data recorded
Local Time: 2023-10-09 20:45:44 [INFO] NTP Time: [2023-10-09 21:45:44.259877]: Using the local timmer to pretend to be NTP time. Data recorded
Local Time: 2023-10-09 20:45:44 [INFO] NTP Time: [2023-10-09 21:45:44.433624]: Using the local timmer to pretend to be NTP time. Data recorded
Local Time: 2023-10-09 20:45:44 [INFO] NTP Time: [2023-10-09 21:45:44.581772]: Using the local timmer to pretend to be NTP time. Data recorded
Local Time: 2023-10-09 20:45:44 [INFO] NTP Time: [2023-10-09 21:45:44.730810]: Using the local timmer to pretend to be NTP time. Data recorded
Local Time: 2023-10-09 20:45:44 [INFO] NTP Time: [2023-10-09 21:45:44.861046]: Using the local timmer to pretend to be NTP time. Data recorded
Local Time: 2023-10-09 20:45:45 [INFO] NTP Time: [2023-10-09 21:45:45.006038]: Using the local timmer to pretend to be NTP time. Data recorded
Local Time: 2023-10-09 20:45:45 [INFO] NTP Time: [2023-10-09 21:45:45.138343]: Using the local timmer to pretend to be NTP time. Data recorded
Local Time: 2023-10-09 20:45:45 [INFO] NTP Time: [2023-10-09 21:45:45.285278]: Using the local timmer to pretend to be NTP time. Data recorded
Local Time: 2023-10-09 20:45:45 [INFO] NTP Time: [2023-10-09 21:45:45.409158]: Using the local timmer to pretend to be NTP time. Data recorded
Local Time: 2023-10-09 20:45:45 [INFO] NTP Time: [2023-10-09 21:45:45.533078]: Using the local timmer to pretend to be NTP time. Data recorded
Local Time: 2023-10-09 20:45:45 [INFO] NTP Time: [2023-10-09 21:45:45.661626]: Using the local timmer to pretend to be NTP time. Data recorded
Local Time: 2023-10-09 20:45:45 [INFO] NTP Time: [2023-10-09 21:45:45.801471]: Using the local timmer to pretend to be NTP time. Data recorded
Local Time: 2023-10-09 20:45:45 [INFO] NTP Time: [2023-10-09 21:45:45.977727]: Using the local timmer to pretend to be NTP time. Data recorded
Local Time: 2023-10-09 20:45:46 [INFO] NTP Time: [2023-10-09 21:45:46.106219]: Using the local timmer to pretend to be NTP time. Data recorded
Local Time: 2023-10-09 20:45:46 [INFO] NTP Time: [2023-10-09 21:45:46.255686]: Using the local timmer to pretend to be NTP time. Data recorded
Local Time: 2023-10-09 20:45:46 [INFO] NTP Time: [2023-10-09 21:45:46.379092]: Using the local timmer to pretend to be NTP time. Data recorded
Local Time: 2023-10-09 20:45:46 [INFO] NTP Time: [2023-10-09 21:45:46.542624]: Using the local timmer to pretend to be NTP time. Data recorded
Local Time: 2023-10-09 20:45:46 [INFO] NTP Time: [2023-10-09 21:45:46.670491]: Using the local timmer to pretend to be NTP time. Data recorded
Local Time: 2023-10-09 20:45:46 [INFO] NTP Time: [2023-10-09 21:45:46.826323]: Using the local timmer to pretend to be NTP time. Data recorded
Local Time: 2023-10-09 20:45:46 [INFO] NTP Time: [2023-10-09 21:45:46.954517]: Using the local timmer to pretend to be NTP time. Data recorded
Local Time: 2023-10-09 20:45:47 [INFO] NTP Time: [2023-10-09 21:45:47.077789]: Using the local timmer to pretend to be NTP time. Data recorded
Local Time: 2023-10-09 20:45:47 [INFO] NTP Time: [2023-10-09 21:45:47.241117]: Using the local timmer to pretend to be NTP time. Data recorded
Local Time: 2023-10-09 20:45:47 [INFO] NTP Time: [2023-10-09 21:45:47.377872]: Using the local timmer to pretend to be NTP time. Data recorded
Local Time: 2023-10-09 20:45:47 [INFO] NTP Time: [2023-10-09 21:45:47.500966]: Using the local timmer to pretend to be NTP time. Data recorded
Local Time: 2023-10-09 20:45:47 [INFO] NTP Time: [2023-10-09 21:45:47.628623]: Using the local timmer to pretend to be NTP time. Data recorded
Local Time: 2023-10-09 20:45:47 [INFO] NTP Time: [2023-10-09 21:45:47.783998]: Using the local timmer to pretend to be NTP time. Data recorded
Local Time: 2023-10-09 20:45:47 [INFO] NTP Time: [2023-10-09 21:45:47.908617]: Using the local timmer to pretend to be NTP time. Data recorded
Local Time: 2023-10-09 20:45:48 [INFO] NTP Time: [2023-10-09 21:45:48.034235]: Using the local timmer to pretend to be NTP time. Data recorded
Local Time: 2023-10-09 20:45:48 [INFO] NTP Time: [2023-10-09 21:45:48.168101]: Using the local timmer to pretend to be NTP time. Data recorded
Local Time: 2023-10-09 20:45:48 [INFO] NTP Time: [2023-10-09 21:45:48.376633]: Using the local timmer to pretend to be NTP time. Data recorded
Local Time: 2023-10-09 20:45:48 [INFO] NTP Time: [2023-10-09 21:45:48.540809]: Using the local timmer to pretend to be NTP time. Data recorded
Local Time: 2023-10-09 20:45:48 [INFO] NTP Time: [2023-10-09 21:45:48.682482]: Using the local timmer to pretend to be NTP time. Data recorded
Local Time: 2023-10-09 20:45:48 [INFO] NTP Time: [2023-10-09 21:45:48.811200]: Using the local timmer to pretend to be NTP time. Data recorded
Local Time: 2023-10-09 20:45:48 [INFO] NTP Time: [2023-10-09 21:45:48.978205]: Using the local timmer to pretend to be NTP time. Data recorded
Local Time: 2023-10-09 20:45:49 [INFO] NTP Time: [2023-10-09 21:45:49.101840]: Using the local timmer to pretend to be NTP time. Data recorded
Local Time: 2023-10-09 20:45:49 [INFO] NTP Time: [2023-10-09 21:45:49.224936]: Using the local timmer to pretend to be NTP time. Data recorded
Local Time: 2023-10-09 20:45:49 [INFO] NTP Time: [2023-10-09 21:45:49.405036]: Using the local timmer to pretend to be NTP time. Data recorded
Local Time: 2023-10-09 20:45:49 [INFO] NTP Time: [2023-10-09 21:45:49.544778]: Using the local timmer to pretend to be NTP time. Data recorded
Local Time: 2023-10-09 20:45:49 [INFO] NTP Time: [2023-10-09 21:45:49.678127]: Using the local timmer to pretend to be NTP time. Data recorded
Local Time: 2023-10-09 20:45:49 [INFO] NTP Time: [2023-10-09 21:45:49.805663]: Using the local timmer to pretend to be NTP time. Data recorded
Local Time: 2023-10-09 20:45:49 [INFO] NTP Time: [2023-10-09 21:45:49.961422]: Using the local timmer to pretend to be NTP time. Data recorded
Local Time: 2023-10-09 20:45:50 [INFO] NTP Time: [2023-10-09 21:45:50.125478]: Using the local timmer to pretend to be NTP time. Data recorded
Local Time: 2023-10-09 20:45:50 [INFO] NTP Time: [2023-10-09 21:45:50.301756]: Using the local timmer to pretend to be NTP time. Data recorded
Local Time: 2023-10-09 20:45:50 [INFO] NTP Time: [2023-10-09 21:45:50.452426]: Using the local timmer to pretend to be NTP time. Data recorded
Local Time: 2023-10-09 20:45:50 [INFO] NTP Time: [2023-10-09 21:45:50.575641]: Using the local timmer to pretend to be NTP time. Data recorded
Local Time: 2023-10-09 20:45:50 [INFO] NTP Time: [2023-10-09 21:45:50.699255]: Using the local timmer to pretend to be NTP time. Data recorded
Local Time: 2023-10-09 20:45:50 [INFO] NTP Time: [2023-10-09 21:45:50.863328]: Using the local timmer to pretend to be NTP time. Data recorded
Local Time: 2023-10-09 20:45:51 [INFO] NTP Time: [2023-10-09 21:45:51.010630]: Using the local timmer to pretend to be NTP time. Data recorded
Local Time: 2023-10-09 20:45:51 [INFO] NTP Time: [2023-10-09 21:45:51.211144]: Using the local timmer to pretend to be NTP time. Data recorded
Local Time: 2023-10-09 20:45:51 [INFO] NTP Time: [2023-10-09 21:45:51.341424]: Using the local timmer to pretend to be NTP time. Data recorded
Local Time: 2023-10-09 20:45:51 [INFO] NTP Time: [2023-10-09 21:45:51.466782]: Using the local timmer to pretend to be NTP time. Data recorded
Local Time: 2023-10-09 20:45:51 [INFO] NTP Time: [2023-10-09 21:45:51.599939]: Using the local timmer to pretend to be NTP time. Data recorded
Local Time: 2023-10-09 20:45:51 [INFO] NTP Time: [2023-10-09 21:45:51.727829]: Using the local timmer to pretend to be NTP time. Data recorded
Local Time: 2023-10-09 20:45:51 [INFO] NTP Time: [2023-10-09 21:45:51.852232]: Using the local timmer to pretend to be NTP time. Data recorded
Local Time: 2023-10-09 20:45:51 [INFO] NTP Time: [2023-10-09 21:45:51.976274]: Using the local timmer to pretend to be NTP time. Data recorded
Local Time: 2023-10-09 20:45:52 [INFO] NTP Time: [2023-10-09 21:45:52.099694]: Using the local timmer to pretend to be NTP time. Data recorded
Local Time: 2023-10-09 20:45:52 [INFO] NTP Time: [2023-10-09 21:45:52.223285]: Using the local timmer to pretend to be NTP time. Data recorded
Local Time: 2023-10-09 20:45:52 [INFO] NTP Time: [2023-10-09 21:45:52.346474]: Using the local timmer to pretend to be NTP time. Data recorded
Local Time: 2023-10-09 20:45:52 [INFO] NTP Time: [2023-10-09 21:45:52.470210]: Using the local timmer to pretend to be NTP time. Data recorded
Local Time: 2023-10-09 20:45:52 [INFO] NTP Time: [2023-10-09 21:45:52.598051]: Using the local timmer to pretend to be NTP time. Data recorded
Local Time: 2023-10-09 20:45:52 [INFO] NTP Time: [2023-10-09 21:45:52.793389]: Using the local timmer to pretend to be NTP time. Data recorded
Local Time: 2023-10-09 20:45:52 [INFO] NTP Time: [2023-10-09 21:45:52.921525]: Using the local timmer to pretend to be NTP time. Data recorded
Local Time: 2023-10-09 20:45:53 [INFO] NTP Time: [2023-10-09 21:45:53.101886]: Using the local timmer to pretend to be NTP time. Data recorded
Local Time: 2023-10-09 20:45:53 [INFO] NTP Time: [2023-10-09 21:45:53.230139]: Using the local timmer to pretend to be NTP time. Data recorded
Local Time: 2023-10-09 20:45:53 [INFO] NTP Time: [2023-10-09 21:45:53.416309]: Using the local timmer to pretend to be NTP time. Data recorded
Local Time: 2023-10-09 20:45:53 [INFO] NTP Time: [2023-10-09 21:45:53.550034]: Using the local timmer to pretend to be NTP time. Data recorded
Local Time: 2023-10-09 20:45:53 [INFO] NTP Time: [2023-10-09 21:45:53.732625]: Using the local timmer to pretend to be NTP time. Data recorded
Local Time: 2023-10-09 20:45:53 [INFO] NTP Time: [2023-10-09 21:45:53.862543]: Using the local timmer to pretend to be NTP time. Data recorded
Local Time: 2023-10-09 20:45:54 [INFO] NTP Time: [2023-10-09 21:45:54.059373]: Using the local timmer to pretend to be NTP time. Data recorded
Local Time: 2023-10-09 20:45:54 [INFO] NTP Time: [2023-10-09 21:45:54.189564]: Using the local timmer to pretend to be NTP time. Data recorded
Local Time: 2023-10-09 20:45:54 [INFO] NTP Time: [2023-10-09 21:45:54.315745]: Using the local timmer to pretend to be NTP time. Data recorded
Local Time: 2023-10-09 20:45:54 [INFO] NTP Time: [2023-10-09 21:45:54.472539]: Using the local timmer to pretend to be NTP time. Data recorded
Local Time: 2023-10-09 20:45:54 [INFO] NTP Time: [2023-10-09 21:45:54.600410]: Using the local timmer to pretend to be NTP time. Data recorded
Local Time: 2023-10-09 20:45:54 [INFO] NTP Time: [2023-10-09 21:45:54.779456]: Using the local timmer to pretend to be NTP time. Data recorded
Local Time: 2023-10-09 20:45:54 [INFO] NTP Time: [2023-10-09 21:45:54.915843]: Using the local timmer to pretend to be NTP time. Data recorded
Local Time: 2023-10-09 20:45:55 [INFO] NTP Time: [2023-10-09 21:45:55.040477]: Using the local timmer to pretend to be NTP time. Data recorded
Local Time: 2023-10-09 20:45:55 [INFO] NTP Time: [2023-10-09 21:45:55.166416]: Using the local timmer to pretend to be NTP time. Data recorded
Local Time: 2023-10-09 20:45:55 [INFO] NTP Time: [2023-10-09 21:45:55.290352]: Using the local timmer to pretend to be NTP time. Data recorded
Local Time: 2023-10-09 20:45:55 [INFO] NTP Time: [2023-10-09 21:45:55.414112]: Using the local timmer to pretend to be NTP time. Data recorded
Local Time: 2023-10-09 20:45:55 [INFO] NTP Time: [2023-10-09 21:45:55.538326]: Using the local timmer to pretend to be NTP time. Data recorded
Local Time: 2023-10-09 20:45:55 [INFO] NTP Time: [2023-10-09 21:45:55.662291]: Using the local timmer to pretend to be NTP time. Data recorded
Local Time: 2023-10-09 20:45:55 [INFO] NTP Time: [2023-10-09 21:45:55.793542]: Using the local timmer to pretend to be NTP time. Data recorded
Local Time: 2023-10-09 20:45:55 [INFO] NTP Time: [2023-10-09 21:45:55.923432]: Using the local timmer to pretend to be NTP time. Data recorded
Local Time: 2023-10-09 20:45:56 [INFO] NTP Time: [2023-10-09 21:45:56.093510]: Using the local timmer to pretend to be NTP time. Data recorded
Local Time: 2023-10-09 20:45:56 [INFO] NTP Time: [2023-10-09 21:45:56.229829]: Using the local timmer to pretend to be NTP time. Data recorded
Local Time: 2023-10-09 20:45:56 [INFO] NTP Time: [2023-10-09 21:45:56.393099]: Using the local timmer to pretend to be NTP time. Data recorded
Local Time: 2023-10-09 20:45:56 [INFO] NTP Time: [2023-10-09 21:45:56.542836]: Using the local timmer to pretend to be NTP time. Data recorded
Local Time: 2023-10-09 20:45:56 [INFO] NTP Time: [2023-10-09 21:45:56.670931]: Using the local timmer to pretend to be NTP time. Data recorded
Local Time: 2023-10-09 20:45:56 [INFO] NTP Time: [2023-10-09 21:45:56.865042]: Using the local timmer to pretend to be NTP time. Data recorded
Local Time: 2023-10-09 20:45:57 [INFO] NTP Time: [2023-10-09 21:45:56.998995]: Using the local timmer to pretend to be NTP time. Data recorded
Local Time: 2023-10-09 20:45:57 [INFO] NTP Time: [2023-10-09 21:45:57.169753]: Using the local timmer to pretend to be NTP time. Data recorded
Local Time: 2023-10-09 20:45:57 [INFO] NTP Time: [2023-10-09 21:45:57.299568]: Using the local timmer to pretend to be NTP time. Data recorded
Local Time: 2023-10-09 20:45:57 [INFO] NTP Time: [2023-10-09 21:45:57.488727]: Using the local timmer to pretend to be NTP time. Data recorded
Local Time: 2023-10-09 20:45:57 [INFO] NTP Time: [2023-10-09 21:45:57.654038]: Using the local timmer to pretend to be NTP time. Data recorded
Local Time: 2023-10-09 20:45:57 [INFO] NTP Time: [2023-10-09 21:45:57.781454]: Using the local timmer to pretend to be NTP time. Data recorded
Local Time: 2023-10-09 20:45:57 [INFO] NTP Time: [2023-10-09 21:45:57.946070]: Using the local timmer to pretend to be NTP time. Data recorded
Local Time: 2023-10-09 20:45:58 [INFO] NTP Time: [2023-10-09 21:45:58.125784]: Using the local timmer to pretend to be NTP time. Data recorded
Local Time: 2023-10-09 20:45:58 [INFO] NTP Time: [2023-10-09 21:45:58.166213]: End recording by a terminate action.
