Local Time: 2023-10-09 20:44:04 [INFO] NTP Time: [2023-10-09 21:44:04.419937]: Loaded configuration: {'participant': {'id': 'P001', 'age': '25', 'gender': 'M', 'ethnicity': 'Caucasian', 'height': '165', 'weight': '65'}, 'experiment': {'date': '2022-01-01', 'time': '14:00:00', 'condition': 'HW101M', 'group': 'A', 'illumination_level': 'low'}, 'task_info': {'task_name': 'Task1', 'trial_number': '5'}, 'notes': {'comments': 'Participant seemed tired during the session.'}, 'label_info': {'activity': 'sit'}}
Local Time: 2023-10-09 20:44:04 [INFO] NTP Time: [2023-10-09 21:44:04.420026]: Loaded mmwave configuration: {'setting1': 'value1', 'setting2': 'value2', 'Data storage location': 'AWR1843-Read-Data-Python-MMWAVE-SDK-3--master/data', 'mmwave_Datatype': 'dictionary'}
Local Time: 2023-10-09 20:44:05 [INFO] NTP Time: [2023-10-09 21:44:05.337326]: Using NTP time as the start timmer.
Local Time: 2023-10-09 20:44:05 [INFO] NTP Time: [2023-10-09 21:44:05.455627]: Using the local timmer to pretend to be NTP time. Data recorded
Local Time: 2023-10-09 20:44:05 [INFO] NTP Time: [2023-10-09 21:44:05.590096]: Using the local timmer to pretend to be NTP time. Data recorded
Local Time: 2023-10-09 20:44:05 [INFO] NTP Time: [2023-10-09 21:44:05.723579]: Using the local timmer to pretend to be NTP time. Data recorded
Local Time: 2023-10-09 20:44:05 [INFO] NTP Time: [2023-10-09 21:44:05.871604]: Using the local timmer to pretend to be NTP time. Data recorded
Local Time: 2023-10-09 20:44:05 [INFO] NTP Time: [2023-10-09 21:44:05.987012]: Using the local timmer to pretend to be NTP time. Data recorded
Local Time: 2023-10-09 20:44:06 [INFO] NTP Time: [2023-10-09 21:44:06.103031]: Using the local timmer to pretend to be NTP time. Data recorded
Local Time: 2023-10-09 20:44:06 [INFO] NTP Time: [2023-10-09 21:44:06.218046]: Using the local timmer to pretend to be NTP time. Data recorded
Local Time: 2023-10-09 20:44:06 [INFO] NTP Time: [2023-10-09 21:44:06.332380]: Using the local timmer to pretend to be NTP time. Data recorded
Local Time: 2023-10-09 20:44:06 [INFO] NTP Time: [2023-10-09 21:44:06.447324]: Using the local timmer to pretend to be NTP time. Data recorded
Local Time: 2023-10-09 20:44:06 [INFO] NTP Time: [2023-10-09 21:44:06.561625]: Using the local timmer to pretend to be NTP time. Data recorded
Local Time: 2023-10-09 20:44:06 [INFO] NTP Time: [2023-10-09 21:44:06.676630]: Using the local timmer to pretend to be NTP time. Data recorded
Local Time: 2023-10-09 20:44:06 [INFO] NTP Time: [2023-10-09 21:44:06.792732]: Using the local timmer to pretend to be NTP time. Data recorded
Local Time: 2023-10-09 20:44:06 [INFO] NTP Time: [2023-10-09 21:44:06.909628]: Using the local timmer to pretend to be NTP time. Data recorded
Local Time: 2023-10-09 20:44:07 [INFO] NTP Time: [2023-10-09 21:44:07.025358]: Using the local timmer to pretend to be NTP time. Data recorded
Local Time: 2023-10-09 20:44:07 [INFO] NTP Time: [2023-10-09 21:44:07.140989]: Using the local timmer to pretend to be NTP time. Data recorded
Local Time: 2023-10-09 20:44:07 [INFO] NTP Time: [2023-10-09 21:44:07.256151]: Using the local timmer to pretend to be NTP time. Data recorded
Local Time: 2023-10-09 20:44:07 [INFO] NTP Time: [2023-10-09 21:44:07.371830]: Using the local timmer to pretend to be NTP time. Data recorded
Local Time: 2023-10-09 20:44:07 [INFO] NTP Time: [2023-10-09 21:44:07.486781]: Using the local timmer to pretend to be NTP time. Data recorded
Local Time: 2023-10-09 20:44:07 [INFO] NTP Time: [2023-10-09 21:44:07.601450]: Using the local timmer to pretend to be NTP time. Data recorded
Local Time: 2023-10-09 20:44:07 [INFO] NTP Time: [2023-10-09 21:44:07.725425]: Using the local timmer to pretend to be NTP time. Data recorded
Local Time: 2023-10-09 20:44:07 [INFO] NTP Time: [2023-10-09 21:44:07.842320]: Using the local timmer to pretend to be NTP time. Data recorded
Local Time: 2023-10-09 20:44:07 [INFO] NTP Time: [2023-10-09 21:44:07.981262]: Using the local timmer to pretend to be NTP time. Data recorded
Local Time: 2023-10-09 20:44:08 [INFO] NTP Time: [2023-10-09 21:44:08.099396]: Using the local timmer to pretend to be NTP time. Data recorded
Local Time: 2023-10-09 20:44:08 [INFO] NTP Time: [2023-10-09 21:44:08.215598]: Using the local timmer to pretend to be NTP time. Data recorded
Local Time: 2023-10-09 20:44:08 [INFO] NTP Time: [2023-10-09 21:44:08.350813]: Using the local timmer to pretend to be NTP time. Data recorded
Local Time: 2023-10-09 20:44:08 [INFO] NTP Time: [2023-10-09 21:44:08.469073]: Using the local timmer to pretend to be NTP time. Data recorded
Local Time: 2023-10-09 20:44:08 [INFO] NTP Time: [2023-10-09 21:44:08.584290]: Using the local timmer to pretend to be NTP time. Data recorded
Local Time: 2023-10-09 20:44:08 [INFO] NTP Time: [2023-10-09 21:44:08.700525]: Using the local timmer to pretend to be NTP time. Data recorded
Local Time: 2023-10-09 20:44:08 [INFO] NTP Time: [2023-10-09 21:44:08.817705]: Using the local timmer to pretend to be NTP time. Data recorded
Local Time: 2023-10-09 20:44:08 [INFO] NTP Time: [2023-10-09 21:44:08.980667]: Using the local timmer to pretend to be NTP time. Data recorded
Local Time: 2023-10-09 20:44:09 [INFO] NTP Time: [2023-10-09 21:44:09.119789]: Using the local timmer to pretend to be NTP time. Data recorded
Local Time: 2023-10-09 20:44:09 [INFO] NTP Time: [2023-10-09 21:44:09.237582]: Using the local timmer to pretend to be NTP time. Data recorded
Local Time: 2023-10-09 20:44:09 [INFO] NTP Time: [2023-10-09 21:44:09.353341]: Using the local timmer to pretend to be NTP time. Data recorded
Local Time: 2023-10-09 20:44:09 [INFO] NTP Time: [2023-10-09 21:44:09.499238]: Using the local timmer to pretend to be NTP time. Data recorded
Local Time: 2023-10-09 20:44:09 [INFO] NTP Time: [2023-10-09 21:44:09.618491]: Using the local timmer to pretend to be NTP time. Data recorded
Local Time: 2023-10-09 20:44:09 [INFO] NTP Time: [2023-10-09 21:44:09.764242]: Using the local timmer to pretend to be NTP time. Data recorded
Local Time: 2023-10-09 20:44:09 [INFO] NTP Time: [2023-10-09 21:44:09.882023]: Using the local timmer to pretend to be NTP time. Data recorded
Local Time: 2023-10-09 20:44:10 [INFO] NTP Time: [2023-10-09 21:44:10.012298]: Using the local timmer to pretend to be NTP time. Data recorded
Local Time: 2023-10-09 20:44:10 [INFO] NTP Time: [2023-10-09 21:44:10.130591]: Using the local timmer to pretend to be NTP time. Data recorded
Local Time: 2023-10-09 20:44:10 [INFO] NTP Time: [2023-10-09 21:44:10.280395]: Using the local timmer to pretend to be NTP time. Data recorded
Local Time: 2023-10-09 20:44:10 [INFO] NTP Time: [2023-10-09 21:44:10.397191]: Using the local timmer to pretend to be NTP time. Data recorded
Local Time: 2023-10-09 20:44:10 [INFO] NTP Time: [2023-10-09 21:44:10.543509]: Using the local timmer to pretend to be NTP time. Data recorded
Local Time: 2023-10-09 20:44:10 [INFO] NTP Time: [2023-10-09 21:44:10.660544]: Using the local timmer to pretend to be NTP time. Data recorded
Local Time: 2023-10-09 20:44:10 [INFO] NTP Time: [2023-10-09 21:44:10.777044]: Using the local timmer to pretend to be NTP time. Data recorded
Local Time: 2023-10-09 20:44:10 [INFO] NTP Time: [2023-10-09 21:44:10.893498]: Using the local timmer to pretend to be NTP time. Data recorded
Local Time: 2023-10-09 20:44:11 [INFO] NTP Time: [2023-10-09 21:44:11.010357]: Using the local timmer to pretend to be NTP time. Data recorded
Local Time: 2023-10-09 20:44:11 [INFO] NTP Time: [2023-10-09 21:44:11.127289]: Using the local timmer to pretend to be NTP time. Data recorded
Local Time: 2023-10-09 20:44:11 [INFO] NTP Time: [2023-10-09 21:44:11.244419]: Using the local timmer to pretend to be NTP time. Data recorded
Local Time: 2023-10-09 20:44:11 [INFO] NTP Time: [2023-10-09 21:44:11.362510]: Using the local timmer to pretend to be NTP time. Data recorded
Local Time: 2023-10-09 20:44:11 [INFO] NTP Time: [2023-10-09 21:44:11.484627]: Using the local timmer to pretend to be NTP time. Data recorded
Local Time: 2023-10-09 20:44:11 [INFO] NTP Time: [2023-10-09 21:44:11.612693]: Using the local timmer to pretend to be NTP time. Data recorded
Local Time: 2023-10-09 20:44:11 [INFO] NTP Time: [2023-10-09 21:44:11.731274]: Using the local timmer to pretend to be NTP time. Data recorded
Local Time: 2023-10-09 20:44:11 [INFO] NTP Time: [2023-10-09 21:44:11.848464]: Using the local timmer to pretend to be NTP time. Data recorded
Local Time: 2023-10-09 20:44:11 [INFO] NTP Time: [2023-10-09 21:44:11.968231]: Using the local timmer to pretend to be NTP time. Data recorded
Local Time: 2023-10-09 20:44:12 [INFO] NTP Time: [2023-10-09 21:44:12.105846]: Using the local timmer to pretend to be NTP time. Data recorded
Local Time: 2023-10-09 20:44:12 [INFO] NTP Time: [2023-10-09 21:44:12.232728]: Using the local timmer to pretend to be NTP time. Data recorded
Local Time: 2023-10-09 20:44:12 [INFO] NTP Time: [2023-10-09 21:44:12.352591]: Using the local timmer to pretend to be NTP time. Data recorded
Local Time: 2023-10-09 20:44:12 [INFO] NTP Time: [2023-10-09 21:44:12.486843]: Using the local timmer to pretend to be NTP time. Data recorded
Local Time: 2023-10-09 20:44:12 [INFO] NTP Time: [2023-10-09 21:44:12.606454]: Using the local timmer to pretend to be NTP time. Data recorded
Local Time: 2023-10-09 20:44:12 [INFO] NTP Time: [2023-10-09 21:44:12.758443]: Using the local timmer to pretend to be NTP time. Data recorded
Local Time: 2023-10-09 20:44:12 [INFO] NTP Time: [2023-10-09 21:44:12.897283]: Using the local timmer to pretend to be NTP time. Data recorded
Local Time: 2023-10-09 20:44:13 [INFO] NTP Time: [2023-10-09 21:44:13.015257]: Using the local timmer to pretend to be NTP time. Data recorded
Local Time: 2023-10-09 20:44:13 [INFO] NTP Time: [2023-10-09 21:44:13.156855]: Using the local timmer to pretend to be NTP time. Data recorded
Local Time: 2023-10-09 20:44:13 [INFO] NTP Time: [2023-10-09 21:44:13.285502]: Using the local timmer to pretend to be NTP time. Data recorded
Local Time: 2023-10-09 20:44:13 [INFO] NTP Time: [2023-10-09 21:44:13.403539]: Using the local timmer to pretend to be NTP time. Data recorded
Local Time: 2023-10-09 20:44:13 [INFO] NTP Time: [2023-10-09 21:44:13.523199]: Using the local timmer to pretend to be NTP time. Data recorded
Local Time: 2023-10-09 20:44:13 [INFO] NTP Time: [2023-10-09 21:44:13.645731]: Using the local timmer to pretend to be NTP time. Data recorded
Local Time: 2023-10-09 20:44:13 [INFO] NTP Time: [2023-10-09 21:44:13.770127]: Using the local timmer to pretend to be NTP time. Data recorded
Local Time: 2023-10-09 20:44:13 [INFO] NTP Time: [2023-10-09 21:44:13.891360]: Using the local timmer to pretend to be NTP time. Data recorded
Local Time: 2023-10-09 20:44:14 [INFO] NTP Time: [2023-10-09 21:44:14.049568]: Using the local timmer to pretend to be NTP time. Data recorded
Local Time: 2023-10-09 20:44:14 [INFO] NTP Time: [2023-10-09 21:44:14.180621]: Using the local timmer to pretend to be NTP time. Data recorded
Local Time: 2023-10-09 20:44:14 [INFO] NTP Time: [2023-10-09 21:44:14.298186]: Using the local timmer to pretend to be NTP time. Data recorded
Local Time: 2023-10-09 20:44:14 [INFO] NTP Time: [2023-10-09 21:44:14.415788]: Using the local timmer to pretend to be NTP time. Data recorded
Local Time: 2023-10-09 20:44:14 [INFO] NTP Time: [2023-10-09 21:44:14.557424]: Using the local timmer to pretend to be NTP time. Data recorded
Local Time: 2023-10-09 20:44:14 [INFO] NTP Time: [2023-10-09 21:44:14.679203]: Using the local timmer to pretend to be NTP time. Data recorded
Local Time: 2023-10-09 20:44:14 [INFO] NTP Time: [2023-10-09 21:44:14.797313]: Using the local timmer to pretend to be NTP time. Data recorded
Local Time: 2023-10-09 20:44:14 [INFO] NTP Time: [2023-10-09 21:44:14.955522]: Using the local timmer to pretend to be NTP time. Data recorded
Local Time: 2023-10-09 20:44:15 [INFO] NTP Time: [2023-10-09 21:44:15.085375]: Using the local timmer to pretend to be NTP time. Data recorded
Local Time: 2023-10-09 20:44:15 [INFO] NTP Time: [2023-10-09 21:44:15.204740]: Using the local timmer to pretend to be NTP time. Data recorded
Local Time: 2023-10-09 20:44:15 [INFO] NTP Time: [2023-10-09 21:44:15.324479]: Using the local timmer to pretend to be NTP time. Data recorded
Local Time: 2023-10-09 20:44:15 [INFO] NTP Time: [2023-10-09 21:44:15.459117]: Using the local timmer to pretend to be NTP time. Data recorded
Local Time: 2023-10-09 20:44:15 [INFO] NTP Time: [2023-10-09 21:44:15.595736]: Using the local timmer to pretend to be NTP time. Data recorded
Local Time: 2023-10-09 20:44:15 [INFO] NTP Time: [2023-10-09 21:44:15.742174]: Using the local timmer to pretend to be NTP time. Data recorded
Local Time: 2023-10-09 20:44:15 [INFO] NTP Time: [2023-10-09 21:44:15.862848]: Using the local timmer to pretend to be NTP time. Data recorded
Local Time: 2023-10-09 20:44:15 [INFO] NTP Time: [2023-10-09 21:44:15.985648]: Using the local timmer to pretend to be NTP time. Data recorded
Local Time: 2023-10-09 20:44:16 [INFO] NTP Time: [2023-10-09 21:44:16.128023]: Using the local timmer to pretend to be NTP time. Data recorded
Local Time: 2023-10-09 20:44:16 [INFO] NTP Time: [2023-10-09 21:44:16.250391]: Using the local timmer to pretend to be NTP time. Data recorded
Local Time: 2023-10-09 20:44:16 [INFO] NTP Time: [2023-10-09 21:44:16.369584]: Using the local timmer to pretend to be NTP time. Data recorded
Local Time: 2023-10-09 20:44:16 [INFO] NTP Time: [2023-10-09 21:44:16.490841]: Using the local timmer to pretend to be NTP time. Data recorded
Local Time: 2023-10-09 20:44:16 [INFO] NTP Time: [2023-10-09 21:44:16.618826]: Using the local timmer to pretend to be NTP time. Data recorded
Local Time: 2023-10-09 20:44:16 [INFO] NTP Time: [2023-10-09 21:44:16.755668]: Using the local timmer to pretend to be NTP time. Data recorded
Local Time: 2023-10-09 20:44:16 [INFO] NTP Time: [2023-10-09 21:44:16.874450]: Using the local timmer to pretend to be NTP time. Data recorded
Local Time: 2023-10-09 20:44:16 [INFO] NTP Time: [2023-10-09 21:44:16.993942]: Using the local timmer to pretend to be NTP time. Data recorded
Local Time: 2023-10-09 20:44:17 [INFO] NTP Time: [2023-10-09 21:44:17.113564]: Using the local timmer to pretend to be NTP time. Data recorded
Local Time: 2023-10-09 20:44:17 [INFO] NTP Time: [2023-10-09 21:44:17.234352]: Using the local timmer to pretend to be NTP time. Data recorded
Local Time: 2023-10-09 20:44:17 [INFO] NTP Time: [2023-10-09 21:44:17.359378]: Using the local timmer to pretend to be NTP time. Data recorded
Local Time: 2023-10-09 20:44:17 [INFO] NTP Time: [2023-10-09 21:44:17.482114]: Using the local timmer to pretend to be NTP time. Data recorded
Local Time: 2023-10-09 20:44:17 [INFO] NTP Time: [2023-10-09 21:44:17.603448]: Using the local timmer to pretend to be NTP time. Data recorded
Local Time: 2023-10-09 20:44:17 [INFO] NTP Time: [2023-10-09 21:44:17.746441]: Using the local timmer to pretend to be NTP time. Data recorded
Local Time: 2023-10-09 20:44:17 [INFO] NTP Time: [2023-10-09 21:44:17.866377]: Using the local timmer to pretend to be NTP time. Data recorded
Local Time: 2023-10-09 20:44:17 [INFO] NTP Time: [2023-10-09 21:44:17.998756]: Using the local timmer to pretend to be NTP time. Data recorded
Local Time: 2023-10-09 20:44:18 [INFO] NTP Time: [2023-10-09 21:44:18.137210]: Using the local timmer to pretend to be NTP time. Data recorded
Local Time: 2023-10-09 20:44:18 [INFO] NTP Time: [2023-10-09 21:44:18.256064]: Using the local timmer to pretend to be NTP time. Data recorded
Local Time: 2023-10-09 20:44:18 [INFO] NTP Time: [2023-10-09 21:44:18.375593]: Using the local timmer to pretend to be NTP time. Data recorded
Local Time: 2023-10-09 20:44:18 [INFO] NTP Time: [2023-10-09 21:44:18.522248]: Using the local timmer to pretend to be NTP time. Data recorded
Local Time: 2023-10-09 20:44:18 [INFO] NTP Time: [2023-10-09 21:44:18.651999]: Using the local timmer to pretend to be NTP time. Data recorded
Local Time: 2023-10-09 20:44:18 [INFO] NTP Time: [2023-10-09 21:44:18.797312]: Using the local timmer to pretend to be NTP time. Data recorded
Local Time: 2023-10-09 20:44:18 [INFO] NTP Time: [2023-10-09 21:44:18.919072]: Using the local timmer to pretend to be NTP time. Data recorded
Local Time: 2023-10-09 20:44:19 [INFO] NTP Time: [2023-10-09 21:44:19.082694]: Using the local timmer to pretend to be NTP time. Data recorded
Local Time: 2023-10-09 20:44:19 [INFO] NTP Time: [2023-10-09 21:44:19.217208]: Using the local timmer to pretend to be NTP time. Data recorded
Local Time: 2023-10-09 20:44:19 [INFO] NTP Time: [2023-10-09 21:44:19.362103]: Using the local timmer to pretend to be NTP time. Data recorded
Local Time: 2023-10-09 20:44:19 [INFO] NTP Time: [2023-10-09 21:44:19.498942]: Using the local timmer to pretend to be NTP time. Data recorded
Local Time: 2023-10-09 20:44:19 [INFO] NTP Time: [2023-10-09 21:44:19.631447]: Using the local timmer to pretend to be NTP time. Data recorded
Local Time: 2023-10-09 20:44:19 [INFO] NTP Time: [2023-10-09 21:44:19.766081]: Using the local timmer to pretend to be NTP time. Data recorded
Local Time: 2023-10-09 20:44:19 [INFO] NTP Time: [2023-10-09 21:44:19.931414]: Using the local timmer to pretend to be NTP time. Data recorded
Local Time: 2023-10-09 20:44:20 [INFO] NTP Time: [2023-10-09 21:44:20.086585]: Using the local timmer to pretend to be NTP time. Data recorded
Local Time: 2023-10-09 20:44:20 [INFO] NTP Time: [2023-10-09 21:44:20.218660]: Using the local timmer to pretend to be NTP time. Data recorded
Local Time: 2023-10-09 20:44:20 [INFO] NTP Time: [2023-10-09 21:44:20.365563]: Using the local timmer to pretend to be NTP time. Data recorded
Local Time: 2023-10-09 20:44:20 [INFO] NTP Time: [2023-10-09 21:44:20.494354]: Using the local timmer to pretend to be NTP time. Data recorded
Local Time: 2023-10-09 20:44:20 [INFO] NTP Time: [2023-10-09 21:44:20.649280]: Using the local timmer to pretend to be NTP time. Data recorded
Local Time: 2023-10-09 20:44:20 [INFO] NTP Time: [2023-10-09 21:44:20.778818]: Using the local timmer to pretend to be NTP time. Data recorded
Local Time: 2023-10-09 20:44:20 [INFO] NTP Time: [2023-10-09 21:44:20.915151]: Using the local timmer to pretend to be NTP time. Data recorded
Local Time: 2023-10-09 20:44:21 [INFO] NTP Time: [2023-10-09 21:44:21.053972]: Using the local timmer to pretend to be NTP time. Data recorded
Local Time: 2023-10-09 20:44:21 [INFO] NTP Time: [2023-10-09 21:44:21.187412]: Using the local timmer to pretend to be NTP time. Data recorded
Local Time: 2023-10-09 20:44:21 [INFO] NTP Time: [2023-10-09 21:44:21.332556]: Using the local timmer to pretend to be NTP time. Data recorded
Local Time: 2023-10-09 20:44:21 [INFO] NTP Time: [2023-10-09 21:44:21.454029]: Using the local timmer to pretend to be NTP time. Data recorded
Local Time: 2023-10-09 20:44:21 [INFO] NTP Time: [2023-10-09 21:44:21.598157]: Using the local timmer to pretend to be NTP time. Data recorded
Local Time: 2023-10-09 20:44:21 [INFO] NTP Time: [2023-10-09 21:44:21.760419]: Using the local timmer to pretend to be NTP time. Data recorded
Local Time: 2023-10-09 20:44:21 [INFO] NTP Time: [2023-10-09 21:44:21.897208]: Using the local timmer to pretend to be NTP time. Data recorded
Local Time: 2023-10-09 20:44:22 [INFO] NTP Time: [2023-10-09 21:44:22.041056]: Using the local timmer to pretend to be NTP time. Data recorded
Local Time: 2023-10-09 20:44:22 [INFO] NTP Time: [2023-10-09 21:44:22.163797]: Using the local timmer to pretend to be NTP time. Data recorded
Local Time: 2023-10-09 20:44:22 [INFO] NTP Time: [2023-10-09 21:44:22.312073]: Using the local timmer to pretend to be NTP time. Data recorded
Local Time: 2023-10-09 20:44:22 [INFO] NTP Time: [2023-10-09 21:44:22.434484]: Using the local timmer to pretend to be NTP time. Data recorded
Local Time: 2023-10-09 20:44:22 [INFO] NTP Time: [2023-10-09 21:44:22.579543]: Using the local timmer to pretend to be NTP time. Data recorded
Local Time: 2023-10-09 20:44:22 [INFO] NTP Time: [2023-10-09 21:44:22.704046]: Using the local timmer to pretend to be NTP time. Data recorded
Local Time: 2023-10-09 20:44:22 [INFO] NTP Time: [2023-10-09 21:44:22.851784]: Using the local timmer to pretend to be NTP time. Data recorded
Local Time: 2023-10-09 20:44:22 [INFO] NTP Time: [2023-10-09 21:44:22.974223]: Using the local timmer to pretend to be NTP time. Data recorded
Local Time: 2023-10-09 20:44:23 [INFO] NTP Time: [2023-10-09 21:44:23.136665]: Using the local timmer to pretend to be NTP time. Data recorded
Local Time: 2023-10-09 20:44:23 [INFO] NTP Time: [2023-10-09 21:44:23.304189]: Using the local timmer to pretend to be NTP time. Data recorded
Local Time: 2023-10-09 20:44:23 [INFO] NTP Time: [2023-10-09 21:44:23.434293]: Using the local timmer to pretend to be NTP time. Data recorded
Local Time: 2023-10-09 20:44:23 [INFO] NTP Time: [2023-10-09 21:44:23.556087]: Using the local timmer to pretend to be NTP time. Data recorded
Local Time: 2023-10-09 20:44:23 [INFO] NTP Time: [2023-10-09 21:44:23.679832]: Using the local timmer to pretend to be NTP time. Data recorded
Local Time: 2023-10-09 20:44:23 [INFO] NTP Time: [2023-10-09 21:44:23.810185]: Using the local timmer to pretend to be NTP time. Data recorded
Local Time: 2023-10-09 20:44:23 [INFO] NTP Time: [2023-10-09 21:44:23.954034]: Using the local timmer to pretend to be NTP time. Data recorded
Local Time: 2023-10-09 20:44:24 [INFO] NTP Time: [2023-10-09 21:44:24.088441]: Using the local timmer to pretend to be NTP time. Data recorded
Local Time: 2023-10-09 20:44:24 [INFO] NTP Time: [2023-10-09 21:44:24.223128]: Using the local timmer to pretend to be NTP time. Data recorded
Local Time: 2023-10-09 20:44:24 [INFO] NTP Time: [2023-10-09 21:44:24.368027]: Using the local timmer to pretend to be NTP time. Data recorded
Local Time: 2023-10-09 20:44:24 [INFO] NTP Time: [2023-10-09 21:44:24.488670]: Using the local timmer to pretend to be NTP time. Data recorded
Local Time: 2023-10-09 20:44:24 [INFO] NTP Time: [2023-10-09 21:44:24.612305]: Using the local timmer to pretend to be NTP time. Data recorded
Local Time: 2023-10-09 20:44:24 [INFO] NTP Time: [2023-10-09 21:44:24.759979]: Using the local timmer to pretend to be NTP time. Data recorded
Local Time: 2023-10-09 20:44:24 [INFO] NTP Time: [2023-10-09 21:44:24.918567]: Using the local timmer to pretend to be NTP time. Data recorded
Local Time: 2023-10-09 20:44:25 [INFO] NTP Time: [2023-10-09 21:44:25.054217]: Using the local timmer to pretend to be NTP time. Data recorded
Local Time: 2023-10-09 20:44:25 [INFO] NTP Time: [2023-10-09 21:44:25.199881]: Using the local timmer to pretend to be NTP time. Data recorded
Local Time: 2023-10-09 20:44:25 [INFO] NTP Time: [2023-10-09 21:44:25.344870]: Using the local timmer to pretend to be NTP time. Data recorded
Local Time: 2023-10-09 20:44:25 [INFO] NTP Time: [2023-10-09 21:44:25.488079]: Using the local timmer to pretend to be NTP time. Data recorded
Local Time: 2023-10-09 20:44:25 [INFO] NTP Time: [2023-10-09 21:44:25.608734]: Using the local timmer to pretend to be NTP time. Data recorded
Local Time: 2023-10-09 20:44:25 [INFO] NTP Time: [2023-10-09 21:44:25.771745]: Using the local timmer to pretend to be NTP time. Data recorded
Local Time: 2023-10-09 20:44:25 [INFO] NTP Time: [2023-10-09 21:44:25.903674]: Using the local timmer to pretend to be NTP time. Data recorded
Local Time: 2023-10-09 20:44:26 [INFO] NTP Time: [2023-10-09 21:44:26.049951]: Using the local timmer to pretend to be NTP time. Data recorded
Local Time: 2023-10-09 20:44:26 [INFO] NTP Time: [2023-10-09 21:44:26.194983]: Using the local timmer to pretend to be NTP time. Data recorded
Local Time: 2023-10-09 20:44:26 [INFO] NTP Time: [2023-10-09 21:44:26.341730]: Using the local timmer to pretend to be NTP time. Data recorded
Local Time: 2023-10-09 20:44:26 [INFO] NTP Time: [2023-10-09 21:44:26.485745]: Using the local timmer to pretend to be NTP time. Data recorded
Local Time: 2023-10-09 20:44:26 [INFO] NTP Time: [2023-10-09 21:44:26.629418]: Using the local timmer to pretend to be NTP time. Data recorded
Local Time: 2023-10-09 20:44:26 [INFO] NTP Time: [2023-10-09 21:44:26.771099]: Using the local timmer to pretend to be NTP time. Data recorded
Local Time: 2023-10-09 20:44:26 [INFO] NTP Time: [2023-10-09 21:44:26.892785]: Using the local timmer to pretend to be NTP time. Data recorded
Local Time: 2023-10-09 20:44:27 [INFO] NTP Time: [2023-10-09 21:44:27.060685]: Using the local timmer to pretend to be NTP time. Data recorded
Local Time: 2023-10-09 20:44:27 [INFO] NTP Time: [2023-10-09 21:44:27.198440]: Using the local timmer to pretend to be NTP time. Data recorded
Local Time: 2023-10-09 20:44:27 [INFO] NTP Time: [2023-10-09 21:44:27.328823]: Using the local timmer to pretend to be NTP time. Data recorded
Local Time: 2023-10-09 20:44:27 [INFO] NTP Time: [2023-10-09 21:44:27.473655]: Using the local timmer to pretend to be NTP time. Data recorded
Local Time: 2023-10-09 20:44:27 [INFO] NTP Time: [2023-10-09 21:44:27.593449]: Using the local timmer to pretend to be NTP time. Data recorded
Local Time: 2023-10-09 20:44:27 [INFO] NTP Time: [2023-10-09 21:44:27.714587]: Using the local timmer to pretend to be NTP time. Data recorded
Local Time: 2023-10-09 20:44:27 [INFO] NTP Time: [2023-10-09 21:44:27.836230]: Using the local timmer to pretend to be NTP time. Data recorded
Local Time: 2023-10-09 20:44:28 [INFO] NTP Time: [2023-10-09 21:44:28.014330]: Using the local timmer to pretend to be NTP time. Data recorded
Local Time: 2023-10-09 20:44:28 [INFO] NTP Time: [2023-10-09 21:44:28.138651]: Using the local timmer to pretend to be NTP time. Data recorded
Local Time: 2023-10-09 20:44:28 [INFO] NTP Time: [2023-10-09 21:44:28.286067]: Using the local timmer to pretend to be NTP time. Data recorded
Local Time: 2023-10-09 20:44:28 [INFO] NTP Time: [2023-10-09 21:44:28.444462]: Using the local timmer to pretend to be NTP time. Data recorded
Local Time: 2023-10-09 20:44:28 [INFO] NTP Time: [2023-10-09 21:44:28.582542]: Using the local timmer to pretend to be NTP time. Data recorded
Local Time: 2023-10-09 20:44:28 [INFO] NTP Time: [2023-10-09 21:44:28.704354]: Using the local timmer to pretend to be NTP time. Data recorded
Local Time: 2023-10-09 20:44:28 [INFO] NTP Time: [2023-10-09 21:44:28.828876]: Using the local timmer to pretend to be NTP time. Data recorded
Local Time: 2023-10-09 20:44:28 [INFO] NTP Time: [2023-10-09 21:44:28.977371]: Using the local timmer to pretend to be NTP time. Data recorded
Local Time: 2023-10-09 20:44:29 [INFO] NTP Time: [2023-10-09 21:44:29.103253]: Using the local timmer to pretend to be NTP time. Data recorded
Local Time: 2023-10-09 20:44:29 [INFO] NTP Time: [2023-10-09 21:44:29.253076]: Using the local timmer to pretend to be NTP time. Data recorded
Local Time: 2023-10-09 20:44:29 [INFO] NTP Time: [2023-10-09 21:44:29.389591]: Using the local timmer to pretend to be NTP time. Data recorded
Local Time: 2023-10-09 20:44:29 [INFO] NTP Time: [2023-10-09 21:44:29.543440]: Using the local timmer to pretend to be NTP time. Data recorded
Local Time: 2023-10-09 20:44:29 [INFO] NTP Time: [2023-10-09 21:44:29.665560]: Using the local timmer to pretend to be NTP time. Data recorded
Local Time: 2023-10-09 20:44:29 [INFO] NTP Time: [2023-10-09 21:44:29.787653]: Using the local timmer to pretend to be NTP time. Data recorded
Local Time: 2023-10-09 20:44:29 [INFO] NTP Time: [2023-10-09 21:44:29.942581]: Using the local timmer to pretend to be NTP time. Data recorded
Local Time: 2023-10-09 20:44:30 [INFO] NTP Time: [2023-10-09 21:44:30.066394]: Using the local timmer to pretend to be NTP time. Data recorded
Local Time: 2023-10-09 20:44:30 [INFO] NTP Time: [2023-10-09 21:44:30.188280]: Using the local timmer to pretend to be NTP time. Data recorded
Local Time: 2023-10-09 20:44:30 [INFO] NTP Time: [2023-10-09 21:44:30.329637]: Using the local timmer to pretend to be NTP time. Data recorded
Local Time: 2023-10-09 20:44:30 [INFO] NTP Time: [2023-10-09 21:44:30.470750]: Using the local timmer to pretend to be NTP time. Data recorded
Local Time: 2023-10-09 20:44:30 [INFO] NTP Time: [2023-10-09 21:44:30.619845]: Using the local timmer to pretend to be NTP time. Data recorded
Local Time: 2023-10-09 20:44:30 [INFO] NTP Time: [2023-10-09 21:44:30.747319]: Using the local timmer to pretend to be NTP time. Data recorded
Local Time: 2023-10-09 20:44:30 [INFO] NTP Time: [2023-10-09 21:44:30.920238]: Using the local timmer to pretend to be NTP time. Data recorded
Local Time: 2023-10-09 20:44:31 [INFO] NTP Time: [2023-10-09 21:44:31.048395]: Using the local timmer to pretend to be NTP time. Data recorded
Local Time: 2023-10-09 20:44:31 [INFO] NTP Time: [2023-10-09 21:44:31.171814]: Using the local timmer to pretend to be NTP time. Data recorded
Local Time: 2023-10-09 20:44:31 [INFO] NTP Time: [2023-10-09 21:44:31.336923]: Using the local timmer to pretend to be NTP time. Data recorded
Local Time: 2023-10-09 20:44:31 [INFO] NTP Time: [2023-10-09 21:44:31.503006]: Using the local timmer to pretend to be NTP time. Data recorded
Local Time: 2023-10-09 20:44:31 [INFO] NTP Time: [2023-10-09 21:44:31.635503]: Using the local timmer to pretend to be NTP time. Data recorded
Local Time: 2023-10-09 20:44:31 [INFO] NTP Time: [2023-10-09 21:44:31.774901]: Using the local timmer to pretend to be NTP time. Data recorded
Local Time: 2023-10-09 20:44:31 [INFO] NTP Time: [2023-10-09 21:44:31.900040]: Using the local timmer to pretend to be NTP time. Data recorded
Local Time: 2023-10-09 20:44:32 [INFO] NTP Time: [2023-10-09 21:44:32.047841]: Using the local timmer to pretend to be NTP time. Data recorded
Local Time: 2023-10-09 20:44:32 [INFO] NTP Time: [2023-10-09 21:44:32.173007]: Using the local timmer to pretend to be NTP time. Data recorded
Local Time: 2023-10-09 20:44:32 [INFO] NTP Time: [2023-10-09 21:44:32.331809]: Using the local timmer to pretend to be NTP time. Data recorded
Local Time: 2023-10-09 20:44:32 [INFO] NTP Time: [2023-10-09 21:44:32.463780]: Using the local timmer to pretend to be NTP time. Data recorded
Local Time: 2023-10-09 20:44:32 [INFO] NTP Time: [2023-10-09 21:44:32.612012]: Using the local timmer to pretend to be NTP time. Data recorded
Local Time: 2023-10-09 20:44:32 [INFO] NTP Time: [2023-10-09 21:44:32.734353]: Using the local timmer to pretend to be NTP time. Data recorded
Local Time: 2023-10-09 20:44:32 [INFO] NTP Time: [2023-10-09 21:44:32.855549]: Using the local timmer to pretend to be NTP time. Data recorded
Local Time: 2023-10-09 20:44:32 [INFO] NTP Time: [2023-10-09 21:44:32.976088]: Using the local timmer to pretend to be NTP time. Data recorded
Local Time: 2023-10-09 20:44:33 [INFO] NTP Time: [2023-10-09 21:44:33.098476]: Using the local timmer to pretend to be NTP time. Data recorded
Local Time: 2023-10-09 20:44:33 [INFO] NTP Time: [2023-10-09 21:44:33.234061]: Using the local timmer to pretend to be NTP time. Data recorded
Local Time: 2023-10-09 20:44:33 [INFO] NTP Time: [2023-10-09 21:44:33.398538]: Using the local timmer to pretend to be NTP time. Data recorded
Local Time: 2023-10-09 20:44:33 [INFO] NTP Time: [2023-10-09 21:44:33.534492]: Using the local timmer to pretend to be NTP time. Data recorded
Local Time: 2023-10-09 20:44:33 [INFO] NTP Time: [2023-10-09 21:44:33.656297]: Using the local timmer to pretend to be NTP time. Data recorded
Local Time: 2023-10-09 20:44:33 [INFO] NTP Time: [2023-10-09 21:44:33.781761]: Using the local timmer to pretend to be NTP time. Data recorded
Local Time: 2023-10-09 20:44:33 [INFO] NTP Time: [2023-10-09 21:44:33.931315]: Using the local timmer to pretend to be NTP time. Data recorded
Local Time: 2023-10-09 20:44:34 [INFO] NTP Time: [2023-10-09 21:44:34.082590]: Using the local timmer to pretend to be NTP time. Data recorded
Local Time: 2023-10-09 20:44:34 [INFO] NTP Time: [2023-10-09 21:44:34.206827]: Using the local timmer to pretend to be NTP time. Data recorded
Local Time: 2023-10-09 20:44:34 [INFO] NTP Time: [2023-10-09 21:44:34.378799]: Using the local timmer to pretend to be NTP time. Data recorded
Local Time: 2023-10-09 20:44:34 [INFO] NTP Time: [2023-10-09 21:44:34.507468]: Using the local timmer to pretend to be NTP time. Data recorded
Local Time: 2023-10-09 20:44:34 [INFO] NTP Time: [2023-10-09 21:44:34.628448]: Using the local timmer to pretend to be NTP time. Data recorded
Local Time: 2023-10-09 20:44:34 [INFO] NTP Time: [2023-10-09 21:44:34.751344]: Using the local timmer to pretend to be NTP time. Data recorded
Local Time: 2023-10-09 20:44:34 [INFO] NTP Time: [2023-10-09 21:44:34.921301]: Using the local timmer to pretend to be NTP time. Data recorded
Local Time: 2023-10-09 20:44:35 [INFO] NTP Time: [2023-10-09 21:44:35.045342]: Using the local timmer to pretend to be NTP time. Data recorded
Local Time: 2023-10-09 20:44:35 [INFO] NTP Time: [2023-10-09 21:44:35.193489]: Using the local timmer to pretend to be NTP time. Data recorded
Local Time: 2023-10-09 20:44:35 [INFO] NTP Time: [2023-10-09 21:44:35.335713]: Using the local timmer to pretend to be NTP time. Data recorded
Local Time: 2023-10-09 20:44:35 [INFO] NTP Time: [2023-10-09 21:44:35.457056]: Using the local timmer to pretend to be NTP time. Data recorded
Local Time: 2023-10-09 20:44:35 [INFO] NTP Time: [2023-10-09 21:44:35.621306]: Using the local timmer to pretend to be NTP time. Data recorded
Local Time: 2023-10-09 20:44:35 [INFO] NTP Time: [2023-10-09 21:44:35.746113]: Using the local timmer to pretend to be NTP time. Data recorded
Local Time: 2023-10-09 20:44:35 [INFO] NTP Time: [2023-10-09 21:44:35.924294]: Using the local timmer to pretend to be NTP time. Data recorded
Local Time: 2023-10-09 20:44:36 [INFO] NTP Time: [2023-10-09 21:44:36.049145]: Using the local timmer to pretend to be NTP time. Data recorded
Local Time: 2023-10-09 20:44:36 [INFO] NTP Time: [2023-10-09 21:44:36.212685]: Using the local timmer to pretend to be NTP time. Data recorded
Local Time: 2023-10-09 20:44:36 [INFO] NTP Time: [2023-10-09 21:44:36.335354]: Using the local timmer to pretend to be NTP time. Data recorded
Local Time: 2023-10-09 20:44:36 [INFO] NTP Time: [2023-10-09 21:44:36.508029]: Using the local timmer to pretend to be NTP time. Data recorded
Local Time: 2023-10-09 20:44:36 [INFO] NTP Time: [2023-10-09 21:44:36.644102]: Using the local timmer to pretend to be NTP time. Data recorded
Local Time: 2023-10-09 20:44:36 [INFO] NTP Time: [2023-10-09 21:44:36.804520]: Using the local timmer to pretend to be NTP time. Data recorded
Local Time: 2023-10-09 20:44:36 [INFO] NTP Time: [2023-10-09 21:44:36.976723]: Using the local timmer to pretend to be NTP time. Data recorded
Local Time: 2023-10-09 20:44:37 [INFO] NTP Time: [2023-10-09 21:44:37.102078]: Using the local timmer to pretend to be NTP time. Data recorded
Local Time: 2023-10-09 20:44:37 [INFO] NTP Time: [2023-10-09 21:44:37.224928]: Using the local timmer to pretend to be NTP time. Data recorded
Local Time: 2023-10-09 20:44:37 [INFO] NTP Time: [2023-10-09 21:44:37.386601]: Using the local timmer to pretend to be NTP time. Data recorded
Local Time: 2023-10-09 20:44:37 [INFO] NTP Time: [2023-10-09 21:44:37.526497]: Using the local timmer to pretend to be NTP time. Data recorded
Local Time: 2023-10-09 20:44:37 [INFO] NTP Time: [2023-10-09 21:44:37.678461]: Using the local timmer to pretend to be NTP time. Data recorded
Local Time: 2023-10-09 20:44:37 [INFO] NTP Time: [2023-10-09 21:44:37.817408]: Using the local timmer to pretend to be NTP time. Data recorded
Local Time: 2023-10-09 20:44:37 [INFO] NTP Time: [2023-10-09 21:44:37.971119]: Using the local timmer to pretend to be NTP time. Data recorded
Local Time: 2023-10-09 20:44:38 [INFO] NTP Time: [2023-10-09 21:44:38.117453]: Using the local timmer to pretend to be NTP time. Data recorded
Local Time: 2023-10-09 20:44:38 [INFO] NTP Time: [2023-10-09 21:44:38.241264]: Using the local timmer to pretend to be NTP time. Data recorded
Local Time: 2023-10-09 20:44:38 [INFO] NTP Time: [2023-10-09 21:44:38.452320]: Using the local timmer to pretend to be NTP time. Data recorded
Local Time: 2023-10-09 20:44:38 [INFO] NTP Time: [2023-10-09 21:44:38.602690]: Using the local timmer to pretend to be NTP time. Data recorded
Local Time: 2023-10-09 20:44:38 [INFO] NTP Time: [2023-10-09 21:44:38.730883]: Using the local timmer to pretend to be NTP time. Data recorded
Local Time: 2023-10-09 20:44:38 [INFO] NTP Time: [2023-10-09 21:44:38.860975]: Using the local timmer to pretend to be NTP time. Data recorded
Local Time: 2023-10-09 20:44:39 [INFO] NTP Time: [2023-10-09 21:44:39.022615]: Using the local timmer to pretend to be NTP time. Data recorded
Local Time: 2023-10-09 20:44:39 [INFO] NTP Time: [2023-10-09 21:44:39.180232]: Using the local timmer to pretend to be NTP time. Data recorded
Local Time: 2023-10-09 20:44:39 [INFO] NTP Time: [2023-10-09 21:44:39.345614]: Using the local timmer to pretend to be NTP time. Data recorded
Local Time: 2023-10-09 20:44:39 [INFO] NTP Time: [2023-10-09 21:44:39.485877]: Using the local timmer to pretend to be NTP time. Data recorded
Local Time: 2023-10-09 20:44:39 [INFO] NTP Time: [2023-10-09 21:44:39.609120]: Using the local timmer to pretend to be NTP time. Data recorded
Local Time: 2023-10-09 20:44:39 [INFO] NTP Time: [2023-10-09 21:44:39.774768]: Using the local timmer to pretend to be NTP time. Data recorded
Local Time: 2023-10-09 20:44:39 [INFO] NTP Time: [2023-10-09 21:44:39.912059]: Using the local timmer to pretend to be NTP time. Data recorded
Local Time: 2023-10-09 20:44:40 [INFO] NTP Time: [2023-10-09 21:44:40.064466]: Using the local timmer to pretend to be NTP time. Data recorded
Local Time: 2023-10-09 20:44:40 [INFO] NTP Time: [2023-10-09 21:44:40.189392]: Using the local timmer to pretend to be NTP time. Data recorded
Local Time: 2023-10-09 20:44:40 [INFO] NTP Time: [2023-10-09 21:44:40.356933]: Using the local timmer to pretend to be NTP time. Data recorded
Local Time: 2023-10-09 20:44:40 [INFO] NTP Time: [2023-10-09 21:44:40.485837]: Using the local timmer to pretend to be NTP time. Data recorded
Local Time: 2023-10-09 20:44:40 [INFO] NTP Time: [2023-10-09 21:44:40.633414]: Using the local timmer to pretend to be NTP time. Data recorded
Local Time: 2023-10-09 20:44:40 [INFO] NTP Time: [2023-10-09 21:44:40.754857]: Using the local timmer to pretend to be NTP time. Data recorded
Local Time: 2023-10-09 20:44:40 [INFO] NTP Time: [2023-10-09 21:44:40.915126]: Using the local timmer to pretend to be NTP time. Data recorded
Local Time: 2023-10-09 20:44:41 [INFO] NTP Time: [2023-10-09 21:44:41.048689]: Using the local timmer to pretend to be NTP time. Data recorded
Local Time: 2023-10-09 20:44:41 [INFO] NTP Time: [2023-10-09 21:44:41.201267]: Using the local timmer to pretend to be NTP time. Data recorded
Local Time: 2023-10-09 20:44:41 [INFO] NTP Time: [2023-10-09 21:44:41.339042]: Using the local timmer to pretend to be NTP time. Data recorded
Local Time: 2023-10-09 20:44:41 [INFO] NTP Time: [2023-10-09 21:44:41.507589]: Using the local timmer to pretend to be NTP time. Data recorded
Local Time: 2023-10-09 20:44:41 [INFO] NTP Time: [2023-10-09 21:44:41.633427]: Using the local timmer to pretend to be NTP time. Data recorded
Local Time: 2023-10-09 20:44:41 [INFO] NTP Time: [2023-10-09 21:44:41.755918]: Using the local timmer to pretend to be NTP time. Data recorded
Local Time: 2023-10-09 20:44:41 [INFO] NTP Time: [2023-10-09 21:44:41.882763]: Using the local timmer to pretend to be NTP time. Data recorded
Local Time: 2023-10-09 20:44:42 [INFO] NTP Time: [2023-10-09 21:44:42.036021]: Using the local timmer to pretend to be NTP time. Data recorded
Local Time: 2023-10-09 20:44:42 [INFO] NTP Time: [2023-10-09 21:44:42.199852]: Using the local timmer to pretend to be NTP time. Data recorded
Local Time: 2023-10-09 20:44:42 [INFO] NTP Time: [2023-10-09 21:44:42.326381]: Using the local timmer to pretend to be NTP time. Data recorded
Local Time: 2023-10-09 20:44:42 [INFO] NTP Time: [2023-10-09 21:44:42.494253]: Using the local timmer to pretend to be NTP time. Data recorded
Local Time: 2023-10-09 20:44:42 [INFO] NTP Time: [2023-10-09 21:44:42.637145]: Using the local timmer to pretend to be NTP time. Data recorded
Local Time: 2023-10-09 20:44:42 [INFO] NTP Time: [2023-10-09 21:44:42.790110]: Using the local timmer to pretend to be NTP time. Data recorded
Local Time: 2023-10-09 20:44:42 [INFO] NTP Time: [2023-10-09 21:44:42.913913]: Using the local timmer to pretend to be NTP time. Data recorded
Local Time: 2023-10-09 20:44:43 [INFO] NTP Time: [2023-10-09 21:44:43.038998]: Using the local timmer to pretend to be NTP time. Data recorded
Local Time: 2023-10-09 20:44:43 [INFO] NTP Time: [2023-10-09 21:44:43.199207]: Using the local timmer to pretend to be NTP time. Data recorded
Local Time: 2023-10-09 20:44:43 [INFO] NTP Time: [2023-10-09 21:44:43.340929]: Using the local timmer to pretend to be NTP time. Data recorded
Local Time: 2023-10-09 20:44:43 [INFO] NTP Time: [2023-10-09 21:44:43.470231]: Using the local timmer to pretend to be NTP time. Data recorded
Local Time: 2023-10-09 20:44:43 [INFO] NTP Time: [2023-10-09 21:44:43.614669]: Using the local timmer to pretend to be NTP time. Data recorded
Local Time: 2023-10-09 20:44:43 [INFO] NTP Time: [2023-10-09 21:44:43.758288]: Using the local timmer to pretend to be NTP time. Data recorded
Local Time: 2023-10-09 20:44:43 [INFO] NTP Time: [2023-10-09 21:44:43.915733]: Using the local timmer to pretend to be NTP time. Data recorded
Local Time: 2023-10-09 20:44:44 [INFO] NTP Time: [2023-10-09 21:44:44.093997]: Using the local timmer to pretend to be NTP time. Data recorded
Local Time: 2023-10-09 20:44:44 [INFO] NTP Time: [2023-10-09 21:44:44.225141]: Using the local timmer to pretend to be NTP time. Data recorded
Local Time: 2023-10-09 20:44:44 [INFO] NTP Time: [2023-10-09 21:44:44.380008]: Using the local timmer to pretend to be NTP time. Data recorded
Local Time: 2023-10-09 20:44:44 [INFO] NTP Time: [2023-10-09 21:44:44.530110]: Using the local timmer to pretend to be NTP time. Data recorded
Local Time: 2023-10-09 20:44:44 [INFO] NTP Time: [2023-10-09 21:44:44.669546]: Using the local timmer to pretend to be NTP time. Data recorded
Local Time: 2023-10-09 20:44:44 [INFO] NTP Time: [2023-10-09 21:44:44.814019]: Using the local timmer to pretend to be NTP time. Data recorded
Local Time: 2023-10-09 20:44:44 [INFO] NTP Time: [2023-10-09 21:44:44.972672]: Using the local timmer to pretend to be NTP time. Data recorded
Local Time: 2023-10-09 20:44:45 [INFO] NTP Time: [2023-10-09 21:44:45.098562]: Using the local timmer to pretend to be NTP time. Data recorded
Local Time: 2023-10-09 20:44:45 [INFO] NTP Time: [2023-10-09 21:44:45.226424]: Using the local timmer to pretend to be NTP time. Data recorded
Local Time: 2023-10-09 20:44:45 [INFO] NTP Time: [2023-10-09 21:44:45.399486]: Using the local timmer to pretend to be NTP time. Data recorded
Local Time: 2023-10-09 20:44:45 [INFO] NTP Time: [2023-10-09 21:44:45.574371]: Using the local timmer to pretend to be NTP time. Data recorded
Local Time: 2023-10-09 20:44:45 [INFO] NTP Time: [2023-10-09 21:44:45.736998]: Using the local timmer to pretend to be NTP time. Data recorded
Local Time: 2023-10-09 20:44:45 [INFO] NTP Time: [2023-10-09 21:44:45.880831]: Using the local timmer to pretend to be NTP time. Data recorded
Local Time: 2023-10-09 20:44:46 [INFO] NTP Time: [2023-10-09 21:44:46.023179]: Using the local timmer to pretend to be NTP time. Data recorded
Local Time: 2023-10-09 20:44:46 [INFO] NTP Time: [2023-10-09 21:44:46.151684]: Using the local timmer to pretend to be NTP time. Data recorded
Local Time: 2023-10-09 20:44:46 [INFO] NTP Time: [2023-10-09 21:44:46.279119]: Using the local timmer to pretend to be NTP time. Data recorded
Local Time: 2023-10-09 20:44:46 [INFO] NTP Time: [2023-10-09 21:44:46.438521]: Using the local timmer to pretend to be NTP time. Data recorded
Local Time: 2023-10-09 20:44:46 [INFO] NTP Time: [2023-10-09 21:44:46.562179]: Using the local timmer to pretend to be NTP time. Data recorded
Local Time: 2023-10-09 20:44:46 [INFO] NTP Time: [2023-10-09 21:44:46.686888]: Using the local timmer to pretend to be NTP time. Data recorded
Local Time: 2023-10-09 20:44:46 [INFO] NTP Time: [2023-10-09 21:44:46.817669]: Using the local timmer to pretend to be NTP time. Data recorded
Local Time: 2023-10-09 20:44:46 [INFO] NTP Time: [2023-10-09 21:44:46.959923]: Using the local timmer to pretend to be NTP time. Data recorded
Local Time: 2023-10-09 20:44:47 [INFO] NTP Time: [2023-10-09 21:44:47.086063]: Using the local timmer to pretend to be NTP time. Data recorded
Local Time: 2023-10-09 20:44:47 [INFO] NTP Time: [2023-10-09 21:44:47.211151]: Using the local timmer to pretend to be NTP time. Data recorded
Local Time: 2023-10-09 20:44:47 [INFO] NTP Time: [2023-10-09 21:44:47.353705]: Using the local timmer to pretend to be NTP time. Data recorded
Local Time: 2023-10-09 20:44:47 [INFO] NTP Time: [2023-10-09 21:44:47.501413]: Using the local timmer to pretend to be NTP time. Data recorded
Local Time: 2023-10-09 20:44:47 [INFO] NTP Time: [2023-10-09 21:44:47.628976]: Using the local timmer to pretend to be NTP time. Data recorded
Local Time: 2023-10-09 20:44:47 [INFO] NTP Time: [2023-10-09 21:44:47.801207]: Using the local timmer to pretend to be NTP time. Data recorded
Local Time: 2023-10-09 20:44:47 [INFO] NTP Time: [2023-10-09 21:44:47.929855]: Using the local timmer to pretend to be NTP time. Data recorded
Local Time: 2023-10-09 20:44:48 [INFO] NTP Time: [2023-10-09 21:44:48.056894]: Using the local timmer to pretend to be NTP time. Data recorded
Local Time: 2023-10-09 20:44:48 [INFO] NTP Time: [2023-10-09 21:44:48.199862]: Using the local timmer to pretend to be NTP time. Data recorded
Local Time: 2023-10-09 20:44:48 [INFO] NTP Time: [2023-10-09 21:44:48.364626]: Using the local timmer to pretend to be NTP time. Data recorded
Local Time: 2023-10-09 20:44:48 [INFO] NTP Time: [2023-10-09 21:44:48.490846]: Using the local timmer to pretend to be NTP time. Data recorded
Local Time: 2023-10-09 20:44:48 [INFO] NTP Time: [2023-10-09 21:44:48.662918]: Using the local timmer to pretend to be NTP time. Data recorded
Local Time: 2023-10-09 20:44:48 [INFO] NTP Time: [2023-10-09 21:44:48.795875]: Using the local timmer to pretend to be NTP time. Data recorded
Local Time: 2023-10-09 20:44:48 [INFO] NTP Time: [2023-10-09 21:44:48.964335]: Using the local timmer to pretend to be NTP time. Data recorded
Local Time: 2023-10-09 20:44:48 [INFO] NTP Time: [2023-10-09 21:44:48.989248]: End recording by a terminate action.
