Local Time: 2023-10-09 20:42:53 [INFO] NTP Time: [2023-10-09 21:42:53.027833]: Loaded configuration: {'participant': {'id': 'P001', 'age': '25', 'gender': 'M', 'ethnicity': 'Caucasian', 'height': '165', 'weight': '65'}, 'experiment': {'date': '2022-01-01', 'time': '14:00:00', 'condition': 'HW101M', 'group': 'A', 'illumination_level': 'low'}, 'task_info': {'task_name': 'Task1', 'trial_number': '5'}, 'notes': {'comments': 'Participant seemed tired during the session.'}, 'label_info': {'activity': 'sit'}}
Local Time: 2023-10-09 20:42:53 [INFO] NTP Time: [2023-10-09 21:42:53.027962]: Loaded mmwave configuration: {'setting1': 'value1', 'setting2': 'value2', 'Data storage location': 'AWR1843-Read-Data-Python-MMWAVE-SDK-3--master/data', 'mmwave_Datatype': 'dictionary'}
Local Time: 2023-10-09 20:42:54 [INFO] NTP Time: [2023-10-09 21:42:54.059682]: Using NTP time as the start timmer.
Local Time: 2023-10-09 20:42:54 [INFO] NTP Time: [2023-10-09 21:42:54.176342]: Using the local timmer to pretend to be NTP time. Data recorded
Local Time: 2023-10-09 20:42:54 [INFO] NTP Time: [2023-10-09 21:42:54.291546]: Using the local timmer to pretend to be NTP time. Data recorded
Local Time: 2023-10-09 20:42:54 [INFO] NTP Time: [2023-10-09 21:42:54.406481]: Using the local timmer to pretend to be NTP time. Data recorded
Local Time: 2023-10-09 20:42:54 [INFO] NTP Time: [2023-10-09 21:42:54.520357]: Using the local timmer to pretend to be NTP time. Data recorded
Local Time: 2023-10-09 20:42:54 [INFO] NTP Time: [2023-10-09 21:42:54.638461]: Using the local timmer to pretend to be NTP time. Data recorded
Local Time: 2023-10-09 20:42:54 [INFO] NTP Time: [2023-10-09 21:42:54.752617]: Using the local timmer to pretend to be NTP time. Data recorded
Local Time: 2023-10-09 20:42:54 [INFO] NTP Time: [2023-10-09 21:42:54.869237]: Using the local timmer to pretend to be NTP time. Data recorded
Local Time: 2023-10-09 20:42:54 [INFO] NTP Time: [2023-10-09 21:42:54.983787]: Using the local timmer to pretend to be NTP time. Data recorded
Local Time: 2023-10-09 20:42:55 [INFO] NTP Time: [2023-10-09 21:42:55.101029]: Using the local timmer to pretend to be NTP time. Data recorded
Local Time: 2023-10-09 20:42:55 [INFO] NTP Time: [2023-10-09 21:42:55.215689]: Using the local timmer to pretend to be NTP time. Data recorded
Local Time: 2023-10-09 20:42:55 [INFO] NTP Time: [2023-10-09 21:42:55.336306]: Using the local timmer to pretend to be NTP time. Data recorded
Local Time: 2023-10-09 20:42:55 [INFO] NTP Time: [2023-10-09 21:42:55.465372]: Using the local timmer to pretend to be NTP time. Data recorded
Local Time: 2023-10-09 20:42:55 [INFO] NTP Time: [2023-10-09 21:42:55.580422]: Using the local timmer to pretend to be NTP time. Data recorded
Local Time: 2023-10-09 20:42:55 [INFO] NTP Time: [2023-10-09 21:42:55.696277]: Using the local timmer to pretend to be NTP time. Data recorded
Local Time: 2023-10-09 20:42:55 [INFO] NTP Time: [2023-10-09 21:42:55.811486]: Using the local timmer to pretend to be NTP time. Data recorded
Local Time: 2023-10-09 20:42:55 [INFO] NTP Time: [2023-10-09 21:42:55.926324]: Using the local timmer to pretend to be NTP time. Data recorded
Local Time: 2023-10-09 20:42:56 [INFO] NTP Time: [2023-10-09 21:42:56.041446]: Using the local timmer to pretend to be NTP time. Data recorded
Local Time: 2023-10-09 20:42:56 [INFO] NTP Time: [2023-10-09 21:42:56.165842]: Using the local timmer to pretend to be NTP time. Data recorded
Local Time: 2023-10-09 20:42:56 [INFO] NTP Time: [2023-10-09 21:42:56.292120]: Using the local timmer to pretend to be NTP time. Data recorded
Local Time: 2023-10-09 20:42:56 [INFO] NTP Time: [2023-10-09 21:42:56.408512]: Using the local timmer to pretend to be NTP time. Data recorded
Local Time: 2023-10-09 20:42:56 [INFO] NTP Time: [2023-10-09 21:42:56.524155]: Using the local timmer to pretend to be NTP time. Data recorded
Local Time: 2023-10-09 20:42:56 [INFO] NTP Time: [2023-10-09 21:42:56.642272]: Using the local timmer to pretend to be NTP time. Data recorded
Local Time: 2023-10-09 20:42:56 [INFO] NTP Time: [2023-10-09 21:42:56.758603]: Using the local timmer to pretend to be NTP time. Data recorded
Local Time: 2023-10-09 20:42:56 [INFO] NTP Time: [2023-10-09 21:42:56.888171]: Using the local timmer to pretend to be NTP time. Data recorded
Local Time: 2023-10-09 20:42:57 [INFO] NTP Time: [2023-10-09 21:42:57.011220]: Using the local timmer to pretend to be NTP time. Data recorded
Local Time: 2023-10-09 20:42:57 [INFO] NTP Time: [2023-10-09 21:42:57.126669]: Using the local timmer to pretend to be NTP time. Data recorded
Local Time: 2023-10-09 20:42:57 [INFO] NTP Time: [2023-10-09 21:42:57.243515]: Using the local timmer to pretend to be NTP time. Data recorded
Local Time: 2023-10-09 20:42:57 [INFO] NTP Time: [2023-10-09 21:42:57.359482]: Using the local timmer to pretend to be NTP time. Data recorded
Local Time: 2023-10-09 20:42:57 [INFO] NTP Time: [2023-10-09 21:42:57.474459]: Using the local timmer to pretend to be NTP time. Data recorded
Local Time: 2023-10-09 20:42:57 [INFO] NTP Time: [2023-10-09 21:42:57.594599]: Using the local timmer to pretend to be NTP time. Data recorded
Local Time: 2023-10-09 20:42:57 [INFO] NTP Time: [2023-10-09 21:42:57.710112]: Using the local timmer to pretend to be NTP time. Data recorded
Local Time: 2023-10-09 20:42:57 [INFO] NTP Time: [2023-10-09 21:42:57.826391]: Using the local timmer to pretend to be NTP time. Data recorded
Local Time: 2023-10-09 20:42:57 [INFO] NTP Time: [2023-10-09 21:42:57.942511]: Using the local timmer to pretend to be NTP time. Data recorded
Local Time: 2023-10-09 20:42:58 [INFO] NTP Time: [2023-10-09 21:42:58.062158]: Using the local timmer to pretend to be NTP time. Data recorded
Local Time: 2023-10-09 20:42:58 [INFO] NTP Time: [2023-10-09 21:42:58.181919]: Using the local timmer to pretend to be NTP time. Data recorded
Local Time: 2023-10-09 20:42:58 [INFO] NTP Time: [2023-10-09 21:42:58.324258]: Using the local timmer to pretend to be NTP time. Data recorded
Local Time: 2023-10-09 20:42:58 [INFO] NTP Time: [2023-10-09 21:42:58.442558]: Using the local timmer to pretend to be NTP time. Data recorded
Local Time: 2023-10-09 20:42:58 [INFO] NTP Time: [2023-10-09 21:42:58.558775]: Using the local timmer to pretend to be NTP time. Data recorded
Local Time: 2023-10-09 20:42:58 [INFO] NTP Time: [2023-10-09 21:42:58.674958]: Using the local timmer to pretend to be NTP time. Data recorded
Local Time: 2023-10-09 20:42:58 [INFO] NTP Time: [2023-10-09 21:42:58.804691]: Using the local timmer to pretend to be NTP time. Data recorded
Local Time: 2023-10-09 20:42:58 [INFO] NTP Time: [2023-10-09 21:42:58.921714]: Using the local timmer to pretend to be NTP time. Data recorded
Local Time: 2023-10-09 20:42:59 [INFO] NTP Time: [2023-10-09 21:42:59.038490]: Using the local timmer to pretend to be NTP time. Data recorded
Local Time: 2023-10-09 20:42:59 [INFO] NTP Time: [2023-10-09 21:42:59.158524]: Using the local timmer to pretend to be NTP time. Data recorded
Local Time: 2023-10-09 20:42:59 [INFO] NTP Time: [2023-10-09 21:42:59.276126]: Using the local timmer to pretend to be NTP time. Data recorded
Local Time: 2023-10-09 20:42:59 [INFO] NTP Time: [2023-10-09 21:42:59.392468]: Using the local timmer to pretend to be NTP time. Data recorded
Local Time: 2023-10-09 20:42:59 [INFO] NTP Time: [2023-10-09 21:42:59.509773]: Using the local timmer to pretend to be NTP time. Data recorded
Local Time: 2023-10-09 20:42:59 [INFO] NTP Time: [2023-10-09 21:42:59.625900]: Using the local timmer to pretend to be NTP time. Data recorded
Local Time: 2023-10-09 20:42:59 [INFO] NTP Time: [2023-10-09 21:42:59.743097]: Using the local timmer to pretend to be NTP time. Data recorded
Local Time: 2023-10-09 20:42:59 [INFO] NTP Time: [2023-10-09 21:42:59.859995]: Using the local timmer to pretend to be NTP time. Data recorded
Local Time: 2023-10-09 20:42:59 [INFO] NTP Time: [2023-10-09 21:42:59.977232]: Using the local timmer to pretend to be NTP time. Data recorded
Local Time: 2023-10-09 20:43:00 [INFO] NTP Time: [2023-10-09 21:43:00.094398]: Using the local timmer to pretend to be NTP time. Data recorded
Local Time: 2023-10-09 20:43:00 [INFO] NTP Time: [2023-10-09 21:43:00.212921]: Using the local timmer to pretend to be NTP time. Data recorded
Local Time: 2023-10-09 20:43:00 [INFO] NTP Time: [2023-10-09 21:43:00.331625]: Using the local timmer to pretend to be NTP time. Data recorded
Local Time: 2023-10-09 20:43:00 [INFO] NTP Time: [2023-10-09 21:43:00.448662]: Using the local timmer to pretend to be NTP time. Data recorded
Local Time: 2023-10-09 20:43:00 [INFO] NTP Time: [2023-10-09 21:43:00.567247]: Using the local timmer to pretend to be NTP time. Data recorded
Local Time: 2023-10-09 20:43:00 [INFO] NTP Time: [2023-10-09 21:43:00.683152]: Using the local timmer to pretend to be NTP time. Data recorded
Local Time: 2023-10-09 20:43:00 [INFO] NTP Time: [2023-10-09 21:43:00.801245]: Using the local timmer to pretend to be NTP time. Data recorded
Local Time: 2023-10-09 20:43:00 [INFO] NTP Time: [2023-10-09 21:43:00.917643]: Using the local timmer to pretend to be NTP time. Data recorded
Local Time: 2023-10-09 20:43:01 [INFO] NTP Time: [2023-10-09 21:43:01.037336]: Using the local timmer to pretend to be NTP time. Data recorded
Local Time: 2023-10-09 20:43:01 [INFO] NTP Time: [2023-10-09 21:43:01.181162]: Using the local timmer to pretend to be NTP time. Data recorded
Local Time: 2023-10-09 20:43:01 [INFO] NTP Time: [2023-10-09 21:43:01.308571]: Using the local timmer to pretend to be NTP time. Data recorded
Local Time: 2023-10-09 20:43:01 [INFO] NTP Time: [2023-10-09 21:43:01.426578]: Using the local timmer to pretend to be NTP time. Data recorded
Local Time: 2023-10-09 20:43:01 [INFO] NTP Time: [2023-10-09 21:43:01.551140]: Using the local timmer to pretend to be NTP time. Data recorded
Local Time: 2023-10-09 20:43:01 [INFO] NTP Time: [2023-10-09 21:43:01.670820]: Using the local timmer to pretend to be NTP time. Data recorded
Local Time: 2023-10-09 20:43:01 [INFO] NTP Time: [2023-10-09 21:43:01.787314]: Using the local timmer to pretend to be NTP time. Data recorded
Local Time: 2023-10-09 20:43:01 [INFO] NTP Time: [2023-10-09 21:43:01.903568]: Using the local timmer to pretend to be NTP time. Data recorded
Local Time: 2023-10-09 20:43:02 [INFO] NTP Time: [2023-10-09 21:43:02.021037]: Using the local timmer to pretend to be NTP time. Data recorded
Local Time: 2023-10-09 20:43:02 [INFO] NTP Time: [2023-10-09 21:43:02.137552]: Using the local timmer to pretend to be NTP time. Data recorded
Local Time: 2023-10-09 20:43:02 [INFO] NTP Time: [2023-10-09 21:43:02.253962]: Using the local timmer to pretend to be NTP time. Data recorded
Local Time: 2023-10-09 20:43:02 [INFO] NTP Time: [2023-10-09 21:43:02.370511]: Using the local timmer to pretend to be NTP time. Data recorded
Local Time: 2023-10-09 20:43:02 [INFO] NTP Time: [2023-10-09 21:43:02.486855]: Using the local timmer to pretend to be NTP time. Data recorded
Local Time: 2023-10-09 20:43:02 [INFO] NTP Time: [2023-10-09 21:43:02.606330]: Using the local timmer to pretend to be NTP time. Data recorded
Local Time: 2023-10-09 20:43:02 [INFO] NTP Time: [2023-10-09 21:43:02.725651]: Using the local timmer to pretend to be NTP time. Data recorded
Local Time: 2023-10-09 20:43:02 [INFO] NTP Time: [2023-10-09 21:43:02.844120]: Using the local timmer to pretend to be NTP time. Data recorded
Local Time: 2023-10-09 20:43:02 [INFO] NTP Time: [2023-10-09 21:43:02.961686]: Using the local timmer to pretend to be NTP time. Data recorded
Local Time: 2023-10-09 20:43:03 [INFO] NTP Time: [2023-10-09 21:43:03.093710]: Using the local timmer to pretend to be NTP time. Data recorded
Local Time: 2023-10-09 20:43:03 [INFO] NTP Time: [2023-10-09 21:43:03.221247]: Using the local timmer to pretend to be NTP time. Data recorded
Local Time: 2023-10-09 20:43:03 [INFO] NTP Time: [2023-10-09 21:43:03.339557]: Using the local timmer to pretend to be NTP time. Data recorded
Local Time: 2023-10-09 20:43:03 [INFO] NTP Time: [2023-10-09 21:43:03.458748]: Using the local timmer to pretend to be NTP time. Data recorded
Local Time: 2023-10-09 20:43:03 [INFO] NTP Time: [2023-10-09 21:43:03.579953]: Using the local timmer to pretend to be NTP time. Data recorded
Local Time: 2023-10-09 20:43:03 [INFO] NTP Time: [2023-10-09 21:43:03.701798]: Using the local timmer to pretend to be NTP time. Data recorded
Local Time: 2023-10-09 20:43:03 [INFO] NTP Time: [2023-10-09 21:43:03.820811]: Using the local timmer to pretend to be NTP time. Data recorded
Local Time: 2023-10-09 20:43:03 [INFO] NTP Time: [2023-10-09 21:43:03.939725]: Using the local timmer to pretend to be NTP time. Data recorded
Local Time: 2023-10-09 20:43:04 [INFO] NTP Time: [2023-10-09 21:43:04.057944]: Using the local timmer to pretend to be NTP time. Data recorded
Local Time: 2023-10-09 20:43:04 [INFO] NTP Time: [2023-10-09 21:43:04.178164]: Using the local timmer to pretend to be NTP time. Data recorded
Local Time: 2023-10-09 20:43:04 [INFO] NTP Time: [2023-10-09 21:43:04.298858]: Using the local timmer to pretend to be NTP time. Data recorded
Local Time: 2023-10-09 20:43:04 [INFO] NTP Time: [2023-10-09 21:43:04.419242]: Using the local timmer to pretend to be NTP time. Data recorded
Local Time: 2023-10-09 20:43:04 [INFO] NTP Time: [2023-10-09 21:43:04.536510]: Using the local timmer to pretend to be NTP time. Data recorded
Local Time: 2023-10-09 20:43:04 [INFO] NTP Time: [2023-10-09 21:43:04.655125]: Using the local timmer to pretend to be NTP time. Data recorded
Local Time: 2023-10-09 20:43:04 [INFO] NTP Time: [2023-10-09 21:43:04.774918]: Using the local timmer to pretend to be NTP time. Data recorded
Local Time: 2023-10-09 20:43:04 [INFO] NTP Time: [2023-10-09 21:43:04.893829]: Using the local timmer to pretend to be NTP time. Data recorded
Local Time: 2023-10-09 20:43:05 [INFO] NTP Time: [2023-10-09 21:43:05.012680]: Using the local timmer to pretend to be NTP time. Data recorded
Local Time: 2023-10-09 20:43:05 [INFO] NTP Time: [2023-10-09 21:43:05.149178]: Using the local timmer to pretend to be NTP time. Data recorded
Local Time: 2023-10-09 20:43:05 [INFO] NTP Time: [2023-10-09 21:43:05.268283]: Using the local timmer to pretend to be NTP time. Data recorded
Local Time: 2023-10-09 20:43:05 [INFO] NTP Time: [2023-10-09 21:43:05.386923]: Using the local timmer to pretend to be NTP time. Data recorded
Local Time: 2023-10-09 20:43:05 [INFO] NTP Time: [2023-10-09 21:43:05.506969]: Using the local timmer to pretend to be NTP time. Data recorded
Local Time: 2023-10-09 20:43:05 [INFO] NTP Time: [2023-10-09 21:43:05.625635]: Using the local timmer to pretend to be NTP time. Data recorded
Local Time: 2023-10-09 20:43:05 [INFO] NTP Time: [2023-10-09 21:43:05.746246]: Using the local timmer to pretend to be NTP time. Data recorded
Local Time: 2023-10-09 20:43:05 [INFO] NTP Time: [2023-10-09 21:43:05.867021]: Using the local timmer to pretend to be NTP time. Data recorded
Local Time: 2023-10-09 20:43:05 [INFO] NTP Time: [2023-10-09 21:43:05.986519]: Using the local timmer to pretend to be NTP time. Data recorded
Local Time: 2023-10-09 20:43:06 [INFO] NTP Time: [2023-10-09 21:43:06.106283]: Using the local timmer to pretend to be NTP time. Data recorded
Local Time: 2023-10-09 20:43:06 [INFO] NTP Time: [2023-10-09 21:43:06.224942]: Using the local timmer to pretend to be NTP time. Data recorded
Local Time: 2023-10-09 20:43:06 [INFO] NTP Time: [2023-10-09 21:43:06.344615]: Using the local timmer to pretend to be NTP time. Data recorded
Local Time: 2023-10-09 20:43:06 [INFO] NTP Time: [2023-10-09 21:43:06.463000]: Using the local timmer to pretend to be NTP time. Data recorded
Local Time: 2023-10-09 20:43:06 [INFO] NTP Time: [2023-10-09 21:43:06.581392]: Using the local timmer to pretend to be NTP time. Data recorded
Local Time: 2023-10-09 20:43:06 [INFO] NTP Time: [2023-10-09 21:43:06.702961]: Using the local timmer to pretend to be NTP time. Data recorded
Local Time: 2023-10-09 20:43:06 [INFO] NTP Time: [2023-10-09 21:43:06.822249]: Using the local timmer to pretend to be NTP time. Data recorded
Local Time: 2023-10-09 20:43:06 [INFO] NTP Time: [2023-10-09 21:43:06.940720]: Using the local timmer to pretend to be NTP time. Data recorded
Local Time: 2023-10-09 20:43:07 [INFO] NTP Time: [2023-10-09 21:43:07.098786]: Using the local timmer to pretend to be NTP time. Data recorded
Local Time: 2023-10-09 20:43:07 [INFO] NTP Time: [2023-10-09 21:43:07.221208]: Using the local timmer to pretend to be NTP time. Data recorded
Local Time: 2023-10-09 20:43:07 [INFO] NTP Time: [2023-10-09 21:43:07.342341]: Using the local timmer to pretend to be NTP time. Data recorded
Local Time: 2023-10-09 20:43:07 [INFO] NTP Time: [2023-10-09 21:43:07.463757]: Using the local timmer to pretend to be NTP time. Data recorded
Local Time: 2023-10-09 20:43:07 [INFO] NTP Time: [2023-10-09 21:43:07.585610]: Using the local timmer to pretend to be NTP time. Data recorded
Local Time: 2023-10-09 20:43:07 [INFO] NTP Time: [2023-10-09 21:43:07.704712]: Using the local timmer to pretend to be NTP time. Data recorded
Local Time: 2023-10-09 20:43:07 [INFO] NTP Time: [2023-10-09 21:43:07.823574]: Using the local timmer to pretend to be NTP time. Data recorded
Local Time: 2023-10-09 20:43:07 [INFO] NTP Time: [2023-10-09 21:43:07.942903]: Using the local timmer to pretend to be NTP time. Data recorded
Local Time: 2023-10-09 20:43:08 [INFO] NTP Time: [2023-10-09 21:43:08.061950]: Using the local timmer to pretend to be NTP time. Data recorded
Local Time: 2023-10-09 20:43:08 [INFO] NTP Time: [2023-10-09 21:43:08.181465]: Using the local timmer to pretend to be NTP time. Data recorded
Local Time: 2023-10-09 20:43:08 [INFO] NTP Time: [2023-10-09 21:43:08.300842]: Using the local timmer to pretend to be NTP time. Data recorded
Local Time: 2023-10-09 20:43:08 [INFO] NTP Time: [2023-10-09 21:43:08.421993]: Using the local timmer to pretend to be NTP time. Data recorded
Local Time: 2023-10-09 20:43:08 [INFO] NTP Time: [2023-10-09 21:43:08.540584]: Using the local timmer to pretend to be NTP time. Data recorded
Local Time: 2023-10-09 20:43:08 [INFO] NTP Time: [2023-10-09 21:43:08.659920]: Using the local timmer to pretend to be NTP time. Data recorded
Local Time: 2023-10-09 20:43:08 [INFO] NTP Time: [2023-10-09 21:43:08.782448]: Using the local timmer to pretend to be NTP time. Data recorded
Local Time: 2023-10-09 20:43:08 [INFO] NTP Time: [2023-10-09 21:43:08.903598]: Using the local timmer to pretend to be NTP time. Data recorded
Local Time: 2023-10-09 20:43:09 [INFO] NTP Time: [2023-10-09 21:43:09.023921]: Using the local timmer to pretend to be NTP time. Data recorded
Local Time: 2023-10-09 20:43:09 [INFO] NTP Time: [2023-10-09 21:43:09.147924]: Using the local timmer to pretend to be NTP time. Data recorded
Local Time: 2023-10-09 20:43:09 [INFO] NTP Time: [2023-10-09 21:43:09.273566]: Using the local timmer to pretend to be NTP time. Data recorded
Local Time: 2023-10-09 20:43:09 [INFO] NTP Time: [2023-10-09 21:43:09.394103]: Using the local timmer to pretend to be NTP time. Data recorded
Local Time: 2023-10-09 20:43:09 [INFO] NTP Time: [2023-10-09 21:43:09.515644]: Using the local timmer to pretend to be NTP time. Data recorded
Local Time: 2023-10-09 20:43:09 [INFO] NTP Time: [2023-10-09 21:43:09.644926]: Using the local timmer to pretend to be NTP time. Data recorded
Local Time: 2023-10-09 20:43:09 [INFO] NTP Time: [2023-10-09 21:43:09.769906]: Using the local timmer to pretend to be NTP time. Data recorded
Local Time: 2023-10-09 20:43:09 [INFO] NTP Time: [2023-10-09 21:43:09.894197]: Using the local timmer to pretend to be NTP time. Data recorded
Local Time: 2023-10-09 20:43:10 [INFO] NTP Time: [2023-10-09 21:43:10.016677]: Using the local timmer to pretend to be NTP time. Data recorded
Local Time: 2023-10-09 20:43:10 [INFO] NTP Time: [2023-10-09 21:43:10.215740]: Using the local timmer to pretend to be NTP time. Data recorded
Local Time: 2023-10-09 20:43:10 [INFO] NTP Time: [2023-10-09 21:43:10.339316]: Using the local timmer to pretend to be NTP time. Data recorded
Local Time: 2023-10-09 20:43:10 [INFO] NTP Time: [2023-10-09 21:43:10.461274]: Using the local timmer to pretend to be NTP time. Data recorded
Local Time: 2023-10-09 20:43:10 [INFO] NTP Time: [2023-10-09 21:43:10.582103]: Using the local timmer to pretend to be NTP time. Data recorded
Local Time: 2023-10-09 20:43:10 [INFO] NTP Time: [2023-10-09 21:43:10.705381]: Using the local timmer to pretend to be NTP time. Data recorded
Local Time: 2023-10-09 20:43:10 [INFO] NTP Time: [2023-10-09 21:43:10.825293]: Using the local timmer to pretend to be NTP time. Data recorded
Local Time: 2023-10-09 20:43:10 [INFO] NTP Time: [2023-10-09 21:43:10.947177]: Using the local timmer to pretend to be NTP time. Data recorded
Local Time: 2023-10-09 20:43:11 [INFO] NTP Time: [2023-10-09 21:43:11.070026]: Using the local timmer to pretend to be NTP time. Data recorded
Local Time: 2023-10-09 20:43:11 [INFO] NTP Time: [2023-10-09 21:43:11.193257]: Using the local timmer to pretend to be NTP time. Data recorded
Local Time: 2023-10-09 20:43:11 [INFO] NTP Time: [2023-10-09 21:43:11.319183]: Using the local timmer to pretend to be NTP time. Data recorded
Local Time: 2023-10-09 20:43:11 [INFO] NTP Time: [2023-10-09 21:43:11.440916]: Using the local timmer to pretend to be NTP time. Data recorded
Local Time: 2023-10-09 20:43:11 [INFO] NTP Time: [2023-10-09 21:43:11.561881]: Using the local timmer to pretend to be NTP time. Data recorded
Local Time: 2023-10-09 20:43:11 [INFO] NTP Time: [2023-10-09 21:43:11.685504]: Using the local timmer to pretend to be NTP time. Data recorded
Local Time: 2023-10-09 20:43:11 [INFO] NTP Time: [2023-10-09 21:43:11.811124]: Using the local timmer to pretend to be NTP time. Data recorded
Local Time: 2023-10-09 20:43:11 [INFO] NTP Time: [2023-10-09 21:43:11.942304]: Using the local timmer to pretend to be NTP time. Data recorded
Local Time: 2023-10-09 20:43:12 [INFO] NTP Time: [2023-10-09 21:43:12.063094]: Using the local timmer to pretend to be NTP time. Data recorded
Local Time: 2023-10-09 20:43:12 [INFO] NTP Time: [2023-10-09 21:43:12.187143]: Using the local timmer to pretend to be NTP time. Data recorded
Local Time: 2023-10-09 20:43:12 [INFO] NTP Time: [2023-10-09 21:43:12.309592]: Using the local timmer to pretend to be NTP time. Data recorded
Local Time: 2023-10-09 20:43:12 [INFO] NTP Time: [2023-10-09 21:43:12.434814]: Using the local timmer to pretend to be NTP time. Data recorded
Local Time: 2023-10-09 20:43:12 [INFO] NTP Time: [2023-10-09 21:43:12.555568]: Using the local timmer to pretend to be NTP time. Data recorded
Local Time: 2023-10-09 20:43:12 [INFO] NTP Time: [2023-10-09 21:43:12.679162]: Using the local timmer to pretend to be NTP time. Data recorded
Local Time: 2023-10-09 20:43:12 [INFO] NTP Time: [2023-10-09 21:43:12.805352]: Using the local timmer to pretend to be NTP time. Data recorded
Local Time: 2023-10-09 20:43:12 [INFO] NTP Time: [2023-10-09 21:43:12.925211]: Using the local timmer to pretend to be NTP time. Data recorded
Local Time: 2023-10-09 20:43:13 [INFO] NTP Time: [2023-10-09 21:43:13.048472]: Using the local timmer to pretend to be NTP time. Data recorded
Local Time: 2023-10-09 20:43:13 [INFO] NTP Time: [2023-10-09 21:43:13.175724]: Using the local timmer to pretend to be NTP time. Data recorded
Local Time: 2023-10-09 20:43:13 [INFO] NTP Time: [2023-10-09 21:43:13.302159]: Using the local timmer to pretend to be NTP time. Data recorded
Local Time: 2023-10-09 20:43:13 [INFO] NTP Time: [2023-10-09 21:43:13.431951]: Using the local timmer to pretend to be NTP time. Data recorded
Local Time: 2023-10-09 20:43:13 [INFO] NTP Time: [2023-10-09 21:43:13.578962]: Using the local timmer to pretend to be NTP time. Data recorded
Local Time: 2023-10-09 20:43:13 [INFO] NTP Time: [2023-10-09 21:43:13.706261]: Using the local timmer to pretend to be NTP time. Data recorded
Local Time: 2023-10-09 20:43:13 [INFO] NTP Time: [2023-10-09 21:43:13.825644]: Using the local timmer to pretend to be NTP time. Data recorded
Local Time: 2023-10-09 20:43:13 [INFO] NTP Time: [2023-10-09 21:43:13.949739]: Using the local timmer to pretend to be NTP time. Data recorded
Local Time: 2023-10-09 20:43:14 [INFO] NTP Time: [2023-10-09 21:43:14.069872]: Using the local timmer to pretend to be NTP time. Data recorded
Local Time: 2023-10-09 20:43:14 [INFO] NTP Time: [2023-10-09 21:43:14.193314]: Using the local timmer to pretend to be NTP time. Data recorded
Local Time: 2023-10-09 20:43:14 [INFO] NTP Time: [2023-10-09 21:43:14.405847]: Using the local timmer to pretend to be NTP time. Data recorded
Local Time: 2023-10-09 20:43:14 [INFO] NTP Time: [2023-10-09 21:43:14.526914]: Using the local timmer to pretend to be NTP time. Data recorded
Local Time: 2023-10-09 20:43:14 [INFO] NTP Time: [2023-10-09 21:43:14.685601]: Using the local timmer to pretend to be NTP time. Data recorded
Local Time: 2023-10-09 20:43:14 [INFO] NTP Time: [2023-10-09 21:43:14.812483]: Using the local timmer to pretend to be NTP time. Data recorded
Local Time: 2023-10-09 20:43:14 [INFO] NTP Time: [2023-10-09 21:43:14.940997]: Using the local timmer to pretend to be NTP time. Data recorded
Local Time: 2023-10-09 20:43:15 [INFO] NTP Time: [2023-10-09 21:43:15.085971]: Using the local timmer to pretend to be NTP time. Data recorded
Local Time: 2023-10-09 20:43:15 [INFO] NTP Time: [2023-10-09 21:43:15.211467]: Using the local timmer to pretend to be NTP time. Data recorded
Local Time: 2023-10-09 20:43:15 [INFO] NTP Time: [2023-10-09 21:43:15.333310]: Using the local timmer to pretend to be NTP time. Data recorded
Local Time: 2023-10-09 20:43:15 [INFO] NTP Time: [2023-10-09 21:43:15.586347]: Using the local timmer to pretend to be NTP time. Data recorded
Local Time: 2023-10-09 20:43:15 [INFO] NTP Time: [2023-10-09 21:43:15.709085]: Using the local timmer to pretend to be NTP time. Data recorded
Local Time: 2023-10-09 20:43:15 [INFO] NTP Time: [2023-10-09 21:43:15.859166]: Using the local timmer to pretend to be NTP time. Data recorded
Local Time: 2023-10-09 20:43:15 [INFO] NTP Time: [2023-10-09 21:43:15.981055]: Using the local timmer to pretend to be NTP time. Data recorded
Local Time: 2023-10-09 20:43:16 [INFO] NTP Time: [2023-10-09 21:43:16.112568]: Using the local timmer to pretend to be NTP time. Data recorded
Local Time: 2023-10-09 20:43:16 [INFO] NTP Time: [2023-10-09 21:43:16.240615]: Using the local timmer to pretend to be NTP time. Data recorded
Local Time: 2023-10-09 20:43:16 [INFO] NTP Time: [2023-10-09 21:43:16.364545]: Using the local timmer to pretend to be NTP time. Data recorded
Local Time: 2023-10-09 20:43:16 [INFO] NTP Time: [2023-10-09 21:43:16.487328]: Using the local timmer to pretend to be NTP time. Data recorded
Local Time: 2023-10-09 20:43:16 [INFO] NTP Time: [2023-10-09 21:43:16.612318]: Using the local timmer to pretend to be NTP time. Data recorded
Local Time: 2023-10-09 20:43:16 [INFO] NTP Time: [2023-10-09 21:43:16.736387]: Using the local timmer to pretend to be NTP time. Data recorded
Local Time: 2023-10-09 20:43:16 [INFO] NTP Time: [2023-10-09 21:43:16.859730]: Using the local timmer to pretend to be NTP time. Data recorded
Local Time: 2023-10-09 20:43:17 [INFO] NTP Time: [2023-10-09 21:43:17.012637]: Using the local timmer to pretend to be NTP time. Data recorded
Local Time: 2023-10-09 20:43:17 [INFO] NTP Time: [2023-10-09 21:43:17.209806]: Using the local timmer to pretend to be NTP time. Data recorded
Local Time: 2023-10-09 20:43:17 [INFO] NTP Time: [2023-10-09 21:43:17.366276]: Using the local timmer to pretend to be NTP time. Data recorded
Local Time: 2023-10-09 20:43:17 [INFO] NTP Time: [2023-10-09 21:43:17.491228]: Using the local timmer to pretend to be NTP time. Data recorded
Local Time: 2023-10-09 20:43:17 [INFO] NTP Time: [2023-10-09 21:43:17.614371]: Using the local timmer to pretend to be NTP time. Data recorded
Local Time: 2023-10-09 20:43:17 [INFO] NTP Time: [2023-10-09 21:43:17.737835]: Using the local timmer to pretend to be NTP time. Data recorded
Local Time: 2023-10-09 20:43:17 [INFO] NTP Time: [2023-10-09 21:43:17.862014]: Using the local timmer to pretend to be NTP time. Data recorded
Local Time: 2023-10-09 20:43:17 [INFO] NTP Time: [2023-10-09 21:43:17.885696]: End recording by a terminate action.
