Local Time: 2023-10-09 20:25:33 [INFO] NTP Time: [2023-10-09 21:25:33.955637]: Loaded configuration: {'participant': {'id': 'P001', 'age': '25', 'gender': 'M', 'ethnicity': 'Caucasian', 'height': '165', 'weight': '65'}, 'experiment': {'date': '2022-01-01', 'time': '14:00:00', 'condition': 'HW101M', 'group': 'A', 'illumination_level': 'low'}, 'task_info': {'task_name': 'Task1', 'trial_number': '5'}, 'notes': {'comments': 'Participant seemed tired during the session.'}, 'label_info': {'activity': 'sit'}}
Local Time: 2023-10-09 20:25:33 [INFO] NTP Time: [2023-10-09 21:25:33.955754]: Loaded mmwave configuration: {'setting1': 'value1', 'setting2': 'value2', 'Data storage location': 'AWR1843-Read-Data-Python-MMWAVE-SDK-3--master/data', 'mmwave_Datatype': 'dictionary'}
Local Time: 2023-10-09 20:25:34 [INFO] NTP Time: [2023-10-09 21:25:34.779494]: Using NTP time as the start timmer.
Local Time: 2023-10-09 20:25:34 [INFO] NTP Time: [2023-10-09 21:25:34.894942]: Using the local timmer to pretend to be NTP time. Data recorded
Local Time: 2023-10-09 20:25:35 [INFO] NTP Time: [2023-10-09 21:25:35.009943]: Using the local timmer to pretend to be NTP time. Data recorded
Local Time: 2023-10-09 20:25:35 [INFO] NTP Time: [2023-10-09 21:25:35.126046]: Using the local timmer to pretend to be NTP time. Data recorded
Local Time: 2023-10-09 20:25:35 [INFO] NTP Time: [2023-10-09 21:25:35.240086]: Using the local timmer to pretend to be NTP time. Data recorded
Local Time: 2023-10-09 20:25:35 [INFO] NTP Time: [2023-10-09 21:25:35.355439]: Using the local timmer to pretend to be NTP time. Data recorded
Local Time: 2023-10-09 20:25:35 [INFO] NTP Time: [2023-10-09 21:25:35.469614]: Using the local timmer to pretend to be NTP time. Data recorded
Local Time: 2023-10-09 20:25:35 [INFO] NTP Time: [2023-10-09 21:25:35.584569]: Using the local timmer to pretend to be NTP time. Data recorded
Local Time: 2023-10-09 20:25:35 [INFO] NTP Time: [2023-10-09 21:25:35.698583]: Using the local timmer to pretend to be NTP time. Data recorded
Local Time: 2023-10-09 20:25:35 [INFO] NTP Time: [2023-10-09 21:25:35.812664]: Using the local timmer to pretend to be NTP time. Data recorded
Local Time: 2023-10-09 20:25:35 [INFO] NTP Time: [2023-10-09 21:25:35.927561]: Using the local timmer to pretend to be NTP time. Data recorded
Local Time: 2023-10-09 20:25:36 [INFO] NTP Time: [2023-10-09 21:25:36.041480]: Using the local timmer to pretend to be NTP time. Data recorded
Local Time: 2023-10-09 20:25:36 [INFO] NTP Time: [2023-10-09 21:25:36.157444]: Using the local timmer to pretend to be NTP time. Data recorded
Local Time: 2023-10-09 20:25:36 [INFO] NTP Time: [2023-10-09 21:25:36.271820]: Using the local timmer to pretend to be NTP time. Data recorded
Local Time: 2023-10-09 20:25:36 [INFO] NTP Time: [2023-10-09 21:25:36.386532]: Using the local timmer to pretend to be NTP time. Data recorded
Local Time: 2023-10-09 20:25:36 [INFO] NTP Time: [2023-10-09 21:25:36.502110]: Using the local timmer to pretend to be NTP time. Data recorded
Local Time: 2023-10-09 20:25:36 [INFO] NTP Time: [2023-10-09 21:25:36.618360]: Using the local timmer to pretend to be NTP time. Data recorded
Local Time: 2023-10-09 20:25:36 [INFO] NTP Time: [2023-10-09 21:25:36.735244]: Using the local timmer to pretend to be NTP time. Data recorded
Local Time: 2023-10-09 20:25:36 [INFO] NTP Time: [2023-10-09 21:25:36.849342]: Using the local timmer to pretend to be NTP time. Data recorded
Local Time: 2023-10-09 20:25:36 [INFO] NTP Time: [2023-10-09 21:25:36.964155]: Using the local timmer to pretend to be NTP time. Data recorded
Local Time: 2023-10-09 20:25:37 [INFO] NTP Time: [2023-10-09 21:25:37.078615]: Using the local timmer to pretend to be NTP time. Data recorded
Local Time: 2023-10-09 20:25:37 [INFO] NTP Time: [2023-10-09 21:25:37.193548]: Using the local timmer to pretend to be NTP time. Data recorded
Local Time: 2023-10-09 20:25:37 [INFO] NTP Time: [2023-10-09 21:25:37.308340]: Using the local timmer to pretend to be NTP time. Data recorded
Local Time: 2023-10-09 20:25:37 [INFO] NTP Time: [2023-10-09 21:25:37.423733]: Using the local timmer to pretend to be NTP time. Data recorded
Local Time: 2023-10-09 20:25:37 [INFO] NTP Time: [2023-10-09 21:25:37.538912]: Using the local timmer to pretend to be NTP time. Data recorded
Local Time: 2023-10-09 20:25:37 [INFO] NTP Time: [2023-10-09 21:25:37.653490]: Using the local timmer to pretend to be NTP time. Data recorded
Local Time: 2023-10-09 20:25:37 [INFO] NTP Time: [2023-10-09 21:25:37.768232]: Using the local timmer to pretend to be NTP time. Data recorded
Local Time: 2023-10-09 20:25:37 [INFO] NTP Time: [2023-10-09 21:25:37.883683]: Using the local timmer to pretend to be NTP time. Data recorded
Local Time: 2023-10-09 20:25:37 [INFO] NTP Time: [2023-10-09 21:25:37.998226]: Using the local timmer to pretend to be NTP time. Data recorded
Local Time: 2023-10-09 20:25:38 [INFO] NTP Time: [2023-10-09 21:25:38.113218]: Using the local timmer to pretend to be NTP time. Data recorded
Local Time: 2023-10-09 20:25:38 [INFO] NTP Time: [2023-10-09 21:25:38.227907]: Using the local timmer to pretend to be NTP time. Data recorded
Local Time: 2023-10-09 20:25:38 [INFO] NTP Time: [2023-10-09 21:25:38.343178]: Using the local timmer to pretend to be NTP time. Data recorded
Local Time: 2023-10-09 20:25:38 [INFO] NTP Time: [2023-10-09 21:25:38.458702]: Using the local timmer to pretend to be NTP time. Data recorded
Local Time: 2023-10-09 20:25:38 [INFO] NTP Time: [2023-10-09 21:25:38.573721]: Using the local timmer to pretend to be NTP time. Data recorded
Local Time: 2023-10-09 20:25:38 [INFO] NTP Time: [2023-10-09 21:25:38.688993]: Using the local timmer to pretend to be NTP time. Data recorded
Local Time: 2023-10-09 20:25:38 [INFO] NTP Time: [2023-10-09 21:25:38.804343]: Using the local timmer to pretend to be NTP time. Data recorded
Local Time: 2023-10-09 20:25:38 [INFO] NTP Time: [2023-10-09 21:25:38.920073]: Using the local timmer to pretend to be NTP time. Data recorded
Local Time: 2023-10-09 20:25:39 [INFO] NTP Time: [2023-10-09 21:25:39.035084]: Using the local timmer to pretend to be NTP time. Data recorded
Local Time: 2023-10-09 20:25:39 [INFO] NTP Time: [2023-10-09 21:25:39.151063]: Using the local timmer to pretend to be NTP time. Data recorded
Local Time: 2023-10-09 20:25:39 [INFO] NTP Time: [2023-10-09 21:25:39.267022]: Using the local timmer to pretend to be NTP time. Data recorded
Local Time: 2023-10-09 20:25:39 [INFO] NTP Time: [2023-10-09 21:25:39.382517]: Using the local timmer to pretend to be NTP time. Data recorded
Local Time: 2023-10-09 20:25:39 [INFO] NTP Time: [2023-10-09 21:25:39.498649]: Using the local timmer to pretend to be NTP time. Data recorded
Local Time: 2023-10-09 20:25:39 [INFO] NTP Time: [2023-10-09 21:25:39.613123]: Using the local timmer to pretend to be NTP time. Data recorded
Local Time: 2023-10-09 20:25:39 [INFO] NTP Time: [2023-10-09 21:25:39.728202]: Using the local timmer to pretend to be NTP time. Data recorded
Local Time: 2023-10-09 20:25:39 [INFO] NTP Time: [2023-10-09 21:25:39.843657]: Using the local timmer to pretend to be NTP time. Data recorded
Local Time: 2023-10-09 20:25:39 [INFO] NTP Time: [2023-10-09 21:25:39.959053]: Using the local timmer to pretend to be NTP time. Data recorded
Local Time: 2023-10-09 20:25:40 [INFO] NTP Time: [2023-10-09 21:25:40.074128]: Using the local timmer to pretend to be NTP time. Data recorded
Local Time: 2023-10-09 20:25:40 [INFO] NTP Time: [2023-10-09 21:25:40.189516]: Using the local timmer to pretend to be NTP time. Data recorded
Local Time: 2023-10-09 20:25:40 [INFO] NTP Time: [2023-10-09 21:25:40.305272]: Using the local timmer to pretend to be NTP time. Data recorded
Local Time: 2023-10-09 20:25:40 [INFO] NTP Time: [2023-10-09 21:25:40.420769]: Using the local timmer to pretend to be NTP time. Data recorded
Local Time: 2023-10-09 20:25:40 [INFO] NTP Time: [2023-10-09 21:25:40.536041]: Using the local timmer to pretend to be NTP time. Data recorded
Local Time: 2023-10-09 20:25:40 [INFO] NTP Time: [2023-10-09 21:25:40.651378]: Using the local timmer to pretend to be NTP time. Data recorded
Local Time: 2023-10-09 20:25:40 [INFO] NTP Time: [2023-10-09 21:25:40.766650]: Using the local timmer to pretend to be NTP time. Data recorded
Local Time: 2023-10-09 20:25:40 [INFO] NTP Time: [2023-10-09 21:25:40.882512]: Using the local timmer to pretend to be NTP time. Data recorded
Local Time: 2023-10-09 20:25:41 [INFO] NTP Time: [2023-10-09 21:25:41.000146]: Using the local timmer to pretend to be NTP time. Data recorded
Local Time: 2023-10-09 20:25:41 [INFO] NTP Time: [2023-10-09 21:25:41.115504]: Using the local timmer to pretend to be NTP time. Data recorded
Local Time: 2023-10-09 20:25:41 [INFO] NTP Time: [2023-10-09 21:25:41.231112]: Using the local timmer to pretend to be NTP time. Data recorded
Local Time: 2023-10-09 20:25:41 [INFO] NTP Time: [2023-10-09 21:25:41.347323]: Using the local timmer to pretend to be NTP time. Data recorded
Local Time: 2023-10-09 20:25:41 [INFO] NTP Time: [2023-10-09 21:25:41.463091]: Using the local timmer to pretend to be NTP time. Data recorded
Local Time: 2023-10-09 20:25:41 [INFO] NTP Time: [2023-10-09 21:25:41.580714]: Using the local timmer to pretend to be NTP time. Data recorded
Local Time: 2023-10-09 20:25:41 [INFO] NTP Time: [2023-10-09 21:25:41.697876]: Using the local timmer to pretend to be NTP time. Data recorded
Local Time: 2023-10-09 20:25:41 [INFO] NTP Time: [2023-10-09 21:25:41.813641]: Using the local timmer to pretend to be NTP time. Data recorded
Local Time: 2023-10-09 20:25:41 [INFO] NTP Time: [2023-10-09 21:25:41.929805]: Using the local timmer to pretend to be NTP time. Data recorded
Local Time: 2023-10-09 20:25:42 [INFO] NTP Time: [2023-10-09 21:25:42.045301]: Using the local timmer to pretend to be NTP time. Data recorded
Local Time: 2023-10-09 20:25:42 [INFO] NTP Time: [2023-10-09 21:25:42.161999]: Using the local timmer to pretend to be NTP time. Data recorded
Local Time: 2023-10-09 20:25:42 [INFO] NTP Time: [2023-10-09 21:25:42.278213]: Using the local timmer to pretend to be NTP time. Data recorded
Local Time: 2023-10-09 20:25:42 [INFO] NTP Time: [2023-10-09 21:25:42.394010]: Using the local timmer to pretend to be NTP time. Data recorded
Local Time: 2023-10-09 20:25:42 [INFO] NTP Time: [2023-10-09 21:25:42.511973]: Using the local timmer to pretend to be NTP time. Data recorded
Local Time: 2023-10-09 20:25:42 [INFO] NTP Time: [2023-10-09 21:25:42.627701]: Using the local timmer to pretend to be NTP time. Data recorded
Local Time: 2023-10-09 20:25:42 [INFO] NTP Time: [2023-10-09 21:25:42.743368]: Using the local timmer to pretend to be NTP time. Data recorded
Local Time: 2023-10-09 20:25:42 [INFO] NTP Time: [2023-10-09 21:25:42.860019]: Using the local timmer to pretend to be NTP time. Data recorded
Local Time: 2023-10-09 20:25:42 [INFO] NTP Time: [2023-10-09 21:25:42.976669]: Using the local timmer to pretend to be NTP time. Data recorded
Local Time: 2023-10-09 20:25:43 [INFO] NTP Time: [2023-10-09 21:25:43.093743]: Using the local timmer to pretend to be NTP time. Data recorded
Local Time: 2023-10-09 20:25:43 [INFO] NTP Time: [2023-10-09 21:25:43.209253]: Using the local timmer to pretend to be NTP time. Data recorded
Local Time: 2023-10-09 20:25:43 [INFO] NTP Time: [2023-10-09 21:25:43.325864]: Using the local timmer to pretend to be NTP time. Data recorded
Local Time: 2023-10-09 20:25:43 [INFO] NTP Time: [2023-10-09 21:25:43.442766]: Using the local timmer to pretend to be NTP time. Data recorded
Local Time: 2023-10-09 20:25:43 [INFO] NTP Time: [2023-10-09 21:25:43.558746]: Using the local timmer to pretend to be NTP time. Data recorded
Local Time: 2023-10-09 20:25:43 [INFO] NTP Time: [2023-10-09 21:25:43.674634]: Using the local timmer to pretend to be NTP time. Data recorded
Local Time: 2023-10-09 20:25:43 [INFO] NTP Time: [2023-10-09 21:25:43.790568]: Using the local timmer to pretend to be NTP time. Data recorded
Local Time: 2023-10-09 20:25:43 [INFO] NTP Time: [2023-10-09 21:25:43.907792]: Using the local timmer to pretend to be NTP time. Data recorded
Local Time: 2023-10-09 20:25:44 [INFO] NTP Time: [2023-10-09 21:25:44.026250]: Using the local timmer to pretend to be NTP time. Data recorded
Local Time: 2023-10-09 20:25:44 [INFO] NTP Time: [2023-10-09 21:25:44.142801]: Using the local timmer to pretend to be NTP time. Data recorded
Local Time: 2023-10-09 20:25:44 [INFO] NTP Time: [2023-10-09 21:25:44.259729]: Using the local timmer to pretend to be NTP time. Data recorded
Local Time: 2023-10-09 20:25:44 [INFO] NTP Time: [2023-10-09 21:25:44.376006]: Using the local timmer to pretend to be NTP time. Data recorded
Local Time: 2023-10-09 20:25:44 [INFO] NTP Time: [2023-10-09 21:25:44.493378]: Using the local timmer to pretend to be NTP time. Data recorded
Local Time: 2023-10-09 20:25:44 [INFO] NTP Time: [2023-10-09 21:25:44.609622]: Using the local timmer to pretend to be NTP time. Data recorded
Local Time: 2023-10-09 20:25:44 [INFO] NTP Time: [2023-10-09 21:25:44.725810]: Using the local timmer to pretend to be NTP time. Data recorded
Local Time: 2023-10-09 20:25:44 [INFO] NTP Time: [2023-10-09 21:25:44.842956]: Using the local timmer to pretend to be NTP time. Data recorded
Local Time: 2023-10-09 20:25:44 [INFO] NTP Time: [2023-10-09 21:25:44.959602]: Using the local timmer to pretend to be NTP time. Data recorded
Local Time: 2023-10-09 20:25:45 [INFO] NTP Time: [2023-10-09 21:25:45.076112]: Using the local timmer to pretend to be NTP time. Data recorded
Local Time: 2023-10-09 20:25:45 [INFO] NTP Time: [2023-10-09 21:25:45.192261]: Using the local timmer to pretend to be NTP time. Data recorded
Local Time: 2023-10-09 20:25:45 [INFO] NTP Time: [2023-10-09 21:25:45.308947]: Using the local timmer to pretend to be NTP time. Data recorded
Local Time: 2023-10-09 20:25:45 [INFO] NTP Time: [2023-10-09 21:25:45.425612]: Using the local timmer to pretend to be NTP time. Data recorded
Local Time: 2023-10-09 20:25:45 [INFO] NTP Time: [2023-10-09 21:25:45.542593]: Using the local timmer to pretend to be NTP time. Data recorded
Local Time: 2023-10-09 20:25:45 [INFO] NTP Time: [2023-10-09 21:25:45.659112]: Using the local timmer to pretend to be NTP time. Data recorded
Local Time: 2023-10-09 20:25:45 [INFO] NTP Time: [2023-10-09 21:25:45.775666]: Using the local timmer to pretend to be NTP time. Data recorded
Local Time: 2023-10-09 20:25:45 [INFO] NTP Time: [2023-10-09 21:25:45.892839]: Using the local timmer to pretend to be NTP time. Data recorded
Local Time: 2023-10-09 20:25:46 [INFO] NTP Time: [2023-10-09 21:25:46.009612]: Using the local timmer to pretend to be NTP time. Data recorded
Local Time: 2023-10-09 20:25:46 [INFO] NTP Time: [2023-10-09 21:25:46.126786]: Using the local timmer to pretend to be NTP time. Data recorded
Local Time: 2023-10-09 20:25:46 [INFO] NTP Time: [2023-10-09 21:25:46.243750]: Using the local timmer to pretend to be NTP time. Data recorded
Local Time: 2023-10-09 20:25:46 [INFO] NTP Time: [2023-10-09 21:25:46.360925]: Using the local timmer to pretend to be NTP time. Data recorded
Local Time: 2023-10-09 20:25:46 [INFO] NTP Time: [2023-10-09 21:25:46.477604]: Using the local timmer to pretend to be NTP time. Data recorded
Local Time: 2023-10-09 20:25:46 [INFO] NTP Time: [2023-10-09 21:25:46.594866]: Using the local timmer to pretend to be NTP time. Data recorded
Local Time: 2023-10-09 20:25:46 [INFO] NTP Time: [2023-10-09 21:25:46.711110]: Using the local timmer to pretend to be NTP time. Data recorded
Local Time: 2023-10-09 20:25:46 [INFO] NTP Time: [2023-10-09 21:25:46.828692]: Using the local timmer to pretend to be NTP time. Data recorded
Local Time: 2023-10-09 20:25:46 [INFO] NTP Time: [2023-10-09 21:25:46.945941]: Using the local timmer to pretend to be NTP time. Data recorded
Local Time: 2023-10-09 20:25:47 [INFO] NTP Time: [2023-10-09 21:25:47.063495]: Using the local timmer to pretend to be NTP time. Data recorded
Local Time: 2023-10-09 20:25:47 [INFO] NTP Time: [2023-10-09 21:25:47.181003]: Using the local timmer to pretend to be NTP time. Data recorded
Local Time: 2023-10-09 20:25:47 [INFO] NTP Time: [2023-10-09 21:25:47.298086]: Using the local timmer to pretend to be NTP time. Data recorded
Local Time: 2023-10-09 20:25:47 [INFO] NTP Time: [2023-10-09 21:25:47.414915]: Using the local timmer to pretend to be NTP time. Data recorded
Local Time: 2023-10-09 20:25:47 [INFO] NTP Time: [2023-10-09 21:25:47.532198]: Using the local timmer to pretend to be NTP time. Data recorded
Local Time: 2023-10-09 20:25:47 [INFO] NTP Time: [2023-10-09 21:25:47.650081]: Using the local timmer to pretend to be NTP time. Data recorded
Local Time: 2023-10-09 20:25:47 [INFO] NTP Time: [2023-10-09 21:25:47.767543]: Using the local timmer to pretend to be NTP time. Data recorded
Local Time: 2023-10-09 20:25:47 [INFO] NTP Time: [2023-10-09 21:25:47.885038]: Using the local timmer to pretend to be NTP time. Data recorded
Local Time: 2023-10-09 20:25:48 [INFO] NTP Time: [2023-10-09 21:25:48.001898]: Using the local timmer to pretend to be NTP time. Data recorded
Local Time: 2023-10-09 20:25:48 [INFO] NTP Time: [2023-10-09 21:25:48.119560]: Using the local timmer to pretend to be NTP time. Data recorded
Local Time: 2023-10-09 20:25:48 [INFO] NTP Time: [2023-10-09 21:25:48.237436]: Using the local timmer to pretend to be NTP time. Data recorded
Local Time: 2023-10-09 20:25:48 [INFO] NTP Time: [2023-10-09 21:25:48.354865]: Using the local timmer to pretend to be NTP time. Data recorded
Local Time: 2023-10-09 20:25:48 [INFO] NTP Time: [2023-10-09 21:25:48.472778]: Using the local timmer to pretend to be NTP time. Data recorded
Local Time: 2023-10-09 20:25:48 [INFO] NTP Time: [2023-10-09 21:25:48.590219]: Using the local timmer to pretend to be NTP time. Data recorded
Local Time: 2023-10-09 20:25:48 [INFO] NTP Time: [2023-10-09 21:25:48.707771]: Using the local timmer to pretend to be NTP time. Data recorded
Local Time: 2023-10-09 20:25:48 [INFO] NTP Time: [2023-10-09 21:25:48.825403]: Using the local timmer to pretend to be NTP time. Data recorded
Local Time: 2023-10-09 20:25:48 [INFO] NTP Time: [2023-10-09 21:25:48.942680]: Using the local timmer to pretend to be NTP time. Data recorded
Local Time: 2023-10-09 20:25:49 [INFO] NTP Time: [2023-10-09 21:25:49.060065]: Using the local timmer to pretend to be NTP time. Data recorded
Local Time: 2023-10-09 20:25:49 [INFO] NTP Time: [2023-10-09 21:25:49.178108]: Using the local timmer to pretend to be NTP time. Data recorded
Local Time: 2023-10-09 20:25:49 [INFO] NTP Time: [2023-10-09 21:25:49.296558]: Using the local timmer to pretend to be NTP time. Data recorded
Local Time: 2023-10-09 20:25:49 [INFO] NTP Time: [2023-10-09 21:25:49.414368]: Using the local timmer to pretend to be NTP time. Data recorded
Local Time: 2023-10-09 20:25:49 [INFO] NTP Time: [2023-10-09 21:25:49.531611]: Using the local timmer to pretend to be NTP time. Data recorded
Local Time: 2023-10-09 20:25:49 [INFO] NTP Time: [2023-10-09 21:25:49.649108]: Using the local timmer to pretend to be NTP time. Data recorded
Local Time: 2023-10-09 20:25:49 [INFO] NTP Time: [2023-10-09 21:25:49.768807]: Using the local timmer to pretend to be NTP time. Data recorded
Local Time: 2023-10-09 20:25:49 [INFO] NTP Time: [2023-10-09 21:25:49.886175]: Using the local timmer to pretend to be NTP time. Data recorded
Local Time: 2023-10-09 20:25:50 [INFO] NTP Time: [2023-10-09 21:25:50.003676]: Using the local timmer to pretend to be NTP time. Data recorded
Local Time: 2023-10-09 20:25:50 [INFO] NTP Time: [2023-10-09 21:25:50.121375]: Using the local timmer to pretend to be NTP time. Data recorded
Local Time: 2023-10-09 20:25:50 [INFO] NTP Time: [2023-10-09 21:25:50.239379]: Using the local timmer to pretend to be NTP time. Data recorded
Local Time: 2023-10-09 20:25:50 [INFO] NTP Time: [2023-10-09 21:25:50.357806]: Using the local timmer to pretend to be NTP time. Data recorded
Local Time: 2023-10-09 20:25:50 [INFO] NTP Time: [2023-10-09 21:25:50.476212]: Using the local timmer to pretend to be NTP time. Data recorded
Local Time: 2023-10-09 20:25:50 [INFO] NTP Time: [2023-10-09 21:25:50.594779]: Using the local timmer to pretend to be NTP time. Data recorded
Local Time: 2023-10-09 20:25:50 [INFO] NTP Time: [2023-10-09 21:25:50.712928]: Using the local timmer to pretend to be NTP time. Data recorded
Local Time: 2023-10-09 20:25:50 [INFO] NTP Time: [2023-10-09 21:25:50.831986]: Using the local timmer to pretend to be NTP time. Data recorded
Local Time: 2023-10-09 20:25:50 [INFO] NTP Time: [2023-10-09 21:25:50.846973]: End recording by a terminate action.
