Local Time: 2023-10-09 18:27:59 [INFO] NTP Time: [2023-10-09 19:27:59.982513]: Loaded configuration: {'participant': {'id': 'P001', 'age': '25', 'gender': 'M', 'ethnicity': 'Caucasian', 'height': '165', 'weight': '65'}, 'experiment': {'date': '2022-01-01', 'time': '14:00:00', 'condition': 'HW101M', 'group': 'A', 'illumination_level': 'low'}, 'task_info': {'task_name': 'Task1', 'trial_number': '5'}, 'notes': {'comments': 'Participant seemed tired during the session.'}, 'label_info': {'activity': 'sit'}}
Local Time: 2023-10-09 18:27:59 [INFO] NTP Time: [2023-10-09 19:27:59.982711]: Loaded mmwave configuration: {'setting1': 'value1', 'setting2': 'value2', 'Data storage location': 'AWR1843-Read-Data-Python-MMWAVE-SDK-3--master/data', 'mmwave_Datatype': 'dictionary'}
Local Time: 2023-10-09 18:28:01 [INFO] NTP Time: [2023-10-09 19:28:01.067938]: Using NTP time as the start timmer.
Local Time: 2023-10-09 18:28:01 [INFO] NTP Time: [2023-10-09 19:28:01.187397]: Using the local timmer to pretend to be NTP time. Data recorded
Local Time: 2023-10-09 18:28:01 [INFO] NTP Time: [2023-10-09 19:28:01.356104]: Using the local timmer to pretend to be NTP time. Data recorded
Local Time: 2023-10-09 18:28:01 [INFO] NTP Time: [2023-10-09 19:28:01.549224]: Using the local timmer to pretend to be NTP time. Data recorded
Local Time: 2023-10-09 18:28:01 [INFO] NTP Time: [2023-10-09 19:28:01.667478]: Using the local timmer to pretend to be NTP time. Data recorded
Local Time: 2023-10-09 18:28:01 [INFO] NTP Time: [2023-10-09 19:28:01.808184]: Using the local timmer to pretend to be NTP time. Data recorded
Local Time: 2023-10-09 18:28:01 [INFO] NTP Time: [2023-10-09 19:28:01.975130]: Using the local timmer to pretend to be NTP time. Data recorded
Local Time: 2023-10-09 18:28:02 [INFO] NTP Time: [2023-10-09 19:28:02.144889]: Using the local timmer to pretend to be NTP time. Data recorded
Local Time: 2023-10-09 18:28:02 [INFO] NTP Time: [2023-10-09 19:28:02.279659]: Using the local timmer to pretend to be NTP time. Data recorded
Local Time: 2023-10-09 18:28:02 [INFO] NTP Time: [2023-10-09 19:28:02.425045]: Using the local timmer to pretend to be NTP time. Data recorded
Local Time: 2023-10-09 18:28:02 [INFO] NTP Time: [2023-10-09 19:28:02.558802]: Using the local timmer to pretend to be NTP time. Data recorded
Local Time: 2023-10-09 18:28:02 [INFO] NTP Time: [2023-10-09 19:28:02.681151]: Using the local timmer to pretend to be NTP time. Data recorded
Local Time: 2023-10-09 18:28:02 [INFO] NTP Time: [2023-10-09 19:28:02.796034]: Using the local timmer to pretend to be NTP time. Data recorded
Local Time: 2023-10-09 18:28:02 [INFO] NTP Time: [2023-10-09 19:28:02.913336]: Using the local timmer to pretend to be NTP time. Data recorded
Local Time: 2023-10-09 18:28:03 [INFO] NTP Time: [2023-10-09 19:28:03.028006]: Using the local timmer to pretend to be NTP time. Data recorded
Local Time: 2023-10-09 18:28:03 [INFO] NTP Time: [2023-10-09 19:28:03.171341]: Using the local timmer to pretend to be NTP time. Data recorded
Local Time: 2023-10-09 18:28:03 [INFO] NTP Time: [2023-10-09 19:28:03.340583]: Using the local timmer to pretend to be NTP time. Data recorded
Local Time: 2023-10-09 18:28:03 [INFO] NTP Time: [2023-10-09 19:28:03.465358]: Using the local timmer to pretend to be NTP time. Data recorded
Local Time: 2023-10-09 18:28:03 [INFO] NTP Time: [2023-10-09 19:28:03.585241]: Using the local timmer to pretend to be NTP time. Data recorded
Local Time: 2023-10-09 18:28:03 [INFO] NTP Time: [2023-10-09 19:28:03.706279]: Using the local timmer to pretend to be NTP time. Data recorded
Local Time: 2023-10-09 18:28:03 [INFO] NTP Time: [2023-10-09 19:28:03.821665]: Using the local timmer to pretend to be NTP time. Data recorded
Local Time: 2023-10-09 18:28:03 [INFO] NTP Time: [2023-10-09 19:28:03.938749]: Using the local timmer to pretend to be NTP time. Data recorded
Local Time: 2023-10-09 18:28:04 [INFO] NTP Time: [2023-10-09 19:28:04.091133]: Using the local timmer to pretend to be NTP time. Data recorded
Local Time: 2023-10-09 18:28:04 [INFO] NTP Time: [2023-10-09 19:28:04.239294]: Using the local timmer to pretend to be NTP time. Data recorded
Local Time: 2023-10-09 18:28:04 [INFO] NTP Time: [2023-10-09 19:28:04.419010]: Using the local timmer to pretend to be NTP time. Data recorded
Local Time: 2023-10-09 18:28:04 [INFO] NTP Time: [2023-10-09 19:28:04.542676]: Using the local timmer to pretend to be NTP time. Data recorded
Local Time: 2023-10-09 18:28:04 [INFO] NTP Time: [2023-10-09 19:28:04.658886]: Using the local timmer to pretend to be NTP time. Data recorded
Local Time: 2023-10-09 18:28:04 [INFO] NTP Time: [2023-10-09 19:28:04.778280]: Using the local timmer to pretend to be NTP time. Data recorded
Local Time: 2023-10-09 18:28:04 [INFO] NTP Time: [2023-10-09 19:28:04.902129]: Using the local timmer to pretend to be NTP time. Data recorded
Local Time: 2023-10-09 18:28:05 [INFO] NTP Time: [2023-10-09 19:28:05.019848]: Using the local timmer to pretend to be NTP time. Data recorded
Local Time: 2023-10-09 18:28:05 [INFO] NTP Time: [2023-10-09 19:28:05.184348]: Using the local timmer to pretend to be NTP time. Data recorded
Local Time: 2023-10-09 18:28:05 [INFO] NTP Time: [2023-10-09 19:28:05.338975]: Using the local timmer to pretend to be NTP time. Data recorded
Local Time: 2023-10-09 18:28:05 [INFO] NTP Time: [2023-10-09 19:28:05.458670]: Using the local timmer to pretend to be NTP time. Data recorded
Local Time: 2023-10-09 18:28:05 [INFO] NTP Time: [2023-10-09 19:28:05.577348]: Using the local timmer to pretend to be NTP time. Data recorded
Local Time: 2023-10-09 18:28:05 [INFO] NTP Time: [2023-10-09 19:28:05.696016]: Using the local timmer to pretend to be NTP time. Data recorded
Local Time: 2023-10-09 18:28:05 [INFO] NTP Time: [2023-10-09 19:28:05.813283]: Using the local timmer to pretend to be NTP time. Data recorded
Local Time: 2023-10-09 18:28:05 [INFO] NTP Time: [2023-10-09 19:28:05.931275]: Using the local timmer to pretend to be NTP time. Data recorded
Local Time: 2023-10-09 18:28:06 [INFO] NTP Time: [2023-10-09 19:28:06.048796]: Using the local timmer to pretend to be NTP time. Data recorded
Local Time: 2023-10-09 18:28:06 [INFO] NTP Time: [2023-10-09 19:28:06.168618]: Using the local timmer to pretend to be NTP time. Data recorded
Local Time: 2023-10-09 18:28:06 [INFO] NTP Time: [2023-10-09 19:28:06.283840]: Using the local timmer to pretend to be NTP time. Data recorded
Local Time: 2023-10-09 18:28:06 [INFO] NTP Time: [2023-10-09 19:28:06.402904]: Using the local timmer to pretend to be NTP time. Data recorded
Local Time: 2023-10-09 18:28:06 [INFO] NTP Time: [2023-10-09 19:28:06.533382]: Using the local timmer to pretend to be NTP time. Data recorded
Local Time: 2023-10-09 18:28:06 [INFO] NTP Time: [2023-10-09 19:28:06.651365]: Using the local timmer to pretend to be NTP time. Data recorded
Local Time: 2023-10-09 18:28:06 [INFO] NTP Time: [2023-10-09 19:28:06.780387]: Using the local timmer to pretend to be NTP time. Data recorded
Local Time: 2023-10-09 18:28:06 [INFO] NTP Time: [2023-10-09 19:28:06.904200]: Using the local timmer to pretend to be NTP time. Data recorded
Local Time: 2023-10-09 18:28:07 [INFO] NTP Time: [2023-10-09 19:28:07.029325]: Using the local timmer to pretend to be NTP time. Data recorded
Local Time: 2023-10-09 18:28:07 [INFO] NTP Time: [2023-10-09 19:28:07.147479]: Using the local timmer to pretend to be NTP time. Data recorded
Local Time: 2023-10-09 18:28:07 [INFO] NTP Time: [2023-10-09 19:28:07.266376]: Using the local timmer to pretend to be NTP time. Data recorded
Local Time: 2023-10-09 18:28:07 [INFO] NTP Time: [2023-10-09 19:28:07.383325]: Using the local timmer to pretend to be NTP time. Data recorded
Local Time: 2023-10-09 18:28:07 [INFO] NTP Time: [2023-10-09 19:28:07.502630]: Using the local timmer to pretend to be NTP time. Data recorded
Local Time: 2023-10-09 18:28:07 [INFO] NTP Time: [2023-10-09 19:28:07.620681]: Using the local timmer to pretend to be NTP time. Data recorded
Local Time: 2023-10-09 18:28:07 [INFO] NTP Time: [2023-10-09 19:28:07.738507]: Using the local timmer to pretend to be NTP time. Data recorded
Local Time: 2023-10-09 18:28:07 [INFO] NTP Time: [2023-10-09 19:28:07.860164]: Using the local timmer to pretend to be NTP time. Data recorded
Local Time: 2023-10-09 18:28:07 [INFO] NTP Time: [2023-10-09 19:28:07.978322]: Using the local timmer to pretend to be NTP time. Data recorded
Local Time: 2023-10-09 18:28:08 [INFO] NTP Time: [2023-10-09 19:28:08.097406]: Using the local timmer to pretend to be NTP time. Data recorded
Local Time: 2023-10-09 18:28:08 [INFO] NTP Time: [2023-10-09 19:28:08.216035]: Using the local timmer to pretend to be NTP time. Data recorded
Local Time: 2023-10-09 18:28:08 [INFO] NTP Time: [2023-10-09 19:28:08.342799]: Using the local timmer to pretend to be NTP time. Data recorded
Local Time: 2023-10-09 18:28:08 [INFO] NTP Time: [2023-10-09 19:28:08.461190]: Using the local timmer to pretend to be NTP time. Data recorded
Local Time: 2023-10-09 18:28:08 [INFO] NTP Time: [2023-10-09 19:28:08.579602]: Using the local timmer to pretend to be NTP time. Data recorded
Local Time: 2023-10-09 18:28:08 [INFO] NTP Time: [2023-10-09 19:28:08.698399]: Using the local timmer to pretend to be NTP time. Data recorded
Local Time: 2023-10-09 18:28:08 [INFO] NTP Time: [2023-10-09 19:28:08.818306]: Using the local timmer to pretend to be NTP time. Data recorded
Local Time: 2023-10-09 18:28:08 [INFO] NTP Time: [2023-10-09 19:28:08.938995]: Using the local timmer to pretend to be NTP time. Data recorded
Local Time: 2023-10-09 18:28:09 [INFO] NTP Time: [2023-10-09 19:28:09.059318]: Using the local timmer to pretend to be NTP time. Data recorded
Local Time: 2023-10-09 18:28:09 [INFO] NTP Time: [2023-10-09 19:28:09.180477]: Using the local timmer to pretend to be NTP time. Data recorded
Local Time: 2023-10-09 18:28:09 [INFO] NTP Time: [2023-10-09 19:28:09.298717]: Using the local timmer to pretend to be NTP time. Data recorded
Local Time: 2023-10-09 18:28:09 [INFO] NTP Time: [2023-10-09 19:28:09.420332]: Using the local timmer to pretend to be NTP time. Data recorded
Local Time: 2023-10-09 18:28:09 [INFO] NTP Time: [2023-10-09 19:28:09.538978]: Using the local timmer to pretend to be NTP time. Data recorded
Local Time: 2023-10-09 18:28:09 [INFO] NTP Time: [2023-10-09 19:28:09.657108]: Using the local timmer to pretend to be NTP time. Data recorded
Local Time: 2023-10-09 18:28:09 [INFO] NTP Time: [2023-10-09 19:28:09.808718]: Using the local timmer to pretend to be NTP time. Data recorded
Local Time: 2023-10-09 18:28:09 [INFO] NTP Time: [2023-10-09 19:28:09.927510]: Using the local timmer to pretend to be NTP time. Data recorded
Local Time: 2023-10-09 18:28:10 [INFO] NTP Time: [2023-10-09 19:28:10.046673]: Using the local timmer to pretend to be NTP time. Data recorded
Local Time: 2023-10-09 18:28:10 [INFO] NTP Time: [2023-10-09 19:28:10.167009]: Using the local timmer to pretend to be NTP time. Data recorded
Local Time: 2023-10-09 18:28:10 [INFO] NTP Time: [2023-10-09 19:28:10.288868]: Using the local timmer to pretend to be NTP time. Data recorded
Local Time: 2023-10-09 18:28:10 [INFO] NTP Time: [2023-10-09 19:28:10.407343]: Using the local timmer to pretend to be NTP time. Data recorded
Local Time: 2023-10-09 18:28:10 [INFO] NTP Time: [2023-10-09 19:28:10.530010]: Using the local timmer to pretend to be NTP time. Data recorded
Local Time: 2023-10-09 18:28:10 [INFO] NTP Time: [2023-10-09 19:28:10.652496]: Using the local timmer to pretend to be NTP time. Data recorded
Local Time: 2023-10-09 18:28:10 [INFO] NTP Time: [2023-10-09 19:28:10.770854]: Using the local timmer to pretend to be NTP time. Data recorded
Local Time: 2023-10-09 18:28:10 [INFO] NTP Time: [2023-10-09 19:28:10.889434]: Using the local timmer to pretend to be NTP time. Data recorded
Local Time: 2023-10-09 18:28:11 [INFO] NTP Time: [2023-10-09 19:28:11.009059]: Using the local timmer to pretend to be NTP time. Data recorded
Local Time: 2023-10-09 18:28:11 [INFO] NTP Time: [2023-10-09 19:28:11.131518]: Using the local timmer to pretend to be NTP time. Data recorded
Local Time: 2023-10-09 18:28:11 [INFO] NTP Time: [2023-10-09 19:28:11.251691]: Using the local timmer to pretend to be NTP time. Data recorded
Local Time: 2023-10-09 18:28:11 [INFO] NTP Time: [2023-10-09 19:28:11.372721]: Using the local timmer to pretend to be NTP time. Data recorded
Local Time: 2023-10-09 18:28:11 [INFO] NTP Time: [2023-10-09 19:28:11.493379]: Using the local timmer to pretend to be NTP time. Data recorded
Local Time: 2023-10-09 18:28:11 [INFO] NTP Time: [2023-10-09 19:28:11.612598]: Using the local timmer to pretend to be NTP time. Data recorded
Local Time: 2023-10-09 18:28:11 [INFO] NTP Time: [2023-10-09 19:28:11.742721]: Using the local timmer to pretend to be NTP time. Data recorded
Local Time: 2023-10-09 18:28:11 [INFO] NTP Time: [2023-10-09 19:28:11.868053]: Using the local timmer to pretend to be NTP time. Data recorded
Local Time: 2023-10-09 18:28:11 [INFO] NTP Time: [2023-10-09 19:28:11.990524]: Using the local timmer to pretend to be NTP time. Data recorded
Local Time: 2023-10-09 18:28:12 [INFO] NTP Time: [2023-10-09 19:28:12.115968]: Using the local timmer to pretend to be NTP time. Data recorded
Local Time: 2023-10-09 18:28:12 [INFO] NTP Time: [2023-10-09 19:28:12.235138]: Using the local timmer to pretend to be NTP time. Data recorded
Local Time: 2023-10-09 18:28:12 [INFO] NTP Time: [2023-10-09 19:28:12.359140]: Using the local timmer to pretend to be NTP time. Data recorded
Local Time: 2023-10-09 18:28:12 [INFO] NTP Time: [2023-10-09 19:28:12.481448]: Using the local timmer to pretend to be NTP time. Data recorded
Local Time: 2023-10-09 18:28:12 [INFO] NTP Time: [2023-10-09 19:28:12.603575]: Using the local timmer to pretend to be NTP time. Data recorded
Local Time: 2023-10-09 18:28:12 [INFO] NTP Time: [2023-10-09 19:28:12.727897]: Using the local timmer to pretend to be NTP time. Data recorded
Local Time: 2023-10-09 18:28:12 [INFO] NTP Time: [2023-10-09 19:28:12.850503]: Using the local timmer to pretend to be NTP time. Data recorded
Local Time: 2023-10-09 18:28:12 [INFO] NTP Time: [2023-10-09 19:28:12.971581]: Using the local timmer to pretend to be NTP time. Data recorded
Local Time: 2023-10-09 18:28:13 [INFO] NTP Time: [2023-10-09 19:28:13.098078]: Using the local timmer to pretend to be NTP time. Data recorded
Local Time: 2023-10-09 18:28:13 [INFO] NTP Time: [2023-10-09 19:28:13.219977]: Using the local timmer to pretend to be NTP time. Data recorded
Local Time: 2023-10-09 18:28:13 [INFO] NTP Time: [2023-10-09 19:28:13.344586]: Using the local timmer to pretend to be NTP time. Data recorded
Local Time: 2023-10-09 18:28:13 [INFO] NTP Time: [2023-10-09 19:28:13.468431]: Using the local timmer to pretend to be NTP time. Data recorded
Local Time: 2023-10-09 18:28:13 [INFO] NTP Time: [2023-10-09 19:28:13.594053]: Using the local timmer to pretend to be NTP time. Data recorded
Local Time: 2023-10-09 18:28:13 [INFO] NTP Time: [2023-10-09 19:28:13.713217]: Using the local timmer to pretend to be NTP time. Data recorded
Local Time: 2023-10-09 18:28:13 [INFO] NTP Time: [2023-10-09 19:28:13.834519]: Using the local timmer to pretend to be NTP time. Data recorded
Local Time: 2023-10-09 18:28:13 [INFO] NTP Time: [2023-10-09 19:28:13.961974]: Using the local timmer to pretend to be NTP time. Data recorded
Local Time: 2023-10-09 18:28:14 [INFO] NTP Time: [2023-10-09 19:28:14.105442]: Using the local timmer to pretend to be NTP time. Data recorded
Local Time: 2023-10-09 18:28:14 [INFO] NTP Time: [2023-10-09 19:28:14.225738]: Using the local timmer to pretend to be NTP time. Data recorded
Local Time: 2023-10-09 18:28:14 [INFO] NTP Time: [2023-10-09 19:28:14.351549]: Using the local timmer to pretend to be NTP time. Data recorded
Local Time: 2023-10-09 18:28:14 [INFO] NTP Time: [2023-10-09 19:28:14.480399]: Using the local timmer to pretend to be NTP time. Data recorded
Local Time: 2023-10-09 18:28:14 [INFO] NTP Time: [2023-10-09 19:28:14.606389]: Using the local timmer to pretend to be NTP time. Data recorded
Local Time: 2023-10-09 18:28:14 [INFO] NTP Time: [2023-10-09 19:28:14.731161]: Using the local timmer to pretend to be NTP time. Data recorded
Local Time: 2023-10-09 18:28:14 [INFO] NTP Time: [2023-10-09 19:28:14.858780]: Using the local timmer to pretend to be NTP time. Data recorded
Local Time: 2023-10-09 18:28:14 [INFO] NTP Time: [2023-10-09 19:28:14.980368]: Using the local timmer to pretend to be NTP time. Data recorded
Local Time: 2023-10-09 18:28:15 [INFO] NTP Time: [2023-10-09 19:28:15.105218]: Using the local timmer to pretend to be NTP time. Data recorded
Local Time: 2023-10-09 18:28:15 [INFO] NTP Time: [2023-10-09 19:28:15.227068]: Using the local timmer to pretend to be NTP time. Data recorded
Local Time: 2023-10-09 18:28:15 [INFO] NTP Time: [2023-10-09 19:28:15.349121]: Using the local timmer to pretend to be NTP time. Data recorded
Local Time: 2023-10-09 18:28:15 [INFO] NTP Time: [2023-10-09 19:28:15.472794]: Using the local timmer to pretend to be NTP time. Data recorded
Local Time: 2023-10-09 18:28:15 [INFO] NTP Time: [2023-10-09 19:28:15.602445]: Using the local timmer to pretend to be NTP time. Data recorded
Local Time: 2023-10-09 18:28:15 [INFO] NTP Time: [2023-10-09 19:28:15.727386]: Using the local timmer to pretend to be NTP time. Data recorded
Local Time: 2023-10-09 18:28:15 [INFO] NTP Time: [2023-10-09 19:28:15.853181]: Using the local timmer to pretend to be NTP time. Data recorded
Local Time: 2023-10-09 18:28:15 [INFO] NTP Time: [2023-10-09 19:28:15.976837]: Using the local timmer to pretend to be NTP time. Data recorded
Local Time: 2023-10-09 18:28:16 [INFO] NTP Time: [2023-10-09 19:28:16.101480]: Using the local timmer to pretend to be NTP time. Data recorded
Local Time: 2023-10-09 18:28:16 [INFO] NTP Time: [2023-10-09 19:28:16.222846]: Using the local timmer to pretend to be NTP time. Data recorded
Local Time: 2023-10-09 18:28:16 [INFO] NTP Time: [2023-10-09 19:28:16.342883]: Using the local timmer to pretend to be NTP time. Data recorded
Local Time: 2023-10-09 18:28:16 [INFO] NTP Time: [2023-10-09 19:28:16.464031]: Using the local timmer to pretend to be NTP time. Data recorded
Local Time: 2023-10-09 18:28:16 [INFO] NTP Time: [2023-10-09 19:28:16.587292]: Using the local timmer to pretend to be NTP time. Data recorded
Local Time: 2023-10-09 18:28:16 [INFO] NTP Time: [2023-10-09 19:28:16.708574]: Using the local timmer to pretend to be NTP time. Data recorded
Local Time: 2023-10-09 18:28:16 [INFO] NTP Time: [2023-10-09 19:28:16.830908]: Using the local timmer to pretend to be NTP time. Data recorded
Local Time: 2023-10-09 18:28:16 [INFO] NTP Time: [2023-10-09 19:28:16.954233]: Using the local timmer to pretend to be NTP time. Data recorded
Local Time: 2023-10-09 18:28:17 [INFO] NTP Time: [2023-10-09 19:28:17.076867]: Using the local timmer to pretend to be NTP time. Data recorded
Local Time: 2023-10-09 18:28:17 [INFO] NTP Time: [2023-10-09 19:28:17.275426]: Using the local timmer to pretend to be NTP time. Data recorded
Local Time: 2023-10-09 18:28:17 [INFO] NTP Time: [2023-10-09 19:28:17.421154]: Using the local timmer to pretend to be NTP time. Data recorded
Local Time: 2023-10-09 18:28:17 [INFO] NTP Time: [2023-10-09 19:28:17.557181]: Using the local timmer to pretend to be NTP time. Data recorded
Local Time: 2023-10-09 18:28:17 [INFO] NTP Time: [2023-10-09 19:28:17.682125]: Using the local timmer to pretend to be NTP time. Data recorded
Local Time: 2023-10-09 18:28:17 [INFO] NTP Time: [2023-10-09 19:28:17.807051]: Using the local timmer to pretend to be NTP time. Data recorded
Local Time: 2023-10-09 18:28:17 [INFO] NTP Time: [2023-10-09 19:28:17.930470]: Using the local timmer to pretend to be NTP time. Data recorded
Local Time: 2023-10-09 18:28:18 [INFO] NTP Time: [2023-10-09 19:28:18.054696]: Using the local timmer to pretend to be NTP time. Data recorded
Local Time: 2023-10-09 18:28:18 [INFO] NTP Time: [2023-10-09 19:28:18.176210]: Using the local timmer to pretend to be NTP time. Data recorded
Local Time: 2023-10-09 18:28:18 [INFO] NTP Time: [2023-10-09 19:28:18.301897]: Using the local timmer to pretend to be NTP time. Data recorded
Local Time: 2023-10-09 18:28:18 [INFO] NTP Time: [2023-10-09 19:28:18.430186]: Using the local timmer to pretend to be NTP time. Data recorded
Local Time: 2023-10-09 18:28:18 [INFO] NTP Time: [2023-10-09 19:28:18.553018]: Using the local timmer to pretend to be NTP time. Data recorded
Local Time: 2023-10-09 18:28:18 [INFO] NTP Time: [2023-10-09 19:28:18.679901]: Using the local timmer to pretend to be NTP time. Data recorded
Local Time: 2023-10-09 18:28:18 [INFO] NTP Time: [2023-10-09 19:28:18.812920]: Using the local timmer to pretend to be NTP time. Data recorded
Local Time: 2023-10-09 18:28:18 [INFO] NTP Time: [2023-10-09 19:28:18.934554]: Using the local timmer to pretend to be NTP time. Data recorded
Local Time: 2023-10-09 18:28:19 [INFO] NTP Time: [2023-10-09 19:28:19.059483]: Using the local timmer to pretend to be NTP time. Data recorded
Local Time: 2023-10-09 18:28:19 [INFO] NTP Time: [2023-10-09 19:28:19.181225]: Using the local timmer to pretend to be NTP time. Data recorded
Local Time: 2023-10-09 18:28:19 [INFO] NTP Time: [2023-10-09 19:28:19.302122]: Using the local timmer to pretend to be NTP time. Data recorded
Local Time: 2023-10-09 18:28:19 [INFO] NTP Time: [2023-10-09 19:28:19.453429]: Using the local timmer to pretend to be NTP time. Data recorded
Local Time: 2023-10-09 18:28:19 [INFO] NTP Time: [2023-10-09 19:28:19.576583]: Using the local timmer to pretend to be NTP time. Data recorded
Local Time: 2023-10-09 18:28:19 [INFO] NTP Time: [2023-10-09 19:28:19.699647]: Using the local timmer to pretend to be NTP time. Data recorded
Local Time: 2023-10-09 18:28:19 [INFO] NTP Time: [2023-10-09 19:28:19.821946]: Using the local timmer to pretend to be NTP time. Data recorded
Local Time: 2023-10-09 18:28:19 [INFO] NTP Time: [2023-10-09 19:28:19.946081]: Using the local timmer to pretend to be NTP time. Data recorded
Local Time: 2023-10-09 18:28:20 [INFO] NTP Time: [2023-10-09 19:28:20.066119]: Using the local timmer to pretend to be NTP time. Data recorded
Local Time: 2023-10-09 18:28:20 [INFO] NTP Time: [2023-10-09 19:28:20.189047]: Using the local timmer to pretend to be NTP time. Data recorded
Local Time: 2023-10-09 18:28:20 [INFO] NTP Time: [2023-10-09 19:28:20.336838]: Using the local timmer to pretend to be NTP time. Data recorded
Local Time: 2023-10-09 18:28:20 [INFO] NTP Time: [2023-10-09 19:28:20.459949]: Using the local timmer to pretend to be NTP time. Data recorded
Local Time: 2023-10-09 18:28:20 [INFO] NTP Time: [2023-10-09 19:28:20.601586]: Using the local timmer to pretend to be NTP time. Data recorded
Local Time: 2023-10-09 18:28:20 [INFO] NTP Time: [2023-10-09 19:28:20.723747]: Using the local timmer to pretend to be NTP time. Data recorded
Local Time: 2023-10-09 18:28:20 [INFO] NTP Time: [2023-10-09 19:28:20.877925]: Using the local timmer to pretend to be NTP time. Data recorded
Local Time: 2023-10-09 18:28:21 [INFO] NTP Time: [2023-10-09 19:28:20.998783]: Using the local timmer to pretend to be NTP time. Data recorded
Local Time: 2023-10-09 18:28:21 [INFO] NTP Time: [2023-10-09 19:28:21.124649]: Using the local timmer to pretend to be NTP time. Data recorded
Local Time: 2023-10-09 18:28:21 [INFO] NTP Time: [2023-10-09 19:28:21.245552]: Using the local timmer to pretend to be NTP time. Data recorded
Local Time: 2023-10-09 18:28:21 [INFO] NTP Time: [2023-10-09 19:28:21.374058]: Using the local timmer to pretend to be NTP time. Data recorded
Local Time: 2023-10-09 18:28:21 [INFO] NTP Time: [2023-10-09 19:28:21.497350]: Using the local timmer to pretend to be NTP time. Data recorded
Local Time: 2023-10-09 18:28:21 [INFO] NTP Time: [2023-10-09 19:28:21.626807]: Using the local timmer to pretend to be NTP time. Data recorded
Local Time: 2023-10-09 18:28:21 [INFO] NTP Time: [2023-10-09 19:28:21.753028]: Using the local timmer to pretend to be NTP time. Data recorded
Local Time: 2023-10-09 18:28:21 [INFO] NTP Time: [2023-10-09 19:28:21.879694]: Using the local timmer to pretend to be NTP time. Data recorded
Local Time: 2023-10-09 18:28:22 [INFO] NTP Time: [2023-10-09 19:28:22.004895]: Using the local timmer to pretend to be NTP time. Data recorded
Local Time: 2023-10-09 18:28:22 [INFO] NTP Time: [2023-10-09 19:28:22.128961]: Using the local timmer to pretend to be NTP time. Data recorded
Local Time: 2023-10-09 18:28:22 [INFO] NTP Time: [2023-10-09 19:28:22.251555]: Using the local timmer to pretend to be NTP time. Data recorded
Local Time: 2023-10-09 18:28:22 [INFO] NTP Time: [2023-10-09 19:28:22.377743]: Using the local timmer to pretend to be NTP time. Data recorded
Local Time: 2023-10-09 18:28:22 [INFO] NTP Time: [2023-10-09 19:28:22.500667]: Using the local timmer to pretend to be NTP time. Data recorded
Local Time: 2023-10-09 18:28:22 [INFO] NTP Time: [2023-10-09 19:28:22.627413]: Using the local timmer to pretend to be NTP time. Data recorded
Local Time: 2023-10-09 18:28:22 [INFO] NTP Time: [2023-10-09 19:28:22.749597]: Using the local timmer to pretend to be NTP time. Data recorded
Local Time: 2023-10-09 18:28:22 [INFO] NTP Time: [2023-10-09 19:28:22.879868]: Using the local timmer to pretend to be NTP time. Data recorded
Local Time: 2023-10-09 18:28:23 [INFO] NTP Time: [2023-10-09 19:28:23.008832]: Using the local timmer to pretend to be NTP time. Data recorded
Local Time: 2023-10-09 18:28:23 [INFO] NTP Time: [2023-10-09 19:28:23.132216]: Using the local timmer to pretend to be NTP time. Data recorded
Local Time: 2023-10-09 18:28:23 [INFO] NTP Time: [2023-10-09 19:28:23.259112]: Using the local timmer to pretend to be NTP time. Data recorded
Local Time: 2023-10-09 18:28:23 [INFO] NTP Time: [2023-10-09 19:28:23.385054]: Using the local timmer to pretend to be NTP time. Data recorded
Local Time: 2023-10-09 18:28:23 [INFO] NTP Time: [2023-10-09 19:28:23.507367]: Using the local timmer to pretend to be NTP time. Data recorded
Local Time: 2023-10-09 18:28:23 [INFO] NTP Time: [2023-10-09 19:28:23.630533]: Using the local timmer to pretend to be NTP time. Data recorded
Local Time: 2023-10-09 18:28:23 [INFO] NTP Time: [2023-10-09 19:28:23.758461]: Using the local timmer to pretend to be NTP time. Data recorded
Local Time: 2023-10-09 18:28:23 [INFO] NTP Time: [2023-10-09 19:28:23.885138]: Using the local timmer to pretend to be NTP time. Data recorded
Local Time: 2023-10-09 18:28:24 [INFO] NTP Time: [2023-10-09 19:28:24.006015]: Using the local timmer to pretend to be NTP time. Data recorded
Local Time: 2023-10-09 18:28:24 [INFO] NTP Time: [2023-10-09 19:28:24.137102]: Using the local timmer to pretend to be NTP time. Data recorded
Local Time: 2023-10-09 18:28:24 [INFO] NTP Time: [2023-10-09 19:28:24.258991]: Using the local timmer to pretend to be NTP time. Data recorded
Local Time: 2023-10-09 18:28:24 [INFO] NTP Time: [2023-10-09 19:28:24.383100]: Using the local timmer to pretend to be NTP time. Data recorded
Local Time: 2023-10-09 18:28:24 [INFO] NTP Time: [2023-10-09 19:28:24.540025]: Using the local timmer to pretend to be NTP time. Data recorded
Local Time: 2023-10-09 18:28:24 [INFO] NTP Time: [2023-10-09 19:28:24.664844]: Using the local timmer to pretend to be NTP time. Data recorded
Local Time: 2023-10-09 18:28:24 [INFO] NTP Time: [2023-10-09 19:28:24.800856]: Using the local timmer to pretend to be NTP time. Data recorded
Local Time: 2023-10-09 18:28:24 [INFO] NTP Time: [2023-10-09 19:28:24.922242]: Using the local timmer to pretend to be NTP time. Data recorded
Local Time: 2023-10-09 18:28:25 [INFO] NTP Time: [2023-10-09 19:28:25.048427]: Using the local timmer to pretend to be NTP time. Data recorded
Local Time: 2023-10-09 18:28:25 [INFO] NTP Time: [2023-10-09 19:28:25.173473]: Using the local timmer to pretend to be NTP time. Data recorded
Local Time: 2023-10-09 18:28:25 [INFO] NTP Time: [2023-10-09 19:28:25.310976]: Using the local timmer to pretend to be NTP time. Data recorded
Local Time: 2023-10-09 18:28:25 [INFO] NTP Time: [2023-10-09 19:28:25.436552]: Using the local timmer to pretend to be NTP time. Data recorded
Local Time: 2023-10-09 18:28:25 [INFO] NTP Time: [2023-10-09 19:28:25.571640]: Using the local timmer to pretend to be NTP time. Data recorded
Local Time: 2023-10-09 18:28:25 [INFO] NTP Time: [2023-10-09 19:28:25.699751]: Using the local timmer to pretend to be NTP time. Data recorded
Local Time: 2023-10-09 18:28:25 [INFO] NTP Time: [2023-10-09 19:28:25.843151]: Using the local timmer to pretend to be NTP time. Data recorded
Local Time: 2023-10-09 18:28:25 [INFO] NTP Time: [2023-10-09 19:28:25.968918]: Using the local timmer to pretend to be NTP time. Data recorded
Local Time: 2023-10-09 18:28:26 [INFO] NTP Time: [2023-10-09 19:28:26.102150]: Using the local timmer to pretend to be NTP time. Data recorded
Local Time: 2023-10-09 18:28:26 [INFO] NTP Time: [2023-10-09 19:28:26.227416]: Using the local timmer to pretend to be NTP time. Data recorded
Local Time: 2023-10-09 18:28:26 [INFO] NTP Time: [2023-10-09 19:28:26.380877]: Using the local timmer to pretend to be NTP time. Data recorded
Local Time: 2023-10-09 18:28:26 [INFO] NTP Time: [2023-10-09 19:28:26.504517]: Using the local timmer to pretend to be NTP time. Data recorded
Local Time: 2023-10-09 18:28:26 [INFO] NTP Time: [2023-10-09 19:28:26.635729]: Using the local timmer to pretend to be NTP time. Data recorded
Local Time: 2023-10-09 18:28:26 [INFO] NTP Time: [2023-10-09 19:28:26.760032]: Using the local timmer to pretend to be NTP time. Data recorded
Local Time: 2023-10-09 18:28:26 [INFO] NTP Time: [2023-10-09 19:28:26.925802]: Using the local timmer to pretend to be NTP time. Data recorded
Local Time: 2023-10-09 18:28:27 [INFO] NTP Time: [2023-10-09 19:28:27.052513]: Using the local timmer to pretend to be NTP time. Data recorded
Local Time: 2023-10-09 18:28:27 [INFO] NTP Time: [2023-10-09 19:28:27.175783]: Using the local timmer to pretend to be NTP time. Data recorded
Local Time: 2023-10-09 18:28:27 [INFO] NTP Time: [2023-10-09 19:28:27.304713]: Using the local timmer to pretend to be NTP time. Data recorded
Local Time: 2023-10-09 18:28:27 [INFO] NTP Time: [2023-10-09 19:28:27.428694]: Using the local timmer to pretend to be NTP time. Data recorded
Local Time: 2023-10-09 18:28:27 [INFO] NTP Time: [2023-10-09 19:28:27.553025]: Using the local timmer to pretend to be NTP time. Data recorded
Local Time: 2023-10-09 18:28:27 [INFO] NTP Time: [2023-10-09 19:28:27.682605]: Using the local timmer to pretend to be NTP time. Data recorded
Local Time: 2023-10-09 18:28:27 [INFO] NTP Time: [2023-10-09 19:28:27.823968]: Using the local timmer to pretend to be NTP time. Data recorded
Local Time: 2023-10-09 18:28:27 [INFO] NTP Time: [2023-10-09 19:28:27.947905]: Using the local timmer to pretend to be NTP time. Data recorded
Local Time: 2023-10-09 18:28:28 [INFO] NTP Time: [2023-10-09 19:28:28.102071]: Using the local timmer to pretend to be NTP time. Data recorded
Local Time: 2023-10-09 18:28:28 [INFO] NTP Time: [2023-10-09 19:28:28.232953]: Using the local timmer to pretend to be NTP time. Data recorded
Local Time: 2023-10-09 18:28:28 [INFO] NTP Time: [2023-10-09 19:28:28.384602]: Using the local timmer to pretend to be NTP time. Data recorded
Local Time: 2023-10-09 18:28:28 [INFO] NTP Time: [2023-10-09 19:28:28.512332]: Using the local timmer to pretend to be NTP time. Data recorded
Local Time: 2023-10-09 18:28:28 [INFO] NTP Time: [2023-10-09 19:28:28.667407]: Using the local timmer to pretend to be NTP time. Data recorded
Local Time: 2023-10-09 18:28:28 [INFO] NTP Time: [2023-10-09 19:28:28.792588]: Using the local timmer to pretend to be NTP time. Data recorded
Local Time: 2023-10-09 18:28:29 [INFO] NTP Time: [2023-10-09 19:28:29.062261]: Using the local timmer to pretend to be NTP time. Data recorded
Local Time: 2023-10-09 18:28:29 [INFO] NTP Time: [2023-10-09 19:28:29.184335]: Using the local timmer to pretend to be NTP time. Data recorded
Local Time: 2023-10-09 18:28:29 [INFO] NTP Time: [2023-10-09 19:28:29.348671]: Using the local timmer to pretend to be NTP time. Data recorded
Local Time: 2023-10-09 18:28:29 [INFO] NTP Time: [2023-10-09 19:28:29.475667]: Using the local timmer to pretend to be NTP time. Data recorded
Local Time: 2023-10-09 18:28:29 [INFO] NTP Time: [2023-10-09 19:28:29.649153]: Using the local timmer to pretend to be NTP time. Data recorded
Local Time: 2023-10-09 18:28:29 [INFO] NTP Time: [2023-10-09 19:28:29.771892]: Using the local timmer to pretend to be NTP time. Data recorded
Local Time: 2023-10-09 18:28:29 [INFO] NTP Time: [2023-10-09 19:28:29.931152]: Using the local timmer to pretend to be NTP time. Data recorded
Local Time: 2023-10-09 18:28:30 [INFO] NTP Time: [2023-10-09 19:28:30.059698]: Using the local timmer to pretend to be NTP time. Data recorded
Local Time: 2023-10-09 18:28:30 [INFO] NTP Time: [2023-10-09 19:28:30.219333]: Using the local timmer to pretend to be NTP time. Data recorded
Local Time: 2023-10-09 18:28:30 [INFO] NTP Time: [2023-10-09 19:28:30.344274]: Using the local timmer to pretend to be NTP time. Data recorded
Local Time: 2023-10-09 18:28:30 [INFO] NTP Time: [2023-10-09 19:28:30.519632]: Using the local timmer to pretend to be NTP time. Data recorded
Local Time: 2023-10-09 18:28:31 [INFO] NTP Time: [2023-10-09 19:28:31.238663]: Using the local timmer to pretend to be NTP time. Data recorded
Local Time: 2023-10-09 18:28:31 [INFO] NTP Time: [2023-10-09 19:28:31.460744]: Using the local timmer to pretend to be NTP time. Data recorded
Local Time: 2023-10-09 18:28:32 [INFO] NTP Time: [2023-10-09 19:28:32.339041]: Using the local timmer to pretend to be NTP time. Data recorded
Local Time: 2023-10-09 18:28:32 [INFO] NTP Time: [2023-10-09 19:28:32.991700]: Using the local timmer to pretend to be NTP time. Data recorded
Local Time: 2023-10-09 18:28:33 [INFO] NTP Time: [2023-10-09 19:28:33.788163]: Using the local timmer to pretend to be NTP time. Data recorded
Local Time: 2023-10-09 18:28:33 [INFO] NTP Time: [2023-10-09 19:28:33.912098]: Using the local timmer to pretend to be NTP time. Data recorded
Local Time: 2023-10-09 18:28:34 [INFO] NTP Time: [2023-10-09 19:28:34.357356]: Using the local timmer to pretend to be NTP time. Data recorded
Local Time: 2023-10-09 18:28:34 [INFO] NTP Time: [2023-10-09 19:28:34.575617]: Using the local timmer to pretend to be NTP time. Data recorded
Local Time: 2023-10-09 18:28:34 [INFO] NTP Time: [2023-10-09 19:28:34.700143]: Using the local timmer to pretend to be NTP time. Data recorded
Local Time: 2023-10-09 18:28:34 [INFO] NTP Time: [2023-10-09 19:28:34.956547]: Using the local timmer to pretend to be NTP time. Data recorded
Local Time: 2023-10-09 18:28:35 [INFO] NTP Time: [2023-10-09 19:28:35.083619]: Using the local timmer to pretend to be NTP time. Data recorded
Local Time: 2023-10-09 18:28:35 [INFO] NTP Time: [2023-10-09 19:28:35.384484]: Using the local timmer to pretend to be NTP time. Data recorded
Local Time: 2023-10-09 18:28:35 [INFO] NTP Time: [2023-10-09 19:28:35.513529]: Using the local timmer to pretend to be NTP time. Data recorded
Local Time: 2023-10-09 18:28:35 [INFO] NTP Time: [2023-10-09 19:28:35.691810]: Using the local timmer to pretend to be NTP time. Data recorded
Local Time: 2023-10-09 18:28:35 [INFO] NTP Time: [2023-10-09 19:28:35.820545]: Using the local timmer to pretend to be NTP time. Data recorded
Local Time: 2023-10-09 18:28:35 [INFO] NTP Time: [2023-10-09 19:28:35.991263]: Using the local timmer to pretend to be NTP time. Data recorded
Local Time: 2023-10-09 18:28:36 [INFO] NTP Time: [2023-10-09 19:28:36.123760]: Using the local timmer to pretend to be NTP time. Data recorded
Local Time: 2023-10-09 18:28:36 [INFO] NTP Time: [2023-10-09 19:28:36.322766]: Using the local timmer to pretend to be NTP time. Data recorded
Local Time: 2023-10-09 18:28:36 [INFO] NTP Time: [2023-10-09 19:28:36.450562]: Using the local timmer to pretend to be NTP time. Data recorded
Local Time: 2023-10-09 18:28:36 [INFO] NTP Time: [2023-10-09 19:28:36.641491]: Using the local timmer to pretend to be NTP time. Data recorded
Local Time: 2023-10-09 18:28:36 [INFO] NTP Time: [2023-10-09 19:28:36.770051]: Using the local timmer to pretend to be NTP time. Data recorded
Local Time: 2023-10-09 18:28:37 [INFO] NTP Time: [2023-10-09 19:28:37.071443]: Using the local timmer to pretend to be NTP time. Data recorded
Local Time: 2023-10-09 18:28:37 [INFO] NTP Time: [2023-10-09 19:28:37.197957]: Using the local timmer to pretend to be NTP time. Data recorded
Local Time: 2023-10-09 18:28:37 [INFO] NTP Time: [2023-10-09 19:28:37.403656]: Using the local timmer to pretend to be NTP time. Data recorded
Local Time: 2023-10-09 18:28:37 [INFO] NTP Time: [2023-10-09 19:28:37.530503]: Using the local timmer to pretend to be NTP time. Data recorded
Local Time: 2023-10-09 18:28:37 [INFO] NTP Time: [2023-10-09 19:28:37.723576]: Using the local timmer to pretend to be NTP time. Data recorded
Local Time: 2023-10-09 18:28:37 [INFO] NTP Time: [2023-10-09 19:28:37.855885]: Using the local timmer to pretend to be NTP time. Data recorded
Local Time: 2023-10-09 18:28:38 [INFO] NTP Time: [2023-10-09 19:28:38.038422]: Using the local timmer to pretend to be NTP time. Data recorded
Local Time: 2023-10-09 18:28:38 [INFO] NTP Time: [2023-10-09 19:28:38.169610]: Using the local timmer to pretend to be NTP time. Data recorded
Local Time: 2023-10-09 18:28:38 [INFO] NTP Time: [2023-10-09 19:28:38.363306]: Using the local timmer to pretend to be NTP time. Data recorded
Local Time: 2023-10-09 18:28:38 [INFO] NTP Time: [2023-10-09 19:28:38.486020]: Using the local timmer to pretend to be NTP time. Data recorded
Local Time: 2023-10-09 18:28:38 [INFO] NTP Time: [2023-10-09 19:28:38.801422]: Using the local timmer to pretend to be NTP time. Data recorded
Local Time: 2023-10-09 18:28:38 [INFO] NTP Time: [2023-10-09 19:28:38.927796]: Using the local timmer to pretend to be NTP time. Data recorded
Local Time: 2023-10-09 18:28:39 [INFO] NTP Time: [2023-10-09 19:28:39.117791]: Using the local timmer to pretend to be NTP time. Data recorded
Local Time: 2023-10-09 18:28:39 [INFO] NTP Time: [2023-10-09 19:28:39.248561]: Using the local timmer to pretend to be NTP time. Data recorded
Local Time: 2023-10-09 18:28:39 [INFO] NTP Time: [2023-10-09 19:28:39.442407]: Using the local timmer to pretend to be NTP time. Data recorded
Local Time: 2023-10-09 18:28:40 [INFO] NTP Time: [2023-10-09 19:28:40.064616]: Using the local timmer to pretend to be NTP time. Data recorded
Local Time: 2023-10-09 18:28:40 [INFO] NTP Time: [2023-10-09 19:28:40.191297]: Using the local timmer to pretend to be NTP time. Data recorded
Local Time: 2023-10-09 18:28:40 [INFO] NTP Time: [2023-10-09 19:28:40.436819]: Using the local timmer to pretend to be NTP time. Data recorded
Local Time: 2023-10-09 18:28:40 [INFO] NTP Time: [2023-10-09 19:28:40.564203]: Using the local timmer to pretend to be NTP time. Data recorded
Local Time: 2023-10-09 18:28:40 [INFO] NTP Time: [2023-10-09 19:28:40.785314]: Using the local timmer to pretend to be NTP time. Data recorded
Local Time: 2023-10-09 18:28:41 [INFO] NTP Time: [2023-10-09 19:28:41.128016]: Using the local timmer to pretend to be NTP time. Data recorded
Local Time: 2023-10-09 18:28:41 [INFO] NTP Time: [2023-10-09 19:28:41.257677]: Using the local timmer to pretend to be NTP time. Data recorded
Local Time: 2023-10-09 18:28:41 [INFO] NTP Time: [2023-10-09 19:28:41.391852]: Using the local timmer to pretend to be NTP time. Data recorded
Local Time: 2023-10-09 18:28:41 [INFO] NTP Time: [2023-10-09 19:28:41.515561]: Using the local timmer to pretend to be NTP time. Data recorded
Local Time: 2023-10-09 18:28:41 [INFO] NTP Time: [2023-10-09 19:28:41.696802]: Using the local timmer to pretend to be NTP time. Data recorded
Local Time: 2023-10-09 18:28:41 [INFO] NTP Time: [2023-10-09 19:28:41.824453]: Using the local timmer to pretend to be NTP time. Data recorded
Local Time: 2023-10-09 18:28:42 [INFO] NTP Time: [2023-10-09 19:28:42.132362]: Using the local timmer to pretend to be NTP time. Data recorded
Local Time: 2023-10-09 18:28:42 [INFO] NTP Time: [2023-10-09 19:28:42.871886]: Using the local timmer to pretend to be NTP time. Data recorded
Local Time: 2023-10-09 18:28:43 [INFO] NTP Time: [2023-10-09 19:28:42.998236]: Using the local timmer to pretend to be NTP time. Data recorded
Local Time: 2023-10-09 18:28:43 [INFO] NTP Time: [2023-10-09 19:28:43.131052]: Using the local timmer to pretend to be NTP time. Data recorded
Local Time: 2023-10-09 18:28:43 [INFO] NTP Time: [2023-10-09 19:28:43.260628]: Using the local timmer to pretend to be NTP time. Data recorded
Local Time: 2023-10-09 18:28:43 [INFO] NTP Time: [2023-10-09 19:28:43.418584]: Using the local timmer to pretend to be NTP time. Data recorded
Local Time: 2023-10-09 18:28:43 [INFO] NTP Time: [2023-10-09 19:28:43.549368]: Using the local timmer to pretend to be NTP time. Data recorded
Local Time: 2023-10-09 18:28:43 [INFO] NTP Time: [2023-10-09 19:28:43.885681]: Using the local timmer to pretend to be NTP time. Data recorded
Local Time: 2023-10-09 18:28:44 [INFO] NTP Time: [2023-10-09 19:28:44.015846]: Using the local timmer to pretend to be NTP time. Data recorded
Local Time: 2023-10-09 18:28:44 [INFO] NTP Time: [2023-10-09 19:28:44.215948]: Using the local timmer to pretend to be NTP time. Data recorded
Local Time: 2023-10-09 18:28:44 [INFO] NTP Time: [2023-10-09 19:28:44.994894]: Using the local timmer to pretend to be NTP time. Data recorded
Local Time: 2023-10-09 18:28:45 [INFO] NTP Time: [2023-10-09 19:28:45.820954]: Using the local timmer to pretend to be NTP time. Data recorded
Local Time: 2023-10-09 18:28:46 [INFO] NTP Time: [2023-10-09 19:28:46.596616]: Using the local timmer to pretend to be NTP time. Data recorded
Local Time: 2023-10-09 18:28:47 [INFO] NTP Time: [2023-10-09 19:28:47.343404]: Using the local timmer to pretend to be NTP time. Data recorded
Local Time: 2023-10-09 18:28:47 [INFO] NTP Time: [2023-10-09 19:28:47.470707]: Using the local timmer to pretend to be NTP time. Data recorded
Local Time: 2023-10-09 18:28:47 [INFO] NTP Time: [2023-10-09 19:28:47.723271]: Using the local timmer to pretend to be NTP time. Data recorded
Local Time: 2023-10-09 18:28:47 [INFO] NTP Time: [2023-10-09 19:28:47.852253]: Using the local timmer to pretend to be NTP time. Data recorded
Local Time: 2023-10-09 18:28:48 [INFO] NTP Time: [2023-10-09 19:28:48.180300]: Using the local timmer to pretend to be NTP time. Data recorded
Local Time: 2023-10-09 18:28:48 [INFO] NTP Time: [2023-10-09 19:28:48.309503]: Using the local timmer to pretend to be NTP time. Data recorded
Local Time: 2023-10-09 18:28:48 [INFO] NTP Time: [2023-10-09 19:28:48.518781]: Using the local timmer to pretend to be NTP time. Data recorded
Local Time: 2023-10-09 18:28:48 [INFO] NTP Time: [2023-10-09 19:28:48.648465]: Using the local timmer to pretend to be NTP time. Data recorded
Local Time: 2023-10-09 18:28:48 [INFO] NTP Time: [2023-10-09 19:28:48.884300]: Using the local timmer to pretend to be NTP time. Data recorded
Local Time: 2023-10-09 18:28:49 [INFO] NTP Time: [2023-10-09 19:28:49.017769]: Using the local timmer to pretend to be NTP time. Data recorded
Local Time: 2023-10-09 18:28:49 [INFO] NTP Time: [2023-10-09 19:28:49.236075]: Using the local timmer to pretend to be NTP time. Data recorded
Local Time: 2023-10-09 18:28:49 [INFO] NTP Time: [2023-10-09 19:28:49.365842]: Using the local timmer to pretend to be NTP time. Data recorded
Local Time: 2023-10-09 18:28:49 [INFO] NTP Time: [2023-10-09 19:28:49.607886]: Using the local timmer to pretend to be NTP time. Data recorded
Local Time: 2023-10-09 18:28:49 [INFO] NTP Time: [2023-10-09 19:28:49.738909]: Using the local timmer to pretend to be NTP time. Data recorded
Local Time: 2023-10-09 18:28:50 [INFO] NTP Time: [2023-10-09 19:28:50.060025]: Using the local timmer to pretend to be NTP time. Data recorded
Local Time: 2023-10-09 18:28:50 [INFO] NTP Time: [2023-10-09 19:28:50.189439]: Using the local timmer to pretend to be NTP time. Data recorded
Local Time: 2023-10-09 18:28:50 [INFO] NTP Time: [2023-10-09 19:28:50.421254]: Using the local timmer to pretend to be NTP time. Data recorded
Local Time: 2023-10-09 18:28:50 [INFO] NTP Time: [2023-10-09 19:28:50.553632]: Using the local timmer to pretend to be NTP time. Data recorded
Local Time: 2023-10-09 18:28:50 [INFO] NTP Time: [2023-10-09 19:28:50.790506]: Using the local timmer to pretend to be NTP time. Data recorded
Local Time: 2023-10-09 18:28:50 [INFO] NTP Time: [2023-10-09 19:28:50.917306]: Using the local timmer to pretend to be NTP time. Data recorded
Local Time: 2023-10-09 18:28:51 [INFO] NTP Time: [2023-10-09 19:28:51.149062]: Using the local timmer to pretend to be NTP time. Data recorded
Local Time: 2023-10-09 18:28:51 [INFO] NTP Time: [2023-10-09 19:28:51.281299]: Using the local timmer to pretend to be NTP time. Data recorded
Local Time: 2023-10-09 18:28:51 [INFO] NTP Time: [2023-10-09 19:28:51.645990]: Using the local timmer to pretend to be NTP time. Data recorded
Local Time: 2023-10-09 18:28:51 [INFO] NTP Time: [2023-10-09 19:28:51.776670]: Using the local timmer to pretend to be NTP time. Data recorded
Local Time: 2023-10-09 18:28:52 [INFO] NTP Time: [2023-10-09 19:28:52.004291]: Using the local timmer to pretend to be NTP time. Data recorded
Local Time: 2023-10-09 18:28:52 [INFO] NTP Time: [2023-10-09 19:28:52.134591]: Using the local timmer to pretend to be NTP time. Data recorded
Local Time: 2023-10-09 18:28:52 [INFO] NTP Time: [2023-10-09 19:28:52.369231]: Using the local timmer to pretend to be NTP time. Data recorded
Local Time: 2023-10-09 18:28:53 [INFO] NTP Time: [2023-10-09 19:28:53.167281]: Using the local timmer to pretend to be NTP time. Data recorded
Local Time: 2023-10-09 18:28:53 [INFO] NTP Time: [2023-10-09 19:28:53.416744]: Using the local timmer to pretend to be NTP time. Data recorded
Local Time: 2023-10-09 18:28:53 [INFO] NTP Time: [2023-10-09 19:28:53.555329]: Using the local timmer to pretend to be NTP time. Data recorded
Local Time: 2023-10-09 18:28:53 [INFO] NTP Time: [2023-10-09 19:28:53.684495]: Using the local timmer to pretend to be NTP time. Data recorded
Local Time: 2023-10-09 18:28:53 [INFO] NTP Time: [2023-10-09 19:28:53.833365]: Using the local timmer to pretend to be NTP time. Data recorded
Local Time: 2023-10-09 18:28:53 [INFO] NTP Time: [2023-10-09 19:28:53.965669]: Using the local timmer to pretend to be NTP time. Data recorded
Local Time: 2023-10-09 18:28:54 [INFO] NTP Time: [2023-10-09 19:28:54.187639]: Using the local timmer to pretend to be NTP time. Data recorded
Local Time: 2023-10-09 18:28:54 [INFO] NTP Time: [2023-10-09 19:28:54.321362]: Using the local timmer to pretend to be NTP time. Data recorded
Local Time: 2023-10-09 18:28:54 [INFO] NTP Time: [2023-10-09 19:28:54.532360]: Using the local timmer to pretend to be NTP time. Data recorded
Local Time: 2023-10-09 18:28:54 [INFO] NTP Time: [2023-10-09 19:28:54.664507]: Using the local timmer to pretend to be NTP time. Data recorded
Local Time: 2023-10-09 18:28:55 [INFO] NTP Time: [2023-10-09 19:28:55.246913]: Using the local timmer to pretend to be NTP time. Data recorded
Local Time: 2023-10-09 18:28:55 [INFO] NTP Time: [2023-10-09 19:28:55.377083]: Using the local timmer to pretend to be NTP time. Data recorded
Local Time: 2023-10-09 18:28:55 [INFO] NTP Time: [2023-10-09 19:28:55.510987]: Using the local timmer to pretend to be NTP time. Data recorded
Local Time: 2023-10-09 18:28:55 [INFO] NTP Time: [2023-10-09 19:28:55.640029]: Using the local timmer to pretend to be NTP time. Data recorded
Local Time: 2023-10-09 18:28:55 [INFO] NTP Time: [2023-10-09 19:28:55.846457]: Using the local timmer to pretend to be NTP time. Data recorded
Local Time: 2023-10-09 18:28:55 [INFO] NTP Time: [2023-10-09 19:28:55.978431]: Using the local timmer to pretend to be NTP time. Data recorded
Local Time: 2023-10-09 18:28:56 [INFO] NTP Time: [2023-10-09 19:28:56.225506]: Using the local timmer to pretend to be NTP time. Data recorded
Local Time: 2023-10-09 18:28:56 [INFO] NTP Time: [2023-10-09 19:28:56.363881]: Using the local timmer to pretend to be NTP time. Data recorded
Local Time: 2023-10-09 18:28:56 [INFO] NTP Time: [2023-10-09 19:28:56.717038]: Using the local timmer to pretend to be NTP time. Data recorded
Local Time: 2023-10-09 18:28:57 [INFO] NTP Time: [2023-10-09 19:28:57.448812]: Using the local timmer to pretend to be NTP time. Data recorded
Local Time: 2023-10-09 18:28:57 [INFO] NTP Time: [2023-10-09 19:28:57.577119]: Using the local timmer to pretend to be NTP time. Data recorded
Local Time: 2023-10-09 18:28:57 [INFO] NTP Time: [2023-10-09 19:28:57.712676]: Using the local timmer to pretend to be NTP time. Data recorded
Local Time: 2023-10-09 18:28:57 [INFO] NTP Time: [2023-10-09 19:28:57.845644]: Using the local timmer to pretend to be NTP time. Data recorded
Local Time: 2023-10-09 18:28:58 [INFO] NTP Time: [2023-10-09 19:28:58.132086]: Using the local timmer to pretend to be NTP time. Data recorded
Local Time: 2023-10-09 18:28:58 [INFO] NTP Time: [2023-10-09 19:28:58.265465]: Using the local timmer to pretend to be NTP time. Data recorded
Local Time: 2023-10-09 18:28:58 [INFO] NTP Time: [2023-10-09 19:28:58.426629]: Using the local timmer to pretend to be NTP time. Data recorded
Local Time: 2023-10-09 18:28:58 [INFO] NTP Time: [2023-10-09 19:28:58.558044]: Using the local timmer to pretend to be NTP time. Data recorded
Local Time: 2023-10-09 18:28:58 [INFO] NTP Time: [2023-10-09 19:28:58.798714]: Using the local timmer to pretend to be NTP time. Data recorded
Local Time: 2023-10-09 18:28:59 [INFO] NTP Time: [2023-10-09 19:28:59.577141]: Using the local timmer to pretend to be NTP time. Data recorded
Local Time: 2023-10-09 18:29:00 [INFO] NTP Time: [2023-10-09 19:29:00.381303]: Using the local timmer to pretend to be NTP time. Data recorded
Local Time: 2023-10-09 18:29:01 [INFO] NTP Time: [2023-10-09 19:29:01.065233]: Using the local timmer to pretend to be NTP time. Data recorded
Local Time: 2023-10-09 18:29:01 [INFO] NTP Time: [2023-10-09 19:29:01.210920]: Using the local timmer to pretend to be NTP time. Data recorded
Local Time: 2023-10-09 18:29:01 [INFO] NTP Time: [2023-10-09 19:29:01.727280]: Using the local timmer to pretend to be NTP time. Data recorded
Local Time: 2023-10-09 18:29:01 [INFO] NTP Time: [2023-10-09 19:29:01.862280]: Using the local timmer to pretend to be NTP time. Data recorded
Local Time: 2023-10-09 18:29:01 [INFO] NTP Time: [2023-10-09 19:29:01.994985]: Using the local timmer to pretend to be NTP time. Data recorded
Local Time: 2023-10-09 18:29:02 [INFO] NTP Time: [2023-10-09 19:29:02.188366]: Using the local timmer to pretend to be NTP time. Data recorded
Local Time: 2023-10-09 18:29:02 [INFO] NTP Time: [2023-10-09 19:29:02.322710]: Using the local timmer to pretend to be NTP time. Data recorded
Local Time: 2023-10-09 18:29:02 [INFO] NTP Time: [2023-10-09 19:29:02.596807]: Using the local timmer to pretend to be NTP time. Data recorded
Local Time: 2023-10-09 18:29:02 [INFO] NTP Time: [2023-10-09 19:29:02.729324]: Using the local timmer to pretend to be NTP time. Data recorded
Local Time: 2023-10-09 18:29:03 [INFO] NTP Time: [2023-10-09 19:29:03.055860]: Using the local timmer to pretend to be NTP time. Data recorded
Local Time: 2023-10-09 18:29:03 [INFO] NTP Time: [2023-10-09 19:29:03.193231]: Using the local timmer to pretend to be NTP time. Data recorded
Local Time: 2023-10-09 18:29:03 [INFO] NTP Time: [2023-10-09 19:29:03.435748]: Using the local timmer to pretend to be NTP time. Data recorded
Local Time: 2023-10-09 18:29:03 [INFO] NTP Time: [2023-10-09 19:29:03.576471]: Using the local timmer to pretend to be NTP time. Data recorded
Local Time: 2023-10-09 18:29:03 [INFO] NTP Time: [2023-10-09 19:29:03.847303]: Using the local timmer to pretend to be NTP time. Data recorded
Local Time: 2023-10-09 18:29:03 [INFO] NTP Time: [2023-10-09 19:29:03.977057]: Using the local timmer to pretend to be NTP time. Data recorded
Local Time: 2023-10-09 18:29:04 [INFO] NTP Time: [2023-10-09 19:29:04.242590]: Using the local timmer to pretend to be NTP time. Data recorded
Local Time: 2023-10-09 18:29:04 [INFO] NTP Time: [2023-10-09 19:29:04.376217]: Using the local timmer to pretend to be NTP time. Data recorded
Local Time: 2023-10-09 18:29:04 [INFO] NTP Time: [2023-10-09 19:29:04.660859]: Using the local timmer to pretend to be NTP time. Data recorded
Local Time: 2023-10-09 18:29:04 [INFO] NTP Time: [2023-10-09 19:29:04.792499]: Using the local timmer to pretend to be NTP time. Data recorded
Local Time: 2023-10-09 18:29:05 [INFO] NTP Time: [2023-10-09 19:29:05.177996]: Using the local timmer to pretend to be NTP time. Data recorded
Local Time: 2023-10-09 18:29:05 [INFO] NTP Time: [2023-10-09 19:29:05.312710]: Using the local timmer to pretend to be NTP time. Data recorded
Local Time: 2023-10-09 18:29:05 [INFO] NTP Time: [2023-10-09 19:29:05.591052]: Using the local timmer to pretend to be NTP time. Data recorded
Local Time: 2023-10-09 18:29:06 [INFO] NTP Time: [2023-10-09 19:29:06.308669]: Using the local timmer to pretend to be NTP time. Data recorded
Local Time: 2023-10-09 18:29:06 [INFO] NTP Time: [2023-10-09 19:29:06.442793]: Using the local timmer to pretend to be NTP time. Data recorded
Local Time: 2023-10-09 18:29:06 [INFO] NTP Time: [2023-10-09 19:29:06.683984]: Using the local timmer to pretend to be NTP time. Data recorded
Local Time: 2023-10-09 18:29:06 [INFO] NTP Time: [2023-10-09 19:29:06.826635]: Using the local timmer to pretend to be NTP time. Data recorded
Local Time: 2023-10-09 18:29:07 [INFO] NTP Time: [2023-10-09 19:29:07.110298]: Using the local timmer to pretend to be NTP time. Data recorded
Local Time: 2023-10-09 18:29:07 [INFO] NTP Time: [2023-10-09 19:29:07.253928]: Using the local timmer to pretend to be NTP time. Data recorded
Local Time: 2023-10-09 18:29:07 [INFO] NTP Time: [2023-10-09 19:29:07.436621]: Using the local timmer to pretend to be NTP time. Data recorded
Local Time: 2023-10-09 18:29:07 [INFO] NTP Time: [2023-10-09 19:29:07.590216]: Using the local timmer to pretend to be NTP time. Data recorded
Local Time: 2023-10-09 18:29:07 [INFO] NTP Time: [2023-10-09 19:29:07.870535]: Using the local timmer to pretend to be NTP time. Data recorded
Local Time: 2023-10-09 18:29:08 [INFO] NTP Time: [2023-10-09 19:29:08.006625]: Using the local timmer to pretend to be NTP time. Data recorded
Local Time: 2023-10-09 18:29:08 [INFO] NTP Time: [2023-10-09 19:29:08.322143]: Using the local timmer to pretend to be NTP time. Data recorded
Local Time: 2023-10-09 18:29:08 [INFO] NTP Time: [2023-10-09 19:29:08.489876]: Using the local timmer to pretend to be NTP time. Data recorded
Local Time: 2023-10-09 18:29:09 [INFO] NTP Time: [2023-10-09 19:29:09.206418]: Using the local timmer to pretend to be NTP time. Data recorded
Local Time: 2023-10-09 18:29:09 [INFO] NTP Time: [2023-10-09 19:29:09.456149]: Using the local timmer to pretend to be NTP time. Data recorded
Local Time: 2023-10-09 18:29:09 [INFO] NTP Time: [2023-10-09 19:29:09.506480]: End recording by a terminate action.
