Local Time: 2023-10-09 21:37:44 [INFO] NTP Time: [2023-10-09 22:37:44.631496]: Loaded configuration: {'participant': {'id': 'P001', 'age': '25', 'gender': 'M', 'ethnicity': 'Caucasian', 'height': '165', 'weight': '65'}, 'experiment': {'date': '2022-01-01', 'time': '14:00:00', 'condition': 'HW101M', 'group': 'A', 'illumination_level': 'low'}, 'task_info': {'task_name': 'Task1', 'trial_number': '5'}, 'notes': {'comments': 'Participant seemed tired during the session.'}, 'label_info': {'activity': 'sit'}}
Local Time: 2023-10-09 21:37:44 [INFO] NTP Time: [2023-10-09 22:37:44.631706]: Loaded mmwave configuration: {'setting1': 'value1', 'setting2': 'value2', 'Data storage location': 'AWR1843-Read-Data-Python-MMWAVE-SDK-3--master/data', 'mmwave_Datatype': 'dictionary'}
Local Time: 2023-10-09 21:37:45 [INFO] NTP Time: [2023-10-09 22:37:45.462238]: Using NTP time as the start timmer.
Local Time: 2023-10-09 21:37:45 [INFO] NTP Time: [2023-10-09 22:37:45.573373]: Using the local timmer to pretend to be NTP time. Data recorded
Local Time: 2023-10-09 21:37:45 [INFO] NTP Time: [2023-10-09 22:37:45.680073]: Using the local timmer to pretend to be NTP time. Data recorded
Local Time: 2023-10-09 21:37:45 [INFO] NTP Time: [2023-10-09 22:37:45.787567]: Using the local timmer to pretend to be NTP time. Data recorded
Local Time: 2023-10-09 21:37:45 [INFO] NTP Time: [2023-10-09 22:37:45.892863]: Using the local timmer to pretend to be NTP time. Data recorded
Local Time: 2023-10-09 21:37:46 [INFO] NTP Time: [2023-10-09 22:37:46.000716]: Using the local timmer to pretend to be NTP time. Data recorded
Local Time: 2023-10-09 21:37:46 [INFO] NTP Time: [2023-10-09 22:37:46.105659]: Using the local timmer to pretend to be NTP time. Data recorded
Local Time: 2023-10-09 21:37:46 [INFO] NTP Time: [2023-10-09 22:37:46.211898]: Using the local timmer to pretend to be NTP time. Data recorded
Local Time: 2023-10-09 21:37:46 [INFO] NTP Time: [2023-10-09 22:37:46.318836]: Using the local timmer to pretend to be NTP time. Data recorded
Local Time: 2023-10-09 21:37:46 [INFO] NTP Time: [2023-10-09 22:37:46.426147]: Using the local timmer to pretend to be NTP time. Data recorded
Local Time: 2023-10-09 21:37:46 [INFO] NTP Time: [2023-10-09 22:37:46.533575]: Using the local timmer to pretend to be NTP time. Data recorded
Local Time: 2023-10-09 21:37:46 [INFO] NTP Time: [2023-10-09 22:37:46.640345]: Using the local timmer to pretend to be NTP time. Data recorded
Local Time: 2023-10-09 21:37:46 [INFO] NTP Time: [2023-10-09 22:37:46.788775]: Using the local timmer to pretend to be NTP time. Data recorded
Local Time: 2023-10-09 21:37:46 [INFO] NTP Time: [2023-10-09 22:37:46.896746]: Using the local timmer to pretend to be NTP time. Data recorded
Local Time: 2023-10-09 21:37:47 [INFO] NTP Time: [2023-10-09 22:37:47.006223]: Using the local timmer to pretend to be NTP time. Data recorded
Local Time: 2023-10-09 21:37:47 [INFO] NTP Time: [2023-10-09 22:37:47.112188]: Using the local timmer to pretend to be NTP time. Data recorded
Local Time: 2023-10-09 21:37:47 [INFO] NTP Time: [2023-10-09 22:37:47.239321]: Using the local timmer to pretend to be NTP time. Data recorded
Local Time: 2023-10-09 21:37:47 [INFO] NTP Time: [2023-10-09 22:37:47.348415]: Using the local timmer to pretend to be NTP time. Data recorded
Local Time: 2023-10-09 21:37:47 [INFO] NTP Time: [2023-10-09 22:37:47.454762]: Using the local timmer to pretend to be NTP time. Data recorded
Local Time: 2023-10-09 21:37:47 [INFO] NTP Time: [2023-10-09 22:37:47.575898]: Using the local timmer to pretend to be NTP time. Data recorded
Local Time: 2023-10-09 21:37:47 [INFO] NTP Time: [2023-10-09 22:37:47.682234]: Using the local timmer to pretend to be NTP time. Data recorded
Local Time: 2023-10-09 21:37:47 [INFO] NTP Time: [2023-10-09 22:37:47.794826]: Using the local timmer to pretend to be NTP time. Data recorded
Local Time: 2023-10-09 21:37:47 [INFO] NTP Time: [2023-10-09 22:37:47.903591]: Using the local timmer to pretend to be NTP time. Data recorded
Local Time: 2023-10-09 21:37:48 [INFO] NTP Time: [2023-10-09 22:37:48.009631]: Using the local timmer to pretend to be NTP time. Data recorded
Local Time: 2023-10-09 21:37:48 [INFO] NTP Time: [2023-10-09 22:37:48.125192]: Using the local timmer to pretend to be NTP time. Data recorded
Local Time: 2023-10-09 21:37:48 [INFO] NTP Time: [2023-10-09 22:37:48.268149]: Using the local timmer to pretend to be NTP time. Data recorded
Local Time: 2023-10-09 21:37:48 [INFO] NTP Time: [2023-10-09 22:37:48.375699]: Using the local timmer to pretend to be NTP time. Data recorded
Local Time: 2023-10-09 21:37:48 [INFO] NTP Time: [2023-10-09 22:37:48.482183]: Using the local timmer to pretend to be NTP time. Data recorded
Local Time: 2023-10-09 21:37:48 [INFO] NTP Time: [2023-10-09 22:37:48.588475]: Using the local timmer to pretend to be NTP time. Data recorded
Local Time: 2023-10-09 21:37:48 [INFO] NTP Time: [2023-10-09 22:37:48.728745]: Using the local timmer to pretend to be NTP time. Data recorded
Local Time: 2023-10-09 21:37:48 [INFO] NTP Time: [2023-10-09 22:37:48.837336]: Using the local timmer to pretend to be NTP time. Data recorded
Local Time: 2023-10-09 21:37:48 [INFO] NTP Time: [2023-10-09 22:37:48.954661]: Using the local timmer to pretend to be NTP time. Data recorded
Local Time: 2023-10-09 21:37:49 [INFO] NTP Time: [2023-10-09 22:37:49.062289]: Using the local timmer to pretend to be NTP time. Data recorded
Local Time: 2023-10-09 21:37:49 [INFO] NTP Time: [2023-10-09 22:37:49.171053]: Using the local timmer to pretend to be NTP time. Data recorded
Local Time: 2023-10-09 21:37:49 [INFO] NTP Time: [2023-10-09 22:37:49.278805]: Using the local timmer to pretend to be NTP time. Data recorded
Local Time: 2023-10-09 21:37:49 [INFO] NTP Time: [2023-10-09 22:37:49.418876]: Using the local timmer to pretend to be NTP time. Data recorded
Local Time: 2023-10-09 21:37:49 [INFO] NTP Time: [2023-10-09 22:37:49.526900]: Using the local timmer to pretend to be NTP time. Data recorded
Local Time: 2023-10-09 21:37:49 [INFO] NTP Time: [2023-10-09 22:37:49.636885]: Using the local timmer to pretend to be NTP time. Data recorded
Local Time: 2023-10-09 21:37:49 [INFO] NTP Time: [2023-10-09 22:37:49.745847]: Using the local timmer to pretend to be NTP time. Data recorded
Local Time: 2023-10-09 21:37:49 [INFO] NTP Time: [2023-10-09 22:37:49.853118]: Using the local timmer to pretend to be NTP time. Data recorded
Local Time: 2023-10-09 21:37:49 [INFO] NTP Time: [2023-10-09 22:37:49.963141]: Using the local timmer to pretend to be NTP time. Data recorded
Local Time: 2023-10-09 21:37:50 [INFO] NTP Time: [2023-10-09 22:37:50.086410]: Using the local timmer to pretend to be NTP time. Data recorded
Local Time: 2023-10-09 21:37:50 [INFO] NTP Time: [2023-10-09 22:37:50.192228]: Using the local timmer to pretend to be NTP time. Data recorded
Local Time: 2023-10-09 21:37:50 [INFO] NTP Time: [2023-10-09 22:37:50.301941]: Using the local timmer to pretend to be NTP time. Data recorded
Local Time: 2023-10-09 21:37:50 [INFO] NTP Time: [2023-10-09 22:37:50.409124]: Using the local timmer to pretend to be NTP time. Data recorded
Local Time: 2023-10-09 21:37:50 [INFO] NTP Time: [2023-10-09 22:37:50.515265]: Using the local timmer to pretend to be NTP time. Data recorded
Local Time: 2023-10-09 21:37:50 [INFO] NTP Time: [2023-10-09 22:37:50.622539]: Using the local timmer to pretend to be NTP time. Data recorded
Local Time: 2023-10-09 21:37:50 [INFO] NTP Time: [2023-10-09 22:37:50.765257]: Using the local timmer to pretend to be NTP time. Data recorded
Local Time: 2023-10-09 21:37:50 [INFO] NTP Time: [2023-10-09 22:37:50.873588]: Using the local timmer to pretend to be NTP time. Data recorded
Local Time: 2023-10-09 21:37:50 [INFO] NTP Time: [2023-10-09 22:37:50.981418]: Using the local timmer to pretend to be NTP time. Data recorded
Local Time: 2023-10-09 21:37:51 [INFO] NTP Time: [2023-10-09 22:37:51.089415]: Using the local timmer to pretend to be NTP time. Data recorded
Local Time: 2023-10-09 21:37:51 [INFO] NTP Time: [2023-10-09 22:37:51.199681]: Using the local timmer to pretend to be NTP time. Data recorded
Local Time: 2023-10-09 21:37:51 [INFO] NTP Time: [2023-10-09 22:37:51.308639]: Using the local timmer to pretend to be NTP time. Data recorded
Local Time: 2023-10-09 21:37:51 [INFO] NTP Time: [2023-10-09 22:37:51.419435]: Using the local timmer to pretend to be NTP time. Data recorded
Local Time: 2023-10-09 21:37:51 [INFO] NTP Time: [2023-10-09 22:37:51.526179]: Using the local timmer to pretend to be NTP time. Data recorded
Local Time: 2023-10-09 21:37:51 [INFO] NTP Time: [2023-10-09 22:37:51.636236]: Using the local timmer to pretend to be NTP time. Data recorded
Local Time: 2023-10-09 21:37:51 [INFO] NTP Time: [2023-10-09 22:37:51.744120]: Using the local timmer to pretend to be NTP time. Data recorded
Local Time: 2023-10-09 21:37:51 [INFO] NTP Time: [2023-10-09 22:37:51.851125]: Using the local timmer to pretend to be NTP time. Data recorded
Local Time: 2023-10-09 21:37:51 [INFO] NTP Time: [2023-10-09 22:37:51.958028]: Using the local timmer to pretend to be NTP time. Data recorded
Local Time: 2023-10-09 21:37:52 [INFO] NTP Time: [2023-10-09 22:37:52.067161]: Using the local timmer to pretend to be NTP time. Data recorded
Local Time: 2023-10-09 21:37:52 [INFO] NTP Time: [2023-10-09 22:37:52.175769]: Using the local timmer to pretend to be NTP time. Data recorded
Local Time: 2023-10-09 21:37:52 [INFO] NTP Time: [2023-10-09 22:37:52.285149]: Using the local timmer to pretend to be NTP time. Data recorded
Local Time: 2023-10-09 21:37:52 [INFO] NTP Time: [2023-10-09 22:37:52.393569]: Using the local timmer to pretend to be NTP time. Data recorded
Local Time: 2023-10-09 21:37:52 [INFO] NTP Time: [2023-10-09 22:37:52.507275]: Using the local timmer to pretend to be NTP time. Data recorded
Local Time: 2023-10-09 21:37:52 [INFO] NTP Time: [2023-10-09 22:37:52.618251]: Using the local timmer to pretend to be NTP time. Data recorded
Local Time: 2023-10-09 21:37:52 [INFO] NTP Time: [2023-10-09 22:37:52.725577]: Using the local timmer to pretend to be NTP time. Data recorded
Local Time: 2023-10-09 21:37:52 [INFO] NTP Time: [2023-10-09 22:37:52.840784]: Using the local timmer to pretend to be NTP time. Data recorded
Local Time: 2023-10-09 21:37:52 [INFO] NTP Time: [2023-10-09 22:37:52.951728]: Using the local timmer to pretend to be NTP time. Data recorded
Local Time: 2023-10-09 21:37:53 [INFO] NTP Time: [2023-10-09 22:37:53.060364]: Using the local timmer to pretend to be NTP time. Data recorded
Local Time: 2023-10-09 21:37:53 [INFO] NTP Time: [2023-10-09 22:37:53.170501]: Using the local timmer to pretend to be NTP time. Data recorded
Local Time: 2023-10-09 21:37:53 [INFO] NTP Time: [2023-10-09 22:37:53.282641]: Using the local timmer to pretend to be NTP time. Data recorded
Local Time: 2023-10-09 21:37:53 [INFO] NTP Time: [2023-10-09 22:37:53.390099]: Using the local timmer to pretend to be NTP time. Data recorded
Local Time: 2023-10-09 21:37:53 [INFO] NTP Time: [2023-10-09 22:37:53.502496]: Using the local timmer to pretend to be NTP time. Data recorded
Local Time: 2023-10-09 21:37:53 [INFO] NTP Time: [2023-10-09 22:37:53.612624]: Using the local timmer to pretend to be NTP time. Data recorded
Local Time: 2023-10-09 21:37:53 [INFO] NTP Time: [2023-10-09 22:37:53.722928]: Using the local timmer to pretend to be NTP time. Data recorded
Local Time: 2023-10-09 21:37:53 [INFO] NTP Time: [2023-10-09 22:37:53.834346]: Using the local timmer to pretend to be NTP time. Data recorded
Local Time: 2023-10-09 21:37:53 [INFO] NTP Time: [2023-10-09 22:37:53.986468]: Using the local timmer to pretend to be NTP time. Data recorded
Local Time: 2023-10-09 21:37:54 [INFO] NTP Time: [2023-10-09 22:37:54.093890]: Using the local timmer to pretend to be NTP time. Data recorded
Local Time: 2023-10-09 21:37:54 [INFO] NTP Time: [2023-10-09 22:37:54.209821]: Using the local timmer to pretend to be NTP time. Data recorded
Local Time: 2023-10-09 21:37:54 [INFO] NTP Time: [2023-10-09 22:37:54.320123]: Using the local timmer to pretend to be NTP time. Data recorded
Local Time: 2023-10-09 21:37:54 [INFO] NTP Time: [2023-10-09 22:37:54.433907]: Using the local timmer to pretend to be NTP time. Data recorded
Local Time: 2023-10-09 21:37:54 [INFO] NTP Time: [2023-10-09 22:37:54.546759]: Using the local timmer to pretend to be NTP time. Data recorded
Local Time: 2023-10-09 21:37:54 [INFO] NTP Time: [2023-10-09 22:37:54.658046]: Using the local timmer to pretend to be NTP time. Data recorded
Local Time: 2023-10-09 21:37:54 [INFO] NTP Time: [2023-10-09 22:37:54.773538]: Using the local timmer to pretend to be NTP time. Data recorded
Local Time: 2023-10-09 21:37:54 [INFO] NTP Time: [2023-10-09 22:37:54.885075]: Using the local timmer to pretend to be NTP time. Data recorded
Local Time: 2023-10-09 21:37:54 [INFO] NTP Time: [2023-10-09 22:37:54.994754]: Using the local timmer to pretend to be NTP time. Data recorded
Local Time: 2023-10-09 21:37:55 [INFO] NTP Time: [2023-10-09 22:37:55.112957]: Using the local timmer to pretend to be NTP time. Data recorded
Local Time: 2023-10-09 21:37:55 [INFO] NTP Time: [2023-10-09 22:37:55.223190]: Using the local timmer to pretend to be NTP time. Data recorded
Local Time: 2023-10-09 21:37:55 [INFO] NTP Time: [2023-10-09 22:37:55.340868]: Using the local timmer to pretend to be NTP time. Data recorded
Local Time: 2023-10-09 21:37:55 [INFO] NTP Time: [2023-10-09 22:37:55.456996]: Using the local timmer to pretend to be NTP time. Data recorded
Local Time: 2023-10-09 21:37:55 [INFO] NTP Time: [2023-10-09 22:37:55.574903]: Using the local timmer to pretend to be NTP time. Data recorded
Local Time: 2023-10-09 21:37:55 [INFO] NTP Time: [2023-10-09 22:37:55.690284]: Using the local timmer to pretend to be NTP time. Data recorded
Local Time: 2023-10-09 21:37:55 [INFO] NTP Time: [2023-10-09 22:37:55.806024]: Using the local timmer to pretend to be NTP time. Data recorded
Local Time: 2023-10-09 21:37:55 [INFO] NTP Time: [2023-10-09 22:37:55.918052]: Using the local timmer to pretend to be NTP time. Data recorded
Local Time: 2023-10-09 21:37:56 [INFO] NTP Time: [2023-10-09 22:37:56.027459]: Using the local timmer to pretend to be NTP time. Data recorded
Local Time: 2023-10-09 21:37:56 [INFO] NTP Time: [2023-10-09 22:37:56.144870]: Using the local timmer to pretend to be NTP time. Data recorded
Local Time: 2023-10-09 21:37:56 [INFO] NTP Time: [2023-10-09 22:37:56.258187]: Using the local timmer to pretend to be NTP time. Data recorded
Local Time: 2023-10-09 21:37:56 [INFO] NTP Time: [2023-10-09 22:37:56.374282]: Using the local timmer to pretend to be NTP time. Data recorded
Local Time: 2023-10-09 21:37:56 [INFO] NTP Time: [2023-10-09 22:37:56.485813]: Using the local timmer to pretend to be NTP time. Data recorded
Local Time: 2023-10-09 21:37:56 [INFO] NTP Time: [2023-10-09 22:37:56.594992]: Using the local timmer to pretend to be NTP time. Data recorded
Local Time: 2023-10-09 21:37:56 [INFO] NTP Time: [2023-10-09 22:37:56.712359]: Using the local timmer to pretend to be NTP time. Data recorded
Local Time: 2023-10-09 21:37:56 [INFO] NTP Time: [2023-10-09 22:37:56.852770]: Using the local timmer to pretend to be NTP time. Data recorded
Local Time: 2023-10-09 21:37:56 [INFO] NTP Time: [2023-10-09 22:37:56.963785]: Using the local timmer to pretend to be NTP time. Data recorded
Local Time: 2023-10-09 21:37:57 [INFO] NTP Time: [2023-10-09 22:37:57.097428]: Using the local timmer to pretend to be NTP time. Data recorded
Local Time: 2023-10-09 21:37:57 [INFO] NTP Time: [2023-10-09 22:37:57.216205]: Using the local timmer to pretend to be NTP time. Data recorded
Local Time: 2023-10-09 21:37:57 [INFO] NTP Time: [2023-10-09 22:37:57.329902]: Using the local timmer to pretend to be NTP time. Data recorded
Local Time: 2023-10-09 21:37:57 [INFO] NTP Time: [2023-10-09 22:37:57.444046]: Using the local timmer to pretend to be NTP time. Data recorded
Local Time: 2023-10-09 21:37:57 [INFO] NTP Time: [2023-10-09 22:37:57.603732]: Using the local timmer to pretend to be NTP time. Data recorded
Local Time: 2023-10-09 21:37:57 [INFO] NTP Time: [2023-10-09 22:37:57.765575]: Using the local timmer to pretend to be NTP time. Data recorded
Local Time: 2023-10-09 21:37:57 [INFO] NTP Time: [2023-10-09 22:37:57.897327]: Using the local timmer to pretend to be NTP time. Data recorded
Local Time: 2023-10-09 21:37:58 [INFO] NTP Time: [2023-10-09 22:37:58.011348]: Using the local timmer to pretend to be NTP time. Data recorded
Local Time: 2023-10-09 21:37:58 [INFO] NTP Time: [2023-10-09 22:37:58.121985]: Using the local timmer to pretend to be NTP time. Data recorded
Local Time: 2023-10-09 21:37:58 [INFO] NTP Time: [2023-10-09 22:37:58.235009]: Using the local timmer to pretend to be NTP time. Data recorded
Local Time: 2023-10-09 21:37:58 [INFO] NTP Time: [2023-10-09 22:37:58.388424]: Using the local timmer to pretend to be NTP time. Data recorded
Local Time: 2023-10-09 21:37:58 [INFO] NTP Time: [2023-10-09 22:37:58.517332]: Using the local timmer to pretend to be NTP time. Data recorded
Local Time: 2023-10-09 21:37:58 [INFO] NTP Time: [2023-10-09 22:37:58.641341]: Using the local timmer to pretend to be NTP time. Data recorded
Local Time: 2023-10-09 21:37:58 [INFO] NTP Time: [2023-10-09 22:37:58.759001]: Using the local timmer to pretend to be NTP time. Data recorded
Local Time: 2023-10-09 21:37:58 [INFO] NTP Time: [2023-10-09 22:37:58.880880]: Using the local timmer to pretend to be NTP time. Data recorded
Local Time: 2023-10-09 21:37:58 [INFO] NTP Time: [2023-10-09 22:37:58.989932]: Using the local timmer to pretend to be NTP time. Data recorded
Local Time: 2023-10-09 21:37:59 [INFO] NTP Time: [2023-10-09 22:37:59.103669]: Using the local timmer to pretend to be NTP time. Data recorded
Local Time: 2023-10-09 21:37:59 [INFO] NTP Time: [2023-10-09 22:37:59.225033]: Using the local timmer to pretend to be NTP time. Data recorded
Local Time: 2023-10-09 21:37:59 [INFO] NTP Time: [2023-10-09 22:37:59.358846]: Using the local timmer to pretend to be NTP time. Data recorded
Local Time: 2023-10-09 21:37:59 [INFO] NTP Time: [2023-10-09 22:37:59.585005]: Using the local timmer to pretend to be NTP time. Data recorded
Local Time: 2023-10-09 21:37:59 [INFO] NTP Time: [2023-10-09 22:37:59.694471]: Using the local timmer to pretend to be NTP time. Data recorded
Local Time: 2023-10-09 21:37:59 [INFO] NTP Time: [2023-10-09 22:37:59.812395]: Using the local timmer to pretend to be NTP time. Data recorded
Local Time: 2023-10-09 21:37:59 [INFO] NTP Time: [2023-10-09 22:37:59.923754]: Using the local timmer to pretend to be NTP time. Data recorded
Local Time: 2023-10-09 21:38:00 [INFO] NTP Time: [2023-10-09 22:38:00.036199]: Using the local timmer to pretend to be NTP time. Data recorded
Local Time: 2023-10-09 21:38:00 [INFO] NTP Time: [2023-10-09 22:38:00.151370]: Using the local timmer to pretend to be NTP time. Data recorded
Local Time: 2023-10-09 21:38:00 [INFO] NTP Time: [2023-10-09 22:38:00.307860]: Using the local timmer to pretend to be NTP time. Data recorded
Local Time: 2023-10-09 21:38:00 [INFO] NTP Time: [2023-10-09 22:38:00.422931]: Using the local timmer to pretend to be NTP time. Data recorded
Local Time: 2023-10-09 21:38:00 [INFO] NTP Time: [2023-10-09 22:38:00.565589]: Using the local timmer to pretend to be NTP time. Data recorded
Local Time: 2023-10-09 21:38:00 [INFO] NTP Time: [2023-10-09 22:38:00.680320]: Using the local timmer to pretend to be NTP time. Data recorded
Local Time: 2023-10-09 21:38:00 [INFO] NTP Time: [2023-10-09 22:38:00.793031]: Using the local timmer to pretend to be NTP time. Data recorded
Local Time: 2023-10-09 21:38:00 [INFO] NTP Time: [2023-10-09 22:38:00.910487]: Using the local timmer to pretend to be NTP time. Data recorded
Local Time: 2023-10-09 21:38:01 [INFO] NTP Time: [2023-10-09 22:38:01.021096]: Using the local timmer to pretend to be NTP time. Data recorded
Local Time: 2023-10-09 21:38:01 [INFO] NTP Time: [2023-10-09 22:38:01.136047]: Using the local timmer to pretend to be NTP time. Data recorded
Local Time: 2023-10-09 21:38:01 [INFO] NTP Time: [2023-10-09 22:38:01.247655]: Using the local timmer to pretend to be NTP time. Data recorded
Local Time: 2023-10-09 21:38:01 [INFO] NTP Time: [2023-10-09 22:38:01.358367]: Using the local timmer to pretend to be NTP time. Data recorded
Local Time: 2023-10-09 21:38:01 [INFO] NTP Time: [2023-10-09 22:38:01.474621]: Using the local timmer to pretend to be NTP time. Data recorded
Local Time: 2023-10-09 21:38:01 [INFO] NTP Time: [2023-10-09 22:38:01.585804]: Using the local timmer to pretend to be NTP time. Data recorded
Local Time: 2023-10-09 21:38:01 [INFO] NTP Time: [2023-10-09 22:38:01.704873]: Using the local timmer to pretend to be NTP time. Data recorded
Local Time: 2023-10-09 21:38:01 [INFO] NTP Time: [2023-10-09 22:38:01.817010]: Using the local timmer to pretend to be NTP time. Data recorded
Local Time: 2023-10-09 21:38:01 [INFO] NTP Time: [2023-10-09 22:38:01.928385]: Using the local timmer to pretend to be NTP time. Data recorded
Local Time: 2023-10-09 21:38:02 [INFO] NTP Time: [2023-10-09 22:38:02.041663]: Using the local timmer to pretend to be NTP time. Data recorded
Local Time: 2023-10-09 21:38:02 [INFO] NTP Time: [2023-10-09 22:38:02.154317]: Using the local timmer to pretend to be NTP time. Data recorded
Local Time: 2023-10-09 21:38:02 [INFO] NTP Time: [2023-10-09 22:38:02.267397]: Using the local timmer to pretend to be NTP time. Data recorded
Local Time: 2023-10-09 21:38:02 [INFO] NTP Time: [2023-10-09 22:38:02.382031]: Using the local timmer to pretend to be NTP time. Data recorded
Local Time: 2023-10-09 21:38:02 [INFO] NTP Time: [2023-10-09 22:38:02.491727]: Using the local timmer to pretend to be NTP time. Data recorded
Local Time: 2023-10-09 21:38:02 [INFO] NTP Time: [2023-10-09 22:38:02.608579]: Using the local timmer to pretend to be NTP time. Data recorded
Local Time: 2023-10-09 21:38:02 [INFO] NTP Time: [2023-10-09 22:38:02.726983]: Using the local timmer to pretend to be NTP time. Data recorded
Local Time: 2023-10-09 21:38:02 [INFO] NTP Time: [2023-10-09 22:38:02.844037]: Using the local timmer to pretend to be NTP time. Data recorded
Local Time: 2023-10-09 21:38:02 [INFO] NTP Time: [2023-10-09 22:38:02.961936]: Using the local timmer to pretend to be NTP time. Data recorded
Local Time: 2023-10-09 21:38:03 [INFO] NTP Time: [2023-10-09 22:38:03.079626]: Using the local timmer to pretend to be NTP time. Data recorded
Local Time: 2023-10-09 21:38:03 [INFO] NTP Time: [2023-10-09 22:38:03.191618]: Using the local timmer to pretend to be NTP time. Data recorded
Local Time: 2023-10-09 21:38:03 [INFO] NTP Time: [2023-10-09 22:38:03.308353]: Using the local timmer to pretend to be NTP time. Data recorded
Local Time: 2023-10-09 21:38:03 [INFO] NTP Time: [2023-10-09 22:38:03.420280]: Using the local timmer to pretend to be NTP time. Data recorded
Local Time: 2023-10-09 21:38:03 [INFO] NTP Time: [2023-10-09 22:38:03.536419]: Using the local timmer to pretend to be NTP time. Data recorded
Local Time: 2023-10-09 21:38:03 [INFO] NTP Time: [2023-10-09 22:38:03.649223]: Using the local timmer to pretend to be NTP time. Data recorded
Local Time: 2023-10-09 21:38:03 [INFO] NTP Time: [2023-10-09 22:38:03.761539]: Using the local timmer to pretend to be NTP time. Data recorded
Local Time: 2023-10-09 21:38:03 [INFO] NTP Time: [2023-10-09 22:38:03.875817]: Using the local timmer to pretend to be NTP time. Data recorded
Local Time: 2023-10-09 21:38:04 [INFO] NTP Time: [2023-10-09 22:38:04.001863]: Using the local timmer to pretend to be NTP time. Data recorded
Local Time: 2023-10-09 21:38:04 [INFO] NTP Time: [2023-10-09 22:38:04.117088]: Using the local timmer to pretend to be NTP time. Data recorded
Local Time: 2023-10-09 21:38:04 [INFO] NTP Time: [2023-10-09 22:38:04.235094]: Using the local timmer to pretend to be NTP time. Data recorded
Local Time: 2023-10-09 21:38:04 [INFO] NTP Time: [2023-10-09 22:38:04.353057]: Using the local timmer to pretend to be NTP time. Data recorded
Local Time: 2023-10-09 21:38:04 [INFO] NTP Time: [2023-10-09 22:38:04.468931]: Using the local timmer to pretend to be NTP time. Data recorded
Local Time: 2023-10-09 21:38:04 [INFO] NTP Time: [2023-10-09 22:38:04.591565]: Using the local timmer to pretend to be NTP time. Data recorded
Local Time: 2023-10-09 21:38:04 [INFO] NTP Time: [2023-10-09 22:38:04.717081]: Using the local timmer to pretend to be NTP time. Data recorded
Local Time: 2023-10-09 21:38:04 [INFO] NTP Time: [2023-10-09 22:38:04.828737]: Using the local timmer to pretend to be NTP time. Data recorded
Local Time: 2023-10-09 21:38:04 [INFO] NTP Time: [2023-10-09 22:38:04.948659]: Using the local timmer to pretend to be NTP time. Data recorded
Local Time: 2023-10-09 21:38:05 [INFO] NTP Time: [2023-10-09 22:38:05.068076]: Using the local timmer to pretend to be NTP time. Data recorded
Local Time: 2023-10-09 21:38:05 [INFO] NTP Time: [2023-10-09 22:38:05.181586]: Using the local timmer to pretend to be NTP time. Data recorded
Local Time: 2023-10-09 21:38:05 [INFO] NTP Time: [2023-10-09 22:38:05.301737]: Using the local timmer to pretend to be NTP time. Data recorded
Local Time: 2023-10-09 21:38:05 [INFO] NTP Time: [2023-10-09 22:38:05.413325]: Using the local timmer to pretend to be NTP time. Data recorded
Local Time: 2023-10-09 21:38:05 [INFO] NTP Time: [2023-10-09 22:38:05.526200]: Using the local timmer to pretend to be NTP time. Data recorded
Local Time: 2023-10-09 21:38:05 [INFO] NTP Time: [2023-10-09 22:38:05.644333]: Using the local timmer to pretend to be NTP time. Data recorded
Local Time: 2023-10-09 21:38:05 [INFO] NTP Time: [2023-10-09 22:38:05.756483]: Using the local timmer to pretend to be NTP time. Data recorded
Local Time: 2023-10-09 21:38:05 [INFO] NTP Time: [2023-10-09 22:38:05.879163]: Using the local timmer to pretend to be NTP time. Data recorded
Local Time: 2023-10-09 21:38:06 [INFO] NTP Time: [2023-10-09 22:38:06.026604]: Using the local timmer to pretend to be NTP time. Data recorded
Local Time: 2023-10-09 21:38:06 [INFO] NTP Time: [2023-10-09 22:38:06.143881]: Using the local timmer to pretend to be NTP time. Data recorded
Local Time: 2023-10-09 21:38:06 [INFO] NTP Time: [2023-10-09 22:38:06.254037]: Using the local timmer to pretend to be NTP time. Data recorded
Local Time: 2023-10-09 21:38:06 [INFO] NTP Time: [2023-10-09 22:38:06.369984]: Using the local timmer to pretend to be NTP time. Data recorded
Local Time: 2023-10-09 21:38:06 [INFO] NTP Time: [2023-10-09 22:38:06.481956]: Using the local timmer to pretend to be NTP time. Data recorded
Local Time: 2023-10-09 21:38:06 [INFO] NTP Time: [2023-10-09 22:38:06.596220]: Using the local timmer to pretend to be NTP time. Data recorded
Local Time: 2023-10-09 21:38:06 [INFO] NTP Time: [2023-10-09 22:38:06.712766]: Using the local timmer to pretend to be NTP time. Data recorded
Local Time: 2023-10-09 21:38:06 [INFO] NTP Time: [2023-10-09 22:38:06.824485]: Using the local timmer to pretend to be NTP time. Data recorded
Local Time: 2023-10-09 21:38:06 [INFO] NTP Time: [2023-10-09 22:38:06.938524]: Using the local timmer to pretend to be NTP time. Data recorded
Local Time: 2023-10-09 21:38:07 [INFO] NTP Time: [2023-10-09 22:38:07.051712]: Using the local timmer to pretend to be NTP time. Data recorded
Local Time: 2023-10-09 21:38:07 [INFO] NTP Time: [2023-10-09 22:38:07.167089]: Using the local timmer to pretend to be NTP time. Data recorded
Local Time: 2023-10-09 21:38:07 [INFO] NTP Time: [2023-10-09 22:38:07.277477]: Using the local timmer to pretend to be NTP time. Data recorded
Local Time: 2023-10-09 21:38:07 [INFO] NTP Time: [2023-10-09 22:38:07.391188]: Using the local timmer to pretend to be NTP time. Data recorded
Local Time: 2023-10-09 21:38:07 [INFO] NTP Time: [2023-10-09 22:38:07.539162]: Using the local timmer to pretend to be NTP time. Data recorded
Local Time: 2023-10-09 21:38:07 [INFO] NTP Time: [2023-10-09 22:38:07.653384]: Using the local timmer to pretend to be NTP time. Data recorded
Local Time: 2023-10-09 21:38:07 [INFO] NTP Time: [2023-10-09 22:38:07.771151]: Using the local timmer to pretend to be NTP time. Data recorded
Local Time: 2023-10-09 21:38:07 [INFO] NTP Time: [2023-10-09 22:38:07.882907]: Using the local timmer to pretend to be NTP time. Data recorded
Local Time: 2023-10-09 21:38:07 [INFO] NTP Time: [2023-10-09 22:38:07.994576]: Using the local timmer to pretend to be NTP time. Data recorded
Local Time: 2023-10-09 21:38:08 [INFO] NTP Time: [2023-10-09 22:38:08.111700]: Using the local timmer to pretend to be NTP time. Data recorded
Local Time: 2023-10-09 21:38:08 [INFO] NTP Time: [2023-10-09 22:38:08.251973]: Using the local timmer to pretend to be NTP time. Data recorded
Local Time: 2023-10-09 21:38:08 [INFO] NTP Time: [2023-10-09 22:38:08.366420]: Using the local timmer to pretend to be NTP time. Data recorded
Local Time: 2023-10-09 21:38:08 [INFO] NTP Time: [2023-10-09 22:38:08.491516]: Using the local timmer to pretend to be NTP time. Data recorded
Local Time: 2023-10-09 21:38:08 [INFO] NTP Time: [2023-10-09 22:38:08.610818]: Using the local timmer to pretend to be NTP time. Data recorded
Local Time: 2023-10-09 21:38:08 [INFO] NTP Time: [2023-10-09 22:38:08.724120]: Using the local timmer to pretend to be NTP time. Data recorded
Local Time: 2023-10-09 21:38:08 [INFO] NTP Time: [2023-10-09 22:38:08.857804]: Using the local timmer to pretend to be NTP time. Data recorded
Local Time: 2023-10-09 21:38:08 [INFO] NTP Time: [2023-10-09 22:38:08.977382]: Using the local timmer to pretend to be NTP time. Data recorded
Local Time: 2023-10-09 21:38:09 [INFO] NTP Time: [2023-10-09 22:38:09.116567]: Using the local timmer to pretend to be NTP time. Data recorded
Local Time: 2023-10-09 21:38:09 [INFO] NTP Time: [2023-10-09 22:38:09.235254]: Using the local timmer to pretend to be NTP time. Data recorded
Local Time: 2023-10-09 21:38:09 [INFO] NTP Time: [2023-10-09 22:38:09.356573]: Using the local timmer to pretend to be NTP time. Data recorded
Local Time: 2023-10-09 21:38:09 [INFO] NTP Time: [2023-10-09 22:38:09.470270]: Using the local timmer to pretend to be NTP time. Data recorded
Local Time: 2023-10-09 21:38:09 [INFO] NTP Time: [2023-10-09 22:38:09.583353]: Using the local timmer to pretend to be NTP time. Data recorded
Local Time: 2023-10-09 21:38:09 [INFO] NTP Time: [2023-10-09 22:38:09.702393]: Using the local timmer to pretend to be NTP time. Data recorded
Local Time: 2023-10-09 21:38:09 [INFO] NTP Time: [2023-10-09 22:38:09.815205]: Using the local timmer to pretend to be NTP time. Data recorded
Local Time: 2023-10-09 21:38:09 [INFO] NTP Time: [2023-10-09 22:38:09.944381]: Using the local timmer to pretend to be NTP time. Data recorded
Local Time: 2023-10-09 21:38:10 [INFO] NTP Time: [2023-10-09 22:38:10.079644]: Using the local timmer to pretend to be NTP time. Data recorded
Local Time: 2023-10-09 21:38:10 [INFO] NTP Time: [2023-10-09 22:38:10.202943]: Using the local timmer to pretend to be NTP time. Data recorded
Local Time: 2023-10-09 21:38:10 [INFO] NTP Time: [2023-10-09 22:38:10.315477]: Using the local timmer to pretend to be NTP time. Data recorded
Local Time: 2023-10-09 21:38:10 [INFO] NTP Time: [2023-10-09 22:38:10.447697]: Using the local timmer to pretend to be NTP time. Data recorded
Local Time: 2023-10-09 21:38:10 [INFO] NTP Time: [2023-10-09 22:38:10.560024]: Using the local timmer to pretend to be NTP time. Data recorded
Local Time: 2023-10-09 21:38:10 [INFO] NTP Time: [2023-10-09 22:38:10.715111]: Using the local timmer to pretend to be NTP time. Data recorded
Local Time: 2023-10-09 21:38:10 [INFO] NTP Time: [2023-10-09 22:38:10.831925]: Using the local timmer to pretend to be NTP time. Data recorded
Local Time: 2023-10-09 21:38:11 [INFO] NTP Time: [2023-10-09 22:38:11.025155]: Using the local timmer to pretend to be NTP time. Data recorded
Local Time: 2023-10-09 21:38:11 [INFO] NTP Time: [2023-10-09 22:38:11.138897]: Using the local timmer to pretend to be NTP time. Data recorded
Local Time: 2023-10-09 21:38:11 [INFO] NTP Time: [2023-10-09 22:38:11.252220]: Using the local timmer to pretend to be NTP time. Data recorded
Local Time: 2023-10-09 21:38:11 [INFO] NTP Time: [2023-10-09 22:38:11.364817]: Using the local timmer to pretend to be NTP time. Data recorded
Local Time: 2023-10-09 21:38:11 [INFO] NTP Time: [2023-10-09 22:38:11.479772]: Using the local timmer to pretend to be NTP time. Data recorded
Local Time: 2023-10-09 21:38:11 [INFO] NTP Time: [2023-10-09 22:38:11.630428]: Using the local timmer to pretend to be NTP time. Data recorded
Local Time: 2023-10-09 21:38:11 [INFO] NTP Time: [2023-10-09 22:38:11.750070]: Using the local timmer to pretend to be NTP time. Data recorded
Local Time: 2023-10-09 21:38:11 [INFO] NTP Time: [2023-10-09 22:38:11.864101]: Using the local timmer to pretend to be NTP time. Data recorded
Local Time: 2023-10-09 21:38:11 [INFO] NTP Time: [2023-10-09 22:38:11.984083]: Using the local timmer to pretend to be NTP time. Data recorded
Local Time: 2023-10-09 21:38:12 [INFO] NTP Time: [2023-10-09 22:38:12.105081]: Using the local timmer to pretend to be NTP time. Data recorded
Local Time: 2023-10-09 21:38:12 [INFO] NTP Time: [2023-10-09 22:38:12.221045]: Using the local timmer to pretend to be NTP time. Data recorded
Local Time: 2023-10-09 21:38:12 [INFO] NTP Time: [2023-10-09 22:38:12.343679]: Using the local timmer to pretend to be NTP time. Data recorded
Local Time: 2023-10-09 21:38:12 [INFO] NTP Time: [2023-10-09 22:38:12.459964]: Using the local timmer to pretend to be NTP time. Data recorded
Local Time: 2023-10-09 21:38:12 [INFO] NTP Time: [2023-10-09 22:38:12.582572]: Using the local timmer to pretend to be NTP time. Data recorded
Local Time: 2023-10-09 21:38:12 [INFO] NTP Time: [2023-10-09 22:38:12.694782]: Using the local timmer to pretend to be NTP time. Data recorded
Local Time: 2023-10-09 21:38:12 [INFO] NTP Time: [2023-10-09 22:38:12.816823]: Using the local timmer to pretend to be NTP time. Data recorded
Local Time: 2023-10-09 21:38:12 [INFO] NTP Time: [2023-10-09 22:38:12.982948]: Using the local timmer to pretend to be NTP time. Data recorded
Local Time: 2023-10-09 21:38:13 [INFO] NTP Time: [2023-10-09 22:38:13.102592]: Using the local timmer to pretend to be NTP time. Data recorded
Local Time: 2023-10-09 21:38:13 [INFO] NTP Time: [2023-10-09 22:38:13.227135]: Using the local timmer to pretend to be NTP time. Data recorded
Local Time: 2023-10-09 21:38:13 [INFO] NTP Time: [2023-10-09 22:38:13.362342]: Using the local timmer to pretend to be NTP time. Data recorded
Local Time: 2023-10-09 21:38:13 [INFO] NTP Time: [2023-10-09 22:38:13.485502]: Using the local timmer to pretend to be NTP time. Data recorded
Local Time: 2023-10-09 21:38:13 [INFO] NTP Time: [2023-10-09 22:38:13.599459]: Using the local timmer to pretend to be NTP time. Data recorded
Local Time: 2023-10-09 21:38:13 [INFO] NTP Time: [2023-10-09 22:38:13.715821]: Using the local timmer to pretend to be NTP time. Data recorded
Local Time: 2023-10-09 21:38:13 [INFO] NTP Time: [2023-10-09 22:38:13.828867]: Using the local timmer to pretend to be NTP time. Data recorded
Local Time: 2023-10-09 21:38:13 [INFO] NTP Time: [2023-10-09 22:38:13.955549]: Using the local timmer to pretend to be NTP time. Data recorded
Local Time: 2023-10-09 21:38:14 [INFO] NTP Time: [2023-10-09 22:38:14.069593]: Using the local timmer to pretend to be NTP time. Data recorded
Local Time: 2023-10-09 21:38:14 [INFO] NTP Time: [2023-10-09 22:38:14.188726]: Using the local timmer to pretend to be NTP time. Data recorded
Local Time: 2023-10-09 21:38:14 [INFO] NTP Time: [2023-10-09 22:38:14.303648]: Using the local timmer to pretend to be NTP time. Data recorded
Local Time: 2023-10-09 21:38:14 [INFO] NTP Time: [2023-10-09 22:38:14.419012]: Using the local timmer to pretend to be NTP time. Data recorded
Local Time: 2023-10-09 21:38:14 [INFO] NTP Time: [2023-10-09 22:38:14.562310]: Using the local timmer to pretend to be NTP time. Data recorded
Local Time: 2023-10-09 21:38:14 [INFO] NTP Time: [2023-10-09 22:38:14.681828]: Using the local timmer to pretend to be NTP time. Data recorded
Local Time: 2023-10-09 21:38:14 [INFO] NTP Time: [2023-10-09 22:38:14.803422]: Using the local timmer to pretend to be NTP time. Data recorded
Local Time: 2023-10-09 21:38:14 [INFO] NTP Time: [2023-10-09 22:38:14.920449]: Using the local timmer to pretend to be NTP time. Data recorded
Local Time: 2023-10-09 21:38:15 [INFO] NTP Time: [2023-10-09 22:38:15.044311]: Using the local timmer to pretend to be NTP time. Data recorded
Local Time: 2023-10-09 21:38:15 [INFO] NTP Time: [2023-10-09 22:38:15.158766]: Using the local timmer to pretend to be NTP time. Data recorded
Local Time: 2023-10-09 21:38:15 [INFO] NTP Time: [2023-10-09 22:38:15.281706]: Using the local timmer to pretend to be NTP time. Data recorded
Local Time: 2023-10-09 21:38:15 [INFO] NTP Time: [2023-10-09 22:38:15.399109]: Using the local timmer to pretend to be NTP time. Data recorded
Local Time: 2023-10-09 21:38:15 [INFO] NTP Time: [2023-10-09 22:38:15.515315]: Using the local timmer to pretend to be NTP time. Data recorded
Local Time: 2023-10-09 21:38:15 [INFO] NTP Time: [2023-10-09 22:38:15.627888]: Using the local timmer to pretend to be NTP time. Data recorded
Local Time: 2023-10-09 21:38:15 [INFO] NTP Time: [2023-10-09 22:38:15.754465]: Using the local timmer to pretend to be NTP time. Data recorded
Local Time: 2023-10-09 21:38:15 [INFO] NTP Time: [2023-10-09 22:38:15.872131]: Using the local timmer to pretend to be NTP time. Data recorded
Local Time: 2023-10-09 21:38:15 [INFO] NTP Time: [2023-10-09 22:38:15.998025]: Using the local timmer to pretend to be NTP time. Data recorded
Local Time: 2023-10-09 21:38:16 [INFO] NTP Time: [2023-10-09 22:38:16.114081]: Using the local timmer to pretend to be NTP time. Data recorded
Local Time: 2023-10-09 21:38:16 [INFO] NTP Time: [2023-10-09 22:38:16.233714]: Using the local timmer to pretend to be NTP time. Data recorded
Local Time: 2023-10-09 21:38:16 [INFO] NTP Time: [2023-10-09 22:38:16.349554]: Using the local timmer to pretend to be NTP time. Data recorded
Local Time: 2023-10-09 21:38:16 [INFO] NTP Time: [2023-10-09 22:38:16.465697]: Using the local timmer to pretend to be NTP time. Data recorded
Local Time: 2023-10-09 21:38:16 [INFO] NTP Time: [2023-10-09 22:38:16.627523]: Using the local timmer to pretend to be NTP time. Data recorded
Local Time: 2023-10-09 21:38:16 [INFO] NTP Time: [2023-10-09 22:38:16.751416]: Using the local timmer to pretend to be NTP time. Data recorded
Local Time: 2023-10-09 21:38:16 [INFO] NTP Time: [2023-10-09 22:38:16.874335]: Using the local timmer to pretend to be NTP time. Data recorded
Local Time: 2023-10-09 21:38:16 [INFO] NTP Time: [2023-10-09 22:38:16.991021]: Using the local timmer to pretend to be NTP time. Data recorded
Local Time: 2023-10-09 21:38:17 [INFO] NTP Time: [2023-10-09 22:38:17.111982]: Using the local timmer to pretend to be NTP time. Data recorded
Local Time: 2023-10-09 21:38:17 [INFO] NTP Time: [2023-10-09 22:38:17.224695]: Using the local timmer to pretend to be NTP time. Data recorded
Local Time: 2023-10-09 21:38:17 [INFO] NTP Time: [2023-10-09 22:38:17.348441]: Using the local timmer to pretend to be NTP time. Data recorded
Local Time: 2023-10-09 21:38:17 [INFO] NTP Time: [2023-10-09 22:38:17.462652]: Using the local timmer to pretend to be NTP time. Data recorded
Local Time: 2023-10-09 21:38:17 [INFO] NTP Time: [2023-10-09 22:38:17.584017]: Using the local timmer to pretend to be NTP time. Data recorded
Local Time: 2023-10-09 21:38:17 [INFO] NTP Time: [2023-10-09 22:38:17.699824]: Using the local timmer to pretend to be NTP time. Data recorded
Local Time: 2023-10-09 21:38:17 [INFO] NTP Time: [2023-10-09 22:38:17.824728]: Using the local timmer to pretend to be NTP time. Data recorded
Local Time: 2023-10-09 21:38:17 [INFO] NTP Time: [2023-10-09 22:38:17.990211]: Using the local timmer to pretend to be NTP time. Data recorded
Local Time: 2023-10-09 21:38:18 [INFO] NTP Time: [2023-10-09 22:38:18.114260]: Using the local timmer to pretend to be NTP time. Data recorded
Local Time: 2023-10-09 21:38:18 [INFO] NTP Time: [2023-10-09 22:38:18.228394]: Using the local timmer to pretend to be NTP time. Data recorded
Local Time: 2023-10-09 21:38:18 [INFO] NTP Time: [2023-10-09 22:38:18.351393]: Using the local timmer to pretend to be NTP time. Data recorded
Local Time: 2023-10-09 21:38:18 [INFO] NTP Time: [2023-10-09 22:38:18.470271]: Using the local timmer to pretend to be NTP time. Data recorded
Local Time: 2023-10-09 21:38:18 [INFO] NTP Time: [2023-10-09 22:38:18.590534]: Using the local timmer to pretend to be NTP time. Data recorded
Local Time: 2023-10-09 21:38:18 [INFO] NTP Time: [2023-10-09 22:38:18.715542]: Using the local timmer to pretend to be NTP time. Data recorded
Local Time: 2023-10-09 21:38:18 [INFO] NTP Time: [2023-10-09 22:38:18.830923]: Using the local timmer to pretend to be NTP time. Data recorded
Local Time: 2023-10-09 21:38:18 [INFO] NTP Time: [2023-10-09 22:38:18.950772]: Using the local timmer to pretend to be NTP time. Data recorded
Local Time: 2023-10-09 21:38:19 [INFO] NTP Time: [2023-10-09 22:38:19.069763]: Using the local timmer to pretend to be NTP time. Data recorded
Local Time: 2023-10-09 21:38:19 [INFO] NTP Time: [2023-10-09 22:38:19.208192]: Using the local timmer to pretend to be NTP time. Data recorded
Local Time: 2023-10-09 21:38:19 [INFO] NTP Time: [2023-10-09 22:38:19.324185]: Using the local timmer to pretend to be NTP time. Data recorded
Local Time: 2023-10-09 21:38:19 [INFO] NTP Time: [2023-10-09 22:38:19.444434]: Using the local timmer to pretend to be NTP time. Data recorded
Local Time: 2023-10-09 21:38:19 [INFO] NTP Time: [2023-10-09 22:38:19.560057]: Using the local timmer to pretend to be NTP time. Data recorded
Local Time: 2023-10-09 21:38:19 [INFO] NTP Time: [2023-10-09 22:38:19.679959]: Using the local timmer to pretend to be NTP time. Data recorded
Local Time: 2023-10-09 21:38:19 [INFO] NTP Time: [2023-10-09 22:38:19.810662]: Using the local timmer to pretend to be NTP time. Data recorded
Local Time: 2023-10-09 21:38:19 [INFO] NTP Time: [2023-10-09 22:38:19.928223]: Using the local timmer to pretend to be NTP time. Data recorded
Local Time: 2023-10-09 21:38:20 [INFO] NTP Time: [2023-10-09 22:38:20.051870]: Using the local timmer to pretend to be NTP time. Data recorded
Local Time: 2023-10-09 21:38:20 [INFO] NTP Time: [2023-10-09 22:38:20.171839]: Using the local timmer to pretend to be NTP time. Data recorded
Local Time: 2023-10-09 21:38:20 [INFO] NTP Time: [2023-10-09 22:38:20.341957]: Using the local timmer to pretend to be NTP time. Data recorded
Local Time: 2023-10-09 21:38:20 [INFO] NTP Time: [2023-10-09 22:38:20.457897]: Using the local timmer to pretend to be NTP time. Data recorded
Local Time: 2023-10-09 21:38:20 [INFO] NTP Time: [2023-10-09 22:38:20.584105]: Using the local timmer to pretend to be NTP time. Data recorded
Local Time: 2023-10-09 21:38:20 [INFO] NTP Time: [2023-10-09 22:38:20.744846]: Using the local timmer to pretend to be NTP time. Data recorded
Local Time: 2023-10-09 21:38:20 [INFO] NTP Time: [2023-10-09 22:38:20.868892]: Using the local timmer to pretend to be NTP time. Data recorded
Local Time: 2023-10-09 21:38:20 [INFO] NTP Time: [2023-10-09 22:38:20.985029]: Using the local timmer to pretend to be NTP time. Data recorded
Local Time: 2023-10-09 21:38:21 [INFO] NTP Time: [2023-10-09 22:38:21.245979]: Using the local timmer to pretend to be NTP time. Data recorded
Local Time: 2023-10-09 21:38:21 [INFO] NTP Time: [2023-10-09 22:38:21.363015]: Using the local timmer to pretend to be NTP time. Data recorded
Local Time: 2023-10-09 21:38:21 [INFO] NTP Time: [2023-10-09 22:38:21.486834]: Using the local timmer to pretend to be NTP time. Data recorded
Local Time: 2023-10-09 21:38:21 [INFO] NTP Time: [2023-10-09 22:38:21.674576]: Using the local timmer to pretend to be NTP time. Data recorded
Local Time: 2023-10-09 21:38:21 [INFO] NTP Time: [2023-10-09 22:38:21.795762]: Using the local timmer to pretend to be NTP time. Data recorded
Local Time: 2023-10-09 21:38:22 [INFO] NTP Time: [2023-10-09 22:38:22.027215]: Using the local timmer to pretend to be NTP time. Data recorded
Local Time: 2023-10-09 21:38:22 [INFO] NTP Time: [2023-10-09 22:38:22.146307]: Using the local timmer to pretend to be NTP time. Data recorded
Local Time: 2023-10-09 21:38:22 [INFO] NTP Time: [2023-10-09 22:38:22.418890]: Using the local timmer to pretend to be NTP time. Data recorded
Local Time: 2023-10-09 21:38:22 [INFO] NTP Time: [2023-10-09 22:38:22.537385]: Using the local timmer to pretend to be NTP time. Data recorded
Local Time: 2023-10-09 21:38:22 [INFO] NTP Time: [2023-10-09 22:38:22.906212]: Using the local timmer to pretend to be NTP time. Data recorded
Local Time: 2023-10-09 21:38:23 [INFO] NTP Time: [2023-10-09 22:38:23.022055]: Using the local timmer to pretend to be NTP time. Data recorded
Local Time: 2023-10-09 21:38:23 [INFO] NTP Time: [2023-10-09 22:38:23.142455]: Using the local timmer to pretend to be NTP time. Data recorded
Local Time: 2023-10-09 21:38:23 [INFO] NTP Time: [2023-10-09 22:38:23.318071]: Using the local timmer to pretend to be NTP time. Data recorded
Local Time: 2023-10-09 21:38:23 [INFO] NTP Time: [2023-10-09 22:38:23.437134]: Using the local timmer to pretend to be NTP time. Data recorded
Local Time: 2023-10-09 21:38:23 [INFO] NTP Time: [2023-10-09 22:38:23.577275]: Using the local timmer to pretend to be NTP time. Data recorded
Local Time: 2023-10-09 21:38:23 [INFO] NTP Time: [2023-10-09 22:38:23.706427]: Using the local timmer to pretend to be NTP time. Data recorded
Local Time: 2023-10-09 21:38:23 [INFO] NTP Time: [2023-10-09 22:38:23.827533]: Using the local timmer to pretend to be NTP time. Data recorded
Local Time: 2023-10-09 21:38:24 [INFO] NTP Time: [2023-10-09 22:38:24.045456]: Using the local timmer to pretend to be NTP time. Data recorded
Local Time: 2023-10-09 21:38:24 [INFO] NTP Time: [2023-10-09 22:38:24.166519]: Using the local timmer to pretend to be NTP time. Data recorded
Local Time: 2023-10-09 21:38:24 [INFO] NTP Time: [2023-10-09 22:38:24.554701]: Using the local timmer to pretend to be NTP time. Data recorded
Local Time: 2023-10-09 21:38:24 [INFO] NTP Time: [2023-10-09 22:38:24.672171]: Using the local timmer to pretend to be NTP time. Data recorded
Local Time: 2023-10-09 21:38:24 [INFO] NTP Time: [2023-10-09 22:38:24.791238]: Using the local timmer to pretend to be NTP time. Data recorded
Local Time: 2023-10-09 21:38:24 [INFO] NTP Time: [2023-10-09 22:38:24.943000]: Using the local timmer to pretend to be NTP time. Data recorded
Local Time: 2023-10-09 21:38:25 [INFO] NTP Time: [2023-10-09 22:38:25.058233]: Using the local timmer to pretend to be NTP time. Data recorded
Local Time: 2023-10-09 21:38:25 [INFO] NTP Time: [2023-10-09 22:38:25.324794]: Using the local timmer to pretend to be NTP time. Data recorded
Local Time: 2023-10-09 21:38:25 [INFO] NTP Time: [2023-10-09 22:38:25.447750]: Using the local timmer to pretend to be NTP time. Data recorded
Local Time: 2023-10-09 21:38:25 [INFO] NTP Time: [2023-10-09 22:38:25.564130]: Using the local timmer to pretend to be NTP time. Data recorded
Local Time: 2023-10-09 21:38:25 [INFO] NTP Time: [2023-10-09 22:38:25.767498]: Using the local timmer to pretend to be NTP time. Data recorded
Local Time: 2023-10-09 21:38:25 [INFO] NTP Time: [2023-10-09 22:38:25.888533]: Using the local timmer to pretend to be NTP time. Data recorded
Local Time: 2023-10-09 21:38:26 [INFO] NTP Time: [2023-10-09 22:38:26.136342]: Using the local timmer to pretend to be NTP time. Data recorded
Local Time: 2023-10-09 21:38:26 [INFO] NTP Time: [2023-10-09 22:38:26.253474]: Using the local timmer to pretend to be NTP time. Data recorded
Local Time: 2023-10-09 21:38:26 [INFO] NTP Time: [2023-10-09 22:38:26.623109]: Using the local timmer to pretend to be NTP time. Data recorded
Local Time: 2023-10-09 21:38:26 [INFO] NTP Time: [2023-10-09 22:38:26.745753]: Using the local timmer to pretend to be NTP time. Data recorded
Local Time: 2023-10-09 21:38:26 [INFO] NTP Time: [2023-10-09 22:38:26.990958]: Using the local timmer to pretend to be NTP time. Data recorded
Local Time: 2023-10-09 21:38:27 [INFO] NTP Time: [2023-10-09 22:38:27.118859]: Using the local timmer to pretend to be NTP time. Data recorded
Local Time: 2023-10-09 21:38:27 [INFO] NTP Time: [2023-10-09 22:38:27.348630]: Using the local timmer to pretend to be NTP time. Data recorded
Local Time: 2023-10-09 21:38:27 [INFO] NTP Time: [2023-10-09 22:38:27.464943]: Using the local timmer to pretend to be NTP time. Data recorded
Local Time: 2023-10-09 21:38:27 [INFO] NTP Time: [2023-10-09 22:38:27.725083]: Using the local timmer to pretend to be NTP time. Data recorded
Local Time: 2023-10-09 21:38:27 [INFO] NTP Time: [2023-10-09 22:38:27.844742]: Using the local timmer to pretend to be NTP time. Data recorded
Local Time: 2023-10-09 21:38:28 [INFO] NTP Time: [2023-10-09 22:38:28.260199]: Using the local timmer to pretend to be NTP time. Data recorded
Local Time: 2023-10-09 21:38:28 [INFO] NTP Time: [2023-10-09 22:38:28.380032]: Using the local timmer to pretend to be NTP time. Data recorded
Local Time: 2023-10-09 21:38:28 [INFO] NTP Time: [2023-10-09 22:38:28.525527]: Using the local timmer to pretend to be NTP time. Data recorded
Local Time: 2023-10-09 21:38:28 [INFO] NTP Time: [2023-10-09 22:38:28.660769]: Using the local timmer to pretend to be NTP time. Data recorded
Local Time: 2023-10-09 21:38:28 [INFO] NTP Time: [2023-10-09 22:38:28.784641]: Using the local timmer to pretend to be NTP time. Data recorded
Local Time: 2023-10-09 21:38:29 [INFO] NTP Time: [2023-10-09 22:38:29.019266]: Using the local timmer to pretend to be NTP time. Data recorded
Local Time: 2023-10-09 21:38:29 [INFO] NTP Time: [2023-10-09 22:38:29.138989]: Using the local timmer to pretend to be NTP time. Data recorded
Local Time: 2023-10-09 21:38:29 [INFO] NTP Time: [2023-10-09 22:38:29.393562]: Using the local timmer to pretend to be NTP time. Data recorded
Local Time: 2023-10-09 21:38:29 [INFO] NTP Time: [2023-10-09 22:38:29.509439]: Using the local timmer to pretend to be NTP time. Data recorded
Local Time: 2023-10-09 21:38:29 [INFO] NTP Time: [2023-10-09 22:38:29.805476]: Using the local timmer to pretend to be NTP time. Data recorded
Local Time: 2023-10-09 21:38:29 [INFO] NTP Time: [2023-10-09 22:38:29.936254]: Using the local timmer to pretend to be NTP time. Data recorded
Local Time: 2023-10-09 21:38:30 [INFO] NTP Time: [2023-10-09 22:38:30.057265]: Using the local timmer to pretend to be NTP time. Data recorded
Local Time: 2023-10-09 21:38:30 [INFO] NTP Time: [2023-10-09 22:38:30.362212]: Using the local timmer to pretend to be NTP time. Data recorded
Local Time: 2023-10-09 21:38:30 [INFO] NTP Time: [2023-10-09 22:38:30.479734]: Using the local timmer to pretend to be NTP time. Data recorded
Local Time: 2023-10-09 21:38:30 [INFO] NTP Time: [2023-10-09 22:38:30.781840]: Using the local timmer to pretend to be NTP time. Data recorded
Local Time: 2023-10-09 21:38:30 [INFO] NTP Time: [2023-10-09 22:38:30.903901]: Using the local timmer to pretend to be NTP time. Data recorded
Local Time: 2023-10-09 21:38:31 [INFO] NTP Time: [2023-10-09 22:38:31.065330]: Using the local timmer to pretend to be NTP time. Data recorded
Local Time: 2023-10-09 21:38:31 [INFO] NTP Time: [2023-10-09 22:38:31.191190]: Using the local timmer to pretend to be NTP time. Data recorded
Local Time: 2023-10-09 21:38:31 [INFO] NTP Time: [2023-10-09 22:38:31.310123]: Using the local timmer to pretend to be NTP time. Data recorded
Local Time: 2023-10-09 21:38:31 [INFO] NTP Time: [2023-10-09 22:38:31.603751]: Using the local timmer to pretend to be NTP time. Data recorded
Local Time: 2023-10-09 21:38:31 [INFO] NTP Time: [2023-10-09 22:38:31.722559]: Using the local timmer to pretend to be NTP time. Data recorded
Local Time: 2023-10-09 21:38:31 [INFO] NTP Time: [2023-10-09 22:38:31.842917]: Using the local timmer to pretend to be NTP time. Data recorded
Local Time: 2023-10-09 21:38:32 [INFO] NTP Time: [2023-10-09 22:38:32.172682]: Using the local timmer to pretend to be NTP time. Data recorded
Local Time: 2023-10-09 21:38:32 [INFO] NTP Time: [2023-10-09 22:38:32.296291]: Using the local timmer to pretend to be NTP time. Data recorded
Local Time: 2023-10-09 21:38:32 [INFO] NTP Time: [2023-10-09 22:38:32.436605]: Using the local timmer to pretend to be NTP time. Data recorded
Local Time: 2023-10-09 21:38:32 [INFO] NTP Time: [2023-10-09 22:38:32.571072]: Using the local timmer to pretend to be NTP time. Data recorded
Local Time: 2023-10-09 21:38:32 [INFO] NTP Time: [2023-10-09 22:38:32.686957]: Using the local timmer to pretend to be NTP time. Data recorded
Local Time: 2023-10-09 21:38:32 [INFO] NTP Time: [2023-10-09 22:38:32.995627]: Using the local timmer to pretend to be NTP time. Data recorded
Local Time: 2023-10-09 21:38:33 [INFO] NTP Time: [2023-10-09 22:38:33.112723]: Using the local timmer to pretend to be NTP time. Data recorded
Local Time: 2023-10-09 21:38:33 [INFO] NTP Time: [2023-10-09 22:38:33.318300]: Using the local timmer to pretend to be NTP time. Data recorded
Local Time: 2023-10-09 21:38:33 [INFO] NTP Time: [2023-10-09 22:38:33.441275]: Using the local timmer to pretend to be NTP time. Data recorded
Local Time: 2023-10-09 21:38:33 [INFO] NTP Time: [2023-10-09 22:38:33.568354]: Using the local timmer to pretend to be NTP time. Data recorded
Local Time: 2023-10-09 21:38:33 [INFO] NTP Time: [2023-10-09 22:38:33.881635]: Using the local timmer to pretend to be NTP time. Data recorded
Local Time: 2023-10-09 21:38:34 [INFO] NTP Time: [2023-10-09 22:38:34.004322]: Using the local timmer to pretend to be NTP time. Data recorded
Local Time: 2023-10-09 21:38:34 [INFO] NTP Time: [2023-10-09 22:38:34.244462]: Using the local timmer to pretend to be NTP time. Data recorded
Local Time: 2023-10-09 21:38:34 [INFO] NTP Time: [2023-10-09 22:38:34.362276]: Using the local timmer to pretend to be NTP time. Data recorded
Local Time: 2023-10-09 21:38:34 [INFO] NTP Time: [2023-10-09 22:38:34.624034]: Using the local timmer to pretend to be NTP time. Data recorded
Local Time: 2023-10-09 21:38:34 [INFO] NTP Time: [2023-10-09 22:38:34.747530]: Using the local timmer to pretend to be NTP time. Data recorded
Local Time: 2023-10-09 21:38:34 [INFO] NTP Time: [2023-10-09 22:38:34.988747]: Using the local timmer to pretend to be NTP time. Data recorded
Local Time: 2023-10-09 21:38:35 [INFO] NTP Time: [2023-10-09 22:38:35.109106]: Using the local timmer to pretend to be NTP time. Data recorded
Local Time: 2023-10-09 21:38:35 [INFO] NTP Time: [2023-10-09 22:38:35.483759]: Using the local timmer to pretend to be NTP time. Data recorded
Local Time: 2023-10-09 21:38:35 [INFO] NTP Time: [2023-10-09 22:38:35.603666]: Using the local timmer to pretend to be NTP time. Data recorded
Local Time: 2023-10-09 21:38:35 [INFO] NTP Time: [2023-10-09 22:38:35.841959]: Using the local timmer to pretend to be NTP time. Data recorded
Local Time: 2023-10-09 21:38:35 [INFO] NTP Time: [2023-10-09 22:38:35.963918]: Using the local timmer to pretend to be NTP time. Data recorded
Local Time: 2023-10-09 21:38:36 [INFO] NTP Time: [2023-10-09 22:38:36.224513]: Using the local timmer to pretend to be NTP time. Data recorded
Local Time: 2023-10-09 21:38:36 [INFO] NTP Time: [2023-10-09 22:38:36.345804]: Using the local timmer to pretend to be NTP time. Data recorded
Local Time: 2023-10-09 21:38:36 [INFO] NTP Time: [2023-10-09 22:38:36.616742]: Using the local timmer to pretend to be NTP time. Data recorded
Local Time: 2023-10-09 21:38:36 [INFO] NTP Time: [2023-10-09 22:38:36.736214]: Using the local timmer to pretend to be NTP time. Data recorded
Local Time: 2023-10-09 21:38:37 [INFO] NTP Time: [2023-10-09 22:38:37.012094]: Using the local timmer to pretend to be NTP time. Data recorded
Local Time: 2023-10-09 21:38:37 [INFO] NTP Time: [2023-10-09 22:38:37.136574]: Using the local timmer to pretend to be NTP time. Data recorded
Local Time: 2023-10-09 21:38:37 [INFO] NTP Time: [2023-10-09 22:38:37.429285]: Using the local timmer to pretend to be NTP time. Data recorded
Local Time: 2023-10-09 21:38:37 [INFO] NTP Time: [2023-10-09 22:38:37.558725]: Using the local timmer to pretend to be NTP time. Data recorded
Local Time: 2023-10-09 21:38:37 [INFO] NTP Time: [2023-10-09 22:38:37.786594]: Using the local timmer to pretend to be NTP time. Data recorded
Local Time: 2023-10-09 21:38:37 [INFO] NTP Time: [2023-10-09 22:38:37.912982]: Using the local timmer to pretend to be NTP time. Data recorded
Local Time: 2023-10-09 21:38:38 [INFO] NTP Time: [2023-10-09 22:38:38.188811]: Using the local timmer to pretend to be NTP time. Data recorded
Local Time: 2023-10-09 21:38:38 [INFO] NTP Time: [2023-10-09 22:38:38.318478]: Using the local timmer to pretend to be NTP time. Data recorded
Local Time: 2023-10-09 21:38:38 [INFO] NTP Time: [2023-10-09 22:38:38.597604]: Using the local timmer to pretend to be NTP time. Data recorded
Local Time: 2023-10-09 21:38:38 [INFO] NTP Time: [2023-10-09 22:38:38.716297]: Using the local timmer to pretend to be NTP time. Data recorded
Local Time: 2023-10-09 21:38:39 [INFO] NTP Time: [2023-10-09 22:38:39.085283]: Using the local timmer to pretend to be NTP time. Data recorded
Local Time: 2023-10-09 21:38:39 [INFO] NTP Time: [2023-10-09 22:38:39.217759]: Using the local timmer to pretend to be NTP time. Data recorded
Local Time: 2023-10-09 21:38:39 [INFO] NTP Time: [2023-10-09 22:38:39.496364]: Using the local timmer to pretend to be NTP time. Data recorded
Local Time: 2023-10-09 21:38:39 [INFO] NTP Time: [2023-10-09 22:38:39.875793]: Using the local timmer to pretend to be NTP time. Data recorded
Local Time: 2023-10-09 21:38:39 [INFO] NTP Time: [2023-10-09 22:38:39.997729]: Using the local timmer to pretend to be NTP time. Data recorded
Local Time: 2023-10-09 21:38:40 [INFO] NTP Time: [2023-10-09 22:38:40.282607]: Using the local timmer to pretend to be NTP time. Data recorded
Local Time: 2023-10-09 21:38:40 [INFO] NTP Time: [2023-10-09 22:38:40.402545]: Using the local timmer to pretend to be NTP time. Data recorded
Local Time: 2023-10-09 21:38:40 [INFO] NTP Time: [2023-10-09 22:38:40.790598]: Using the local timmer to pretend to be NTP time. Data recorded
Local Time: 2023-10-09 21:38:41 [INFO] NTP Time: [2023-10-09 22:38:41.172208]: Using the local timmer to pretend to be NTP time. Data recorded
Local Time: 2023-10-09 21:38:41 [INFO] NTP Time: [2023-10-09 22:38:41.288782]: Using the local timmer to pretend to be NTP time. Data recorded
Local Time: 2023-10-09 21:38:41 [INFO] NTP Time: [2023-10-09 22:38:41.595986]: Using the local timmer to pretend to be NTP time. Data recorded
Local Time: 2023-10-09 21:38:41 [INFO] NTP Time: [2023-10-09 22:38:41.717987]: Using the local timmer to pretend to be NTP time. Data recorded
Local Time: 2023-10-09 21:38:41 [INFO] NTP Time: [2023-10-09 22:38:41.840178]: Using the local timmer to pretend to be NTP time. Data recorded
Local Time: 2023-10-09 21:38:42 [INFO] NTP Time: [2023-10-09 22:38:42.075705]: Using the local timmer to pretend to be NTP time. Data recorded
Local Time: 2023-10-09 21:38:42 [INFO] NTP Time: [2023-10-09 22:38:42.194338]: Using the local timmer to pretend to be NTP time. Data recorded
Local Time: 2023-10-09 21:38:42 [INFO] NTP Time: [2023-10-09 22:38:42.316214]: Using the local timmer to pretend to be NTP time. Data recorded
Local Time: 2023-10-09 21:38:42 [INFO] NTP Time: [2023-10-09 22:38:42.635433]: Using the local timmer to pretend to be NTP time. Data recorded
Local Time: 2023-10-09 21:38:42 [INFO] NTP Time: [2023-10-09 22:38:42.753648]: Using the local timmer to pretend to be NTP time. Data recorded
Local Time: 2023-10-09 21:38:43 [INFO] NTP Time: [2023-10-09 22:38:43.050591]: Using the local timmer to pretend to be NTP time. Data recorded
Local Time: 2023-10-09 21:38:43 [INFO] NTP Time: [2023-10-09 22:38:43.176324]: Using the local timmer to pretend to be NTP time. Data recorded
Local Time: 2023-10-09 21:38:43 [INFO] NTP Time: [2023-10-09 22:38:43.525678]: Using the local timmer to pretend to be NTP time. Data recorded
Local Time: 2023-10-09 21:38:43 [INFO] NTP Time: [2023-10-09 22:38:43.655600]: Using the local timmer to pretend to be NTP time. Data recorded
Local Time: 2023-10-09 21:38:43 [INFO] NTP Time: [2023-10-09 22:38:43.778744]: Using the local timmer to pretend to be NTP time. Data recorded
Local Time: 2023-10-09 21:38:44 [INFO] NTP Time: [2023-10-09 22:38:44.017080]: Using the local timmer to pretend to be NTP time. Data recorded
Local Time: 2023-10-09 21:38:44 [INFO] NTP Time: [2023-10-09 22:38:44.139371]: Using the local timmer to pretend to be NTP time. Data recorded
Local Time: 2023-10-09 21:38:44 [INFO] NTP Time: [2023-10-09 22:38:44.380678]: Using the local timmer to pretend to be NTP time. Data recorded
Local Time: 2023-10-09 21:38:44 [INFO] NTP Time: [2023-10-09 22:38:44.576790]: Using the local timmer to pretend to be NTP time. Data recorded
Local Time: 2023-10-09 21:38:44 [INFO] NTP Time: [2023-10-09 22:38:44.694547]: Using the local timmer to pretend to be NTP time. Data recorded
Local Time: 2023-10-09 21:38:45 [INFO] NTP Time: [2023-10-09 22:38:45.082421]: Using the local timmer to pretend to be NTP time. Data recorded
Local Time: 2023-10-09 21:38:45 [INFO] NTP Time: [2023-10-09 22:38:45.206461]: Using the local timmer to pretend to be NTP time. Data recorded
Local Time: 2023-10-09 21:38:45 [INFO] NTP Time: [2023-10-09 22:38:45.376311]: Using the local timmer to pretend to be NTP time. Data recorded
Local Time: 2023-10-09 21:38:45 [INFO] NTP Time: [2023-10-09 22:38:45.550106]: Using the local timmer to pretend to be NTP time. Data recorded
Local Time: 2023-10-09 21:38:45 [INFO] NTP Time: [2023-10-09 22:38:45.671268]: Using the local timmer to pretend to be NTP time. Data recorded
Local Time: 2023-10-09 21:38:46 [INFO] NTP Time: [2023-10-09 22:38:46.164657]: Using the local timmer to pretend to be NTP time. Data recorded
Local Time: 2023-10-09 21:38:46 [INFO] NTP Time: [2023-10-09 22:38:46.284982]: Using the local timmer to pretend to be NTP time. Data recorded
Local Time: 2023-10-09 21:38:46 [INFO] NTP Time: [2023-10-09 22:38:46.641999]: Using the local timmer to pretend to be NTP time. Data recorded
Local Time: 2023-10-09 21:38:46 [INFO] NTP Time: [2023-10-09 22:38:46.765964]: Using the local timmer to pretend to be NTP time. Data recorded
Local Time: 2023-10-09 21:38:47 [INFO] NTP Time: [2023-10-09 22:38:47.039556]: Using the local timmer to pretend to be NTP time. Data recorded
Local Time: 2023-10-09 21:38:47 [INFO] NTP Time: [2023-10-09 22:38:47.165908]: Using the local timmer to pretend to be NTP time. Data recorded
Local Time: 2023-10-09 21:38:47 [INFO] NTP Time: [2023-10-09 22:38:47.293163]: Using the local timmer to pretend to be NTP time. Data recorded
Local Time: 2023-10-09 21:38:47 [INFO] NTP Time: [2023-10-09 22:38:47.567984]: Using the local timmer to pretend to be NTP time. Data recorded
Local Time: 2023-10-09 21:38:47 [INFO] NTP Time: [2023-10-09 22:38:47.689944]: Using the local timmer to pretend to be NTP time. Data recorded
Local Time: 2023-10-09 21:38:48 [INFO] NTP Time: [2023-10-09 22:38:48.054196]: Using the local timmer to pretend to be NTP time. Data recorded
Local Time: 2023-10-09 21:38:48 [INFO] NTP Time: [2023-10-09 22:38:48.181039]: Using the local timmer to pretend to be NTP time. Data recorded
Local Time: 2023-10-09 21:38:48 [INFO] NTP Time: [2023-10-09 22:38:48.303548]: Using the local timmer to pretend to be NTP time. Data recorded
Local Time: 2023-10-09 21:38:48 [INFO] NTP Time: [2023-10-09 22:38:48.579746]: Using the local timmer to pretend to be NTP time. Data recorded
Local Time: 2023-10-09 21:38:48 [INFO] NTP Time: [2023-10-09 22:38:48.704436]: Using the local timmer to pretend to be NTP time. Data recorded
Local Time: 2023-10-09 21:38:49 [INFO] NTP Time: [2023-10-09 22:38:49.047023]: Using the local timmer to pretend to be NTP time. Data recorded
Local Time: 2023-10-09 21:38:49 [INFO] NTP Time: [2023-10-09 22:38:49.172215]: Using the local timmer to pretend to be NTP time. Data recorded
Local Time: 2023-10-09 21:38:49 [INFO] NTP Time: [2023-10-09 22:38:49.293236]: Using the local timmer to pretend to be NTP time. Data recorded
Local Time: 2023-10-09 21:38:49 [INFO] NTP Time: [2023-10-09 22:38:49.558477]: Using the local timmer to pretend to be NTP time. Data recorded
Local Time: 2023-10-09 21:38:49 [INFO] NTP Time: [2023-10-09 22:38:49.683463]: Using the local timmer to pretend to be NTP time. Data recorded
Local Time: 2023-10-09 21:38:49 [INFO] NTP Time: [2023-10-09 22:38:49.810606]: Using the local timmer to pretend to be NTP time. Data recorded
Local Time: 2023-10-09 21:38:50 [INFO] NTP Time: [2023-10-09 22:38:50.061248]: Using the local timmer to pretend to be NTP time. Data recorded
Local Time: 2023-10-09 21:38:50 [INFO] NTP Time: [2023-10-09 22:38:50.191731]: Using the local timmer to pretend to be NTP time. Data recorded
Local Time: 2023-10-09 21:38:50 [INFO] NTP Time: [2023-10-09 22:38:50.333532]: Using the local timmer to pretend to be NTP time. Data recorded
Local Time: 2023-10-09 21:38:50 [INFO] NTP Time: [2023-10-09 22:38:50.623585]: Using the local timmer to pretend to be NTP time. Data recorded
Local Time: 2023-10-09 21:38:50 [INFO] NTP Time: [2023-10-09 22:38:50.755647]: Using the local timmer to pretend to be NTP time. Data recorded
Local Time: 2023-10-09 21:38:50 [INFO] NTP Time: [2023-10-09 22:38:50.917857]: Using the local timmer to pretend to be NTP time. Data recorded
Local Time: 2023-10-09 21:38:51 [INFO] NTP Time: [2023-10-09 22:38:51.140292]: Using the local timmer to pretend to be NTP time. Data recorded
Local Time: 2023-10-09 21:38:51 [INFO] NTP Time: [2023-10-09 22:38:51.262308]: Using the local timmer to pretend to be NTP time. Data recorded
Local Time: 2023-10-09 21:38:51 [INFO] NTP Time: [2023-10-09 22:38:51.383477]: Using the local timmer to pretend to be NTP time. Data recorded
Local Time: 2023-10-09 21:38:51 [INFO] NTP Time: [2023-10-09 22:38:51.645054]: Using the local timmer to pretend to be NTP time. Data recorded
Local Time: 2023-10-09 21:38:51 [INFO] NTP Time: [2023-10-09 22:38:51.668173]: End recording by a terminate action.
