Local Time: 2023-10-09 20:24:51 [INFO] NTP Time: [2023-10-09 21:24:51.532229]: Loaded configuration: {'participant': {'id': 'P001', 'age': '25', 'gender': 'M', 'ethnicity': 'Caucasian', 'height': '165', 'weight': '65'}, 'experiment': {'date': '2022-01-01', 'time': '14:00:00', 'condition': 'HW101M', 'group': 'A', 'illumination_level': 'low'}, 'task_info': {'task_name': 'Task1', 'trial_number': '5'}, 'notes': {'comments': 'Participant seemed tired during the session.'}, 'label_info': {'activity': 'sit'}}
Local Time: 2023-10-09 20:24:51 [INFO] NTP Time: [2023-10-09 21:24:51.532338]: Loaded mmwave configuration: {'setting1': 'value1', 'setting2': 'value2', 'Data storage location': 'AWR1843-Read-Data-Python-MMWAVE-SDK-3--master/data', 'mmwave_Datatype': 'dictionary'}
Local Time: 2023-10-09 20:24:52 [INFO] NTP Time: [2023-10-09 21:24:52.307190]: Using NTP time as the start timmer.
Local Time: 2023-10-09 20:24:52 [INFO] NTP Time: [2023-10-09 21:24:52.424161]: Using the local timmer to pretend to be NTP time. Data recorded
Local Time: 2023-10-09 20:24:52 [INFO] NTP Time: [2023-10-09 21:24:52.538834]: Using the local timmer to pretend to be NTP time. Data recorded
Local Time: 2023-10-09 20:24:52 [INFO] NTP Time: [2023-10-09 21:24:52.653537]: Using the local timmer to pretend to be NTP time. Data recorded
Local Time: 2023-10-09 20:24:52 [INFO] NTP Time: [2023-10-09 21:24:52.767546]: Using the local timmer to pretend to be NTP time. Data recorded
Local Time: 2023-10-09 20:24:52 [INFO] NTP Time: [2023-10-09 21:24:52.881776]: Using the local timmer to pretend to be NTP time. Data recorded
Local Time: 2023-10-09 20:24:52 [INFO] NTP Time: [2023-10-09 21:24:52.996907]: Using the local timmer to pretend to be NTP time. Data recorded
Local Time: 2023-10-09 20:24:53 [INFO] NTP Time: [2023-10-09 21:24:53.111066]: Using the local timmer to pretend to be NTP time. Data recorded
Local Time: 2023-10-09 20:24:53 [INFO] NTP Time: [2023-10-09 21:24:53.225118]: Using the local timmer to pretend to be NTP time. Data recorded
Local Time: 2023-10-09 20:24:53 [INFO] NTP Time: [2023-10-09 21:24:53.340217]: Using the local timmer to pretend to be NTP time. Data recorded
Local Time: 2023-10-09 20:24:53 [INFO] NTP Time: [2023-10-09 21:24:53.454520]: Using the local timmer to pretend to be NTP time. Data recorded
Local Time: 2023-10-09 20:24:53 [INFO] NTP Time: [2023-10-09 21:24:53.569054]: Using the local timmer to pretend to be NTP time. Data recorded
Local Time: 2023-10-09 20:24:53 [INFO] NTP Time: [2023-10-09 21:24:53.684120]: Using the local timmer to pretend to be NTP time. Data recorded
Local Time: 2023-10-09 20:24:53 [INFO] NTP Time: [2023-10-09 21:24:53.798335]: Using the local timmer to pretend to be NTP time. Data recorded
Local Time: 2023-10-09 20:24:53 [INFO] NTP Time: [2023-10-09 21:24:53.913414]: Using the local timmer to pretend to be NTP time. Data recorded
Local Time: 2023-10-09 20:24:54 [INFO] NTP Time: [2023-10-09 21:24:54.028289]: Using the local timmer to pretend to be NTP time. Data recorded
Local Time: 2023-10-09 20:24:54 [INFO] NTP Time: [2023-10-09 21:24:54.143289]: Using the local timmer to pretend to be NTP time. Data recorded
Local Time: 2023-10-09 20:24:54 [INFO] NTP Time: [2023-10-09 21:24:54.258629]: Using the local timmer to pretend to be NTP time. Data recorded
Local Time: 2023-10-09 20:24:54 [INFO] NTP Time: [2023-10-09 21:24:54.373358]: Using the local timmer to pretend to be NTP time. Data recorded
Local Time: 2023-10-09 20:24:54 [INFO] NTP Time: [2023-10-09 21:24:54.488676]: Using the local timmer to pretend to be NTP time. Data recorded
Local Time: 2023-10-09 20:24:54 [INFO] NTP Time: [2023-10-09 21:24:54.603137]: Using the local timmer to pretend to be NTP time. Data recorded
Local Time: 2023-10-09 20:24:54 [INFO] NTP Time: [2023-10-09 21:24:54.717578]: Using the local timmer to pretend to be NTP time. Data recorded
Local Time: 2023-10-09 20:24:54 [INFO] NTP Time: [2023-10-09 21:24:54.832656]: Using the local timmer to pretend to be NTP time. Data recorded
Local Time: 2023-10-09 20:24:54 [INFO] NTP Time: [2023-10-09 21:24:54.947689]: Using the local timmer to pretend to be NTP time. Data recorded
Local Time: 2023-10-09 20:24:55 [INFO] NTP Time: [2023-10-09 21:24:55.061841]: Using the local timmer to pretend to be NTP time. Data recorded
Local Time: 2023-10-09 20:24:55 [INFO] NTP Time: [2023-10-09 21:24:55.177051]: Using the local timmer to pretend to be NTP time. Data recorded
Local Time: 2023-10-09 20:24:55 [INFO] NTP Time: [2023-10-09 21:24:55.291848]: Using the local timmer to pretend to be NTP time. Data recorded
Local Time: 2023-10-09 20:24:55 [INFO] NTP Time: [2023-10-09 21:24:55.407291]: Using the local timmer to pretend to be NTP time. Data recorded
Local Time: 2023-10-09 20:24:55 [INFO] NTP Time: [2023-10-09 21:24:55.523692]: Using the local timmer to pretend to be NTP time. Data recorded
Local Time: 2023-10-09 20:24:55 [INFO] NTP Time: [2023-10-09 21:24:55.640147]: Using the local timmer to pretend to be NTP time. Data recorded
Local Time: 2023-10-09 20:24:55 [INFO] NTP Time: [2023-10-09 21:24:55.756424]: Using the local timmer to pretend to be NTP time. Data recorded
Local Time: 2023-10-09 20:24:55 [INFO] NTP Time: [2023-10-09 21:24:55.871977]: Using the local timmer to pretend to be NTP time. Data recorded
Local Time: 2023-10-09 20:24:55 [INFO] NTP Time: [2023-10-09 21:24:55.986507]: Using the local timmer to pretend to be NTP time. Data recorded
Local Time: 2023-10-09 20:24:56 [INFO] NTP Time: [2023-10-09 21:24:56.102007]: Using the local timmer to pretend to be NTP time. Data recorded
Local Time: 2023-10-09 20:24:56 [INFO] NTP Time: [2023-10-09 21:24:56.216704]: Using the local timmer to pretend to be NTP time. Data recorded
Local Time: 2023-10-09 20:24:56 [INFO] NTP Time: [2023-10-09 21:24:56.333217]: Using the local timmer to pretend to be NTP time. Data recorded
Local Time: 2023-10-09 20:24:56 [INFO] NTP Time: [2023-10-09 21:24:56.448489]: Using the local timmer to pretend to be NTP time. Data recorded
Local Time: 2023-10-09 20:24:56 [INFO] NTP Time: [2023-10-09 21:24:56.563636]: Using the local timmer to pretend to be NTP time. Data recorded
Local Time: 2023-10-09 20:24:56 [INFO] NTP Time: [2023-10-09 21:24:56.681228]: Using the local timmer to pretend to be NTP time. Data recorded
Local Time: 2023-10-09 20:24:56 [INFO] NTP Time: [2023-10-09 21:24:56.796828]: Using the local timmer to pretend to be NTP time. Data recorded
Local Time: 2023-10-09 20:24:56 [INFO] NTP Time: [2023-10-09 21:24:56.911725]: Using the local timmer to pretend to be NTP time. Data recorded
Local Time: 2023-10-09 20:24:57 [INFO] NTP Time: [2023-10-09 21:24:57.027455]: Using the local timmer to pretend to be NTP time. Data recorded
Local Time: 2023-10-09 20:24:57 [INFO] NTP Time: [2023-10-09 21:24:57.142887]: Using the local timmer to pretend to be NTP time. Data recorded
Local Time: 2023-10-09 20:24:57 [INFO] NTP Time: [2023-10-09 21:24:57.258187]: Using the local timmer to pretend to be NTP time. Data recorded
Local Time: 2023-10-09 20:24:57 [INFO] NTP Time: [2023-10-09 21:24:57.373331]: Using the local timmer to pretend to be NTP time. Data recorded
Local Time: 2023-10-09 20:24:57 [INFO] NTP Time: [2023-10-09 21:24:57.489110]: Using the local timmer to pretend to be NTP time. Data recorded
Local Time: 2023-10-09 20:24:57 [INFO] NTP Time: [2023-10-09 21:24:57.604970]: Using the local timmer to pretend to be NTP time. Data recorded
Local Time: 2023-10-09 20:24:57 [INFO] NTP Time: [2023-10-09 21:24:57.720758]: Using the local timmer to pretend to be NTP time. Data recorded
Local Time: 2023-10-09 20:24:57 [INFO] NTP Time: [2023-10-09 21:24:57.836159]: Using the local timmer to pretend to be NTP time. Data recorded
Local Time: 2023-10-09 20:24:57 [INFO] NTP Time: [2023-10-09 21:24:57.951485]: Using the local timmer to pretend to be NTP time. Data recorded
Local Time: 2023-10-09 20:24:58 [INFO] NTP Time: [2023-10-09 21:24:58.067212]: Using the local timmer to pretend to be NTP time. Data recorded
Local Time: 2023-10-09 20:24:58 [INFO] NTP Time: [2023-10-09 21:24:58.183124]: Using the local timmer to pretend to be NTP time. Data recorded
Local Time: 2023-10-09 20:24:58 [INFO] NTP Time: [2023-10-09 21:24:58.299086]: Using the local timmer to pretend to be NTP time. Data recorded
Local Time: 2023-10-09 20:24:58 [INFO] NTP Time: [2023-10-09 21:24:58.415092]: Using the local timmer to pretend to be NTP time. Data recorded
Local Time: 2023-10-09 20:24:58 [INFO] NTP Time: [2023-10-09 21:24:58.530636]: Using the local timmer to pretend to be NTP time. Data recorded
Local Time: 2023-10-09 20:24:58 [INFO] NTP Time: [2023-10-09 21:24:58.645979]: Using the local timmer to pretend to be NTP time. Data recorded
Local Time: 2023-10-09 20:24:58 [INFO] NTP Time: [2023-10-09 21:24:58.762450]: Using the local timmer to pretend to be NTP time. Data recorded
Local Time: 2023-10-09 20:24:58 [INFO] NTP Time: [2023-10-09 21:24:58.879005]: Using the local timmer to pretend to be NTP time. Data recorded
Local Time: 2023-10-09 20:24:58 [INFO] NTP Time: [2023-10-09 21:24:58.995030]: Using the local timmer to pretend to be NTP time. Data recorded
Local Time: 2023-10-09 20:24:59 [INFO] NTP Time: [2023-10-09 21:24:59.111603]: Using the local timmer to pretend to be NTP time. Data recorded
Local Time: 2023-10-09 20:24:59 [INFO] NTP Time: [2023-10-09 21:24:59.227893]: Using the local timmer to pretend to be NTP time. Data recorded
Local Time: 2023-10-09 20:24:59 [INFO] NTP Time: [2023-10-09 21:24:59.344059]: Using the local timmer to pretend to be NTP time. Data recorded
Local Time: 2023-10-09 20:24:59 [INFO] NTP Time: [2023-10-09 21:24:59.460085]: Using the local timmer to pretend to be NTP time. Data recorded
Local Time: 2023-10-09 20:24:59 [INFO] NTP Time: [2023-10-09 21:24:59.576545]: Using the local timmer to pretend to be NTP time. Data recorded
Local Time: 2023-10-09 20:24:59 [INFO] NTP Time: [2023-10-09 21:24:59.693358]: Using the local timmer to pretend to be NTP time. Data recorded
Local Time: 2023-10-09 20:24:59 [INFO] NTP Time: [2023-10-09 21:24:59.809266]: Using the local timmer to pretend to be NTP time. Data recorded
Local Time: 2023-10-09 20:24:59 [INFO] NTP Time: [2023-10-09 21:24:59.926280]: Using the local timmer to pretend to be NTP time. Data recorded
Local Time: 2023-10-09 20:25:00 [INFO] NTP Time: [2023-10-09 21:25:00.042459]: Using the local timmer to pretend to be NTP time. Data recorded
Local Time: 2023-10-09 20:25:00 [INFO] NTP Time: [2023-10-09 21:25:00.158238]: Using the local timmer to pretend to be NTP time. Data recorded
Local Time: 2023-10-09 20:25:00 [INFO] NTP Time: [2023-10-09 21:25:00.273881]: Using the local timmer to pretend to be NTP time. Data recorded
Local Time: 2023-10-09 20:25:00 [INFO] NTP Time: [2023-10-09 21:25:00.389723]: Using the local timmer to pretend to be NTP time. Data recorded
Local Time: 2023-10-09 20:25:00 [INFO] NTP Time: [2023-10-09 21:25:00.505921]: Using the local timmer to pretend to be NTP time. Data recorded
Local Time: 2023-10-09 20:25:00 [INFO] NTP Time: [2023-10-09 21:25:00.621734]: Using the local timmer to pretend to be NTP time. Data recorded
Local Time: 2023-10-09 20:25:00 [INFO] NTP Time: [2023-10-09 21:25:00.738005]: Using the local timmer to pretend to be NTP time. Data recorded
Local Time: 2023-10-09 20:25:00 [INFO] NTP Time: [2023-10-09 21:25:00.854659]: Using the local timmer to pretend to be NTP time. Data recorded
Local Time: 2023-10-09 20:25:00 [INFO] NTP Time: [2023-10-09 21:25:00.971260]: Using the local timmer to pretend to be NTP time. Data recorded
Local Time: 2023-10-09 20:25:01 [INFO] NTP Time: [2023-10-09 21:25:01.087811]: Using the local timmer to pretend to be NTP time. Data recorded
Local Time: 2023-10-09 20:25:01 [INFO] NTP Time: [2023-10-09 21:25:01.204958]: Using the local timmer to pretend to be NTP time. Data recorded
Local Time: 2023-10-09 20:25:01 [INFO] NTP Time: [2023-10-09 21:25:01.321596]: Using the local timmer to pretend to be NTP time. Data recorded
Local Time: 2023-10-09 20:25:01 [INFO] NTP Time: [2023-10-09 21:25:01.438162]: Using the local timmer to pretend to be NTP time. Data recorded
Local Time: 2023-10-09 20:25:01 [INFO] NTP Time: [2023-10-09 21:25:01.555869]: Using the local timmer to pretend to be NTP time. Data recorded
Local Time: 2023-10-09 20:25:01 [INFO] NTP Time: [2023-10-09 21:25:01.672603]: Using the local timmer to pretend to be NTP time. Data recorded
Local Time: 2023-10-09 20:25:01 [INFO] NTP Time: [2023-10-09 21:25:01.789203]: Using the local timmer to pretend to be NTP time. Data recorded
Local Time: 2023-10-09 20:25:01 [INFO] NTP Time: [2023-10-09 21:25:01.905516]: Using the local timmer to pretend to be NTP time. Data recorded
Local Time: 2023-10-09 20:25:02 [INFO] NTP Time: [2023-10-09 21:25:02.021846]: Using the local timmer to pretend to be NTP time. Data recorded
Local Time: 2023-10-09 20:25:02 [INFO] NTP Time: [2023-10-09 21:25:02.138709]: Using the local timmer to pretend to be NTP time. Data recorded
Local Time: 2023-10-09 20:25:02 [INFO] NTP Time: [2023-10-09 21:25:02.255109]: Using the local timmer to pretend to be NTP time. Data recorded
Local Time: 2023-10-09 20:25:02 [INFO] NTP Time: [2023-10-09 21:25:02.371612]: Using the local timmer to pretend to be NTP time. Data recorded
Local Time: 2023-10-09 20:25:02 [INFO] NTP Time: [2023-10-09 21:25:02.487808]: Using the local timmer to pretend to be NTP time. Data recorded
Local Time: 2023-10-09 20:25:02 [INFO] NTP Time: [2023-10-09 21:25:02.605070]: Using the local timmer to pretend to be NTP time. Data recorded
Local Time: 2023-10-09 20:25:02 [INFO] NTP Time: [2023-10-09 21:25:02.721974]: Using the local timmer to pretend to be NTP time. Data recorded
Local Time: 2023-10-09 20:25:02 [INFO] NTP Time: [2023-10-09 21:25:02.837966]: Using the local timmer to pretend to be NTP time. Data recorded
Local Time: 2023-10-09 20:25:02 [INFO] NTP Time: [2023-10-09 21:25:02.953988]: Using the local timmer to pretend to be NTP time. Data recorded
Local Time: 2023-10-09 20:25:03 [INFO] NTP Time: [2023-10-09 21:25:03.070895]: Using the local timmer to pretend to be NTP time. Data recorded
Local Time: 2023-10-09 20:25:03 [INFO] NTP Time: [2023-10-09 21:25:03.186986]: Using the local timmer to pretend to be NTP time. Data recorded
Local Time: 2023-10-09 20:25:03 [INFO] NTP Time: [2023-10-09 21:25:03.305689]: Using the local timmer to pretend to be NTP time. Data recorded
Local Time: 2023-10-09 20:25:03 [INFO] NTP Time: [2023-10-09 21:25:03.422429]: Using the local timmer to pretend to be NTP time. Data recorded
Local Time: 2023-10-09 20:25:03 [INFO] NTP Time: [2023-10-09 21:25:03.540447]: Using the local timmer to pretend to be NTP time. Data recorded
Local Time: 2023-10-09 20:25:03 [INFO] NTP Time: [2023-10-09 21:25:03.656941]: Using the local timmer to pretend to be NTP time. Data recorded
Local Time: 2023-10-09 20:25:03 [INFO] NTP Time: [2023-10-09 21:25:03.774407]: Using the local timmer to pretend to be NTP time. Data recorded
Local Time: 2023-10-09 20:25:03 [INFO] NTP Time: [2023-10-09 21:25:03.892829]: Using the local timmer to pretend to be NTP time. Data recorded
Local Time: 2023-10-09 20:25:04 [INFO] NTP Time: [2023-10-09 21:25:04.010389]: Using the local timmer to pretend to be NTP time. Data recorded
Local Time: 2023-10-09 20:25:04 [INFO] NTP Time: [2023-10-09 21:25:04.129180]: Using the local timmer to pretend to be NTP time. Data recorded
Local Time: 2023-10-09 20:25:04 [INFO] NTP Time: [2023-10-09 21:25:04.247742]: Using the local timmer to pretend to be NTP time. Data recorded
Local Time: 2023-10-09 20:25:04 [INFO] NTP Time: [2023-10-09 21:25:04.364963]: Using the local timmer to pretend to be NTP time. Data recorded
Local Time: 2023-10-09 20:25:04 [INFO] NTP Time: [2023-10-09 21:25:04.482106]: Using the local timmer to pretend to be NTP time. Data recorded
Local Time: 2023-10-09 20:25:04 [INFO] NTP Time: [2023-10-09 21:25:04.599951]: Using the local timmer to pretend to be NTP time. Data recorded
Local Time: 2023-10-09 20:25:04 [INFO] NTP Time: [2023-10-09 21:25:04.718297]: Using the local timmer to pretend to be NTP time. Data recorded
Local Time: 2023-10-09 20:25:04 [INFO] NTP Time: [2023-10-09 21:25:04.835432]: Using the local timmer to pretend to be NTP time. Data recorded
Local Time: 2023-10-09 20:25:04 [INFO] NTP Time: [2023-10-09 21:25:04.952214]: Using the local timmer to pretend to be NTP time. Data recorded
Local Time: 2023-10-09 20:25:05 [INFO] NTP Time: [2023-10-09 21:25:05.069763]: Using the local timmer to pretend to be NTP time. Data recorded
Local Time: 2023-10-09 20:25:05 [INFO] NTP Time: [2023-10-09 21:25:05.187287]: Using the local timmer to pretend to be NTP time. Data recorded
Local Time: 2023-10-09 20:25:05 [INFO] NTP Time: [2023-10-09 21:25:05.305247]: Using the local timmer to pretend to be NTP time. Data recorded
Local Time: 2023-10-09 20:25:05 [INFO] NTP Time: [2023-10-09 21:25:05.423144]: Using the local timmer to pretend to be NTP time. Data recorded
Local Time: 2023-10-09 20:25:05 [INFO] NTP Time: [2023-10-09 21:25:05.540987]: Using the local timmer to pretend to be NTP time. Data recorded
Local Time: 2023-10-09 20:25:05 [INFO] NTP Time: [2023-10-09 21:25:05.659467]: Using the local timmer to pretend to be NTP time. Data recorded
Local Time: 2023-10-09 20:25:05 [INFO] NTP Time: [2023-10-09 21:25:05.777484]: Using the local timmer to pretend to be NTP time. Data recorded
Local Time: 2023-10-09 20:25:05 [INFO] NTP Time: [2023-10-09 21:25:05.896761]: Using the local timmer to pretend to be NTP time. Data recorded
Local Time: 2023-10-09 20:25:05 [INFO] NTP Time: [2023-10-09 21:25:05.914294]: End recording by a terminate action.
