Local Time: 2023-10-09 22:34:00 [INFO] NTP Time: [2023-10-09 23:34:00.718645]: Loaded configuration: {'participant': {'id': 'P001', 'age': '25', 'gender': 'M', 'ethnicity': 'Caucasian', 'height': '165', 'weight': '65'}, 'experiment': {'date': '2022-01-01', 'time': '14:00:00', 'condition': 'HW101M', 'group': 'A', 'illumination_level': 'low'}, 'task_info': {'task_name': 'Task1', 'trial_number': '5'}, 'notes': {'comments': 'Participant seemed tired during the session.'}, 'label_info': {'activity': 'sit'}}
Local Time: 2023-10-09 22:34:00 [INFO] NTP Time: [2023-10-09 23:34:00.718767]: Loaded mmwave configuration: {'setting1': 'value1', 'setting2': 'value2', 'Data storage location': 'AWR1843-Read-Data-Python-MMWAVE-SDK-3--master/data', 'mmwave_Datatype': 'dictionary'}
Local Time: 2023-10-09 22:34:01 [INFO] NTP Time: [2023-10-09 23:34:01.791410]: Using NTP time as the start timmer.
Local Time: 2023-10-09 22:34:01 [INFO] NTP Time: [2023-10-09 23:34:01.901406]: Using the local timmer to pretend to be NTP time. Data recorded
Local Time: 2023-10-09 22:34:02 [INFO] NTP Time: [2023-10-09 23:34:02.007342]: Using the local timmer to pretend to be NTP time. Data recorded
Local Time: 2023-10-09 22:34:02 [INFO] NTP Time: [2023-10-09 23:34:02.156922]: Using the local timmer to pretend to be NTP time. Data recorded
Local Time: 2023-10-09 22:34:02 [INFO] NTP Time: [2023-10-09 23:34:02.264651]: Using the local timmer to pretend to be NTP time. Data recorded
Local Time: 2023-10-09 22:34:02 [INFO] NTP Time: [2023-10-09 23:34:02.371901]: Using the local timmer to pretend to be NTP time. Data recorded
Local Time: 2023-10-09 22:34:02 [INFO] NTP Time: [2023-10-09 23:34:02.477857]: Using the local timmer to pretend to be NTP time. Data recorded
Local Time: 2023-10-09 22:34:02 [INFO] NTP Time: [2023-10-09 23:34:02.583724]: Using the local timmer to pretend to be NTP time. Data recorded
Local Time: 2023-10-09 22:34:02 [INFO] NTP Time: [2023-10-09 23:34:02.690201]: Using the local timmer to pretend to be NTP time. Data recorded
Local Time: 2023-10-09 22:34:02 [INFO] NTP Time: [2023-10-09 23:34:02.798560]: Using the local timmer to pretend to be NTP time. Data recorded
Local Time: 2023-10-09 22:34:02 [INFO] NTP Time: [2023-10-09 23:34:02.906982]: Using the local timmer to pretend to be NTP time. Data recorded
Local Time: 2023-10-09 22:34:03 [INFO] NTP Time: [2023-10-09 23:34:03.015443]: Using the local timmer to pretend to be NTP time. Data recorded
Local Time: 2023-10-09 22:34:03 [INFO] NTP Time: [2023-10-09 23:34:03.123245]: Using the local timmer to pretend to be NTP time. Data recorded
Local Time: 2023-10-09 22:34:03 [INFO] NTP Time: [2023-10-09 23:34:03.231542]: Using the local timmer to pretend to be NTP time. Data recorded
Local Time: 2023-10-09 22:34:03 [INFO] NTP Time: [2023-10-09 23:34:03.339276]: Using the local timmer to pretend to be NTP time. Data recorded
Local Time: 2023-10-09 22:34:03 [INFO] NTP Time: [2023-10-09 23:34:03.450360]: Using the local timmer to pretend to be NTP time. Data recorded
Local Time: 2023-10-09 22:34:03 [INFO] NTP Time: [2023-10-09 23:34:03.557169]: Using the local timmer to pretend to be NTP time. Data recorded
Local Time: 2023-10-09 22:34:03 [INFO] NTP Time: [2023-10-09 23:34:03.667140]: Using the local timmer to pretend to be NTP time. Data recorded
Local Time: 2023-10-09 22:34:03 [INFO] NTP Time: [2023-10-09 23:34:03.774109]: Using the local timmer to pretend to be NTP time. Data recorded
Local Time: 2023-10-09 22:34:03 [INFO] NTP Time: [2023-10-09 23:34:03.879948]: Using the local timmer to pretend to be NTP time. Data recorded
Local Time: 2023-10-09 22:34:03 [INFO] NTP Time: [2023-10-09 23:34:03.987154]: Using the local timmer to pretend to be NTP time. Data recorded
Local Time: 2023-10-09 22:34:04 [INFO] NTP Time: [2023-10-09 23:34:04.094307]: Using the local timmer to pretend to be NTP time. Data recorded
Local Time: 2023-10-09 22:34:04 [INFO] NTP Time: [2023-10-09 23:34:04.205082]: Using the local timmer to pretend to be NTP time. Data recorded
Local Time: 2023-10-09 22:34:04 [INFO] NTP Time: [2023-10-09 23:34:04.311363]: Using the local timmer to pretend to be NTP time. Data recorded
Local Time: 2023-10-09 22:34:04 [INFO] NTP Time: [2023-10-09 23:34:04.418563]: Using the local timmer to pretend to be NTP time. Data recorded
Local Time: 2023-10-09 22:34:04 [INFO] NTP Time: [2023-10-09 23:34:04.525739]: Using the local timmer to pretend to be NTP time. Data recorded
Local Time: 2023-10-09 22:34:04 [INFO] NTP Time: [2023-10-09 23:34:04.656529]: Using the local timmer to pretend to be NTP time. Data recorded
Local Time: 2023-10-09 22:34:04 [INFO] NTP Time: [2023-10-09 23:34:04.763428]: Using the local timmer to pretend to be NTP time. Data recorded
Local Time: 2023-10-09 22:34:04 [INFO] NTP Time: [2023-10-09 23:34:04.873454]: Using the local timmer to pretend to be NTP time. Data recorded
Local Time: 2023-10-09 22:34:04 [INFO] NTP Time: [2023-10-09 23:34:04.982313]: Using the local timmer to pretend to be NTP time. Data recorded
Local Time: 2023-10-09 22:34:05 [INFO] NTP Time: [2023-10-09 23:34:05.091569]: Using the local timmer to pretend to be NTP time. Data recorded
Local Time: 2023-10-09 22:34:05 [INFO] NTP Time: [2023-10-09 23:34:05.207356]: Using the local timmer to pretend to be NTP time. Data recorded
Local Time: 2023-10-09 22:34:05 [INFO] NTP Time: [2023-10-09 23:34:05.315683]: Using the local timmer to pretend to be NTP time. Data recorded
Local Time: 2023-10-09 22:34:05 [INFO] NTP Time: [2023-10-09 23:34:05.424664]: Using the local timmer to pretend to be NTP time. Data recorded
Local Time: 2023-10-09 22:34:05 [INFO] NTP Time: [2023-10-09 23:34:05.557113]: Using the local timmer to pretend to be NTP time. Data recorded
Local Time: 2023-10-09 22:34:05 [INFO] NTP Time: [2023-10-09 23:34:05.668498]: Using the local timmer to pretend to be NTP time. Data recorded
Local Time: 2023-10-09 22:34:05 [INFO] NTP Time: [2023-10-09 23:34:05.778714]: Using the local timmer to pretend to be NTP time. Data recorded
Local Time: 2023-10-09 22:34:05 [INFO] NTP Time: [2023-10-09 23:34:05.891223]: Using the local timmer to pretend to be NTP time. Data recorded
Local Time: 2023-10-09 22:34:06 [INFO] NTP Time: [2023-10-09 23:34:06.009179]: Using the local timmer to pretend to be NTP time. Data recorded
Local Time: 2023-10-09 22:34:06 [INFO] NTP Time: [2023-10-09 23:34:06.121179]: Using the local timmer to pretend to be NTP time. Data recorded
Local Time: 2023-10-09 22:34:06 [INFO] NTP Time: [2023-10-09 23:34:06.229377]: Using the local timmer to pretend to be NTP time. Data recorded
Local Time: 2023-10-09 22:34:06 [INFO] NTP Time: [2023-10-09 23:34:06.343599]: Using the local timmer to pretend to be NTP time. Data recorded
Local Time: 2023-10-09 22:34:06 [INFO] NTP Time: [2023-10-09 23:34:06.452628]: Using the local timmer to pretend to be NTP time. Data recorded
Local Time: 2023-10-09 22:34:06 [INFO] NTP Time: [2023-10-09 23:34:06.560594]: Using the local timmer to pretend to be NTP time. Data recorded
Local Time: 2023-10-09 22:34:06 [INFO] NTP Time: [2023-10-09 23:34:06.674230]: Using the local timmer to pretend to be NTP time. Data recorded
Local Time: 2023-10-09 22:34:06 [INFO] NTP Time: [2023-10-09 23:34:06.783277]: Using the local timmer to pretend to be NTP time. Data recorded
Local Time: 2023-10-09 22:34:06 [INFO] NTP Time: [2023-10-09 23:34:06.893255]: Using the local timmer to pretend to be NTP time. Data recorded
Local Time: 2023-10-09 22:34:07 [INFO] NTP Time: [2023-10-09 23:34:07.012172]: Using the local timmer to pretend to be NTP time. Data recorded
Local Time: 2023-10-09 22:34:07 [INFO] NTP Time: [2023-10-09 23:34:07.120917]: Using the local timmer to pretend to be NTP time. Data recorded
Local Time: 2023-10-09 22:34:07 [INFO] NTP Time: [2023-10-09 23:34:07.238314]: Using the local timmer to pretend to be NTP time. Data recorded
Local Time: 2023-10-09 22:34:07 [INFO] NTP Time: [2023-10-09 23:34:07.346827]: Using the local timmer to pretend to be NTP time. Data recorded
Local Time: 2023-10-09 22:34:07 [INFO] NTP Time: [2023-10-09 23:34:07.455355]: Using the local timmer to pretend to be NTP time. Data recorded
Local Time: 2023-10-09 22:34:07 [INFO] NTP Time: [2023-10-09 23:34:07.564560]: Using the local timmer to pretend to be NTP time. Data recorded
Local Time: 2023-10-09 22:34:07 [INFO] NTP Time: [2023-10-09 23:34:07.675800]: Using the local timmer to pretend to be NTP time. Data recorded
Local Time: 2023-10-09 22:34:07 [INFO] NTP Time: [2023-10-09 23:34:07.783350]: Using the local timmer to pretend to be NTP time. Data recorded
Local Time: 2023-10-09 22:34:07 [INFO] NTP Time: [2023-10-09 23:34:07.890253]: Using the local timmer to pretend to be NTP time. Data recorded
Local Time: 2023-10-09 22:34:08 [INFO] NTP Time: [2023-10-09 23:34:07.999482]: Using the local timmer to pretend to be NTP time. Data recorded
Local Time: 2023-10-09 22:34:08 [INFO] NTP Time: [2023-10-09 23:34:08.108125]: Using the local timmer to pretend to be NTP time. Data recorded
Local Time: 2023-10-09 22:34:08 [INFO] NTP Time: [2023-10-09 23:34:08.215621]: Using the local timmer to pretend to be NTP time. Data recorded
Local Time: 2023-10-09 22:34:08 [INFO] NTP Time: [2023-10-09 23:34:08.323685]: Using the local timmer to pretend to be NTP time. Data recorded
Local Time: 2023-10-09 22:34:08 [INFO] NTP Time: [2023-10-09 23:34:08.434336]: Using the local timmer to pretend to be NTP time. Data recorded
Local Time: 2023-10-09 22:34:08 [INFO] NTP Time: [2023-10-09 23:34:08.543235]: Using the local timmer to pretend to be NTP time. Data recorded
Local Time: 2023-10-09 22:34:08 [INFO] NTP Time: [2023-10-09 23:34:08.650246]: Using the local timmer to pretend to be NTP time. Data recorded
Local Time: 2023-10-09 22:34:08 [INFO] NTP Time: [2023-10-09 23:34:08.757288]: Using the local timmer to pretend to be NTP time. Data recorded
Local Time: 2023-10-09 22:34:08 [INFO] NTP Time: [2023-10-09 23:34:08.867294]: Using the local timmer to pretend to be NTP time. Data recorded
Local Time: 2023-10-09 22:34:08 [INFO] NTP Time: [2023-10-09 23:34:08.977910]: Using the local timmer to pretend to be NTP time. Data recorded
Local Time: 2023-10-09 22:34:09 [INFO] NTP Time: [2023-10-09 23:34:09.085082]: Using the local timmer to pretend to be NTP time. Data recorded
Local Time: 2023-10-09 22:34:09 [INFO] NTP Time: [2023-10-09 23:34:09.193714]: Using the local timmer to pretend to be NTP time. Data recorded
Local Time: 2023-10-09 22:34:09 [INFO] NTP Time: [2023-10-09 23:34:09.308157]: Using the local timmer to pretend to be NTP time. Data recorded
Local Time: 2023-10-09 22:34:09 [INFO] NTP Time: [2023-10-09 23:34:09.418127]: Using the local timmer to pretend to be NTP time. Data recorded
Local Time: 2023-10-09 22:34:09 [INFO] NTP Time: [2023-10-09 23:34:09.527035]: Using the local timmer to pretend to be NTP time. Data recorded
Local Time: 2023-10-09 22:34:09 [INFO] NTP Time: [2023-10-09 23:34:09.642656]: Using the local timmer to pretend to be NTP time. Data recorded
Local Time: 2023-10-09 22:34:09 [INFO] NTP Time: [2023-10-09 23:34:09.751422]: Using the local timmer to pretend to be NTP time. Data recorded
Local Time: 2023-10-09 22:34:09 [INFO] NTP Time: [2023-10-09 23:34:09.863281]: Using the local timmer to pretend to be NTP time. Data recorded
Local Time: 2023-10-09 22:34:09 [INFO] NTP Time: [2023-10-09 23:34:09.979857]: Using the local timmer to pretend to be NTP time. Data recorded
Local Time: 2023-10-09 22:34:10 [INFO] NTP Time: [2023-10-09 23:34:10.088872]: Using the local timmer to pretend to be NTP time. Data recorded
Local Time: 2023-10-09 22:34:10 [INFO] NTP Time: [2023-10-09 23:34:10.218368]: Using the local timmer to pretend to be NTP time. Data recorded
Local Time: 2023-10-09 22:34:10 [INFO] NTP Time: [2023-10-09 23:34:10.344166]: Using the local timmer to pretend to be NTP time. Data recorded
Local Time: 2023-10-09 22:34:10 [INFO] NTP Time: [2023-10-09 23:34:10.455583]: Using the local timmer to pretend to be NTP time. Data recorded
Local Time: 2023-10-09 22:34:10 [INFO] NTP Time: [2023-10-09 23:34:10.567370]: Using the local timmer to pretend to be NTP time. Data recorded
Local Time: 2023-10-09 22:34:10 [INFO] NTP Time: [2023-10-09 23:34:10.678575]: Using the local timmer to pretend to be NTP time. Data recorded
Local Time: 2023-10-09 22:34:10 [INFO] NTP Time: [2023-10-09 23:34:10.787100]: Using the local timmer to pretend to be NTP time. Data recorded
Local Time: 2023-10-09 22:34:10 [INFO] NTP Time: [2023-10-09 23:34:10.905513]: Using the local timmer to pretend to be NTP time. Data recorded
Local Time: 2023-10-09 22:34:11 [INFO] NTP Time: [2023-10-09 23:34:11.016392]: Using the local timmer to pretend to be NTP time. Data recorded
Local Time: 2023-10-09 22:34:11 [INFO] NTP Time: [2023-10-09 23:34:11.125873]: Using the local timmer to pretend to be NTP time. Data recorded
Local Time: 2023-10-09 22:34:11 [INFO] NTP Time: [2023-10-09 23:34:11.239728]: Using the local timmer to pretend to be NTP time. Data recorded
Local Time: 2023-10-09 22:34:11 [INFO] NTP Time: [2023-10-09 23:34:11.349960]: Using the local timmer to pretend to be NTP time. Data recorded
Local Time: 2023-10-09 22:34:11 [INFO] NTP Time: [2023-10-09 23:34:11.460279]: Using the local timmer to pretend to be NTP time. Data recorded
Local Time: 2023-10-09 22:34:11 [INFO] NTP Time: [2023-10-09 23:34:11.573775]: Using the local timmer to pretend to be NTP time. Data recorded
Local Time: 2023-10-09 22:34:11 [INFO] NTP Time: [2023-10-09 23:34:11.683051]: Using the local timmer to pretend to be NTP time. Data recorded
Local Time: 2023-10-09 22:34:11 [INFO] NTP Time: [2023-10-09 23:34:11.792498]: Using the local timmer to pretend to be NTP time. Data recorded
Local Time: 2023-10-09 22:34:11 [INFO] NTP Time: [2023-10-09 23:34:11.911159]: Using the local timmer to pretend to be NTP time. Data recorded
Local Time: 2023-10-09 22:34:12 [INFO] NTP Time: [2023-10-09 23:34:12.019824]: Using the local timmer to pretend to be NTP time. Data recorded
Local Time: 2023-10-09 22:34:12 [INFO] NTP Time: [2023-10-09 23:34:12.132205]: Using the local timmer to pretend to be NTP time. Data recorded
Local Time: 2023-10-09 22:34:12 [INFO] NTP Time: [2023-10-09 23:34:12.244500]: Using the local timmer to pretend to be NTP time. Data recorded
Local Time: 2023-10-09 22:34:12 [INFO] NTP Time: [2023-10-09 23:34:12.354567]: Using the local timmer to pretend to be NTP time. Data recorded
Local Time: 2023-10-09 22:34:12 [INFO] NTP Time: [2023-10-09 23:34:12.470927]: Using the local timmer to pretend to be NTP time. Data recorded
Local Time: 2023-10-09 22:34:12 [INFO] NTP Time: [2023-10-09 23:34:12.584268]: Using the local timmer to pretend to be NTP time. Data recorded
Local Time: 2023-10-09 22:34:12 [INFO] NTP Time: [2023-10-09 23:34:12.695864]: Using the local timmer to pretend to be NTP time. Data recorded
Local Time: 2023-10-09 22:34:12 [INFO] NTP Time: [2023-10-09 23:34:12.810778]: Using the local timmer to pretend to be NTP time. Data recorded
Local Time: 2023-10-09 22:34:12 [INFO] NTP Time: [2023-10-09 23:34:12.922695]: Using the local timmer to pretend to be NTP time. Data recorded
Local Time: 2023-10-09 22:34:13 [INFO] NTP Time: [2023-10-09 23:34:13.037016]: Using the local timmer to pretend to be NTP time. Data recorded
Local Time: 2023-10-09 22:34:13 [INFO] NTP Time: [2023-10-09 23:34:13.150232]: Using the local timmer to pretend to be NTP time. Data recorded
Local Time: 2023-10-09 22:34:13 [INFO] NTP Time: [2023-10-09 23:34:13.260653]: Using the local timmer to pretend to be NTP time. Data recorded
Local Time: 2023-10-09 22:34:13 [INFO] NTP Time: [2023-10-09 23:34:13.379772]: Using the local timmer to pretend to be NTP time. Data recorded
Local Time: 2023-10-09 22:34:13 [INFO] NTP Time: [2023-10-09 23:34:13.489233]: Using the local timmer to pretend to be NTP time. Data recorded
Local Time: 2023-10-09 22:34:13 [INFO] NTP Time: [2023-10-09 23:34:13.606405]: Using the local timmer to pretend to be NTP time. Data recorded
Local Time: 2023-10-09 22:34:13 [INFO] NTP Time: [2023-10-09 23:34:13.718735]: Using the local timmer to pretend to be NTP time. Data recorded
Local Time: 2023-10-09 22:34:13 [INFO] NTP Time: [2023-10-09 23:34:13.830047]: Using the local timmer to pretend to be NTP time. Data recorded
Local Time: 2023-10-09 22:34:13 [INFO] NTP Time: [2023-10-09 23:34:13.945969]: Using the local timmer to pretend to be NTP time. Data recorded
Local Time: 2023-10-09 22:34:14 [INFO] NTP Time: [2023-10-09 23:34:14.057220]: Using the local timmer to pretend to be NTP time. Data recorded
Local Time: 2023-10-09 22:34:14 [INFO] NTP Time: [2023-10-09 23:34:14.175618]: Using the local timmer to pretend to be NTP time. Data recorded
Local Time: 2023-10-09 22:34:14 [INFO] NTP Time: [2023-10-09 23:34:14.289176]: Using the local timmer to pretend to be NTP time. Data recorded
Local Time: 2023-10-09 22:34:14 [INFO] NTP Time: [2023-10-09 23:34:14.410222]: Using the local timmer to pretend to be NTP time. Data recorded
Local Time: 2023-10-09 22:34:14 [INFO] NTP Time: [2023-10-09 23:34:14.520998]: Using the local timmer to pretend to be NTP time. Data recorded
Local Time: 2023-10-09 22:34:14 [INFO] NTP Time: [2023-10-09 23:34:14.637759]: Using the local timmer to pretend to be NTP time. Data recorded
Local Time: 2023-10-09 22:34:14 [INFO] NTP Time: [2023-10-09 23:34:14.749601]: Using the local timmer to pretend to be NTP time. Data recorded
Local Time: 2023-10-09 22:34:14 [INFO] NTP Time: [2023-10-09 23:34:14.860539]: Using the local timmer to pretend to be NTP time. Data recorded
Local Time: 2023-10-09 22:34:14 [INFO] NTP Time: [2023-10-09 23:34:14.977633]: Using the local timmer to pretend to be NTP time. Data recorded
Local Time: 2023-10-09 22:34:15 [INFO] NTP Time: [2023-10-09 23:34:15.090072]: Using the local timmer to pretend to be NTP time. Data recorded
Local Time: 2023-10-09 22:34:15 [INFO] NTP Time: [2023-10-09 23:34:15.207567]: Using the local timmer to pretend to be NTP time. Data recorded
Local Time: 2023-10-09 22:34:15 [INFO] NTP Time: [2023-10-09 23:34:15.320204]: Using the local timmer to pretend to be NTP time. Data recorded
Local Time: 2023-10-09 22:34:15 [INFO] NTP Time: [2023-10-09 23:34:15.438481]: Using the local timmer to pretend to be NTP time. Data recorded
Local Time: 2023-10-09 22:34:15 [INFO] NTP Time: [2023-10-09 23:34:15.551033]: Using the local timmer to pretend to be NTP time. Data recorded
Local Time: 2023-10-09 22:34:15 [INFO] NTP Time: [2023-10-09 23:34:15.661442]: Using the local timmer to pretend to be NTP time. Data recorded
Local Time: 2023-10-09 22:34:15 [INFO] NTP Time: [2023-10-09 23:34:15.781461]: Using the local timmer to pretend to be NTP time. Data recorded
Local Time: 2023-10-09 22:34:15 [INFO] NTP Time: [2023-10-09 23:34:15.895126]: Using the local timmer to pretend to be NTP time. Data recorded
Local Time: 2023-10-09 22:34:16 [INFO] NTP Time: [2023-10-09 23:34:16.013445]: Using the local timmer to pretend to be NTP time. Data recorded
Local Time: 2023-10-09 22:34:16 [INFO] NTP Time: [2023-10-09 23:34:16.122841]: Using the local timmer to pretend to be NTP time. Data recorded
Local Time: 2023-10-09 22:34:16 [INFO] NTP Time: [2023-10-09 23:34:16.238372]: Using the local timmer to pretend to be NTP time. Data recorded
Local Time: 2023-10-09 22:34:16 [INFO] NTP Time: [2023-10-09 23:34:16.351779]: Using the local timmer to pretend to be NTP time. Data recorded
Local Time: 2023-10-09 22:34:16 [INFO] NTP Time: [2023-10-09 23:34:16.462353]: Using the local timmer to pretend to be NTP time. Data recorded
Local Time: 2023-10-09 22:34:16 [INFO] NTP Time: [2023-10-09 23:34:16.580218]: Using the local timmer to pretend to be NTP time. Data recorded
Local Time: 2023-10-09 22:34:16 [INFO] NTP Time: [2023-10-09 23:34:16.696268]: Using the local timmer to pretend to be NTP time. Data recorded
Local Time: 2023-10-09 22:34:16 [INFO] NTP Time: [2023-10-09 23:34:16.813548]: Using the local timmer to pretend to be NTP time. Data recorded
Local Time: 2023-10-09 22:34:16 [INFO] NTP Time: [2023-10-09 23:34:16.928087]: Using the local timmer to pretend to be NTP time. Data recorded
Local Time: 2023-10-09 22:34:17 [INFO] NTP Time: [2023-10-09 23:34:17.046069]: Using the local timmer to pretend to be NTP time. Data recorded
Local Time: 2023-10-09 22:34:17 [INFO] NTP Time: [2023-10-09 23:34:17.157412]: Using the local timmer to pretend to be NTP time. Data recorded
Local Time: 2023-10-09 22:34:17 [INFO] NTP Time: [2023-10-09 23:34:17.273083]: Using the local timmer to pretend to be NTP time. Data recorded
Local Time: 2023-10-09 22:34:17 [INFO] NTP Time: [2023-10-09 23:34:17.386599]: Using the local timmer to pretend to be NTP time. Data recorded
Local Time: 2023-10-09 22:34:17 [INFO] NTP Time: [2023-10-09 23:34:17.505328]: Using the local timmer to pretend to be NTP time. Data recorded
Local Time: 2023-10-09 22:34:17 [INFO] NTP Time: [2023-10-09 23:34:17.620965]: Using the local timmer to pretend to be NTP time. Data recorded
Local Time: 2023-10-09 22:34:17 [INFO] NTP Time: [2023-10-09 23:34:17.767019]: Using the local timmer to pretend to be NTP time. Data recorded
Local Time: 2023-10-09 22:34:17 [INFO] NTP Time: [2023-10-09 23:34:17.906151]: Using the local timmer to pretend to be NTP time. Data recorded
Local Time: 2023-10-09 22:34:18 [INFO] NTP Time: [2023-10-09 23:34:18.021500]: Using the local timmer to pretend to be NTP time. Data recorded
Local Time: 2023-10-09 22:34:18 [INFO] NTP Time: [2023-10-09 23:34:18.140948]: Using the local timmer to pretend to be NTP time. Data recorded
Local Time: 2023-10-09 22:34:18 [INFO] NTP Time: [2023-10-09 23:34:18.253441]: Using the local timmer to pretend to be NTP time. Data recorded
Local Time: 2023-10-09 22:34:18 [INFO] NTP Time: [2023-10-09 23:34:18.376335]: Using the local timmer to pretend to be NTP time. Data recorded
Local Time: 2023-10-09 22:34:18 [INFO] NTP Time: [2023-10-09 23:34:18.487476]: Using the local timmer to pretend to be NTP time. Data recorded
Local Time: 2023-10-09 22:34:18 [INFO] NTP Time: [2023-10-09 23:34:18.604814]: Using the local timmer to pretend to be NTP time. Data recorded
Local Time: 2023-10-09 22:34:18 [INFO] NTP Time: [2023-10-09 23:34:18.718706]: Using the local timmer to pretend to be NTP time. Data recorded
Local Time: 2023-10-09 22:34:18 [INFO] NTP Time: [2023-10-09 23:34:18.837629]: Using the local timmer to pretend to be NTP time. Data recorded
Local Time: 2023-10-09 22:34:18 [INFO] NTP Time: [2023-10-09 23:34:18.951221]: Using the local timmer to pretend to be NTP time. Data recorded
Local Time: 2023-10-09 22:34:19 [INFO] NTP Time: [2023-10-09 23:34:19.065491]: Using the local timmer to pretend to be NTP time. Data recorded
Local Time: 2023-10-09 22:34:19 [INFO] NTP Time: [2023-10-09 23:34:19.206505]: Using the local timmer to pretend to be NTP time. Data recorded
Local Time: 2023-10-09 22:34:19 [INFO] NTP Time: [2023-10-09 23:34:19.319219]: Using the local timmer to pretend to be NTP time. Data recorded
Local Time: 2023-10-09 22:34:19 [INFO] NTP Time: [2023-10-09 23:34:19.440660]: Using the local timmer to pretend to be NTP time. Data recorded
Local Time: 2023-10-09 22:34:19 [INFO] NTP Time: [2023-10-09 23:34:19.558807]: Using the local timmer to pretend to be NTP time. Data recorded
Local Time: 2023-10-09 22:34:19 [INFO] NTP Time: [2023-10-09 23:34:19.681377]: Using the local timmer to pretend to be NTP time. Data recorded
Local Time: 2023-10-09 22:34:19 [INFO] NTP Time: [2023-10-09 23:34:19.795663]: Using the local timmer to pretend to be NTP time. Data recorded
Local Time: 2023-10-09 22:34:19 [INFO] NTP Time: [2023-10-09 23:34:19.916081]: Using the local timmer to pretend to be NTP time. Data recorded
Local Time: 2023-10-09 22:34:20 [INFO] NTP Time: [2023-10-09 23:34:20.035574]: Using the local timmer to pretend to be NTP time. Data recorded
Local Time: 2023-10-09 22:34:20 [INFO] NTP Time: [2023-10-09 23:34:20.161497]: Using the local timmer to pretend to be NTP time. Data recorded
Local Time: 2023-10-09 22:34:20 [INFO] NTP Time: [2023-10-09 23:34:20.350657]: Using the local timmer to pretend to be NTP time. Data recorded
Local Time: 2023-10-09 22:34:20 [INFO] NTP Time: [2023-10-09 23:34:20.470098]: Using the local timmer to pretend to be NTP time. Data recorded
Local Time: 2023-10-09 22:34:20 [INFO] NTP Time: [2023-10-09 23:34:20.597612]: Using the local timmer to pretend to be NTP time. Data recorded
Local Time: 2023-10-09 22:34:20 [INFO] NTP Time: [2023-10-09 23:34:20.730982]: Using the local timmer to pretend to be NTP time. Data recorded
Local Time: 2023-10-09 22:34:20 [INFO] NTP Time: [2023-10-09 23:34:20.856166]: Using the local timmer to pretend to be NTP time. Data recorded
Local Time: 2023-10-09 22:34:20 [INFO] NTP Time: [2023-10-09 23:34:20.971671]: Using the local timmer to pretend to be NTP time. Data recorded
Local Time: 2023-10-09 22:34:21 [INFO] NTP Time: [2023-10-09 23:34:21.096346]: Using the local timmer to pretend to be NTP time. Data recorded
Local Time: 2023-10-09 22:34:21 [INFO] NTP Time: [2023-10-09 23:34:21.212786]: Using the local timmer to pretend to be NTP time. Data recorded
Local Time: 2023-10-09 22:34:21 [INFO] NTP Time: [2023-10-09 23:34:21.328076]: Using the local timmer to pretend to be NTP time. Data recorded
Local Time: 2023-10-09 22:34:21 [INFO] NTP Time: [2023-10-09 23:34:21.445445]: Using the local timmer to pretend to be NTP time. Data recorded
Local Time: 2023-10-09 22:34:21 [INFO] NTP Time: [2023-10-09 23:34:21.561479]: Using the local timmer to pretend to be NTP time. Data recorded
Local Time: 2023-10-09 22:34:21 [INFO] NTP Time: [2023-10-09 23:34:21.681802]: Using the local timmer to pretend to be NTP time. Data recorded
Local Time: 2023-10-09 22:34:21 [INFO] NTP Time: [2023-10-09 23:34:21.802809]: Using the local timmer to pretend to be NTP time. Data recorded
Local Time: 2023-10-09 22:34:21 [INFO] NTP Time: [2023-10-09 23:34:21.922672]: Using the local timmer to pretend to be NTP time. Data recorded
Local Time: 2023-10-09 22:34:22 [INFO] NTP Time: [2023-10-09 23:34:22.049291]: Using the local timmer to pretend to be NTP time. Data recorded
Local Time: 2023-10-09 22:34:22 [INFO] NTP Time: [2023-10-09 23:34:22.166489]: Using the local timmer to pretend to be NTP time. Data recorded
Local Time: 2023-10-09 22:34:22 [INFO] NTP Time: [2023-10-09 23:34:22.288890]: Using the local timmer to pretend to be NTP time. Data recorded
Local Time: 2023-10-09 22:34:22 [INFO] NTP Time: [2023-10-09 23:34:22.411748]: Using the local timmer to pretend to be NTP time. Data recorded
Local Time: 2023-10-09 22:34:22 [INFO] NTP Time: [2023-10-09 23:34:22.526029]: Using the local timmer to pretend to be NTP time. Data recorded
Local Time: 2023-10-09 22:34:22 [INFO] NTP Time: [2023-10-09 23:34:22.644723]: Using the local timmer to pretend to be NTP time. Data recorded
Local Time: 2023-10-09 22:34:22 [INFO] NTP Time: [2023-10-09 23:34:22.760745]: Using the local timmer to pretend to be NTP time. Data recorded
Local Time: 2023-10-09 22:34:22 [INFO] NTP Time: [2023-10-09 23:34:22.958659]: Using the local timmer to pretend to be NTP time. Data recorded
Local Time: 2023-10-09 22:34:23 [INFO] NTP Time: [2023-10-09 23:34:23.083101]: Using the local timmer to pretend to be NTP time. Data recorded
Local Time: 2023-10-09 22:34:23 [INFO] NTP Time: [2023-10-09 23:34:23.230965]: Using the local timmer to pretend to be NTP time. Data recorded
Local Time: 2023-10-09 22:34:23 [INFO] NTP Time: [2023-10-09 23:34:23.348174]: Using the local timmer to pretend to be NTP time. Data recorded
Local Time: 2023-10-09 22:34:23 [INFO] NTP Time: [2023-10-09 23:34:23.462081]: Using the local timmer to pretend to be NTP time. Data recorded
Local Time: 2023-10-09 22:34:23 [INFO] NTP Time: [2023-10-09 23:34:23.617776]: Using the local timmer to pretend to be NTP time. Data recorded
Local Time: 2023-10-09 22:34:23 [INFO] NTP Time: [2023-10-09 23:34:23.739676]: Using the local timmer to pretend to be NTP time. Data recorded
Local Time: 2023-10-09 22:34:23 [INFO] NTP Time: [2023-10-09 23:34:23.854225]: Using the local timmer to pretend to be NTP time. Data recorded
Local Time: 2023-10-09 22:34:23 [INFO] NTP Time: [2023-10-09 23:34:23.969698]: Using the local timmer to pretend to be NTP time. Data recorded
Local Time: 2023-10-09 22:34:24 [INFO] NTP Time: [2023-10-09 23:34:24.095380]: Using the local timmer to pretend to be NTP time. Data recorded
Local Time: 2023-10-09 22:34:24 [INFO] NTP Time: [2023-10-09 23:34:24.217077]: Using the local timmer to pretend to be NTP time. Data recorded
Local Time: 2023-10-09 22:34:24 [INFO] NTP Time: [2023-10-09 23:34:24.330318]: Using the local timmer to pretend to be NTP time. Data recorded
Local Time: 2023-10-09 22:34:24 [INFO] NTP Time: [2023-10-09 23:34:24.480763]: Using the local timmer to pretend to be NTP time. Data recorded
Local Time: 2023-10-09 22:34:24 [INFO] NTP Time: [2023-10-09 23:34:24.599283]: Using the local timmer to pretend to be NTP time. Data recorded
Local Time: 2023-10-09 22:34:24 [INFO] NTP Time: [2023-10-09 23:34:24.718912]: Using the local timmer to pretend to be NTP time. Data recorded
Local Time: 2023-10-09 22:34:24 [INFO] NTP Time: [2023-10-09 23:34:24.834661]: Using the local timmer to pretend to be NTP time. Data recorded
Local Time: 2023-10-09 22:34:24 [INFO] NTP Time: [2023-10-09 23:34:24.956641]: Using the local timmer to pretend to be NTP time. Data recorded
Local Time: 2023-10-09 22:34:25 [INFO] NTP Time: [2023-10-09 23:34:25.076502]: Using the local timmer to pretend to be NTP time. Data recorded
Local Time: 2023-10-09 22:34:25 [INFO] NTP Time: [2023-10-09 23:34:25.216624]: Using the local timmer to pretend to be NTP time. Data recorded
Local Time: 2023-10-09 22:34:25 [INFO] NTP Time: [2023-10-09 23:34:25.330984]: Using the local timmer to pretend to be NTP time. Data recorded
Local Time: 2023-10-09 22:34:25 [INFO] NTP Time: [2023-10-09 23:34:25.457593]: Using the local timmer to pretend to be NTP time. Data recorded
Local Time: 2023-10-09 22:34:25 [INFO] NTP Time: [2023-10-09 23:34:25.578237]: Using the local timmer to pretend to be NTP time. Data recorded
Local Time: 2023-10-09 22:34:25 [INFO] NTP Time: [2023-10-09 23:34:25.693626]: Using the local timmer to pretend to be NTP time. Data recorded
Local Time: 2023-10-09 22:34:25 [INFO] NTP Time: [2023-10-09 23:34:25.814368]: Using the local timmer to pretend to be NTP time. Data recorded
Local Time: 2023-10-09 22:34:25 [INFO] NTP Time: [2023-10-09 23:34:25.929418]: Using the local timmer to pretend to be NTP time. Data recorded
Local Time: 2023-10-09 22:34:26 [INFO] NTP Time: [2023-10-09 23:34:26.062563]: Using the local timmer to pretend to be NTP time. Data recorded
Local Time: 2023-10-09 22:34:26 [INFO] NTP Time: [2023-10-09 23:34:26.364604]: Using the local timmer to pretend to be NTP time. Data recorded
Local Time: 2023-10-09 22:34:26 [INFO] NTP Time: [2023-10-09 23:34:26.489366]: Using the local timmer to pretend to be NTP time. Data recorded
Local Time: 2023-10-09 22:34:26 [INFO] NTP Time: [2023-10-09 23:34:26.771470]: Using the local timmer to pretend to be NTP time. Data recorded
Local Time: 2023-10-09 22:34:26 [INFO] NTP Time: [2023-10-09 23:34:26.889392]: Using the local timmer to pretend to be NTP time. Data recorded
Local Time: 2023-10-09 22:34:27 [INFO] NTP Time: [2023-10-09 23:34:27.010344]: Using the local timmer to pretend to be NTP time. Data recorded
Local Time: 2023-10-09 22:34:27 [INFO] NTP Time: [2023-10-09 23:34:27.124312]: Using the local timmer to pretend to be NTP time. Data recorded
Local Time: 2023-10-09 22:34:27 [INFO] NTP Time: [2023-10-09 23:34:27.242729]: Using the local timmer to pretend to be NTP time. Data recorded
Local Time: 2023-10-09 22:34:27 [INFO] NTP Time: [2023-10-09 23:34:27.359505]: Using the local timmer to pretend to be NTP time. Data recorded
Local Time: 2023-10-09 22:34:27 [INFO] NTP Time: [2023-10-09 23:34:27.483778]: Using the local timmer to pretend to be NTP time. Data recorded
Local Time: 2023-10-09 22:34:27 [INFO] NTP Time: [2023-10-09 23:34:27.599269]: Using the local timmer to pretend to be NTP time. Data recorded
Local Time: 2023-10-09 22:34:27 [INFO] NTP Time: [2023-10-09 23:34:27.722876]: Using the local timmer to pretend to be NTP time. Data recorded
Local Time: 2023-10-09 22:34:27 [INFO] NTP Time: [2023-10-09 23:34:27.840754]: Using the local timmer to pretend to be NTP time. Data recorded
Local Time: 2023-10-09 22:34:27 [INFO] NTP Time: [2023-10-09 23:34:27.962264]: Using the local timmer to pretend to be NTP time. Data recorded
Local Time: 2023-10-09 22:34:28 [INFO] NTP Time: [2023-10-09 23:34:28.082744]: Using the local timmer to pretend to be NTP time. Data recorded
Local Time: 2023-10-09 22:34:28 [INFO] NTP Time: [2023-10-09 23:34:28.214839]: Using the local timmer to pretend to be NTP time. Data recorded
Local Time: 2023-10-09 22:34:28 [INFO] NTP Time: [2023-10-09 23:34:28.329214]: Using the local timmer to pretend to be NTP time. Data recorded
Local Time: 2023-10-09 22:34:28 [INFO] NTP Time: [2023-10-09 23:34:28.464520]: Using the local timmer to pretend to be NTP time. Data recorded
Local Time: 2023-10-09 22:34:28 [INFO] NTP Time: [2023-10-09 23:34:28.583772]: Using the local timmer to pretend to be NTP time. Data recorded
Local Time: 2023-10-09 22:34:28 [INFO] NTP Time: [2023-10-09 23:34:28.755104]: Using the local timmer to pretend to be NTP time. Data recorded
Local Time: 2023-10-09 22:34:28 [INFO] NTP Time: [2023-10-09 23:34:28.877390]: Using the local timmer to pretend to be NTP time. Data recorded
Local Time: 2023-10-09 22:34:29 [INFO] NTP Time: [2023-10-09 23:34:29.040454]: Using the local timmer to pretend to be NTP time. Data recorded
Local Time: 2023-10-09 22:34:29 [INFO] NTP Time: [2023-10-09 23:34:29.163298]: Using the local timmer to pretend to be NTP time. Data recorded
Local Time: 2023-10-09 22:34:29 [INFO] NTP Time: [2023-10-09 23:34:29.359017]: Using the local timmer to pretend to be NTP time. Data recorded
Local Time: 2023-10-09 22:34:29 [INFO] NTP Time: [2023-10-09 23:34:29.485438]: Using the local timmer to pretend to be NTP time. Data recorded
Local Time: 2023-10-09 22:34:29 [INFO] NTP Time: [2023-10-09 23:34:29.602400]: Using the local timmer to pretend to be NTP time. Data recorded
Local Time: 2023-10-09 22:34:29 [INFO] NTP Time: [2023-10-09 23:34:29.721501]: Using the local timmer to pretend to be NTP time. Data recorded
Local Time: 2023-10-09 22:34:29 [INFO] NTP Time: [2023-10-09 23:34:29.851680]: Using the local timmer to pretend to be NTP time. Data recorded
Local Time: 2023-10-09 22:34:29 [INFO] NTP Time: [2023-10-09 23:34:29.966211]: Using the local timmer to pretend to be NTP time. Data recorded
Local Time: 2023-10-09 22:34:30 [INFO] NTP Time: [2023-10-09 23:34:30.146641]: Using the local timmer to pretend to be NTP time. Data recorded
Local Time: 2023-10-09 22:34:30 [INFO] NTP Time: [2023-10-09 23:34:30.158580]: End recording by a terminate action.
