Local Time: 2023-10-10 12:24:32 [INFO] NTP Time: [2023-10-10 13:24:32.373811]: Loaded configuration: {'participant': {'id': 'P001', 'age': '25', 'gender': 'M', 'ethnicity': 'Caucasian', 'height': '165', 'weight': '65'}, 'experiment': {'date': '2022-01-01', 'time': '14:00:00', 'condition': 'HW101M', 'group': 'A', 'illumination_level': 'low'}, 'task_info': {'task_name': 'Task1', 'trial_number': '5'}, 'notes': {'comments': 'Participant seemed tired during the session.'}, 'label_info': {'activity': 'sit'}}
Local Time: 2023-10-10 12:24:32 [INFO] NTP Time: [2023-10-10 13:24:32.373947]: Loaded mmwave configuration: {'setting1': 'value1', 'setting2': 'value2', 'Data storage location': 'AWR1843-Read-Data-Python-MMWAVE-SDK-3--master/data', 'mmwave_Datatype': 'dictionary'}
Local Time: 2023-10-10 12:24:33 [INFO] NTP Time: [2023-10-10 13:24:33.375167]: Using NTP time as the start timmer.
Local Time: 2023-10-10 12:24:33 [INFO] NTP Time: [2023-10-10 13:24:33.485662]: Using the local timmer to pretend to be NTP time. Data recorded
Local Time: 2023-10-10 12:24:33 [INFO] NTP Time: [2023-10-10 13:24:33.599086]: Using the local timmer to pretend to be NTP time. Data recorded
Local Time: 2023-10-10 12:24:33 [INFO] NTP Time: [2023-10-10 13:24:33.705150]: Using the local timmer to pretend to be NTP time. Data recorded
Local Time: 2023-10-10 12:24:33 [INFO] NTP Time: [2023-10-10 13:24:33.811173]: Using the local timmer to pretend to be NTP time. Data recorded
Local Time: 2023-10-10 12:24:33 [INFO] NTP Time: [2023-10-10 13:24:33.916493]: Using the local timmer to pretend to be NTP time. Data recorded
Local Time: 2023-10-10 12:24:34 [INFO] NTP Time: [2023-10-10 13:24:34.031000]: Using the local timmer to pretend to be NTP time. Data recorded
Local Time: 2023-10-10 12:24:34 [INFO] NTP Time: [2023-10-10 13:24:34.140472]: Using the local timmer to pretend to be NTP time. Data recorded
Local Time: 2023-10-10 12:24:34 [INFO] NTP Time: [2023-10-10 13:24:34.264495]: Using the local timmer to pretend to be NTP time. Data recorded
Local Time: 2023-10-10 12:24:34 [INFO] NTP Time: [2023-10-10 13:24:34.378547]: Using the local timmer to pretend to be NTP time. Data recorded
Local Time: 2023-10-10 12:24:34 [INFO] NTP Time: [2023-10-10 13:24:34.494394]: Using the local timmer to pretend to be NTP time. Data recorded
Local Time: 2023-10-10 12:24:34 [INFO] NTP Time: [2023-10-10 13:24:34.605352]: Using the local timmer to pretend to be NTP time. Data recorded
Local Time: 2023-10-10 12:24:34 [INFO] NTP Time: [2023-10-10 13:24:34.711404]: Using the local timmer to pretend to be NTP time. Data recorded
Local Time: 2023-10-10 12:24:34 [INFO] NTP Time: [2023-10-10 13:24:34.817453]: Using the local timmer to pretend to be NTP time. Data recorded
Local Time: 2023-10-10 12:24:34 [INFO] NTP Time: [2023-10-10 13:24:34.928616]: Using the local timmer to pretend to be NTP time. Data recorded
Local Time: 2023-10-10 12:24:35 [INFO] NTP Time: [2023-10-10 13:24:35.039037]: Using the local timmer to pretend to be NTP time. Data recorded
Local Time: 2023-10-10 12:24:35 [INFO] NTP Time: [2023-10-10 13:24:35.151264]: Using the local timmer to pretend to be NTP time. Data recorded
Local Time: 2023-10-10 12:24:35 [INFO] NTP Time: [2023-10-10 13:24:35.307246]: Using the local timmer to pretend to be NTP time. Data recorded
Local Time: 2023-10-10 12:24:35 [INFO] NTP Time: [2023-10-10 13:24:35.416369]: Using the local timmer to pretend to be NTP time. Data recorded
Local Time: 2023-10-10 12:24:35 [INFO] NTP Time: [2023-10-10 13:24:35.540288]: Using the local timmer to pretend to be NTP time. Data recorded
Local Time: 2023-10-10 12:24:35 [INFO] NTP Time: [2023-10-10 13:24:35.651404]: Using the local timmer to pretend to be NTP time. Data recorded
Local Time: 2023-10-10 12:24:35 [INFO] NTP Time: [2023-10-10 13:24:35.764191]: Using the local timmer to pretend to be NTP time. Data recorded
Local Time: 2023-10-10 12:24:35 [INFO] NTP Time: [2023-10-10 13:24:35.874561]: Using the local timmer to pretend to be NTP time. Data recorded
Local Time: 2023-10-10 12:24:35 [INFO] NTP Time: [2023-10-10 13:24:35.983444]: Using the local timmer to pretend to be NTP time. Data recorded
Local Time: 2023-10-10 12:24:36 [INFO] NTP Time: [2023-10-10 13:24:36.095767]: Using the local timmer to pretend to be NTP time. Data recorded
Local Time: 2023-10-10 12:24:36 [INFO] NTP Time: [2023-10-10 13:24:36.204006]: Using the local timmer to pretend to be NTP time. Data recorded
Local Time: 2023-10-10 12:24:36 [INFO] NTP Time: [2023-10-10 13:24:36.311007]: Using the local timmer to pretend to be NTP time. Data recorded
Local Time: 2023-10-10 12:24:36 [INFO] NTP Time: [2023-10-10 13:24:36.427064]: Using the local timmer to pretend to be NTP time. Data recorded
Local Time: 2023-10-10 12:24:36 [INFO] NTP Time: [2023-10-10 13:24:36.537640]: Using the local timmer to pretend to be NTP time. Data recorded
Local Time: 2023-10-10 12:24:36 [INFO] NTP Time: [2023-10-10 13:24:36.646297]: Using the local timmer to pretend to be NTP time. Data recorded
Local Time: 2023-10-10 12:24:36 [INFO] NTP Time: [2023-10-10 13:24:36.755838]: Using the local timmer to pretend to be NTP time. Data recorded
Local Time: 2023-10-10 12:24:36 [INFO] NTP Time: [2023-10-10 13:24:36.864178]: Using the local timmer to pretend to be NTP time. Data recorded
Local Time: 2023-10-10 12:24:36 [INFO] NTP Time: [2023-10-10 13:24:36.973602]: Using the local timmer to pretend to be NTP time. Data recorded
Local Time: 2023-10-10 12:24:37 [INFO] NTP Time: [2023-10-10 13:24:37.081735]: Using the local timmer to pretend to be NTP time. Data recorded
Local Time: 2023-10-10 12:24:37 [INFO] NTP Time: [2023-10-10 13:24:37.193163]: Using the local timmer to pretend to be NTP time. Data recorded
Local Time: 2023-10-10 12:24:37 [INFO] NTP Time: [2023-10-10 13:24:37.341823]: Using the local timmer to pretend to be NTP time. Data recorded
Local Time: 2023-10-10 12:24:37 [INFO] NTP Time: [2023-10-10 13:24:37.536215]: Using the local timmer to pretend to be NTP time. Data recorded
Local Time: 2023-10-10 12:24:37 [INFO] NTP Time: [2023-10-10 13:24:37.663496]: Using the local timmer to pretend to be NTP time. Data recorded
Local Time: 2023-10-10 12:24:37 [INFO] NTP Time: [2023-10-10 13:24:37.777397]: Using the local timmer to pretend to be NTP time. Data recorded
Local Time: 2023-10-10 12:24:37 [INFO] NTP Time: [2023-10-10 13:24:37.884944]: Using the local timmer to pretend to be NTP time. Data recorded
Local Time: 2023-10-10 12:24:37 [INFO] NTP Time: [2023-10-10 13:24:37.997966]: Using the local timmer to pretend to be NTP time. Data recorded
Local Time: 2023-10-10 12:24:38 [INFO] NTP Time: [2023-10-10 13:24:38.110244]: Using the local timmer to pretend to be NTP time. Data recorded
Local Time: 2023-10-10 12:24:38 [INFO] NTP Time: [2023-10-10 13:24:38.217681]: Using the local timmer to pretend to be NTP time. Data recorded
Local Time: 2023-10-10 12:24:38 [INFO] NTP Time: [2023-10-10 13:24:38.349164]: Using the local timmer to pretend to be NTP time. Data recorded
Local Time: 2023-10-10 12:24:38 [INFO] NTP Time: [2023-10-10 13:24:38.461934]: Using the local timmer to pretend to be NTP time. Data recorded
Local Time: 2023-10-10 12:24:38 [INFO] NTP Time: [2023-10-10 13:24:38.572921]: Using the local timmer to pretend to be NTP time. Data recorded
Local Time: 2023-10-10 12:24:38 [INFO] NTP Time: [2023-10-10 13:24:38.682853]: Using the local timmer to pretend to be NTP time. Data recorded
Local Time: 2023-10-10 12:24:38 [INFO] NTP Time: [2023-10-10 13:24:38.796783]: Using the local timmer to pretend to be NTP time. Data recorded
Local Time: 2023-10-10 12:24:38 [INFO] NTP Time: [2023-10-10 13:24:38.910495]: Using the local timmer to pretend to be NTP time. Data recorded
Local Time: 2023-10-10 12:24:39 [INFO] NTP Time: [2023-10-10 13:24:39.017663]: Using the local timmer to pretend to be NTP time. Data recorded
Local Time: 2023-10-10 12:24:39 [INFO] NTP Time: [2023-10-10 13:24:39.130186]: Using the local timmer to pretend to be NTP time. Data recorded
Local Time: 2023-10-10 12:24:39 [INFO] NTP Time: [2023-10-10 13:24:39.239244]: Using the local timmer to pretend to be NTP time. Data recorded
Local Time: 2023-10-10 12:24:39 [INFO] NTP Time: [2023-10-10 13:24:39.348609]: Using the local timmer to pretend to be NTP time. Data recorded
Local Time: 2023-10-10 12:24:39 [INFO] NTP Time: [2023-10-10 13:24:39.464170]: Using the local timmer to pretend to be NTP time. Data recorded
Local Time: 2023-10-10 12:24:39 [INFO] NTP Time: [2023-10-10 13:24:39.574837]: Using the local timmer to pretend to be NTP time. Data recorded
Local Time: 2023-10-10 12:24:39 [INFO] NTP Time: [2023-10-10 13:24:39.684854]: Using the local timmer to pretend to be NTP time. Data recorded
Local Time: 2023-10-10 12:24:39 [INFO] NTP Time: [2023-10-10 13:24:39.799069]: Using the local timmer to pretend to be NTP time. Data recorded
Local Time: 2023-10-10 12:24:39 [INFO] NTP Time: [2023-10-10 13:24:39.909121]: Using the local timmer to pretend to be NTP time. Data recorded
Local Time: 2023-10-10 12:24:40 [INFO] NTP Time: [2023-10-10 13:24:40.017995]: Using the local timmer to pretend to be NTP time. Data recorded
Local Time: 2023-10-10 12:24:40 [INFO] NTP Time: [2023-10-10 13:24:40.130994]: Using the local timmer to pretend to be NTP time. Data recorded
Local Time: 2023-10-10 12:24:40 [INFO] NTP Time: [2023-10-10 13:24:40.239931]: Using the local timmer to pretend to be NTP time. Data recorded
Local Time: 2023-10-10 12:24:40 [INFO] NTP Time: [2023-10-10 13:24:40.346818]: Using the local timmer to pretend to be NTP time. Data recorded
Local Time: 2023-10-10 12:24:40 [INFO] NTP Time: [2023-10-10 13:24:40.459269]: Using the local timmer to pretend to be NTP time. Data recorded
Local Time: 2023-10-10 12:24:40 [INFO] NTP Time: [2023-10-10 13:24:40.594014]: Using the local timmer to pretend to be NTP time. Data recorded
Local Time: 2023-10-10 12:24:40 [INFO] NTP Time: [2023-10-10 13:24:40.706248]: Using the local timmer to pretend to be NTP time. Data recorded
Local Time: 2023-10-10 12:24:40 [INFO] NTP Time: [2023-10-10 13:24:40.814010]: Using the local timmer to pretend to be NTP time. Data recorded
Local Time: 2023-10-10 12:24:40 [INFO] NTP Time: [2023-10-10 13:24:40.924600]: Using the local timmer to pretend to be NTP time. Data recorded
Local Time: 2023-10-10 12:24:41 [INFO] NTP Time: [2023-10-10 13:24:41.036952]: Using the local timmer to pretend to be NTP time. Data recorded
Local Time: 2023-10-10 12:24:41 [INFO] NTP Time: [2023-10-10 13:24:41.145466]: Using the local timmer to pretend to be NTP time. Data recorded
Local Time: 2023-10-10 12:24:41 [INFO] NTP Time: [2023-10-10 13:24:41.254868]: Using the local timmer to pretend to be NTP time. Data recorded
Local Time: 2023-10-10 12:24:41 [INFO] NTP Time: [2023-10-10 13:24:41.368247]: Using the local timmer to pretend to be NTP time. Data recorded
Local Time: 2023-10-10 12:24:41 [INFO] NTP Time: [2023-10-10 13:24:41.477415]: Using the local timmer to pretend to be NTP time. Data recorded
Local Time: 2023-10-10 12:24:41 [INFO] NTP Time: [2023-10-10 13:24:41.592340]: Using the local timmer to pretend to be NTP time. Data recorded
Local Time: 2023-10-10 12:24:41 [INFO] NTP Time: [2023-10-10 13:24:41.704687]: Using the local timmer to pretend to be NTP time. Data recorded
Local Time: 2023-10-10 12:24:41 [INFO] NTP Time: [2023-10-10 13:24:41.812827]: Using the local timmer to pretend to be NTP time. Data recorded
Local Time: 2023-10-10 12:24:41 [INFO] NTP Time: [2023-10-10 13:24:41.923879]: Using the local timmer to pretend to be NTP time. Data recorded
Local Time: 2023-10-10 12:24:42 [INFO] NTP Time: [2023-10-10 13:24:42.038488]: Using the local timmer to pretend to be NTP time. Data recorded
Local Time: 2023-10-10 12:24:42 [INFO] NTP Time: [2023-10-10 13:24:42.146918]: Using the local timmer to pretend to be NTP time. Data recorded
Local Time: 2023-10-10 12:24:42 [INFO] NTP Time: [2023-10-10 13:24:42.263267]: Using the local timmer to pretend to be NTP time. Data recorded
Local Time: 2023-10-10 12:24:42 [INFO] NTP Time: [2023-10-10 13:24:42.381455]: Using the local timmer to pretend to be NTP time. Data recorded
Local Time: 2023-10-10 12:24:42 [INFO] NTP Time: [2023-10-10 13:24:42.504322]: Using the local timmer to pretend to be NTP time. Data recorded
Local Time: 2023-10-10 12:24:42 [INFO] NTP Time: [2023-10-10 13:24:42.622201]: Using the local timmer to pretend to be NTP time. Data recorded
Local Time: 2023-10-10 12:24:42 [INFO] NTP Time: [2023-10-10 13:24:42.763640]: Using the local timmer to pretend to be NTP time. Data recorded
Local Time: 2023-10-10 12:24:42 [INFO] NTP Time: [2023-10-10 13:24:42.879337]: Using the local timmer to pretend to be NTP time. Data recorded
Local Time: 2023-10-10 12:24:42 [INFO] NTP Time: [2023-10-10 13:24:42.993500]: Using the local timmer to pretend to be NTP time. Data recorded
Local Time: 2023-10-10 12:24:43 [INFO] NTP Time: [2023-10-10 13:24:43.105683]: Using the local timmer to pretend to be NTP time. Data recorded
Local Time: 2023-10-10 12:24:43 [INFO] NTP Time: [2023-10-10 13:24:43.213116]: Using the local timmer to pretend to be NTP time. Data recorded
Local Time: 2023-10-10 12:24:43 [INFO] NTP Time: [2023-10-10 13:24:43.324426]: Using the local timmer to pretend to be NTP time. Data recorded
Local Time: 2023-10-10 12:24:43 [INFO] NTP Time: [2023-10-10 13:24:43.435917]: Using the local timmer to pretend to be NTP time. Data recorded
Local Time: 2023-10-10 12:24:43 [INFO] NTP Time: [2023-10-10 13:24:43.546704]: Using the local timmer to pretend to be NTP time. Data recorded
Local Time: 2023-10-10 12:24:43 [INFO] NTP Time: [2023-10-10 13:24:43.663526]: Using the local timmer to pretend to be NTP time. Data recorded
Local Time: 2023-10-10 12:24:43 [INFO] NTP Time: [2023-10-10 13:24:43.777595]: Using the local timmer to pretend to be NTP time. Data recorded
Local Time: 2023-10-10 12:24:43 [INFO] NTP Time: [2023-10-10 13:24:43.887052]: Using the local timmer to pretend to be NTP time. Data recorded
Local Time: 2023-10-10 12:24:44 [INFO] NTP Time: [2023-10-10 13:24:44.001617]: Using the local timmer to pretend to be NTP time. Data recorded
Local Time: 2023-10-10 12:24:44 [INFO] NTP Time: [2023-10-10 13:24:44.112382]: Using the local timmer to pretend to be NTP time. Data recorded
Local Time: 2023-10-10 12:24:44 [INFO] NTP Time: [2023-10-10 13:24:44.229168]: Using the local timmer to pretend to be NTP time. Data recorded
Local Time: 2023-10-10 12:24:44 [INFO] NTP Time: [2023-10-10 13:24:44.339557]: Using the local timmer to pretend to be NTP time. Data recorded
Local Time: 2023-10-10 12:24:44 [INFO] NTP Time: [2023-10-10 13:24:44.448400]: Using the local timmer to pretend to be NTP time. Data recorded
Local Time: 2023-10-10 12:24:44 [INFO] NTP Time: [2023-10-10 13:24:44.564461]: Using the local timmer to pretend to be NTP time. Data recorded
Local Time: 2023-10-10 12:24:44 [INFO] NTP Time: [2023-10-10 13:24:44.675951]: Using the local timmer to pretend to be NTP time. Data recorded
Local Time: 2023-10-10 12:24:44 [INFO] NTP Time: [2023-10-10 13:24:44.788338]: Using the local timmer to pretend to be NTP time. Data recorded
Local Time: 2023-10-10 12:24:44 [INFO] NTP Time: [2023-10-10 13:24:44.902616]: Using the local timmer to pretend to be NTP time. Data recorded
Local Time: 2023-10-10 12:24:45 [INFO] NTP Time: [2023-10-10 13:24:45.012730]: Using the local timmer to pretend to be NTP time. Data recorded
Local Time: 2023-10-10 12:24:45 [INFO] NTP Time: [2023-10-10 13:24:45.129219]: Using the local timmer to pretend to be NTP time. Data recorded
Local Time: 2023-10-10 12:24:45 [INFO] NTP Time: [2023-10-10 13:24:45.242658]: Using the local timmer to pretend to be NTP time. Data recorded
Local Time: 2023-10-10 12:24:45 [INFO] NTP Time: [2023-10-10 13:24:45.352300]: Using the local timmer to pretend to be NTP time. Data recorded
Local Time: 2023-10-10 12:24:45 [INFO] NTP Time: [2023-10-10 13:24:45.467706]: Using the local timmer to pretend to be NTP time. Data recorded
Local Time: 2023-10-10 12:24:45 [INFO] NTP Time: [2023-10-10 13:24:45.577194]: Using the local timmer to pretend to be NTP time. Data recorded
Local Time: 2023-10-10 12:24:45 [INFO] NTP Time: [2023-10-10 13:24:45.686339]: Using the local timmer to pretend to be NTP time. Data recorded
Local Time: 2023-10-10 12:24:45 [INFO] NTP Time: [2023-10-10 13:24:45.804765]: Using the local timmer to pretend to be NTP time. Data recorded
Local Time: 2023-10-10 12:24:45 [INFO] NTP Time: [2023-10-10 13:24:45.915949]: Using the local timmer to pretend to be NTP time. Data recorded
Local Time: 2023-10-10 12:24:46 [INFO] NTP Time: [2023-10-10 13:24:46.034287]: Using the local timmer to pretend to be NTP time. Data recorded
Local Time: 2023-10-10 12:24:46 [INFO] NTP Time: [2023-10-10 13:24:46.145987]: Using the local timmer to pretend to be NTP time. Data recorded
Local Time: 2023-10-10 12:24:46 [INFO] NTP Time: [2023-10-10 13:24:46.266782]: Using the local timmer to pretend to be NTP time. Data recorded
Local Time: 2023-10-10 12:24:46 [INFO] NTP Time: [2023-10-10 13:24:46.378002]: Using the local timmer to pretend to be NTP time. Data recorded
Local Time: 2023-10-10 12:24:46 [INFO] NTP Time: [2023-10-10 13:24:46.489722]: Using the local timmer to pretend to be NTP time. Data recorded
Local Time: 2023-10-10 12:24:46 [INFO] NTP Time: [2023-10-10 13:24:46.609382]: Using the local timmer to pretend to be NTP time. Data recorded
Local Time: 2023-10-10 12:24:46 [INFO] NTP Time: [2023-10-10 13:24:46.721529]: Using the local timmer to pretend to be NTP time. Data recorded
Local Time: 2023-10-10 12:24:46 [INFO] NTP Time: [2023-10-10 13:24:46.842639]: Using the local timmer to pretend to be NTP time. Data recorded
Local Time: 2023-10-10 12:24:46 [INFO] NTP Time: [2023-10-10 13:24:46.954929]: Using the local timmer to pretend to be NTP time. Data recorded
Local Time: 2023-10-10 12:24:47 [INFO] NTP Time: [2023-10-10 13:24:47.070411]: Using the local timmer to pretend to be NTP time. Data recorded
Local Time: 2023-10-10 12:24:47 [INFO] NTP Time: [2023-10-10 13:24:47.180936]: Using the local timmer to pretend to be NTP time. Data recorded
Local Time: 2023-10-10 12:24:47 [INFO] NTP Time: [2023-10-10 13:24:47.294965]: Using the local timmer to pretend to be NTP time. Data recorded
Local Time: 2023-10-10 12:24:47 [INFO] NTP Time: [2023-10-10 13:24:47.448597]: Using the local timmer to pretend to be NTP time. Data recorded
Local Time: 2023-10-10 12:24:47 [INFO] NTP Time: [2023-10-10 13:24:47.636660]: Using the local timmer to pretend to be NTP time. Data recorded
Local Time: 2023-10-10 12:24:47 [INFO] NTP Time: [2023-10-10 13:24:47.747076]: Using the local timmer to pretend to be NTP time. Data recorded
Local Time: 2023-10-10 12:24:47 [INFO] NTP Time: [2023-10-10 13:24:47.863946]: Using the local timmer to pretend to be NTP time. Data recorded
Local Time: 2023-10-10 12:24:47 [INFO] NTP Time: [2023-10-10 13:24:47.976954]: Using the local timmer to pretend to be NTP time. Data recorded
Local Time: 2023-10-10 12:24:48 [INFO] NTP Time: [2023-10-10 13:24:48.086536]: Using the local timmer to pretend to be NTP time. Data recorded
Local Time: 2023-10-10 12:24:48 [INFO] NTP Time: [2023-10-10 13:24:48.205671]: Using the local timmer to pretend to be NTP time. Data recorded
Local Time: 2023-10-10 12:24:48 [INFO] NTP Time: [2023-10-10 13:24:48.317044]: Using the local timmer to pretend to be NTP time. Data recorded
Local Time: 2023-10-10 12:24:48 [INFO] NTP Time: [2023-10-10 13:24:48.438290]: Using the local timmer to pretend to be NTP time. Data recorded
Local Time: 2023-10-10 12:24:48 [INFO] NTP Time: [2023-10-10 13:24:48.552750]: Using the local timmer to pretend to be NTP time. Data recorded
Local Time: 2023-10-10 12:24:48 [INFO] NTP Time: [2023-10-10 13:24:48.678348]: Using the local timmer to pretend to be NTP time. Data recorded
Local Time: 2023-10-10 12:24:48 [INFO] NTP Time: [2023-10-10 13:24:48.793425]: Using the local timmer to pretend to be NTP time. Data recorded
Local Time: 2023-10-10 12:24:48 [INFO] NTP Time: [2023-10-10 13:24:48.911684]: Using the local timmer to pretend to be NTP time. Data recorded
Local Time: 2023-10-10 12:24:49 [INFO] NTP Time: [2023-10-10 13:24:49.029324]: Using the local timmer to pretend to be NTP time. Data recorded
Local Time: 2023-10-10 12:24:49 [INFO] NTP Time: [2023-10-10 13:24:49.146281]: Using the local timmer to pretend to be NTP time. Data recorded
Local Time: 2023-10-10 12:24:49 [INFO] NTP Time: [2023-10-10 13:24:49.262673]: Using the local timmer to pretend to be NTP time. Data recorded
Local Time: 2023-10-10 12:24:49 [INFO] NTP Time: [2023-10-10 13:24:49.375581]: Using the local timmer to pretend to be NTP time. Data recorded
Local Time: 2023-10-10 12:24:49 [INFO] NTP Time: [2023-10-10 13:24:49.484311]: Using the local timmer to pretend to be NTP time. Data recorded
Local Time: 2023-10-10 12:24:49 [INFO] NTP Time: [2023-10-10 13:24:49.603237]: Using the local timmer to pretend to be NTP time. Data recorded
Local Time: 2023-10-10 12:24:49 [INFO] NTP Time: [2023-10-10 13:24:49.714178]: Using the local timmer to pretend to be NTP time. Data recorded
Local Time: 2023-10-10 12:24:49 [INFO] NTP Time: [2023-10-10 13:24:49.830717]: Using the local timmer to pretend to be NTP time. Data recorded
Local Time: 2023-10-10 12:24:49 [INFO] NTP Time: [2023-10-10 13:24:49.945074]: Using the local timmer to pretend to be NTP time. Data recorded
Local Time: 2023-10-10 12:24:50 [INFO] NTP Time: [2023-10-10 13:24:50.067445]: Using the local timmer to pretend to be NTP time. Data recorded
Local Time: 2023-10-10 12:24:50 [INFO] NTP Time: [2023-10-10 13:24:50.179137]: Using the local timmer to pretend to be NTP time. Data recorded
Local Time: 2023-10-10 12:24:50 [INFO] NTP Time: [2023-10-10 13:24:50.294353]: Using the local timmer to pretend to be NTP time. Data recorded
Local Time: 2023-10-10 12:24:50 [INFO] NTP Time: [2023-10-10 13:24:50.408516]: Using the local timmer to pretend to be NTP time. Data recorded
Local Time: 2023-10-10 12:24:50 [INFO] NTP Time: [2023-10-10 13:24:50.534337]: Using the local timmer to pretend to be NTP time. Data recorded
Local Time: 2023-10-10 12:24:50 [INFO] NTP Time: [2023-10-10 13:24:50.646337]: Using the local timmer to pretend to be NTP time. Data recorded
Local Time: 2023-10-10 12:24:50 [INFO] NTP Time: [2023-10-10 13:24:50.782413]: Using the local timmer to pretend to be NTP time. Data recorded
Local Time: 2023-10-10 12:24:50 [INFO] NTP Time: [2023-10-10 13:24:50.902596]: Using the local timmer to pretend to be NTP time. Data recorded
Local Time: 2023-10-10 12:24:51 [INFO] NTP Time: [2023-10-10 13:24:51.028716]: Using the local timmer to pretend to be NTP time. Data recorded
Local Time: 2023-10-10 12:24:51 [INFO] NTP Time: [2023-10-10 13:24:51.141586]: Using the local timmer to pretend to be NTP time. Data recorded
Local Time: 2023-10-10 12:24:51 [INFO] NTP Time: [2023-10-10 13:24:51.253523]: Using the local timmer to pretend to be NTP time. Data recorded
Local Time: 2023-10-10 12:24:51 [INFO] NTP Time: [2023-10-10 13:24:51.412924]: Using the local timmer to pretend to be NTP time. Data recorded
Local Time: 2023-10-10 12:24:51 [INFO] NTP Time: [2023-10-10 13:24:51.532020]: Using the local timmer to pretend to be NTP time. Data recorded
Local Time: 2023-10-10 12:24:51 [INFO] NTP Time: [2023-10-10 13:24:51.645295]: Using the local timmer to pretend to be NTP time. Data recorded
Local Time: 2023-10-10 12:24:51 [INFO] NTP Time: [2023-10-10 13:24:51.757853]: Using the local timmer to pretend to be NTP time. Data recorded
Local Time: 2023-10-10 12:24:51 [INFO] NTP Time: [2023-10-10 13:24:51.874055]: Using the local timmer to pretend to be NTP time. Data recorded
Local Time: 2023-10-10 12:24:51 [INFO] NTP Time: [2023-10-10 13:24:51.985023]: Using the local timmer to pretend to be NTP time. Data recorded
Local Time: 2023-10-10 12:24:52 [INFO] NTP Time: [2023-10-10 13:24:52.109718]: Using the local timmer to pretend to be NTP time. Data recorded
Local Time: 2023-10-10 12:24:52 [INFO] NTP Time: [2023-10-10 13:24:52.222626]: Using the local timmer to pretend to be NTP time. Data recorded
Local Time: 2023-10-10 12:24:52 [INFO] NTP Time: [2023-10-10 13:24:52.342947]: Using the local timmer to pretend to be NTP time. Data recorded
Local Time: 2023-10-10 12:24:52 [INFO] NTP Time: [2023-10-10 13:24:52.478970]: Using the local timmer to pretend to be NTP time. Data recorded
Local Time: 2023-10-10 12:24:52 [INFO] NTP Time: [2023-10-10 13:24:52.654156]: Using the local timmer to pretend to be NTP time. Data recorded
Local Time: 2023-10-10 12:24:52 [INFO] NTP Time: [2023-10-10 13:24:52.799482]: Using the local timmer to pretend to be NTP time. Data recorded
Local Time: 2023-10-10 12:24:52 [INFO] NTP Time: [2023-10-10 13:24:52.939554]: Using the local timmer to pretend to be NTP time. Data recorded
Local Time: 2023-10-10 12:24:53 [INFO] NTP Time: [2023-10-10 13:24:53.056176]: Using the local timmer to pretend to be NTP time. Data recorded
Local Time: 2023-10-10 12:24:53 [INFO] NTP Time: [2023-10-10 13:24:53.173512]: Using the local timmer to pretend to be NTP time. Data recorded
Local Time: 2023-10-10 12:24:53 [INFO] NTP Time: [2023-10-10 13:24:53.291857]: Using the local timmer to pretend to be NTP time. Data recorded
Local Time: 2023-10-10 12:24:53 [INFO] NTP Time: [2023-10-10 13:24:53.419845]: Using the local timmer to pretend to be NTP time. Data recorded
Local Time: 2023-10-10 12:24:53 [INFO] NTP Time: [2023-10-10 13:24:53.599110]: Using the local timmer to pretend to be NTP time. Data recorded
Local Time: 2023-10-10 12:24:53 [INFO] NTP Time: [2023-10-10 13:24:53.729653]: Using the local timmer to pretend to be NTP time. Data recorded
Local Time: 2023-10-10 12:24:53 [INFO] NTP Time: [2023-10-10 13:24:53.872805]: Using the local timmer to pretend to be NTP time. Data recorded
Local Time: 2023-10-10 12:24:54 [INFO] NTP Time: [2023-10-10 13:24:54.022725]: Using the local timmer to pretend to be NTP time. Data recorded
Local Time: 2023-10-10 12:24:54 [INFO] NTP Time: [2023-10-10 13:24:54.198666]: Using the local timmer to pretend to be NTP time. Data recorded
Local Time: 2023-10-10 12:24:54 [INFO] NTP Time: [2023-10-10 13:24:54.413801]: Using the local timmer to pretend to be NTP time. Data recorded
Local Time: 2023-10-10 12:24:54 [INFO] NTP Time: [2023-10-10 13:24:54.568150]: Using the local timmer to pretend to be NTP time. Data recorded
Local Time: 2023-10-10 12:24:54 [INFO] NTP Time: [2023-10-10 13:24:54.704865]: Using the local timmer to pretend to be NTP time. Data recorded
Local Time: 2023-10-10 12:24:54 [INFO] NTP Time: [2023-10-10 13:24:54.819180]: Using the local timmer to pretend to be NTP time. Data recorded
Local Time: 2023-10-10 12:24:54 [INFO] NTP Time: [2023-10-10 13:24:54.958108]: Using the local timmer to pretend to be NTP time. Data recorded
Local Time: 2023-10-10 12:24:55 [INFO] NTP Time: [2023-10-10 13:24:55.101269]: Using the local timmer to pretend to be NTP time. Data recorded
Local Time: 2023-10-10 12:24:55 [INFO] NTP Time: [2023-10-10 13:24:55.217508]: Using the local timmer to pretend to be NTP time. Data recorded
Local Time: 2023-10-10 12:24:55 [INFO] NTP Time: [2023-10-10 13:24:55.397710]: Using the local timmer to pretend to be NTP time. Data recorded
Local Time: 2023-10-10 12:24:55 [INFO] NTP Time: [2023-10-10 13:24:55.517498]: Using the local timmer to pretend to be NTP time. Data recorded
Local Time: 2023-10-10 12:24:55 [INFO] NTP Time: [2023-10-10 13:24:55.643526]: Using the local timmer to pretend to be NTP time. Data recorded
Local Time: 2023-10-10 12:24:55 [INFO] NTP Time: [2023-10-10 13:24:55.775377]: Using the local timmer to pretend to be NTP time. Data recorded
Local Time: 2023-10-10 12:24:55 [INFO] NTP Time: [2023-10-10 13:24:55.914635]: Using the local timmer to pretend to be NTP time. Data recorded
Local Time: 2023-10-10 12:24:56 [INFO] NTP Time: [2023-10-10 13:24:56.080217]: Using the local timmer to pretend to be NTP time. Data recorded
Local Time: 2023-10-10 12:24:56 [INFO] NTP Time: [2023-10-10 13:24:56.208924]: Using the local timmer to pretend to be NTP time. Data recorded
Local Time: 2023-10-10 12:24:56 [INFO] NTP Time: [2023-10-10 13:24:56.325413]: Using the local timmer to pretend to be NTP time. Data recorded
Local Time: 2023-10-10 12:24:56 [INFO] NTP Time: [2023-10-10 13:24:56.485957]: Using the local timmer to pretend to be NTP time. Data recorded
Local Time: 2023-10-10 12:24:56 [INFO] NTP Time: [2023-10-10 13:24:56.647420]: Using the local timmer to pretend to be NTP time. Data recorded
Local Time: 2023-10-10 12:24:56 [INFO] NTP Time: [2023-10-10 13:24:56.814225]: Using the local timmer to pretend to be NTP time. Data recorded
Local Time: 2023-10-10 12:24:56 [INFO] NTP Time: [2023-10-10 13:24:56.938725]: Using the local timmer to pretend to be NTP time. Data recorded
Local Time: 2023-10-10 12:24:57 [INFO] NTP Time: [2023-10-10 13:24:57.053881]: Using the local timmer to pretend to be NTP time. Data recorded
Local Time: 2023-10-10 12:24:57 [INFO] NTP Time: [2023-10-10 13:24:57.213809]: Using the local timmer to pretend to be NTP time. Data recorded
Local Time: 2023-10-10 12:24:57 [INFO] NTP Time: [2023-10-10 13:24:57.341642]: Using the local timmer to pretend to be NTP time. Data recorded
Local Time: 2023-10-10 12:24:57 [INFO] NTP Time: [2023-10-10 13:24:57.454072]: Using the local timmer to pretend to be NTP time. Data recorded
Local Time: 2023-10-10 12:24:57 [INFO] NTP Time: [2023-10-10 13:24:57.577501]: Using the local timmer to pretend to be NTP time. Data recorded
Local Time: 2023-10-10 12:24:57 [INFO] NTP Time: [2023-10-10 13:24:57.729023]: Using the local timmer to pretend to be NTP time. Data recorded
Local Time: 2023-10-10 12:24:57 [INFO] NTP Time: [2023-10-10 13:24:57.878457]: Using the local timmer to pretend to be NTP time. Data recorded
Local Time: 2023-10-10 12:24:58 [INFO] NTP Time: [2023-10-10 13:24:58.002567]: Using the local timmer to pretend to be NTP time. Data recorded
Local Time: 2023-10-10 12:24:58 [INFO] NTP Time: [2023-10-10 13:24:58.120928]: Using the local timmer to pretend to be NTP time. Data recorded
Local Time: 2023-10-10 12:24:58 [INFO] NTP Time: [2023-10-10 13:24:58.240426]: Using the local timmer to pretend to be NTP time. Data recorded
Local Time: 2023-10-10 12:24:58 [INFO] NTP Time: [2023-10-10 13:24:58.369839]: Using the local timmer to pretend to be NTP time. Data recorded
Local Time: 2023-10-10 12:24:58 [INFO] NTP Time: [2023-10-10 13:24:58.520750]: Using the local timmer to pretend to be NTP time. Data recorded
Local Time: 2023-10-10 12:24:58 [INFO] NTP Time: [2023-10-10 13:24:58.692160]: Using the local timmer to pretend to be NTP time. Data recorded
Local Time: 2023-10-10 12:24:58 [INFO] NTP Time: [2023-10-10 13:24:58.808565]: Using the local timmer to pretend to be NTP time. Data recorded
Local Time: 2023-10-10 12:24:58 [INFO] NTP Time: [2023-10-10 13:24:58.991015]: Using the local timmer to pretend to be NTP time. Data recorded
Local Time: 2023-10-10 12:24:59 [INFO] NTP Time: [2023-10-10 13:24:59.107475]: Using the local timmer to pretend to be NTP time. Data recorded
Local Time: 2023-10-10 12:24:59 [INFO] NTP Time: [2023-10-10 13:24:59.262376]: Using the local timmer to pretend to be NTP time. Data recorded
Local Time: 2023-10-10 12:24:59 [INFO] NTP Time: [2023-10-10 13:24:59.375186]: Using the local timmer to pretend to be NTP time. Data recorded
Local Time: 2023-10-10 12:24:59 [INFO] NTP Time: [2023-10-10 13:24:59.546801]: Using the local timmer to pretend to be NTP time. Data recorded
Local Time: 2023-10-10 12:25:00 [INFO] NTP Time: [2023-10-10 13:25:00.005613]: Using the local timmer to pretend to be NTP time. Data recorded
Local Time: 2023-10-10 12:25:00 [INFO] NTP Time: [2023-10-10 13:25:00.313699]: Using the local timmer to pretend to be NTP time. Data recorded
Local Time: 2023-10-10 12:25:00 [INFO] NTP Time: [2023-10-10 13:25:00.941794]: Using the local timmer to pretend to be NTP time. Data recorded
Local Time: 2023-10-10 12:25:01 [INFO] NTP Time: [2023-10-10 13:25:01.063814]: Using the local timmer to pretend to be NTP time. Data recorded
Local Time: 2023-10-10 12:25:01 [INFO] NTP Time: [2023-10-10 13:25:01.446178]: Using the local timmer to pretend to be NTP time. Data recorded
Local Time: 2023-10-10 12:25:01 [INFO] NTP Time: [2023-10-10 13:25:01.568663]: Using the local timmer to pretend to be NTP time. Data recorded
Local Time: 2023-10-10 12:25:01 [INFO] NTP Time: [2023-10-10 13:25:01.883148]: Using the local timmer to pretend to be NTP time. Data recorded
Local Time: 2023-10-10 12:25:02 [INFO] NTP Time: [2023-10-10 13:25:02.002673]: Using the local timmer to pretend to be NTP time. Data recorded
Local Time: 2023-10-10 12:25:02 [INFO] NTP Time: [2023-10-10 13:25:02.155344]: Using the local timmer to pretend to be NTP time. Data recorded
Local Time: 2023-10-10 12:25:02 [INFO] NTP Time: [2023-10-10 13:25:02.277798]: Using the local timmer to pretend to be NTP time. Data recorded
Local Time: 2023-10-10 12:25:02 [INFO] NTP Time: [2023-10-10 13:25:02.481277]: Using the local timmer to pretend to be NTP time. Data recorded
Local Time: 2023-10-10 12:25:02 [INFO] NTP Time: [2023-10-10 13:25:02.638111]: Using the local timmer to pretend to be NTP time. Data recorded
Local Time: 2023-10-10 12:25:02 [INFO] NTP Time: [2023-10-10 13:25:02.755865]: Using the local timmer to pretend to be NTP time. Data recorded
Local Time: 2023-10-10 12:25:02 [INFO] NTP Time: [2023-10-10 13:25:02.966775]: Using the local timmer to pretend to be NTP time. Data recorded
Local Time: 2023-10-10 12:25:03 [INFO] NTP Time: [2023-10-10 13:25:03.098220]: Using the local timmer to pretend to be NTP time. Data recorded
Local Time: 2023-10-10 12:25:03 [INFO] NTP Time: [2023-10-10 13:25:03.811670]: Using the local timmer to pretend to be NTP time. Data recorded
Local Time: 2023-10-10 12:25:04 [INFO] NTP Time: [2023-10-10 13:25:04.135947]: Using the local timmer to pretend to be NTP time. Data recorded
Local Time: 2023-10-10 12:25:04 [INFO] NTP Time: [2023-10-10 13:25:04.388043]: Using the local timmer to pretend to be NTP time. Data recorded
Local Time: 2023-10-10 12:25:04 [INFO] NTP Time: [2023-10-10 13:25:04.518815]: Using the local timmer to pretend to be NTP time. Data recorded
Local Time: 2023-10-10 12:25:04 [INFO] NTP Time: [2023-10-10 13:25:04.640996]: Using the local timmer to pretend to be NTP time. Data recorded
Local Time: 2023-10-10 12:25:04 [INFO] NTP Time: [2023-10-10 13:25:04.757532]: Using the local timmer to pretend to be NTP time. Data recorded
Local Time: 2023-10-10 12:25:05 [INFO] NTP Time: [2023-10-10 13:25:05.130412]: Using the local timmer to pretend to be NTP time. Data recorded
Local Time: 2023-10-10 12:25:05 [INFO] NTP Time: [2023-10-10 13:25:05.252643]: Using the local timmer to pretend to be NTP time. Data recorded
Local Time: 2023-10-10 12:25:05 [INFO] NTP Time: [2023-10-10 13:25:05.370563]: Using the local timmer to pretend to be NTP time. Data recorded
Local Time: 2023-10-10 12:25:05 [INFO] NTP Time: [2023-10-10 13:25:05.489524]: Using the local timmer to pretend to be NTP time. Data recorded
Local Time: 2023-10-10 12:25:05 [INFO] NTP Time: [2023-10-10 13:25:05.610734]: Using the local timmer to pretend to be NTP time. Data recorded
Local Time: 2023-10-10 12:25:05 [INFO] NTP Time: [2023-10-10 13:25:05.754683]: Using the local timmer to pretend to be NTP time. Data recorded
Local Time: 2023-10-10 12:25:05 [INFO] NTP Time: [2023-10-10 13:25:05.874654]: Using the local timmer to pretend to be NTP time. Data recorded
Local Time: 2023-10-10 12:25:06 [INFO] NTP Time: [2023-10-10 13:25:06.045648]: Using the local timmer to pretend to be NTP time. Data recorded
Local Time: 2023-10-10 12:25:06 [INFO] NTP Time: [2023-10-10 13:25:06.354114]: Using the local timmer to pretend to be NTP time. Data recorded
Local Time: 2023-10-10 12:25:06 [INFO] NTP Time: [2023-10-10 13:25:06.477387]: Using the local timmer to pretend to be NTP time. Data recorded
Local Time: 2023-10-10 12:25:06 [INFO] NTP Time: [2023-10-10 13:25:06.680750]: Using the local timmer to pretend to be NTP time. Data recorded
Local Time: 2023-10-10 12:25:06 [INFO] NTP Time: [2023-10-10 13:25:06.797620]: Using the local timmer to pretend to be NTP time. Data recorded
Local Time: 2023-10-10 12:25:07 [INFO] NTP Time: [2023-10-10 13:25:07.111260]: Using the local timmer to pretend to be NTP time. Data recorded
Local Time: 2023-10-10 12:25:07 [INFO] NTP Time: [2023-10-10 13:25:07.230150]: Using the local timmer to pretend to be NTP time. Data recorded
Local Time: 2023-10-10 12:25:07 [INFO] NTP Time: [2023-10-10 13:25:07.481561]: Using the local timmer to pretend to be NTP time. Data recorded
Local Time: 2023-10-10 12:25:07 [INFO] NTP Time: [2023-10-10 13:25:07.605555]: Using the local timmer to pretend to be NTP time. Data recorded
Local Time: 2023-10-10 12:25:07 [INFO] NTP Time: [2023-10-10 13:25:07.793763]: Using the local timmer to pretend to be NTP time. Data recorded
Local Time: 2023-10-10 12:25:07 [INFO] NTP Time: [2023-10-10 13:25:07.974142]: Using the local timmer to pretend to be NTP time. Data recorded
Local Time: 2023-10-10 12:25:08 [INFO] NTP Time: [2023-10-10 13:25:08.140391]: Using the local timmer to pretend to be NTP time. Data recorded
Local Time: 2023-10-10 12:25:08 [INFO] NTP Time: [2023-10-10 13:25:08.150514]: End recording by a terminate action.
