Local Time: 2023-10-09 20:27:21 [INFO] NTP Time: [2023-10-09 21:27:21.090876]: Loaded configuration: {'participant': {'id': 'P001', 'age': '25', 'gender': 'M', 'ethnicity': 'Caucasian', 'height': '165', 'weight': '65'}, 'experiment': {'date': '2022-01-01', 'time': '14:00:00', 'condition': 'HW101M', 'group': 'A', 'illumination_level': 'low'}, 'task_info': {'task_name': 'Task1', 'trial_number': '5'}, 'notes': {'comments': 'Participant seemed tired during the session.'}, 'label_info': {'activity': 'sit'}}
Local Time: 2023-10-09 20:27:21 [INFO] NTP Time: [2023-10-09 21:27:21.090973]: Loaded mmwave configuration: {'setting1': 'value1', 'setting2': 'value2', 'Data storage location': 'AWR1843-Read-Data-Python-MMWAVE-SDK-3--master/data', 'mmwave_Datatype': 'dictionary'}
Local Time: 2023-10-09 20:27:21 [INFO] NTP Time: [2023-10-09 21:27:21.877884]: Using NTP time as the start timmer.
Local Time: 2023-10-09 20:27:21 [INFO] NTP Time: [2023-10-09 21:27:21.996085]: Using the local timmer to pretend to be NTP time. Data recorded
Local Time: 2023-10-09 20:27:22 [INFO] NTP Time: [2023-10-09 21:27:22.110092]: Using the local timmer to pretend to be NTP time. Data recorded
Local Time: 2023-10-09 20:27:22 [INFO] NTP Time: [2023-10-09 21:27:22.227171]: Using the local timmer to pretend to be NTP time. Data recorded
Local Time: 2023-10-09 20:27:22 [INFO] NTP Time: [2023-10-09 21:27:22.341785]: Using the local timmer to pretend to be NTP time. Data recorded
Local Time: 2023-10-09 20:27:22 [INFO] NTP Time: [2023-10-09 21:27:22.456409]: Using the local timmer to pretend to be NTP time. Data recorded
Local Time: 2023-10-09 20:27:22 [INFO] NTP Time: [2023-10-09 21:27:22.571049]: Using the local timmer to pretend to be NTP time. Data recorded
Local Time: 2023-10-09 20:27:22 [INFO] NTP Time: [2023-10-09 21:27:22.686961]: Using the local timmer to pretend to be NTP time. Data recorded
Local Time: 2023-10-09 20:27:22 [INFO] NTP Time: [2023-10-09 21:27:22.801213]: Using the local timmer to pretend to be NTP time. Data recorded
Local Time: 2023-10-09 20:27:22 [INFO] NTP Time: [2023-10-09 21:27:22.916833]: Using the local timmer to pretend to be NTP time. Data recorded
Local Time: 2023-10-09 20:27:23 [INFO] NTP Time: [2023-10-09 21:27:23.031268]: Using the local timmer to pretend to be NTP time. Data recorded
Local Time: 2023-10-09 20:27:23 [INFO] NTP Time: [2023-10-09 21:27:23.146535]: Using the local timmer to pretend to be NTP time. Data recorded
Local Time: 2023-10-09 20:27:23 [INFO] NTP Time: [2023-10-09 21:27:23.261550]: Using the local timmer to pretend to be NTP time. Data recorded
Local Time: 2023-10-09 20:27:23 [INFO] NTP Time: [2023-10-09 21:27:23.375634]: Using the local timmer to pretend to be NTP time. Data recorded
Local Time: 2023-10-09 20:27:23 [INFO] NTP Time: [2023-10-09 21:27:23.490042]: Using the local timmer to pretend to be NTP time. Data recorded
Local Time: 2023-10-09 20:27:23 [INFO] NTP Time: [2023-10-09 21:27:23.605456]: Using the local timmer to pretend to be NTP time. Data recorded
Local Time: 2023-10-09 20:27:23 [INFO] NTP Time: [2023-10-09 21:27:23.720170]: Using the local timmer to pretend to be NTP time. Data recorded
Local Time: 2023-10-09 20:27:23 [INFO] NTP Time: [2023-10-09 21:27:23.835407]: Using the local timmer to pretend to be NTP time. Data recorded
Local Time: 2023-10-09 20:27:23 [INFO] NTP Time: [2023-10-09 21:27:23.950917]: Using the local timmer to pretend to be NTP time. Data recorded
Local Time: 2023-10-09 20:27:24 [INFO] NTP Time: [2023-10-09 21:27:24.065898]: Using the local timmer to pretend to be NTP time. Data recorded
Local Time: 2023-10-09 20:27:24 [INFO] NTP Time: [2023-10-09 21:27:24.180210]: Using the local timmer to pretend to be NTP time. Data recorded
Local Time: 2023-10-09 20:27:24 [INFO] NTP Time: [2023-10-09 21:27:24.294908]: Using the local timmer to pretend to be NTP time. Data recorded
Local Time: 2023-10-09 20:27:24 [INFO] NTP Time: [2023-10-09 21:27:24.409352]: Using the local timmer to pretend to be NTP time. Data recorded
Local Time: 2023-10-09 20:27:24 [INFO] NTP Time: [2023-10-09 21:27:24.524711]: Using the local timmer to pretend to be NTP time. Data recorded
Local Time: 2023-10-09 20:27:24 [INFO] NTP Time: [2023-10-09 21:27:24.640196]: Using the local timmer to pretend to be NTP time. Data recorded
Local Time: 2023-10-09 20:27:24 [INFO] NTP Time: [2023-10-09 21:27:24.755611]: Using the local timmer to pretend to be NTP time. Data recorded
Local Time: 2023-10-09 20:27:24 [INFO] NTP Time: [2023-10-09 21:27:24.870827]: Using the local timmer to pretend to be NTP time. Data recorded
Local Time: 2023-10-09 20:27:24 [INFO] NTP Time: [2023-10-09 21:27:24.986338]: Using the local timmer to pretend to be NTP time. Data recorded
Local Time: 2023-10-09 20:27:25 [INFO] NTP Time: [2023-10-09 21:27:25.101784]: Using the local timmer to pretend to be NTP time. Data recorded
Local Time: 2023-10-09 20:27:25 [INFO] NTP Time: [2023-10-09 21:27:25.217296]: Using the local timmer to pretend to be NTP time. Data recorded
Local Time: 2023-10-09 20:27:25 [INFO] NTP Time: [2023-10-09 21:27:25.332843]: Using the local timmer to pretend to be NTP time. Data recorded
Local Time: 2023-10-09 20:27:25 [INFO] NTP Time: [2023-10-09 21:27:25.447504]: Using the local timmer to pretend to be NTP time. Data recorded
Local Time: 2023-10-09 20:27:25 [INFO] NTP Time: [2023-10-09 21:27:25.563112]: Using the local timmer to pretend to be NTP time. Data recorded
Local Time: 2023-10-09 20:27:25 [INFO] NTP Time: [2023-10-09 21:27:25.678044]: Using the local timmer to pretend to be NTP time. Data recorded
Local Time: 2023-10-09 20:27:25 [INFO] NTP Time: [2023-10-09 21:27:25.793239]: Using the local timmer to pretend to be NTP time. Data recorded
Local Time: 2023-10-09 20:27:25 [INFO] NTP Time: [2023-10-09 21:27:25.908732]: Using the local timmer to pretend to be NTP time. Data recorded
Local Time: 2023-10-09 20:27:26 [INFO] NTP Time: [2023-10-09 21:27:26.023986]: Using the local timmer to pretend to be NTP time. Data recorded
Local Time: 2023-10-09 20:27:26 [INFO] NTP Time: [2023-10-09 21:27:26.139197]: Using the local timmer to pretend to be NTP time. Data recorded
Local Time: 2023-10-09 20:27:26 [INFO] NTP Time: [2023-10-09 21:27:26.254827]: Using the local timmer to pretend to be NTP time. Data recorded
Local Time: 2023-10-09 20:27:26 [INFO] NTP Time: [2023-10-09 21:27:26.370284]: Using the local timmer to pretend to be NTP time. Data recorded
Local Time: 2023-10-09 20:27:26 [INFO] NTP Time: [2023-10-09 21:27:26.485627]: Using the local timmer to pretend to be NTP time. Data recorded
Local Time: 2023-10-09 20:27:26 [INFO] NTP Time: [2023-10-09 21:27:26.600732]: Using the local timmer to pretend to be NTP time. Data recorded
Local Time: 2023-10-09 20:27:26 [INFO] NTP Time: [2023-10-09 21:27:26.717180]: Using the local timmer to pretend to be NTP time. Data recorded
Local Time: 2023-10-09 20:27:26 [INFO] NTP Time: [2023-10-09 21:27:26.832654]: Using the local timmer to pretend to be NTP time. Data recorded
Local Time: 2023-10-09 20:27:26 [INFO] NTP Time: [2023-10-09 21:27:26.949540]: Using the local timmer to pretend to be NTP time. Data recorded
Local Time: 2023-10-09 20:27:27 [INFO] NTP Time: [2023-10-09 21:27:27.064981]: Using the local timmer to pretend to be NTP time. Data recorded
Local Time: 2023-10-09 20:27:27 [INFO] NTP Time: [2023-10-09 21:27:27.181104]: Using the local timmer to pretend to be NTP time. Data recorded
Local Time: 2023-10-09 20:27:27 [INFO] NTP Time: [2023-10-09 21:27:27.297335]: Using the local timmer to pretend to be NTP time. Data recorded
Local Time: 2023-10-09 20:27:27 [INFO] NTP Time: [2023-10-09 21:27:27.412613]: Using the local timmer to pretend to be NTP time. Data recorded
Local Time: 2023-10-09 20:27:27 [INFO] NTP Time: [2023-10-09 21:27:27.529075]: Using the local timmer to pretend to be NTP time. Data recorded
Local Time: 2023-10-09 20:27:27 [INFO] NTP Time: [2023-10-09 21:27:27.644621]: Using the local timmer to pretend to be NTP time. Data recorded
Local Time: 2023-10-09 20:27:27 [INFO] NTP Time: [2023-10-09 21:27:27.760974]: Using the local timmer to pretend to be NTP time. Data recorded
Local Time: 2023-10-09 20:27:27 [INFO] NTP Time: [2023-10-09 21:27:27.875936]: Using the local timmer to pretend to be NTP time. Data recorded
Local Time: 2023-10-09 20:27:27 [INFO] NTP Time: [2023-10-09 21:27:27.991544]: Using the local timmer to pretend to be NTP time. Data recorded
Local Time: 2023-10-09 20:27:28 [INFO] NTP Time: [2023-10-09 21:27:28.107382]: Using the local timmer to pretend to be NTP time. Data recorded
Local Time: 2023-10-09 20:27:28 [INFO] NTP Time: [2023-10-09 21:27:28.223124]: Using the local timmer to pretend to be NTP time. Data recorded
Local Time: 2023-10-09 20:27:28 [INFO] NTP Time: [2023-10-09 21:27:28.338561]: Using the local timmer to pretend to be NTP time. Data recorded
Local Time: 2023-10-09 20:27:28 [INFO] NTP Time: [2023-10-09 21:27:28.454971]: Using the local timmer to pretend to be NTP time. Data recorded
Local Time: 2023-10-09 20:27:28 [INFO] NTP Time: [2023-10-09 21:27:28.573014]: Using the local timmer to pretend to be NTP time. Data recorded
Local Time: 2023-10-09 20:27:28 [INFO] NTP Time: [2023-10-09 21:27:28.690966]: Using the local timmer to pretend to be NTP time. Data recorded
Local Time: 2023-10-09 20:27:28 [INFO] NTP Time: [2023-10-09 21:27:28.809849]: Using the local timmer to pretend to be NTP time. Data recorded
Local Time: 2023-10-09 20:27:28 [INFO] NTP Time: [2023-10-09 21:27:28.925485]: Using the local timmer to pretend to be NTP time. Data recorded
Local Time: 2023-10-09 20:27:29 [INFO] NTP Time: [2023-10-09 21:27:29.041905]: Using the local timmer to pretend to be NTP time. Data recorded
Local Time: 2023-10-09 20:27:29 [INFO] NTP Time: [2023-10-09 21:27:29.158231]: Using the local timmer to pretend to be NTP time. Data recorded
Local Time: 2023-10-09 20:27:29 [INFO] NTP Time: [2023-10-09 21:27:29.273783]: Using the local timmer to pretend to be NTP time. Data recorded
Local Time: 2023-10-09 20:27:29 [INFO] NTP Time: [2023-10-09 21:27:29.390114]: Using the local timmer to pretend to be NTP time. Data recorded
Local Time: 2023-10-09 20:27:29 [INFO] NTP Time: [2023-10-09 21:27:29.506143]: Using the local timmer to pretend to be NTP time. Data recorded
Local Time: 2023-10-09 20:27:29 [INFO] NTP Time: [2023-10-09 21:27:29.622176]: Using the local timmer to pretend to be NTP time. Data recorded
Local Time: 2023-10-09 20:27:29 [INFO] NTP Time: [2023-10-09 21:27:29.738039]: Using the local timmer to pretend to be NTP time. Data recorded
Local Time: 2023-10-09 20:27:29 [INFO] NTP Time: [2023-10-09 21:27:29.854411]: Using the local timmer to pretend to be NTP time. Data recorded
Local Time: 2023-10-09 20:27:29 [INFO] NTP Time: [2023-10-09 21:27:29.970311]: Using the local timmer to pretend to be NTP time. Data recorded
Local Time: 2023-10-09 20:27:30 [INFO] NTP Time: [2023-10-09 21:27:30.086383]: Using the local timmer to pretend to be NTP time. Data recorded
Local Time: 2023-10-09 20:27:30 [INFO] NTP Time: [2023-10-09 21:27:30.203108]: Using the local timmer to pretend to be NTP time. Data recorded
Local Time: 2023-10-09 20:27:30 [INFO] NTP Time: [2023-10-09 21:27:30.320156]: Using the local timmer to pretend to be NTP time. Data recorded
Local Time: 2023-10-09 20:27:30 [INFO] NTP Time: [2023-10-09 21:27:30.437006]: Using the local timmer to pretend to be NTP time. Data recorded
Local Time: 2023-10-09 20:27:30 [INFO] NTP Time: [2023-10-09 21:27:30.553845]: Using the local timmer to pretend to be NTP time. Data recorded
Local Time: 2023-10-09 20:27:30 [INFO] NTP Time: [2023-10-09 21:27:30.670494]: Using the local timmer to pretend to be NTP time. Data recorded
Local Time: 2023-10-09 20:27:30 [INFO] NTP Time: [2023-10-09 21:27:30.788493]: Using the local timmer to pretend to be NTP time. Data recorded
Local Time: 2023-10-09 20:27:30 [INFO] NTP Time: [2023-10-09 21:27:30.905045]: Using the local timmer to pretend to be NTP time. Data recorded
Local Time: 2023-10-09 20:27:31 [INFO] NTP Time: [2023-10-09 21:27:31.021637]: Using the local timmer to pretend to be NTP time. Data recorded
Local Time: 2023-10-09 20:27:31 [INFO] NTP Time: [2023-10-09 21:27:31.137849]: Using the local timmer to pretend to be NTP time. Data recorded
Local Time: 2023-10-09 20:27:31 [INFO] NTP Time: [2023-10-09 21:27:31.254401]: Using the local timmer to pretend to be NTP time. Data recorded
Local Time: 2023-10-09 20:27:31 [INFO] NTP Time: [2023-10-09 21:27:31.371453]: Using the local timmer to pretend to be NTP time. Data recorded
Local Time: 2023-10-09 20:27:31 [INFO] NTP Time: [2023-10-09 21:27:31.488996]: Using the local timmer to pretend to be NTP time. Data recorded
Local Time: 2023-10-09 20:27:31 [INFO] NTP Time: [2023-10-09 21:27:31.605434]: Using the local timmer to pretend to be NTP time. Data recorded
Local Time: 2023-10-09 20:27:31 [INFO] NTP Time: [2023-10-09 21:27:31.723372]: Using the local timmer to pretend to be NTP time. Data recorded
Local Time: 2023-10-09 20:27:31 [INFO] NTP Time: [2023-10-09 21:27:31.840878]: Using the local timmer to pretend to be NTP time. Data recorded
Local Time: 2023-10-09 20:27:31 [INFO] NTP Time: [2023-10-09 21:27:31.958489]: Using the local timmer to pretend to be NTP time. Data recorded
Local Time: 2023-10-09 20:27:32 [INFO] NTP Time: [2023-10-09 21:27:32.075041]: Using the local timmer to pretend to be NTP time. Data recorded
Local Time: 2023-10-09 20:27:32 [INFO] NTP Time: [2023-10-09 21:27:32.193043]: Using the local timmer to pretend to be NTP time. Data recorded
Local Time: 2023-10-09 20:27:32 [INFO] NTP Time: [2023-10-09 21:27:32.310484]: Using the local timmer to pretend to be NTP time. Data recorded
Local Time: 2023-10-09 20:27:32 [INFO] NTP Time: [2023-10-09 21:27:32.427111]: Using the local timmer to pretend to be NTP time. Data recorded
Local Time: 2023-10-09 20:27:32 [INFO] NTP Time: [2023-10-09 21:27:32.543779]: Using the local timmer to pretend to be NTP time. Data recorded
Local Time: 2023-10-09 20:27:32 [INFO] NTP Time: [2023-10-09 21:27:32.661080]: Using the local timmer to pretend to be NTP time. Data recorded
Local Time: 2023-10-09 20:27:32 [INFO] NTP Time: [2023-10-09 21:27:32.777044]: Using the local timmer to pretend to be NTP time. Data recorded
Local Time: 2023-10-09 20:27:32 [INFO] NTP Time: [2023-10-09 21:27:32.896202]: Using the local timmer to pretend to be NTP time. Data recorded
Local Time: 2023-10-09 20:27:33 [INFO] NTP Time: [2023-10-09 21:27:33.013471]: Using the local timmer to pretend to be NTP time. Data recorded
Local Time: 2023-10-09 20:27:33 [INFO] NTP Time: [2023-10-09 21:27:33.130592]: Using the local timmer to pretend to be NTP time. Data recorded
Local Time: 2023-10-09 20:27:33 [INFO] NTP Time: [2023-10-09 21:27:33.247186]: Using the local timmer to pretend to be NTP time. Data recorded
Local Time: 2023-10-09 20:27:33 [INFO] NTP Time: [2023-10-09 21:27:33.364148]: Using the local timmer to pretend to be NTP time. Data recorded
Local Time: 2023-10-09 20:27:33 [INFO] NTP Time: [2023-10-09 21:27:33.482917]: Using the local timmer to pretend to be NTP time. Data recorded
Local Time: 2023-10-09 20:27:33 [INFO] NTP Time: [2023-10-09 21:27:33.599577]: Using the local timmer to pretend to be NTP time. Data recorded
Local Time: 2023-10-09 20:27:33 [INFO] NTP Time: [2023-10-09 21:27:33.718285]: Using the local timmer to pretend to be NTP time. Data recorded
Local Time: 2023-10-09 20:27:33 [INFO] NTP Time: [2023-10-09 21:27:33.835058]: Using the local timmer to pretend to be NTP time. Data recorded
Local Time: 2023-10-09 20:27:33 [INFO] NTP Time: [2023-10-09 21:27:33.952724]: Using the local timmer to pretend to be NTP time. Data recorded
Local Time: 2023-10-09 20:27:34 [INFO] NTP Time: [2023-10-09 21:27:34.069380]: Using the local timmer to pretend to be NTP time. Data recorded
Local Time: 2023-10-09 20:27:34 [INFO] NTP Time: [2023-10-09 21:27:34.187516]: Using the local timmer to pretend to be NTP time. Data recorded
Local Time: 2023-10-09 20:27:34 [INFO] NTP Time: [2023-10-09 21:27:34.305413]: Using the local timmer to pretend to be NTP time. Data recorded
Local Time: 2023-10-09 20:27:34 [INFO] NTP Time: [2023-10-09 21:27:34.422859]: Using the local timmer to pretend to be NTP time. Data recorded
Local Time: 2023-10-09 20:27:34 [INFO] NTP Time: [2023-10-09 21:27:34.539633]: Using the local timmer to pretend to be NTP time. Data recorded
Local Time: 2023-10-09 20:27:34 [INFO] NTP Time: [2023-10-09 21:27:34.657805]: Using the local timmer to pretend to be NTP time. Data recorded
Local Time: 2023-10-09 20:27:34 [INFO] NTP Time: [2023-10-09 21:27:34.776182]: Using the local timmer to pretend to be NTP time. Data recorded
Local Time: 2023-10-09 20:27:34 [INFO] NTP Time: [2023-10-09 21:27:34.893800]: Using the local timmer to pretend to be NTP time. Data recorded
Local Time: 2023-10-09 20:27:35 [INFO] NTP Time: [2023-10-09 21:27:35.011069]: Using the local timmer to pretend to be NTP time. Data recorded
Local Time: 2023-10-09 20:27:35 [INFO] NTP Time: [2023-10-09 21:27:35.128908]: Using the local timmer to pretend to be NTP time. Data recorded
Local Time: 2023-10-09 20:27:35 [INFO] NTP Time: [2023-10-09 21:27:35.245943]: Using the local timmer to pretend to be NTP time. Data recorded
Local Time: 2023-10-09 20:27:35 [INFO] NTP Time: [2023-10-09 21:27:35.363519]: Using the local timmer to pretend to be NTP time. Data recorded
Local Time: 2023-10-09 20:27:35 [INFO] NTP Time: [2023-10-09 21:27:35.483554]: Using the local timmer to pretend to be NTP time. Data recorded
Local Time: 2023-10-09 20:27:35 [INFO] NTP Time: [2023-10-09 21:27:35.601442]: Using the local timmer to pretend to be NTP time. Data recorded
Local Time: 2023-10-09 20:27:35 [INFO] NTP Time: [2023-10-09 21:27:35.719409]: Using the local timmer to pretend to be NTP time. Data recorded
Local Time: 2023-10-09 20:27:35 [INFO] NTP Time: [2023-10-09 21:27:35.837381]: Using the local timmer to pretend to be NTP time. Data recorded
Local Time: 2023-10-09 20:27:35 [INFO] NTP Time: [2023-10-09 21:27:35.956444]: Using the local timmer to pretend to be NTP time. Data recorded
Local Time: 2023-10-09 20:27:36 [INFO] NTP Time: [2023-10-09 21:27:36.074976]: Using the local timmer to pretend to be NTP time. Data recorded
Local Time: 2023-10-09 20:27:36 [INFO] NTP Time: [2023-10-09 21:27:36.192215]: Using the local timmer to pretend to be NTP time. Data recorded
Local Time: 2023-10-09 20:27:36 [INFO] NTP Time: [2023-10-09 21:27:36.310594]: Using the local timmer to pretend to be NTP time. Data recorded
Local Time: 2023-10-09 20:27:36 [INFO] NTP Time: [2023-10-09 21:27:36.428529]: Using the local timmer to pretend to be NTP time. Data recorded
Local Time: 2023-10-09 20:27:36 [INFO] NTP Time: [2023-10-09 21:27:36.552384]: Using the local timmer to pretend to be NTP time. Data recorded
Local Time: 2023-10-09 20:27:36 [INFO] NTP Time: [2023-10-09 21:27:36.674490]: Using the local timmer to pretend to be NTP time. Data recorded
Local Time: 2023-10-09 20:27:36 [INFO] NTP Time: [2023-10-09 21:27:36.792780]: Using the local timmer to pretend to be NTP time. Data recorded
Local Time: 2023-10-09 20:27:36 [INFO] NTP Time: [2023-10-09 21:27:36.911022]: Using the local timmer to pretend to be NTP time. Data recorded
Local Time: 2023-10-09 20:27:37 [INFO] NTP Time: [2023-10-09 21:27:37.029304]: Using the local timmer to pretend to be NTP time. Data recorded
Local Time: 2023-10-09 20:27:37 [INFO] NTP Time: [2023-10-09 21:27:37.147593]: Using the local timmer to pretend to be NTP time. Data recorded
Local Time: 2023-10-09 20:27:37 [INFO] NTP Time: [2023-10-09 21:27:37.265416]: Using the local timmer to pretend to be NTP time. Data recorded
Local Time: 2023-10-09 20:27:37 [INFO] NTP Time: [2023-10-09 21:27:37.386215]: Using the local timmer to pretend to be NTP time. Data recorded
Local Time: 2023-10-09 20:27:37 [INFO] NTP Time: [2023-10-09 21:27:37.505417]: Using the local timmer to pretend to be NTP time. Data recorded
Local Time: 2023-10-09 20:27:37 [INFO] NTP Time: [2023-10-09 21:27:37.628108]: Using the local timmer to pretend to be NTP time. Data recorded
Local Time: 2023-10-09 20:27:37 [INFO] NTP Time: [2023-10-09 21:27:37.746625]: Using the local timmer to pretend to be NTP time. Data recorded
Local Time: 2023-10-09 20:27:37 [INFO] NTP Time: [2023-10-09 21:27:37.864893]: Using the local timmer to pretend to be NTP time. Data recorded
Local Time: 2023-10-09 20:27:37 [INFO] NTP Time: [2023-10-09 21:27:37.984796]: Using the local timmer to pretend to be NTP time. Data recorded
Local Time: 2023-10-09 20:27:38 [INFO] NTP Time: [2023-10-09 21:27:38.102941]: Using the local timmer to pretend to be NTP time. Data recorded
Local Time: 2023-10-09 20:27:38 [INFO] NTP Time: [2023-10-09 21:27:38.223810]: Using the local timmer to pretend to be NTP time. Data recorded
Local Time: 2023-10-09 20:27:38 [INFO] NTP Time: [2023-10-09 21:27:38.343350]: Using the local timmer to pretend to be NTP time. Data recorded
Local Time: 2023-10-09 20:27:38 [INFO] NTP Time: [2023-10-09 21:27:38.462177]: Using the local timmer to pretend to be NTP time. Data recorded
Local Time: 2023-10-09 20:27:38 [INFO] NTP Time: [2023-10-09 21:27:38.580645]: Using the local timmer to pretend to be NTP time. Data recorded
Local Time: 2023-10-09 20:27:38 [INFO] NTP Time: [2023-10-09 21:27:38.700068]: Using the local timmer to pretend to be NTP time. Data recorded
Local Time: 2023-10-09 20:27:38 [INFO] NTP Time: [2023-10-09 21:27:38.819352]: Using the local timmer to pretend to be NTP time. Data recorded
Local Time: 2023-10-09 20:27:38 [INFO] NTP Time: [2023-10-09 21:27:38.938081]: Using the local timmer to pretend to be NTP time. Data recorded
Local Time: 2023-10-09 20:27:39 [INFO] NTP Time: [2023-10-09 21:27:39.058287]: Using the local timmer to pretend to be NTP time. Data recorded
Local Time: 2023-10-09 20:27:39 [INFO] NTP Time: [2023-10-09 21:27:39.177210]: Using the local timmer to pretend to be NTP time. Data recorded
Local Time: 2023-10-09 20:27:39 [INFO] NTP Time: [2023-10-09 21:27:39.296333]: Using the local timmer to pretend to be NTP time. Data recorded
Local Time: 2023-10-09 20:27:39 [INFO] NTP Time: [2023-10-09 21:27:39.414850]: Using the local timmer to pretend to be NTP time. Data recorded
Local Time: 2023-10-09 20:27:39 [INFO] NTP Time: [2023-10-09 21:27:39.533228]: Using the local timmer to pretend to be NTP time. Data recorded
Local Time: 2023-10-09 20:27:39 [INFO] NTP Time: [2023-10-09 21:27:39.654083]: Using the local timmer to pretend to be NTP time. Data recorded
Local Time: 2023-10-09 20:27:39 [INFO] NTP Time: [2023-10-09 21:27:39.774266]: Using the local timmer to pretend to be NTP time. Data recorded
Local Time: 2023-10-09 20:27:39 [INFO] NTP Time: [2023-10-09 21:27:39.893338]: Using the local timmer to pretend to be NTP time. Data recorded
Local Time: 2023-10-09 20:27:40 [INFO] NTP Time: [2023-10-09 21:27:40.012121]: Using the local timmer to pretend to be NTP time. Data recorded
Local Time: 2023-10-09 20:27:40 [INFO] NTP Time: [2023-10-09 21:27:40.133538]: Using the local timmer to pretend to be NTP time. Data recorded
Local Time: 2023-10-09 20:27:40 [INFO] NTP Time: [2023-10-09 21:27:40.252193]: Using the local timmer to pretend to be NTP time. Data recorded
Local Time: 2023-10-09 20:27:40 [INFO] NTP Time: [2023-10-09 21:27:40.370628]: Using the local timmer to pretend to be NTP time. Data recorded
Local Time: 2023-10-09 20:27:40 [INFO] NTP Time: [2023-10-09 21:27:40.492270]: Using the local timmer to pretend to be NTP time. Data recorded
Local Time: 2023-10-09 20:27:40 [INFO] NTP Time: [2023-10-09 21:27:40.612405]: Using the local timmer to pretend to be NTP time. Data recorded
Local Time: 2023-10-09 20:27:40 [INFO] NTP Time: [2023-10-09 21:27:40.731910]: Using the local timmer to pretend to be NTP time. Data recorded
Local Time: 2023-10-09 20:27:40 [INFO] NTP Time: [2023-10-09 21:27:40.850905]: Using the local timmer to pretend to be NTP time. Data recorded
Local Time: 2023-10-09 20:27:40 [INFO] NTP Time: [2023-10-09 21:27:40.971288]: Using the local timmer to pretend to be NTP time. Data recorded
Local Time: 2023-10-09 20:27:41 [INFO] NTP Time: [2023-10-09 21:27:41.091055]: Using the local timmer to pretend to be NTP time. Data recorded
Local Time: 2023-10-09 20:27:41 [INFO] NTP Time: [2023-10-09 21:27:41.210185]: Using the local timmer to pretend to be NTP time. Data recorded
Local Time: 2023-10-09 20:27:41 [INFO] NTP Time: [2023-10-09 21:27:41.331062]: Using the local timmer to pretend to be NTP time. Data recorded
Local Time: 2023-10-09 20:27:41 [INFO] NTP Time: [2023-10-09 21:27:41.453349]: Using the local timmer to pretend to be NTP time. Data recorded
Local Time: 2023-10-09 20:27:41 [INFO] NTP Time: [2023-10-09 21:27:41.572899]: Using the local timmer to pretend to be NTP time. Data recorded
Local Time: 2023-10-09 20:27:41 [INFO] NTP Time: [2023-10-09 21:27:41.692293]: Using the local timmer to pretend to be NTP time. Data recorded
Local Time: 2023-10-09 20:27:41 [INFO] NTP Time: [2023-10-09 21:27:41.810955]: Using the local timmer to pretend to be NTP time. Data recorded
Local Time: 2023-10-09 20:27:41 [INFO] NTP Time: [2023-10-09 21:27:41.931485]: Using the local timmer to pretend to be NTP time. Data recorded
Local Time: 2023-10-09 20:27:42 [INFO] NTP Time: [2023-10-09 21:27:42.051183]: Using the local timmer to pretend to be NTP time. Data recorded
Local Time: 2023-10-09 20:27:42 [INFO] NTP Time: [2023-10-09 21:27:42.170671]: Using the local timmer to pretend to be NTP time. Data recorded
Local Time: 2023-10-09 20:27:42 [INFO] NTP Time: [2023-10-09 21:27:42.291946]: Using the local timmer to pretend to be NTP time. Data recorded
Local Time: 2023-10-09 20:27:42 [INFO] NTP Time: [2023-10-09 21:27:42.411821]: Using the local timmer to pretend to be NTP time. Data recorded
Local Time: 2023-10-09 20:27:42 [INFO] NTP Time: [2023-10-09 21:27:42.532506]: Using the local timmer to pretend to be NTP time. Data recorded
Local Time: 2023-10-09 20:27:42 [INFO] NTP Time: [2023-10-09 21:27:42.652177]: Using the local timmer to pretend to be NTP time. Data recorded
Local Time: 2023-10-09 20:27:42 [INFO] NTP Time: [2023-10-09 21:27:42.770543]: Using the local timmer to pretend to be NTP time. Data recorded
Local Time: 2023-10-09 20:27:42 [INFO] NTP Time: [2023-10-09 21:27:42.892617]: Using the local timmer to pretend to be NTP time. Data recorded
Local Time: 2023-10-09 20:27:43 [INFO] NTP Time: [2023-10-09 21:27:43.013255]: Using the local timmer to pretend to be NTP time. Data recorded
Local Time: 2023-10-09 20:27:43 [INFO] NTP Time: [2023-10-09 21:27:43.149364]: Using the local timmer to pretend to be NTP time. Data recorded
Local Time: 2023-10-09 20:27:43 [INFO] NTP Time: [2023-10-09 21:27:43.269557]: Using the local timmer to pretend to be NTP time. Data recorded
Local Time: 2023-10-09 20:27:43 [INFO] NTP Time: [2023-10-09 21:27:43.391065]: Using the local timmer to pretend to be NTP time. Data recorded
Local Time: 2023-10-09 20:27:43 [INFO] NTP Time: [2023-10-09 21:27:43.510466]: Using the local timmer to pretend to be NTP time. Data recorded
Local Time: 2023-10-09 20:27:43 [INFO] NTP Time: [2023-10-09 21:27:43.639692]: Using the local timmer to pretend to be NTP time. Data recorded
Local Time: 2023-10-09 20:27:43 [INFO] NTP Time: [2023-10-09 21:27:43.654732]: End recording by a terminate action.
