Local Time: 2023-10-09 20:29:04 [INFO] NTP Time: [2023-10-09 21:29:04.776772]: Loaded configuration: {'participant': {'id': 'P001', 'age': '25', 'gender': 'M', 'ethnicity': 'Caucasian', 'height': '165', 'weight': '65'}, 'experiment': {'date': '2022-01-01', 'time': '14:00:00', 'condition': 'HW101M', 'group': 'A', 'illumination_level': 'low'}, 'task_info': {'task_name': 'Task1', 'trial_number': '5'}, 'notes': {'comments': 'Participant seemed tired during the session.'}, 'label_info': {'activity': 'sit'}}
Local Time: 2023-10-09 20:29:04 [INFO] NTP Time: [2023-10-09 21:29:04.776901]: Loaded mmwave configuration: {'setting1': 'value1', 'setting2': 'value2', 'Data storage location': 'AWR1843-Read-Data-Python-MMWAVE-SDK-3--master/data', 'mmwave_Datatype': 'dictionary'}
Local Time: 2023-10-09 20:29:05 [INFO] NTP Time: [2023-10-09 21:29:05.623821]: Using NTP time as the start timmer.
Local Time: 2023-10-09 20:29:05 [INFO] NTP Time: [2023-10-09 21:29:05.741632]: Using the local timmer to pretend to be NTP time. Data recorded
Local Time: 2023-10-09 20:29:05 [INFO] NTP Time: [2023-10-09 21:29:05.861190]: Using the local timmer to pretend to be NTP time. Data recorded
Local Time: 2023-10-09 20:29:05 [INFO] NTP Time: [2023-10-09 21:29:05.975282]: Using the local timmer to pretend to be NTP time. Data recorded
Local Time: 2023-10-09 20:29:06 [INFO] NTP Time: [2023-10-09 21:29:06.090123]: Using the local timmer to pretend to be NTP time. Data recorded
Local Time: 2023-10-09 20:29:06 [INFO] NTP Time: [2023-10-09 21:29:06.204987]: Using the local timmer to pretend to be NTP time. Data recorded
Local Time: 2023-10-09 20:29:06 [INFO] NTP Time: [2023-10-09 21:29:06.320272]: Using the local timmer to pretend to be NTP time. Data recorded
Local Time: 2023-10-09 20:29:06 [INFO] NTP Time: [2023-10-09 21:29:06.434266]: Using the local timmer to pretend to be NTP time. Data recorded
Local Time: 2023-10-09 20:29:06 [INFO] NTP Time: [2023-10-09 21:29:06.549091]: Using the local timmer to pretend to be NTP time. Data recorded
Local Time: 2023-10-09 20:29:06 [INFO] NTP Time: [2023-10-09 21:29:06.663915]: Using the local timmer to pretend to be NTP time. Data recorded
Local Time: 2023-10-09 20:29:06 [INFO] NTP Time: [2023-10-09 21:29:06.778925]: Using the local timmer to pretend to be NTP time. Data recorded
Local Time: 2023-10-09 20:29:06 [INFO] NTP Time: [2023-10-09 21:29:06.894229]: Using the local timmer to pretend to be NTP time. Data recorded
Local Time: 2023-10-09 20:29:07 [INFO] NTP Time: [2023-10-09 21:29:07.008755]: Using the local timmer to pretend to be NTP time. Data recorded
Local Time: 2023-10-09 20:29:07 [INFO] NTP Time: [2023-10-09 21:29:07.122861]: Using the local timmer to pretend to be NTP time. Data recorded
Local Time: 2023-10-09 20:29:07 [INFO] NTP Time: [2023-10-09 21:29:07.237457]: Using the local timmer to pretend to be NTP time. Data recorded
Local Time: 2023-10-09 20:29:07 [INFO] NTP Time: [2023-10-09 21:29:07.352301]: Using the local timmer to pretend to be NTP time. Data recorded
Local Time: 2023-10-09 20:29:07 [INFO] NTP Time: [2023-10-09 21:29:07.467242]: Using the local timmer to pretend to be NTP time. Data recorded
Local Time: 2023-10-09 20:29:07 [INFO] NTP Time: [2023-10-09 21:29:07.584000]: Using the local timmer to pretend to be NTP time. Data recorded
Local Time: 2023-10-09 20:29:07 [INFO] NTP Time: [2023-10-09 21:29:07.698907]: Using the local timmer to pretend to be NTP time. Data recorded
Local Time: 2023-10-09 20:29:07 [INFO] NTP Time: [2023-10-09 21:29:07.814600]: Using the local timmer to pretend to be NTP time. Data recorded
Local Time: 2023-10-09 20:29:07 [INFO] NTP Time: [2023-10-09 21:29:07.929723]: Using the local timmer to pretend to be NTP time. Data recorded
Local Time: 2023-10-09 20:29:08 [INFO] NTP Time: [2023-10-09 21:29:08.045645]: Using the local timmer to pretend to be NTP time. Data recorded
Local Time: 2023-10-09 20:29:08 [INFO] NTP Time: [2023-10-09 21:29:08.160683]: Using the local timmer to pretend to be NTP time. Data recorded
Local Time: 2023-10-09 20:29:08 [INFO] NTP Time: [2023-10-09 21:29:08.277051]: Using the local timmer to pretend to be NTP time. Data recorded
Local Time: 2023-10-09 20:29:08 [INFO] NTP Time: [2023-10-09 21:29:08.392636]: Using the local timmer to pretend to be NTP time. Data recorded
Local Time: 2023-10-09 20:29:08 [INFO] NTP Time: [2023-10-09 21:29:08.507814]: Using the local timmer to pretend to be NTP time. Data recorded
Local Time: 2023-10-09 20:29:08 [INFO] NTP Time: [2023-10-09 21:29:08.623213]: Using the local timmer to pretend to be NTP time. Data recorded
Local Time: 2023-10-09 20:29:08 [INFO] NTP Time: [2023-10-09 21:29:08.739278]: Using the local timmer to pretend to be NTP time. Data recorded
Local Time: 2023-10-09 20:29:08 [INFO] NTP Time: [2023-10-09 21:29:08.856254]: Using the local timmer to pretend to be NTP time. Data recorded
Local Time: 2023-10-09 20:29:08 [INFO] NTP Time: [2023-10-09 21:29:08.972242]: Using the local timmer to pretend to be NTP time. Data recorded
Local Time: 2023-10-09 20:29:09 [INFO] NTP Time: [2023-10-09 21:29:09.089549]: Using the local timmer to pretend to be NTP time. Data recorded
Local Time: 2023-10-09 20:29:09 [INFO] NTP Time: [2023-10-09 21:29:09.204912]: Using the local timmer to pretend to be NTP time. Data recorded
Local Time: 2023-10-09 20:29:09 [INFO] NTP Time: [2023-10-09 21:29:09.320841]: Using the local timmer to pretend to be NTP time. Data recorded
Local Time: 2023-10-09 20:29:09 [INFO] NTP Time: [2023-10-09 21:29:09.436306]: Using the local timmer to pretend to be NTP time. Data recorded
Local Time: 2023-10-09 20:29:09 [INFO] NTP Time: [2023-10-09 21:29:09.552014]: Using the local timmer to pretend to be NTP time. Data recorded
Local Time: 2023-10-09 20:29:09 [INFO] NTP Time: [2023-10-09 21:29:09.667296]: Using the local timmer to pretend to be NTP time. Data recorded
Local Time: 2023-10-09 20:29:09 [INFO] NTP Time: [2023-10-09 21:29:09.782669]: Using the local timmer to pretend to be NTP time. Data recorded
Local Time: 2023-10-09 20:29:09 [INFO] NTP Time: [2023-10-09 21:29:09.897625]: Using the local timmer to pretend to be NTP time. Data recorded
Local Time: 2023-10-09 20:29:10 [INFO] NTP Time: [2023-10-09 21:29:10.013193]: Using the local timmer to pretend to be NTP time. Data recorded
Local Time: 2023-10-09 20:29:10 [INFO] NTP Time: [2023-10-09 21:29:10.128506]: Using the local timmer to pretend to be NTP time. Data recorded
Local Time: 2023-10-09 20:29:10 [INFO] NTP Time: [2023-10-09 21:29:10.244424]: Using the local timmer to pretend to be NTP time. Data recorded
Local Time: 2023-10-09 20:29:10 [INFO] NTP Time: [2023-10-09 21:29:10.360736]: Using the local timmer to pretend to be NTP time. Data recorded
Local Time: 2023-10-09 20:29:10 [INFO] NTP Time: [2023-10-09 21:29:10.476131]: Using the local timmer to pretend to be NTP time. Data recorded
Local Time: 2023-10-09 20:29:10 [INFO] NTP Time: [2023-10-09 21:29:10.592362]: Using the local timmer to pretend to be NTP time. Data recorded
Local Time: 2023-10-09 20:29:10 [INFO] NTP Time: [2023-10-09 21:29:10.707296]: Using the local timmer to pretend to be NTP time. Data recorded
Local Time: 2023-10-09 20:29:10 [INFO] NTP Time: [2023-10-09 21:29:10.823751]: Using the local timmer to pretend to be NTP time. Data recorded
Local Time: 2023-10-09 20:29:10 [INFO] NTP Time: [2023-10-09 21:29:10.940053]: Using the local timmer to pretend to be NTP time. Data recorded
Local Time: 2023-10-09 20:29:11 [INFO] NTP Time: [2023-10-09 21:29:11.055586]: Using the local timmer to pretend to be NTP time. Data recorded
Local Time: 2023-10-09 20:29:11 [INFO] NTP Time: [2023-10-09 21:29:11.171774]: Using the local timmer to pretend to be NTP time. Data recorded
Local Time: 2023-10-09 20:29:11 [INFO] NTP Time: [2023-10-09 21:29:11.288014]: Using the local timmer to pretend to be NTP time. Data recorded
Local Time: 2023-10-09 20:29:11 [INFO] NTP Time: [2023-10-09 21:29:11.404363]: Using the local timmer to pretend to be NTP time. Data recorded
Local Time: 2023-10-09 20:29:11 [INFO] NTP Time: [2023-10-09 21:29:11.519907]: Using the local timmer to pretend to be NTP time. Data recorded
Local Time: 2023-10-09 20:29:11 [INFO] NTP Time: [2023-10-09 21:29:11.635535]: Using the local timmer to pretend to be NTP time. Data recorded
Local Time: 2023-10-09 20:29:11 [INFO] NTP Time: [2023-10-09 21:29:11.751541]: Using the local timmer to pretend to be NTP time. Data recorded
Local Time: 2023-10-09 20:29:11 [INFO] NTP Time: [2023-10-09 21:29:11.868200]: Using the local timmer to pretend to be NTP time. Data recorded
Local Time: 2023-10-09 20:29:11 [INFO] NTP Time: [2023-10-09 21:29:11.984511]: Using the local timmer to pretend to be NTP time. Data recorded
Local Time: 2023-10-09 20:29:12 [INFO] NTP Time: [2023-10-09 21:29:12.099752]: Using the local timmer to pretend to be NTP time. Data recorded
Local Time: 2023-10-09 20:29:12 [INFO] NTP Time: [2023-10-09 21:29:12.216496]: Using the local timmer to pretend to be NTP time. Data recorded
Local Time: 2023-10-09 20:29:12 [INFO] NTP Time: [2023-10-09 21:29:12.332461]: Using the local timmer to pretend to be NTP time. Data recorded
Local Time: 2023-10-09 20:29:12 [INFO] NTP Time: [2023-10-09 21:29:12.449061]: Using the local timmer to pretend to be NTP time. Data recorded
Local Time: 2023-10-09 20:29:12 [INFO] NTP Time: [2023-10-09 21:29:12.565028]: Using the local timmer to pretend to be NTP time. Data recorded
Local Time: 2023-10-09 20:29:12 [INFO] NTP Time: [2023-10-09 21:29:12.682198]: Using the local timmer to pretend to be NTP time. Data recorded
Local Time: 2023-10-09 20:29:12 [INFO] NTP Time: [2023-10-09 21:29:12.798458]: Using the local timmer to pretend to be NTP time. Data recorded
Local Time: 2023-10-09 20:29:12 [INFO] NTP Time: [2023-10-09 21:29:12.915604]: Using the local timmer to pretend to be NTP time. Data recorded
Local Time: 2023-10-09 20:29:13 [INFO] NTP Time: [2023-10-09 21:29:13.032270]: Using the local timmer to pretend to be NTP time. Data recorded
Local Time: 2023-10-09 20:29:13 [INFO] NTP Time: [2023-10-09 21:29:13.149499]: Using the local timmer to pretend to be NTP time. Data recorded
Local Time: 2023-10-09 20:29:13 [INFO] NTP Time: [2023-10-09 21:29:13.265773]: Using the local timmer to pretend to be NTP time. Data recorded
Local Time: 2023-10-09 20:29:13 [INFO] NTP Time: [2023-10-09 21:29:13.384567]: Using the local timmer to pretend to be NTP time. Data recorded
Local Time: 2023-10-09 20:29:13 [INFO] NTP Time: [2023-10-09 21:29:13.500854]: Using the local timmer to pretend to be NTP time. Data recorded
Local Time: 2023-10-09 20:29:13 [INFO] NTP Time: [2023-10-09 21:29:13.616787]: Using the local timmer to pretend to be NTP time. Data recorded
Local Time: 2023-10-09 20:29:13 [INFO] NTP Time: [2023-10-09 21:29:13.733757]: Using the local timmer to pretend to be NTP time. Data recorded
Local Time: 2023-10-09 20:29:13 [INFO] NTP Time: [2023-10-09 21:29:13.850325]: Using the local timmer to pretend to be NTP time. Data recorded
Local Time: 2023-10-09 20:29:13 [INFO] NTP Time: [2023-10-09 21:29:13.966687]: Using the local timmer to pretend to be NTP time. Data recorded
Local Time: 2023-10-09 20:29:14 [INFO] NTP Time: [2023-10-09 21:29:14.083478]: Using the local timmer to pretend to be NTP time. Data recorded
Local Time: 2023-10-09 20:29:14 [INFO] NTP Time: [2023-10-09 21:29:14.200340]: Using the local timmer to pretend to be NTP time. Data recorded
Local Time: 2023-10-09 20:29:14 [INFO] NTP Time: [2023-10-09 21:29:14.317199]: Using the local timmer to pretend to be NTP time. Data recorded
Local Time: 2023-10-09 20:29:14 [INFO] NTP Time: [2023-10-09 21:29:14.433906]: Using the local timmer to pretend to be NTP time. Data recorded
Local Time: 2023-10-09 20:29:14 [INFO] NTP Time: [2023-10-09 21:29:14.551991]: Using the local timmer to pretend to be NTP time. Data recorded
Local Time: 2023-10-09 20:29:14 [INFO] NTP Time: [2023-10-09 21:29:14.670472]: Using the local timmer to pretend to be NTP time. Data recorded
Local Time: 2023-10-09 20:29:14 [INFO] NTP Time: [2023-10-09 21:29:14.786944]: Using the local timmer to pretend to be NTP time. Data recorded
Local Time: 2023-10-09 20:29:14 [INFO] NTP Time: [2023-10-09 21:29:14.903941]: Using the local timmer to pretend to be NTP time. Data recorded
Local Time: 2023-10-09 20:29:15 [INFO] NTP Time: [2023-10-09 21:29:15.020846]: Using the local timmer to pretend to be NTP time. Data recorded
Local Time: 2023-10-09 20:29:15 [INFO] NTP Time: [2023-10-09 21:29:15.137293]: Using the local timmer to pretend to be NTP time. Data recorded
Local Time: 2023-10-09 20:29:15 [INFO] NTP Time: [2023-10-09 21:29:15.254725]: Using the local timmer to pretend to be NTP time. Data recorded
Local Time: 2023-10-09 20:29:15 [INFO] NTP Time: [2023-10-09 21:29:15.269010]: End recording by a terminate action.
