Local Time: 2023-10-09 20:29:30 [INFO] NTP Time: [2023-10-09 21:29:30.334638]: Loaded configuration: {'participant': {'id': 'P001', 'age': '25', 'gender': 'M', 'ethnicity': 'Caucasian', 'height': '165', 'weight': '65'}, 'experiment': {'date': '2022-01-01', 'time': '14:00:00', 'condition': 'HW101M', 'group': 'A', 'illumination_level': 'low'}, 'task_info': {'task_name': 'Task1', 'trial_number': '5'}, 'notes': {'comments': 'Participant seemed tired during the session.'}, 'label_info': {'activity': 'sit'}}
Local Time: 2023-10-09 20:29:30 [INFO] NTP Time: [2023-10-09 21:29:30.334760]: Loaded mmwave configuration: {'setting1': 'value1', 'setting2': 'value2', 'Data storage location': 'AWR1843-Read-Data-Python-MMWAVE-SDK-3--master/data', 'mmwave_Datatype': 'dictionary'}
Local Time: 2023-10-09 20:29:31 [INFO] NTP Time: [2023-10-09 21:29:31.126525]: Using NTP time as the start timmer.
Local Time: 2023-10-09 20:29:31 [INFO] NTP Time: [2023-10-09 21:29:31.240579]: Using the local timmer to pretend to be NTP time. Data recorded
Local Time: 2023-10-09 20:29:31 [INFO] NTP Time: [2023-10-09 21:29:31.357978]: Using the local timmer to pretend to be NTP time. Data recorded
Local Time: 2023-10-09 20:29:31 [INFO] NTP Time: [2023-10-09 21:29:31.473450]: Using the local timmer to pretend to be NTP time. Data recorded
Local Time: 2023-10-09 20:29:31 [INFO] NTP Time: [2023-10-09 21:29:31.588074]: Using the local timmer to pretend to be NTP time. Data recorded
Local Time: 2023-10-09 20:29:31 [INFO] NTP Time: [2023-10-09 21:29:31.703916]: Using the local timmer to pretend to be NTP time. Data recorded
Local Time: 2023-10-09 20:29:31 [INFO] NTP Time: [2023-10-09 21:29:31.820370]: Using the local timmer to pretend to be NTP time. Data recorded
Local Time: 2023-10-09 20:29:31 [INFO] NTP Time: [2023-10-09 21:29:31.934249]: Using the local timmer to pretend to be NTP time. Data recorded
Local Time: 2023-10-09 20:29:32 [INFO] NTP Time: [2023-10-09 21:29:32.049038]: Using the local timmer to pretend to be NTP time. Data recorded
Local Time: 2023-10-09 20:29:32 [INFO] NTP Time: [2023-10-09 21:29:32.163703]: Using the local timmer to pretend to be NTP time. Data recorded
Local Time: 2023-10-09 20:29:32 [INFO] NTP Time: [2023-10-09 21:29:32.277365]: Using the local timmer to pretend to be NTP time. Data recorded
Local Time: 2023-10-09 20:29:32 [INFO] NTP Time: [2023-10-09 21:29:32.392187]: Using the local timmer to pretend to be NTP time. Data recorded
Local Time: 2023-10-09 20:29:32 [INFO] NTP Time: [2023-10-09 21:29:32.506764]: Using the local timmer to pretend to be NTP time. Data recorded
Local Time: 2023-10-09 20:29:32 [INFO] NTP Time: [2023-10-09 21:29:32.621421]: Using the local timmer to pretend to be NTP time. Data recorded
Local Time: 2023-10-09 20:29:32 [INFO] NTP Time: [2023-10-09 21:29:32.736459]: Using the local timmer to pretend to be NTP time. Data recorded
Local Time: 2023-10-09 20:29:32 [INFO] NTP Time: [2023-10-09 21:29:32.851113]: Using the local timmer to pretend to be NTP time. Data recorded
Local Time: 2023-10-09 20:29:32 [INFO] NTP Time: [2023-10-09 21:29:32.965794]: Using the local timmer to pretend to be NTP time. Data recorded
Local Time: 2023-10-09 20:29:33 [INFO] NTP Time: [2023-10-09 21:29:33.082701]: Using the local timmer to pretend to be NTP time. Data recorded
Local Time: 2023-10-09 20:29:33 [INFO] NTP Time: [2023-10-09 21:29:33.197428]: Using the local timmer to pretend to be NTP time. Data recorded
Local Time: 2023-10-09 20:29:33 [INFO] NTP Time: [2023-10-09 21:29:33.314348]: Using the local timmer to pretend to be NTP time. Data recorded
Local Time: 2023-10-09 20:29:33 [INFO] NTP Time: [2023-10-09 21:29:33.428870]: Using the local timmer to pretend to be NTP time. Data recorded
Local Time: 2023-10-09 20:29:33 [INFO] NTP Time: [2023-10-09 21:29:33.544237]: Using the local timmer to pretend to be NTP time. Data recorded
Local Time: 2023-10-09 20:29:33 [INFO] NTP Time: [2023-10-09 21:29:33.658958]: Using the local timmer to pretend to be NTP time. Data recorded
Local Time: 2023-10-09 20:29:33 [INFO] NTP Time: [2023-10-09 21:29:33.774392]: Using the local timmer to pretend to be NTP time. Data recorded
Local Time: 2023-10-09 20:29:33 [INFO] NTP Time: [2023-10-09 21:29:33.889607]: Using the local timmer to pretend to be NTP time. Data recorded
Local Time: 2023-10-09 20:29:34 [INFO] NTP Time: [2023-10-09 21:29:34.005219]: Using the local timmer to pretend to be NTP time. Data recorded
Local Time: 2023-10-09 20:29:34 [INFO] NTP Time: [2023-10-09 21:29:34.121222]: Using the local timmer to pretend to be NTP time. Data recorded
Local Time: 2023-10-09 20:29:34 [INFO] NTP Time: [2023-10-09 21:29:34.235862]: Using the local timmer to pretend to be NTP time. Data recorded
Local Time: 2023-10-09 20:29:34 [INFO] NTP Time: [2023-10-09 21:29:34.350947]: Using the local timmer to pretend to be NTP time. Data recorded
Local Time: 2023-10-09 20:29:34 [INFO] NTP Time: [2023-10-09 21:29:34.466639]: Using the local timmer to pretend to be NTP time. Data recorded
Local Time: 2023-10-09 20:29:34 [INFO] NTP Time: [2023-10-09 21:29:34.582512]: Using the local timmer to pretend to be NTP time. Data recorded
Local Time: 2023-10-09 20:29:34 [INFO] NTP Time: [2023-10-09 21:29:34.697819]: Using the local timmer to pretend to be NTP time. Data recorded
Local Time: 2023-10-09 20:29:34 [INFO] NTP Time: [2023-10-09 21:29:34.812881]: Using the local timmer to pretend to be NTP time. Data recorded
Local Time: 2023-10-09 20:29:34 [INFO] NTP Time: [2023-10-09 21:29:34.927850]: Using the local timmer to pretend to be NTP time. Data recorded
Local Time: 2023-10-09 20:29:35 [INFO] NTP Time: [2023-10-09 21:29:35.043260]: Using the local timmer to pretend to be NTP time. Data recorded
Local Time: 2023-10-09 20:29:35 [INFO] NTP Time: [2023-10-09 21:29:35.158513]: Using the local timmer to pretend to be NTP time. Data recorded
Local Time: 2023-10-09 20:29:35 [INFO] NTP Time: [2023-10-09 21:29:35.273867]: Using the local timmer to pretend to be NTP time. Data recorded
Local Time: 2023-10-09 20:29:35 [INFO] NTP Time: [2023-10-09 21:29:35.389186]: Using the local timmer to pretend to be NTP time. Data recorded
Local Time: 2023-10-09 20:29:35 [INFO] NTP Time: [2023-10-09 21:29:35.504610]: Using the local timmer to pretend to be NTP time. Data recorded
Local Time: 2023-10-09 20:29:35 [INFO] NTP Time: [2023-10-09 21:29:35.620420]: Using the local timmer to pretend to be NTP time. Data recorded
Local Time: 2023-10-09 20:29:35 [INFO] NTP Time: [2023-10-09 21:29:35.736143]: Using the local timmer to pretend to be NTP time. Data recorded
Local Time: 2023-10-09 20:29:35 [INFO] NTP Time: [2023-10-09 21:29:35.852437]: Using the local timmer to pretend to be NTP time. Data recorded
Local Time: 2023-10-09 20:29:35 [INFO] NTP Time: [2023-10-09 21:29:35.968150]: Using the local timmer to pretend to be NTP time. Data recorded
Local Time: 2023-10-09 20:29:36 [INFO] NTP Time: [2023-10-09 21:29:36.084949]: Using the local timmer to pretend to be NTP time. Data recorded
Local Time: 2023-10-09 20:29:36 [INFO] NTP Time: [2023-10-09 21:29:36.200291]: Using the local timmer to pretend to be NTP time. Data recorded
Local Time: 2023-10-09 20:29:36 [INFO] NTP Time: [2023-10-09 21:29:36.316901]: Using the local timmer to pretend to be NTP time. Data recorded
Local Time: 2023-10-09 20:29:36 [INFO] NTP Time: [2023-10-09 21:29:36.432194]: Using the local timmer to pretend to be NTP time. Data recorded
Local Time: 2023-10-09 20:29:36 [INFO] NTP Time: [2023-10-09 21:29:36.549039]: Using the local timmer to pretend to be NTP time. Data recorded
Local Time: 2023-10-09 20:29:36 [INFO] NTP Time: [2023-10-09 21:29:36.664361]: Using the local timmer to pretend to be NTP time. Data recorded
Local Time: 2023-10-09 20:29:36 [INFO] NTP Time: [2023-10-09 21:29:36.780440]: Using the local timmer to pretend to be NTP time. Data recorded
Local Time: 2023-10-09 20:29:36 [INFO] NTP Time: [2023-10-09 21:29:36.896707]: Using the local timmer to pretend to be NTP time. Data recorded
Local Time: 2023-10-09 20:29:37 [INFO] NTP Time: [2023-10-09 21:29:37.013355]: Using the local timmer to pretend to be NTP time. Data recorded
Local Time: 2023-10-09 20:29:37 [INFO] NTP Time: [2023-10-09 21:29:37.129028]: Using the local timmer to pretend to be NTP time. Data recorded
Local Time: 2023-10-09 20:29:37 [INFO] NTP Time: [2023-10-09 21:29:37.244674]: Using the local timmer to pretend to be NTP time. Data recorded
Local Time: 2023-10-09 20:29:37 [INFO] NTP Time: [2023-10-09 21:29:37.360873]: Using the local timmer to pretend to be NTP time. Data recorded
Local Time: 2023-10-09 20:29:37 [INFO] NTP Time: [2023-10-09 21:29:37.476684]: Using the local timmer to pretend to be NTP time. Data recorded
Local Time: 2023-10-09 20:29:37 [INFO] NTP Time: [2023-10-09 21:29:37.592548]: Using the local timmer to pretend to be NTP time. Data recorded
Local Time: 2023-10-09 20:29:37 [INFO] NTP Time: [2023-10-09 21:29:37.709047]: Using the local timmer to pretend to be NTP time. Data recorded
Local Time: 2023-10-09 20:29:37 [INFO] NTP Time: [2023-10-09 21:29:37.824577]: Using the local timmer to pretend to be NTP time. Data recorded
Local Time: 2023-10-09 20:29:37 [INFO] NTP Time: [2023-10-09 21:29:37.940013]: Using the local timmer to pretend to be NTP time. Data recorded
Local Time: 2023-10-09 20:29:38 [INFO] NTP Time: [2023-10-09 21:29:38.057004]: Using the local timmer to pretend to be NTP time. Data recorded
Local Time: 2023-10-09 20:29:38 [INFO] NTP Time: [2023-10-09 21:29:38.172769]: Using the local timmer to pretend to be NTP time. Data recorded
Local Time: 2023-10-09 20:29:38 [INFO] NTP Time: [2023-10-09 21:29:38.289048]: Using the local timmer to pretend to be NTP time. Data recorded
Local Time: 2023-10-09 20:29:38 [INFO] NTP Time: [2023-10-09 21:29:38.404970]: Using the local timmer to pretend to be NTP time. Data recorded
Local Time: 2023-10-09 20:29:38 [INFO] NTP Time: [2023-10-09 21:29:38.521162]: Using the local timmer to pretend to be NTP time. Data recorded
Local Time: 2023-10-09 20:29:38 [INFO] NTP Time: [2023-10-09 21:29:38.637400]: Using the local timmer to pretend to be NTP time. Data recorded
Local Time: 2023-10-09 20:29:38 [INFO] NTP Time: [2023-10-09 21:29:38.754180]: Using the local timmer to pretend to be NTP time. Data recorded
Local Time: 2023-10-09 20:29:38 [INFO] NTP Time: [2023-10-09 21:29:38.870255]: Using the local timmer to pretend to be NTP time. Data recorded
Local Time: 2023-10-09 20:29:38 [INFO] NTP Time: [2023-10-09 21:29:38.986575]: Using the local timmer to pretend to be NTP time. Data recorded
Local Time: 2023-10-09 20:29:39 [INFO] NTP Time: [2023-10-09 21:29:39.103379]: Using the local timmer to pretend to be NTP time. Data recorded
Local Time: 2023-10-09 20:29:39 [INFO] NTP Time: [2023-10-09 21:29:39.220587]: Using the local timmer to pretend to be NTP time. Data recorded
Local Time: 2023-10-09 20:29:39 [INFO] NTP Time: [2023-10-09 21:29:39.337134]: Using the local timmer to pretend to be NTP time. Data recorded
Local Time: 2023-10-09 20:29:39 [INFO] NTP Time: [2023-10-09 21:29:39.453604]: Using the local timmer to pretend to be NTP time. Data recorded
Local Time: 2023-10-09 20:29:39 [INFO] NTP Time: [2023-10-09 21:29:39.570330]: Using the local timmer to pretend to be NTP time. Data recorded
Local Time: 2023-10-09 20:29:39 [INFO] NTP Time: [2023-10-09 21:29:39.687531]: Using the local timmer to pretend to be NTP time. Data recorded
Local Time: 2023-10-09 20:29:39 [INFO] NTP Time: [2023-10-09 21:29:39.804404]: Using the local timmer to pretend to be NTP time. Data recorded
Local Time: 2023-10-09 20:29:39 [INFO] NTP Time: [2023-10-09 21:29:39.921534]: Using the local timmer to pretend to be NTP time. Data recorded
Local Time: 2023-10-09 20:29:40 [INFO] NTP Time: [2023-10-09 21:29:40.037836]: Using the local timmer to pretend to be NTP time. Data recorded
Local Time: 2023-10-09 20:29:40 [INFO] NTP Time: [2023-10-09 21:29:40.154389]: Using the local timmer to pretend to be NTP time. Data recorded
Local Time: 2023-10-09 20:29:40 [INFO] NTP Time: [2023-10-09 21:29:40.274051]: Using the local timmer to pretend to be NTP time. Data recorded
Local Time: 2023-10-09 20:29:40 [INFO] NTP Time: [2023-10-09 21:29:40.286919]: End recording by a terminate action.
