Local Time: 2023-10-09 16:36:09 [INFO] NTP Time: [2023-10-09 17:36:09.299047]: Loaded configuration: {'participant': {'id': 'P001', 'age': '25', 'gender': 'M', 'ethnicity': 'Caucasian', 'height': '165', 'weight': '65'}, 'experiment': {'date': '2022-01-01', 'time': '14:00:00', 'condition': 'HW101M', 'group': 'A', 'illumination_level': 'low'}, 'task_info': {'task_name': 'Task1', 'trial_number': '5'}, 'notes': {'comments': 'Participant seemed tired during the session.'}, 'label_info': {'activity': 'sit'}}
Local Time: 2023-10-09 16:36:09 [INFO] NTP Time: [2023-10-09 17:36:09.299150]: Loaded mmwave configuration: {'setting1': 'value1', 'setting2': 'value2', 'Data storage location': 'AWR1843-Read-Data-Python-MMWAVE-SDK-3--master/data', 'mmwave_Datatype': 'dictionary'}
Local Time: 2023-10-09 16:36:10 [INFO] NTP Time: [2023-10-09 17:36:10.130432]: Using NTP time as the start timmer.
Local Time: 2023-10-09 16:36:10 [INFO] NTP Time: [2023-10-09 17:36:10.246277]: Using the local timmer to pretend to be NTP time. Data recorded
Local Time: 2023-10-09 16:36:10 [INFO] NTP Time: [2023-10-09 17:36:10.260844]: Using the local timmer to pretend to be NTP time. Data recorded
Local Time: 2023-10-09 16:36:10 [INFO] NTP Time: [2023-10-09 17:36:10.376628]: Using the local timmer to pretend to be NTP time. Data recorded
Local Time: 2023-10-09 16:36:10 [INFO] NTP Time: [2023-10-09 17:36:10.492102]: Using the local timmer to pretend to be NTP time. Data recorded
Local Time: 2023-10-09 16:36:10 [INFO] NTP Time: [2023-10-09 17:36:10.607594]: Using the local timmer to pretend to be NTP time. Data recorded
Local Time: 2023-10-09 16:36:10 [INFO] NTP Time: [2023-10-09 17:36:10.722601]: Using the local timmer to pretend to be NTP time. Data recorded
Local Time: 2023-10-09 16:36:10 [INFO] NTP Time: [2023-10-09 17:36:10.836986]: Using the local timmer to pretend to be NTP time. Data recorded
Local Time: 2023-10-09 16:36:10 [INFO] NTP Time: [2023-10-09 17:36:10.952231]: Using the local timmer to pretend to be NTP time. Data recorded
Local Time: 2023-10-09 16:36:10 [INFO] NTP Time: [2023-10-09 17:36:10.963961]: Using the local timmer to pretend to be NTP time. Data recorded
Local Time: 2023-10-09 16:36:10 [INFO] NTP Time: [2023-10-09 17:36:10.975467]: Using the local timmer to pretend to be NTP time. Data recorded
Local Time: 2023-10-09 16:36:10 [INFO] NTP Time: [2023-10-09 17:36:10.987193]: Using the local timmer to pretend to be NTP time. Data recorded
Local Time: 2023-10-09 16:36:11 [INFO] NTP Time: [2023-10-09 17:36:10.998949]: Using the local timmer to pretend to be NTP time. Data recorded
Local Time: 2023-10-09 16:36:11 [INFO] NTP Time: [2023-10-09 17:36:11.010605]: Using the local timmer to pretend to be NTP time. Data recorded
Local Time: 2023-10-09 16:36:11 [INFO] NTP Time: [2023-10-09 17:36:11.125894]: Using the local timmer to pretend to be NTP time. Data recorded
Local Time: 2023-10-09 16:36:11 [INFO] NTP Time: [2023-10-09 17:36:11.138158]: Using the local timmer to pretend to be NTP time. Data recorded
Local Time: 2023-10-09 16:36:11 [INFO] NTP Time: [2023-10-09 17:36:11.171438]: Using the local timmer to pretend to be NTP time. Data recorded
Local Time: 2023-10-09 16:36:11 [INFO] NTP Time: [2023-10-09 17:36:11.276845]: Using the local timmer to pretend to be NTP time. Data recorded
Local Time: 2023-10-09 16:36:11 [INFO] NTP Time: [2023-10-09 17:36:11.371030]: Using the local timmer to pretend to be NTP time. Data recorded
Local Time: 2023-10-09 16:36:11 [INFO] NTP Time: [2023-10-09 17:36:11.475459]: Using the local timmer to pretend to be NTP time. Data recorded
Local Time: 2023-10-09 16:36:11 [INFO] NTP Time: [2023-10-09 17:36:11.569367]: Using the local timmer to pretend to be NTP time. Data recorded
Local Time: 2023-10-09 16:36:11 [INFO] NTP Time: [2023-10-09 17:36:11.776771]: Using the local timmer to pretend to be NTP time. Data recorded
Local Time: 2023-10-09 16:36:11 [INFO] NTP Time: [2023-10-09 17:36:11.891452]: Using the local timmer to pretend to be NTP time. Data recorded
Local Time: 2023-10-09 16:36:11 [INFO] NTP Time: [2023-10-09 17:36:11.903531]: Using the local timmer to pretend to be NTP time. Data recorded
Local Time: 2023-10-09 16:36:11 [INFO] NTP Time: [2023-10-09 17:36:11.967226]: Using the local timmer to pretend to be NTP time. Data recorded
Local Time: 2023-10-09 16:36:12 [INFO] NTP Time: [2023-10-09 17:36:12.174807]: Using the local timmer to pretend to be NTP time. Data recorded
Local Time: 2023-10-09 16:36:12 [INFO] NTP Time: [2023-10-09 17:36:12.186918]: Using the local timmer to pretend to be NTP time. Data recorded
Local Time: 2023-10-09 16:36:12 [INFO] NTP Time: [2023-10-09 17:36:12.374063]: Using the local timmer to pretend to be NTP time. Data recorded
Local Time: 2023-10-09 16:36:12 [INFO] NTP Time: [2023-10-09 17:36:12.488733]: Using the local timmer to pretend to be NTP time. Data recorded
Local Time: 2023-10-09 16:36:12 [INFO] NTP Time: [2023-10-09 17:36:12.603688]: Using the local timmer to pretend to be NTP time. Data recorded
Local Time: 2023-10-09 16:36:12 [INFO] NTP Time: [2023-10-09 17:36:12.720739]: Using the local timmer to pretend to be NTP time. Data recorded
Local Time: 2023-10-09 16:36:12 [INFO] NTP Time: [2023-10-09 17:36:12.837008]: Using the local timmer to pretend to be NTP time. Data recorded
Local Time: 2023-10-09 16:36:12 [INFO] NTP Time: [2023-10-09 17:36:12.954537]: Using the local timmer to pretend to be NTP time. Data recorded
Local Time: 2023-10-09 16:36:13 [INFO] NTP Time: [2023-10-09 17:36:13.069762]: Using the local timmer to pretend to be NTP time. Data recorded
Local Time: 2023-10-09 16:36:13 [INFO] NTP Time: [2023-10-09 17:36:13.185321]: Using the local timmer to pretend to be NTP time. Data recorded
Local Time: 2023-10-09 16:36:13 [INFO] NTP Time: [2023-10-09 17:36:13.300362]: Using the local timmer to pretend to be NTP time. Data recorded
Local Time: 2023-10-09 16:36:13 [INFO] NTP Time: [2023-10-09 17:36:13.416070]: Using the local timmer to pretend to be NTP time. Data recorded
Local Time: 2023-10-09 16:36:13 [INFO] NTP Time: [2023-10-09 17:36:13.531377]: Using the local timmer to pretend to be NTP time. Data recorded
Local Time: 2023-10-09 16:36:13 [INFO] NTP Time: [2023-10-09 17:36:13.647215]: Using the local timmer to pretend to be NTP time. Data recorded
Local Time: 2023-10-09 16:36:13 [INFO] NTP Time: [2023-10-09 17:36:13.762504]: Using the local timmer to pretend to be NTP time. Data recorded
Local Time: 2023-10-09 16:36:13 [INFO] NTP Time: [2023-10-09 17:36:13.877722]: Using the local timmer to pretend to be NTP time. Data recorded
Local Time: 2023-10-09 16:36:13 [INFO] NTP Time: [2023-10-09 17:36:13.993213]: Using the local timmer to pretend to be NTP time. Data recorded
Local Time: 2023-10-09 16:36:14 [INFO] NTP Time: [2023-10-09 17:36:14.108422]: Using the local timmer to pretend to be NTP time. Data recorded
Local Time: 2023-10-09 16:36:14 [INFO] NTP Time: [2023-10-09 17:36:14.223819]: Using the local timmer to pretend to be NTP time. Data recorded
Local Time: 2023-10-09 16:36:14 [INFO] NTP Time: [2023-10-09 17:36:14.339525]: Using the local timmer to pretend to be NTP time. Data recorded
Local Time: 2023-10-09 16:36:14 [INFO] NTP Time: [2023-10-09 17:36:14.455693]: Using the local timmer to pretend to be NTP time. Data recorded
Local Time: 2023-10-09 16:36:14 [INFO] NTP Time: [2023-10-09 17:36:14.571156]: Using the local timmer to pretend to be NTP time. Data recorded
Local Time: 2023-10-09 16:36:14 [INFO] NTP Time: [2023-10-09 17:36:14.687151]: Using the local timmer to pretend to be NTP time. Data recorded
Local Time: 2023-10-09 16:36:14 [INFO] NTP Time: [2023-10-09 17:36:14.803045]: Using the local timmer to pretend to be NTP time. Data recorded
Local Time: 2023-10-09 16:36:14 [INFO] NTP Time: [2023-10-09 17:36:14.920598]: Using the local timmer to pretend to be NTP time. Data recorded
Local Time: 2023-10-09 16:36:15 [INFO] NTP Time: [2023-10-09 17:36:15.054079]: Using the local timmer to pretend to be NTP time. Data recorded
Local Time: 2023-10-09 16:36:15 [INFO] NTP Time: [2023-10-09 17:36:15.176627]: Using the local timmer to pretend to be NTP time. Data recorded
Local Time: 2023-10-09 16:36:15 [INFO] NTP Time: [2023-10-09 17:36:15.329717]: Using the local timmer to pretend to be NTP time. Data recorded
Local Time: 2023-10-09 16:36:15 [INFO] NTP Time: [2023-10-09 17:36:15.465370]: Using the local timmer to pretend to be NTP time. Data recorded
Local Time: 2023-10-09 16:36:15 [INFO] NTP Time: [2023-10-09 17:36:15.583430]: Using the local timmer to pretend to be NTP time. Data recorded
Local Time: 2023-10-09 16:36:15 [INFO] NTP Time: [2023-10-09 17:36:15.722464]: Using the local timmer to pretend to be NTP time. Data recorded
Local Time: 2023-10-09 16:36:15 [INFO] NTP Time: [2023-10-09 17:36:15.845650]: Using the local timmer to pretend to be NTP time. Data recorded
Local Time: 2023-10-09 16:36:15 [INFO] NTP Time: [2023-10-09 17:36:15.961890]: Using the local timmer to pretend to be NTP time. Data recorded
Local Time: 2023-10-09 16:36:16 [INFO] NTP Time: [2023-10-09 17:36:16.078082]: Using the local timmer to pretend to be NTP time. Data recorded
Local Time: 2023-10-09 16:36:16 [INFO] NTP Time: [2023-10-09 17:36:16.221875]: Using the local timmer to pretend to be NTP time. Data recorded
Local Time: 2023-10-09 16:36:16 [INFO] NTP Time: [2023-10-09 17:36:16.340459]: Using the local timmer to pretend to be NTP time. Data recorded
Local Time: 2023-10-09 16:36:16 [INFO] NTP Time: [2023-10-09 17:36:16.480128]: Using the local timmer to pretend to be NTP time. Data recorded
Local Time: 2023-10-09 16:36:16 [INFO] NTP Time: [2023-10-09 17:36:16.613511]: Using the local timmer to pretend to be NTP time. Data recorded
Local Time: 2023-10-09 16:36:16 [INFO] NTP Time: [2023-10-09 17:36:16.750404]: Using the local timmer to pretend to be NTP time. Data recorded
Local Time: 2023-10-09 16:36:16 [INFO] NTP Time: [2023-10-09 17:36:16.878361]: Using the local timmer to pretend to be NTP time. Data recorded
Local Time: 2023-10-09 16:36:16 [INFO] NTP Time: [2023-10-09 17:36:16.996437]: Using the local timmer to pretend to be NTP time. Data recorded
Local Time: 2023-10-09 16:36:17 [INFO] NTP Time: [2023-10-09 17:36:17.140299]: Using the local timmer to pretend to be NTP time. Data recorded
Local Time: 2023-10-09 16:36:17 [INFO] NTP Time: [2023-10-09 17:36:17.258395]: Using the local timmer to pretend to be NTP time. Data recorded
Local Time: 2023-10-09 16:36:17 [INFO] NTP Time: [2023-10-09 17:36:17.402732]: Using the local timmer to pretend to be NTP time. Data recorded
Local Time: 2023-10-09 16:36:17 [INFO] NTP Time: [2023-10-09 17:36:17.547916]: Using the local timmer to pretend to be NTP time. Data recorded
Local Time: 2023-10-09 16:36:17 [INFO] NTP Time: [2023-10-09 17:36:17.670430]: Using the local timmer to pretend to be NTP time. Data recorded
Local Time: 2023-10-09 16:36:17 [INFO] NTP Time: [2023-10-09 17:36:17.788283]: Using the local timmer to pretend to be NTP time. Data recorded
Local Time: 2023-10-09 16:36:17 [INFO] NTP Time: [2023-10-09 17:36:17.904694]: Using the local timmer to pretend to be NTP time. Data recorded
Local Time: 2023-10-09 16:36:18 [INFO] NTP Time: [2023-10-09 17:36:18.035376]: Using the local timmer to pretend to be NTP time. Data recorded
Local Time: 2023-10-09 16:36:18 [INFO] NTP Time: [2023-10-09 17:36:18.163678]: Using the local timmer to pretend to be NTP time. Data recorded
Local Time: 2023-10-09 16:36:18 [INFO] NTP Time: [2023-10-09 17:36:18.293613]: Using the local timmer to pretend to be NTP time. Data recorded
Local Time: 2023-10-09 16:36:18 [INFO] NTP Time: [2023-10-09 17:36:18.411505]: Using the local timmer to pretend to be NTP time. Data recorded
Local Time: 2023-10-09 16:36:18 [INFO] NTP Time: [2023-10-09 17:36:18.529505]: Using the local timmer to pretend to be NTP time. Data recorded
Local Time: 2023-10-09 16:36:18 [INFO] NTP Time: [2023-10-09 17:36:18.668716]: Using the local timmer to pretend to be NTP time. Data recorded
Local Time: 2023-10-09 16:36:18 [INFO] NTP Time: [2023-10-09 17:36:18.787088]: Using the local timmer to pretend to be NTP time. Data recorded
Local Time: 2023-10-09 16:36:18 [INFO] NTP Time: [2023-10-09 17:36:18.943156]: Using the local timmer to pretend to be NTP time. Data recorded
Local Time: 2023-10-09 16:36:19 [INFO] NTP Time: [2023-10-09 17:36:19.070603]: Using the local timmer to pretend to be NTP time. Data recorded
Local Time: 2023-10-09 16:36:19 [INFO] NTP Time: [2023-10-09 17:36:19.187923]: Using the local timmer to pretend to be NTP time. Data recorded
Local Time: 2023-10-09 16:36:19 [INFO] NTP Time: [2023-10-09 17:36:19.328664]: Using the local timmer to pretend to be NTP time. Data recorded
Local Time: 2023-10-09 16:36:19 [INFO] NTP Time: [2023-10-09 17:36:19.463867]: Using the local timmer to pretend to be NTP time. Data recorded
Local Time: 2023-10-09 16:36:19 [INFO] NTP Time: [2023-10-09 17:36:19.582202]: Using the local timmer to pretend to be NTP time. Data recorded
Local Time: 2023-10-09 16:36:19 [INFO] NTP Time: [2023-10-09 17:36:19.721739]: Using the local timmer to pretend to be NTP time. Data recorded
Local Time: 2023-10-09 16:36:19 [INFO] NTP Time: [2023-10-09 17:36:19.841161]: Using the local timmer to pretend to be NTP time. Data recorded
Local Time: 2023-10-09 16:36:19 [INFO] NTP Time: [2023-10-09 17:36:19.985620]: Using the local timmer to pretend to be NTP time. Data recorded
Local Time: 2023-10-09 16:36:20 [INFO] NTP Time: [2023-10-09 17:36:20.105234]: Using the local timmer to pretend to be NTP time. Data recorded
Local Time: 2023-10-09 16:36:20 [INFO] NTP Time: [2023-10-09 17:36:20.223445]: Using the local timmer to pretend to be NTP time. Data recorded
Local Time: 2023-10-09 16:36:20 [INFO] NTP Time: [2023-10-09 17:36:20.379383]: Using the local timmer to pretend to be NTP time. Data recorded
Local Time: 2023-10-09 16:36:20 [INFO] NTP Time: [2023-10-09 17:36:20.499408]: Using the local timmer to pretend to be NTP time. Data recorded
Local Time: 2023-10-09 16:36:20 [INFO] NTP Time: [2023-10-09 17:36:20.649583]: Using the local timmer to pretend to be NTP time. Data recorded
Local Time: 2023-10-09 16:36:20 [INFO] NTP Time: [2023-10-09 17:36:20.772769]: Using the local timmer to pretend to be NTP time. Data recorded
Local Time: 2023-10-09 16:36:20 [INFO] NTP Time: [2023-10-09 17:36:20.894030]: Using the local timmer to pretend to be NTP time. Data recorded
Local Time: 2023-10-09 16:36:21 [INFO] NTP Time: [2023-10-09 17:36:21.046074]: Using the local timmer to pretend to be NTP time. Data recorded
Local Time: 2023-10-09 16:36:21 [INFO] NTP Time: [2023-10-09 17:36:21.176786]: Using the local timmer to pretend to be NTP time. Data recorded
Local Time: 2023-10-09 16:36:21 [INFO] NTP Time: [2023-10-09 17:36:21.331002]: Using the local timmer to pretend to be NTP time. Data recorded
Local Time: 2023-10-09 16:36:21 [INFO] NTP Time: [2023-10-09 17:36:21.451570]: Using the local timmer to pretend to be NTP time. Data recorded
Local Time: 2023-10-09 16:36:21 [INFO] NTP Time: [2023-10-09 17:36:21.610738]: Using the local timmer to pretend to be NTP time. Data recorded
Local Time: 2023-10-09 16:36:21 [INFO] NTP Time: [2023-10-09 17:36:21.732481]: Using the local timmer to pretend to be NTP time. Data recorded
Local Time: 2023-10-09 16:36:21 [INFO] NTP Time: [2023-10-09 17:36:21.869395]: Using the local timmer to pretend to be NTP time. Data recorded
Local Time: 2023-10-09 16:36:21 [INFO] NTP Time: [2023-10-09 17:36:21.989156]: Using the local timmer to pretend to be NTP time. Data recorded
Local Time: 2023-10-09 16:36:22 [INFO] NTP Time: [2023-10-09 17:36:22.133897]: Using the local timmer to pretend to be NTP time. Data recorded
Local Time: 2023-10-09 16:36:22 [INFO] NTP Time: [2023-10-09 17:36:22.263574]: Using the local timmer to pretend to be NTP time. Data recorded
Local Time: 2023-10-09 16:36:22 [INFO] NTP Time: [2023-10-09 17:36:22.382116]: Using the local timmer to pretend to be NTP time. Data recorded
Local Time: 2023-10-09 16:36:22 [INFO] NTP Time: [2023-10-09 17:36:22.503234]: Using the local timmer to pretend to be NTP time. Data recorded
Local Time: 2023-10-09 16:36:22 [INFO] NTP Time: [2023-10-09 17:36:22.517918]: End recording by a terminate action.
