Local Time: 2023-10-09 20:49:27 [INFO] NTP Time: [2023-10-09 21:49:27.613277]: Loaded configuration: {'participant': {'id': 'P001', 'age': '25', 'gender': 'M', 'ethnicity': 'Caucasian', 'height': '165', 'weight': '65'}, 'experiment': {'date': '2022-01-01', 'time': '14:00:00', 'condition': 'HW101M', 'group': 'A', 'illumination_level': 'low'}, 'task_info': {'task_name': 'Task1', 'trial_number': '5'}, 'notes': {'comments': 'Participant seemed tired during the session.'}, 'label_info': {'activity': 'sit'}}
Local Time: 2023-10-09 20:49:27 [INFO] NTP Time: [2023-10-09 21:49:27.613388]: Loaded mmwave configuration: {'setting1': 'value1', 'setting2': 'value2', 'Data storage location': 'AWR1843-Read-Data-Python-MMWAVE-SDK-3--master/data', 'mmwave_Datatype': 'dictionary'}
Local Time: 2023-10-09 20:49:28 [INFO] NTP Time: [2023-10-09 21:49:28.533851]: Using NTP time as the start timmer.
Local Time: 2023-10-09 20:49:28 [INFO] NTP Time: [2023-10-09 21:49:28.644639]: Using the local timmer to pretend to be NTP time. Data recorded
Local Time: 2023-10-09 20:49:28 [INFO] NTP Time: [2023-10-09 21:49:28.761772]: Using the local timmer to pretend to be NTP time. Data recorded
Local Time: 2023-10-09 20:49:28 [INFO] NTP Time: [2023-10-09 21:49:28.867182]: Using the local timmer to pretend to be NTP time. Data recorded
Local Time: 2023-10-09 20:49:28 [INFO] NTP Time: [2023-10-09 21:49:28.973335]: Using the local timmer to pretend to be NTP time. Data recorded
Local Time: 2023-10-09 20:49:29 [INFO] NTP Time: [2023-10-09 21:49:29.097960]: Using the local timmer to pretend to be NTP time. Data recorded
Local Time: 2023-10-09 20:49:29 [INFO] NTP Time: [2023-10-09 21:49:29.204745]: Using the local timmer to pretend to be NTP time. Data recorded
Local Time: 2023-10-09 20:49:29 [INFO] NTP Time: [2023-10-09 21:49:29.324520]: Using the local timmer to pretend to be NTP time. Data recorded
Local Time: 2023-10-09 20:49:29 [INFO] NTP Time: [2023-10-09 21:49:29.430809]: Using the local timmer to pretend to be NTP time. Data recorded
Local Time: 2023-10-09 20:49:29 [INFO] NTP Time: [2023-10-09 21:49:29.535773]: Using the local timmer to pretend to be NTP time. Data recorded
Local Time: 2023-10-09 20:49:29 [INFO] NTP Time: [2023-10-09 21:49:29.641392]: Using the local timmer to pretend to be NTP time. Data recorded
Local Time: 2023-10-09 20:49:29 [INFO] NTP Time: [2023-10-09 21:49:29.775070]: Using the local timmer to pretend to be NTP time. Data recorded
Local Time: 2023-10-09 20:49:29 [INFO] NTP Time: [2023-10-09 21:49:29.883015]: Using the local timmer to pretend to be NTP time. Data recorded
Local Time: 2023-10-09 20:49:29 [INFO] NTP Time: [2023-10-09 21:49:29.989147]: Using the local timmer to pretend to be NTP time. Data recorded
Local Time: 2023-10-09 20:49:30 [INFO] NTP Time: [2023-10-09 21:49:30.115306]: Using the local timmer to pretend to be NTP time. Data recorded
Local Time: 2023-10-09 20:49:30 [INFO] NTP Time: [2023-10-09 21:49:30.223094]: Using the local timmer to pretend to be NTP time. Data recorded
Local Time: 2023-10-09 20:49:30 [INFO] NTP Time: [2023-10-09 21:49:30.348581]: Using the local timmer to pretend to be NTP time. Data recorded
Local Time: 2023-10-09 20:49:30 [INFO] NTP Time: [2023-10-09 21:49:30.457273]: Using the local timmer to pretend to be NTP time. Data recorded
Local Time: 2023-10-09 20:49:30 [INFO] NTP Time: [2023-10-09 21:49:30.569994]: Using the local timmer to pretend to be NTP time. Data recorded
Local Time: 2023-10-09 20:49:30 [INFO] NTP Time: [2023-10-09 21:49:30.677439]: Using the local timmer to pretend to be NTP time. Data recorded
Local Time: 2023-10-09 20:49:30 [INFO] NTP Time: [2023-10-09 21:49:30.783375]: Using the local timmer to pretend to be NTP time. Data recorded
Local Time: 2023-10-09 20:49:30 [INFO] NTP Time: [2023-10-09 21:49:30.889829]: Using the local timmer to pretend to be NTP time. Data recorded
Local Time: 2023-10-09 20:49:30 [INFO] NTP Time: [2023-10-09 21:49:30.995675]: Using the local timmer to pretend to be NTP time. Data recorded
Local Time: 2023-10-09 20:49:31 [INFO] NTP Time: [2023-10-09 21:49:31.101523]: Using the local timmer to pretend to be NTP time. Data recorded
Local Time: 2023-10-09 20:49:31 [INFO] NTP Time: [2023-10-09 21:49:31.208491]: Using the local timmer to pretend to be NTP time. Data recorded
Local Time: 2023-10-09 20:49:31 [INFO] NTP Time: [2023-10-09 21:49:31.314947]: Using the local timmer to pretend to be NTP time. Data recorded
Local Time: 2023-10-09 20:49:31 [INFO] NTP Time: [2023-10-09 21:49:31.421902]: Using the local timmer to pretend to be NTP time. Data recorded
Local Time: 2023-10-09 20:49:31 [INFO] NTP Time: [2023-10-09 21:49:31.540387]: Using the local timmer to pretend to be NTP time. Data recorded
Local Time: 2023-10-09 20:49:31 [INFO] NTP Time: [2023-10-09 21:49:31.648918]: Using the local timmer to pretend to be NTP time. Data recorded
Local Time: 2023-10-09 20:49:31 [INFO] NTP Time: [2023-10-09 21:49:31.755483]: Using the local timmer to pretend to be NTP time. Data recorded
Local Time: 2023-10-09 20:49:31 [INFO] NTP Time: [2023-10-09 21:49:31.861131]: Using the local timmer to pretend to be NTP time. Data recorded
Local Time: 2023-10-09 20:49:31 [INFO] NTP Time: [2023-10-09 21:49:31.967022]: Using the local timmer to pretend to be NTP time. Data recorded
Local Time: 2023-10-09 20:49:32 [INFO] NTP Time: [2023-10-09 21:49:32.073510]: Using the local timmer to pretend to be NTP time. Data recorded
Local Time: 2023-10-09 20:49:32 [INFO] NTP Time: [2023-10-09 21:49:32.179541]: Using the local timmer to pretend to be NTP time. Data recorded
Local Time: 2023-10-09 20:49:32 [INFO] NTP Time: [2023-10-09 21:49:32.285840]: Using the local timmer to pretend to be NTP time. Data recorded
Local Time: 2023-10-09 20:49:32 [INFO] NTP Time: [2023-10-09 21:49:32.392073]: Using the local timmer to pretend to be NTP time. Data recorded
Local Time: 2023-10-09 20:49:32 [INFO] NTP Time: [2023-10-09 21:49:32.498435]: Using the local timmer to pretend to be NTP time. Data recorded
Local Time: 2023-10-09 20:49:32 [INFO] NTP Time: [2023-10-09 21:49:32.605240]: Using the local timmer to pretend to be NTP time. Data recorded
Local Time: 2023-10-09 20:49:32 [INFO] NTP Time: [2023-10-09 21:49:32.712265]: Using the local timmer to pretend to be NTP time. Data recorded
Local Time: 2023-10-09 20:49:32 [INFO] NTP Time: [2023-10-09 21:49:32.820056]: Using the local timmer to pretend to be NTP time. Data recorded
Local Time: 2023-10-09 20:49:32 [INFO] NTP Time: [2023-10-09 21:49:32.927987]: Using the local timmer to pretend to be NTP time. Data recorded
Local Time: 2023-10-09 20:49:33 [INFO] NTP Time: [2023-10-09 21:49:33.034443]: Using the local timmer to pretend to be NTP time. Data recorded
Local Time: 2023-10-09 20:49:33 [INFO] NTP Time: [2023-10-09 21:49:33.142927]: Using the local timmer to pretend to be NTP time. Data recorded
Local Time: 2023-10-09 20:49:33 [INFO] NTP Time: [2023-10-09 21:49:33.249161]: Using the local timmer to pretend to be NTP time. Data recorded
Local Time: 2023-10-09 20:49:33 [INFO] NTP Time: [2023-10-09 21:49:33.360465]: Using the local timmer to pretend to be NTP time. Data recorded
Local Time: 2023-10-09 20:49:33 [INFO] NTP Time: [2023-10-09 21:49:33.574621]: Using the local timmer to pretend to be NTP time. Data recorded
Local Time: 2023-10-09 20:49:33 [INFO] NTP Time: [2023-10-09 21:49:33.756782]: Using the local timmer to pretend to be NTP time. Data recorded
Local Time: 2023-10-09 20:49:33 [INFO] NTP Time: [2023-10-09 21:49:33.944681]: Using the local timmer to pretend to be NTP time. Data recorded
Local Time: 2023-10-09 20:49:34 [INFO] NTP Time: [2023-10-09 21:49:34.138195]: Using the local timmer to pretend to be NTP time. Data recorded
Local Time: 2023-10-09 20:49:34 [INFO] NTP Time: [2023-10-09 21:49:34.247334]: Using the local timmer to pretend to be NTP time. Data recorded
Local Time: 2023-10-09 20:49:34 [INFO] NTP Time: [2023-10-09 21:49:34.354562]: Using the local timmer to pretend to be NTP time. Data recorded
Local Time: 2023-10-09 20:49:34 [INFO] NTP Time: [2023-10-09 21:49:34.477904]: Using the local timmer to pretend to be NTP time. Data recorded
Local Time: 2023-10-09 20:49:34 [INFO] NTP Time: [2023-10-09 21:49:34.691484]: Using the local timmer to pretend to be NTP time. Data recorded
Local Time: 2023-10-09 20:49:34 [INFO] NTP Time: [2023-10-09 21:49:34.800439]: Using the local timmer to pretend to be NTP time. Data recorded
Local Time: 2023-10-09 20:49:34 [INFO] NTP Time: [2023-10-09 21:49:34.916758]: Using the local timmer to pretend to be NTP time. Data recorded
Local Time: 2023-10-09 20:49:35 [INFO] NTP Time: [2023-10-09 21:49:35.025282]: Using the local timmer to pretend to be NTP time. Data recorded
Local Time: 2023-10-09 20:49:35 [INFO] NTP Time: [2023-10-09 21:49:35.144370]: Using the local timmer to pretend to be NTP time. Data recorded
Local Time: 2023-10-09 20:49:35 [INFO] NTP Time: [2023-10-09 21:49:35.251757]: Using the local timmer to pretend to be NTP time. Data recorded
Local Time: 2023-10-09 20:49:35 [INFO] NTP Time: [2023-10-09 21:49:35.359452]: Using the local timmer to pretend to be NTP time. Data recorded
Local Time: 2023-10-09 20:49:35 [INFO] NTP Time: [2023-10-09 21:49:35.490873]: Using the local timmer to pretend to be NTP time. Data recorded
Local Time: 2023-10-09 20:49:35 [INFO] NTP Time: [2023-10-09 21:49:35.601244]: Using the local timmer to pretend to be NTP time. Data recorded
Local Time: 2023-10-09 20:49:35 [INFO] NTP Time: [2023-10-09 21:49:35.709185]: Using the local timmer to pretend to be NTP time. Data recorded
Local Time: 2023-10-09 20:49:35 [INFO] NTP Time: [2023-10-09 21:49:35.829071]: Using the local timmer to pretend to be NTP time. Data recorded
Local Time: 2023-10-09 20:49:35 [INFO] NTP Time: [2023-10-09 21:49:35.948625]: Using the local timmer to pretend to be NTP time. Data recorded
Local Time: 2023-10-09 20:49:36 [INFO] NTP Time: [2023-10-09 21:49:36.075985]: Using the local timmer to pretend to be NTP time. Data recorded
Local Time: 2023-10-09 20:49:36 [INFO] NTP Time: [2023-10-09 21:49:36.184777]: Using the local timmer to pretend to be NTP time. Data recorded
Local Time: 2023-10-09 20:49:36 [INFO] NTP Time: [2023-10-09 21:49:36.292664]: Using the local timmer to pretend to be NTP time. Data recorded
Local Time: 2023-10-09 20:49:36 [INFO] NTP Time: [2023-10-09 21:49:36.399626]: Using the local timmer to pretend to be NTP time. Data recorded
Local Time: 2023-10-09 20:49:36 [INFO] NTP Time: [2023-10-09 21:49:36.507403]: Using the local timmer to pretend to be NTP time. Data recorded
Local Time: 2023-10-09 20:49:36 [INFO] NTP Time: [2023-10-09 21:49:36.629328]: Using the local timmer to pretend to be NTP time. Data recorded
Local Time: 2023-10-09 20:49:36 [INFO] NTP Time: [2023-10-09 21:49:36.738141]: Using the local timmer to pretend to be NTP time. Data recorded
Local Time: 2023-10-09 20:49:36 [INFO] NTP Time: [2023-10-09 21:49:36.850731]: Using the local timmer to pretend to be NTP time. Data recorded
Local Time: 2023-10-09 20:49:36 [INFO] NTP Time: [2023-10-09 21:49:36.991706]: Using the local timmer to pretend to be NTP time. Data recorded
Local Time: 2023-10-09 20:49:37 [INFO] NTP Time: [2023-10-09 21:49:37.100861]: Using the local timmer to pretend to be NTP time. Data recorded
Local Time: 2023-10-09 20:49:37 [INFO] NTP Time: [2023-10-09 21:49:37.208075]: Using the local timmer to pretend to be NTP time. Data recorded
Local Time: 2023-10-09 20:49:37 [INFO] NTP Time: [2023-10-09 21:49:37.315812]: Using the local timmer to pretend to be NTP time. Data recorded
Local Time: 2023-10-09 20:49:37 [INFO] NTP Time: [2023-10-09 21:49:37.423762]: Using the local timmer to pretend to be NTP time. Data recorded
Local Time: 2023-10-09 20:49:37 [INFO] NTP Time: [2023-10-09 21:49:37.557744]: Using the local timmer to pretend to be NTP time. Data recorded
Local Time: 2023-10-09 20:49:37 [INFO] NTP Time: [2023-10-09 21:49:37.667205]: Using the local timmer to pretend to be NTP time. Data recorded
Local Time: 2023-10-09 20:49:37 [INFO] NTP Time: [2023-10-09 21:49:37.775140]: Using the local timmer to pretend to be NTP time. Data recorded
Local Time: 2023-10-09 20:49:37 [INFO] NTP Time: [2023-10-09 21:49:37.896273]: Using the local timmer to pretend to be NTP time. Data recorded
Local Time: 2023-10-09 20:49:38 [INFO] NTP Time: [2023-10-09 21:49:38.006093]: Using the local timmer to pretend to be NTP time. Data recorded
Local Time: 2023-10-09 20:49:38 [INFO] NTP Time: [2023-10-09 21:49:38.132040]: Using the local timmer to pretend to be NTP time. Data recorded
Local Time: 2023-10-09 20:49:38 [INFO] NTP Time: [2023-10-09 21:49:38.241589]: Using the local timmer to pretend to be NTP time. Data recorded
Local Time: 2023-10-09 20:49:38 [INFO] NTP Time: [2023-10-09 21:49:38.351276]: Using the local timmer to pretend to be NTP time. Data recorded
Local Time: 2023-10-09 20:49:38 [INFO] NTP Time: [2023-10-09 21:49:38.474966]: Using the local timmer to pretend to be NTP time. Data recorded
Local Time: 2023-10-09 20:49:38 [INFO] NTP Time: [2023-10-09 21:49:38.583232]: Using the local timmer to pretend to be NTP time. Data recorded
Local Time: 2023-10-09 20:49:38 [INFO] NTP Time: [2023-10-09 21:49:38.693397]: Using the local timmer to pretend to be NTP time. Data recorded
Local Time: 2023-10-09 20:49:38 [INFO] NTP Time: [2023-10-09 21:49:38.834016]: Using the local timmer to pretend to be NTP time. Data recorded
Local Time: 2023-10-09 20:49:38 [INFO] NTP Time: [2023-10-09 21:49:38.944613]: Using the local timmer to pretend to be NTP time. Data recorded
Local Time: 2023-10-09 20:49:39 [INFO] NTP Time: [2023-10-09 21:49:39.071392]: Using the local timmer to pretend to be NTP time. Data recorded
Local Time: 2023-10-09 20:49:39 [INFO] NTP Time: [2023-10-09 21:49:39.185360]: Using the local timmer to pretend to be NTP time. Data recorded
Local Time: 2023-10-09 20:49:39 [INFO] NTP Time: [2023-10-09 21:49:39.411104]: Using the local timmer to pretend to be NTP time. Data recorded
Local Time: 2023-10-09 20:49:39 [INFO] NTP Time: [2023-10-09 21:49:39.628779]: Using the local timmer to pretend to be NTP time. Data recorded
Local Time: 2023-10-09 20:49:39 [INFO] NTP Time: [2023-10-09 21:49:39.738090]: Using the local timmer to pretend to be NTP time. Data recorded
Local Time: 2023-10-09 20:49:39 [INFO] NTP Time: [2023-10-09 21:49:39.908247]: Using the local timmer to pretend to be NTP time. Data recorded
Local Time: 2023-10-09 20:49:40 [INFO] NTP Time: [2023-10-09 21:49:40.084156]: Using the local timmer to pretend to be NTP time. Data recorded
Local Time: 2023-10-09 20:49:40 [INFO] NTP Time: [2023-10-09 21:49:40.192823]: Using the local timmer to pretend to be NTP time. Data recorded
Local Time: 2023-10-09 20:49:40 [INFO] NTP Time: [2023-10-09 21:49:40.387152]: Using the local timmer to pretend to be NTP time. Data recorded
Local Time: 2023-10-09 20:49:40 [INFO] NTP Time: [2023-10-09 21:49:40.580293]: Using the local timmer to pretend to be NTP time. Data recorded
Local Time: 2023-10-09 20:49:40 [INFO] NTP Time: [2023-10-09 21:49:40.784841]: Using the local timmer to pretend to be NTP time. Data recorded
Local Time: 2023-10-09 20:49:40 [INFO] NTP Time: [2023-10-09 21:49:40.913270]: Using the local timmer to pretend to be NTP time. Data recorded
Local Time: 2023-10-09 20:49:41 [INFO] NTP Time: [2023-10-09 21:49:41.115080]: Using the local timmer to pretend to be NTP time. Data recorded
Local Time: 2023-10-09 20:49:41 [INFO] NTP Time: [2023-10-09 21:49:41.354109]: Using the local timmer to pretend to be NTP time. Data recorded
Local Time: 2023-10-09 20:49:41 [INFO] NTP Time: [2023-10-09 21:49:41.572543]: Using the local timmer to pretend to be NTP time. Data recorded
Local Time: 2023-10-09 20:49:41 [INFO] NTP Time: [2023-10-09 21:49:41.688188]: Using the local timmer to pretend to be NTP time. Data recorded
Local Time: 2023-10-09 20:49:41 [INFO] NTP Time: [2023-10-09 21:49:41.797090]: Using the local timmer to pretend to be NTP time. Data recorded
Local Time: 2023-10-09 20:49:41 [INFO] NTP Time: [2023-10-09 21:49:41.907258]: Using the local timmer to pretend to be NTP time. Data recorded
Local Time: 2023-10-09 20:49:42 [INFO] NTP Time: [2023-10-09 21:49:42.017636]: Using the local timmer to pretend to be NTP time. Data recorded
Local Time: 2023-10-09 20:49:42 [INFO] NTP Time: [2023-10-09 21:49:42.132122]: Using the local timmer to pretend to be NTP time. Data recorded
Local Time: 2023-10-09 20:49:42 [INFO] NTP Time: [2023-10-09 21:49:42.260351]: Using the local timmer to pretend to be NTP time. Data recorded
Local Time: 2023-10-09 20:49:42 [INFO] NTP Time: [2023-10-09 21:49:42.369983]: Using the local timmer to pretend to be NTP time. Data recorded
Local Time: 2023-10-09 20:49:42 [INFO] NTP Time: [2023-10-09 21:49:42.504189]: Using the local timmer to pretend to be NTP time. Data recorded
Local Time: 2023-10-09 20:49:42 [INFO] NTP Time: [2023-10-09 21:49:42.615963]: Using the local timmer to pretend to be NTP time. Data recorded
Local Time: 2023-10-09 20:49:42 [INFO] NTP Time: [2023-10-09 21:49:42.746231]: Using the local timmer to pretend to be NTP time. Data recorded
Local Time: 2023-10-09 20:49:42 [INFO] NTP Time: [2023-10-09 21:49:42.858983]: Using the local timmer to pretend to be NTP time. Data recorded
Local Time: 2023-10-09 20:49:42 [INFO] NTP Time: [2023-10-09 21:49:42.969306]: Using the local timmer to pretend to be NTP time. Data recorded
Local Time: 2023-10-09 20:49:43 [INFO] NTP Time: [2023-10-09 21:49:43.078714]: Using the local timmer to pretend to be NTP time. Data recorded
Local Time: 2023-10-09 20:49:43 [INFO] NTP Time: [2023-10-09 21:49:43.187736]: Using the local timmer to pretend to be NTP time. Data recorded
Local Time: 2023-10-09 20:49:43 [INFO] NTP Time: [2023-10-09 21:49:43.298560]: Using the local timmer to pretend to be NTP time. Data recorded
Local Time: 2023-10-09 20:49:43 [INFO] NTP Time: [2023-10-09 21:49:43.441616]: Using the local timmer to pretend to be NTP time. Data recorded
Local Time: 2023-10-09 20:49:43 [INFO] NTP Time: [2023-10-09 21:49:43.555708]: Using the local timmer to pretend to be NTP time. Data recorded
Local Time: 2023-10-09 20:49:43 [INFO] NTP Time: [2023-10-09 21:49:43.664747]: Using the local timmer to pretend to be NTP time. Data recorded
Local Time: 2023-10-09 20:49:43 [INFO] NTP Time: [2023-10-09 21:49:43.774473]: Using the local timmer to pretend to be NTP time. Data recorded
Local Time: 2023-10-09 20:49:43 [INFO] NTP Time: [2023-10-09 21:49:43.884797]: Using the local timmer to pretend to be NTP time. Data recorded
Local Time: 2023-10-09 20:49:43 [INFO] NTP Time: [2023-10-09 21:49:43.995252]: Using the local timmer to pretend to be NTP time. Data recorded
Local Time: 2023-10-09 20:49:44 [INFO] NTP Time: [2023-10-09 21:49:44.106168]: Using the local timmer to pretend to be NTP time. Data recorded
Local Time: 2023-10-09 20:49:44 [INFO] NTP Time: [2023-10-09 21:49:44.237416]: Using the local timmer to pretend to be NTP time. Data recorded
Local Time: 2023-10-09 20:49:44 [INFO] NTP Time: [2023-10-09 21:49:44.356688]: Using the local timmer to pretend to be NTP time. Data recorded
Local Time: 2023-10-09 20:49:44 [INFO] NTP Time: [2023-10-09 21:49:44.466138]: Using the local timmer to pretend to be NTP time. Data recorded
Local Time: 2023-10-09 20:49:44 [INFO] NTP Time: [2023-10-09 21:49:44.576919]: Using the local timmer to pretend to be NTP time. Data recorded
Local Time: 2023-10-09 20:49:44 [INFO] NTP Time: [2023-10-09 21:49:44.782812]: Using the local timmer to pretend to be NTP time. Data recorded
Local Time: 2023-10-09 20:49:44 [INFO] NTP Time: [2023-10-09 21:49:44.965417]: Using the local timmer to pretend to be NTP time. Data recorded
Local Time: 2023-10-09 20:49:45 [INFO] NTP Time: [2023-10-09 21:49:45.178805]: Using the local timmer to pretend to be NTP time. Data recorded
Local Time: 2023-10-09 20:49:45 [INFO] NTP Time: [2023-10-09 21:49:45.289927]: Using the local timmer to pretend to be NTP time. Data recorded
Local Time: 2023-10-09 20:49:45 [INFO] NTP Time: [2023-10-09 21:49:45.399377]: Using the local timmer to pretend to be NTP time. Data recorded
Local Time: 2023-10-09 20:49:45 [INFO] NTP Time: [2023-10-09 21:49:45.509603]: Using the local timmer to pretend to be NTP time. Data recorded
Local Time: 2023-10-09 20:49:45 [INFO] NTP Time: [2023-10-09 21:49:45.665831]: Using the local timmer to pretend to be NTP time. Data recorded
Local Time: 2023-10-09 20:49:45 [INFO] NTP Time: [2023-10-09 21:49:45.815604]: Using the local timmer to pretend to be NTP time. Data recorded
Local Time: 2023-10-09 20:49:46 [INFO] NTP Time: [2023-10-09 21:49:46.056583]: Using the local timmer to pretend to be NTP time. Data recorded
Local Time: 2023-10-09 20:49:46 [INFO] NTP Time: [2023-10-09 21:49:46.171221]: Using the local timmer to pretend to be NTP time. Data recorded
Local Time: 2023-10-09 20:49:46 [INFO] NTP Time: [2023-10-09 21:49:46.281623]: Using the local timmer to pretend to be NTP time. Data recorded
Local Time: 2023-10-09 20:49:46 [INFO] NTP Time: [2023-10-09 21:49:46.391753]: Using the local timmer to pretend to be NTP time. Data recorded
Local Time: 2023-10-09 20:49:46 [INFO] NTP Time: [2023-10-09 21:49:46.502309]: Using the local timmer to pretend to be NTP time. Data recorded
Local Time: 2023-10-09 20:49:46 [INFO] NTP Time: [2023-10-09 21:49:46.612396]: Using the local timmer to pretend to be NTP time. Data recorded
Local Time: 2023-10-09 20:49:46 [INFO] NTP Time: [2023-10-09 21:49:46.724578]: Using the local timmer to pretend to be NTP time. Data recorded
Local Time: 2023-10-09 20:49:46 [INFO] NTP Time: [2023-10-09 21:49:46.835802]: Using the local timmer to pretend to be NTP time. Data recorded
Local Time: 2023-10-09 20:49:46 [INFO] NTP Time: [2023-10-09 21:49:46.946861]: Using the local timmer to pretend to be NTP time. Data recorded
Local Time: 2023-10-09 20:49:47 [INFO] NTP Time: [2023-10-09 21:49:47.073532]: Using the local timmer to pretend to be NTP time. Data recorded
Local Time: 2023-10-09 20:49:47 [INFO] NTP Time: [2023-10-09 21:49:47.186359]: Using the local timmer to pretend to be NTP time. Data recorded
Local Time: 2023-10-09 20:49:47 [INFO] NTP Time: [2023-10-09 21:49:47.338415]: Using the local timmer to pretend to be NTP time. Data recorded
Local Time: 2023-10-09 20:49:47 [INFO] NTP Time: [2023-10-09 21:49:47.450554]: Using the local timmer to pretend to be NTP time. Data recorded
Local Time: 2023-10-09 20:49:47 [INFO] NTP Time: [2023-10-09 21:49:47.578223]: Using the local timmer to pretend to be NTP time. Data recorded
Local Time: 2023-10-09 20:49:47 [INFO] NTP Time: [2023-10-09 21:49:47.695749]: Using the local timmer to pretend to be NTP time. Data recorded
Local Time: 2023-10-09 20:49:47 [INFO] NTP Time: [2023-10-09 21:49:47.831617]: Using the local timmer to pretend to be NTP time. Data recorded
Local Time: 2023-10-09 20:49:47 [INFO] NTP Time: [2023-10-09 21:49:47.946269]: Using the local timmer to pretend to be NTP time. Data recorded
Local Time: 2023-10-09 20:49:48 [INFO] NTP Time: [2023-10-09 21:49:48.091087]: Using the local timmer to pretend to be NTP time. Data recorded
Local Time: 2023-10-09 20:49:48 [INFO] NTP Time: [2023-10-09 21:49:48.203602]: Using the local timmer to pretend to be NTP time. Data recorded
Local Time: 2023-10-09 20:49:48 [INFO] NTP Time: [2023-10-09 21:49:48.347137]: Using the local timmer to pretend to be NTP time. Data recorded
Local Time: 2023-10-09 20:49:48 [INFO] NTP Time: [2023-10-09 21:49:48.460069]: Using the local timmer to pretend to be NTP time. Data recorded
Local Time: 2023-10-09 20:49:48 [INFO] NTP Time: [2023-10-09 21:49:48.594553]: Using the local timmer to pretend to be NTP time. Data recorded
Local Time: 2023-10-09 20:49:48 [INFO] NTP Time: [2023-10-09 21:49:48.714425]: Using the local timmer to pretend to be NTP time. Data recorded
Local Time: 2023-10-09 20:49:48 [INFO] NTP Time: [2023-10-09 21:49:48.853513]: Using the local timmer to pretend to be NTP time. Data recorded
Local Time: 2023-10-09 20:49:48 [INFO] NTP Time: [2023-10-09 21:49:48.966857]: Using the local timmer to pretend to be NTP time. Data recorded
Local Time: 2023-10-09 20:49:49 [INFO] NTP Time: [2023-10-09 21:49:49.106047]: Using the local timmer to pretend to be NTP time. Data recorded
Local Time: 2023-10-09 20:49:49 [INFO] NTP Time: [2023-10-09 21:49:49.221172]: Using the local timmer to pretend to be NTP time. Data recorded
Local Time: 2023-10-09 20:49:49 [INFO] NTP Time: [2023-10-09 21:49:49.377072]: Using the local timmer to pretend to be NTP time. Data recorded
Local Time: 2023-10-09 20:49:49 [INFO] NTP Time: [2023-10-09 21:49:49.492025]: Using the local timmer to pretend to be NTP time. Data recorded
Local Time: 2023-10-09 20:49:49 [INFO] NTP Time: [2023-10-09 21:49:49.628140]: Using the local timmer to pretend to be NTP time. Data recorded
Local Time: 2023-10-09 20:49:49 [INFO] NTP Time: [2023-10-09 21:49:49.764337]: Using the local timmer to pretend to be NTP time. Data recorded
Local Time: 2023-10-09 20:49:49 [INFO] NTP Time: [2023-10-09 21:49:49.878750]: Using the local timmer to pretend to be NTP time. Data recorded
Local Time: 2023-10-09 20:49:49 [INFO] NTP Time: [2023-10-09 21:49:49.992162]: Using the local timmer to pretend to be NTP time. Data recorded
Local Time: 2023-10-09 20:49:50 [INFO] NTP Time: [2023-10-09 21:49:50.139856]: Using the local timmer to pretend to be NTP time. Data recorded
Local Time: 2023-10-09 20:49:50 [INFO] NTP Time: [2023-10-09 21:49:50.259865]: Using the local timmer to pretend to be NTP time. Data recorded
Local Time: 2023-10-09 20:49:50 [INFO] NTP Time: [2023-10-09 21:49:50.374691]: Using the local timmer to pretend to be NTP time. Data recorded
Local Time: 2023-10-09 20:49:50 [INFO] NTP Time: [2023-10-09 21:49:50.508969]: Using the local timmer to pretend to be NTP time. Data recorded
Local Time: 2023-10-09 20:49:50 [INFO] NTP Time: [2023-10-09 21:49:50.622496]: Using the local timmer to pretend to be NTP time. Data recorded
Local Time: 2023-10-09 20:49:50 [INFO] NTP Time: [2023-10-09 21:49:50.757217]: Using the local timmer to pretend to be NTP time. Data recorded
Local Time: 2023-10-09 20:49:50 [INFO] NTP Time: [2023-10-09 21:49:50.868262]: Using the local timmer to pretend to be NTP time. Data recorded
Local Time: 2023-10-09 20:49:50 [INFO] NTP Time: [2023-10-09 21:49:50.997942]: Using the local timmer to pretend to be NTP time. Data recorded
Local Time: 2023-10-09 20:49:51 [INFO] NTP Time: [2023-10-09 21:49:51.136897]: Using the local timmer to pretend to be NTP time. Data recorded
Local Time: 2023-10-09 20:49:51 [INFO] NTP Time: [2023-10-09 21:49:51.273719]: Using the local timmer to pretend to be NTP time. Data recorded
Local Time: 2023-10-09 20:49:51 [INFO] NTP Time: [2023-10-09 21:49:51.395059]: Using the local timmer to pretend to be NTP time. Data recorded
Local Time: 2023-10-09 20:49:51 [INFO] NTP Time: [2023-10-09 21:49:51.506753]: Using the local timmer to pretend to be NTP time. Data recorded
Local Time: 2023-10-09 20:49:51 [INFO] NTP Time: [2023-10-09 21:49:51.619497]: Using the local timmer to pretend to be NTP time. Data recorded
Local Time: 2023-10-09 20:49:51 [INFO] NTP Time: [2023-10-09 21:49:51.765533]: Using the local timmer to pretend to be NTP time. Data recorded
Local Time: 2023-10-09 20:49:51 [INFO] NTP Time: [2023-10-09 21:49:51.879284]: Using the local timmer to pretend to be NTP time. Data recorded
Local Time: 2023-10-09 20:49:51 [INFO] NTP Time: [2023-10-09 21:49:51.991559]: Using the local timmer to pretend to be NTP time. Data recorded
Local Time: 2023-10-09 20:49:52 [INFO] NTP Time: [2023-10-09 21:49:52.104178]: Using the local timmer to pretend to be NTP time. Data recorded
Local Time: 2023-10-09 20:49:52 [INFO] NTP Time: [2023-10-09 21:49:52.250179]: Using the local timmer to pretend to be NTP time. Data recorded
Local Time: 2023-10-09 20:49:52 [INFO] NTP Time: [2023-10-09 21:49:52.366200]: Using the local timmer to pretend to be NTP time. Data recorded
Local Time: 2023-10-09 20:49:52 [INFO] NTP Time: [2023-10-09 21:49:52.478549]: Using the local timmer to pretend to be NTP time. Data recorded
Local Time: 2023-10-09 20:49:52 [INFO] NTP Time: [2023-10-09 21:49:52.593249]: Using the local timmer to pretend to be NTP time. Data recorded
Local Time: 2023-10-09 20:49:52 [INFO] NTP Time: [2023-10-09 21:49:52.737146]: Using the local timmer to pretend to be NTP time. Data recorded
Local Time: 2023-10-09 20:49:52 [INFO] NTP Time: [2023-10-09 21:49:52.874681]: Using the local timmer to pretend to be NTP time. Data recorded
Local Time: 2023-10-09 20:49:52 [INFO] NTP Time: [2023-10-09 21:49:52.986500]: Using the local timmer to pretend to be NTP time. Data recorded
Local Time: 2023-10-09 20:49:53 [INFO] NTP Time: [2023-10-09 21:49:53.100087]: Using the local timmer to pretend to be NTP time. Data recorded
Local Time: 2023-10-09 20:49:53 [INFO] NTP Time: [2023-10-09 21:49:53.210791]: Using the local timmer to pretend to be NTP time. Data recorded
Local Time: 2023-10-09 20:49:53 [INFO] NTP Time: [2023-10-09 21:49:53.342021]: Using the local timmer to pretend to be NTP time. Data recorded
Local Time: 2023-10-09 20:49:53 [INFO] NTP Time: [2023-10-09 21:49:53.466113]: Using the local timmer to pretend to be NTP time. Data recorded
Local Time: 2023-10-09 20:49:53 [INFO] NTP Time: [2023-10-09 21:49:53.603834]: Using the local timmer to pretend to be NTP time. Data recorded
Local Time: 2023-10-09 20:49:53 [INFO] NTP Time: [2023-10-09 21:49:53.718669]: Using the local timmer to pretend to be NTP time. Data recorded
Local Time: 2023-10-09 20:49:53 [INFO] NTP Time: [2023-10-09 21:49:53.831494]: Using the local timmer to pretend to be NTP time. Data recorded
Local Time: 2023-10-09 20:49:53 [INFO] NTP Time: [2023-10-09 21:49:53.969207]: Using the local timmer to pretend to be NTP time. Data recorded
Local Time: 2023-10-09 20:49:54 [INFO] NTP Time: [2023-10-09 21:49:54.122242]: Using the local timmer to pretend to be NTP time. Data recorded
Local Time: 2023-10-09 20:49:54 [INFO] NTP Time: [2023-10-09 21:49:54.239837]: Using the local timmer to pretend to be NTP time. Data recorded
Local Time: 2023-10-09 20:49:54 [INFO] NTP Time: [2023-10-09 21:49:54.351376]: Using the local timmer to pretend to be NTP time. Data recorded
Local Time: 2023-10-09 20:49:54 [INFO] NTP Time: [2023-10-09 21:49:54.464154]: Using the local timmer to pretend to be NTP time. Data recorded
Local Time: 2023-10-09 20:49:54 [INFO] NTP Time: [2023-10-09 21:49:54.576363]: Using the local timmer to pretend to be NTP time. Data recorded
Local Time: 2023-10-09 20:49:54 [INFO] NTP Time: [2023-10-09 21:49:54.717243]: Using the local timmer to pretend to be NTP time. Data recorded
Local Time: 2023-10-09 20:49:54 [INFO] NTP Time: [2023-10-09 21:49:54.829553]: Using the local timmer to pretend to be NTP time. Data recorded
Local Time: 2023-10-09 20:49:54 [INFO] NTP Time: [2023-10-09 21:49:54.954969]: Using the local timmer to pretend to be NTP time. Data recorded
Local Time: 2023-10-09 20:49:55 [INFO] NTP Time: [2023-10-09 21:49:55.118721]: Using the local timmer to pretend to be NTP time. Data recorded
Local Time: 2023-10-09 20:49:55 [INFO] NTP Time: [2023-10-09 21:49:55.235459]: Using the local timmer to pretend to be NTP time. Data recorded
Local Time: 2023-10-09 20:49:55 [INFO] NTP Time: [2023-10-09 21:49:55.370801]: Using the local timmer to pretend to be NTP time. Data recorded
Local Time: 2023-10-09 20:49:55 [INFO] NTP Time: [2023-10-09 21:49:55.497172]: Using the local timmer to pretend to be NTP time. Data recorded
Local Time: 2023-10-09 20:49:55 [INFO] NTP Time: [2023-10-09 21:49:55.616445]: Using the local timmer to pretend to be NTP time. Data recorded
Local Time: 2023-10-09 20:49:55 [INFO] NTP Time: [2023-10-09 21:49:55.755247]: Using the local timmer to pretend to be NTP time. Data recorded
Local Time: 2023-10-09 20:49:55 [INFO] NTP Time: [2023-10-09 21:49:55.880413]: Using the local timmer to pretend to be NTP time. Data recorded
Local Time: 2023-10-09 20:49:56 [INFO] NTP Time: [2023-10-09 21:49:56.054302]: Using the local timmer to pretend to be NTP time. Data recorded
Local Time: 2023-10-09 20:49:56 [INFO] NTP Time: [2023-10-09 21:49:56.194190]: Using the local timmer to pretend to be NTP time. Data recorded
Local Time: 2023-10-09 20:49:56 [INFO] NTP Time: [2023-10-09 21:49:56.308808]: Using the local timmer to pretend to be NTP time. Data recorded
Local Time: 2023-10-09 20:49:56 [INFO] NTP Time: [2023-10-09 21:49:56.451170]: Using the local timmer to pretend to be NTP time. Data recorded
Local Time: 2023-10-09 20:49:56 [INFO] NTP Time: [2023-10-09 21:49:56.570158]: Using the local timmer to pretend to be NTP time. Data recorded
Local Time: 2023-10-09 20:49:56 [INFO] NTP Time: [2023-10-09 21:49:56.580639]: Using the local timmer to pretend to be NTP time. Data recorded
Local Time: 2023-10-09 20:49:56 [INFO] NTP Time: [2023-10-09 21:49:56.694026]: Using the local timmer to pretend to be NTP time. Data recorded
Local Time: 2023-10-09 20:49:56 [INFO] NTP Time: [2023-10-09 21:49:56.811439]: Using the local timmer to pretend to be NTP time. Data recorded
Local Time: 2023-10-09 20:49:56 [INFO] NTP Time: [2023-10-09 21:49:56.943811]: Using the local timmer to pretend to be NTP time. Data recorded
Local Time: 2023-10-09 20:49:57 [INFO] NTP Time: [2023-10-09 21:49:57.056468]: Using the local timmer to pretend to be NTP time. Data recorded
Local Time: 2023-10-09 20:49:57 [INFO] NTP Time: [2023-10-09 21:49:57.205267]: Using the local timmer to pretend to be NTP time. Data recorded
Local Time: 2023-10-09 20:49:57 [INFO] NTP Time: [2023-10-09 21:49:57.326180]: Using the local timmer to pretend to be NTP time. Data recorded
Local Time: 2023-10-09 20:49:57 [INFO] NTP Time: [2023-10-09 21:49:57.462839]: Using the local timmer to pretend to be NTP time. Data recorded
Local Time: 2023-10-09 20:49:57 [INFO] NTP Time: [2023-10-09 21:49:57.597561]: Using the local timmer to pretend to be NTP time. Data recorded
Local Time: 2023-10-09 20:49:57 [INFO] NTP Time: [2023-10-09 21:49:57.732742]: Using the local timmer to pretend to be NTP time. Data recorded
Local Time: 2023-10-09 20:49:57 [INFO] NTP Time: [2023-10-09 21:49:57.850254]: Using the local timmer to pretend to be NTP time. Data recorded
Local Time: 2023-10-09 20:49:57 [INFO] NTP Time: [2023-10-09 21:49:57.967140]: Using the local timmer to pretend to be NTP time. Data recorded
Local Time: 2023-10-09 20:49:58 [INFO] NTP Time: [2023-10-09 21:49:58.130911]: Using the local timmer to pretend to be NTP time. Data recorded
Local Time: 2023-10-09 20:49:58 [INFO] NTP Time: [2023-10-09 21:49:58.249399]: Using the local timmer to pretend to be NTP time. Data recorded
Local Time: 2023-10-09 20:49:58 [INFO] NTP Time: [2023-10-09 21:49:58.389407]: Using the local timmer to pretend to be NTP time. Data recorded
Local Time: 2023-10-09 20:49:58 [INFO] NTP Time: [2023-10-09 21:49:58.503756]: Using the local timmer to pretend to be NTP time. Data recorded
Local Time: 2023-10-09 20:49:58 [INFO] NTP Time: [2023-10-09 21:49:58.616018]: Using the local timmer to pretend to be NTP time. Data recorded
Local Time: 2023-10-09 20:49:58 [INFO] NTP Time: [2023-10-09 21:49:58.732674]: Using the local timmer to pretend to be NTP time. Data recorded
Local Time: 2023-10-09 20:49:58 [INFO] NTP Time: [2023-10-09 21:49:58.890221]: Using the local timmer to pretend to be NTP time. Data recorded
Local Time: 2023-10-09 20:49:59 [INFO] NTP Time: [2023-10-09 21:49:59.006554]: Using the local timmer to pretend to be NTP time. Data recorded
Local Time: 2023-10-09 20:49:59 [INFO] NTP Time: [2023-10-09 21:49:59.119711]: Using the local timmer to pretend to be NTP time. Data recorded
Local Time: 2023-10-09 20:49:59 [INFO] NTP Time: [2023-10-09 21:49:59.232527]: Using the local timmer to pretend to be NTP time. Data recorded
Local Time: 2023-10-09 20:49:59 [INFO] NTP Time: [2023-10-09 21:49:59.346853]: Using the local timmer to pretend to be NTP time. Data recorded
Local Time: 2023-10-09 20:49:59 [INFO] NTP Time: [2023-10-09 21:49:59.464824]: Using the local timmer to pretend to be NTP time. Data recorded
Local Time: 2023-10-09 20:49:59 [INFO] NTP Time: [2023-10-09 21:49:59.583129]: Using the local timmer to pretend to be NTP time. Data recorded
Local Time: 2023-10-09 20:49:59 [INFO] NTP Time: [2023-10-09 21:49:59.696689]: Using the local timmer to pretend to be NTP time. Data recorded
Local Time: 2023-10-09 20:49:59 [INFO] NTP Time: [2023-10-09 21:49:59.840194]: Using the local timmer to pretend to be NTP time. Data recorded
Local Time: 2023-10-09 20:49:59 [INFO] NTP Time: [2023-10-09 21:49:59.955274]: Using the local timmer to pretend to be NTP time. Data recorded
Local Time: 2023-10-09 20:50:00 [INFO] NTP Time: [2023-10-09 21:50:00.100440]: Using the local timmer to pretend to be NTP time. Data recorded
Local Time: 2023-10-09 20:50:00 [INFO] NTP Time: [2023-10-09 21:50:00.218176]: Using the local timmer to pretend to be NTP time. Data recorded
Local Time: 2023-10-09 20:50:00 [INFO] NTP Time: [2023-10-09 21:50:00.330995]: Using the local timmer to pretend to be NTP time. Data recorded
Local Time: 2023-10-09 20:50:00 [INFO] NTP Time: [2023-10-09 21:50:00.494549]: Using the local timmer to pretend to be NTP time. Data recorded
Local Time: 2023-10-09 20:50:00 [INFO] NTP Time: [2023-10-09 21:50:00.611362]: Using the local timmer to pretend to be NTP time. Data recorded
Local Time: 2023-10-09 20:50:00 [INFO] NTP Time: [2023-10-09 21:50:00.723303]: Using the local timmer to pretend to be NTP time. Data recorded
Local Time: 2023-10-09 20:50:00 [INFO] NTP Time: [2023-10-09 21:50:00.836575]: Using the local timmer to pretend to be NTP time. Data recorded
Local Time: 2023-10-09 20:50:00 [INFO] NTP Time: [2023-10-09 21:50:00.978808]: Using the local timmer to pretend to be NTP time. Data recorded
Local Time: 2023-10-09 20:50:01 [INFO] NTP Time: [2023-10-09 21:50:01.103621]: Using the local timmer to pretend to be NTP time. Data recorded
Local Time: 2023-10-09 20:50:01 [INFO] NTP Time: [2023-10-09 21:50:01.217087]: Using the local timmer to pretend to be NTP time. Data recorded
Local Time: 2023-10-09 20:50:01 [INFO] NTP Time: [2023-10-09 21:50:01.334491]: Using the local timmer to pretend to be NTP time. Data recorded
Local Time: 2023-10-09 20:50:01 [INFO] NTP Time: [2023-10-09 21:50:01.342979]: End recording by a terminate action.
