Local Time: 2023-10-09 21:40:53 [INFO] NTP Time: [2023-10-09 22:40:53.189478]: Loaded configuration: {'participant': {'id': 'P001', 'age': '25', 'gender': 'M', 'ethnicity': 'Caucasian', 'height': '165', 'weight': '65'}, 'experiment': {'date': '2022-01-01', 'time': '14:00:00', 'condition': 'HW101M', 'group': 'A', 'illumination_level': 'low'}, 'task_info': {'task_name': 'Task1', 'trial_number': '5'}, 'notes': {'comments': 'Participant seemed tired during the session.'}, 'label_info': {'activity': 'sit'}}
Local Time: 2023-10-09 21:40:53 [INFO] NTP Time: [2023-10-09 22:40:53.189581]: Loaded mmwave configuration: {'setting1': 'value1', 'setting2': 'value2', 'Data storage location': 'AWR1843-Read-Data-Python-MMWAVE-SDK-3--master/data', 'mmwave_Datatype': 'dictionary'}
Local Time: 2023-10-09 21:40:54 [INFO] NTP Time: [2023-10-09 22:40:54.090598]: Using NTP time as the start timmer.
Local Time: 2023-10-09 21:40:54 [INFO] NTP Time: [2023-10-09 22:40:54.196404]: Using the local timmer to pretend to be NTP time. Data recorded
Local Time: 2023-10-09 21:40:54 [INFO] NTP Time: [2023-10-09 22:40:54.302474]: Using the local timmer to pretend to be NTP time. Data recorded
Local Time: 2023-10-09 21:40:54 [INFO] NTP Time: [2023-10-09 22:40:54.427499]: Using the local timmer to pretend to be NTP time. Data recorded
Local Time: 2023-10-09 21:40:54 [INFO] NTP Time: [2023-10-09 22:40:54.536119]: Using the local timmer to pretend to be NTP time. Data recorded
Local Time: 2023-10-09 21:40:54 [INFO] NTP Time: [2023-10-09 22:40:54.642423]: Using the local timmer to pretend to be NTP time. Data recorded
Local Time: 2023-10-09 21:40:54 [INFO] NTP Time: [2023-10-09 22:40:54.777124]: Using the local timmer to pretend to be NTP time. Data recorded
Local Time: 2023-10-09 21:40:54 [INFO] NTP Time: [2023-10-09 22:40:54.883383]: Using the local timmer to pretend to be NTP time. Data recorded
Local Time: 2023-10-09 21:40:55 [INFO] NTP Time: [2023-10-09 22:40:55.023911]: Using the local timmer to pretend to be NTP time. Data recorded
Local Time: 2023-10-09 21:40:55 [INFO] NTP Time: [2023-10-09 22:40:55.132076]: Using the local timmer to pretend to be NTP time. Data recorded
Local Time: 2023-10-09 21:40:55 [INFO] NTP Time: [2023-10-09 22:40:55.237866]: Using the local timmer to pretend to be NTP time. Data recorded
Local Time: 2023-10-09 21:40:55 [INFO] NTP Time: [2023-10-09 22:40:55.345159]: Using the local timmer to pretend to be NTP time. Data recorded
Local Time: 2023-10-09 21:40:55 [INFO] NTP Time: [2023-10-09 22:40:55.466443]: Using the local timmer to pretend to be NTP time. Data recorded
Local Time: 2023-10-09 21:40:55 [INFO] NTP Time: [2023-10-09 22:40:55.573566]: Using the local timmer to pretend to be NTP time. Data recorded
Local Time: 2023-10-09 21:40:55 [INFO] NTP Time: [2023-10-09 22:40:55.679716]: Using the local timmer to pretend to be NTP time. Data recorded
Local Time: 2023-10-09 21:40:55 [INFO] NTP Time: [2023-10-09 22:40:55.785690]: Using the local timmer to pretend to be NTP time. Data recorded
Local Time: 2023-10-09 21:40:55 [INFO] NTP Time: [2023-10-09 22:40:55.917432]: Using the local timmer to pretend to be NTP time. Data recorded
Local Time: 2023-10-09 21:40:56 [INFO] NTP Time: [2023-10-09 22:40:56.023812]: Using the local timmer to pretend to be NTP time. Data recorded
Local Time: 2023-10-09 21:40:56 [INFO] NTP Time: [2023-10-09 22:40:56.143279]: Using the local timmer to pretend to be NTP time. Data recorded
Local Time: 2023-10-09 21:40:56 [INFO] NTP Time: [2023-10-09 22:40:56.250561]: Using the local timmer to pretend to be NTP time. Data recorded
Local Time: 2023-10-09 21:40:56 [INFO] NTP Time: [2023-10-09 22:40:56.357112]: Using the local timmer to pretend to be NTP time. Data recorded
Local Time: 2023-10-09 21:40:56 [INFO] NTP Time: [2023-10-09 22:40:56.494908]: Using the local timmer to pretend to be NTP time. Data recorded
Local Time: 2023-10-09 21:40:56 [INFO] NTP Time: [2023-10-09 22:40:56.608340]: Using the local timmer to pretend to be NTP time. Data recorded
Local Time: 2023-10-09 21:40:56 [INFO] NTP Time: [2023-10-09 22:40:56.716135]: Using the local timmer to pretend to be NTP time. Data recorded
Local Time: 2023-10-09 21:40:56 [INFO] NTP Time: [2023-10-09 22:40:56.824704]: Using the local timmer to pretend to be NTP time. Data recorded
Local Time: 2023-10-09 21:40:56 [INFO] NTP Time: [2023-10-09 22:40:56.942599]: Using the local timmer to pretend to be NTP time. Data recorded
Local Time: 2023-10-09 21:40:57 [INFO] NTP Time: [2023-10-09 22:40:57.050041]: Using the local timmer to pretend to be NTP time. Data recorded
Local Time: 2023-10-09 21:40:57 [INFO] NTP Time: [2023-10-09 22:40:57.156410]: Using the local timmer to pretend to be NTP time. Data recorded
Local Time: 2023-10-09 21:40:57 [INFO] NTP Time: [2023-10-09 22:40:57.263452]: Using the local timmer to pretend to be NTP time. Data recorded
Local Time: 2023-10-09 21:40:57 [INFO] NTP Time: [2023-10-09 22:40:57.374715]: Using the local timmer to pretend to be NTP time. Data recorded
Local Time: 2023-10-09 21:40:57 [INFO] NTP Time: [2023-10-09 22:40:57.510971]: Using the local timmer to pretend to be NTP time. Data recorded
Local Time: 2023-10-09 21:40:57 [INFO] NTP Time: [2023-10-09 22:40:57.619692]: Using the local timmer to pretend to be NTP time. Data recorded
Local Time: 2023-10-09 21:40:57 [INFO] NTP Time: [2023-10-09 22:40:57.726747]: Using the local timmer to pretend to be NTP time. Data recorded
Local Time: 2023-10-09 21:40:57 [INFO] NTP Time: [2023-10-09 22:40:57.834316]: Using the local timmer to pretend to be NTP time. Data recorded
Local Time: 2023-10-09 21:40:57 [INFO] NTP Time: [2023-10-09 22:40:57.965933]: Using the local timmer to pretend to be NTP time. Data recorded
Local Time: 2023-10-09 21:40:58 [INFO] NTP Time: [2023-10-09 22:40:58.077260]: Using the local timmer to pretend to be NTP time. Data recorded
Local Time: 2023-10-09 21:40:58 [INFO] NTP Time: [2023-10-09 22:40:58.184796]: Using the local timmer to pretend to be NTP time. Data recorded
Local Time: 2023-10-09 21:40:58 [INFO] NTP Time: [2023-10-09 22:40:58.296414]: Using the local timmer to pretend to be NTP time. Data recorded
Local Time: 2023-10-09 21:40:58 [INFO] NTP Time: [2023-10-09 22:40:58.408034]: Using the local timmer to pretend to be NTP time. Data recorded
Local Time: 2023-10-09 21:40:58 [INFO] NTP Time: [2023-10-09 22:40:58.551151]: Using the local timmer to pretend to be NTP time. Data recorded
Local Time: 2023-10-09 21:40:58 [INFO] NTP Time: [2023-10-09 22:40:58.660341]: Using the local timmer to pretend to be NTP time. Data recorded
Local Time: 2023-10-09 21:40:58 [INFO] NTP Time: [2023-10-09 22:40:58.768522]: Using the local timmer to pretend to be NTP time. Data recorded
Local Time: 2023-10-09 21:40:58 [INFO] NTP Time: [2023-10-09 22:40:58.876967]: Using the local timmer to pretend to be NTP time. Data recorded
Local Time: 2023-10-09 21:40:58 [INFO] NTP Time: [2023-10-09 22:40:58.985840]: Using the local timmer to pretend to be NTP time. Data recorded
Local Time: 2023-10-09 21:40:59 [INFO] NTP Time: [2023-10-09 22:40:59.108535]: Using the local timmer to pretend to be NTP time. Data recorded
Local Time: 2023-10-09 21:40:59 [INFO] NTP Time: [2023-10-09 22:40:59.216541]: Using the local timmer to pretend to be NTP time. Data recorded
Local Time: 2023-10-09 21:40:59 [INFO] NTP Time: [2023-10-09 22:40:59.324442]: Using the local timmer to pretend to be NTP time. Data recorded
Local Time: 2023-10-09 21:40:59 [INFO] NTP Time: [2023-10-09 22:40:59.436573]: Using the local timmer to pretend to be NTP time. Data recorded
Local Time: 2023-10-09 21:40:59 [INFO] NTP Time: [2023-10-09 22:40:59.574665]: Using the local timmer to pretend to be NTP time. Data recorded
Local Time: 2023-10-09 21:40:59 [INFO] NTP Time: [2023-10-09 22:40:59.684339]: Using the local timmer to pretend to be NTP time. Data recorded
Local Time: 2023-10-09 21:40:59 [INFO] NTP Time: [2023-10-09 22:40:59.791653]: Using the local timmer to pretend to be NTP time. Data recorded
Local Time: 2023-10-09 21:40:59 [INFO] NTP Time: [2023-10-09 22:40:59.902011]: Using the local timmer to pretend to be NTP time. Data recorded
Local Time: 2023-10-09 21:41:00 [INFO] NTP Time: [2023-10-09 22:41:00.010483]: Using the local timmer to pretend to be NTP time. Data recorded
Local Time: 2023-10-09 21:41:00 [INFO] NTP Time: [2023-10-09 22:41:00.140476]: Using the local timmer to pretend to be NTP time. Data recorded
Local Time: 2023-10-09 21:41:00 [INFO] NTP Time: [2023-10-09 22:41:00.251035]: Using the local timmer to pretend to be NTP time. Data recorded
Local Time: 2023-10-09 21:41:00 [INFO] NTP Time: [2023-10-09 22:41:00.358436]: Using the local timmer to pretend to be NTP time. Data recorded
Local Time: 2023-10-09 21:41:00 [INFO] NTP Time: [2023-10-09 22:41:00.469459]: Using the local timmer to pretend to be NTP time. Data recorded
Local Time: 2023-10-09 21:41:00 [INFO] NTP Time: [2023-10-09 22:41:00.578458]: Using the local timmer to pretend to be NTP time. Data recorded
Local Time: 2023-10-09 21:41:00 [INFO] NTP Time: [2023-10-09 22:41:00.695474]: Using the local timmer to pretend to be NTP time. Data recorded
Local Time: 2023-10-09 21:41:00 [INFO] NTP Time: [2023-10-09 22:41:00.806688]: Using the local timmer to pretend to be NTP time. Data recorded
Local Time: 2023-10-09 21:41:00 [INFO] NTP Time: [2023-10-09 22:41:00.918093]: Using the local timmer to pretend to be NTP time. Data recorded
Local Time: 2023-10-09 21:41:01 [INFO] NTP Time: [2023-10-09 22:41:01.025146]: Using the local timmer to pretend to be NTP time. Data recorded
Local Time: 2023-10-09 21:41:01 [INFO] NTP Time: [2023-10-09 22:41:01.134964]: Using the local timmer to pretend to be NTP time. Data recorded
Local Time: 2023-10-09 21:41:01 [INFO] NTP Time: [2023-10-09 22:41:01.242885]: Using the local timmer to pretend to be NTP time. Data recorded
Local Time: 2023-10-09 21:41:01 [INFO] NTP Time: [2023-10-09 22:41:01.352081]: Using the local timmer to pretend to be NTP time. Data recorded
Local Time: 2023-10-09 21:41:01 [INFO] NTP Time: [2023-10-09 22:41:01.461241]: Using the local timmer to pretend to be NTP time. Data recorded
Local Time: 2023-10-09 21:41:01 [INFO] NTP Time: [2023-10-09 22:41:01.594210]: Using the local timmer to pretend to be NTP time. Data recorded
Local Time: 2023-10-09 21:41:01 [INFO] NTP Time: [2023-10-09 22:41:01.702809]: Using the local timmer to pretend to be NTP time. Data recorded
Local Time: 2023-10-09 21:41:01 [INFO] NTP Time: [2023-10-09 22:41:01.811898]: Using the local timmer to pretend to be NTP time. Data recorded
Local Time: 2023-10-09 21:41:01 [INFO] NTP Time: [2023-10-09 22:41:01.935678]: Using the local timmer to pretend to be NTP time. Data recorded
Local Time: 2023-10-09 21:41:02 [INFO] NTP Time: [2023-10-09 22:41:02.055249]: Using the local timmer to pretend to be NTP time. Data recorded
Local Time: 2023-10-09 21:41:02 [INFO] NTP Time: [2023-10-09 22:41:02.162508]: Using the local timmer to pretend to be NTP time. Data recorded
Local Time: 2023-10-09 21:41:02 [INFO] NTP Time: [2023-10-09 22:41:02.275782]: Using the local timmer to pretend to be NTP time. Data recorded
Local Time: 2023-10-09 21:41:02 [INFO] NTP Time: [2023-10-09 22:41:02.384409]: Using the local timmer to pretend to be NTP time. Data recorded
Local Time: 2023-10-09 21:41:02 [INFO] NTP Time: [2023-10-09 22:41:02.515666]: Using the local timmer to pretend to be NTP time. Data recorded
Local Time: 2023-10-09 21:41:02 [INFO] NTP Time: [2023-10-09 22:41:02.624387]: Using the local timmer to pretend to be NTP time. Data recorded
Local Time: 2023-10-09 21:41:02 [INFO] NTP Time: [2023-10-09 22:41:02.735540]: Using the local timmer to pretend to be NTP time. Data recorded
Local Time: 2023-10-09 21:41:02 [INFO] NTP Time: [2023-10-09 22:41:02.847758]: Using the local timmer to pretend to be NTP time. Data recorded
Local Time: 2023-10-09 21:41:02 [INFO] NTP Time: [2023-10-09 22:41:02.957667]: Using the local timmer to pretend to be NTP time. Data recorded
Local Time: 2023-10-09 21:41:03 [INFO] NTP Time: [2023-10-09 22:41:03.092054]: Using the local timmer to pretend to be NTP time. Data recorded
Local Time: 2023-10-09 21:41:03 [INFO] NTP Time: [2023-10-09 22:41:03.201407]: Using the local timmer to pretend to be NTP time. Data recorded
Local Time: 2023-10-09 21:41:03 [INFO] NTP Time: [2023-10-09 22:41:03.313116]: Using the local timmer to pretend to be NTP time. Data recorded
Local Time: 2023-10-09 21:41:03 [INFO] NTP Time: [2023-10-09 22:41:03.421186]: Using the local timmer to pretend to be NTP time. Data recorded
Local Time: 2023-10-09 21:41:03 [INFO] NTP Time: [2023-10-09 22:41:03.531102]: Using the local timmer to pretend to be NTP time. Data recorded
Local Time: 2023-10-09 21:41:03 [INFO] NTP Time: [2023-10-09 22:41:03.644328]: Using the local timmer to pretend to be NTP time. Data recorded
Local Time: 2023-10-09 21:41:03 [INFO] NTP Time: [2023-10-09 22:41:03.755267]: Using the local timmer to pretend to be NTP time. Data recorded
Local Time: 2023-10-09 21:41:03 [INFO] NTP Time: [2023-10-09 22:41:03.871248]: Using the local timmer to pretend to be NTP time. Data recorded
Local Time: 2023-10-09 21:41:03 [INFO] NTP Time: [2023-10-09 22:41:03.984248]: Using the local timmer to pretend to be NTP time. Data recorded
Local Time: 2023-10-09 21:41:04 [INFO] NTP Time: [2023-10-09 22:41:04.094254]: Using the local timmer to pretend to be NTP time. Data recorded
Local Time: 2023-10-09 21:41:04 [INFO] NTP Time: [2023-10-09 22:41:04.213302]: Using the local timmer to pretend to be NTP time. Data recorded
Local Time: 2023-10-09 21:41:04 [INFO] NTP Time: [2023-10-09 22:41:04.327370]: Using the local timmer to pretend to be NTP time. Data recorded
Local Time: 2023-10-09 21:41:04 [INFO] NTP Time: [2023-10-09 22:41:04.444892]: Using the local timmer to pretend to be NTP time. Data recorded
Local Time: 2023-10-09 21:41:04 [INFO] NTP Time: [2023-10-09 22:41:04.558308]: Using the local timmer to pretend to be NTP time. Data recorded
Local Time: 2023-10-09 21:41:04 [INFO] NTP Time: [2023-10-09 22:41:04.672400]: Using the local timmer to pretend to be NTP time. Data recorded
Local Time: 2023-10-09 21:41:04 [INFO] NTP Time: [2023-10-09 22:41:04.783473]: Using the local timmer to pretend to be NTP time. Data recorded
Local Time: 2023-10-09 21:41:04 [INFO] NTP Time: [2023-10-09 22:41:04.892976]: Using the local timmer to pretend to be NTP time. Data recorded
Local Time: 2023-10-09 21:41:05 [INFO] NTP Time: [2023-10-09 22:41:05.006836]: Using the local timmer to pretend to be NTP time. Data recorded
Local Time: 2023-10-09 21:41:05 [INFO] NTP Time: [2023-10-09 22:41:05.116813]: Using the local timmer to pretend to be NTP time. Data recorded
Local Time: 2023-10-09 21:41:05 [INFO] NTP Time: [2023-10-09 22:41:05.226430]: Using the local timmer to pretend to be NTP time. Data recorded
Local Time: 2023-10-09 21:41:05 [INFO] NTP Time: [2023-10-09 22:41:05.388718]: Using the local timmer to pretend to be NTP time. Data recorded
Local Time: 2023-10-09 21:41:05 [INFO] NTP Time: [2023-10-09 22:41:05.500670]: Using the local timmer to pretend to be NTP time. Data recorded
Local Time: 2023-10-09 21:41:05 [INFO] NTP Time: [2023-10-09 22:41:05.614746]: Using the local timmer to pretend to be NTP time. Data recorded
Local Time: 2023-10-09 21:41:05 [INFO] NTP Time: [2023-10-09 22:41:05.724592]: Using the local timmer to pretend to be NTP time. Data recorded
Local Time: 2023-10-09 21:41:05 [INFO] NTP Time: [2023-10-09 22:41:05.840613]: Using the local timmer to pretend to be NTP time. Data recorded
Local Time: 2023-10-09 21:41:05 [INFO] NTP Time: [2023-10-09 22:41:05.951780]: Using the local timmer to pretend to be NTP time. Data recorded
Local Time: 2023-10-09 21:41:06 [INFO] NTP Time: [2023-10-09 22:41:06.060568]: Using the local timmer to pretend to be NTP time. Data recorded
Local Time: 2023-10-09 21:41:06 [INFO] NTP Time: [2023-10-09 22:41:06.174553]: Using the local timmer to pretend to be NTP time. Data recorded
Local Time: 2023-10-09 21:41:06 [INFO] NTP Time: [2023-10-09 22:41:06.283958]: Using the local timmer to pretend to be NTP time. Data recorded
Local Time: 2023-10-09 21:41:06 [INFO] NTP Time: [2023-10-09 22:41:06.393283]: Using the local timmer to pretend to be NTP time. Data recorded
Local Time: 2023-10-09 21:41:06 [INFO] NTP Time: [2023-10-09 22:41:06.506435]: Using the local timmer to pretend to be NTP time. Data recorded
Local Time: 2023-10-09 21:41:06 [INFO] NTP Time: [2023-10-09 22:41:06.618418]: Using the local timmer to pretend to be NTP time. Data recorded
Local Time: 2023-10-09 21:41:06 [INFO] NTP Time: [2023-10-09 22:41:06.727393]: Using the local timmer to pretend to be NTP time. Data recorded
Local Time: 2023-10-09 21:41:06 [INFO] NTP Time: [2023-10-09 22:41:06.844239]: Using the local timmer to pretend to be NTP time. Data recorded
Local Time: 2023-10-09 21:41:06 [INFO] NTP Time: [2023-10-09 22:41:06.953214]: Using the local timmer to pretend to be NTP time. Data recorded
Local Time: 2023-10-09 21:41:07 [INFO] NTP Time: [2023-10-09 22:41:07.068996]: Using the local timmer to pretend to be NTP time. Data recorded
Local Time: 2023-10-09 21:41:07 [INFO] NTP Time: [2023-10-09 22:41:07.180000]: Using the local timmer to pretend to be NTP time. Data recorded
Local Time: 2023-10-09 21:41:07 [INFO] NTP Time: [2023-10-09 22:41:07.289212]: Using the local timmer to pretend to be NTP time. Data recorded
Local Time: 2023-10-09 21:41:07 [INFO] NTP Time: [2023-10-09 22:41:07.403129]: Using the local timmer to pretend to be NTP time. Data recorded
Local Time: 2023-10-09 21:41:07 [INFO] NTP Time: [2023-10-09 22:41:07.513178]: Using the local timmer to pretend to be NTP time. Data recorded
Local Time: 2023-10-09 21:41:07 [INFO] NTP Time: [2023-10-09 22:41:07.623511]: Using the local timmer to pretend to be NTP time. Data recorded
Local Time: 2023-10-09 21:41:07 [INFO] NTP Time: [2023-10-09 22:41:07.738294]: Using the local timmer to pretend to be NTP time. Data recorded
Local Time: 2023-10-09 21:41:07 [INFO] NTP Time: [2023-10-09 22:41:07.848131]: Using the local timmer to pretend to be NTP time. Data recorded
Local Time: 2023-10-09 21:41:07 [INFO] NTP Time: [2023-10-09 22:41:07.958415]: Using the local timmer to pretend to be NTP time. Data recorded
Local Time: 2023-10-09 21:41:08 [INFO] NTP Time: [2023-10-09 22:41:08.073710]: Using the local timmer to pretend to be NTP time. Data recorded
Local Time: 2023-10-09 21:41:08 [INFO] NTP Time: [2023-10-09 22:41:08.185807]: Using the local timmer to pretend to be NTP time. Data recorded
Local Time: 2023-10-09 21:41:08 [INFO] NTP Time: [2023-10-09 22:41:08.295724]: Using the local timmer to pretend to be NTP time. Data recorded
Local Time: 2023-10-09 21:41:08 [INFO] NTP Time: [2023-10-09 22:41:08.410249]: Using the local timmer to pretend to be NTP time. Data recorded
Local Time: 2023-10-09 21:41:08 [INFO] NTP Time: [2023-10-09 22:41:08.520847]: Using the local timmer to pretend to be NTP time. Data recorded
Local Time: 2023-10-09 21:41:08 [INFO] NTP Time: [2023-10-09 22:41:08.634342]: Using the local timmer to pretend to be NTP time. Data recorded
Local Time: 2023-10-09 21:41:08 [INFO] NTP Time: [2023-10-09 22:41:08.746743]: Using the local timmer to pretend to be NTP time. Data recorded
Local Time: 2023-10-09 21:41:08 [INFO] NTP Time: [2023-10-09 22:41:08.858283]: Using the local timmer to pretend to be NTP time. Data recorded
Local Time: 2023-10-09 21:41:08 [INFO] NTP Time: [2023-10-09 22:41:08.978845]: Using the local timmer to pretend to be NTP time. Data recorded
Local Time: 2023-10-09 21:41:09 [INFO] NTP Time: [2023-10-09 22:41:09.088687]: Using the local timmer to pretend to be NTP time. Data recorded
Local Time: 2023-10-09 21:41:09 [INFO] NTP Time: [2023-10-09 22:41:09.202869]: Using the local timmer to pretend to be NTP time. Data recorded
Local Time: 2023-10-09 21:41:09 [INFO] NTP Time: [2023-10-09 22:41:09.318842]: Using the local timmer to pretend to be NTP time. Data recorded
Local Time: 2023-10-09 21:41:09 [INFO] NTP Time: [2023-10-09 22:41:09.428815]: Using the local timmer to pretend to be NTP time. Data recorded
Local Time: 2023-10-09 21:41:09 [INFO] NTP Time: [2023-10-09 22:41:09.543097]: Using the local timmer to pretend to be NTP time. Data recorded
Local Time: 2023-10-09 21:41:09 [INFO] NTP Time: [2023-10-09 22:41:09.653376]: Using the local timmer to pretend to be NTP time. Data recorded
Local Time: 2023-10-09 21:41:09 [INFO] NTP Time: [2023-10-09 22:41:09.766349]: Using the local timmer to pretend to be NTP time. Data recorded
Local Time: 2023-10-09 21:41:09 [INFO] NTP Time: [2023-10-09 22:41:09.881651]: Using the local timmer to pretend to be NTP time. Data recorded
Local Time: 2023-10-09 21:41:09 [INFO] NTP Time: [2023-10-09 22:41:09.993211]: Using the local timmer to pretend to be NTP time. Data recorded
Local Time: 2023-10-09 21:41:10 [INFO] NTP Time: [2023-10-09 22:41:10.108328]: Using the local timmer to pretend to be NTP time. Data recorded
Local Time: 2023-10-09 21:41:10 [INFO] NTP Time: [2023-10-09 22:41:10.221509]: Using the local timmer to pretend to be NTP time. Data recorded
Local Time: 2023-10-09 21:41:10 [INFO] NTP Time: [2023-10-09 22:41:10.337198]: Using the local timmer to pretend to be NTP time. Data recorded
Local Time: 2023-10-09 21:41:10 [INFO] NTP Time: [2023-10-09 22:41:10.450488]: Using the local timmer to pretend to be NTP time. Data recorded
Local Time: 2023-10-09 21:41:10 [INFO] NTP Time: [2023-10-09 22:41:10.561704]: Using the local timmer to pretend to be NTP time. Data recorded
Local Time: 2023-10-09 21:41:10 [INFO] NTP Time: [2023-10-09 22:41:10.678583]: Using the local timmer to pretend to be NTP time. Data recorded
Local Time: 2023-10-09 21:41:10 [INFO] NTP Time: [2023-10-09 22:41:10.788869]: Using the local timmer to pretend to be NTP time. Data recorded
Local Time: 2023-10-09 21:41:10 [INFO] NTP Time: [2023-10-09 22:41:10.901443]: Using the local timmer to pretend to be NTP time. Data recorded
Local Time: 2023-10-09 21:41:11 [INFO] NTP Time: [2023-10-09 22:41:11.014179]: Using the local timmer to pretend to be NTP time. Data recorded
Local Time: 2023-10-09 21:41:11 [INFO] NTP Time: [2023-10-09 22:41:11.130464]: Using the local timmer to pretend to be NTP time. Data recorded
Local Time: 2023-10-09 21:41:11 [INFO] NTP Time: [2023-10-09 22:41:11.245189]: Using the local timmer to pretend to be NTP time. Data recorded
Local Time: 2023-10-09 21:41:11 [INFO] NTP Time: [2023-10-09 22:41:11.356069]: Using the local timmer to pretend to be NTP time. Data recorded
Local Time: 2023-10-09 21:41:11 [INFO] NTP Time: [2023-10-09 22:41:11.474472]: Using the local timmer to pretend to be NTP time. Data recorded
Local Time: 2023-10-09 21:41:11 [INFO] NTP Time: [2023-10-09 22:41:11.587950]: Using the local timmer to pretend to be NTP time. Data recorded
Local Time: 2023-10-09 21:41:11 [INFO] NTP Time: [2023-10-09 22:41:11.703148]: Using the local timmer to pretend to be NTP time. Data recorded
Local Time: 2023-10-09 21:41:11 [INFO] NTP Time: [2023-10-09 22:41:11.818074]: Using the local timmer to pretend to be NTP time. Data recorded
Local Time: 2023-10-09 21:41:11 [INFO] NTP Time: [2023-10-09 22:41:11.929891]: Using the local timmer to pretend to be NTP time. Data recorded
Local Time: 2023-10-09 21:41:12 [INFO] NTP Time: [2023-10-09 22:41:12.044896]: Using the local timmer to pretend to be NTP time. Data recorded
Local Time: 2023-10-09 21:41:12 [INFO] NTP Time: [2023-10-09 22:41:12.161308]: Using the local timmer to pretend to be NTP time. Data recorded
Local Time: 2023-10-09 21:41:12 [INFO] NTP Time: [2023-10-09 22:41:12.279952]: Using the local timmer to pretend to be NTP time. Data recorded
Local Time: 2023-10-09 21:41:12 [INFO] NTP Time: [2023-10-09 22:41:12.390356]: Using the local timmer to pretend to be NTP time. Data recorded
Local Time: 2023-10-09 21:41:12 [INFO] NTP Time: [2023-10-09 22:41:12.505022]: Using the local timmer to pretend to be NTP time. Data recorded
Local Time: 2023-10-09 21:41:12 [INFO] NTP Time: [2023-10-09 22:41:12.616619]: Using the local timmer to pretend to be NTP time. Data recorded
Local Time: 2023-10-09 21:41:12 [INFO] NTP Time: [2023-10-09 22:41:12.727664]: Using the local timmer to pretend to be NTP time. Data recorded
Local Time: 2023-10-09 21:41:12 [INFO] NTP Time: [2023-10-09 22:41:12.844547]: Using the local timmer to pretend to be NTP time. Data recorded
Local Time: 2023-10-09 21:41:12 [INFO] NTP Time: [2023-10-09 22:41:12.956650]: Using the local timmer to pretend to be NTP time. Data recorded
Local Time: 2023-10-09 21:41:13 [INFO] NTP Time: [2023-10-09 22:41:13.073238]: Using the local timmer to pretend to be NTP time. Data recorded
Local Time: 2023-10-09 21:41:13 [INFO] NTP Time: [2023-10-09 22:41:13.189241]: Using the local timmer to pretend to be NTP time. Data recorded
Local Time: 2023-10-09 21:41:13 [INFO] NTP Time: [2023-10-09 22:41:13.308128]: Using the local timmer to pretend to be NTP time. Data recorded
Local Time: 2023-10-09 21:41:13 [INFO] NTP Time: [2023-10-09 22:41:13.424360]: Using the local timmer to pretend to be NTP time. Data recorded
Local Time: 2023-10-09 21:41:13 [INFO] NTP Time: [2023-10-09 22:41:13.536420]: Using the local timmer to pretend to be NTP time. Data recorded
Local Time: 2023-10-09 21:41:13 [INFO] NTP Time: [2023-10-09 22:41:13.652121]: Using the local timmer to pretend to be NTP time. Data recorded
Local Time: 2023-10-09 21:41:13 [INFO] NTP Time: [2023-10-09 22:41:13.768603]: Using the local timmer to pretend to be NTP time. Data recorded
Local Time: 2023-10-09 21:41:13 [INFO] NTP Time: [2023-10-09 22:41:13.884001]: Using the local timmer to pretend to be NTP time. Data recorded
Local Time: 2023-10-09 21:41:13 [INFO] NTP Time: [2023-10-09 22:41:13.996447]: Using the local timmer to pretend to be NTP time. Data recorded
Local Time: 2023-10-09 21:41:14 [INFO] NTP Time: [2023-10-09 22:41:14.111331]: Using the local timmer to pretend to be NTP time. Data recorded
Local Time: 2023-10-09 21:41:14 [INFO] NTP Time: [2023-10-09 22:41:14.225293]: Using the local timmer to pretend to be NTP time. Data recorded
Local Time: 2023-10-09 21:41:14 [INFO] NTP Time: [2023-10-09 22:41:14.341770]: Using the local timmer to pretend to be NTP time. Data recorded
Local Time: 2023-10-09 21:41:14 [INFO] NTP Time: [2023-10-09 22:41:14.455112]: Using the local timmer to pretend to be NTP time. Data recorded
Local Time: 2023-10-09 21:41:14 [INFO] NTP Time: [2023-10-09 22:41:14.568043]: Using the local timmer to pretend to be NTP time. Data recorded
Local Time: 2023-10-09 21:41:14 [INFO] NTP Time: [2023-10-09 22:41:14.680348]: Using the local timmer to pretend to be NTP time. Data recorded
Local Time: 2023-10-09 21:41:14 [INFO] NTP Time: [2023-10-09 22:41:14.794996]: Using the local timmer to pretend to be NTP time. Data recorded
Local Time: 2023-10-09 21:41:14 [INFO] NTP Time: [2023-10-09 22:41:14.909520]: Using the local timmer to pretend to be NTP time. Data recorded
Local Time: 2023-10-09 21:41:15 [INFO] NTP Time: [2023-10-09 22:41:15.021802]: Using the local timmer to pretend to be NTP time. Data recorded
Local Time: 2023-10-09 21:41:15 [INFO] NTP Time: [2023-10-09 22:41:15.133096]: Using the local timmer to pretend to be NTP time. Data recorded
Local Time: 2023-10-09 21:41:15 [INFO] NTP Time: [2023-10-09 22:41:15.247577]: Using the local timmer to pretend to be NTP time. Data recorded
Local Time: 2023-10-09 21:41:15 [INFO] NTP Time: [2023-10-09 22:41:15.377043]: Using the local timmer to pretend to be NTP time. Data recorded
Local Time: 2023-10-09 21:41:15 [INFO] NTP Time: [2023-10-09 22:41:15.505342]: Using the local timmer to pretend to be NTP time. Data recorded
Local Time: 2023-10-09 21:41:15 [INFO] NTP Time: [2023-10-09 22:41:15.621297]: Using the local timmer to pretend to be NTP time. Data recorded
Local Time: 2023-10-09 21:41:15 [INFO] NTP Time: [2023-10-09 22:41:15.739926]: Using the local timmer to pretend to be NTP time. Data recorded
Local Time: 2023-10-09 21:41:15 [INFO] NTP Time: [2023-10-09 22:41:15.854876]: Using the local timmer to pretend to be NTP time. Data recorded
Local Time: 2023-10-09 21:41:15 [INFO] NTP Time: [2023-10-09 22:41:15.978787]: Using the local timmer to pretend to be NTP time. Data recorded
Local Time: 2023-10-09 21:41:16 [INFO] NTP Time: [2023-10-09 22:41:16.093701]: Using the local timmer to pretend to be NTP time. Data recorded
Local Time: 2023-10-09 21:41:16 [INFO] NTP Time: [2023-10-09 22:41:16.209625]: Using the local timmer to pretend to be NTP time. Data recorded
Local Time: 2023-10-09 21:41:16 [INFO] NTP Time: [2023-10-09 22:41:16.325075]: Using the local timmer to pretend to be NTP time. Data recorded
Local Time: 2023-10-09 21:41:16 [INFO] NTP Time: [2023-10-09 22:41:16.439296]: Using the local timmer to pretend to be NTP time. Data recorded
Local Time: 2023-10-09 21:41:16 [INFO] NTP Time: [2023-10-09 22:41:16.553976]: Using the local timmer to pretend to be NTP time. Data recorded
Local Time: 2023-10-09 21:41:16 [INFO] NTP Time: [2023-10-09 22:41:16.665246]: Using the local timmer to pretend to be NTP time. Data recorded
Local Time: 2023-10-09 21:41:16 [INFO] NTP Time: [2023-10-09 22:41:16.783398]: Using the local timmer to pretend to be NTP time. Data recorded
Local Time: 2023-10-09 21:41:16 [INFO] NTP Time: [2023-10-09 22:41:16.894884]: Using the local timmer to pretend to be NTP time. Data recorded
Local Time: 2023-10-09 21:41:17 [INFO] NTP Time: [2023-10-09 22:41:17.012530]: Using the local timmer to pretend to be NTP time. Data recorded
Local Time: 2023-10-09 21:41:17 [INFO] NTP Time: [2023-10-09 22:41:17.125072]: Using the local timmer to pretend to be NTP time. Data recorded
Local Time: 2023-10-09 21:41:17 [INFO] NTP Time: [2023-10-09 22:41:17.243846]: Using the local timmer to pretend to be NTP time. Data recorded
Local Time: 2023-10-09 21:41:17 [INFO] NTP Time: [2023-10-09 22:41:17.386340]: Using the local timmer to pretend to be NTP time. Data recorded
Local Time: 2023-10-09 21:41:17 [INFO] NTP Time: [2023-10-09 22:41:17.516816]: Using the local timmer to pretend to be NTP time. Data recorded
Local Time: 2023-10-09 21:41:17 [INFO] NTP Time: [2023-10-09 22:41:17.628806]: Using the local timmer to pretend to be NTP time. Data recorded
Local Time: 2023-10-09 21:41:17 [INFO] NTP Time: [2023-10-09 22:41:17.819269]: Using the local timmer to pretend to be NTP time. Data recorded
Local Time: 2023-10-09 21:41:17 [INFO] NTP Time: [2023-10-09 22:41:17.955286]: Using the local timmer to pretend to be NTP time. Data recorded
Local Time: 2023-10-09 21:41:18 [INFO] NTP Time: [2023-10-09 22:41:18.035333]: End recording by a terminate action.
