Local Time: 2023-10-09 20:20:37 [INFO] NTP Time: [2023-10-09 21:20:37.542024]: Loaded configuration: {'participant': {'id': 'P001', 'age': '25', 'gender': 'M', 'ethnicity': 'Caucasian', 'height': '165', 'weight': '65'}, 'experiment': {'date': '2022-01-01', 'time': '14:00:00', 'condition': 'HW101M', 'group': 'A', 'illumination_level': 'low'}, 'task_info': {'task_name': 'Task1', 'trial_number': '5'}, 'notes': {'comments': 'Participant seemed tired during the session.'}, 'label_info': {'activity': 'sit'}}
Local Time: 2023-10-09 20:20:37 [INFO] NTP Time: [2023-10-09 21:20:37.542143]: Loaded mmwave configuration: {'setting1': 'value1', 'setting2': 'value2', 'Data storage location': 'AWR1843-Read-Data-Python-MMWAVE-SDK-3--master/data', 'mmwave_Datatype': 'dictionary'}
Local Time: 2023-10-09 20:20:38 [INFO] NTP Time: [2023-10-09 21:20:38.345955]: Using NTP time as the start timmer.
Local Time: 2023-10-09 20:20:38 [INFO] NTP Time: [2023-10-09 21:20:38.358216]: Using the local timmer to pretend to be NTP time. Data recorded
Local Time: 2023-10-09 20:20:38 [INFO] NTP Time: [2023-10-09 21:20:38.476242]: Using the local timmer to pretend to be NTP time. Data recorded
Local Time: 2023-10-09 20:20:38 [INFO] NTP Time: [2023-10-09 21:20:38.589918]: Using the local timmer to pretend to be NTP time. Data recorded
Local Time: 2023-10-09 20:20:38 [INFO] NTP Time: [2023-10-09 21:20:38.704434]: Using the local timmer to pretend to be NTP time. Data recorded
Local Time: 2023-10-09 20:20:38 [INFO] NTP Time: [2023-10-09 21:20:38.818911]: Using the local timmer to pretend to be NTP time. Data recorded
Local Time: 2023-10-09 20:20:38 [INFO] NTP Time: [2023-10-09 21:20:38.933745]: Using the local timmer to pretend to be NTP time. Data recorded
Local Time: 2023-10-09 20:20:39 [INFO] NTP Time: [2023-10-09 21:20:39.048197]: Using the local timmer to pretend to be NTP time. Data recorded
Local Time: 2023-10-09 20:20:39 [INFO] NTP Time: [2023-10-09 21:20:39.162918]: Using the local timmer to pretend to be NTP time. Data recorded
Local Time: 2023-10-09 20:20:39 [INFO] NTP Time: [2023-10-09 21:20:39.277427]: Using the local timmer to pretend to be NTP time. Data recorded
Local Time: 2023-10-09 20:20:39 [INFO] NTP Time: [2023-10-09 21:20:39.392764]: Using the local timmer to pretend to be NTP time. Data recorded
Local Time: 2023-10-09 20:20:39 [INFO] NTP Time: [2023-10-09 21:20:39.508312]: Using the local timmer to pretend to be NTP time. Data recorded
Local Time: 2023-10-09 20:20:39 [INFO] NTP Time: [2023-10-09 21:20:39.622798]: Using the local timmer to pretend to be NTP time. Data recorded
Local Time: 2023-10-09 20:20:39 [INFO] NTP Time: [2023-10-09 21:20:39.737116]: Using the local timmer to pretend to be NTP time. Data recorded
Local Time: 2023-10-09 20:20:39 [INFO] NTP Time: [2023-10-09 21:20:39.851706]: Using the local timmer to pretend to be NTP time. Data recorded
Local Time: 2023-10-09 20:20:39 [INFO] NTP Time: [2023-10-09 21:20:39.966825]: Using the local timmer to pretend to be NTP time. Data recorded
Local Time: 2023-10-09 20:20:40 [INFO] NTP Time: [2023-10-09 21:20:40.080629]: Using the local timmer to pretend to be NTP time. Data recorded
Local Time: 2023-10-09 20:20:40 [INFO] NTP Time: [2023-10-09 21:20:40.196258]: Using the local timmer to pretend to be NTP time. Data recorded
Local Time: 2023-10-09 20:20:40 [INFO] NTP Time: [2023-10-09 21:20:40.311033]: Using the local timmer to pretend to be NTP time. Data recorded
Local Time: 2023-10-09 20:20:40 [INFO] NTP Time: [2023-10-09 21:20:40.425763]: Using the local timmer to pretend to be NTP time. Data recorded
Local Time: 2023-10-09 20:20:40 [INFO] NTP Time: [2023-10-09 21:20:40.540508]: Using the local timmer to pretend to be NTP time. Data recorded
Local Time: 2023-10-09 20:20:40 [INFO] NTP Time: [2023-10-09 21:20:40.654577]: Using the local timmer to pretend to be NTP time. Data recorded
Local Time: 2023-10-09 20:20:40 [INFO] NTP Time: [2023-10-09 21:20:40.769280]: Using the local timmer to pretend to be NTP time. Data recorded
Local Time: 2023-10-09 20:20:40 [INFO] NTP Time: [2023-10-09 21:20:40.884250]: Using the local timmer to pretend to be NTP time. Data recorded
Local Time: 2023-10-09 20:20:41 [INFO] NTP Time: [2023-10-09 21:20:40.999270]: Using the local timmer to pretend to be NTP time. Data recorded
Local Time: 2023-10-09 20:20:41 [INFO] NTP Time: [2023-10-09 21:20:41.114846]: Using the local timmer to pretend to be NTP time. Data recorded
Local Time: 2023-10-09 20:20:41 [INFO] NTP Time: [2023-10-09 21:20:41.230158]: Using the local timmer to pretend to be NTP time. Data recorded
Local Time: 2023-10-09 20:20:41 [INFO] NTP Time: [2023-10-09 21:20:41.344815]: Using the local timmer to pretend to be NTP time. Data recorded
Local Time: 2023-10-09 20:20:41 [INFO] NTP Time: [2023-10-09 21:20:41.462053]: Using the local timmer to pretend to be NTP time. Data recorded
Local Time: 2023-10-09 20:20:41 [INFO] NTP Time: [2023-10-09 21:20:41.577074]: Using the local timmer to pretend to be NTP time. Data recorded
Local Time: 2023-10-09 20:20:41 [INFO] NTP Time: [2023-10-09 21:20:41.692836]: Using the local timmer to pretend to be NTP time. Data recorded
Local Time: 2023-10-09 20:20:41 [INFO] NTP Time: [2023-10-09 21:20:41.808709]: Using the local timmer to pretend to be NTP time. Data recorded
Local Time: 2023-10-09 20:20:41 [INFO] NTP Time: [2023-10-09 21:20:41.923356]: Using the local timmer to pretend to be NTP time. Data recorded
Local Time: 2023-10-09 20:20:42 [INFO] NTP Time: [2023-10-09 21:20:42.038167]: Using the local timmer to pretend to be NTP time. Data recorded
Local Time: 2023-10-09 20:20:42 [INFO] NTP Time: [2023-10-09 21:20:42.153442]: Using the local timmer to pretend to be NTP time. Data recorded
Local Time: 2023-10-09 20:20:42 [INFO] NTP Time: [2023-10-09 21:20:42.268016]: Using the local timmer to pretend to be NTP time. Data recorded
Local Time: 2023-10-09 20:20:42 [INFO] NTP Time: [2023-10-09 21:20:42.383884]: Using the local timmer to pretend to be NTP time. Data recorded
Local Time: 2023-10-09 20:20:42 [INFO] NTP Time: [2023-10-09 21:20:42.500005]: Using the local timmer to pretend to be NTP time. Data recorded
Local Time: 2023-10-09 20:20:42 [INFO] NTP Time: [2023-10-09 21:20:42.615996]: Using the local timmer to pretend to be NTP time. Data recorded
Local Time: 2023-10-09 20:20:42 [INFO] NTP Time: [2023-10-09 21:20:42.731097]: Using the local timmer to pretend to be NTP time. Data recorded
Local Time: 2023-10-09 20:20:42 [INFO] NTP Time: [2023-10-09 21:20:42.847901]: Using the local timmer to pretend to be NTP time. Data recorded
Local Time: 2023-10-09 20:20:42 [INFO] NTP Time: [2023-10-09 21:20:42.963505]: Using the local timmer to pretend to be NTP time. Data recorded
Local Time: 2023-10-09 20:20:43 [INFO] NTP Time: [2023-10-09 21:20:43.079468]: Using the local timmer to pretend to be NTP time. Data recorded
Local Time: 2023-10-09 20:20:43 [INFO] NTP Time: [2023-10-09 21:20:43.194579]: Using the local timmer to pretend to be NTP time. Data recorded
Local Time: 2023-10-09 20:20:43 [INFO] NTP Time: [2023-10-09 21:20:43.310427]: Using the local timmer to pretend to be NTP time. Data recorded
Local Time: 2023-10-09 20:20:43 [INFO] NTP Time: [2023-10-09 21:20:43.426676]: Using the local timmer to pretend to be NTP time. Data recorded
Local Time: 2023-10-09 20:20:43 [INFO] NTP Time: [2023-10-09 21:20:43.542737]: Using the local timmer to pretend to be NTP time. Data recorded
Local Time: 2023-10-09 20:20:43 [INFO] NTP Time: [2023-10-09 21:20:43.658213]: Using the local timmer to pretend to be NTP time. Data recorded
Local Time: 2023-10-09 20:20:43 [INFO] NTP Time: [2023-10-09 21:20:43.773845]: Using the local timmer to pretend to be NTP time. Data recorded
Local Time: 2023-10-09 20:20:43 [INFO] NTP Time: [2023-10-09 21:20:43.890199]: Using the local timmer to pretend to be NTP time. Data recorded
Local Time: 2023-10-09 20:20:44 [INFO] NTP Time: [2023-10-09 21:20:44.005447]: Using the local timmer to pretend to be NTP time. Data recorded
Local Time: 2023-10-09 20:20:44 [INFO] NTP Time: [2023-10-09 21:20:44.132818]: Using the local timmer to pretend to be NTP time. Data recorded
Local Time: 2023-10-09 20:20:44 [INFO] NTP Time: [2023-10-09 21:20:44.249047]: Using the local timmer to pretend to be NTP time. Data recorded
Local Time: 2023-10-09 20:20:44 [INFO] NTP Time: [2023-10-09 21:20:44.364839]: Using the local timmer to pretend to be NTP time. Data recorded
Local Time: 2023-10-09 20:20:44 [INFO] NTP Time: [2023-10-09 21:20:44.480456]: Using the local timmer to pretend to be NTP time. Data recorded
Local Time: 2023-10-09 20:20:44 [INFO] NTP Time: [2023-10-09 21:20:44.596101]: Using the local timmer to pretend to be NTP time. Data recorded
Local Time: 2023-10-09 20:20:44 [INFO] NTP Time: [2023-10-09 21:20:44.711938]: Using the local timmer to pretend to be NTP time. Data recorded
Local Time: 2023-10-09 20:20:44 [INFO] NTP Time: [2023-10-09 21:20:44.830586]: Using the local timmer to pretend to be NTP time. Data recorded
Local Time: 2023-10-09 20:20:44 [INFO] NTP Time: [2023-10-09 21:20:44.947532]: Using the local timmer to pretend to be NTP time. Data recorded
Local Time: 2023-10-09 20:20:45 [INFO] NTP Time: [2023-10-09 21:20:45.062768]: Using the local timmer to pretend to be NTP time. Data recorded
Local Time: 2023-10-09 20:20:45 [INFO] NTP Time: [2023-10-09 21:20:45.178283]: Using the local timmer to pretend to be NTP time. Data recorded
Local Time: 2023-10-09 20:20:45 [INFO] NTP Time: [2023-10-09 21:20:45.294405]: Using the local timmer to pretend to be NTP time. Data recorded
Local Time: 2023-10-09 20:20:45 [INFO] NTP Time: [2023-10-09 21:20:45.410444]: Using the local timmer to pretend to be NTP time. Data recorded
Local Time: 2023-10-09 20:20:45 [INFO] NTP Time: [2023-10-09 21:20:45.525778]: Using the local timmer to pretend to be NTP time. Data recorded
Local Time: 2023-10-09 20:20:45 [INFO] NTP Time: [2023-10-09 21:20:45.641860]: Using the local timmer to pretend to be NTP time. Data recorded
Local Time: 2023-10-09 20:20:45 [INFO] NTP Time: [2023-10-09 21:20:45.757478]: Using the local timmer to pretend to be NTP time. Data recorded
Local Time: 2023-10-09 20:20:45 [INFO] NTP Time: [2023-10-09 21:20:45.873805]: Using the local timmer to pretend to be NTP time. Data recorded
Local Time: 2023-10-09 20:20:45 [INFO] NTP Time: [2023-10-09 21:20:45.990111]: Using the local timmer to pretend to be NTP time. Data recorded
Local Time: 2023-10-09 20:20:46 [INFO] NTP Time: [2023-10-09 21:20:46.106559]: Using the local timmer to pretend to be NTP time. Data recorded
Local Time: 2023-10-09 20:20:46 [INFO] NTP Time: [2023-10-09 21:20:46.222080]: Using the local timmer to pretend to be NTP time. Data recorded
Local Time: 2023-10-09 20:20:46 [INFO] NTP Time: [2023-10-09 21:20:46.338188]: Using the local timmer to pretend to be NTP time. Data recorded
Local Time: 2023-10-09 20:20:46 [INFO] NTP Time: [2023-10-09 21:20:46.454394]: Using the local timmer to pretend to be NTP time. Data recorded
Local Time: 2023-10-09 20:20:46 [INFO] NTP Time: [2023-10-09 21:20:46.571905]: Using the local timmer to pretend to be NTP time. Data recorded
Local Time: 2023-10-09 20:20:46 [INFO] NTP Time: [2023-10-09 21:20:46.687508]: Using the local timmer to pretend to be NTP time. Data recorded
Local Time: 2023-10-09 20:20:46 [INFO] NTP Time: [2023-10-09 21:20:46.803410]: Using the local timmer to pretend to be NTP time. Data recorded
Local Time: 2023-10-09 20:20:46 [INFO] NTP Time: [2023-10-09 21:20:46.919972]: Using the local timmer to pretend to be NTP time. Data recorded
Local Time: 2023-10-09 20:20:47 [INFO] NTP Time: [2023-10-09 21:20:47.036806]: Using the local timmer to pretend to be NTP time. Data recorded
Local Time: 2023-10-09 20:20:47 [INFO] NTP Time: [2023-10-09 21:20:47.153295]: Using the local timmer to pretend to be NTP time. Data recorded
Local Time: 2023-10-09 20:20:47 [INFO] NTP Time: [2023-10-09 21:20:47.269136]: Using the local timmer to pretend to be NTP time. Data recorded
Local Time: 2023-10-09 20:20:47 [INFO] NTP Time: [2023-10-09 21:20:47.386423]: Using the local timmer to pretend to be NTP time. Data recorded
Local Time: 2023-10-09 20:20:47 [INFO] NTP Time: [2023-10-09 21:20:47.503315]: Using the local timmer to pretend to be NTP time. Data recorded
Local Time: 2023-10-09 20:20:47 [INFO] NTP Time: [2023-10-09 21:20:47.620217]: Using the local timmer to pretend to be NTP time. Data recorded
Local Time: 2023-10-09 20:20:47 [INFO] NTP Time: [2023-10-09 21:20:47.736758]: Using the local timmer to pretend to be NTP time. Data recorded
Local Time: 2023-10-09 20:20:47 [INFO] NTP Time: [2023-10-09 21:20:47.852957]: Using the local timmer to pretend to be NTP time. Data recorded
Local Time: 2023-10-09 20:20:47 [INFO] NTP Time: [2023-10-09 21:20:47.969296]: Using the local timmer to pretend to be NTP time. Data recorded
Local Time: 2023-10-09 20:20:48 [INFO] NTP Time: [2023-10-09 21:20:48.085945]: Using the local timmer to pretend to be NTP time. Data recorded
Local Time: 2023-10-09 20:20:48 [INFO] NTP Time: [2023-10-09 21:20:48.203782]: Using the local timmer to pretend to be NTP time. Data recorded
Local Time: 2023-10-09 20:20:48 [INFO] NTP Time: [2023-10-09 21:20:48.319915]: Using the local timmer to pretend to be NTP time. Data recorded
Local Time: 2023-10-09 20:20:48 [INFO] NTP Time: [2023-10-09 21:20:48.436382]: Using the local timmer to pretend to be NTP time. Data recorded
Local Time: 2023-10-09 20:20:48 [INFO] NTP Time: [2023-10-09 21:20:48.553522]: Using the local timmer to pretend to be NTP time. Data recorded
Local Time: 2023-10-09 20:20:48 [INFO] NTP Time: [2023-10-09 21:20:48.670588]: Using the local timmer to pretend to be NTP time. Data recorded
Local Time: 2023-10-09 20:20:48 [INFO] NTP Time: [2023-10-09 21:20:48.788643]: Using the local timmer to pretend to be NTP time. Data recorded
Local Time: 2023-10-09 20:20:48 [INFO] NTP Time: [2023-10-09 21:20:48.905475]: Using the local timmer to pretend to be NTP time. Data recorded
Local Time: 2023-10-09 20:20:49 [INFO] NTP Time: [2023-10-09 21:20:49.022156]: Using the local timmer to pretend to be NTP time. Data recorded
Local Time: 2023-10-09 20:20:49 [INFO] NTP Time: [2023-10-09 21:20:49.138767]: Using the local timmer to pretend to be NTP time. Data recorded
Local Time: 2023-10-09 20:20:49 [INFO] NTP Time: [2023-10-09 21:20:49.256205]: Using the local timmer to pretend to be NTP time. Data recorded
Local Time: 2023-10-09 20:20:49 [INFO] NTP Time: [2023-10-09 21:20:49.373647]: Using the local timmer to pretend to be NTP time. Data recorded
Local Time: 2023-10-09 20:20:49 [INFO] NTP Time: [2023-10-09 21:20:49.490322]: Using the local timmer to pretend to be NTP time. Data recorded
Local Time: 2023-10-09 20:20:49 [INFO] NTP Time: [2023-10-09 21:20:49.607876]: Using the local timmer to pretend to be NTP time. Data recorded
Local Time: 2023-10-09 20:20:49 [INFO] NTP Time: [2023-10-09 21:20:49.725048]: Using the local timmer to pretend to be NTP time. Data recorded
Local Time: 2023-10-09 20:20:49 [INFO] NTP Time: [2023-10-09 21:20:49.842533]: Using the local timmer to pretend to be NTP time. Data recorded
Local Time: 2023-10-09 20:20:49 [INFO] NTP Time: [2023-10-09 21:20:49.959846]: Using the local timmer to pretend to be NTP time. Data recorded
Local Time: 2023-10-09 20:20:50 [INFO] NTP Time: [2023-10-09 21:20:50.078362]: Using the local timmer to pretend to be NTP time. Data recorded
Local Time: 2023-10-09 20:20:50 [INFO] NTP Time: [2023-10-09 21:20:50.197193]: Using the local timmer to pretend to be NTP time. Data recorded
Local Time: 2023-10-09 20:20:50 [INFO] NTP Time: [2023-10-09 21:20:50.315090]: Using the local timmer to pretend to be NTP time. Data recorded
Local Time: 2023-10-09 20:20:50 [INFO] NTP Time: [2023-10-09 21:20:50.434521]: Using the local timmer to pretend to be NTP time. Data recorded
Local Time: 2023-10-09 20:20:50 [INFO] NTP Time: [2023-10-09 21:20:50.551366]: Using the local timmer to pretend to be NTP time. Data recorded
Local Time: 2023-10-09 20:20:50 [INFO] NTP Time: [2023-10-09 21:20:50.669083]: Using the local timmer to pretend to be NTP time. Data recorded
Local Time: 2023-10-09 20:20:50 [INFO] NTP Time: [2023-10-09 21:20:50.785559]: Using the local timmer to pretend to be NTP time. Data recorded
Local Time: 2023-10-09 20:20:50 [INFO] NTP Time: [2023-10-09 21:20:50.903274]: Using the local timmer to pretend to be NTP time. Data recorded
Local Time: 2023-10-09 20:20:51 [INFO] NTP Time: [2023-10-09 21:20:51.020588]: Using the local timmer to pretend to be NTP time. Data recorded
Local Time: 2023-10-09 20:20:51 [INFO] NTP Time: [2023-10-09 21:20:51.137265]: Using the local timmer to pretend to be NTP time. Data recorded
Local Time: 2023-10-09 20:20:51 [INFO] NTP Time: [2023-10-09 21:20:51.254806]: Using the local timmer to pretend to be NTP time. Data recorded
Local Time: 2023-10-09 20:20:51 [INFO] NTP Time: [2023-10-09 21:20:51.372293]: Using the local timmer to pretend to be NTP time. Data recorded
Local Time: 2023-10-09 20:20:51 [INFO] NTP Time: [2023-10-09 21:20:51.489855]: Using the local timmer to pretend to be NTP time. Data recorded
Local Time: 2023-10-09 20:20:51 [INFO] NTP Time: [2023-10-09 21:20:51.607427]: Using the local timmer to pretend to be NTP time. Data recorded
Local Time: 2023-10-09 20:20:51 [INFO] NTP Time: [2023-10-09 21:20:51.728849]: Using the local timmer to pretend to be NTP time. Data recorded
Local Time: 2023-10-09 20:20:51 [INFO] NTP Time: [2023-10-09 21:20:51.849161]: Using the local timmer to pretend to be NTP time. Data recorded
Local Time: 2023-10-09 20:20:51 [INFO] NTP Time: [2023-10-09 21:20:51.968678]: Using the local timmer to pretend to be NTP time. Data recorded
Local Time: 2023-10-09 20:20:52 [INFO] NTP Time: [2023-10-09 21:20:52.089896]: Using the local timmer to pretend to be NTP time. Data recorded
Local Time: 2023-10-09 20:20:52 [INFO] NTP Time: [2023-10-09 21:20:52.207043]: Using the local timmer to pretend to be NTP time. Data recorded
Local Time: 2023-10-09 20:20:52 [INFO] NTP Time: [2023-10-09 21:20:52.325940]: Using the local timmer to pretend to be NTP time. Data recorded
Local Time: 2023-10-09 20:20:52 [INFO] NTP Time: [2023-10-09 21:20:52.444836]: Using the local timmer to pretend to be NTP time. Data recorded
Local Time: 2023-10-09 20:20:52 [INFO] NTP Time: [2023-10-09 21:20:52.563864]: Using the local timmer to pretend to be NTP time. Data recorded
Local Time: 2023-10-09 20:20:52 [INFO] NTP Time: [2023-10-09 21:20:52.681951]: Using the local timmer to pretend to be NTP time. Data recorded
Local Time: 2023-10-09 20:20:52 [INFO] NTP Time: [2023-10-09 21:20:52.799829]: Using the local timmer to pretend to be NTP time. Data recorded
Local Time: 2023-10-09 20:20:52 [INFO] NTP Time: [2023-10-09 21:20:52.917320]: Using the local timmer to pretend to be NTP time. Data recorded
Local Time: 2023-10-09 20:20:53 [INFO] NTP Time: [2023-10-09 21:20:53.034539]: Using the local timmer to pretend to be NTP time. Data recorded
Local Time: 2023-10-09 20:20:53 [INFO] NTP Time: [2023-10-09 21:20:53.151789]: Using the local timmer to pretend to be NTP time. Data recorded
Local Time: 2023-10-09 20:20:53 [INFO] NTP Time: [2023-10-09 21:20:53.269600]: Using the local timmer to pretend to be NTP time. Data recorded
Local Time: 2023-10-09 20:20:53 [INFO] NTP Time: [2023-10-09 21:20:53.388901]: Using the local timmer to pretend to be NTP time. Data recorded
Local Time: 2023-10-09 20:20:53 [INFO] NTP Time: [2023-10-09 21:20:53.508879]: Using the local timmer to pretend to be NTP time. Data recorded
Local Time: 2023-10-09 20:20:53 [INFO] NTP Time: [2023-10-09 21:20:53.626970]: Using the local timmer to pretend to be NTP time. Data recorded
Local Time: 2023-10-09 20:20:53 [INFO] NTP Time: [2023-10-09 21:20:53.744771]: Using the local timmer to pretend to be NTP time. Data recorded
Local Time: 2023-10-09 20:20:53 [INFO] NTP Time: [2023-10-09 21:20:53.862312]: Using the local timmer to pretend to be NTP time. Data recorded
Local Time: 2023-10-09 20:20:53 [INFO] NTP Time: [2023-10-09 21:20:53.979968]: Using the local timmer to pretend to be NTP time. Data recorded
Local Time: 2023-10-09 20:20:54 [INFO] NTP Time: [2023-10-09 21:20:54.098102]: Using the local timmer to pretend to be NTP time. Data recorded
Local Time: 2023-10-09 20:20:54 [INFO] NTP Time: [2023-10-09 21:20:54.217932]: Using the local timmer to pretend to be NTP time. Data recorded
Local Time: 2023-10-09 20:20:54 [INFO] NTP Time: [2023-10-09 21:20:54.336973]: Using the local timmer to pretend to be NTP time. Data recorded
Local Time: 2023-10-09 20:20:54 [INFO] NTP Time: [2023-10-09 21:20:54.456995]: Using the local timmer to pretend to be NTP time. Data recorded
Local Time: 2023-10-09 20:20:54 [INFO] NTP Time: [2023-10-09 21:20:54.575512]: Using the local timmer to pretend to be NTP time. Data recorded
Local Time: 2023-10-09 20:20:54 [INFO] NTP Time: [2023-10-09 21:20:54.693811]: Using the local timmer to pretend to be NTP time. Data recorded
Local Time: 2023-10-09 20:20:54 [INFO] NTP Time: [2023-10-09 21:20:54.812994]: Using the local timmer to pretend to be NTP time. Data recorded
Local Time: 2023-10-09 20:20:54 [INFO] NTP Time: [2023-10-09 21:20:54.933987]: Using the local timmer to pretend to be NTP time. Data recorded
Local Time: 2023-10-09 20:20:55 [INFO] NTP Time: [2023-10-09 21:20:55.051863]: Using the local timmer to pretend to be NTP time. Data recorded
Local Time: 2023-10-09 20:20:55 [INFO] NTP Time: [2023-10-09 21:20:55.170403]: Using the local timmer to pretend to be NTP time. Data recorded
Local Time: 2023-10-09 20:20:55 [INFO] NTP Time: [2023-10-09 21:20:55.288634]: Using the local timmer to pretend to be NTP time. Data recorded
Local Time: 2023-10-09 20:20:55 [INFO] NTP Time: [2023-10-09 21:20:55.419331]: Using the local timmer to pretend to be NTP time. Data recorded
Local Time: 2023-10-09 20:20:55 [INFO] NTP Time: [2023-10-09 21:20:55.537554]: Using the local timmer to pretend to be NTP time. Data recorded
Local Time: 2023-10-09 20:20:55 [INFO] NTP Time: [2023-10-09 21:20:55.655527]: Using the local timmer to pretend to be NTP time. Data recorded
Local Time: 2023-10-09 20:20:55 [INFO] NTP Time: [2023-10-09 21:20:55.773542]: Using the local timmer to pretend to be NTP time. Data recorded
Local Time: 2023-10-09 20:20:55 [INFO] NTP Time: [2023-10-09 21:20:55.891950]: Using the local timmer to pretend to be NTP time. Data recorded
Local Time: 2023-10-09 20:20:56 [INFO] NTP Time: [2023-10-09 21:20:56.010407]: Using the local timmer to pretend to be NTP time. Data recorded
Local Time: 2023-10-09 20:20:56 [INFO] NTP Time: [2023-10-09 21:20:56.128776]: Using the local timmer to pretend to be NTP time. Data recorded
Local Time: 2023-10-09 20:20:56 [INFO] NTP Time: [2023-10-09 21:20:56.247330]: Using the local timmer to pretend to be NTP time. Data recorded
Local Time: 2023-10-09 20:20:56 [INFO] NTP Time: [2023-10-09 21:20:56.365375]: Using the local timmer to pretend to be NTP time. Data recorded
Local Time: 2023-10-09 20:20:56 [INFO] NTP Time: [2023-10-09 21:20:56.483544]: Using the local timmer to pretend to be NTP time. Data recorded
Local Time: 2023-10-09 20:20:56 [INFO] NTP Time: [2023-10-09 21:20:56.603453]: Using the local timmer to pretend to be NTP time. Data recorded
Local Time: 2023-10-09 20:20:56 [INFO] NTP Time: [2023-10-09 21:20:56.722388]: Using the local timmer to pretend to be NTP time. Data recorded
Local Time: 2023-10-09 20:20:56 [INFO] NTP Time: [2023-10-09 21:20:56.843221]: Using the local timmer to pretend to be NTP time. Data recorded
Local Time: 2023-10-09 20:20:56 [INFO] NTP Time: [2023-10-09 21:20:56.961438]: Using the local timmer to pretend to be NTP time. Data recorded
Local Time: 2023-10-09 20:20:57 [INFO] NTP Time: [2023-10-09 21:20:57.081460]: Using the local timmer to pretend to be NTP time. Data recorded
Local Time: 2023-10-09 20:20:57 [INFO] NTP Time: [2023-10-09 21:20:57.199431]: Using the local timmer to pretend to be NTP time. Data recorded
Local Time: 2023-10-09 20:20:57 [INFO] NTP Time: [2023-10-09 21:20:57.318064]: Using the local timmer to pretend to be NTP time. Data recorded
Local Time: 2023-10-09 20:20:57 [INFO] NTP Time: [2023-10-09 21:20:57.437853]: Using the local timmer to pretend to be NTP time. Data recorded
Local Time: 2023-10-09 20:20:57 [INFO] NTP Time: [2023-10-09 21:20:57.557031]: Using the local timmer to pretend to be NTP time. Data recorded
Local Time: 2023-10-09 20:20:57 [INFO] NTP Time: [2023-10-09 21:20:57.676372]: Using the local timmer to pretend to be NTP time. Data recorded
Local Time: 2023-10-09 20:20:57 [INFO] NTP Time: [2023-10-09 21:20:57.794536]: Using the local timmer to pretend to be NTP time. Data recorded
Local Time: 2023-10-09 20:20:57 [INFO] NTP Time: [2023-10-09 21:20:57.914797]: Using the local timmer to pretend to be NTP time. Data recorded
Local Time: 2023-10-09 20:20:58 [INFO] NTP Time: [2023-10-09 21:20:58.035024]: Using the local timmer to pretend to be NTP time. Data recorded
Local Time: 2023-10-09 20:20:58 [INFO] NTP Time: [2023-10-09 21:20:58.153111]: Using the local timmer to pretend to be NTP time. Data recorded
Local Time: 2023-10-09 20:20:58 [INFO] NTP Time: [2023-10-09 21:20:58.272000]: Using the local timmer to pretend to be NTP time. Data recorded
Local Time: 2023-10-09 20:20:58 [INFO] NTP Time: [2023-10-09 21:20:58.390651]: Using the local timmer to pretend to be NTP time. Data recorded
Local Time: 2023-10-09 20:20:58 [INFO] NTP Time: [2023-10-09 21:20:58.510444]: Using the local timmer to pretend to be NTP time. Data recorded
Local Time: 2023-10-09 20:20:58 [INFO] NTP Time: [2023-10-09 21:20:58.629641]: Using the local timmer to pretend to be NTP time. Data recorded
Local Time: 2023-10-09 20:20:58 [INFO] NTP Time: [2023-10-09 21:20:58.749079]: Using the local timmer to pretend to be NTP time. Data recorded
Local Time: 2023-10-09 20:20:58 [INFO] NTP Time: [2023-10-09 21:20:58.867938]: Using the local timmer to pretend to be NTP time. Data recorded
Local Time: 2023-10-09 20:20:58 [INFO] NTP Time: [2023-10-09 21:20:58.987568]: Using the local timmer to pretend to be NTP time. Data recorded
Local Time: 2023-10-09 20:20:59 [INFO] NTP Time: [2023-10-09 21:20:59.107545]: Using the local timmer to pretend to be NTP time. Data recorded
Local Time: 2023-10-09 20:20:59 [INFO] NTP Time: [2023-10-09 21:20:59.227532]: Using the local timmer to pretend to be NTP time. Data recorded
Local Time: 2023-10-09 20:20:59 [INFO] NTP Time: [2023-10-09 21:20:59.347521]: Using the local timmer to pretend to be NTP time. Data recorded
Local Time: 2023-10-09 20:20:59 [INFO] NTP Time: [2023-10-09 21:20:59.467814]: Using the local timmer to pretend to be NTP time. Data recorded
Local Time: 2023-10-09 20:20:59 [INFO] NTP Time: [2023-10-09 21:20:59.587343]: Using the local timmer to pretend to be NTP time. Data recorded
Local Time: 2023-10-09 20:20:59 [INFO] NTP Time: [2023-10-09 21:20:59.706598]: Using the local timmer to pretend to be NTP time. Data recorded
Local Time: 2023-10-09 20:20:59 [INFO] NTP Time: [2023-10-09 21:20:59.827205]: Using the local timmer to pretend to be NTP time. Data recorded
Local Time: 2023-10-09 20:20:59 [INFO] NTP Time: [2023-10-09 21:20:59.946749]: Using the local timmer to pretend to be NTP time. Data recorded
Local Time: 2023-10-09 20:21:00 [INFO] NTP Time: [2023-10-09 21:21:00.066318]: Using the local timmer to pretend to be NTP time. Data recorded
Local Time: 2023-10-09 20:21:00 [INFO] NTP Time: [2023-10-09 21:21:00.186360]: Using the local timmer to pretend to be NTP time. Data recorded
Local Time: 2023-10-09 20:21:00 [INFO] NTP Time: [2023-10-09 21:21:00.305568]: Using the local timmer to pretend to be NTP time. Data recorded
Local Time: 2023-10-09 20:21:00 [INFO] NTP Time: [2023-10-09 21:21:00.426931]: Using the local timmer to pretend to be NTP time. Data recorded
Local Time: 2023-10-09 20:21:00 [INFO] NTP Time: [2023-10-09 21:21:00.546848]: Using the local timmer to pretend to be NTP time. Data recorded
Local Time: 2023-10-09 20:21:00 [INFO] NTP Time: [2023-10-09 21:21:00.666408]: Using the local timmer to pretend to be NTP time. Data recorded
Local Time: 2023-10-09 20:21:00 [INFO] NTP Time: [2023-10-09 21:21:00.786728]: Using the local timmer to pretend to be NTP time. Data recorded
Local Time: 2023-10-09 20:21:00 [INFO] NTP Time: [2023-10-09 21:21:00.909699]: Using the local timmer to pretend to be NTP time. Data recorded
Local Time: 2023-10-09 20:21:01 [INFO] NTP Time: [2023-10-09 21:21:01.029859]: Using the local timmer to pretend to be NTP time. Data recorded
Local Time: 2023-10-09 20:21:01 [INFO] NTP Time: [2023-10-09 21:21:01.150400]: Using the local timmer to pretend to be NTP time. Data recorded
Local Time: 2023-10-09 20:21:01 [INFO] NTP Time: [2023-10-09 21:21:01.270043]: Using the local timmer to pretend to be NTP time. Data recorded
Local Time: 2023-10-09 20:21:01 [INFO] NTP Time: [2023-10-09 21:21:01.392730]: Using the local timmer to pretend to be NTP time. Data recorded
Local Time: 2023-10-09 20:21:01 [INFO] NTP Time: [2023-10-09 21:21:01.515793]: Using the local timmer to pretend to be NTP time. Data recorded
Local Time: 2023-10-09 20:21:01 [INFO] NTP Time: [2023-10-09 21:21:01.635335]: Using the local timmer to pretend to be NTP time. Data recorded
Local Time: 2023-10-09 20:21:01 [INFO] NTP Time: [2023-10-09 21:21:01.755805]: Using the local timmer to pretend to be NTP time. Data recorded
Local Time: 2023-10-09 20:21:01 [INFO] NTP Time: [2023-10-09 21:21:01.876542]: Using the local timmer to pretend to be NTP time. Data recorded
Local Time: 2023-10-09 20:21:01 [INFO] NTP Time: [2023-10-09 21:21:01.997219]: Using the local timmer to pretend to be NTP time. Data recorded
Local Time: 2023-10-09 20:21:02 [INFO] NTP Time: [2023-10-09 21:21:02.119599]: Using the local timmer to pretend to be NTP time. Data recorded
Local Time: 2023-10-09 20:21:02 [INFO] NTP Time: [2023-10-09 21:21:02.239791]: Using the local timmer to pretend to be NTP time. Data recorded
Local Time: 2023-10-09 20:21:02 [INFO] NTP Time: [2023-10-09 21:21:02.364943]: Using the local timmer to pretend to be NTP time. Data recorded
Local Time: 2023-10-09 20:21:02 [INFO] NTP Time: [2023-10-09 21:21:02.488604]: Using the local timmer to pretend to be NTP time. Data recorded
Local Time: 2023-10-09 20:21:02 [INFO] NTP Time: [2023-10-09 21:21:02.614459]: Using the local timmer to pretend to be NTP time. Data recorded
Local Time: 2023-10-09 20:21:02 [INFO] NTP Time: [2023-10-09 21:21:02.735247]: Using the local timmer to pretend to be NTP time. Data recorded
Local Time: 2023-10-09 20:21:02 [INFO] NTP Time: [2023-10-09 21:21:02.857249]: Using the local timmer to pretend to be NTP time. Data recorded
Local Time: 2023-10-09 20:21:02 [INFO] NTP Time: [2023-10-09 21:21:02.977340]: Using the local timmer to pretend to be NTP time. Data recorded
Local Time: 2023-10-09 20:21:03 [INFO] NTP Time: [2023-10-09 21:21:03.097638]: Using the local timmer to pretend to be NTP time. Data recorded
Local Time: 2023-10-09 20:21:03 [INFO] NTP Time: [2023-10-09 21:21:03.220025]: Using the local timmer to pretend to be NTP time. Data recorded
Local Time: 2023-10-09 20:21:03 [INFO] NTP Time: [2023-10-09 21:21:03.344286]: Using the local timmer to pretend to be NTP time. Data recorded
Local Time: 2023-10-09 20:21:03 [INFO] NTP Time: [2023-10-09 21:21:03.465749]: Using the local timmer to pretend to be NTP time. Data recorded
Local Time: 2023-10-09 20:21:03 [INFO] NTP Time: [2023-10-09 21:21:03.586328]: Using the local timmer to pretend to be NTP time. Data recorded
Local Time: 2023-10-09 20:21:03 [INFO] NTP Time: [2023-10-09 21:21:03.708474]: Using the local timmer to pretend to be NTP time. Data recorded
Local Time: 2023-10-09 20:21:03 [INFO] NTP Time: [2023-10-09 21:21:03.828708]: Using the local timmer to pretend to be NTP time. Data recorded
Local Time: 2023-10-09 20:21:03 [INFO] NTP Time: [2023-10-09 21:21:03.950750]: Using the local timmer to pretend to be NTP time. Data recorded
Local Time: 2023-10-09 20:21:04 [INFO] NTP Time: [2023-10-09 21:21:04.071855]: Using the local timmer to pretend to be NTP time. Data recorded
Local Time: 2023-10-09 20:21:04 [INFO] NTP Time: [2023-10-09 21:21:04.193596]: Using the local timmer to pretend to be NTP time. Data recorded
Local Time: 2023-10-09 20:21:04 [INFO] NTP Time: [2023-10-09 21:21:04.314519]: Using the local timmer to pretend to be NTP time. Data recorded
Local Time: 2023-10-09 20:21:04 [INFO] NTP Time: [2023-10-09 21:21:04.435033]: Using the local timmer to pretend to be NTP time. Data recorded
Local Time: 2023-10-09 20:21:04 [INFO] NTP Time: [2023-10-09 21:21:04.555342]: Using the local timmer to pretend to be NTP time. Data recorded
Local Time: 2023-10-09 20:21:04 [INFO] NTP Time: [2023-10-09 21:21:04.678819]: Using the local timmer to pretend to be NTP time. Data recorded
Local Time: 2023-10-09 20:21:04 [INFO] NTP Time: [2023-10-09 21:21:04.800614]: Using the local timmer to pretend to be NTP time. Data recorded
Local Time: 2023-10-09 20:21:04 [INFO] NTP Time: [2023-10-09 21:21:04.923201]: Using the local timmer to pretend to be NTP time. Data recorded
Local Time: 2023-10-09 20:21:05 [INFO] NTP Time: [2023-10-09 21:21:05.043801]: Using the local timmer to pretend to be NTP time. Data recorded
Local Time: 2023-10-09 20:21:05 [INFO] NTP Time: [2023-10-09 21:21:05.164237]: Using the local timmer to pretend to be NTP time. Data recorded
Local Time: 2023-10-09 20:21:05 [INFO] NTP Time: [2023-10-09 21:21:05.284737]: Using the local timmer to pretend to be NTP time. Data recorded
Local Time: 2023-10-09 20:21:05 [INFO] NTP Time: [2023-10-09 21:21:05.420360]: Using the local timmer to pretend to be NTP time. Data recorded
Local Time: 2023-10-09 20:21:05 [INFO] NTP Time: [2023-10-09 21:21:05.541996]: Using the local timmer to pretend to be NTP time. Data recorded
Local Time: 2023-10-09 20:21:05 [INFO] NTP Time: [2023-10-09 21:21:05.662610]: Using the local timmer to pretend to be NTP time. Data recorded
Local Time: 2023-10-09 20:21:05 [INFO] NTP Time: [2023-10-09 21:21:05.783843]: Using the local timmer to pretend to be NTP time. Data recorded
Local Time: 2023-10-09 20:21:05 [INFO] NTP Time: [2023-10-09 21:21:05.905433]: Using the local timmer to pretend to be NTP time. Data recorded
Local Time: 2023-10-09 20:21:06 [INFO] NTP Time: [2023-10-09 21:21:06.026115]: Using the local timmer to pretend to be NTP time. Data recorded
Local Time: 2023-10-09 20:21:06 [INFO] NTP Time: [2023-10-09 21:21:06.147458]: Using the local timmer to pretend to be NTP time. Data recorded
Local Time: 2023-10-09 20:21:06 [INFO] NTP Time: [2023-10-09 21:21:06.268285]: Using the local timmer to pretend to be NTP time. Data recorded
Local Time: 2023-10-09 20:21:06 [INFO] NTP Time: [2023-10-09 21:21:06.389298]: Using the local timmer to pretend to be NTP time. Data recorded
Local Time: 2023-10-09 20:21:06 [INFO] NTP Time: [2023-10-09 21:21:06.511308]: Using the local timmer to pretend to be NTP time. Data recorded
Local Time: 2023-10-09 20:21:06 [INFO] NTP Time: [2023-10-09 21:21:06.632329]: Using the local timmer to pretend to be NTP time. Data recorded
Local Time: 2023-10-09 20:21:06 [INFO] NTP Time: [2023-10-09 21:21:06.753594]: Using the local timmer to pretend to be NTP time. Data recorded
Local Time: 2023-10-09 20:21:06 [INFO] NTP Time: [2023-10-09 21:21:06.875617]: Using the local timmer to pretend to be NTP time. Data recorded
Local Time: 2023-10-09 20:21:07 [INFO] NTP Time: [2023-10-09 21:21:06.998943]: Using the local timmer to pretend to be NTP time. Data recorded
Local Time: 2023-10-09 20:21:07 [INFO] NTP Time: [2023-10-09 21:21:07.124441]: Using the local timmer to pretend to be NTP time. Data recorded
Local Time: 2023-10-09 20:21:07 [INFO] NTP Time: [2023-10-09 21:21:07.245963]: Using the local timmer to pretend to be NTP time. Data recorded
Local Time: 2023-10-09 20:21:07 [INFO] NTP Time: [2023-10-09 21:21:07.366956]: Using the local timmer to pretend to be NTP time. Data recorded
Local Time: 2023-10-09 20:21:07 [INFO] NTP Time: [2023-10-09 21:21:07.488059]: Using the local timmer to pretend to be NTP time. Data recorded
Local Time: 2023-10-09 20:21:07 [INFO] NTP Time: [2023-10-09 21:21:07.612740]: Using the local timmer to pretend to be NTP time. Data recorded
Local Time: 2023-10-09 20:21:07 [INFO] NTP Time: [2023-10-09 21:21:07.733519]: Using the local timmer to pretend to be NTP time. Data recorded
Local Time: 2023-10-09 20:21:07 [INFO] NTP Time: [2023-10-09 21:21:07.854804]: Using the local timmer to pretend to be NTP time. Data recorded
Local Time: 2023-10-09 20:21:07 [INFO] NTP Time: [2023-10-09 21:21:07.978652]: Using the local timmer to pretend to be NTP time. Data recorded
Local Time: 2023-10-09 20:21:08 [INFO] NTP Time: [2023-10-09 21:21:08.106041]: Using the local timmer to pretend to be NTP time. Data recorded
Local Time: 2023-10-09 20:21:08 [INFO] NTP Time: [2023-10-09 21:21:08.226885]: Using the local timmer to pretend to be NTP time. Data recorded
Local Time: 2023-10-09 20:21:08 [INFO] NTP Time: [2023-10-09 21:21:08.348845]: Using the local timmer to pretend to be NTP time. Data recorded
Local Time: 2023-10-09 20:21:08 [INFO] NTP Time: [2023-10-09 21:21:08.472050]: Using the local timmer to pretend to be NTP time. Data recorded
Local Time: 2023-10-09 20:21:08 [INFO] NTP Time: [2023-10-09 21:21:08.593796]: Using the local timmer to pretend to be NTP time. Data recorded
Local Time: 2023-10-09 20:21:08 [INFO] NTP Time: [2023-10-09 21:21:08.714605]: Using the local timmer to pretend to be NTP time. Data recorded
Local Time: 2023-10-09 20:21:08 [INFO] NTP Time: [2023-10-09 21:21:08.836322]: Using the local timmer to pretend to be NTP time. Data recorded
Local Time: 2023-10-09 20:21:08 [INFO] NTP Time: [2023-10-09 21:21:08.958736]: Using the local timmer to pretend to be NTP time. Data recorded
Local Time: 2023-10-09 20:21:09 [INFO] NTP Time: [2023-10-09 21:21:09.084398]: Using the local timmer to pretend to be NTP time. Data recorded
Local Time: 2023-10-09 20:21:09 [INFO] NTP Time: [2023-10-09 21:21:09.205780]: Using the local timmer to pretend to be NTP time. Data recorded
Local Time: 2023-10-09 20:21:09 [INFO] NTP Time: [2023-10-09 21:21:09.328091]: Using the local timmer to pretend to be NTP time. Data recorded
Local Time: 2023-10-09 20:21:09 [INFO] NTP Time: [2023-10-09 21:21:09.449447]: Using the local timmer to pretend to be NTP time. Data recorded
Local Time: 2023-10-09 20:21:09 [INFO] NTP Time: [2023-10-09 21:21:09.571447]: Using the local timmer to pretend to be NTP time. Data recorded
Local Time: 2023-10-09 20:21:09 [INFO] NTP Time: [2023-10-09 21:21:09.692687]: Using the local timmer to pretend to be NTP time. Data recorded
Local Time: 2023-10-09 20:21:09 [INFO] NTP Time: [2023-10-09 21:21:09.819244]: Using the local timmer to pretend to be NTP time. Data recorded
Local Time: 2023-10-09 20:21:09 [INFO] NTP Time: [2023-10-09 21:21:09.941911]: Using the local timmer to pretend to be NTP time. Data recorded
Local Time: 2023-10-09 20:21:10 [INFO] NTP Time: [2023-10-09 21:21:10.063776]: Using the local timmer to pretend to be NTP time. Data recorded
Local Time: 2023-10-09 20:21:10 [INFO] NTP Time: [2023-10-09 21:21:10.185071]: Using the local timmer to pretend to be NTP time. Data recorded
Local Time: 2023-10-09 20:21:10 [INFO] NTP Time: [2023-10-09 21:21:10.307323]: Using the local timmer to pretend to be NTP time. Data recorded
Local Time: 2023-10-09 20:21:10 [INFO] NTP Time: [2023-10-09 21:21:10.428997]: Using the local timmer to pretend to be NTP time. Data recorded
Local Time: 2023-10-09 20:21:10 [INFO] NTP Time: [2023-10-09 21:21:10.553484]: Using the local timmer to pretend to be NTP time. Data recorded
Local Time: 2023-10-09 20:21:10 [INFO] NTP Time: [2023-10-09 21:21:10.675862]: Using the local timmer to pretend to be NTP time. Data recorded
Local Time: 2023-10-09 20:21:10 [INFO] NTP Time: [2023-10-09 21:21:10.801283]: Using the local timmer to pretend to be NTP time. Data recorded
Local Time: 2023-10-09 20:21:10 [INFO] NTP Time: [2023-10-09 21:21:10.925899]: Using the local timmer to pretend to be NTP time. Data recorded
Local Time: 2023-10-09 20:21:11 [INFO] NTP Time: [2023-10-09 21:21:11.048019]: Using the local timmer to pretend to be NTP time. Data recorded
Local Time: 2023-10-09 20:21:11 [INFO] NTP Time: [2023-10-09 21:21:11.170097]: Using the local timmer to pretend to be NTP time. Data recorded
Local Time: 2023-10-09 20:21:11 [INFO] NTP Time: [2023-10-09 21:21:11.293068]: Using the local timmer to pretend to be NTP time. Data recorded
Local Time: 2023-10-09 20:21:11 [INFO] NTP Time: [2023-10-09 21:21:11.415251]: Using the local timmer to pretend to be NTP time. Data recorded
Local Time: 2023-10-09 20:21:11 [INFO] NTP Time: [2023-10-09 21:21:11.538270]: Using the local timmer to pretend to be NTP time. Data recorded
Local Time: 2023-10-09 20:21:11 [INFO] NTP Time: [2023-10-09 21:21:11.660357]: Using the local timmer to pretend to be NTP time. Data recorded
Local Time: 2023-10-09 20:21:11 [INFO] NTP Time: [2023-10-09 21:21:11.782664]: Using the local timmer to pretend to be NTP time. Data recorded
Local Time: 2023-10-09 20:21:11 [INFO] NTP Time: [2023-10-09 21:21:11.905663]: Using the local timmer to pretend to be NTP time. Data recorded
Local Time: 2023-10-09 20:21:12 [INFO] NTP Time: [2023-10-09 21:21:12.028731]: Using the local timmer to pretend to be NTP time. Data recorded
Local Time: 2023-10-09 20:21:12 [INFO] NTP Time: [2023-10-09 21:21:12.150408]: Using the local timmer to pretend to be NTP time. Data recorded
Local Time: 2023-10-09 20:21:12 [INFO] NTP Time: [2023-10-09 21:21:12.272631]: Using the local timmer to pretend to be NTP time. Data recorded
Local Time: 2023-10-09 20:21:12 [INFO] NTP Time: [2023-10-09 21:21:12.394403]: Using the local timmer to pretend to be NTP time. Data recorded
Local Time: 2023-10-09 20:21:12 [INFO] NTP Time: [2023-10-09 21:21:12.518082]: Using the local timmer to pretend to be NTP time. Data recorded
Local Time: 2023-10-09 20:21:12 [INFO] NTP Time: [2023-10-09 21:21:12.640528]: Using the local timmer to pretend to be NTP time. Data recorded
Local Time: 2023-10-09 20:21:12 [INFO] NTP Time: [2023-10-09 21:21:12.762956]: Using the local timmer to pretend to be NTP time. Data recorded
Local Time: 2023-10-09 20:21:12 [INFO] NTP Time: [2023-10-09 21:21:12.887359]: Using the local timmer to pretend to be NTP time. Data recorded
Local Time: 2023-10-09 20:21:13 [INFO] NTP Time: [2023-10-09 21:21:13.012767]: Using the local timmer to pretend to be NTP time. Data recorded
Local Time: 2023-10-09 20:21:13 [INFO] NTP Time: [2023-10-09 21:21:13.136561]: Using the local timmer to pretend to be NTP time. Data recorded
Local Time: 2023-10-09 20:21:13 [INFO] NTP Time: [2023-10-09 21:21:13.259098]: Using the local timmer to pretend to be NTP time. Data recorded
Local Time: 2023-10-09 20:21:13 [INFO] NTP Time: [2023-10-09 21:21:13.381045]: Using the local timmer to pretend to be NTP time. Data recorded
Local Time: 2023-10-09 20:21:13 [INFO] NTP Time: [2023-10-09 21:21:13.504961]: Using the local timmer to pretend to be NTP time. Data recorded
Local Time: 2023-10-09 20:21:13 [INFO] NTP Time: [2023-10-09 21:21:13.627705]: Using the local timmer to pretend to be NTP time. Data recorded
Local Time: 2023-10-09 20:21:13 [INFO] NTP Time: [2023-10-09 21:21:13.749960]: Using the local timmer to pretend to be NTP time. Data recorded
Local Time: 2023-10-09 20:21:13 [INFO] NTP Time: [2023-10-09 21:21:13.872875]: Using the local timmer to pretend to be NTP time. Data recorded
Local Time: 2023-10-09 20:21:13 [INFO] NTP Time: [2023-10-09 21:21:13.995013]: Using the local timmer to pretend to be NTP time. Data recorded
Local Time: 2023-10-09 20:21:14 [INFO] NTP Time: [2023-10-09 21:21:14.117444]: Using the local timmer to pretend to be NTP time. Data recorded
Local Time: 2023-10-09 20:21:14 [INFO] NTP Time: [2023-10-09 21:21:14.239633]: Using the local timmer to pretend to be NTP time. Data recorded
Local Time: 2023-10-09 20:21:14 [INFO] NTP Time: [2023-10-09 21:21:14.366323]: Using the local timmer to pretend to be NTP time. Data recorded
Local Time: 2023-10-09 20:21:14 [INFO] NTP Time: [2023-10-09 21:21:14.493352]: Using the local timmer to pretend to be NTP time. Data recorded
Local Time: 2023-10-09 20:21:14 [INFO] NTP Time: [2023-10-09 21:21:14.615785]: Using the local timmer to pretend to be NTP time. Data recorded
Local Time: 2023-10-09 20:21:14 [INFO] NTP Time: [2023-10-09 21:21:14.743156]: Using the local timmer to pretend to be NTP time. Data recorded
Local Time: 2023-10-09 20:21:14 [INFO] NTP Time: [2023-10-09 21:21:14.865952]: Using the local timmer to pretend to be NTP time. Data recorded
Local Time: 2023-10-09 20:21:14 [INFO] NTP Time: [2023-10-09 21:21:14.988050]: Using the local timmer to pretend to be NTP time. Data recorded
Local Time: 2023-10-09 20:21:15 [INFO] NTP Time: [2023-10-09 21:21:15.112737]: Using the local timmer to pretend to be NTP time. Data recorded
Local Time: 2023-10-09 20:21:15 [INFO] NTP Time: [2023-10-09 21:21:15.236378]: Using the local timmer to pretend to be NTP time. Data recorded
Local Time: 2023-10-09 20:21:15 [INFO] NTP Time: [2023-10-09 21:21:15.359085]: Using the local timmer to pretend to be NTP time. Data recorded
Local Time: 2023-10-09 20:21:15 [INFO] NTP Time: [2023-10-09 21:21:15.482540]: Using the local timmer to pretend to be NTP time. Data recorded
Local Time: 2023-10-09 20:21:15 [INFO] NTP Time: [2023-10-09 21:21:15.604897]: Using the local timmer to pretend to be NTP time. Data recorded
Local Time: 2023-10-09 20:21:15 [INFO] NTP Time: [2023-10-09 21:21:15.727173]: Using the local timmer to pretend to be NTP time. Data recorded
Local Time: 2023-10-09 20:21:15 [INFO] NTP Time: [2023-10-09 21:21:15.850799]: Using the local timmer to pretend to be NTP time. Data recorded
Local Time: 2023-10-09 20:21:15 [INFO] NTP Time: [2023-10-09 21:21:15.982587]: Using the local timmer to pretend to be NTP time. Data recorded
Local Time: 2023-10-09 20:21:16 [INFO] NTP Time: [2023-10-09 21:21:16.105475]: Using the local timmer to pretend to be NTP time. Data recorded
Local Time: 2023-10-09 20:21:16 [INFO] NTP Time: [2023-10-09 21:21:16.228862]: Using the local timmer to pretend to be NTP time. Data recorded
Local Time: 2023-10-09 20:21:16 [INFO] NTP Time: [2023-10-09 21:21:16.352521]: Using the local timmer to pretend to be NTP time. Data recorded
Local Time: 2023-10-09 20:21:16 [INFO] NTP Time: [2023-10-09 21:21:16.475469]: Using the local timmer to pretend to be NTP time. Data recorded
Local Time: 2023-10-09 20:21:16 [INFO] NTP Time: [2023-10-09 21:21:16.599763]: Using the local timmer to pretend to be NTP time. Data recorded
Local Time: 2023-10-09 20:21:16 [INFO] NTP Time: [2023-10-09 21:21:16.725319]: Using the local timmer to pretend to be NTP time. Data recorded
Local Time: 2023-10-09 20:21:16 [INFO] NTP Time: [2023-10-09 21:21:16.850514]: Using the local timmer to pretend to be NTP time. Data recorded
Local Time: 2023-10-09 20:21:16 [INFO] NTP Time: [2023-10-09 21:21:16.973393]: Using the local timmer to pretend to be NTP time. Data recorded
Local Time: 2023-10-09 20:21:17 [INFO] NTP Time: [2023-10-09 21:21:17.097016]: Using the local timmer to pretend to be NTP time. Data recorded
Local Time: 2023-10-09 20:21:17 [INFO] NTP Time: [2023-10-09 21:21:17.219767]: Using the local timmer to pretend to be NTP time. Data recorded
Local Time: 2023-10-09 20:21:17 [INFO] NTP Time: [2023-10-09 21:21:17.343476]: Using the local timmer to pretend to be NTP time. Data recorded
Local Time: 2023-10-09 20:21:17 [INFO] NTP Time: [2023-10-09 21:21:17.467548]: Using the local timmer to pretend to be NTP time. Data recorded
Local Time: 2023-10-09 20:21:17 [INFO] NTP Time: [2023-10-09 21:21:17.593120]: Using the local timmer to pretend to be NTP time. Data recorded
Local Time: 2023-10-09 20:21:17 [INFO] NTP Time: [2023-10-09 21:21:17.717887]: Using the local timmer to pretend to be NTP time. Data recorded
Local Time: 2023-10-09 20:21:17 [INFO] NTP Time: [2023-10-09 21:21:17.840314]: Using the local timmer to pretend to be NTP time. Data recorded
Local Time: 2023-10-09 20:21:17 [INFO] NTP Time: [2023-10-09 21:21:17.962900]: Using the local timmer to pretend to be NTP time. Data recorded
Local Time: 2023-10-09 20:21:18 [INFO] NTP Time: [2023-10-09 21:21:18.086173]: Using the local timmer to pretend to be NTP time. Data recorded
Local Time: 2023-10-09 20:21:18 [INFO] NTP Time: [2023-10-09 21:21:18.213544]: Using the local timmer to pretend to be NTP time. Data recorded
Local Time: 2023-10-09 20:21:18 [INFO] NTP Time: [2023-10-09 21:21:18.337714]: Using the local timmer to pretend to be NTP time. Data recorded
Local Time: 2023-10-09 20:21:18 [INFO] NTP Time: [2023-10-09 21:21:18.461117]: Using the local timmer to pretend to be NTP time. Data recorded
Local Time: 2023-10-09 20:21:18 [INFO] NTP Time: [2023-10-09 21:21:18.584317]: Using the local timmer to pretend to be NTP time. Data recorded
Local Time: 2023-10-09 20:21:18 [INFO] NTP Time: [2023-10-09 21:21:18.708164]: Using the local timmer to pretend to be NTP time. Data recorded
Local Time: 2023-10-09 20:21:18 [INFO] NTP Time: [2023-10-09 21:21:18.831879]: Using the local timmer to pretend to be NTP time. Data recorded
Local Time: 2023-10-09 20:21:18 [INFO] NTP Time: [2023-10-09 21:21:18.955817]: Using the local timmer to pretend to be NTP time. Data recorded
Local Time: 2023-10-09 20:21:19 [INFO] NTP Time: [2023-10-09 21:21:19.081406]: Using the local timmer to pretend to be NTP time. Data recorded
Local Time: 2023-10-09 20:21:19 [INFO] NTP Time: [2023-10-09 21:21:19.206618]: Using the local timmer to pretend to be NTP time. Data recorded
Local Time: 2023-10-09 20:21:19 [INFO] NTP Time: [2023-10-09 21:21:19.330944]: Using the local timmer to pretend to be NTP time. Data recorded
Local Time: 2023-10-09 20:21:19 [INFO] NTP Time: [2023-10-09 21:21:19.454293]: Using the local timmer to pretend to be NTP time. Data recorded
Local Time: 2023-10-09 20:21:19 [INFO] NTP Time: [2023-10-09 21:21:19.577529]: Using the local timmer to pretend to be NTP time. Data recorded
Local Time: 2023-10-09 20:21:19 [INFO] NTP Time: [2023-10-09 21:21:19.701269]: Using the local timmer to pretend to be NTP time. Data recorded
Local Time: 2023-10-09 20:21:19 [INFO] NTP Time: [2023-10-09 21:21:19.832290]: Using the local timmer to pretend to be NTP time. Data recorded
Local Time: 2023-10-09 20:21:19 [INFO] NTP Time: [2023-10-09 21:21:19.957590]: Using the local timmer to pretend to be NTP time. Data recorded
Local Time: 2023-10-09 20:21:20 [INFO] NTP Time: [2023-10-09 21:21:20.083940]: Using the local timmer to pretend to be NTP time. Data recorded
Local Time: 2023-10-09 20:21:20 [INFO] NTP Time: [2023-10-09 21:21:20.207165]: Using the local timmer to pretend to be NTP time. Data recorded
Local Time: 2023-10-09 20:21:20 [INFO] NTP Time: [2023-10-09 21:21:20.331316]: Using the local timmer to pretend to be NTP time. Data recorded
Local Time: 2023-10-09 20:21:20 [INFO] NTP Time: [2023-10-09 21:21:20.457472]: Using the local timmer to pretend to be NTP time. Data recorded
Local Time: 2023-10-09 20:21:20 [INFO] NTP Time: [2023-10-09 21:21:20.581322]: Using the local timmer to pretend to be NTP time. Data recorded
Local Time: 2023-10-09 20:21:20 [INFO] NTP Time: [2023-10-09 21:21:20.707683]: Using the local timmer to pretend to be NTP time. Data recorded
Local Time: 2023-10-09 20:21:20 [INFO] NTP Time: [2023-10-09 21:21:20.831796]: Using the local timmer to pretend to be NTP time. Data recorded
Local Time: 2023-10-09 20:21:20 [INFO] NTP Time: [2023-10-09 21:21:20.955906]: Using the local timmer to pretend to be NTP time. Data recorded
Local Time: 2023-10-09 20:21:21 [INFO] NTP Time: [2023-10-09 21:21:21.083251]: Using the local timmer to pretend to be NTP time. Data recorded
Local Time: 2023-10-09 20:21:21 [INFO] NTP Time: [2023-10-09 21:21:21.207876]: Using the local timmer to pretend to be NTP time. Data recorded
Local Time: 2023-10-09 20:21:21 [INFO] NTP Time: [2023-10-09 21:21:21.332765]: Using the local timmer to pretend to be NTP time. Data recorded
Local Time: 2023-10-09 20:21:21 [INFO] NTP Time: [2023-10-09 21:21:21.456648]: Using the local timmer to pretend to be NTP time. Data recorded
Local Time: 2023-10-09 20:21:21 [INFO] NTP Time: [2023-10-09 21:21:21.581665]: Using the local timmer to pretend to be NTP time. Data recorded
Local Time: 2023-10-09 20:21:21 [INFO] NTP Time: [2023-10-09 21:21:21.709395]: Using the local timmer to pretend to be NTP time. Data recorded
Local Time: 2023-10-09 20:21:21 [INFO] NTP Time: [2023-10-09 21:21:21.833244]: Using the local timmer to pretend to be NTP time. Data recorded
Local Time: 2023-10-09 20:21:21 [INFO] NTP Time: [2023-10-09 21:21:21.956872]: Using the local timmer to pretend to be NTP time. Data recorded
Local Time: 2023-10-09 20:21:22 [INFO] NTP Time: [2023-10-09 21:21:22.080797]: Using the local timmer to pretend to be NTP time. Data recorded
Local Time: 2023-10-09 20:21:22 [INFO] NTP Time: [2023-10-09 21:21:22.204950]: Using the local timmer to pretend to be NTP time. Data recorded
Local Time: 2023-10-09 20:21:22 [INFO] NTP Time: [2023-10-09 21:21:22.329065]: Using the local timmer to pretend to be NTP time. Data recorded
Local Time: 2023-10-09 20:21:22 [INFO] NTP Time: [2023-10-09 21:21:22.454573]: Using the local timmer to pretend to be NTP time. Data recorded
Local Time: 2023-10-09 20:21:22 [INFO] NTP Time: [2023-10-09 21:21:22.578949]: Using the local timmer to pretend to be NTP time. Data recorded
Local Time: 2023-10-09 20:21:22 [INFO] NTP Time: [2023-10-09 21:21:22.704608]: Using the local timmer to pretend to be NTP time. Data recorded
Local Time: 2023-10-09 20:21:22 [INFO] NTP Time: [2023-10-09 21:21:22.851981]: Using the local timmer to pretend to be NTP time. Data recorded
Local Time: 2023-10-09 20:21:22 [INFO] NTP Time: [2023-10-09 21:21:22.976315]: Using the local timmer to pretend to be NTP time. Data recorded
Local Time: 2023-10-09 20:21:23 [INFO] NTP Time: [2023-10-09 21:21:23.101412]: Using the local timmer to pretend to be NTP time. Data recorded
Local Time: 2023-10-09 20:21:23 [INFO] NTP Time: [2023-10-09 21:21:23.227431]: Using the local timmer to pretend to be NTP time. Data recorded
Local Time: 2023-10-09 20:21:23 [INFO] NTP Time: [2023-10-09 21:21:23.352790]: Using the local timmer to pretend to be NTP time. Data recorded
Local Time: 2023-10-09 20:21:23 [INFO] NTP Time: [2023-10-09 21:21:23.485954]: Using the local timmer to pretend to be NTP time. Data recorded
Local Time: 2023-10-09 20:21:23 [INFO] NTP Time: [2023-10-09 21:21:23.611721]: Using the local timmer to pretend to be NTP time. Data recorded
Local Time: 2023-10-09 20:21:23 [INFO] NTP Time: [2023-10-09 21:21:23.741379]: Using the local timmer to pretend to be NTP time. Data recorded
Local Time: 2023-10-09 20:21:23 [INFO] NTP Time: [2023-10-09 21:21:23.867723]: Using the local timmer to pretend to be NTP time. Data recorded
Local Time: 2023-10-09 20:21:23 [INFO] NTP Time: [2023-10-09 21:21:23.992251]: Using the local timmer to pretend to be NTP time. Data recorded
Local Time: 2023-10-09 20:21:24 [INFO] NTP Time: [2023-10-09 21:21:24.116184]: Using the local timmer to pretend to be NTP time. Data recorded
Local Time: 2023-10-09 20:21:24 [INFO] NTP Time: [2023-10-09 21:21:24.241113]: Using the local timmer to pretend to be NTP time. Data recorded
Local Time: 2023-10-09 20:21:24 [INFO] NTP Time: [2023-10-09 21:21:24.369371]: Using the local timmer to pretend to be NTP time. Data recorded
Local Time: 2023-10-09 20:21:24 [INFO] NTP Time: [2023-10-09 21:21:24.495005]: Using the local timmer to pretend to be NTP time. Data recorded
Local Time: 2023-10-09 20:21:24 [INFO] NTP Time: [2023-10-09 21:21:24.619148]: Using the local timmer to pretend to be NTP time. Data recorded
Local Time: 2023-10-09 20:21:24 [INFO] NTP Time: [2023-10-09 21:21:24.744192]: Using the local timmer to pretend to be NTP time. Data recorded
Local Time: 2023-10-09 20:21:24 [INFO] NTP Time: [2023-10-09 21:21:24.868343]: Using the local timmer to pretend to be NTP time. Data recorded
Local Time: 2023-10-09 20:21:24 [INFO] NTP Time: [2023-10-09 21:21:24.992990]: Using the local timmer to pretend to be NTP time. Data recorded
Local Time: 2023-10-09 20:21:25 [INFO] NTP Time: [2023-10-09 21:21:25.119889]: Using the local timmer to pretend to be NTP time. Data recorded
Local Time: 2023-10-09 20:21:25 [INFO] NTP Time: [2023-10-09 21:21:25.244520]: Using the local timmer to pretend to be NTP time. Data recorded
Local Time: 2023-10-09 20:21:25 [INFO] NTP Time: [2023-10-09 21:21:25.369271]: Using the local timmer to pretend to be NTP time. Data recorded
Local Time: 2023-10-09 20:21:25 [INFO] NTP Time: [2023-10-09 21:21:25.493558]: Using the local timmer to pretend to be NTP time. Data recorded
Local Time: 2023-10-09 20:21:25 [INFO] NTP Time: [2023-10-09 21:21:25.618445]: Using the local timmer to pretend to be NTP time. Data recorded
Local Time: 2023-10-09 20:21:25 [INFO] NTP Time: [2023-10-09 21:21:25.742534]: Using the local timmer to pretend to be NTP time. Data recorded
Local Time: 2023-10-09 20:21:25 [INFO] NTP Time: [2023-10-09 21:21:25.867259]: Using the local timmer to pretend to be NTP time. Data recorded
Local Time: 2023-10-09 20:21:25 [INFO] NTP Time: [2023-10-09 21:21:25.992014]: Using the local timmer to pretend to be NTP time. Data recorded
Local Time: 2023-10-09 20:21:26 [INFO] NTP Time: [2023-10-09 21:21:26.122071]: Using the local timmer to pretend to be NTP time. Data recorded
Local Time: 2023-10-09 20:21:26 [INFO] NTP Time: [2023-10-09 21:21:26.246837]: Using the local timmer to pretend to be NTP time. Data recorded
Local Time: 2023-10-09 20:21:26 [INFO] NTP Time: [2023-10-09 21:21:26.372787]: Using the local timmer to pretend to be NTP time. Data recorded
Local Time: 2023-10-09 20:21:26 [INFO] NTP Time: [2023-10-09 21:21:26.498605]: Using the local timmer to pretend to be NTP time. Data recorded
Local Time: 2023-10-09 20:21:26 [INFO] NTP Time: [2023-10-09 21:21:26.623580]: Using the local timmer to pretend to be NTP time. Data recorded
Local Time: 2023-10-09 20:21:26 [INFO] NTP Time: [2023-10-09 21:21:26.747883]: Using the local timmer to pretend to be NTP time. Data recorded
Local Time: 2023-10-09 20:21:26 [INFO] NTP Time: [2023-10-09 21:21:26.874320]: Using the local timmer to pretend to be NTP time. Data recorded
Local Time: 2023-10-09 20:21:27 [INFO] NTP Time: [2023-10-09 21:21:27.000949]: Using the local timmer to pretend to be NTP time. Data recorded
Local Time: 2023-10-09 20:21:27 [INFO] NTP Time: [2023-10-09 21:21:27.128304]: Using the local timmer to pretend to be NTP time. Data recorded
Local Time: 2023-10-09 20:21:27 [INFO] NTP Time: [2023-10-09 21:21:27.253454]: Using the local timmer to pretend to be NTP time. Data recorded
Local Time: 2023-10-09 20:21:27 [INFO] NTP Time: [2023-10-09 21:21:27.379170]: Using the local timmer to pretend to be NTP time. Data recorded
Local Time: 2023-10-09 20:21:27 [INFO] NTP Time: [2023-10-09 21:21:27.503925]: Using the local timmer to pretend to be NTP time. Data recorded
Local Time: 2023-10-09 20:21:27 [INFO] NTP Time: [2023-10-09 21:21:27.629605]: Using the local timmer to pretend to be NTP time. Data recorded
Local Time: 2023-10-09 20:21:27 [INFO] NTP Time: [2023-10-09 21:21:27.758592]: Using the local timmer to pretend to be NTP time. Data recorded
Local Time: 2023-10-09 20:21:27 [INFO] NTP Time: [2023-10-09 21:21:27.885309]: Using the local timmer to pretend to be NTP time. Data recorded
Local Time: 2023-10-09 20:21:28 [INFO] NTP Time: [2023-10-09 21:21:28.013431]: Using the local timmer to pretend to be NTP time. Data recorded
Local Time: 2023-10-09 20:21:28 [INFO] NTP Time: [2023-10-09 21:21:28.142011]: Using the local timmer to pretend to be NTP time. Data recorded
Local Time: 2023-10-09 20:21:28 [INFO] NTP Time: [2023-10-09 21:21:28.267184]: Using the local timmer to pretend to be NTP time. Data recorded
Local Time: 2023-10-09 20:21:28 [INFO] NTP Time: [2023-10-09 21:21:28.393328]: Using the local timmer to pretend to be NTP time. Data recorded
Local Time: 2023-10-09 20:21:28 [INFO] NTP Time: [2023-10-09 21:21:28.519419]: Using the local timmer to pretend to be NTP time. Data recorded
Local Time: 2023-10-09 20:21:28 [INFO] NTP Time: [2023-10-09 21:21:28.646198]: Using the local timmer to pretend to be NTP time. Data recorded
Local Time: 2023-10-09 20:21:28 [INFO] NTP Time: [2023-10-09 21:21:28.773180]: Using the local timmer to pretend to be NTP time. Data recorded
Local Time: 2023-10-09 20:21:28 [INFO] NTP Time: [2023-10-09 21:21:28.899991]: Using the local timmer to pretend to be NTP time. Data recorded
Local Time: 2023-10-09 20:21:29 [INFO] NTP Time: [2023-10-09 21:21:29.025969]: Using the local timmer to pretend to be NTP time. Data recorded
Local Time: 2023-10-09 20:21:29 [INFO] NTP Time: [2023-10-09 21:21:29.157004]: Using the local timmer to pretend to be NTP time. Data recorded
Local Time: 2023-10-09 20:21:29 [INFO] NTP Time: [2023-10-09 21:21:29.283066]: Using the local timmer to pretend to be NTP time. Data recorded
Local Time: 2023-10-09 20:21:29 [INFO] NTP Time: [2023-10-09 21:21:29.416059]: Using the local timmer to pretend to be NTP time. Data recorded
Local Time: 2023-10-09 20:21:29 [INFO] NTP Time: [2023-10-09 21:21:29.542168]: Using the local timmer to pretend to be NTP time. Data recorded
Local Time: 2023-10-09 20:21:29 [INFO] NTP Time: [2023-10-09 21:21:29.669751]: Using the local timmer to pretend to be NTP time. Data recorded
Local Time: 2023-10-09 20:21:29 [INFO] NTP Time: [2023-10-09 21:21:29.797024]: Using the local timmer to pretend to be NTP time. Data recorded
Local Time: 2023-10-09 20:21:29 [INFO] NTP Time: [2023-10-09 21:21:29.922934]: Using the local timmer to pretend to be NTP time. Data recorded
Local Time: 2023-10-09 20:21:30 [INFO] NTP Time: [2023-10-09 21:21:30.048957]: Using the local timmer to pretend to be NTP time. Data recorded
Local Time: 2023-10-09 20:21:30 [INFO] NTP Time: [2023-10-09 21:21:30.174681]: Using the local timmer to pretend to be NTP time. Data recorded
Local Time: 2023-10-09 20:21:30 [INFO] NTP Time: [2023-10-09 21:21:30.300631]: Using the local timmer to pretend to be NTP time. Data recorded
Local Time: 2023-10-09 20:21:30 [INFO] NTP Time: [2023-10-09 21:21:30.427196]: Using the local timmer to pretend to be NTP time. Data recorded
Local Time: 2023-10-09 20:21:30 [INFO] NTP Time: [2023-10-09 21:21:30.554701]: Using the local timmer to pretend to be NTP time. Data recorded
Local Time: 2023-10-09 20:21:30 [INFO] NTP Time: [2023-10-09 21:21:30.681402]: Using the local timmer to pretend to be NTP time. Data recorded
Local Time: 2023-10-09 20:21:30 [INFO] NTP Time: [2023-10-09 21:21:30.808622]: Using the local timmer to pretend to be NTP time. Data recorded
Local Time: 2023-10-09 20:21:30 [INFO] NTP Time: [2023-10-09 21:21:30.934485]: Using the local timmer to pretend to be NTP time. Data recorded
Local Time: 2023-10-09 20:21:31 [INFO] NTP Time: [2023-10-09 21:21:31.060216]: Using the local timmer to pretend to be NTP time. Data recorded
Local Time: 2023-10-09 20:21:31 [INFO] NTP Time: [2023-10-09 21:21:31.185971]: Using the local timmer to pretend to be NTP time. Data recorded
Local Time: 2023-10-09 20:21:31 [INFO] NTP Time: [2023-10-09 21:21:31.312518]: Using the local timmer to pretend to be NTP time. Data recorded
Local Time: 2023-10-09 20:21:31 [INFO] NTP Time: [2023-10-09 21:21:31.444335]: Using the local timmer to pretend to be NTP time. Data recorded
Local Time: 2023-10-09 20:21:31 [INFO] NTP Time: [2023-10-09 21:21:31.570687]: Using the local timmer to pretend to be NTP time. Data recorded
Local Time: 2023-10-09 20:21:31 [INFO] NTP Time: [2023-10-09 21:21:31.702048]: Using the local timmer to pretend to be NTP time. Data recorded
Local Time: 2023-10-09 20:21:31 [INFO] NTP Time: [2023-10-09 21:21:31.833494]: Using the local timmer to pretend to be NTP time. Data recorded
Local Time: 2023-10-09 20:21:31 [INFO] NTP Time: [2023-10-09 21:21:31.959364]: Using the local timmer to pretend to be NTP time. Data recorded
Local Time: 2023-10-09 20:21:32 [INFO] NTP Time: [2023-10-09 21:21:32.087146]: Using the local timmer to pretend to be NTP time. Data recorded
Local Time: 2023-10-09 20:21:32 [INFO] NTP Time: [2023-10-09 21:21:32.213487]: Using the local timmer to pretend to be NTP time. Data recorded
Local Time: 2023-10-09 20:21:32 [INFO] NTP Time: [2023-10-09 21:21:32.340371]: Using the local timmer to pretend to be NTP time. Data recorded
Local Time: 2023-10-09 20:21:32 [INFO] NTP Time: [2023-10-09 21:21:32.469542]: Using the local timmer to pretend to be NTP time. Data recorded
Local Time: 2023-10-09 20:21:32 [INFO] NTP Time: [2023-10-09 21:21:32.596645]: Using the local timmer to pretend to be NTP time. Data recorded
Local Time: 2023-10-09 20:21:32 [INFO] NTP Time: [2023-10-09 21:21:32.724456]: Using the local timmer to pretend to be NTP time. Data recorded
Local Time: 2023-10-09 20:21:32 [INFO] NTP Time: [2023-10-09 21:21:32.850443]: Using the local timmer to pretend to be NTP time. Data recorded
Local Time: 2023-10-09 20:21:32 [INFO] NTP Time: [2023-10-09 21:21:32.976168]: Using the local timmer to pretend to be NTP time. Data recorded
Local Time: 2023-10-09 20:21:33 [INFO] NTP Time: [2023-10-09 21:21:33.103088]: Using the local timmer to pretend to be NTP time. Data recorded
Local Time: 2023-10-09 20:21:33 [INFO] NTP Time: [2023-10-09 21:21:33.229278]: Using the local timmer to pretend to be NTP time. Data recorded
Local Time: 2023-10-09 20:21:33 [INFO] NTP Time: [2023-10-09 21:21:33.355800]: Using the local timmer to pretend to be NTP time. Data recorded
Local Time: 2023-10-09 20:21:33 [INFO] NTP Time: [2023-10-09 21:21:33.485071]: Using the local timmer to pretend to be NTP time. Data recorded
Local Time: 2023-10-09 20:21:33 [INFO] NTP Time: [2023-10-09 21:21:33.612515]: Using the local timmer to pretend to be NTP time. Data recorded
Local Time: 2023-10-09 20:21:33 [INFO] NTP Time: [2023-10-09 21:21:33.744450]: Using the local timmer to pretend to be NTP time. Data recorded
Local Time: 2023-10-09 20:21:33 [INFO] NTP Time: [2023-10-09 21:21:33.871206]: Using the local timmer to pretend to be NTP time. Data recorded
Local Time: 2023-10-09 20:21:34 [INFO] NTP Time: [2023-10-09 21:21:34.023206]: Using the local timmer to pretend to be NTP time. Data recorded
Local Time: 2023-10-09 20:21:34 [INFO] NTP Time: [2023-10-09 21:21:34.150632]: Using the local timmer to pretend to be NTP time. Data recorded
Local Time: 2023-10-09 20:21:34 [INFO] NTP Time: [2023-10-09 21:21:34.277154]: Using the local timmer to pretend to be NTP time. Data recorded
Local Time: 2023-10-09 20:21:34 [INFO] NTP Time: [2023-10-09 21:21:34.403941]: Using the local timmer to pretend to be NTP time. Data recorded
Local Time: 2023-10-09 20:21:34 [INFO] NTP Time: [2023-10-09 21:21:34.531198]: Using the local timmer to pretend to be NTP time. Data recorded
Local Time: 2023-10-09 20:21:34 [INFO] NTP Time: [2023-10-09 21:21:34.660728]: Using the local timmer to pretend to be NTP time. Data recorded
Local Time: 2023-10-09 20:21:34 [INFO] NTP Time: [2023-10-09 21:21:34.794584]: Using the local timmer to pretend to be NTP time. Data recorded
Local Time: 2023-10-09 20:21:34 [INFO] NTP Time: [2023-10-09 21:21:34.925479]: Using the local timmer to pretend to be NTP time. Data recorded
Local Time: 2023-10-09 20:21:35 [INFO] NTP Time: [2023-10-09 21:21:35.052051]: Using the local timmer to pretend to be NTP time. Data recorded
Local Time: 2023-10-09 20:21:35 [INFO] NTP Time: [2023-10-09 21:21:35.180528]: Using the local timmer to pretend to be NTP time. Data recorded
Local Time: 2023-10-09 20:21:35 [INFO] NTP Time: [2023-10-09 21:21:35.307284]: Using the local timmer to pretend to be NTP time. Data recorded
Local Time: 2023-10-09 20:21:35 [INFO] NTP Time: [2023-10-09 21:21:35.437937]: Using the local timmer to pretend to be NTP time. Data recorded
Local Time: 2023-10-09 20:21:35 [INFO] NTP Time: [2023-10-09 21:21:35.566456]: Using the local timmer to pretend to be NTP time. Data recorded
Local Time: 2023-10-09 20:21:35 [INFO] NTP Time: [2023-10-09 21:21:35.695416]: Using the local timmer to pretend to be NTP time. Data recorded
Local Time: 2023-10-09 20:21:35 [INFO] NTP Time: [2023-10-09 21:21:35.829944]: Using the local timmer to pretend to be NTP time. Data recorded
Local Time: 2023-10-09 20:21:35 [INFO] NTP Time: [2023-10-09 21:21:35.958674]: Using the local timmer to pretend to be NTP time. Data recorded
Local Time: 2023-10-09 20:21:36 [INFO] NTP Time: [2023-10-09 21:21:36.085780]: Using the local timmer to pretend to be NTP time. Data recorded
Local Time: 2023-10-09 20:21:36 [INFO] NTP Time: [2023-10-09 21:21:36.212451]: Using the local timmer to pretend to be NTP time. Data recorded
Local Time: 2023-10-09 20:21:36 [INFO] NTP Time: [2023-10-09 21:21:36.348260]: Using the local timmer to pretend to be NTP time. Data recorded
Local Time: 2023-10-09 20:21:36 [INFO] NTP Time: [2023-10-09 21:21:36.475568]: Using the local timmer to pretend to be NTP time. Data recorded
Local Time: 2023-10-09 20:21:36 [INFO] NTP Time: [2023-10-09 21:21:36.603556]: Using the local timmer to pretend to be NTP time. Data recorded
Local Time: 2023-10-09 20:21:36 [INFO] NTP Time: [2023-10-09 21:21:36.730399]: Using the local timmer to pretend to be NTP time. Data recorded
Local Time: 2023-10-09 20:21:36 [INFO] NTP Time: [2023-10-09 21:21:36.859304]: Using the local timmer to pretend to be NTP time. Data recorded
Local Time: 2023-10-09 20:21:36 [INFO] NTP Time: [2023-10-09 21:21:36.998607]: Using the local timmer to pretend to be NTP time. Data recorded
Local Time: 2023-10-09 20:21:37 [INFO] NTP Time: [2023-10-09 21:21:37.132154]: Using the local timmer to pretend to be NTP time. Data recorded
Local Time: 2023-10-09 20:21:37 [INFO] NTP Time: [2023-10-09 21:21:37.267312]: Using the local timmer to pretend to be NTP time. Data recorded
Local Time: 2023-10-09 20:21:37 [INFO] NTP Time: [2023-10-09 21:21:37.403421]: Using the local timmer to pretend to be NTP time. Data recorded
Local Time: 2023-10-09 20:21:37 [INFO] NTP Time: [2023-10-09 21:21:37.531840]: Using the local timmer to pretend to be NTP time. Data recorded
Local Time: 2023-10-09 20:21:37 [INFO] NTP Time: [2023-10-09 21:21:37.658740]: Using the local timmer to pretend to be NTP time. Data recorded
Local Time: 2023-10-09 20:21:37 [INFO] NTP Time: [2023-10-09 21:21:37.785817]: Using the local timmer to pretend to be NTP time. Data recorded
Local Time: 2023-10-09 20:21:37 [INFO] NTP Time: [2023-10-09 21:21:37.913877]: Using the local timmer to pretend to be NTP time. Data recorded
Local Time: 2023-10-09 20:21:38 [INFO] NTP Time: [2023-10-09 21:21:38.043639]: Using the local timmer to pretend to be NTP time. Data recorded
Local Time: 2023-10-09 20:21:38 [INFO] NTP Time: [2023-10-09 21:21:38.175917]: Using the local timmer to pretend to be NTP time. Data recorded
Local Time: 2023-10-09 20:21:38 [INFO] NTP Time: [2023-10-09 21:21:38.306123]: Using the local timmer to pretend to be NTP time. Data recorded
Local Time: 2023-10-09 20:21:38 [INFO] NTP Time: [2023-10-09 21:21:38.436761]: Using the local timmer to pretend to be NTP time. Data recorded
Local Time: 2023-10-09 20:21:38 [INFO] NTP Time: [2023-10-09 21:21:38.567495]: Using the local timmer to pretend to be NTP time. Data recorded
Local Time: 2023-10-09 20:21:38 [INFO] NTP Time: [2023-10-09 21:21:38.694457]: Using the local timmer to pretend to be NTP time. Data recorded
Local Time: 2023-10-09 20:21:38 [INFO] NTP Time: [2023-10-09 21:21:38.822566]: Using the local timmer to pretend to be NTP time. Data recorded
Local Time: 2023-10-09 20:21:38 [INFO] NTP Time: [2023-10-09 21:21:38.950562]: Using the local timmer to pretend to be NTP time. Data recorded
Local Time: 2023-10-09 20:21:39 [INFO] NTP Time: [2023-10-09 21:21:39.079263]: Using the local timmer to pretend to be NTP time. Data recorded
Local Time: 2023-10-09 20:21:39 [INFO] NTP Time: [2023-10-09 21:21:39.207901]: Using the local timmer to pretend to be NTP time. Data recorded
Local Time: 2023-10-09 20:21:39 [INFO] NTP Time: [2023-10-09 21:21:39.337107]: Using the local timmer to pretend to be NTP time. Data recorded
Local Time: 2023-10-09 20:21:39 [INFO] NTP Time: [2023-10-09 21:21:39.465273]: Using the local timmer to pretend to be NTP time. Data recorded
Local Time: 2023-10-09 20:21:39 [INFO] NTP Time: [2023-10-09 21:21:39.592016]: Using the local timmer to pretend to be NTP time. Data recorded
Local Time: 2023-10-09 20:21:39 [INFO] NTP Time: [2023-10-09 21:21:39.724466]: Using the local timmer to pretend to be NTP time. Data recorded
Local Time: 2023-10-09 20:21:39 [INFO] NTP Time: [2023-10-09 21:21:39.851845]: Using the local timmer to pretend to be NTP time. Data recorded
Local Time: 2023-10-09 20:21:39 [INFO] NTP Time: [2023-10-09 21:21:39.989493]: Using the local timmer to pretend to be NTP time. Data recorded
Local Time: 2023-10-09 20:21:40 [INFO] NTP Time: [2023-10-09 21:21:40.025407]: End recording by a terminate action.
