Local Time: 2023-10-09 21:41:42 [INFO] NTP Time: [2023-10-09 22:41:42.776431]: Loaded configuration: {'participant': {'id': 'P001', 'age': '25', 'gender': 'M', 'ethnicity': 'Caucasian', 'height': '165', 'weight': '65'}, 'experiment': {'date': '2022-01-01', 'time': '14:00:00', 'condition': 'HW101M', 'group': 'A', 'illumination_level': 'low'}, 'task_info': {'task_name': 'Task1', 'trial_number': '5'}, 'notes': {'comments': 'Participant seemed tired during the session.'}, 'label_info': {'activity': 'sit'}}
Local Time: 2023-10-09 21:41:42 [INFO] NTP Time: [2023-10-09 22:41:42.776541]: Loaded mmwave configuration: {'setting1': 'value1', 'setting2': 'value2', 'Data storage location': 'AWR1843-Read-Data-Python-MMWAVE-SDK-3--master/data', 'mmwave_Datatype': 'dictionary'}
Local Time: 2023-10-09 21:41:43 [INFO] NTP Time: [2023-10-09 22:41:43.605074]: Using NTP time as the start timmer.
Local Time: 2023-10-09 21:41:43 [INFO] NTP Time: [2023-10-09 22:41:43.711656]: Using the local timmer to pretend to be NTP time. Data recorded
Local Time: 2023-10-09 21:41:43 [INFO] NTP Time: [2023-10-09 22:41:43.817739]: Using the local timmer to pretend to be NTP time. Data recorded
Local Time: 2023-10-09 21:41:43 [INFO] NTP Time: [2023-10-09 22:41:43.923353]: Using the local timmer to pretend to be NTP time. Data recorded
Local Time: 2023-10-09 21:41:44 [INFO] NTP Time: [2023-10-09 22:41:44.031615]: Using the local timmer to pretend to be NTP time. Data recorded
Local Time: 2023-10-09 21:41:44 [INFO] NTP Time: [2023-10-09 22:41:44.137268]: Using the local timmer to pretend to be NTP time. Data recorded
Local Time: 2023-10-09 21:41:44 [INFO] NTP Time: [2023-10-09 22:41:44.254855]: Using the local timmer to pretend to be NTP time. Data recorded
Local Time: 2023-10-09 21:41:44 [INFO] NTP Time: [2023-10-09 22:41:44.360465]: Using the local timmer to pretend to be NTP time. Data recorded
Local Time: 2023-10-09 21:41:44 [INFO] NTP Time: [2023-10-09 22:41:44.468110]: Using the local timmer to pretend to be NTP time. Data recorded
Local Time: 2023-10-09 21:41:44 [INFO] NTP Time: [2023-10-09 22:41:44.574807]: Using the local timmer to pretend to be NTP time. Data recorded
Local Time: 2023-10-09 21:41:44 [INFO] NTP Time: [2023-10-09 22:41:44.681329]: Using the local timmer to pretend to be NTP time. Data recorded
Local Time: 2023-10-09 21:41:44 [INFO] NTP Time: [2023-10-09 22:41:44.827689]: Using the local timmer to pretend to be NTP time. Data recorded
Local Time: 2023-10-09 21:41:44 [INFO] NTP Time: [2023-10-09 22:41:44.935795]: Using the local timmer to pretend to be NTP time. Data recorded
Local Time: 2023-10-09 21:41:45 [INFO] NTP Time: [2023-10-09 22:41:45.043385]: Using the local timmer to pretend to be NTP time. Data recorded
Local Time: 2023-10-09 21:41:45 [INFO] NTP Time: [2023-10-09 22:41:45.148350]: Using the local timmer to pretend to be NTP time. Data recorded
Local Time: 2023-10-09 21:41:45 [INFO] NTP Time: [2023-10-09 22:41:45.255189]: Using the local timmer to pretend to be NTP time. Data recorded
Local Time: 2023-10-09 21:41:45 [INFO] NTP Time: [2023-10-09 22:41:45.380241]: Using the local timmer to pretend to be NTP time. Data recorded
Local Time: 2023-10-09 21:41:45 [INFO] NTP Time: [2023-10-09 22:41:45.488219]: Using the local timmer to pretend to be NTP time. Data recorded
Local Time: 2023-10-09 21:41:45 [INFO] NTP Time: [2023-10-09 22:41:45.594926]: Using the local timmer to pretend to be NTP time. Data recorded
Local Time: 2023-10-09 21:41:45 [INFO] NTP Time: [2023-10-09 22:41:45.702065]: Using the local timmer to pretend to be NTP time. Data recorded
Local Time: 2023-10-09 21:41:45 [INFO] NTP Time: [2023-10-09 22:41:45.809774]: Using the local timmer to pretend to be NTP time. Data recorded
Local Time: 2023-10-09 21:41:45 [INFO] NTP Time: [2023-10-09 22:41:45.915980]: Using the local timmer to pretend to be NTP time. Data recorded
Local Time: 2023-10-09 21:41:46 [INFO] NTP Time: [2023-10-09 22:41:46.022726]: Using the local timmer to pretend to be NTP time. Data recorded
Local Time: 2023-10-09 21:41:46 [INFO] NTP Time: [2023-10-09 22:41:46.160800]: Using the local timmer to pretend to be NTP time. Data recorded
Local Time: 2023-10-09 21:41:46 [INFO] NTP Time: [2023-10-09 22:41:46.269629]: Using the local timmer to pretend to be NTP time. Data recorded
Local Time: 2023-10-09 21:41:46 [INFO] NTP Time: [2023-10-09 22:41:46.376089]: Using the local timmer to pretend to be NTP time. Data recorded
Local Time: 2023-10-09 21:41:46 [INFO] NTP Time: [2023-10-09 22:41:46.482553]: Using the local timmer to pretend to be NTP time. Data recorded
Local Time: 2023-10-09 21:41:46 [INFO] NTP Time: [2023-10-09 22:41:46.589821]: Using the local timmer to pretend to be NTP time. Data recorded
Local Time: 2023-10-09 21:41:46 [INFO] NTP Time: [2023-10-09 22:41:46.725187]: Using the local timmer to pretend to be NTP time. Data recorded
Local Time: 2023-10-09 21:41:46 [INFO] NTP Time: [2023-10-09 22:41:46.833743]: Using the local timmer to pretend to be NTP time. Data recorded
Local Time: 2023-10-09 21:41:46 [INFO] NTP Time: [2023-10-09 22:41:46.942822]: Using the local timmer to pretend to be NTP time. Data recorded
Local Time: 2023-10-09 21:41:47 [INFO] NTP Time: [2023-10-09 22:41:47.050200]: Using the local timmer to pretend to be NTP time. Data recorded
Local Time: 2023-10-09 21:41:47 [INFO] NTP Time: [2023-10-09 22:41:47.234968]: Using the local timmer to pretend to be NTP time. Data recorded
Local Time: 2023-10-09 21:41:47 [INFO] NTP Time: [2023-10-09 22:41:47.354314]: Using the local timmer to pretend to be NTP time. Data recorded
Local Time: 2023-10-09 21:41:47 [INFO] NTP Time: [2023-10-09 22:41:47.461929]: Using the local timmer to pretend to be NTP time. Data recorded
Local Time: 2023-10-09 21:41:47 [INFO] NTP Time: [2023-10-09 22:41:47.573046]: Using the local timmer to pretend to be NTP time. Data recorded
Local Time: 2023-10-09 21:41:47 [INFO] NTP Time: [2023-10-09 22:41:47.716346]: Using the local timmer to pretend to be NTP time. Data recorded
Local Time: 2023-10-09 21:41:48 [INFO] NTP Time: [2023-10-09 22:41:48.030476]: Using the local timmer to pretend to be NTP time. Data recorded
Local Time: 2023-10-09 21:41:48 [INFO] NTP Time: [2023-10-09 22:41:48.160823]: Using the local timmer to pretend to be NTP time. Data recorded
Local Time: 2023-10-09 21:41:48 [INFO] NTP Time: [2023-10-09 22:41:48.274400]: Using the local timmer to pretend to be NTP time. Data recorded
Local Time: 2023-10-09 21:41:48 [INFO] NTP Time: [2023-10-09 22:41:48.380954]: Using the local timmer to pretend to be NTP time. Data recorded
Local Time: 2023-10-09 21:41:48 [INFO] NTP Time: [2023-10-09 22:41:48.488300]: Using the local timmer to pretend to be NTP time. Data recorded
Local Time: 2023-10-09 21:41:48 [INFO] NTP Time: [2023-10-09 22:41:48.595092]: Using the local timmer to pretend to be NTP time. Data recorded
Local Time: 2023-10-09 21:41:48 [INFO] NTP Time: [2023-10-09 22:41:48.702737]: Using the local timmer to pretend to be NTP time. Data recorded
Local Time: 2023-10-09 21:41:48 [INFO] NTP Time: [2023-10-09 22:41:48.814181]: Using the local timmer to pretend to be NTP time. Data recorded
Local Time: 2023-10-09 21:41:48 [INFO] NTP Time: [2023-10-09 22:41:48.939113]: Using the local timmer to pretend to be NTP time. Data recorded
Local Time: 2023-10-09 21:41:49 [INFO] NTP Time: [2023-10-09 22:41:49.054309]: Using the local timmer to pretend to be NTP time. Data recorded
Local Time: 2023-10-09 21:41:49 [INFO] NTP Time: [2023-10-09 22:41:49.178501]: Using the local timmer to pretend to be NTP time. Data recorded
Local Time: 2023-10-09 21:41:49 [INFO] NTP Time: [2023-10-09 22:41:49.288121]: Using the local timmer to pretend to be NTP time. Data recorded
Local Time: 2023-10-09 21:41:49 [INFO] NTP Time: [2023-10-09 22:41:49.407369]: Using the local timmer to pretend to be NTP time. Data recorded
Local Time: 2023-10-09 21:41:49 [INFO] NTP Time: [2023-10-09 22:41:49.591642]: Using the local timmer to pretend to be NTP time. Data recorded
Local Time: 2023-10-09 21:41:49 [INFO] NTP Time: [2023-10-09 22:41:49.728083]: Using the local timmer to pretend to be NTP time. Data recorded
Local Time: 2023-10-09 21:41:49 [INFO] NTP Time: [2023-10-09 22:41:49.860905]: Using the local timmer to pretend to be NTP time. Data recorded
Local Time: 2023-10-09 21:41:49 [INFO] NTP Time: [2023-10-09 22:41:49.980057]: Using the local timmer to pretend to be NTP time. Data recorded
Local Time: 2023-10-09 21:41:50 [INFO] NTP Time: [2023-10-09 22:41:50.087302]: Using the local timmer to pretend to be NTP time. Data recorded
Local Time: 2023-10-09 21:41:50 [INFO] NTP Time: [2023-10-09 22:41:50.194197]: Using the local timmer to pretend to be NTP time. Data recorded
Local Time: 2023-10-09 21:41:50 [INFO] NTP Time: [2023-10-09 22:41:50.305542]: Using the local timmer to pretend to be NTP time. Data recorded
Local Time: 2023-10-09 21:41:50 [INFO] NTP Time: [2023-10-09 22:41:50.415317]: Using the local timmer to pretend to be NTP time. Data recorded
Local Time: 2023-10-09 21:41:50 [INFO] NTP Time: [2023-10-09 22:41:50.524107]: Using the local timmer to pretend to be NTP time. Data recorded
Local Time: 2023-10-09 21:41:50 [INFO] NTP Time: [2023-10-09 22:41:50.637247]: Using the local timmer to pretend to be NTP time. Data recorded
Local Time: 2023-10-09 21:41:50 [INFO] NTP Time: [2023-10-09 22:41:50.749152]: Using the local timmer to pretend to be NTP time. Data recorded
Local Time: 2023-10-09 21:41:50 [INFO] NTP Time: [2023-10-09 22:41:50.859291]: Using the local timmer to pretend to be NTP time. Data recorded
Local Time: 2023-10-09 21:41:50 [INFO] NTP Time: [2023-10-09 22:41:50.974353]: Using the local timmer to pretend to be NTP time. Data recorded
Local Time: 2023-10-09 21:41:51 [INFO] NTP Time: [2023-10-09 22:41:51.091918]: Using the local timmer to pretend to be NTP time. Data recorded
Local Time: 2023-10-09 21:41:51 [INFO] NTP Time: [2023-10-09 22:41:51.201977]: Using the local timmer to pretend to be NTP time. Data recorded
Local Time: 2023-10-09 21:41:51 [INFO] NTP Time: [2023-10-09 22:41:51.312961]: Using the local timmer to pretend to be NTP time. Data recorded
Local Time: 2023-10-09 21:41:51 [INFO] NTP Time: [2023-10-09 22:41:51.422636]: Using the local timmer to pretend to be NTP time. Data recorded
Local Time: 2023-10-09 21:41:51 [INFO] NTP Time: [2023-10-09 22:41:51.531382]: Using the local timmer to pretend to be NTP time. Data recorded
Local Time: 2023-10-09 21:41:51 [INFO] NTP Time: [2023-10-09 22:41:51.640876]: Using the local timmer to pretend to be NTP time. Data recorded
Local Time: 2023-10-09 21:41:51 [INFO] NTP Time: [2023-10-09 22:41:51.778167]: Using the local timmer to pretend to be NTP time. Data recorded
Local Time: 2023-10-09 21:41:51 [INFO] NTP Time: [2023-10-09 22:41:51.888051]: Using the local timmer to pretend to be NTP time. Data recorded
Local Time: 2023-10-09 21:41:52 [INFO] NTP Time: [2023-10-09 22:41:52.061719]: Using the local timmer to pretend to be NTP time. Data recorded
Local Time: 2023-10-09 21:41:52 [INFO] NTP Time: [2023-10-09 22:41:52.253455]: Using the local timmer to pretend to be NTP time. Data recorded
Local Time: 2023-10-09 21:41:52 [INFO] NTP Time: [2023-10-09 22:41:52.257988]: End recording by a terminate action.
