Local Time: 2023-10-09 20:01:13 [INFO] NTP Time: [2023-10-09 21:01:13.068540]: Loaded configuration: {'participant': {'id': 'P001', 'age': '25', 'gender': 'M', 'ethnicity': 'Caucasian', 'height': '165', 'weight': '65'}, 'experiment': {'date': '2022-01-01', 'time': '14:00:00', 'condition': 'HW101M', 'group': 'A', 'illumination_level': 'low'}, 'task_info': {'task_name': 'Task1', 'trial_number': '5'}, 'notes': {'comments': 'Participant seemed tired during the session.'}, 'label_info': {'activity': 'sit'}}
Local Time: 2023-10-09 20:01:13 [INFO] NTP Time: [2023-10-09 21:01:13.068653]: Loaded mmwave configuration: {'setting1': 'value1', 'setting2': 'value2', 'Data storage location': 'AWR1843-Read-Data-Python-MMWAVE-SDK-3--master/data', 'mmwave_Datatype': 'dictionary'}
Local Time: 2023-10-09 20:01:14 [INFO] NTP Time: [2023-10-09 21:01:14.024931]: Using NTP time as the start timmer.
Local Time: 2023-10-09 20:01:14 [INFO] NTP Time: [2023-10-09 21:01:14.040105]: Using the local timmer to pretend to be NTP time. Data recorded
Local Time: 2023-10-09 20:01:14 [INFO] NTP Time: [2023-10-09 21:01:14.053158]: Using the local timmer to pretend to be NTP time. Data recorded
Local Time: 2023-10-09 20:01:14 [INFO] NTP Time: [2023-10-09 21:01:14.064879]: Using the local timmer to pretend to be NTP time. Data recorded
Local Time: 2023-10-09 20:01:14 [INFO] NTP Time: [2023-10-09 21:01:14.181428]: Using the local timmer to pretend to be NTP time. Data recorded
Local Time: 2023-10-09 20:01:14 [INFO] NTP Time: [2023-10-09 21:01:14.296411]: Using the local timmer to pretend to be NTP time. Data recorded
Local Time: 2023-10-09 20:01:14 [INFO] NTP Time: [2023-10-09 21:01:14.412275]: Using the local timmer to pretend to be NTP time. Data recorded
Local Time: 2023-10-09 20:01:14 [INFO] NTP Time: [2023-10-09 21:01:14.527890]: Using the local timmer to pretend to be NTP time. Data recorded
Local Time: 2023-10-09 20:01:14 [INFO] NTP Time: [2023-10-09 21:01:14.539972]: Using the local timmer to pretend to be NTP time. Data recorded
Local Time: 2023-10-09 20:01:14 [INFO] NTP Time: [2023-10-09 21:01:14.552335]: Using the local timmer to pretend to be NTP time. Data recorded
Local Time: 2023-10-09 20:01:14 [INFO] NTP Time: [2023-10-09 21:01:14.563816]: Using the local timmer to pretend to be NTP time. Data recorded
Local Time: 2023-10-09 20:01:14 [INFO] NTP Time: [2023-10-09 21:01:14.637963]: Using the local timmer to pretend to be NTP time. Data recorded
Local Time: 2023-10-09 20:01:14 [INFO] NTP Time: [2023-10-09 21:01:14.743805]: Using the local timmer to pretend to be NTP time. Data recorded
Local Time: 2023-10-09 20:01:14 [INFO] NTP Time: [2023-10-09 21:01:14.942799]: Using the local timmer to pretend to be NTP time. Data recorded
Local Time: 2023-10-09 20:01:15 [INFO] NTP Time: [2023-10-09 21:01:15.059415]: Using the local timmer to pretend to be NTP time. Data recorded
Local Time: 2023-10-09 20:01:15 [INFO] NTP Time: [2023-10-09 21:01:15.178596]: Using the local timmer to pretend to be NTP time. Data recorded
Local Time: 2023-10-09 20:01:15 [INFO] NTP Time: [2023-10-09 21:01:15.294577]: Using the local timmer to pretend to be NTP time. Data recorded
Local Time: 2023-10-09 20:01:15 [INFO] NTP Time: [2023-10-09 21:01:15.412456]: Using the local timmer to pretend to be NTP time. Data recorded
Local Time: 2023-10-09 20:01:15 [INFO] NTP Time: [2023-10-09 21:01:15.527488]: Using the local timmer to pretend to be NTP time. Data recorded
Local Time: 2023-10-09 20:01:15 [INFO] NTP Time: [2023-10-09 21:01:15.643952]: Using the local timmer to pretend to be NTP time. Data recorded
Local Time: 2023-10-09 20:01:15 [INFO] NTP Time: [2023-10-09 21:01:15.656505]: Using the local timmer to pretend to be NTP time. Data recorded
Local Time: 2023-10-09 20:01:15 [INFO] NTP Time: [2023-10-09 21:01:15.668376]: Using the local timmer to pretend to be NTP time. Data recorded
Local Time: 2023-10-09 20:01:15 [INFO] NTP Time: [2023-10-09 21:01:15.743179]: Using the local timmer to pretend to be NTP time. Data recorded
Local Time: 2023-10-09 20:01:15 [INFO] NTP Time: [2023-10-09 21:01:15.942278]: Using the local timmer to pretend to be NTP time. Data recorded
Local Time: 2023-10-09 20:01:16 [INFO] NTP Time: [2023-10-09 21:01:16.057357]: Using the local timmer to pretend to be NTP time. Data recorded
Local Time: 2023-10-09 20:01:16 [INFO] NTP Time: [2023-10-09 21:01:16.174602]: Using the local timmer to pretend to be NTP time. Data recorded
Local Time: 2023-10-09 20:01:16 [INFO] NTP Time: [2023-10-09 21:01:16.187683]: Using the local timmer to pretend to be NTP time. Data recorded
Local Time: 2023-10-09 20:01:16 [INFO] NTP Time: [2023-10-09 21:01:16.241637]: Using the local timmer to pretend to be NTP time. Data recorded
Local Time: 2023-10-09 20:01:16 [INFO] NTP Time: [2023-10-09 21:01:16.337559]: Using the local timmer to pretend to be NTP time. Data recorded
Local Time: 2023-10-09 20:01:16 [INFO] NTP Time: [2023-10-09 21:01:16.550297]: Using the local timmer to pretend to be NTP time. Data recorded
Local Time: 2023-10-09 20:01:16 [INFO] NTP Time: [2023-10-09 21:01:16.565076]: Using the local timmer to pretend to be NTP time. Data recorded
Local Time: 2023-10-09 20:01:16 [INFO] NTP Time: [2023-10-09 21:01:16.640284]: Using the local timmer to pretend to be NTP time. Data recorded
Local Time: 2023-10-09 20:01:16 [INFO] NTP Time: [2023-10-09 21:01:16.735671]: Using the local timmer to pretend to be NTP time. Data recorded
Local Time: 2023-10-09 20:01:16 [INFO] NTP Time: [2023-10-09 21:01:16.841435]: Using the local timmer to pretend to be NTP time. Data recorded
Local Time: 2023-10-09 20:01:16 [INFO] NTP Time: [2023-10-09 21:01:16.936561]: Using the local timmer to pretend to be NTP time. Data recorded
Local Time: 2023-10-09 20:01:17 [INFO] NTP Time: [2023-10-09 21:01:17.042125]: Using the local timmer to pretend to be NTP time. Data recorded
Local Time: 2023-10-09 20:01:17 [INFO] NTP Time: [2023-10-09 21:01:17.137784]: Using the local timmer to pretend to be NTP time. Data recorded
Local Time: 2023-10-09 20:01:17 [INFO] NTP Time: [2023-10-09 21:01:17.232820]: Using the local timmer to pretend to be NTP time. Data recorded
Local Time: 2023-10-09 20:01:17 [INFO] NTP Time: [2023-10-09 21:01:17.339038]: Using the local timmer to pretend to be NTP time. Data recorded
Local Time: 2023-10-09 20:01:17 [INFO] NTP Time: [2023-10-09 21:01:17.434774]: Using the local timmer to pretend to be NTP time. Data recorded
Local Time: 2023-10-09 20:01:17 [INFO] NTP Time: [2023-10-09 21:01:17.540018]: Using the local timmer to pretend to be NTP time. Data recorded
Local Time: 2023-10-09 20:01:17 [INFO] NTP Time: [2023-10-09 21:01:17.634890]: Using the local timmer to pretend to be NTP time. Data recorded
Local Time: 2023-10-09 20:01:17 [INFO] NTP Time: [2023-10-09 21:01:17.844895]: Using the local timmer to pretend to be NTP time. Data recorded
Local Time: 2023-10-09 20:01:17 [INFO] NTP Time: [2023-10-09 21:01:17.965230]: Using the local timmer to pretend to be NTP time. Data recorded
Local Time: 2023-10-09 20:01:18 [INFO] NTP Time: [2023-10-09 21:01:18.082519]: Using the local timmer to pretend to be NTP time. Data recorded
Local Time: 2023-10-09 20:01:18 [INFO] NTP Time: [2023-10-09 21:01:18.198868]: Using the local timmer to pretend to be NTP time. Data recorded
Local Time: 2023-10-09 20:01:18 [INFO] NTP Time: [2023-10-09 21:01:18.319164]: Using the local timmer to pretend to be NTP time. Data recorded
Local Time: 2023-10-09 20:01:18 [INFO] NTP Time: [2023-10-09 21:01:18.434250]: Using the local timmer to pretend to be NTP time. Data recorded
Local Time: 2023-10-09 20:01:18 [INFO] NTP Time: [2023-10-09 21:01:18.552263]: Using the local timmer to pretend to be NTP time. Data recorded
Local Time: 2023-10-09 20:01:18 [INFO] NTP Time: [2023-10-09 21:01:18.670164]: Using the local timmer to pretend to be NTP time. Data recorded
Local Time: 2023-10-09 20:01:18 [INFO] NTP Time: [2023-10-09 21:01:18.789770]: Using the local timmer to pretend to be NTP time. Data recorded
Local Time: 2023-10-09 20:01:18 [INFO] NTP Time: [2023-10-09 21:01:18.907012]: Using the local timmer to pretend to be NTP time. Data recorded
Local Time: 2023-10-09 20:01:19 [INFO] NTP Time: [2023-10-09 21:01:19.026699]: Using the local timmer to pretend to be NTP time. Data recorded
Local Time: 2023-10-09 20:01:19 [INFO] NTP Time: [2023-10-09 21:01:19.148274]: Using the local timmer to pretend to be NTP time. Data recorded
Local Time: 2023-10-09 20:01:19 [INFO] NTP Time: [2023-10-09 21:01:19.266968]: Using the local timmer to pretend to be NTP time. Data recorded
Local Time: 2023-10-09 20:01:19 [INFO] NTP Time: [2023-10-09 21:01:19.386066]: Using the local timmer to pretend to be NTP time. Data recorded
Local Time: 2023-10-09 20:01:19 [INFO] NTP Time: [2023-10-09 21:01:19.506029]: Using the local timmer to pretend to be NTP time. Data recorded
Local Time: 2023-10-09 20:01:19 [INFO] NTP Time: [2023-10-09 21:01:19.627046]: Using the local timmer to pretend to be NTP time. Data recorded
Local Time: 2023-10-09 20:01:19 [INFO] NTP Time: [2023-10-09 21:01:19.745253]: Using the local timmer to pretend to be NTP time. Data recorded
Local Time: 2023-10-09 20:01:19 [INFO] NTP Time: [2023-10-09 21:01:19.865332]: Using the local timmer to pretend to be NTP time. Data recorded
Local Time: 2023-10-09 20:01:19 [INFO] NTP Time: [2023-10-09 21:01:19.983694]: Using the local timmer to pretend to be NTP time. Data recorded
Local Time: 2023-10-09 20:01:20 [INFO] NTP Time: [2023-10-09 21:01:20.100244]: Using the local timmer to pretend to be NTP time. Data recorded
Local Time: 2023-10-09 20:01:20 [INFO] NTP Time: [2023-10-09 21:01:20.218371]: Using the local timmer to pretend to be NTP time. Data recorded
Local Time: 2023-10-09 20:01:20 [INFO] NTP Time: [2023-10-09 21:01:20.336289]: Using the local timmer to pretend to be NTP time. Data recorded
Local Time: 2023-10-09 20:01:20 [INFO] NTP Time: [2023-10-09 21:01:20.457250]: Using the local timmer to pretend to be NTP time. Data recorded
Local Time: 2023-10-09 20:01:20 [INFO] NTP Time: [2023-10-09 21:01:20.620189]: Using the local timmer to pretend to be NTP time. Data recorded
Local Time: 2023-10-09 20:01:20 [INFO] NTP Time: [2023-10-09 21:01:20.821045]: Using the local timmer to pretend to be NTP time. Data recorded
Local Time: 2023-10-09 20:01:20 [INFO] NTP Time: [2023-10-09 21:01:20.840242]: End recording by a terminate action.
