Local Time: 2023-10-09 20:23:26 [INFO] NTP Time: [2023-10-09 21:23:26.315523]: Loaded configuration: {'participant': {'id': 'P001', 'age': '25', 'gender': 'M', 'ethnicity': 'Caucasian', 'height': '165', 'weight': '65'}, 'experiment': {'date': '2022-01-01', 'time': '14:00:00', 'condition': 'HW101M', 'group': 'A', 'illumination_level': 'low'}, 'task_info': {'task_name': 'Task1', 'trial_number': '5'}, 'notes': {'comments': 'Participant seemed tired during the session.'}, 'label_info': {'activity': 'sit'}}
Local Time: 2023-10-09 20:23:26 [INFO] NTP Time: [2023-10-09 21:23:26.315624]: Loaded mmwave configuration: {'setting1': 'value1', 'setting2': 'value2', 'Data storage location': 'AWR1843-Read-Data-Python-MMWAVE-SDK-3--master/data', 'mmwave_Datatype': 'dictionary'}
Local Time: 2023-10-09 20:23:27 [INFO] NTP Time: [2023-10-09 21:23:27.099456]: Using NTP time as the start timmer.
Local Time: 2023-10-09 20:23:27 [INFO] NTP Time: [2023-10-09 21:23:27.213831]: Using the local timmer to pretend to be NTP time. Data recorded
Local Time: 2023-10-09 20:23:27 [INFO] NTP Time: [2023-10-09 21:23:27.331769]: Using the local timmer to pretend to be NTP time. Data recorded
Local Time: 2023-10-09 20:23:27 [INFO] NTP Time: [2023-10-09 21:23:27.446419]: Using the local timmer to pretend to be NTP time. Data recorded
Local Time: 2023-10-09 20:23:27 [INFO] NTP Time: [2023-10-09 21:23:27.560941]: Using the local timmer to pretend to be NTP time. Data recorded
Local Time: 2023-10-09 20:23:27 [INFO] NTP Time: [2023-10-09 21:23:27.675032]: Using the local timmer to pretend to be NTP time. Data recorded
Local Time: 2023-10-09 20:23:27 [INFO] NTP Time: [2023-10-09 21:23:27.789303]: Using the local timmer to pretend to be NTP time. Data recorded
Local Time: 2023-10-09 20:23:27 [INFO] NTP Time: [2023-10-09 21:23:27.904628]: Using the local timmer to pretend to be NTP time. Data recorded
Local Time: 2023-10-09 20:23:28 [INFO] NTP Time: [2023-10-09 21:23:28.019330]: Using the local timmer to pretend to be NTP time. Data recorded
Local Time: 2023-10-09 20:23:28 [INFO] NTP Time: [2023-10-09 21:23:28.133471]: Using the local timmer to pretend to be NTP time. Data recorded
Local Time: 2023-10-09 20:23:28 [INFO] NTP Time: [2023-10-09 21:23:28.248099]: Using the local timmer to pretend to be NTP time. Data recorded
Local Time: 2023-10-09 20:23:28 [INFO] NTP Time: [2023-10-09 21:23:28.362165]: Using the local timmer to pretend to be NTP time. Data recorded
Local Time: 2023-10-09 20:23:28 [INFO] NTP Time: [2023-10-09 21:23:28.476362]: Using the local timmer to pretend to be NTP time. Data recorded
Local Time: 2023-10-09 20:23:28 [INFO] NTP Time: [2023-10-09 21:23:28.590617]: Using the local timmer to pretend to be NTP time. Data recorded
Local Time: 2023-10-09 20:23:28 [INFO] NTP Time: [2023-10-09 21:23:28.704903]: Using the local timmer to pretend to be NTP time. Data recorded
Local Time: 2023-10-09 20:23:28 [INFO] NTP Time: [2023-10-09 21:23:28.819624]: Using the local timmer to pretend to be NTP time. Data recorded
Local Time: 2023-10-09 20:23:28 [INFO] NTP Time: [2023-10-09 21:23:28.934116]: Using the local timmer to pretend to be NTP time. Data recorded
Local Time: 2023-10-09 20:23:29 [INFO] NTP Time: [2023-10-09 21:23:29.049662]: Using the local timmer to pretend to be NTP time. Data recorded
Local Time: 2023-10-09 20:23:29 [INFO] NTP Time: [2023-10-09 21:23:29.164090]: Using the local timmer to pretend to be NTP time. Data recorded
Local Time: 2023-10-09 20:23:29 [INFO] NTP Time: [2023-10-09 21:23:29.278818]: Using the local timmer to pretend to be NTP time. Data recorded
Local Time: 2023-10-09 20:23:29 [INFO] NTP Time: [2023-10-09 21:23:29.393722]: Using the local timmer to pretend to be NTP time. Data recorded
Local Time: 2023-10-09 20:23:29 [INFO] NTP Time: [2023-10-09 21:23:29.509067]: Using the local timmer to pretend to be NTP time. Data recorded
Local Time: 2023-10-09 20:23:29 [INFO] NTP Time: [2023-10-09 21:23:29.623489]: Using the local timmer to pretend to be NTP time. Data recorded
Local Time: 2023-10-09 20:23:29 [INFO] NTP Time: [2023-10-09 21:23:29.737979]: Using the local timmer to pretend to be NTP time. Data recorded
Local Time: 2023-10-09 20:23:29 [INFO] NTP Time: [2023-10-09 21:23:29.853447]: Using the local timmer to pretend to be NTP time. Data recorded
Local Time: 2023-10-09 20:23:29 [INFO] NTP Time: [2023-10-09 21:23:29.968294]: Using the local timmer to pretend to be NTP time. Data recorded
Local Time: 2023-10-09 20:23:30 [INFO] NTP Time: [2023-10-09 21:23:30.083500]: Using the local timmer to pretend to be NTP time. Data recorded
Local Time: 2023-10-09 20:23:30 [INFO] NTP Time: [2023-10-09 21:23:30.199081]: Using the local timmer to pretend to be NTP time. Data recorded
Local Time: 2023-10-09 20:23:30 [INFO] NTP Time: [2023-10-09 21:23:30.313692]: Using the local timmer to pretend to be NTP time. Data recorded
Local Time: 2023-10-09 20:23:30 [INFO] NTP Time: [2023-10-09 21:23:30.429332]: Using the local timmer to pretend to be NTP time. Data recorded
Local Time: 2023-10-09 20:23:30 [INFO] NTP Time: [2023-10-09 21:23:30.544486]: Using the local timmer to pretend to be NTP time. Data recorded
Local Time: 2023-10-09 20:23:30 [INFO] NTP Time: [2023-10-09 21:23:30.659179]: Using the local timmer to pretend to be NTP time. Data recorded
Local Time: 2023-10-09 20:23:30 [INFO] NTP Time: [2023-10-09 21:23:30.774571]: Using the local timmer to pretend to be NTP time. Data recorded
Local Time: 2023-10-09 20:23:30 [INFO] NTP Time: [2023-10-09 21:23:30.889279]: Using the local timmer to pretend to be NTP time. Data recorded
Local Time: 2023-10-09 20:23:31 [INFO] NTP Time: [2023-10-09 21:23:31.005001]: Using the local timmer to pretend to be NTP time. Data recorded
Local Time: 2023-10-09 20:23:31 [INFO] NTP Time: [2023-10-09 21:23:31.121097]: Using the local timmer to pretend to be NTP time. Data recorded
Local Time: 2023-10-09 20:23:31 [INFO] NTP Time: [2023-10-09 21:23:31.236876]: Using the local timmer to pretend to be NTP time. Data recorded
Local Time: 2023-10-09 20:23:31 [INFO] NTP Time: [2023-10-09 21:23:31.352035]: Using the local timmer to pretend to be NTP time. Data recorded
Local Time: 2023-10-09 20:23:31 [INFO] NTP Time: [2023-10-09 21:23:31.466940]: Using the local timmer to pretend to be NTP time. Data recorded
Local Time: 2023-10-09 20:23:31 [INFO] NTP Time: [2023-10-09 21:23:31.581976]: Using the local timmer to pretend to be NTP time. Data recorded
Local Time: 2023-10-09 20:23:31 [INFO] NTP Time: [2023-10-09 21:23:31.697651]: Using the local timmer to pretend to be NTP time. Data recorded
Local Time: 2023-10-09 20:23:31 [INFO] NTP Time: [2023-10-09 21:23:31.812903]: Using the local timmer to pretend to be NTP time. Data recorded
Local Time: 2023-10-09 20:23:31 [INFO] NTP Time: [2023-10-09 21:23:31.928166]: Using the local timmer to pretend to be NTP time. Data recorded
Local Time: 2023-10-09 20:23:32 [INFO] NTP Time: [2023-10-09 21:23:32.043502]: Using the local timmer to pretend to be NTP time. Data recorded
Local Time: 2023-10-09 20:23:32 [INFO] NTP Time: [2023-10-09 21:23:32.159718]: Using the local timmer to pretend to be NTP time. Data recorded
Local Time: 2023-10-09 20:23:32 [INFO] NTP Time: [2023-10-09 21:23:32.276215]: Using the local timmer to pretend to be NTP time. Data recorded
Local Time: 2023-10-09 20:23:32 [INFO] NTP Time: [2023-10-09 21:23:32.392214]: Using the local timmer to pretend to be NTP time. Data recorded
Local Time: 2023-10-09 20:23:32 [INFO] NTP Time: [2023-10-09 21:23:32.507553]: Using the local timmer to pretend to be NTP time. Data recorded
Local Time: 2023-10-09 20:23:32 [INFO] NTP Time: [2023-10-09 21:23:32.622839]: Using the local timmer to pretend to be NTP time. Data recorded
Local Time: 2023-10-09 20:23:32 [INFO] NTP Time: [2023-10-09 21:23:32.737601]: Using the local timmer to pretend to be NTP time. Data recorded
Local Time: 2023-10-09 20:23:32 [INFO] NTP Time: [2023-10-09 21:23:32.853089]: Using the local timmer to pretend to be NTP time. Data recorded
Local Time: 2023-10-09 20:23:32 [INFO] NTP Time: [2023-10-09 21:23:32.968905]: Using the local timmer to pretend to be NTP time. Data recorded
Local Time: 2023-10-09 20:23:33 [INFO] NTP Time: [2023-10-09 21:23:33.084540]: Using the local timmer to pretend to be NTP time. Data recorded
Local Time: 2023-10-09 20:23:33 [INFO] NTP Time: [2023-10-09 21:23:33.199811]: Using the local timmer to pretend to be NTP time. Data recorded
Local Time: 2023-10-09 20:23:33 [INFO] NTP Time: [2023-10-09 21:23:33.316634]: Using the local timmer to pretend to be NTP time. Data recorded
Local Time: 2023-10-09 20:23:33 [INFO] NTP Time: [2023-10-09 21:23:33.432700]: Using the local timmer to pretend to be NTP time. Data recorded
Local Time: 2023-10-09 20:23:33 [INFO] NTP Time: [2023-10-09 21:23:33.550304]: Using the local timmer to pretend to be NTP time. Data recorded
Local Time: 2023-10-09 20:23:33 [INFO] NTP Time: [2023-10-09 21:23:33.667039]: Using the local timmer to pretend to be NTP time. Data recorded
Local Time: 2023-10-09 20:23:33 [INFO] NTP Time: [2023-10-09 21:23:33.784193]: Using the local timmer to pretend to be NTP time. Data recorded
Local Time: 2023-10-09 20:23:33 [INFO] NTP Time: [2023-10-09 21:23:33.899933]: Using the local timmer to pretend to be NTP time. Data recorded
Local Time: 2023-10-09 20:23:34 [INFO] NTP Time: [2023-10-09 21:23:34.016255]: Using the local timmer to pretend to be NTP time. Data recorded
Local Time: 2023-10-09 20:23:34 [INFO] NTP Time: [2023-10-09 21:23:34.132494]: Using the local timmer to pretend to be NTP time. Data recorded
Local Time: 2023-10-09 20:23:34 [INFO] NTP Time: [2023-10-09 21:23:34.248355]: Using the local timmer to pretend to be NTP time. Data recorded
Local Time: 2023-10-09 20:23:34 [INFO] NTP Time: [2023-10-09 21:23:34.364137]: Using the local timmer to pretend to be NTP time. Data recorded
Local Time: 2023-10-09 20:23:34 [INFO] NTP Time: [2023-10-09 21:23:34.480134]: Using the local timmer to pretend to be NTP time. Data recorded
Local Time: 2023-10-09 20:23:34 [INFO] NTP Time: [2023-10-09 21:23:34.596565]: Using the local timmer to pretend to be NTP time. Data recorded
Local Time: 2023-10-09 20:23:34 [INFO] NTP Time: [2023-10-09 21:23:34.712325]: Using the local timmer to pretend to be NTP time. Data recorded
Local Time: 2023-10-09 20:23:34 [INFO] NTP Time: [2023-10-09 21:23:34.828242]: Using the local timmer to pretend to be NTP time. Data recorded
Local Time: 2023-10-09 20:23:34 [INFO] NTP Time: [2023-10-09 21:23:34.944890]: Using the local timmer to pretend to be NTP time. Data recorded
Local Time: 2023-10-09 20:23:35 [INFO] NTP Time: [2023-10-09 21:23:35.061426]: Using the local timmer to pretend to be NTP time. Data recorded
Local Time: 2023-10-09 20:23:35 [INFO] NTP Time: [2023-10-09 21:23:35.177834]: Using the local timmer to pretend to be NTP time. Data recorded
Local Time: 2023-10-09 20:23:35 [INFO] NTP Time: [2023-10-09 21:23:35.293939]: Using the local timmer to pretend to be NTP time. Data recorded
Local Time: 2023-10-09 20:23:35 [INFO] NTP Time: [2023-10-09 21:23:35.410004]: Using the local timmer to pretend to be NTP time. Data recorded
Local Time: 2023-10-09 20:23:35 [INFO] NTP Time: [2023-10-09 21:23:35.525907]: Using the local timmer to pretend to be NTP time. Data recorded
Local Time: 2023-10-09 20:23:35 [INFO] NTP Time: [2023-10-09 21:23:35.641614]: Using the local timmer to pretend to be NTP time. Data recorded
Local Time: 2023-10-09 20:23:35 [INFO] NTP Time: [2023-10-09 21:23:35.757555]: Using the local timmer to pretend to be NTP time. Data recorded
Local Time: 2023-10-09 20:23:35 [INFO] NTP Time: [2023-10-09 21:23:35.875533]: Using the local timmer to pretend to be NTP time. Data recorded
Local Time: 2023-10-09 20:23:35 [INFO] NTP Time: [2023-10-09 21:23:35.992437]: Using the local timmer to pretend to be NTP time. Data recorded
Local Time: 2023-10-09 20:23:36 [INFO] NTP Time: [2023-10-09 21:23:36.108597]: Using the local timmer to pretend to be NTP time. Data recorded
Local Time: 2023-10-09 20:23:36 [INFO] NTP Time: [2023-10-09 21:23:36.225116]: Using the local timmer to pretend to be NTP time. Data recorded
Local Time: 2023-10-09 20:23:36 [INFO] NTP Time: [2023-10-09 21:23:36.353507]: Using the local timmer to pretend to be NTP time. Data recorded
Local Time: 2023-10-09 20:23:36 [INFO] NTP Time: [2023-10-09 21:23:36.472943]: Using the local timmer to pretend to be NTP time. Data recorded
Local Time: 2023-10-09 20:23:36 [INFO] NTP Time: [2023-10-09 21:23:36.590387]: Using the local timmer to pretend to be NTP time. Data recorded
Local Time: 2023-10-09 20:23:36 [INFO] NTP Time: [2023-10-09 21:23:36.707925]: Using the local timmer to pretend to be NTP time. Data recorded
Local Time: 2023-10-09 20:23:36 [INFO] NTP Time: [2023-10-09 21:23:36.824620]: Using the local timmer to pretend to be NTP time. Data recorded
Local Time: 2023-10-09 20:23:36 [INFO] NTP Time: [2023-10-09 21:23:36.941258]: Using the local timmer to pretend to be NTP time. Data recorded
Local Time: 2023-10-09 20:23:37 [INFO] NTP Time: [2023-10-09 21:23:37.057141]: Using the local timmer to pretend to be NTP time. Data recorded
Local Time: 2023-10-09 20:23:37 [INFO] NTP Time: [2023-10-09 21:23:37.173457]: Using the local timmer to pretend to be NTP time. Data recorded
Local Time: 2023-10-09 20:23:37 [INFO] NTP Time: [2023-10-09 21:23:37.289369]: Using the local timmer to pretend to be NTP time. Data recorded
Local Time: 2023-10-09 20:23:37 [INFO] NTP Time: [2023-10-09 21:23:37.407035]: Using the local timmer to pretend to be NTP time. Data recorded
Local Time: 2023-10-09 20:23:37 [INFO] NTP Time: [2023-10-09 21:23:37.523401]: Using the local timmer to pretend to be NTP time. Data recorded
Local Time: 2023-10-09 20:23:37 [INFO] NTP Time: [2023-10-09 21:23:37.640736]: Using the local timmer to pretend to be NTP time. Data recorded
Local Time: 2023-10-09 20:23:37 [INFO] NTP Time: [2023-10-09 21:23:37.759423]: Using the local timmer to pretend to be NTP time. Data recorded
Local Time: 2023-10-09 20:23:37 [INFO] NTP Time: [2023-10-09 21:23:37.876365]: Using the local timmer to pretend to be NTP time. Data recorded
Local Time: 2023-10-09 20:23:37 [INFO] NTP Time: [2023-10-09 21:23:37.992532]: Using the local timmer to pretend to be NTP time. Data recorded
Local Time: 2023-10-09 20:23:38 [INFO] NTP Time: [2023-10-09 21:23:38.110604]: Using the local timmer to pretend to be NTP time. Data recorded
Local Time: 2023-10-09 20:23:38 [INFO] NTP Time: [2023-10-09 21:23:38.227107]: Using the local timmer to pretend to be NTP time. Data recorded
Local Time: 2023-10-09 20:23:38 [INFO] NTP Time: [2023-10-09 21:23:38.343860]: Using the local timmer to pretend to be NTP time. Data recorded
Local Time: 2023-10-09 20:23:38 [INFO] NTP Time: [2023-10-09 21:23:38.460021]: Using the local timmer to pretend to be NTP time. Data recorded
Local Time: 2023-10-09 20:23:38 [INFO] NTP Time: [2023-10-09 21:23:38.576818]: Using the local timmer to pretend to be NTP time. Data recorded
Local Time: 2023-10-09 20:23:38 [INFO] NTP Time: [2023-10-09 21:23:38.693306]: Using the local timmer to pretend to be NTP time. Data recorded
Local Time: 2023-10-09 20:23:38 [INFO] NTP Time: [2023-10-09 21:23:38.809705]: Using the local timmer to pretend to be NTP time. Data recorded
Local Time: 2023-10-09 20:23:38 [INFO] NTP Time: [2023-10-09 21:23:38.926697]: Using the local timmer to pretend to be NTP time. Data recorded
Local Time: 2023-10-09 20:23:39 [INFO] NTP Time: [2023-10-09 21:23:39.043308]: Using the local timmer to pretend to be NTP time. Data recorded
Local Time: 2023-10-09 20:23:39 [INFO] NTP Time: [2023-10-09 21:23:39.160524]: Using the local timmer to pretend to be NTP time. Data recorded
Local Time: 2023-10-09 20:23:39 [INFO] NTP Time: [2023-10-09 21:23:39.277440]: Using the local timmer to pretend to be NTP time. Data recorded
Local Time: 2023-10-09 20:23:39 [INFO] NTP Time: [2023-10-09 21:23:39.394062]: Using the local timmer to pretend to be NTP time. Data recorded
Local Time: 2023-10-09 20:23:39 [INFO] NTP Time: [2023-10-09 21:23:39.511335]: Using the local timmer to pretend to be NTP time. Data recorded
Local Time: 2023-10-09 20:23:39 [INFO] NTP Time: [2023-10-09 21:23:39.628767]: Using the local timmer to pretend to be NTP time. Data recorded
Local Time: 2023-10-09 20:23:39 [INFO] NTP Time: [2023-10-09 21:23:39.745395]: Using the local timmer to pretend to be NTP time. Data recorded
Local Time: 2023-10-09 20:23:39 [INFO] NTP Time: [2023-10-09 21:23:39.862179]: Using the local timmer to pretend to be NTP time. Data recorded
Local Time: 2023-10-09 20:23:39 [INFO] NTP Time: [2023-10-09 21:23:39.979973]: Using the local timmer to pretend to be NTP time. Data recorded
Local Time: 2023-10-09 20:23:40 [INFO] NTP Time: [2023-10-09 21:23:40.097315]: Using the local timmer to pretend to be NTP time. Data recorded
Local Time: 2023-10-09 20:23:40 [INFO] NTP Time: [2023-10-09 21:23:40.214733]: Using the local timmer to pretend to be NTP time. Data recorded
Local Time: 2023-10-09 20:23:40 [INFO] NTP Time: [2023-10-09 21:23:40.332529]: Using the local timmer to pretend to be NTP time. Data recorded
Local Time: 2023-10-09 20:23:40 [INFO] NTP Time: [2023-10-09 21:23:40.449266]: Using the local timmer to pretend to be NTP time. Data recorded
Local Time: 2023-10-09 20:23:40 [INFO] NTP Time: [2023-10-09 21:23:40.566786]: Using the local timmer to pretend to be NTP time. Data recorded
Local Time: 2023-10-09 20:23:40 [INFO] NTP Time: [2023-10-09 21:23:40.683580]: Using the local timmer to pretend to be NTP time. Data recorded
Local Time: 2023-10-09 20:23:40 [INFO] NTP Time: [2023-10-09 21:23:40.801087]: Using the local timmer to pretend to be NTP time. Data recorded
Local Time: 2023-10-09 20:23:40 [INFO] NTP Time: [2023-10-09 21:23:40.919146]: Using the local timmer to pretend to be NTP time. Data recorded
Local Time: 2023-10-09 20:23:41 [INFO] NTP Time: [2023-10-09 21:23:41.036910]: Using the local timmer to pretend to be NTP time. Data recorded
Local Time: 2023-10-09 20:23:41 [INFO] NTP Time: [2023-10-09 21:23:41.154742]: Using the local timmer to pretend to be NTP time. Data recorded
Local Time: 2023-10-09 20:23:41 [INFO] NTP Time: [2023-10-09 21:23:41.271925]: Using the local timmer to pretend to be NTP time. Data recorded
Local Time: 2023-10-09 20:23:41 [INFO] NTP Time: [2023-10-09 21:23:41.389304]: Using the local timmer to pretend to be NTP time. Data recorded
Local Time: 2023-10-09 20:23:41 [INFO] NTP Time: [2023-10-09 21:23:41.507279]: Using the local timmer to pretend to be NTP time. Data recorded
Local Time: 2023-10-09 20:23:41 [INFO] NTP Time: [2023-10-09 21:23:41.624425]: Using the local timmer to pretend to be NTP time. Data recorded
Local Time: 2023-10-09 20:23:41 [INFO] NTP Time: [2023-10-09 21:23:41.741784]: Using the local timmer to pretend to be NTP time. Data recorded
Local Time: 2023-10-09 20:23:41 [INFO] NTP Time: [2023-10-09 21:23:41.858824]: Using the local timmer to pretend to be NTP time. Data recorded
Local Time: 2023-10-09 20:23:41 [INFO] NTP Time: [2023-10-09 21:23:41.976575]: Using the local timmer to pretend to be NTP time. Data recorded
Local Time: 2023-10-09 20:23:42 [INFO] NTP Time: [2023-10-09 21:23:42.095376]: Using the local timmer to pretend to be NTP time. Data recorded
Local Time: 2023-10-09 20:23:42 [INFO] NTP Time: [2023-10-09 21:23:42.213190]: Using the local timmer to pretend to be NTP time. Data recorded
Local Time: 2023-10-09 20:23:42 [INFO] NTP Time: [2023-10-09 21:23:42.332641]: Using the local timmer to pretend to be NTP time. Data recorded
Local Time: 2023-10-09 20:23:42 [INFO] NTP Time: [2023-10-09 21:23:42.449927]: Using the local timmer to pretend to be NTP time. Data recorded
Local Time: 2023-10-09 20:23:42 [INFO] NTP Time: [2023-10-09 21:23:42.567638]: Using the local timmer to pretend to be NTP time. Data recorded
Local Time: 2023-10-09 20:23:42 [INFO] NTP Time: [2023-10-09 21:23:42.685401]: Using the local timmer to pretend to be NTP time. Data recorded
Local Time: 2023-10-09 20:23:42 [INFO] NTP Time: [2023-10-09 21:23:42.803880]: Using the local timmer to pretend to be NTP time. Data recorded
Local Time: 2023-10-09 20:23:42 [INFO] NTP Time: [2023-10-09 21:23:42.925585]: Using the local timmer to pretend to be NTP time. Data recorded
Local Time: 2023-10-09 20:23:43 [INFO] NTP Time: [2023-10-09 21:23:43.043439]: Using the local timmer to pretend to be NTP time. Data recorded
Local Time: 2023-10-09 20:23:43 [INFO] NTP Time: [2023-10-09 21:23:43.161050]: Using the local timmer to pretend to be NTP time. Data recorded
Local Time: 2023-10-09 20:23:43 [INFO] NTP Time: [2023-10-09 21:23:43.278552]: Using the local timmer to pretend to be NTP time. Data recorded
Local Time: 2023-10-09 20:23:43 [INFO] NTP Time: [2023-10-09 21:23:43.396784]: Using the local timmer to pretend to be NTP time. Data recorded
Local Time: 2023-10-09 20:23:43 [INFO] NTP Time: [2023-10-09 21:23:43.515594]: Using the local timmer to pretend to be NTP time. Data recorded
Local Time: 2023-10-09 20:23:43 [INFO] NTP Time: [2023-10-09 21:23:43.633101]: Using the local timmer to pretend to be NTP time. Data recorded
Local Time: 2023-10-09 20:23:43 [INFO] NTP Time: [2023-10-09 21:23:43.752030]: Using the local timmer to pretend to be NTP time. Data recorded
Local Time: 2023-10-09 20:23:43 [INFO] NTP Time: [2023-10-09 21:23:43.869940]: Using the local timmer to pretend to be NTP time. Data recorded
Local Time: 2023-10-09 20:23:43 [INFO] NTP Time: [2023-10-09 21:23:43.988599]: Using the local timmer to pretend to be NTP time. Data recorded
Local Time: 2023-10-09 20:23:44 [INFO] NTP Time: [2023-10-09 21:23:44.108051]: Using the local timmer to pretend to be NTP time. Data recorded
Local Time: 2023-10-09 20:23:44 [INFO] NTP Time: [2023-10-09 21:23:44.231303]: Using the local timmer to pretend to be NTP time. Data recorded
Local Time: 2023-10-09 20:23:44 [INFO] NTP Time: [2023-10-09 21:23:44.251402]: End recording by a terminate action.
