Local Time: 2023-10-09 20:01:12 [INFO] NTP Time: [2023-10-09 21:01:12.479374]: Loaded configuration: {'participant': {'id': 'P001', 'age': '25', 'gender': 'M', 'ethnicity': 'Caucasian', 'height': '165', 'weight': '65'}, 'experiment': {'date': '2022-01-01', 'time': '14:00:00', 'condition': 'HW101M', 'group': 'A', 'illumination_level': 'low'}, 'task_info': {'task_name': 'Task1', 'trial_number': '5'}, 'notes': {'comments': 'Participant seemed tired during the session.'}, 'label_info': {'activity': 'sit'}}
Local Time: 2023-10-09 20:01:12 [INFO] NTP Time: [2023-10-09 21:01:12.479851]: Loaded DepthCam configuration: {'resolution': '640x480', 'depth_format': 'z16', 'color_format': 'bgr8', 'depth_fps': '30', 'color_fps': '30', 'Data storage location': 'DeptCam/data', 'Depth_Datatype': 'float', 'RGB_Datatype': 'mp4'}
Local Time: 2023-10-09 20:01:13 [INFO] NTP Time: [2023-10-09 21:01:13.509736]: Using the local timmer to pretend to be NTP time. Data recorded
Local Time: 2023-10-09 20:01:13 [INFO] NTP Time: [2023-10-09 21:01:13.527120]: Using the local timmer to pretend to be NTP time. Data recorded
Local Time: 2023-10-09 20:01:13 [INFO] NTP Time: [2023-10-09 21:01:13.580257]: Using the local timmer to pretend to be NTP time. Data recorded
Local Time: 2023-10-09 20:01:13 [INFO] NTP Time: [2023-10-09 21:01:13.613228]: Using the local timmer to pretend to be NTP time. Data recorded
Local Time: 2023-10-09 20:01:13 [INFO] NTP Time: [2023-10-09 21:01:13.647235]: Using the local timmer to pretend to be NTP time. Data recorded
Local Time: 2023-10-09 20:01:13 [INFO] NTP Time: [2023-10-09 21:01:13.678717]: Using the local timmer to pretend to be NTP time. Data recorded
Local Time: 2023-10-09 20:01:13 [INFO] NTP Time: [2023-10-09 21:01:13.706779]: Using the local timmer to pretend to be NTP time. Data recorded
Local Time: 2023-10-09 20:01:13 [INFO] NTP Time: [2023-10-09 21:01:13.735375]: Using the local timmer to pretend to be NTP time. Data recorded
Local Time: 2023-10-09 20:01:13 [INFO] NTP Time: [2023-10-09 21:01:13.772488]: Using the local timmer to pretend to be NTP time. Data recorded
Local Time: 2023-10-09 20:01:13 [INFO] NTP Time: [2023-10-09 21:01:13.808873]: Using the local timmer to pretend to be NTP time. Data recorded
Local Time: 2023-10-09 20:01:13 [INFO] NTP Time: [2023-10-09 21:01:13.831179]: Using the local timmer to pretend to be NTP time. Data recorded
Local Time: 2023-10-09 20:01:13 [INFO] NTP Time: [2023-10-09 21:01:13.860706]: Using the local timmer to pretend to be NTP time. Data recorded
Local Time: 2023-10-09 20:01:13 [INFO] NTP Time: [2023-10-09 21:01:13.883129]: Using the local timmer to pretend to be NTP time. Data recorded
Local Time: 2023-10-09 20:01:13 [INFO] NTP Time: [2023-10-09 21:01:13.914549]: Using the local timmer to pretend to be NTP time. Data recorded
Local Time: 2023-10-09 20:01:13 [INFO] NTP Time: [2023-10-09 21:01:13.948147]: Using the local timmer to pretend to be NTP time. Data recorded
Local Time: 2023-10-09 20:01:13 [INFO] NTP Time: [2023-10-09 21:01:13.983134]: Using the local timmer to pretend to be NTP time. Data recorded
Local Time: 2023-10-09 20:01:14 [INFO] NTP Time: [2023-10-09 21:01:14.014130]: Using the local timmer to pretend to be NTP time. Data recorded
Local Time: 2023-10-09 20:01:14 [INFO] NTP Time: [2023-10-09 21:01:14.047543]: Using the local timmer to pretend to be NTP time. Data recorded
Local Time: 2023-10-09 20:01:14 [INFO] NTP Time: [2023-10-09 21:01:14.080454]: Using the local timmer to pretend to be NTP time. Data recorded
Local Time: 2023-10-09 20:01:14 [INFO] NTP Time: [2023-10-09 21:01:14.114714]: Using the local timmer to pretend to be NTP time. Data recorded
Local Time: 2023-10-09 20:01:14 [INFO] NTP Time: [2023-10-09 21:01:14.148453]: Using the local timmer to pretend to be NTP time. Data recorded
Local Time: 2023-10-09 20:01:14 [INFO] NTP Time: [2023-10-09 21:01:14.179599]: Using the local timmer to pretend to be NTP time. Data recorded
Local Time: 2023-10-09 20:01:14 [INFO] NTP Time: [2023-10-09 21:01:14.214871]: Using the local timmer to pretend to be NTP time. Data recorded
Local Time: 2023-10-09 20:01:14 [INFO] NTP Time: [2023-10-09 21:01:14.249594]: Using the local timmer to pretend to be NTP time. Data recorded
Local Time: 2023-10-09 20:01:14 [INFO] NTP Time: [2023-10-09 21:01:14.279468]: Using the local timmer to pretend to be NTP time. Data recorded
Local Time: 2023-10-09 20:01:14 [INFO] NTP Time: [2023-10-09 21:01:14.314352]: Using the local timmer to pretend to be NTP time. Data recorded
Local Time: 2023-10-09 20:01:14 [INFO] NTP Time: [2023-10-09 21:01:14.346971]: Using the local timmer to pretend to be NTP time. Data recorded
Local Time: 2023-10-09 20:01:14 [INFO] NTP Time: [2023-10-09 21:01:14.379051]: Using the local timmer to pretend to be NTP time. Data recorded
Local Time: 2023-10-09 20:01:14 [INFO] NTP Time: [2023-10-09 21:01:14.413670]: Using the local timmer to pretend to be NTP time. Data recorded
Local Time: 2023-10-09 20:01:14 [INFO] NTP Time: [2023-10-09 21:01:14.447488]: Using the local timmer to pretend to be NTP time. Data recorded
Local Time: 2023-10-09 20:01:14 [INFO] NTP Time: [2023-10-09 21:01:14.480756]: Using the local timmer to pretend to be NTP time. Data recorded
Local Time: 2023-10-09 20:01:14 [INFO] NTP Time: [2023-10-09 21:01:14.512417]: Using the local timmer to pretend to be NTP time. Data recorded
Local Time: 2023-10-09 20:01:14 [INFO] NTP Time: [2023-10-09 21:01:14.545568]: Using the local timmer to pretend to be NTP time. Data recorded
Local Time: 2023-10-09 20:01:14 [INFO] NTP Time: [2023-10-09 21:01:14.578777]: Using the local timmer to pretend to be NTP time. Data recorded
Local Time: 2023-10-09 20:01:14 [INFO] NTP Time: [2023-10-09 21:01:14.612605]: Using the local timmer to pretend to be NTP time. Data recorded
Local Time: 2023-10-09 20:01:14 [INFO] NTP Time: [2023-10-09 21:01:14.646368]: Using the local timmer to pretend to be NTP time. Data recorded
Local Time: 2023-10-09 20:01:14 [INFO] NTP Time: [2023-10-09 21:01:14.679041]: Using the local timmer to pretend to be NTP time. Data recorded
Local Time: 2023-10-09 20:01:14 [INFO] NTP Time: [2023-10-09 21:01:14.712236]: Using the local timmer to pretend to be NTP time. Data recorded
Local Time: 2023-10-09 20:01:14 [INFO] NTP Time: [2023-10-09 21:01:14.745979]: Using the local timmer to pretend to be NTP time. Data recorded
Local Time: 2023-10-09 20:01:14 [INFO] NTP Time: [2023-10-09 21:01:14.779006]: Using the local timmer to pretend to be NTP time. Data recorded
Local Time: 2023-10-09 20:01:14 [INFO] NTP Time: [2023-10-09 21:01:14.812576]: Using the local timmer to pretend to be NTP time. Data recorded
Local Time: 2023-10-09 20:01:14 [INFO] NTP Time: [2023-10-09 21:01:14.846998]: Using the local timmer to pretend to be NTP time. Data recorded
Local Time: 2023-10-09 20:01:14 [INFO] NTP Time: [2023-10-09 21:01:14.879452]: Using the local timmer to pretend to be NTP time. Data recorded
Local Time: 2023-10-09 20:01:14 [INFO] NTP Time: [2023-10-09 21:01:14.913045]: Using the local timmer to pretend to be NTP time. Data recorded
Local Time: 2023-10-09 20:01:14 [INFO] NTP Time: [2023-10-09 21:01:14.945836]: Using the local timmer to pretend to be NTP time. Data recorded
Local Time: 2023-10-09 20:01:14 [INFO] NTP Time: [2023-10-09 21:01:14.979573]: Using the local timmer to pretend to be NTP time. Data recorded
Local Time: 2023-10-09 20:01:15 [INFO] NTP Time: [2023-10-09 21:01:15.013349]: Using the local timmer to pretend to be NTP time. Data recorded
Local Time: 2023-10-09 20:01:15 [INFO] NTP Time: [2023-10-09 21:01:15.046735]: Using the local timmer to pretend to be NTP time. Data recorded
Local Time: 2023-10-09 20:01:15 [INFO] NTP Time: [2023-10-09 21:01:15.085196]: Using the local timmer to pretend to be NTP time. Data recorded
Local Time: 2023-10-09 20:01:15 [INFO] NTP Time: [2023-10-09 21:01:15.114869]: Using the local timmer to pretend to be NTP time. Data recorded
Local Time: 2023-10-09 20:01:15 [INFO] NTP Time: [2023-10-09 21:01:15.148107]: Using the local timmer to pretend to be NTP time. Data recorded
Local Time: 2023-10-09 20:01:15 [INFO] NTP Time: [2023-10-09 21:01:15.180291]: Using the local timmer to pretend to be NTP time. Data recorded
Local Time: 2023-10-09 20:01:15 [INFO] NTP Time: [2023-10-09 21:01:15.215515]: Using the local timmer to pretend to be NTP time. Data recorded
Local Time: 2023-10-09 20:01:15 [INFO] NTP Time: [2023-10-09 21:01:15.247152]: Using the local timmer to pretend to be NTP time. Data recorded
Local Time: 2023-10-09 20:01:15 [INFO] NTP Time: [2023-10-09 21:01:15.279350]: Using the local timmer to pretend to be NTP time. Data recorded
Local Time: 2023-10-09 20:01:15 [INFO] NTP Time: [2023-10-09 21:01:15.313451]: Using the local timmer to pretend to be NTP time. Data recorded
Local Time: 2023-10-09 20:01:15 [INFO] NTP Time: [2023-10-09 21:01:15.346724]: Using the local timmer to pretend to be NTP time. Data recorded
Local Time: 2023-10-09 20:01:15 [INFO] NTP Time: [2023-10-09 21:01:15.380302]: Using the local timmer to pretend to be NTP time. Data recorded
Local Time: 2023-10-09 20:01:15 [INFO] NTP Time: [2023-10-09 21:01:15.414079]: Using the local timmer to pretend to be NTP time. Data recorded
Local Time: 2023-10-09 20:01:15 [INFO] NTP Time: [2023-10-09 21:01:15.448200]: Using the local timmer to pretend to be NTP time. Data recorded
Local Time: 2023-10-09 20:01:15 [INFO] NTP Time: [2023-10-09 21:01:15.481360]: Using the local timmer to pretend to be NTP time. Data recorded
Local Time: 2023-10-09 20:01:15 [INFO] NTP Time: [2023-10-09 21:01:15.512866]: Using the local timmer to pretend to be NTP time. Data recorded
Local Time: 2023-10-09 20:01:15 [INFO] NTP Time: [2023-10-09 21:01:15.547525]: Using the local timmer to pretend to be NTP time. Data recorded
Local Time: 2023-10-09 20:01:15 [INFO] NTP Time: [2023-10-09 21:01:15.580831]: Using the local timmer to pretend to be NTP time. Data recorded
Local Time: 2023-10-09 20:01:15 [INFO] NTP Time: [2023-10-09 21:01:15.613604]: Using the local timmer to pretend to be NTP time. Data recorded
Local Time: 2023-10-09 20:01:15 [INFO] NTP Time: [2023-10-09 21:01:15.647284]: Using the local timmer to pretend to be NTP time. Data recorded
Local Time: 2023-10-09 20:01:15 [INFO] NTP Time: [2023-10-09 21:01:15.679637]: Using the local timmer to pretend to be NTP time. Data recorded
Local Time: 2023-10-09 20:01:15 [INFO] NTP Time: [2023-10-09 21:01:15.712651]: Using the local timmer to pretend to be NTP time. Data recorded
Local Time: 2023-10-09 20:01:15 [INFO] NTP Time: [2023-10-09 21:01:15.746801]: Using the local timmer to pretend to be NTP time. Data recorded
Local Time: 2023-10-09 20:01:15 [INFO] NTP Time: [2023-10-09 21:01:15.779527]: Using the local timmer to pretend to be NTP time. Data recorded
Local Time: 2023-10-09 20:01:15 [INFO] NTP Time: [2023-10-09 21:01:15.812532]: Using the local timmer to pretend to be NTP time. Data recorded
Local Time: 2023-10-09 20:01:15 [INFO] NTP Time: [2023-10-09 21:01:15.847257]: Using the local timmer to pretend to be NTP time. Data recorded
Local Time: 2023-10-09 20:01:15 [INFO] NTP Time: [2023-10-09 21:01:15.881228]: Using the local timmer to pretend to be NTP time. Data recorded
Local Time: 2023-10-09 20:01:15 [INFO] NTP Time: [2023-10-09 21:01:15.914366]: Using the local timmer to pretend to be NTP time. Data recorded
Local Time: 2023-10-09 20:01:15 [INFO] NTP Time: [2023-10-09 21:01:15.946358]: Using the local timmer to pretend to be NTP time. Data recorded
Local Time: 2023-10-09 20:01:15 [INFO] NTP Time: [2023-10-09 21:01:15.980982]: Using the local timmer to pretend to be NTP time. Data recorded
Local Time: 2023-10-09 20:01:16 [INFO] NTP Time: [2023-10-09 21:01:16.016487]: Using the local timmer to pretend to be NTP time. Data recorded
Local Time: 2023-10-09 20:01:16 [INFO] NTP Time: [2023-10-09 21:01:16.046257]: Using the local timmer to pretend to be NTP time. Data recorded
Local Time: 2023-10-09 20:01:16 [INFO] NTP Time: [2023-10-09 21:01:16.079901]: Using the local timmer to pretend to be NTP time. Data recorded
Local Time: 2023-10-09 20:01:16 [INFO] NTP Time: [2023-10-09 21:01:16.115064]: Using the local timmer to pretend to be NTP time. Data recorded
Local Time: 2023-10-09 20:01:16 [INFO] NTP Time: [2023-10-09 21:01:16.147963]: Using the local timmer to pretend to be NTP time. Data recorded
Local Time: 2023-10-09 20:01:16 [INFO] NTP Time: [2023-10-09 21:01:16.180186]: Using the local timmer to pretend to be NTP time. Data recorded
Local Time: 2023-10-09 20:01:16 [INFO] NTP Time: [2023-10-09 21:01:16.215220]: Using the local timmer to pretend to be NTP time. Data recorded
Local Time: 2023-10-09 20:01:16 [INFO] NTP Time: [2023-10-09 21:01:16.248064]: Using the local timmer to pretend to be NTP time. Data recorded
Local Time: 2023-10-09 20:01:16 [INFO] NTP Time: [2023-10-09 21:01:16.280613]: Using the local timmer to pretend to be NTP time. Data recorded
Local Time: 2023-10-09 20:01:16 [INFO] NTP Time: [2023-10-09 21:01:16.313467]: Using the local timmer to pretend to be NTP time. Data recorded
Local Time: 2023-10-09 20:01:16 [INFO] NTP Time: [2023-10-09 21:01:16.347572]: Using the local timmer to pretend to be NTP time. Data recorded
Local Time: 2023-10-09 20:01:16 [INFO] NTP Time: [2023-10-09 21:01:16.381480]: Using the local timmer to pretend to be NTP time. Data recorded
Local Time: 2023-10-09 20:01:16 [INFO] NTP Time: [2023-10-09 21:01:16.414240]: Using the local timmer to pretend to be NTP time. Data recorded
Local Time: 2023-10-09 20:01:16 [INFO] NTP Time: [2023-10-09 21:01:16.448287]: Using the local timmer to pretend to be NTP time. Data recorded
Local Time: 2023-10-09 20:01:16 [INFO] NTP Time: [2023-10-09 21:01:16.480990]: Using the local timmer to pretend to be NTP time. Data recorded
Local Time: 2023-10-09 20:01:16 [INFO] NTP Time: [2023-10-09 21:01:16.513209]: Using the local timmer to pretend to be NTP time. Data recorded
Local Time: 2023-10-09 20:01:16 [INFO] NTP Time: [2023-10-09 21:01:16.549234]: Using the local timmer to pretend to be NTP time. Data recorded
Local Time: 2023-10-09 20:01:16 [INFO] NTP Time: [2023-10-09 21:01:16.581236]: Using the local timmer to pretend to be NTP time. Data recorded
Local Time: 2023-10-09 20:01:16 [INFO] NTP Time: [2023-10-09 21:01:16.614516]: Using the local timmer to pretend to be NTP time. Data recorded
Local Time: 2023-10-09 20:01:16 [INFO] NTP Time: [2023-10-09 21:01:16.648841]: Using the local timmer to pretend to be NTP time. Data recorded
Local Time: 2023-10-09 20:01:16 [INFO] NTP Time: [2023-10-09 21:01:16.680483]: Using the local timmer to pretend to be NTP time. Data recorded
Local Time: 2023-10-09 20:01:16 [INFO] NTP Time: [2023-10-09 21:01:16.714680]: Using the local timmer to pretend to be NTP time. Data recorded
Local Time: 2023-10-09 20:01:16 [INFO] NTP Time: [2023-10-09 21:01:16.747686]: Using the local timmer to pretend to be NTP time. Data recorded
Local Time: 2023-10-09 20:01:16 [INFO] NTP Time: [2023-10-09 21:01:16.780955]: Using the local timmer to pretend to be NTP time. Data recorded
Local Time: 2023-10-09 20:01:16 [INFO] NTP Time: [2023-10-09 21:01:16.813479]: Using the local timmer to pretend to be NTP time. Data recorded
Local Time: 2023-10-09 20:01:16 [INFO] NTP Time: [2023-10-09 21:01:16.846692]: Using the local timmer to pretend to be NTP time. Data recorded
Local Time: 2023-10-09 20:01:16 [INFO] NTP Time: [2023-10-09 21:01:16.879812]: Using the local timmer to pretend to be NTP time. Data recorded
Local Time: 2023-10-09 20:01:16 [INFO] NTP Time: [2023-10-09 21:01:16.913130]: Using the local timmer to pretend to be NTP time. Data recorded
Local Time: 2023-10-09 20:01:16 [INFO] NTP Time: [2023-10-09 21:01:16.947027]: Using the local timmer to pretend to be NTP time. Data recorded
Local Time: 2023-10-09 20:01:16 [INFO] NTP Time: [2023-10-09 21:01:16.980611]: Using the local timmer to pretend to be NTP time. Data recorded
Local Time: 2023-10-09 20:01:17 [INFO] NTP Time: [2023-10-09 21:01:17.013829]: Using the local timmer to pretend to be NTP time. Data recorded
Local Time: 2023-10-09 20:01:17 [INFO] NTP Time: [2023-10-09 21:01:17.047334]: Using the local timmer to pretend to be NTP time. Data recorded
Local Time: 2023-10-09 20:01:17 [INFO] NTP Time: [2023-10-09 21:01:17.079997]: Using the local timmer to pretend to be NTP time. Data recorded
Local Time: 2023-10-09 20:01:17 [INFO] NTP Time: [2023-10-09 21:01:17.114632]: Using the local timmer to pretend to be NTP time. Data recorded
Local Time: 2023-10-09 20:01:17 [INFO] NTP Time: [2023-10-09 21:01:17.146433]: Using the local timmer to pretend to be NTP time. Data recorded
Local Time: 2023-10-09 20:01:17 [INFO] NTP Time: [2023-10-09 21:01:17.179950]: Using the local timmer to pretend to be NTP time. Data recorded
Local Time: 2023-10-09 20:01:17 [INFO] NTP Time: [2023-10-09 21:01:17.213473]: Using the local timmer to pretend to be NTP time. Data recorded
Local Time: 2023-10-09 20:01:17 [INFO] NTP Time: [2023-10-09 21:01:17.246752]: Using the local timmer to pretend to be NTP time. Data recorded
Local Time: 2023-10-09 20:01:17 [INFO] NTP Time: [2023-10-09 21:01:17.280437]: Using the local timmer to pretend to be NTP time. Data recorded
Local Time: 2023-10-09 20:01:17 [INFO] NTP Time: [2023-10-09 21:01:17.313728]: Using the local timmer to pretend to be NTP time. Data recorded
Local Time: 2023-10-09 20:01:17 [INFO] NTP Time: [2023-10-09 21:01:17.348594]: Using the local timmer to pretend to be NTP time. Data recorded
Local Time: 2023-10-09 20:01:17 [INFO] NTP Time: [2023-10-09 21:01:17.380433]: Using the local timmer to pretend to be NTP time. Data recorded
Local Time: 2023-10-09 20:01:17 [INFO] NTP Time: [2023-10-09 21:01:17.413596]: Using the local timmer to pretend to be NTP time. Data recorded
Local Time: 2023-10-09 20:01:17 [INFO] NTP Time: [2023-10-09 21:01:17.447745]: Using the local timmer to pretend to be NTP time. Data recorded
Local Time: 2023-10-09 20:01:17 [INFO] NTP Time: [2023-10-09 21:01:17.480691]: Using the local timmer to pretend to be NTP time. Data recorded
Local Time: 2023-10-09 20:01:17 [INFO] NTP Time: [2023-10-09 21:01:17.513543]: Using the local timmer to pretend to be NTP time. Data recorded
Local Time: 2023-10-09 20:01:17 [INFO] NTP Time: [2023-10-09 21:01:17.546729]: Using the local timmer to pretend to be NTP time. Data recorded
Local Time: 2023-10-09 20:01:17 [INFO] NTP Time: [2023-10-09 21:01:17.581332]: Using the local timmer to pretend to be NTP time. Data recorded
Local Time: 2023-10-09 20:01:17 [INFO] NTP Time: [2023-10-09 21:01:17.613463]: Using the local timmer to pretend to be NTP time. Data recorded
Local Time: 2023-10-09 20:01:17 [INFO] NTP Time: [2023-10-09 21:01:17.646885]: Using the local timmer to pretend to be NTP time. Data recorded
Local Time: 2023-10-09 20:01:17 [INFO] NTP Time: [2023-10-09 21:01:17.680975]: Using the local timmer to pretend to be NTP time. Data recorded
Local Time: 2023-10-09 20:01:17 [INFO] NTP Time: [2023-10-09 21:01:17.713734]: Using the local timmer to pretend to be NTP time. Data recorded
Local Time: 2023-10-09 20:01:17 [INFO] NTP Time: [2023-10-09 21:01:17.747890]: Using the local timmer to pretend to be NTP time. Data recorded
Local Time: 2023-10-09 20:01:17 [INFO] NTP Time: [2023-10-09 21:01:17.787305]: Using the local timmer to pretend to be NTP time. Data recorded
Local Time: 2023-10-09 20:01:17 [INFO] NTP Time: [2023-10-09 21:01:17.818740]: Using the local timmer to pretend to be NTP time. Data recorded
Local Time: 2023-10-09 20:01:17 [INFO] NTP Time: [2023-10-09 21:01:17.851419]: Using the local timmer to pretend to be NTP time. Data recorded
Local Time: 2023-10-09 20:01:17 [INFO] NTP Time: [2023-10-09 21:01:17.883421]: Using the local timmer to pretend to be NTP time. Data recorded
Local Time: 2023-10-09 20:01:17 [INFO] NTP Time: [2023-10-09 21:01:17.915046]: Using the local timmer to pretend to be NTP time. Data recorded
Local Time: 2023-10-09 20:01:17 [INFO] NTP Time: [2023-10-09 21:01:17.948482]: Using the local timmer to pretend to be NTP time. Data recorded
Local Time: 2023-10-09 20:01:17 [INFO] NTP Time: [2023-10-09 21:01:17.981784]: Using the local timmer to pretend to be NTP time. Data recorded
Local Time: 2023-10-09 20:01:18 [INFO] NTP Time: [2023-10-09 21:01:18.015408]: Using the local timmer to pretend to be NTP time. Data recorded
Local Time: 2023-10-09 20:01:18 [INFO] NTP Time: [2023-10-09 21:01:18.051698]: Using the local timmer to pretend to be NTP time. Data recorded
Local Time: 2023-10-09 20:01:18 [INFO] NTP Time: [2023-10-09 21:01:18.080635]: Using the local timmer to pretend to be NTP time. Data recorded
Local Time: 2023-10-09 20:01:18 [INFO] NTP Time: [2023-10-09 21:01:18.115123]: Using the local timmer to pretend to be NTP time. Data recorded
Local Time: 2023-10-09 20:01:18 [INFO] NTP Time: [2023-10-09 21:01:18.150330]: Using the local timmer to pretend to be NTP time. Data recorded
Local Time: 2023-10-09 20:01:18 [INFO] NTP Time: [2023-10-09 21:01:18.183639]: Using the local timmer to pretend to be NTP time. Data recorded
Local Time: 2023-10-09 20:01:18 [INFO] NTP Time: [2023-10-09 21:01:18.216800]: Using the local timmer to pretend to be NTP time. Data recorded
Local Time: 2023-10-09 20:01:18 [INFO] NTP Time: [2023-10-09 21:01:18.251478]: Using the local timmer to pretend to be NTP time. Data recorded
Local Time: 2023-10-09 20:01:18 [INFO] NTP Time: [2023-10-09 21:01:18.283140]: Using the local timmer to pretend to be NTP time. Data recorded
Local Time: 2023-10-09 20:01:18 [INFO] NTP Time: [2023-10-09 21:01:18.314730]: Using the local timmer to pretend to be NTP time. Data recorded
Local Time: 2023-10-09 20:01:18 [INFO] NTP Time: [2023-10-09 21:01:18.349057]: Using the local timmer to pretend to be NTP time. Data recorded
Local Time: 2023-10-09 20:01:18 [INFO] NTP Time: [2023-10-09 21:01:18.382709]: Using the local timmer to pretend to be NTP time. Data recorded
Local Time: 2023-10-09 20:01:18 [INFO] NTP Time: [2023-10-09 21:01:18.414209]: Using the local timmer to pretend to be NTP time. Data recorded
Local Time: 2023-10-09 20:01:18 [INFO] NTP Time: [2023-10-09 21:01:18.447729]: Using the local timmer to pretend to be NTP time. Data recorded
Local Time: 2023-10-09 20:01:18 [INFO] NTP Time: [2023-10-09 21:01:18.481895]: Using the local timmer to pretend to be NTP time. Data recorded
Local Time: 2023-10-09 20:01:18 [INFO] NTP Time: [2023-10-09 21:01:18.515309]: Using the local timmer to pretend to be NTP time. Data recorded
Local Time: 2023-10-09 20:01:18 [INFO] NTP Time: [2023-10-09 21:01:18.547684]: Using the local timmer to pretend to be NTP time. Data recorded
Local Time: 2023-10-09 20:01:18 [INFO] NTP Time: [2023-10-09 21:01:18.582645]: Using the local timmer to pretend to be NTP time. Data recorded
Local Time: 2023-10-09 20:01:18 [INFO] NTP Time: [2023-10-09 21:01:18.615456]: Using the local timmer to pretend to be NTP time. Data recorded
Local Time: 2023-10-09 20:01:18 [INFO] NTP Time: [2023-10-09 21:01:18.649657]: Using the local timmer to pretend to be NTP time. Data recorded
Local Time: 2023-10-09 20:01:18 [INFO] NTP Time: [2023-10-09 21:01:18.681431]: Using the local timmer to pretend to be NTP time. Data recorded
Local Time: 2023-10-09 20:01:18 [INFO] NTP Time: [2023-10-09 21:01:18.718666]: Using the local timmer to pretend to be NTP time. Data recorded
Local Time: 2023-10-09 20:01:18 [INFO] NTP Time: [2023-10-09 21:01:18.747813]: Using the local timmer to pretend to be NTP time. Data recorded
Local Time: 2023-10-09 20:01:18 [INFO] NTP Time: [2023-10-09 21:01:18.781338]: Using the local timmer to pretend to be NTP time. Data recorded
Local Time: 2023-10-09 20:01:18 [INFO] NTP Time: [2023-10-09 21:01:18.816461]: Using the local timmer to pretend to be NTP time. Data recorded
Local Time: 2023-10-09 20:01:18 [INFO] NTP Time: [2023-10-09 21:01:18.849360]: Using the local timmer to pretend to be NTP time. Data recorded
Local Time: 2023-10-09 20:01:18 [INFO] NTP Time: [2023-10-09 21:01:18.882600]: Using the local timmer to pretend to be NTP time. Data recorded
Local Time: 2023-10-09 20:01:18 [INFO] NTP Time: [2023-10-09 21:01:18.914173]: Using the local timmer to pretend to be NTP time. Data recorded
Local Time: 2023-10-09 20:01:18 [INFO] NTP Time: [2023-10-09 21:01:18.951840]: Using the local timmer to pretend to be NTP time. Data recorded
Local Time: 2023-10-09 20:01:18 [INFO] NTP Time: [2023-10-09 21:01:18.982771]: Using the local timmer to pretend to be NTP time. Data recorded
Local Time: 2023-10-09 20:01:19 [INFO] NTP Time: [2023-10-09 21:01:19.014525]: Using the local timmer to pretend to be NTP time. Data recorded
Local Time: 2023-10-09 20:01:19 [INFO] NTP Time: [2023-10-09 21:01:19.050577]: Using the local timmer to pretend to be NTP time. Data recorded
Local Time: 2023-10-09 20:01:19 [INFO] NTP Time: [2023-10-09 21:01:19.084135]: Using the local timmer to pretend to be NTP time. Data recorded
Local Time: 2023-10-09 20:01:19 [INFO] NTP Time: [2023-10-09 21:01:19.116072]: Using the local timmer to pretend to be NTP time. Data recorded
Local Time: 2023-10-09 20:01:19 [INFO] NTP Time: [2023-10-09 21:01:19.149671]: Using the local timmer to pretend to be NTP time. Data recorded
Local Time: 2023-10-09 20:01:19 [INFO] NTP Time: [2023-10-09 21:01:19.182638]: Using the local timmer to pretend to be NTP time. Data recorded
Local Time: 2023-10-09 20:01:19 [INFO] NTP Time: [2023-10-09 21:01:19.215787]: Using the local timmer to pretend to be NTP time. Data recorded
Local Time: 2023-10-09 20:01:19 [INFO] NTP Time: [2023-10-09 21:01:19.248439]: Using the local timmer to pretend to be NTP time. Data recorded
Local Time: 2023-10-09 20:01:19 [INFO] NTP Time: [2023-10-09 21:01:19.282688]: Using the local timmer to pretend to be NTP time. Data recorded
Local Time: 2023-10-09 20:01:19 [INFO] NTP Time: [2023-10-09 21:01:19.315487]: Using the local timmer to pretend to be NTP time. Data recorded
Local Time: 2023-10-09 20:01:19 [INFO] NTP Time: [2023-10-09 21:01:19.350436]: Using the local timmer to pretend to be NTP time. Data recorded
Local Time: 2023-10-09 20:01:19 [INFO] NTP Time: [2023-10-09 21:01:19.383042]: Using the local timmer to pretend to be NTP time. Data recorded
Local Time: 2023-10-09 20:01:19 [INFO] NTP Time: [2023-10-09 21:01:19.416530]: Using the local timmer to pretend to be NTP time. Data recorded
Local Time: 2023-10-09 20:01:19 [INFO] NTP Time: [2023-10-09 21:01:19.450415]: Using the local timmer to pretend to be NTP time. Data recorded
Local Time: 2023-10-09 20:01:19 [INFO] NTP Time: [2023-10-09 21:01:19.483584]: Using the local timmer to pretend to be NTP time. Data recorded
Local Time: 2023-10-09 20:01:19 [INFO] NTP Time: [2023-10-09 21:01:19.515717]: Using the local timmer to pretend to be NTP time. Data recorded
Local Time: 2023-10-09 20:01:19 [INFO] NTP Time: [2023-10-09 21:01:19.549550]: Using the local timmer to pretend to be NTP time. Data recorded
Local Time: 2023-10-09 20:01:19 [INFO] NTP Time: [2023-10-09 21:01:19.584141]: Using the local timmer to pretend to be NTP time. Data recorded
Local Time: 2023-10-09 20:01:19 [INFO] NTP Time: [2023-10-09 21:01:19.615434]: Using the local timmer to pretend to be NTP time. Data recorded
Local Time: 2023-10-09 20:01:19 [INFO] NTP Time: [2023-10-09 21:01:19.649510]: Using the local timmer to pretend to be NTP time. Data recorded
Local Time: 2023-10-09 20:01:19 [INFO] NTP Time: [2023-10-09 21:01:19.682766]: Using the local timmer to pretend to be NTP time. Data recorded
Local Time: 2023-10-09 20:01:19 [INFO] NTP Time: [2023-10-09 21:01:19.717121]: Using the local timmer to pretend to be NTP time. Data recorded
Local Time: 2023-10-09 20:01:19 [INFO] NTP Time: [2023-10-09 21:01:19.750910]: Using the local timmer to pretend to be NTP time. Data recorded
Local Time: 2023-10-09 20:01:19 [INFO] NTP Time: [2023-10-09 21:01:19.783228]: Using the local timmer to pretend to be NTP time. Data recorded
Local Time: 2023-10-09 20:01:19 [INFO] NTP Time: [2023-10-09 21:01:19.816631]: Using the local timmer to pretend to be NTP time. Data recorded
Local Time: 2023-10-09 20:01:19 [INFO] NTP Time: [2023-10-09 21:01:19.852932]: Using the local timmer to pretend to be NTP time. Data recorded
Local Time: 2023-10-09 20:01:19 [INFO] NTP Time: [2023-10-09 21:01:19.882909]: Using the local timmer to pretend to be NTP time. Data recorded
Local Time: 2023-10-09 20:01:19 [INFO] NTP Time: [2023-10-09 21:01:19.915675]: Using the local timmer to pretend to be NTP time. Data recorded
Local Time: 2023-10-09 20:01:19 [INFO] NTP Time: [2023-10-09 21:01:19.949991]: Using the local timmer to pretend to be NTP time. Data recorded
Local Time: 2023-10-09 20:01:19 [INFO] NTP Time: [2023-10-09 21:01:19.981568]: Using the local timmer to pretend to be NTP time. Data recorded
Local Time: 2023-10-09 20:01:20 [INFO] NTP Time: [2023-10-09 21:01:20.016295]: Using the local timmer to pretend to be NTP time. Data recorded
Local Time: 2023-10-09 20:01:20 [INFO] NTP Time: [2023-10-09 21:01:20.051034]: Using the local timmer to pretend to be NTP time. Data recorded
Local Time: 2023-10-09 20:01:20 [INFO] NTP Time: [2023-10-09 21:01:20.085645]: Using the local timmer to pretend to be NTP time. Data recorded
Local Time: 2023-10-09 20:01:20 [INFO] NTP Time: [2023-10-09 21:01:20.116139]: Using the local timmer to pretend to be NTP time. Data recorded
Local Time: 2023-10-09 20:01:20 [INFO] NTP Time: [2023-10-09 21:01:20.149548]: Using the local timmer to pretend to be NTP time. Data recorded
Local Time: 2023-10-09 20:01:20 [INFO] NTP Time: [2023-10-09 21:01:20.186472]: Using the local timmer to pretend to be NTP time. Data recorded
Local Time: 2023-10-09 20:01:20 [INFO] NTP Time: [2023-10-09 21:01:20.216374]: Using the local timmer to pretend to be NTP time. Data recorded
Local Time: 2023-10-09 20:01:20 [INFO] NTP Time: [2023-10-09 21:01:20.250399]: Using the local timmer to pretend to be NTP time. Data recorded
Local Time: 2023-10-09 20:01:20 [INFO] NTP Time: [2023-10-09 21:01:20.284161]: Using the local timmer to pretend to be NTP time. Data recorded
Local Time: 2023-10-09 20:01:20 [INFO] NTP Time: [2023-10-09 21:01:20.317730]: Using the local timmer to pretend to be NTP time. Data recorded
Local Time: 2023-10-09 20:01:20 [INFO] NTP Time: [2023-10-09 21:01:20.348921]: Using the local timmer to pretend to be NTP time. Data recorded
Local Time: 2023-10-09 20:01:20 [INFO] NTP Time: [2023-10-09 21:01:20.382912]: Using the local timmer to pretend to be NTP time. Data recorded
Local Time: 2023-10-09 20:01:20 [INFO] NTP Time: [2023-10-09 21:01:20.416878]: Using the local timmer to pretend to be NTP time. Data recorded
Local Time: 2023-10-09 20:01:20 [INFO] NTP Time: [2023-10-09 21:01:20.449366]: Using the local timmer to pretend to be NTP time. Data recorded
Local Time: 2023-10-09 20:01:20 [INFO] NTP Time: [2023-10-09 21:01:20.492323]: Using the local timmer to pretend to be NTP time. Data recorded
Local Time: 2023-10-09 20:01:20 [INFO] NTP Time: [2023-10-09 21:01:20.530762]: Using the local timmer to pretend to be NTP time. Data recorded
Local Time: 2023-10-09 20:01:20 [INFO] NTP Time: [2023-10-09 21:01:20.571069]: Using the local timmer to pretend to be NTP time. Data recorded
Local Time: 2023-10-09 20:01:20 [INFO] NTP Time: [2023-10-09 21:01:20.624086]: Using the local timmer to pretend to be NTP time. Data recorded
Local Time: 2023-10-09 20:01:20 [INFO] NTP Time: [2023-10-09 21:01:20.659251]: Using the local timmer to pretend to be NTP time. Data recorded
Local Time: 2023-10-09 20:01:20 [INFO] NTP Time: [2023-10-09 21:01:20.702401]: Using the local timmer to pretend to be NTP time. Data recorded
Local Time: 2023-10-09 20:01:20 [INFO] NTP Time: [2023-10-09 21:01:20.733001]: End recording by a terminate action.
Local Time: 2023-10-09 21:19:20 [INFO] NTP Time: [2023-10-09 22:19:20.293630]: Loaded configuration: {'participant': {'id': 'P001', 'age': '25', 'gender': 'M', 'ethnicity': 'Caucasian', 'height': '165', 'weight': '65'}, 'experiment': {'date': '2022-01-01', 'time': '14:00:00', 'condition': 'HW101M', 'group': 'A', 'illumination_level': 'low'}, 'task_info': {'task_name': 'Task1', 'trial_number': '5'}, 'notes': {'comments': 'Participant seemed tired during the session.'}, 'label_info': {'activity': 'sit'}}
Local Time: 2023-10-09 21:19:20 [INFO] NTP Time: [2023-10-09 22:19:20.293762]: Loaded DepthCam configuration: {'resolution': '640x480', 'depth_format': 'z16', 'color_format': 'bgr8', 'depth_fps': '30', 'color_fps': '30', 'Data storage location': 'DeptCam/data', 'Depth_Datatype': 'float', 'RGB_Datatype': 'mp4'}
Local Time: 2023-10-09 21:19:21 [INFO] NTP Time: [2023-10-09 22:19:21.279469]: Using the local timmer to pretend to be NTP time. Data recorded
Local Time: 2023-10-09 21:19:21 [INFO] NTP Time: [2023-10-09 22:19:21.302907]: Using the local timmer to pretend to be NTP time. Data recorded
Local Time: 2023-10-09 21:19:21 [INFO] NTP Time: [2023-10-09 22:19:21.355388]: Using the local timmer to pretend to be NTP time. Data recorded
Local Time: 2023-10-09 21:19:21 [INFO] NTP Time: [2023-10-09 22:19:21.386800]: Using the local timmer to pretend to be NTP time. Data recorded
Local Time: 2023-10-09 21:19:21 [INFO] NTP Time: [2023-10-09 22:19:21.413604]: Using the local timmer to pretend to be NTP time. Data recorded
Local Time: 2023-10-09 21:19:21 [INFO] NTP Time: [2023-10-09 22:19:21.442214]: Using the local timmer to pretend to be NTP time. Data recorded
Local Time: 2023-10-09 21:19:21 [INFO] NTP Time: [2023-10-09 22:19:21.475606]: Using the local timmer to pretend to be NTP time. Data recorded
Local Time: 2023-10-09 21:19:21 [INFO] NTP Time: [2023-10-09 22:19:21.510481]: Using the local timmer to pretend to be NTP time. Data recorded
Local Time: 2023-10-09 21:19:21 [INFO] NTP Time: [2023-10-09 22:19:21.547908]: Using the local timmer to pretend to be NTP time. Data recorded
Local Time: 2023-10-09 21:19:21 [INFO] NTP Time: [2023-10-09 22:19:21.582150]: Using the local timmer to pretend to be NTP time. Data recorded
Local Time: 2023-10-09 21:19:21 [INFO] NTP Time: [2023-10-09 22:19:21.609752]: Using the local timmer to pretend to be NTP time. Data recorded
Local Time: 2023-10-09 21:19:21 [INFO] NTP Time: [2023-10-09 22:19:21.638023]: Using the local timmer to pretend to be NTP time. Data recorded
Local Time: 2023-10-09 21:19:21 [INFO] NTP Time: [2023-10-09 22:19:21.673707]: Using the local timmer to pretend to be NTP time. Data recorded
Local Time: 2023-10-09 21:19:21 [INFO] NTP Time: [2023-10-09 22:19:21.702790]: Using the local timmer to pretend to be NTP time. Data recorded
Local Time: 2023-10-09 21:19:21 [INFO] NTP Time: [2023-10-09 22:19:21.743198]: Using the local timmer to pretend to be NTP time. Data recorded
Local Time: 2023-10-09 21:19:21 [INFO] NTP Time: [2023-10-09 22:19:21.806633]: Using the local timmer to pretend to be NTP time. Data recorded
Local Time: 2023-10-09 21:19:21 [INFO] NTP Time: [2023-10-09 22:19:21.860508]: Using the local timmer to pretend to be NTP time. Data recorded
Local Time: 2023-10-09 21:19:21 [INFO] NTP Time: [2023-10-09 22:19:21.892339]: Using the local timmer to pretend to be NTP time. Data recorded
Local Time: 2023-10-09 21:19:21 [INFO] NTP Time: [2023-10-09 22:19:21.912691]: Using the local timmer to pretend to be NTP time. Data recorded
Local Time: 2023-10-09 21:19:21 [INFO] NTP Time: [2023-10-09 22:19:21.938864]: Using the local timmer to pretend to be NTP time. Data recorded
Local Time: 2023-10-09 21:19:21 [INFO] NTP Time: [2023-10-09 22:19:21.967946]: Using the local timmer to pretend to be NTP time. Data recorded
Local Time: 2023-10-09 21:19:22 [INFO] NTP Time: [2023-10-09 22:19:22.001415]: Using the local timmer to pretend to be NTP time. Data recorded
Local Time: 2023-10-09 21:19:22 [INFO] NTP Time: [2023-10-09 22:19:22.043004]: Using the local timmer to pretend to be NTP time. Data recorded
Local Time: 2023-10-09 21:19:22 [INFO] NTP Time: [2023-10-09 22:19:22.086132]: Using the local timmer to pretend to be NTP time. Data recorded
Local Time: 2023-10-09 21:19:22 [INFO] NTP Time: [2023-10-09 22:19:22.109421]: Using the local timmer to pretend to be NTP time. Data recorded
Local Time: 2023-10-09 21:19:22 [INFO] NTP Time: [2023-10-09 22:19:22.134533]: Using the local timmer to pretend to be NTP time. Data recorded
Local Time: 2023-10-09 21:19:22 [INFO] NTP Time: [2023-10-09 22:19:22.167935]: Using the local timmer to pretend to be NTP time. Data recorded
Local Time: 2023-10-09 21:19:22 [INFO] NTP Time: [2023-10-09 22:19:22.201253]: Using the local timmer to pretend to be NTP time. Data recorded
Local Time: 2023-10-09 21:19:22 [INFO] NTP Time: [2023-10-09 22:19:22.241808]: Using the local timmer to pretend to be NTP time. Data recorded
Local Time: 2023-10-09 21:19:22 [INFO] NTP Time: [2023-10-09 22:19:22.273390]: Using the local timmer to pretend to be NTP time. Data recorded
Local Time: 2023-10-09 21:19:22 [INFO] NTP Time: [2023-10-09 22:19:22.301634]: Using the local timmer to pretend to be NTP time. Data recorded
Local Time: 2023-10-09 21:19:22 [INFO] NTP Time: [2023-10-09 22:19:22.334658]: Using the local timmer to pretend to be NTP time. Data recorded
Local Time: 2023-10-09 21:19:22 [INFO] NTP Time: [2023-10-09 22:19:22.367893]: Using the local timmer to pretend to be NTP time. Data recorded
Local Time: 2023-10-09 21:19:22 [INFO] NTP Time: [2023-10-09 22:19:22.409312]: Using the local timmer to pretend to be NTP time. Data recorded
Local Time: 2023-10-09 21:19:22 [INFO] NTP Time: [2023-10-09 22:19:22.441302]: Using the local timmer to pretend to be NTP time. Data recorded
Local Time: 2023-10-09 21:19:22 [INFO] NTP Time: [2023-10-09 22:19:22.469219]: Using the local timmer to pretend to be NTP time. Data recorded
Local Time: 2023-10-09 21:19:22 [INFO] NTP Time: [2023-10-09 22:19:22.511523]: Using the local timmer to pretend to be NTP time. Data recorded
Local Time: 2023-10-09 21:19:22 [INFO] NTP Time: [2023-10-09 22:19:22.545818]: Using the local timmer to pretend to be NTP time. Data recorded
Local Time: 2023-10-09 21:19:22 [INFO] NTP Time: [2023-10-09 22:19:22.568362]: Using the local timmer to pretend to be NTP time. Data recorded
Local Time: 2023-10-09 21:19:22 [INFO] NTP Time: [2023-10-09 22:19:22.607254]: Using the local timmer to pretend to be NTP time. Data recorded
Local Time: 2023-10-09 21:19:22 [INFO] NTP Time: [2023-10-09 22:19:22.635419]: Using the local timmer to pretend to be NTP time. Data recorded
Local Time: 2023-10-09 21:19:22 [INFO] NTP Time: [2023-10-09 22:19:22.668061]: Using the local timmer to pretend to be NTP time. Data recorded
Local Time: 2023-10-09 21:19:22 [INFO] NTP Time: [2023-10-09 22:19:22.710211]: Using the local timmer to pretend to be NTP time. Data recorded
Local Time: 2023-10-09 21:19:22 [INFO] NTP Time: [2023-10-09 22:19:22.756312]: Using the local timmer to pretend to be NTP time. Data recorded
Local Time: 2023-10-09 21:19:22 [INFO] NTP Time: [2023-10-09 22:19:22.784023]: Using the local timmer to pretend to be NTP time. Data recorded
Local Time: 2023-10-09 21:19:22 [INFO] NTP Time: [2023-10-09 22:19:22.807274]: Using the local timmer to pretend to be NTP time. Data recorded
Local Time: 2023-10-09 21:19:22 [INFO] NTP Time: [2023-10-09 22:19:22.844551]: Using the local timmer to pretend to be NTP time. Data recorded
Local Time: 2023-10-09 21:19:22 [INFO] NTP Time: [2023-10-09 22:19:22.873180]: Using the local timmer to pretend to be NTP time. Data recorded
Local Time: 2023-10-09 21:19:22 [INFO] NTP Time: [2023-10-09 22:19:22.902441]: Using the local timmer to pretend to be NTP time. Data recorded
Local Time: 2023-10-09 21:19:22 [INFO] NTP Time: [2023-10-09 22:19:22.947187]: Using the local timmer to pretend to be NTP time. Data recorded
Local Time: 2023-10-09 21:19:22 [INFO] NTP Time: [2023-10-09 22:19:22.978496]: Using the local timmer to pretend to be NTP time. Data recorded
Local Time: 2023-10-09 21:19:23 [INFO] NTP Time: [2023-10-09 22:19:23.001866]: Using the local timmer to pretend to be NTP time. Data recorded
Local Time: 2023-10-09 21:19:23 [INFO] NTP Time: [2023-10-09 22:19:23.035687]: Using the local timmer to pretend to be NTP time. Data recorded
Local Time: 2023-10-09 21:19:23 [INFO] NTP Time: [2023-10-09 22:19:23.068518]: Using the local timmer to pretend to be NTP time. Data recorded
Local Time: 2023-10-09 21:19:23 [INFO] NTP Time: [2023-10-09 22:19:23.111144]: Using the local timmer to pretend to be NTP time. Data recorded
Local Time: 2023-10-09 21:19:23 [INFO] NTP Time: [2023-10-09 22:19:23.143041]: Using the local timmer to pretend to be NTP time. Data recorded
Local Time: 2023-10-09 21:19:23 [INFO] NTP Time: [2023-10-09 22:19:23.168277]: Using the local timmer to pretend to be NTP time. Data recorded
Local Time: 2023-10-09 21:19:23 [INFO] NTP Time: [2023-10-09 22:19:23.209873]: Using the local timmer to pretend to be NTP time. Data recorded
Local Time: 2023-10-09 21:19:23 [INFO] NTP Time: [2023-10-09 22:19:23.242328]: Using the local timmer to pretend to be NTP time. Data recorded
Local Time: 2023-10-09 21:19:23 [INFO] NTP Time: [2023-10-09 22:19:23.268871]: Using the local timmer to pretend to be NTP time. Data recorded
Local Time: 2023-10-09 21:19:23 [INFO] NTP Time: [2023-10-09 22:19:23.308536]: Using the local timmer to pretend to be NTP time. Data recorded
Local Time: 2023-10-09 21:19:23 [INFO] NTP Time: [2023-10-09 22:19:23.336588]: Using the local timmer to pretend to be NTP time. Data recorded
Local Time: 2023-10-09 21:19:23 [INFO] NTP Time: [2023-10-09 22:19:23.376345]: Using the local timmer to pretend to be NTP time. Data recorded
Local Time: 2023-10-09 21:19:23 [INFO] NTP Time: [2023-10-09 22:19:23.402793]: Using the local timmer to pretend to be NTP time. Data recorded
Local Time: 2023-10-09 21:19:23 [INFO] NTP Time: [2023-10-09 22:19:23.443373]: Using the local timmer to pretend to be NTP time. Data recorded
Local Time: 2023-10-09 21:19:23 [INFO] NTP Time: [2023-10-09 22:19:23.475796]: Using the local timmer to pretend to be NTP time. Data recorded
Local Time: 2023-10-09 21:19:23 [INFO] NTP Time: [2023-10-09 22:19:23.510547]: Using the local timmer to pretend to be NTP time. Data recorded
Local Time: 2023-10-09 21:19:23 [INFO] NTP Time: [2023-10-09 22:19:23.545245]: Using the local timmer to pretend to be NTP time. Data recorded
Local Time: 2023-10-09 21:19:23 [INFO] NTP Time: [2023-10-09 22:19:23.568473]: Using the local timmer to pretend to be NTP time. Data recorded
Local Time: 2023-10-09 21:19:23 [INFO] NTP Time: [2023-10-09 22:19:23.610659]: Using the local timmer to pretend to be NTP time. Data recorded
Local Time: 2023-10-09 21:19:23 [INFO] NTP Time: [2023-10-09 22:19:23.642465]: Using the local timmer to pretend to be NTP time. Data recorded
Local Time: 2023-10-09 21:19:23 [INFO] NTP Time: [2023-10-09 22:19:23.669479]: Using the local timmer to pretend to be NTP time. Data recorded
Local Time: 2023-10-09 21:19:23 [INFO] NTP Time: [2023-10-09 22:19:23.711154]: Using the local timmer to pretend to be NTP time. Data recorded
Local Time: 2023-10-09 21:19:23 [INFO] NTP Time: [2023-10-09 22:19:23.753420]: Using the local timmer to pretend to be NTP time. Data recorded
Local Time: 2023-10-09 21:19:23 [INFO] NTP Time: [2023-10-09 22:19:23.776524]: Using the local timmer to pretend to be NTP time. Data recorded
Local Time: 2023-10-09 21:19:23 [INFO] NTP Time: [2023-10-09 22:19:23.802012]: Using the local timmer to pretend to be NTP time. Data recorded
Local Time: 2023-10-09 21:19:23 [INFO] NTP Time: [2023-10-09 22:19:23.835518]: Using the local timmer to pretend to be NTP time. Data recorded
Local Time: 2023-10-09 21:19:23 [INFO] NTP Time: [2023-10-09 22:19:23.877483]: Using the local timmer to pretend to be NTP time. Data recorded
Local Time: 2023-10-09 21:19:23 [INFO] NTP Time: [2023-10-09 22:19:23.909482]: Using the local timmer to pretend to be NTP time. Data recorded
Local Time: 2023-10-09 21:19:23 [INFO] NTP Time: [2023-10-09 22:19:23.945487]: Using the local timmer to pretend to be NTP time. Data recorded
Local Time: 2023-10-09 21:19:23 [INFO] NTP Time: [2023-10-09 22:19:23.980651]: Using the local timmer to pretend to be NTP time. Data recorded
Local Time: 2023-10-09 21:19:24 [INFO] NTP Time: [2023-10-09 22:19:24.003987]: Using the local timmer to pretend to be NTP time. Data recorded
Local Time: 2023-10-09 21:19:24 [INFO] NTP Time: [2023-10-09 22:19:24.036043]: Using the local timmer to pretend to be NTP time. Data recorded
Local Time: 2023-10-09 21:19:24 [INFO] NTP Time: [2023-10-09 22:19:24.070964]: Using the local timmer to pretend to be NTP time. Data recorded
Local Time: 2023-10-09 21:19:24 [INFO] NTP Time: [2023-10-09 22:19:24.103442]: Using the local timmer to pretend to be NTP time. Data recorded
Local Time: 2023-10-09 21:19:24 [INFO] NTP Time: [2023-10-09 22:19:24.144215]: Using the local timmer to pretend to be NTP time. Data recorded
Local Time: 2023-10-09 21:19:24 [INFO] NTP Time: [2023-10-09 22:19:24.175340]: Using the local timmer to pretend to be NTP time. Data recorded
Local Time: 2023-10-09 21:19:24 [INFO] NTP Time: [2023-10-09 22:19:24.211180]: Using the local timmer to pretend to be NTP time. Data recorded
Local Time: 2023-10-09 21:19:24 [INFO] NTP Time: [2023-10-09 22:19:24.239725]: Using the local timmer to pretend to be NTP time. Data recorded
Local Time: 2023-10-09 21:19:24 [INFO] NTP Time: [2023-10-09 22:19:24.277442]: Using the local timmer to pretend to be NTP time. Data recorded
Local Time: 2023-10-09 21:19:24 [INFO] NTP Time: [2023-10-09 22:19:24.307079]: Using the local timmer to pretend to be NTP time. Data recorded
Local Time: 2023-10-09 21:19:24 [INFO] NTP Time: [2023-10-09 22:19:24.335666]: Using the local timmer to pretend to be NTP time. Data recorded
Local Time: 2023-10-09 21:19:24 [INFO] NTP Time: [2023-10-09 22:19:24.376896]: Using the local timmer to pretend to be NTP time. Data recorded
Local Time: 2023-10-09 21:19:24 [INFO] NTP Time: [2023-10-09 22:19:24.408575]: Using the local timmer to pretend to be NTP time. Data recorded
Local Time: 2023-10-09 21:19:24 [INFO] NTP Time: [2023-10-09 22:19:24.437079]: Using the local timmer to pretend to be NTP time. Data recorded
Local Time: 2023-10-09 21:19:24 [INFO] NTP Time: [2023-10-09 22:19:24.471285]: Using the local timmer to pretend to be NTP time. Data recorded
Local Time: 2023-10-09 21:19:24 [INFO] NTP Time: [2023-10-09 22:19:24.511048]: Using the local timmer to pretend to be NTP time. Data recorded
Local Time: 2023-10-09 21:19:24 [INFO] NTP Time: [2023-10-09 22:19:24.541594]: Using the local timmer to pretend to be NTP time. Data recorded
Local Time: 2023-10-09 21:19:24 [INFO] NTP Time: [2023-10-09 22:19:24.568991]: Using the local timmer to pretend to be NTP time. Data recorded
Local Time: 2023-10-09 21:19:24 [INFO] NTP Time: [2023-10-09 22:19:24.603549]: Using the local timmer to pretend to be NTP time. Data recorded
Local Time: 2023-10-09 21:19:24 [INFO] NTP Time: [2023-10-09 22:19:24.635952]: Using the local timmer to pretend to be NTP time. Data recorded
Local Time: 2023-10-09 21:19:24 [INFO] NTP Time: [2023-10-09 22:19:24.671060]: Using the local timmer to pretend to be NTP time. Data recorded
Local Time: 2023-10-09 21:19:24 [INFO] NTP Time: [2023-10-09 22:19:24.712985]: Using the local timmer to pretend to be NTP time. Data recorded
Local Time: 2023-10-09 21:19:24 [INFO] NTP Time: [2023-10-09 22:19:24.746971]: Using the local timmer to pretend to be NTP time. Data recorded
Local Time: 2023-10-09 21:19:24 [INFO] NTP Time: [2023-10-09 22:19:24.770656]: Using the local timmer to pretend to be NTP time. Data recorded
Local Time: 2023-10-09 21:19:24 [INFO] NTP Time: [2023-10-09 22:19:24.810630]: Using the local timmer to pretend to be NTP time. Data recorded
Local Time: 2023-10-09 21:19:24 [INFO] NTP Time: [2023-10-09 22:19:24.839061]: Using the local timmer to pretend to be NTP time. Data recorded
Local Time: 2023-10-09 21:19:24 [INFO] NTP Time: [2023-10-09 22:19:24.880574]: Using the local timmer to pretend to be NTP time. Data recorded
Local Time: 2023-10-09 21:19:24 [INFO] NTP Time: [2023-10-09 22:19:24.908395]: Using the local timmer to pretend to be NTP time. Data recorded
Local Time: 2023-10-09 21:19:24 [INFO] NTP Time: [2023-10-09 22:19:24.944765]: Using the local timmer to pretend to be NTP time. Data recorded
Local Time: 2023-10-09 21:19:24 [INFO] NTP Time: [2023-10-09 22:19:24.974670]: Using the local timmer to pretend to be NTP time. Data recorded
Local Time: 2023-10-09 21:19:25 [INFO] NTP Time: [2023-10-09 22:19:25.010174]: Using the local timmer to pretend to be NTP time. Data recorded
Local Time: 2023-10-09 21:19:25 [INFO] NTP Time: [2023-10-09 22:19:25.042838]: Using the local timmer to pretend to be NTP time. Data recorded
Local Time: 2023-10-09 21:19:25 [INFO] NTP Time: [2023-10-09 22:19:25.074840]: Using the local timmer to pretend to be NTP time. Data recorded
Local Time: 2023-10-09 21:19:25 [INFO] NTP Time: [2023-10-09 22:19:25.108235]: Using the local timmer to pretend to be NTP time. Data recorded
Local Time: 2023-10-09 21:19:25 [INFO] NTP Time: [2023-10-09 22:19:25.136234]: Using the local timmer to pretend to be NTP time. Data recorded
Local Time: 2023-10-09 21:19:25 [INFO] NTP Time: [2023-10-09 22:19:25.169435]: Using the local timmer to pretend to be NTP time. Data recorded
Local Time: 2023-10-09 21:19:25 [INFO] NTP Time: [2023-10-09 22:19:25.210691]: Using the local timmer to pretend to be NTP time. Data recorded
Local Time: 2023-10-09 21:19:25 [INFO] NTP Time: [2023-10-09 22:19:25.242864]: Using the local timmer to pretend to be NTP time. Data recorded
Local Time: 2023-10-09 21:19:25 [INFO] NTP Time: [2023-10-09 22:19:25.275084]: Using the local timmer to pretend to be NTP time. Data recorded
Local Time: 2023-10-09 21:19:25 [INFO] NTP Time: [2023-10-09 22:19:25.303017]: Using the local timmer to pretend to be NTP time. Data recorded
Local Time: 2023-10-09 21:19:25 [INFO] NTP Time: [2023-10-09 22:19:25.344861]: Using the local timmer to pretend to be NTP time. Data recorded
Local Time: 2023-10-09 21:19:25 [INFO] NTP Time: [2023-10-09 22:19:25.377031]: Using the local timmer to pretend to be NTP time. Data recorded
Local Time: 2023-10-09 21:19:25 [INFO] NTP Time: [2023-10-09 22:19:25.408318]: Using the local timmer to pretend to be NTP time. Data recorded
Local Time: 2023-10-09 21:19:25 [INFO] NTP Time: [2023-10-09 22:19:25.441201]: Using the local timmer to pretend to be NTP time. Data recorded
Local Time: 2023-10-09 21:19:25 [INFO] NTP Time: [2023-10-09 22:19:25.474997]: Using the local timmer to pretend to be NTP time. Data recorded
Local Time: 2023-10-09 21:19:25 [INFO] NTP Time: [2023-10-09 22:19:25.510690]: Using the local timmer to pretend to be NTP time. Data recorded
Local Time: 2023-10-09 21:19:25 [INFO] NTP Time: [2023-10-09 22:19:25.543609]: Using the local timmer to pretend to be NTP time. Data recorded
Local Time: 2023-10-09 21:19:25 [INFO] NTP Time: [2023-10-09 22:19:25.569687]: Using the local timmer to pretend to be NTP time. Data recorded
Local Time: 2023-10-09 21:19:25 [INFO] NTP Time: [2023-10-09 22:19:25.610950]: Using the local timmer to pretend to be NTP time. Data recorded
Local Time: 2023-10-09 21:19:25 [INFO] NTP Time: [2023-10-09 22:19:25.640119]: Using the local timmer to pretend to be NTP time. Data recorded
Local Time: 2023-10-09 21:19:25 [INFO] NTP Time: [2023-10-09 22:19:25.670182]: Using the local timmer to pretend to be NTP time. Data recorded
Local Time: 2023-10-09 21:19:25 [INFO] NTP Time: [2023-10-09 22:19:25.703245]: Using the local timmer to pretend to be NTP time. Data recorded
Local Time: 2023-10-09 21:19:25 [INFO] NTP Time: [2023-10-09 22:19:25.744801]: Using the local timmer to pretend to be NTP time. Data recorded
Local Time: 2023-10-09 21:19:25 [INFO] NTP Time: [2023-10-09 22:19:25.774631]: Using the local timmer to pretend to be NTP time. Data recorded
Local Time: 2023-10-09 21:19:25 [INFO] NTP Time: [2023-10-09 22:19:25.811458]: Using the local timmer to pretend to be NTP time. Data recorded
Local Time: 2023-10-09 21:19:25 [INFO] NTP Time: [2023-10-09 22:19:25.843887]: Using the local timmer to pretend to be NTP time. Data recorded
Local Time: 2023-10-09 21:19:25 [INFO] NTP Time: [2023-10-09 22:19:25.869623]: Using the local timmer to pretend to be NTP time. Data recorded
Local Time: 2023-10-09 21:19:25 [INFO] NTP Time: [2023-10-09 22:19:25.903243]: Using the local timmer to pretend to be NTP time. Data recorded
Local Time: 2023-10-09 21:19:25 [INFO] NTP Time: [2023-10-09 22:19:25.944860]: Using the local timmer to pretend to be NTP time. Data recorded
Local Time: 2023-10-09 21:19:25 [INFO] NTP Time: [2023-10-09 22:19:25.976132]: Using the local timmer to pretend to be NTP time. Data recorded
Local Time: 2023-10-09 21:19:26 [INFO] NTP Time: [2023-10-09 22:19:26.003832]: Using the local timmer to pretend to be NTP time. Data recorded
Local Time: 2023-10-09 21:19:26 [INFO] NTP Time: [2023-10-09 22:19:26.048993]: Using the local timmer to pretend to be NTP time. Data recorded
Local Time: 2023-10-09 21:19:26 [INFO] NTP Time: [2023-10-09 22:19:26.089529]: Using the local timmer to pretend to be NTP time. Data recorded
Local Time: 2023-10-09 21:19:26 [INFO] NTP Time: [2023-10-09 22:19:26.110757]: Using the local timmer to pretend to be NTP time. Data recorded
Local Time: 2023-10-09 21:19:26 [INFO] NTP Time: [2023-10-09 22:19:26.136917]: Using the local timmer to pretend to be NTP time. Data recorded
Local Time: 2023-10-09 21:19:26 [INFO] NTP Time: [2023-10-09 22:19:26.170444]: Using the local timmer to pretend to be NTP time. Data recorded
Local Time: 2023-10-09 21:19:26 [INFO] NTP Time: [2023-10-09 22:19:26.211916]: Using the local timmer to pretend to be NTP time. Data recorded
Local Time: 2023-10-09 21:19:26 [INFO] NTP Time: [2023-10-09 22:19:26.243102]: Using the local timmer to pretend to be NTP time. Data recorded
Local Time: 2023-10-09 21:19:26 [INFO] NTP Time: [2023-10-09 22:19:26.269991]: Using the local timmer to pretend to be NTP time. Data recorded
Local Time: 2023-10-09 21:19:26 [INFO] NTP Time: [2023-10-09 22:19:26.303832]: Using the local timmer to pretend to be NTP time. Data recorded
Local Time: 2023-10-09 21:19:26 [INFO] NTP Time: [2023-10-09 22:19:26.336891]: Using the local timmer to pretend to be NTP time. Data recorded
Local Time: 2023-10-09 21:19:26 [INFO] NTP Time: [2023-10-09 22:19:26.370154]: Using the local timmer to pretend to be NTP time. Data recorded
Local Time: 2023-10-09 21:19:26 [INFO] NTP Time: [2023-10-09 22:19:26.412136]: Using the local timmer to pretend to be NTP time. Data recorded
Local Time: 2023-10-09 21:19:26 [INFO] NTP Time: [2023-10-09 22:19:26.452506]: Using the local timmer to pretend to be NTP time. Data recorded
Local Time: 2023-10-09 21:19:26 [INFO] NTP Time: [2023-10-09 22:19:26.476788]: Using the local timmer to pretend to be NTP time. Data recorded
Local Time: 2023-10-09 21:19:26 [INFO] NTP Time: [2023-10-09 22:19:26.503523]: Using the local timmer to pretend to be NTP time. Data recorded
Local Time: 2023-10-09 21:19:26 [INFO] NTP Time: [2023-10-09 22:19:26.547055]: Using the local timmer to pretend to be NTP time. Data recorded
Local Time: 2023-10-09 21:19:26 [INFO] NTP Time: [2023-10-09 22:19:26.578667]: Using the local timmer to pretend to be NTP time. Data recorded
Local Time: 2023-10-09 21:19:26 [INFO] NTP Time: [2023-10-09 22:19:26.604615]: Using the local timmer to pretend to be NTP time. Data recorded
Local Time: 2023-10-09 21:19:26 [INFO] NTP Time: [2023-10-09 22:19:26.636946]: Using the local timmer to pretend to be NTP time. Data recorded
Local Time: 2023-10-09 21:19:26 [INFO] NTP Time: [2023-10-09 22:19:26.670595]: Using the local timmer to pretend to be NTP time. Data recorded
Local Time: 2023-10-09 21:19:26 [INFO] NTP Time: [2023-10-09 22:19:26.684380]: End recording by a terminate action.
