Local Time: 2023-10-09 21:42:43 [INFO] NTP Time: [2023-10-09 22:42:43.710745]: Loaded configuration: {'participant': {'id': 'P001', 'age': '25', 'gender': 'M', 'ethnicity': 'Caucasian', 'height': '165', 'weight': '65'}, 'experiment': {'date': '2022-01-01', 'time': '14:00:00', 'condition': 'HW101M', 'group': 'A', 'illumination_level': 'low'}, 'task_info': {'task_name': 'Task1', 'trial_number': '5'}, 'notes': {'comments': 'Participant seemed tired during the session.'}, 'label_info': {'activity': 'sit'}}
Local Time: 2023-10-09 21:42:43 [INFO] NTP Time: [2023-10-09 22:42:43.711016]: Loaded IRA configuration: {'port': '/dev/ttyUSB0', 'baud_rate': '921600', 'Data storage location': 'IRA/data', 'IRA_Datatype': 'float'}
Local Time: 2023-10-09 21:42:43 [INFO] NTP Time: [2023-10-09 22:42:43.711143]: Reading data from /dev/ttyUSB0 at 921600 baud
Local Time: 2023-10-09 21:42:43 [ERROR] NTP Time: [2023-10-09 22:42:43.723386]: Error
Local Time: 2023-10-09 21:42:43 [ERROR] NTP Time: [2023-10-09 22:42:43.865438]: Error
Local Time: 2023-10-09 21:42:44 [INFO] NTP Time: [2023-10-09 22:42:44.010475]: Using NTP time as the start timmer.
Local Time: 2023-10-09 21:42:44 [ERROR] NTP Time: [2023-10-09 22:42:44.010757]: Error
Local Time: 2023-10-09 21:42:44 [INFO] NTP Time: [2023-10-09 22:42:44.168930]: Using the local timmer to pretend to be NTP time. Data recorded
Local Time: 2023-10-09 21:42:44 [INFO] NTP Time: [2023-10-09 22:42:44.308938]: Using the local timmer to pretend to be NTP time. Data recorded
Local Time: 2023-10-09 21:42:44 [INFO] NTP Time: [2023-10-09 22:42:44.445481]: Using the local timmer to pretend to be NTP time. Data recorded
Local Time: 2023-10-09 21:42:44 [INFO] NTP Time: [2023-10-09 22:42:44.612155]: Using the local timmer to pretend to be NTP time. Data recorded
Local Time: 2023-10-09 21:42:44 [INFO] NTP Time: [2023-10-09 22:42:44.752147]: Using the local timmer to pretend to be NTP time. Data recorded
Local Time: 2023-10-09 21:42:44 [INFO] NTP Time: [2023-10-09 22:42:44.917408]: Using the local timmer to pretend to be NTP time. Data recorded
Local Time: 2023-10-09 21:42:45 [INFO] NTP Time: [2023-10-09 22:42:45.065683]: Using the local timmer to pretend to be NTP time. Data recorded
Local Time: 2023-10-09 21:42:45 [INFO] NTP Time: [2023-10-09 22:42:45.196006]: Using the local timmer to pretend to be NTP time. Data recorded
Local Time: 2023-10-09 21:42:45 [INFO] NTP Time: [2023-10-09 22:42:45.332684]: Using the local timmer to pretend to be NTP time. Data recorded
Local Time: 2023-10-09 21:42:45 [INFO] NTP Time: [2023-10-09 22:42:45.471531]: Using the local timmer to pretend to be NTP time. Data recorded
Local Time: 2023-10-09 21:42:45 [INFO] NTP Time: [2023-10-09 22:42:45.637510]: Using the local timmer to pretend to be NTP time. Data recorded
Local Time: 2023-10-09 21:42:45 [INFO] NTP Time: [2023-10-09 22:42:45.778956]: Using the local timmer to pretend to be NTP time. Data recorded
Local Time: 2023-10-09 21:42:45 [INFO] NTP Time: [2023-10-09 22:42:45.914718]: Using the local timmer to pretend to be NTP time. Data recorded
Local Time: 2023-10-09 21:42:46 [INFO] NTP Time: [2023-10-09 22:42:46.080632]: Using the local timmer to pretend to be NTP time. Data recorded
Local Time: 2023-10-09 21:42:46 [INFO] NTP Time: [2023-10-09 22:42:46.219648]: Using the local timmer to pretend to be NTP time. Data recorded
Local Time: 2023-10-09 21:42:46 [INFO] NTP Time: [2023-10-09 22:42:46.375779]: Using the local timmer to pretend to be NTP time. Data recorded
Local Time: 2023-10-09 21:42:46 [INFO] NTP Time: [2023-10-09 22:42:46.529570]: Using the local timmer to pretend to be NTP time. Data recorded
Local Time: 2023-10-09 21:42:46 [INFO] NTP Time: [2023-10-09 22:42:46.665272]: Using the local timmer to pretend to be NTP time. Data recorded
Local Time: 2023-10-09 21:42:46 [INFO] NTP Time: [2023-10-09 22:42:46.800919]: Using the local timmer to pretend to be NTP time. Data recorded
Local Time: 2023-10-09 21:42:46 [INFO] NTP Time: [2023-10-09 22:42:46.941174]: Using the local timmer to pretend to be NTP time. Data recorded
Local Time: 2023-10-09 21:42:47 [INFO] NTP Time: [2023-10-09 22:42:47.106255]: Using the local timmer to pretend to be NTP time. Data recorded
Local Time: 2023-10-09 21:42:47 [ERROR] NTP Time: [2023-10-09 22:42:47.383940]: Error
Local Time: 2023-10-09 21:42:47 [INFO] NTP Time: [2023-10-09 22:42:47.554852]: Using the local timmer to pretend to be NTP time. Data recorded
Local Time: 2023-10-09 21:42:47 [INFO] NTP Time: [2023-10-09 22:42:47.688301]: Using the local timmer to pretend to be NTP time. Data recorded
Local Time: 2023-10-09 21:42:47 [INFO] NTP Time: [2023-10-09 22:42:47.827916]: Using the local timmer to pretend to be NTP time. Data recorded
Local Time: 2023-10-09 21:42:48 [INFO] NTP Time: [2023-10-09 22:42:47.994347]: Using the local timmer to pretend to be NTP time. Data recorded
Local Time: 2023-10-09 21:42:48 [INFO] NTP Time: [2023-10-09 22:42:48.133777]: Using the local timmer to pretend to be NTP time. Data recorded
Local Time: 2023-10-09 21:42:48 [INFO] NTP Time: [2023-10-09 22:42:48.270002]: Using the local timmer to pretend to be NTP time. Data recorded
Local Time: 2023-10-09 21:42:48 [INFO] NTP Time: [2023-10-09 22:42:48.436893]: Using the local timmer to pretend to be NTP time. Data recorded
Local Time: 2023-10-09 21:42:48 [INFO] NTP Time: [2023-10-09 22:42:48.574339]: Using the local timmer to pretend to be NTP time. Data recorded
Local Time: 2023-10-09 21:42:48 [INFO] NTP Time: [2023-10-09 22:42:48.712895]: Using the local timmer to pretend to be NTP time. Data recorded
Local Time: 2023-10-09 21:42:48 [INFO] NTP Time: [2023-10-09 22:42:48.853068]: Using the local timmer to pretend to be NTP time. Data recorded
Local Time: 2023-10-09 21:42:49 [INFO] NTP Time: [2023-10-09 22:42:49.018231]: Using the local timmer to pretend to be NTP time. Data recorded
Local Time: 2023-10-09 21:42:49 [INFO] NTP Time: [2023-10-09 22:42:49.168022]: Using the local timmer to pretend to be NTP time. Data recorded
Local Time: 2023-10-09 21:42:49 [INFO] NTP Time: [2023-10-09 22:42:49.299995]: Using the local timmer to pretend to be NTP time. Data recorded
Local Time: 2023-10-09 21:42:49 [INFO] NTP Time: [2023-10-09 22:42:49.470030]: Using the local timmer to pretend to be NTP time. Data recorded
Local Time: 2023-10-09 21:42:49 [INFO] NTP Time: [2023-10-09 22:42:49.600795]: Using the local timmer to pretend to be NTP time. Data recorded
Local Time: 2023-10-09 21:42:49 [INFO] NTP Time: [2023-10-09 22:42:49.740580]: Using the local timmer to pretend to be NTP time. Data recorded
Local Time: 2023-10-09 21:42:49 [INFO] NTP Time: [2023-10-09 22:42:49.904422]: Using the local timmer to pretend to be NTP time. Data recorded
Local Time: 2023-10-09 21:42:50 [INFO] NTP Time: [2023-10-09 22:42:50.042919]: Using the local timmer to pretend to be NTP time. Data recorded
Local Time: 2023-10-09 21:42:50 [INFO] NTP Time: [2023-10-09 22:42:50.182849]: Using the local timmer to pretend to be NTP time. Data recorded
Local Time: 2023-10-09 21:42:50 [INFO] NTP Time: [2023-10-09 22:42:50.322601]: Using the local timmer to pretend to be NTP time. Data recorded
Local Time: 2023-10-09 21:42:50 [INFO] NTP Time: [2023-10-09 22:42:50.485948]: Using the local timmer to pretend to be NTP time. Data recorded
Local Time: 2023-10-09 21:42:50 [INFO] NTP Time: [2023-10-09 22:42:50.627032]: Using the local timmer to pretend to be NTP time. Data recorded
Local Time: 2023-10-09 21:42:50 [INFO] NTP Time: [2023-10-09 22:42:50.766318]: Using the local timmer to pretend to be NTP time. Data recorded
Local Time: 2023-10-09 21:42:50 [INFO] NTP Time: [2023-10-09 22:42:50.933865]: Using the local timmer to pretend to be NTP time. Data recorded
Local Time: 2023-10-09 21:42:51 [INFO] NTP Time: [2023-10-09 22:42:51.071425]: Using the local timmer to pretend to be NTP time. Data recorded
Local Time: 2023-10-09 21:42:51 [INFO] NTP Time: [2023-10-09 22:42:51.207469]: Using the local timmer to pretend to be NTP time. Data recorded
Local Time: 2023-10-09 21:42:51 [INFO] NTP Time: [2023-10-09 22:42:51.373440]: Using the local timmer to pretend to be NTP time. Data recorded
Local Time: 2023-10-09 21:42:51 [INFO] NTP Time: [2023-10-09 22:42:51.512570]: Using the local timmer to pretend to be NTP time. Data recorded
Local Time: 2023-10-09 21:42:51 [INFO] NTP Time: [2023-10-09 22:42:51.651817]: Using the local timmer to pretend to be NTP time. Data recorded
Local Time: 2023-10-09 21:42:51 [INFO] NTP Time: [2023-10-09 22:42:51.791426]: Using the local timmer to pretend to be NTP time. Data recorded
Local Time: 2023-10-09 21:42:51 [INFO] NTP Time: [2023-10-09 22:42:51.956284]: Using the local timmer to pretend to be NTP time. Data recorded
Local Time: 2023-10-09 21:42:52 [INFO] NTP Time: [2023-10-09 22:42:52.101730]: Using the local timmer to pretend to be NTP time. Data recorded
Local Time: 2023-10-09 21:42:52 [INFO] NTP Time: [2023-10-09 22:42:52.241130]: Using the local timmer to pretend to be NTP time. Data recorded
Local Time: 2023-10-09 21:42:52 [INFO] NTP Time: [2023-10-09 22:42:52.407159]: Using the local timmer to pretend to be NTP time. Data recorded
Local Time: 2023-10-09 21:42:52 [INFO] NTP Time: [2023-10-09 22:42:52.540481]: Using the local timmer to pretend to be NTP time. Data recorded
Local Time: 2023-10-09 21:42:52 [INFO] NTP Time: [2023-10-09 22:42:52.677403]: Using the local timmer to pretend to be NTP time. Data recorded
Local Time: 2023-10-09 21:42:52 [INFO] NTP Time: [2023-10-09 22:42:52.841530]: Using the local timmer to pretend to be NTP time. Data recorded
Local Time: 2023-10-09 21:42:52 [INFO] NTP Time: [2023-10-09 22:42:52.981644]: Using the local timmer to pretend to be NTP time. Data recorded
Local Time: 2023-10-09 21:42:53 [INFO] NTP Time: [2023-10-09 22:42:53.120556]: Using the local timmer to pretend to be NTP time. Data recorded
Local Time: 2023-10-09 21:42:53 [INFO] NTP Time: [2023-10-09 22:42:53.264812]: Using the local timmer to pretend to be NTP time. Data recorded
Local Time: 2023-10-09 21:42:53 [INFO] NTP Time: [2023-10-09 22:42:53.425289]: Using the local timmer to pretend to be NTP time. Data recorded
Local Time: 2023-10-09 21:42:53 [INFO] NTP Time: [2023-10-09 22:42:53.568360]: Using the local timmer to pretend to be NTP time. Data recorded
Local Time: 2023-10-09 21:42:53 [INFO] NTP Time: [2023-10-09 22:42:53.703331]: Using the local timmer to pretend to be NTP time. Data recorded
Local Time: 2023-10-09 21:42:53 [INFO] NTP Time: [2023-10-09 22:42:53.870190]: Using the local timmer to pretend to be NTP time. Data recorded
Local Time: 2023-10-09 21:42:54 [INFO] NTP Time: [2023-10-09 22:42:54.006704]: Using the local timmer to pretend to be NTP time. Data recorded
Local Time: 2023-10-09 21:42:54 [INFO] NTP Time: [2023-10-09 22:42:54.146460]: Using the local timmer to pretend to be NTP time. Data recorded
Local Time: 2023-10-09 21:42:54 [INFO] NTP Time: [2023-10-09 22:42:54.313213]: Using the local timmer to pretend to be NTP time. Data recorded
Local Time: 2023-10-09 21:42:54 [INFO] NTP Time: [2023-10-09 22:42:54.449689]: Using the local timmer to pretend to be NTP time. Data recorded
Local Time: 2023-10-09 21:42:54 [INFO] NTP Time: [2023-10-09 22:42:54.600564]: Using the local timmer to pretend to be NTP time. Data recorded
Local Time: 2023-10-09 21:42:54 [INFO] NTP Time: [2023-10-09 22:42:54.758854]: Using the local timmer to pretend to be NTP time. Data recorded
Local Time: 2023-10-09 21:42:54 [INFO] NTP Time: [2023-10-09 22:42:54.895757]: Using the local timmer to pretend to be NTP time. Data recorded
Local Time: 2023-10-09 21:42:55 [INFO] NTP Time: [2023-10-09 22:42:55.033659]: Using the local timmer to pretend to be NTP time. Data recorded
Local Time: 2023-10-09 21:42:55 [INFO] NTP Time: [2023-10-09 22:42:55.172392]: Using the local timmer to pretend to be NTP time. Data recorded
Local Time: 2023-10-09 21:42:55 [INFO] NTP Time: [2023-10-09 22:42:55.337612]: Using the local timmer to pretend to be NTP time. Data recorded
Local Time: 2023-10-09 21:42:55 [INFO] NTP Time: [2023-10-09 22:42:55.476409]: Using the local timmer to pretend to be NTP time. Data recorded
Local Time: 2023-10-09 21:42:55 [INFO] NTP Time: [2023-10-09 22:42:55.615039]: Using the local timmer to pretend to be NTP time. Data recorded
Local Time: 2023-10-09 21:42:55 [INFO] NTP Time: [2023-10-09 22:42:55.780605]: Using the local timmer to pretend to be NTP time. Data recorded
Local Time: 2023-10-09 21:42:55 [INFO] NTP Time: [2023-10-09 22:42:55.919533]: Using the local timmer to pretend to be NTP time. Data recorded
Local Time: 2023-10-09 21:42:56 [INFO] NTP Time: [2023-10-09 22:42:56.061738]: Using the local timmer to pretend to be NTP time. Data recorded
Local Time: 2023-10-09 21:42:56 [INFO] NTP Time: [2023-10-09 22:42:56.223758]: Using the local timmer to pretend to be NTP time. Data recorded
Local Time: 2023-10-09 21:42:56 [INFO] NTP Time: [2023-10-09 22:42:56.365532]: Using the local timmer to pretend to be NTP time. Data recorded
Local Time: 2023-10-09 21:42:56 [INFO] NTP Time: [2023-10-09 22:42:56.502765]: Using the local timmer to pretend to be NTP time. Data recorded
Local Time: 2023-10-09 21:42:56 [INFO] NTP Time: [2023-10-09 22:42:56.641463]: Using the local timmer to pretend to be NTP time. Data recorded
Local Time: 2023-10-09 21:42:56 [INFO] NTP Time: [2023-10-09 22:42:56.805948]: Using the local timmer to pretend to be NTP time. Data recorded
Local Time: 2023-10-09 21:42:56 [INFO] NTP Time: [2023-10-09 22:42:56.954866]: Using the local timmer to pretend to be NTP time. Data recorded
Local Time: 2023-10-09 21:42:57 [INFO] NTP Time: [2023-10-09 22:42:57.083948]: Using the local timmer to pretend to be NTP time. Data recorded
Local Time: 2023-10-09 21:42:57 [INFO] NTP Time: [2023-10-09 22:42:57.252309]: Using the local timmer to pretend to be NTP time. Data recorded
Local Time: 2023-10-09 21:42:57 [INFO] NTP Time: [2023-10-09 22:42:57.388166]: Using the local timmer to pretend to be NTP time. Data recorded
Local Time: 2023-10-09 21:42:57 [INFO] NTP Time: [2023-10-09 22:42:57.529088]: Using the local timmer to pretend to be NTP time. Data recorded
Local Time: 2023-10-09 21:42:57 [INFO] NTP Time: [2023-10-09 22:42:57.694312]: Using the local timmer to pretend to be NTP time. Data recorded
Local Time: 2023-10-09 21:42:57 [INFO] NTP Time: [2023-10-09 22:42:57.838221]: Using the local timmer to pretend to be NTP time. Data recorded
Local Time: 2023-10-09 21:42:57 [INFO] NTP Time: [2023-10-09 22:42:57.978592]: Using the local timmer to pretend to be NTP time. Data recorded
Local Time: 2023-10-09 21:42:58 [INFO] NTP Time: [2023-10-09 22:42:58.109754]: Using the local timmer to pretend to be NTP time. Data recorded
Local Time: 2023-10-09 21:42:58 [INFO] NTP Time: [2023-10-09 22:42:58.280917]: Using the local timmer to pretend to be NTP time. Data recorded
Local Time: 2023-10-09 21:42:58 [INFO] NTP Time: [2023-10-09 22:42:58.414808]: Using the local timmer to pretend to be NTP time. Data recorded
Local Time: 2023-10-09 21:42:58 [INFO] NTP Time: [2023-10-09 22:42:58.552011]: Using the local timmer to pretend to be NTP time. Data recorded
Local Time: 2023-10-09 21:42:58 [INFO] NTP Time: [2023-10-09 22:42:58.717690]: Using the local timmer to pretend to be NTP time. Data recorded
Local Time: 2023-10-09 21:42:58 [INFO] NTP Time: [2023-10-09 22:42:58.857025]: Using the local timmer to pretend to be NTP time. Data recorded
Local Time: 2023-10-09 21:42:59 [INFO] NTP Time: [2023-10-09 22:42:58.998805]: Using the local timmer to pretend to be NTP time. Data recorded
Local Time: 2023-10-09 21:42:59 [INFO] NTP Time: [2023-10-09 22:42:59.166012]: Using the local timmer to pretend to be NTP time. Data recorded
Local Time: 2023-10-09 21:42:59 [INFO] NTP Time: [2023-10-09 22:42:59.305119]: Using the local timmer to pretend to be NTP time. Data recorded
Local Time: 2023-10-09 21:42:59 [INFO] NTP Time: [2023-10-09 22:42:59.438779]: Using the local timmer to pretend to be NTP time. Data recorded
Local Time: 2023-10-09 21:42:59 [INFO] NTP Time: [2023-10-09 22:42:59.580202]: Using the local timmer to pretend to be NTP time. Data recorded
Local Time: 2023-10-09 21:42:59 [INFO] NTP Time: [2023-10-09 22:42:59.743934]: Using the local timmer to pretend to be NTP time. Data recorded
Local Time: 2023-10-09 21:42:59 [INFO] NTP Time: [2023-10-09 22:42:59.884143]: Using the local timmer to pretend to be NTP time. Data recorded
Local Time: 2023-10-09 21:43:00 [INFO] NTP Time: [2023-10-09 22:43:00.021592]: Using the local timmer to pretend to be NTP time. Data recorded
Local Time: 2023-10-09 21:43:00 [INFO] NTP Time: [2023-10-09 22:43:00.189303]: Using the local timmer to pretend to be NTP time. Data recorded
Local Time: 2023-10-09 21:43:00 [INFO] NTP Time: [2023-10-09 22:43:00.327055]: Using the local timmer to pretend to be NTP time. Data recorded
Local Time: 2023-10-09 21:43:00 [INFO] NTP Time: [2023-10-09 22:43:00.467490]: Using the local timmer to pretend to be NTP time. Data recorded
Local Time: 2023-10-09 21:43:00 [INFO] NTP Time: [2023-10-09 22:43:00.633684]: Using the local timmer to pretend to be NTP time. Data recorded
Local Time: 2023-10-09 21:43:01 [ERROR] NTP Time: [2023-10-09 22:43:01.506995]: Error
Local Time: 2023-10-09 21:43:01 [INFO] NTP Time: [2023-10-09 22:43:01.655019]: Using the local timmer to pretend to be NTP time. Data recorded
Local Time: 2023-10-09 21:43:01 [INFO] NTP Time: [2023-10-09 22:43:01.795281]: Using the local timmer to pretend to be NTP time. Data recorded
Local Time: 2023-10-09 21:43:01 [INFO] NTP Time: [2023-10-09 22:43:01.936127]: Using the local timmer to pretend to be NTP time. Data recorded
Local Time: 2023-10-09 21:43:02 [INFO] NTP Time: [2023-10-09 22:43:02.101365]: Using the local timmer to pretend to be NTP time. Data recorded
Local Time: 2023-10-09 21:43:02 [INFO] NTP Time: [2023-10-09 22:43:02.238371]: Using the local timmer to pretend to be NTP time. Data recorded
Local Time: 2023-10-09 21:43:02 [INFO] NTP Time: [2023-10-09 22:43:02.376321]: Using the local timmer to pretend to be NTP time. Data recorded
Local Time: 2023-10-09 21:43:02 [INFO] NTP Time: [2023-10-09 22:43:02.542465]: Using the local timmer to pretend to be NTP time. Data recorded
Local Time: 2023-10-09 21:43:02 [INFO] NTP Time: [2023-10-09 22:43:02.680569]: Using the local timmer to pretend to be NTP time. Data recorded
Local Time: 2023-10-09 21:43:02 [INFO] NTP Time: [2023-10-09 22:43:02.851289]: Using the local timmer to pretend to be NTP time. Data recorded
Local Time: 2023-10-09 21:43:02 [INFO] NTP Time: [2023-10-09 22:43:02.959100]: Using the local timmer to pretend to be NTP time. Data recorded
Local Time: 2023-10-09 21:43:03 [INFO] NTP Time: [2023-10-09 22:43:03.125118]: Using the local timmer to pretend to be NTP time. Data recorded
Local Time: 2023-10-09 21:43:03 [INFO] NTP Time: [2023-10-09 22:43:03.264628]: Using the local timmer to pretend to be NTP time. Data recorded
Local Time: 2023-10-09 21:43:03 [INFO] NTP Time: [2023-10-09 22:43:03.428522]: Using the local timmer to pretend to be NTP time. Data recorded
Local Time: 2023-10-09 21:43:03 [INFO] NTP Time: [2023-10-09 22:43:03.573139]: Using the local timmer to pretend to be NTP time. Data recorded
Local Time: 2023-10-09 21:43:03 [INFO] NTP Time: [2023-10-09 22:43:03.706721]: Using the local timmer to pretend to be NTP time. Data recorded
Local Time: 2023-10-09 21:43:03 [INFO] NTP Time: [2023-10-09 22:43:03.875645]: Using the local timmer to pretend to be NTP time. Data recorded
Local Time: 2023-10-09 21:43:04 [INFO] NTP Time: [2023-10-09 22:43:04.010881]: Using the local timmer to pretend to be NTP time. Data recorded
Local Time: 2023-10-09 21:43:04 [INFO] NTP Time: [2023-10-09 22:43:04.185185]: Using the local timmer to pretend to be NTP time. Data recorded
Local Time: 2023-10-09 21:43:04 [INFO] NTP Time: [2023-10-09 22:43:04.294701]: Using the local timmer to pretend to be NTP time. Data recorded
Local Time: 2023-10-09 21:43:04 [INFO] NTP Time: [2023-10-09 22:43:04.429710]: Using the local timmer to pretend to be NTP time. Data recorded
Local Time: 2023-10-09 21:43:04 [INFO] NTP Time: [2023-10-09 22:43:04.621949]: Using the local timmer to pretend to be NTP time. Data recorded
Local Time: 2023-10-09 21:43:04 [INFO] NTP Time: [2023-10-09 22:43:04.733089]: Using the local timmer to pretend to be NTP time. Data recorded
Local Time: 2023-10-09 21:43:04 [INFO] NTP Time: [2023-10-09 22:43:04.881946]: Using the local timmer to pretend to be NTP time. Data recorded
Local Time: 2023-10-09 21:43:05 [INFO] NTP Time: [2023-10-09 22:43:05.036518]: Using the local timmer to pretend to be NTP time. Data recorded
Local Time: 2023-10-09 21:43:05 [INFO] NTP Time: [2023-10-09 22:43:05.176023]: Using the local timmer to pretend to be NTP time. Data recorded
Local Time: 2023-10-09 21:43:05 [INFO] NTP Time: [2023-10-09 22:43:05.314953]: Using the local timmer to pretend to be NTP time. Data recorded
Local Time: 2023-10-09 21:43:05 [INFO] NTP Time: [2023-10-09 22:43:05.480337]: Using the local timmer to pretend to be NTP time. Data recorded
Local Time: 2023-10-09 21:43:05 [INFO] NTP Time: [2023-10-09 22:43:05.618922]: Using the local timmer to pretend to be NTP time. Data recorded
Local Time: 2023-10-09 21:43:05 [INFO] NTP Time: [2023-10-09 22:43:05.764302]: Using the local timmer to pretend to be NTP time. Data recorded
Local Time: 2023-10-09 21:43:05 [INFO] NTP Time: [2023-10-09 22:43:05.897930]: Using the local timmer to pretend to be NTP time. Data recorded
Local Time: 2023-10-09 21:43:06 [INFO] NTP Time: [2023-10-09 22:43:06.062672]: Using the local timmer to pretend to be NTP time. Data recorded
Local Time: 2023-10-09 21:43:06 [INFO] NTP Time: [2023-10-09 22:43:06.203007]: Using the local timmer to pretend to be NTP time. Data recorded
Local Time: 2023-10-09 21:43:06 [INFO] NTP Time: [2023-10-09 22:43:06.341774]: Using the local timmer to pretend to be NTP time. Data recorded
Local Time: 2023-10-09 21:43:06 [INFO] NTP Time: [2023-10-09 22:43:06.506577]: Using the local timmer to pretend to be NTP time. Data recorded
Local Time: 2023-10-09 21:43:06 [INFO] NTP Time: [2023-10-09 22:43:06.644022]: Using the local timmer to pretend to be NTP time. Data recorded
Local Time: 2023-10-09 21:43:06 [INFO] NTP Time: [2023-10-09 22:43:06.783098]: Using the local timmer to pretend to be NTP time. Data recorded
Local Time: 2023-10-09 21:43:06 [INFO] NTP Time: [2023-10-09 22:43:06.947946]: Using the local timmer to pretend to be NTP time. Data recorded
Local Time: 2023-10-09 21:43:07 [INFO] NTP Time: [2023-10-09 22:43:07.087029]: Using the local timmer to pretend to be NTP time. Data recorded
Local Time: 2023-10-09 21:43:07 [INFO] NTP Time: [2023-10-09 22:43:07.243516]: Using the local timmer to pretend to be NTP time. Data recorded
Local Time: 2023-10-09 21:43:07 [INFO] NTP Time: [2023-10-09 22:43:07.392295]: Using the local timmer to pretend to be NTP time. Data recorded
Local Time: 2023-10-09 21:43:07 [INFO] NTP Time: [2023-10-09 22:43:07.533573]: Using the local timmer to pretend to be NTP time. Data recorded
Local Time: 2023-10-09 21:43:07 [INFO] NTP Time: [2023-10-09 22:43:07.697232]: Using the local timmer to pretend to be NTP time. Data recorded
Local Time: 2023-10-09 21:43:07 [INFO] NTP Time: [2023-10-09 22:43:07.808773]: Using the local timmer to pretend to be NTP time. Data recorded
Local Time: 2023-10-09 21:43:07 [INFO] NTP Time: [2023-10-09 22:43:07.975489]: Using the local timmer to pretend to be NTP time. Data recorded
Local Time: 2023-10-09 21:43:08 [INFO] NTP Time: [2023-10-09 22:43:08.113034]: Using the local timmer to pretend to be NTP time. Data recorded
Local Time: 2023-10-09 21:43:08 [INFO] NTP Time: [2023-10-09 22:43:08.299111]: Using the local timmer to pretend to be NTP time. Data recorded
Local Time: 2023-10-09 21:43:08 [INFO] NTP Time: [2023-10-09 22:43:08.444176]: Using the local timmer to pretend to be NTP time. Data recorded
Local Time: 2023-10-09 21:43:08 [INFO] NTP Time: [2023-10-09 22:43:08.564318]: Using the local timmer to pretend to be NTP time. Data recorded
Local Time: 2023-10-09 21:43:08 [ERROR] NTP Time: [2023-10-09 22:43:08.701282]: Error
Local Time: 2023-10-09 21:43:08 [INFO] NTP Time: [2023-10-09 22:43:08.862970]: Using the local timmer to pretend to be NTP time. Data recorded
Local Time: 2023-10-09 21:43:09 [INFO] NTP Time: [2023-10-09 22:43:09.001680]: Using the local timmer to pretend to be NTP time. Data recorded
Local Time: 2023-10-09 21:43:09 [INFO] NTP Time: [2023-10-09 22:43:09.180032]: Using the local timmer to pretend to be NTP time. Data recorded
Local Time: 2023-10-09 21:43:09 [INFO] NTP Time: [2023-10-09 22:43:09.278548]: Using the local timmer to pretend to be NTP time. Data recorded
Local Time: 2023-10-09 21:43:09 [ERROR] NTP Time: [2023-10-09 22:43:09.443279]: Error
Local Time: 2023-10-09 21:43:09 [INFO] NTP Time: [2023-10-09 22:43:09.581547]: Using the local timmer to pretend to be NTP time. Data recorded
Local Time: 2023-10-09 21:43:09 [INFO] NTP Time: [2023-10-09 22:43:09.720520]: Using the local timmer to pretend to be NTP time. Data recorded
Local Time: 2023-10-09 21:43:09 [INFO] NTP Time: [2023-10-09 22:43:09.885765]: Using the local timmer to pretend to be NTP time. Data recorded
Local Time: 2023-10-09 21:43:10 [ERROR] NTP Time: [2023-10-09 22:43:10.024865]: Error
Local Time: 2023-10-09 21:43:10 [INFO] NTP Time: [2023-10-09 22:43:10.165517]: Using the local timmer to pretend to be NTP time. Data recorded
Local Time: 2023-10-09 21:43:10 [INFO] NTP Time: [2023-10-09 22:43:10.330442]: Using the local timmer to pretend to be NTP time. Data recorded
Local Time: 2023-10-09 21:43:10 [INFO] NTP Time: [2023-10-09 22:43:10.477031]: Using the local timmer to pretend to be NTP time. Data recorded
Local Time: 2023-10-09 21:43:10 [INFO] NTP Time: [2023-10-09 22:43:10.607597]: Using the local timmer to pretend to be NTP time. Data recorded
Local Time: 2023-10-09 21:43:10 [INFO] NTP Time: [2023-10-09 22:43:10.747320]: Using the local timmer to pretend to be NTP time. Data recorded
Local Time: 2023-10-09 21:43:10 [INFO] NTP Time: [2023-10-09 22:43:10.912068]: Using the local timmer to pretend to be NTP time. Data recorded
Local Time: 2023-10-09 21:43:11 [INFO] NTP Time: [2023-10-09 22:43:11.050497]: Using the local timmer to pretend to be NTP time. Data recorded
Local Time: 2023-10-09 21:43:11 [INFO] NTP Time: [2023-10-09 22:43:11.189622]: Using the local timmer to pretend to be NTP time. Data recorded
Local Time: 2023-10-09 21:43:11 [INFO] NTP Time: [2023-10-09 22:43:11.355598]: Using the local timmer to pretend to be NTP time. Data recorded
Local Time: 2023-10-09 21:43:11 [INFO] NTP Time: [2023-10-09 22:43:11.495210]: Using the local timmer to pretend to be NTP time. Data recorded
Local Time: 2023-10-09 21:43:11 [INFO] NTP Time: [2023-10-09 22:43:11.671808]: Using the local timmer to pretend to be NTP time. Data recorded
Local Time: 2023-10-09 21:43:11 [INFO] NTP Time: [2023-10-09 22:43:11.798828]: Using the local timmer to pretend to be NTP time. Data recorded
Local Time: 2023-10-09 21:43:11 [INFO] NTP Time: [2023-10-09 22:43:11.937934]: Using the local timmer to pretend to be NTP time. Data recorded
Local Time: 2023-10-09 21:43:12 [INFO] NTP Time: [2023-10-09 22:43:12.076438]: Using the local timmer to pretend to be NTP time. Data recorded
Local Time: 2023-10-09 21:43:12 [INFO] NTP Time: [2023-10-09 22:43:12.241280]: Using the local timmer to pretend to be NTP time. Data recorded
Local Time: 2023-10-09 21:43:12 [INFO] NTP Time: [2023-10-09 22:43:12.400852]: Using the local timmer to pretend to be NTP time. Data recorded
Local Time: 2023-10-09 21:43:12 [INFO] NTP Time: [2023-10-09 22:43:12.520195]: Using the local timmer to pretend to be NTP time. Data recorded
Local Time: 2023-10-09 21:43:12 [INFO] NTP Time: [2023-10-09 22:43:12.658566]: Using the local timmer to pretend to be NTP time. Data recorded
Local Time: 2023-10-09 21:43:12 [INFO] NTP Time: [2023-10-09 22:43:12.824284]: Using the local timmer to pretend to be NTP time. Data recorded
Local Time: 2023-10-09 21:43:12 [INFO] NTP Time: [2023-10-09 22:43:12.964423]: Using the local timmer to pretend to be NTP time. Data recorded
Local Time: 2023-10-09 21:43:13 [INFO] NTP Time: [2023-10-09 22:43:13.103040]: Using the local timmer to pretend to be NTP time. Data recorded
Local Time: 2023-10-09 21:43:13 [INFO] NTP Time: [2023-10-09 22:43:13.284626]: Using the local timmer to pretend to be NTP time. Data recorded
Local Time: 2023-10-09 21:43:13 [INFO] NTP Time: [2023-10-09 22:43:13.408210]: Using the local timmer to pretend to be NTP time. Data recorded
Local Time: 2023-10-09 21:43:13 [INFO] NTP Time: [2023-10-09 22:43:13.545168]: Using the local timmer to pretend to be NTP time. Data recorded
Local Time: 2023-10-09 21:43:13 [INFO] NTP Time: [2023-10-09 22:43:13.710617]: Using the local timmer to pretend to be NTP time. Data recorded
Local Time: 2023-10-09 21:43:13 [INFO] NTP Time: [2023-10-09 22:43:13.849271]: Using the local timmer to pretend to be NTP time. Data recorded
Local Time: 2023-10-09 21:43:13 [INFO] NTP Time: [2023-10-09 22:43:13.988231]: Using the local timmer to pretend to be NTP time. Data recorded
Local Time: 2023-10-09 21:43:14 [INFO] NTP Time: [2023-10-09 22:43:14.176179]: Using the local timmer to pretend to be NTP time. Data recorded
Local Time: 2023-10-09 21:43:14 [INFO] NTP Time: [2023-10-09 22:43:14.292713]: Using the local timmer to pretend to be NTP time. Data recorded
Local Time: 2023-10-09 21:43:14 [INFO] NTP Time: [2023-10-09 22:43:14.476876]: Using the local timmer to pretend to be NTP time. Data recorded
Local Time: 2023-10-09 21:43:14 [INFO] NTP Time: [2023-10-09 22:43:14.572177]: Using the local timmer to pretend to be NTP time. Data recorded
Local Time: 2023-10-09 21:43:14 [INFO] NTP Time: [2023-10-09 22:43:14.736829]: Using the local timmer to pretend to be NTP time. Data recorded
Local Time: 2023-10-09 21:43:14 [INFO] NTP Time: [2023-10-09 22:43:14.878279]: Using the local timmer to pretend to be NTP time. Data recorded
Local Time: 2023-10-09 21:43:15 [INFO] NTP Time: [2023-10-09 22:43:15.014473]: Using the local timmer to pretend to be NTP time. Data recorded
Local Time: 2023-10-09 21:43:15 [INFO] NTP Time: [2023-10-09 22:43:15.179353]: Using the local timmer to pretend to be NTP time. Data recorded
Local Time: 2023-10-09 21:43:15 [INFO] NTP Time: [2023-10-09 22:43:15.318264]: Using the local timmer to pretend to be NTP time. Data recorded
Local Time: 2023-10-09 21:43:15 [INFO] NTP Time: [2023-10-09 22:43:15.458476]: Using the local timmer to pretend to be NTP time. Data recorded
Local Time: 2023-10-09 21:43:15 [INFO] NTP Time: [2023-10-09 22:43:15.598776]: Using the local timmer to pretend to be NTP time. Data recorded
Local Time: 2023-10-09 21:43:15 [ERROR] NTP Time: [2023-10-09 22:43:15.902536]: Error
Local Time: 2023-10-09 21:43:16 [INFO] NTP Time: [2023-10-09 22:43:16.041610]: Using the local timmer to pretend to be NTP time. Data recorded
Local Time: 2023-10-09 21:43:16 [INFO] NTP Time: [2023-10-09 22:43:16.207587]: Using the local timmer to pretend to be NTP time. Data recorded
Local Time: 2023-10-09 21:43:16 [ERROR] NTP Time: [2023-10-09 22:43:16.485454]: Error
Local Time: 2023-10-09 21:43:16 [INFO] NTP Time: [2023-10-09 22:43:16.649400]: Using the local timmer to pretend to be NTP time. Data recorded
Local Time: 2023-10-09 21:43:16 [INFO] NTP Time: [2023-10-09 22:43:16.787429]: Using the local timmer to pretend to be NTP time. Data recorded
Local Time: 2023-10-09 21:43:16 [INFO] NTP Time: [2023-10-09 22:43:16.927954]: Using the local timmer to pretend to be NTP time. Data recorded
Local Time: 2023-10-09 21:43:17 [INFO] NTP Time: [2023-10-09 22:43:17.066857]: Using the local timmer to pretend to be NTP time. Data recorded
Local Time: 2023-10-09 21:43:17 [INFO] NTP Time: [2023-10-09 22:43:17.235785]: Using the local timmer to pretend to be NTP time. Data recorded
Local Time: 2023-10-09 21:43:17 [INFO] NTP Time: [2023-10-09 22:43:17.371572]: Using the local timmer to pretend to be NTP time. Data recorded
Local Time: 2023-10-09 21:43:17 [ERROR] NTP Time: [2023-10-09 22:43:17.680703]: Error
Local Time: 2023-10-09 21:43:17 [INFO] NTP Time: [2023-10-09 22:43:17.814301]: Using the local timmer to pretend to be NTP time. Data recorded
Local Time: 2023-10-09 21:43:17 [INFO] NTP Time: [2023-10-09 22:43:17.953571]: Using the local timmer to pretend to be NTP time. Data recorded
Local Time: 2023-10-09 21:43:18 [INFO] NTP Time: [2023-10-09 22:43:18.118386]: Using the local timmer to pretend to be NTP time. Data recorded
Local Time: 2023-10-09 21:43:18 [INFO] NTP Time: [2023-10-09 22:43:18.258194]: Using the local timmer to pretend to be NTP time. Data recorded
Local Time: 2023-10-09 21:43:18 [INFO] NTP Time: [2023-10-09 22:43:18.395653]: Using the local timmer to pretend to be NTP time. Data recorded
Local Time: 2023-10-09 21:43:18 [INFO] NTP Time: [2023-10-09 22:43:18.562860]: Using the local timmer to pretend to be NTP time. Data recorded
Local Time: 2023-10-09 21:43:18 [INFO] NTP Time: [2023-10-09 22:43:18.699783]: Using the local timmer to pretend to be NTP time. Data recorded
