Local Time: 2023-10-09 20:14:58 [INFO] NTP Time: [2023-10-09 21:14:58.814999]: Loaded configuration: {'participant': {'id': 'P001', 'age': '25', 'gender': 'M', 'ethnicity': 'Caucasian', 'height': '165', 'weight': '65'}, 'experiment': {'date': '2022-01-01', 'time': '14:00:00', 'condition': 'HW101M', 'group': 'A', 'illumination_level': 'low'}, 'task_info': {'task_name': 'Task1', 'trial_number': '5'}, 'notes': {'comments': 'Participant seemed tired during the session.'}, 'label_info': {'activity': 'sit'}}
Local Time: 2023-10-09 20:14:58 [INFO] NTP Time: [2023-10-09 21:14:58.819220]: Loaded IRA configuration: {'port': '/dev/ttyUSB0', 'baud_rate': '921600', 'Data storage location': 'IRA/data', 'IRA_Datatype': 'float'}
Local Time: 2023-10-09 20:14:58 [INFO] NTP Time: [2023-10-09 21:14:58.819609]: Reading data from /dev/ttyUSB0 at 921600 baud
Local Time: 2023-10-09 20:14:58 [INFO] NTP Time: [2023-10-09 21:14:58.943556]: Using NTP time as the start timmer.
Local Time: 2023-10-09 20:14:58 [ERROR] NTP Time: [2023-10-09 21:14:58.943680]: Error
Local Time: 2023-10-09 20:14:59 [INFO] NTP Time: [2023-10-09 21:14:59.080164]: Using the local timmer to pretend to be NTP time. Data recorded
Local Time: 2023-10-09 20:14:59 [INFO] NTP Time: [2023-10-09 21:14:59.218921]: Using the local timmer to pretend to be NTP time. Data recorded
Local Time: 2023-10-09 20:14:59 [INFO] NTP Time: [2023-10-09 21:14:59.383989]: Using the local timmer to pretend to be NTP time. Data recorded
Local Time: 2023-10-09 20:14:59 [INFO] NTP Time: [2023-10-09 21:14:59.523412]: Using the local timmer to pretend to be NTP time. Data recorded
Local Time: 2023-10-09 20:14:59 [INFO] NTP Time: [2023-10-09 21:14:59.662165]: Using the local timmer to pretend to be NTP time. Data recorded
Local Time: 2023-10-09 20:14:59 [INFO] NTP Time: [2023-10-09 21:14:59.829106]: Using the local timmer to pretend to be NTP time. Data recorded
Local Time: 2023-10-09 20:14:59 [INFO] NTP Time: [2023-10-09 21:14:59.975576]: Using the local timmer to pretend to be NTP time. Data recorded
Local Time: 2023-10-09 20:15:00 [INFO] NTP Time: [2023-10-09 21:15:00.106560]: Using the local timmer to pretend to be NTP time. Data recorded
Local Time: 2023-10-09 20:15:00 [INFO] NTP Time: [2023-10-09 21:15:00.245063]: Using the local timmer to pretend to be NTP time. Data recorded
Local Time: 2023-10-09 20:15:00 [INFO] NTP Time: [2023-10-09 21:15:00.410582]: Using the local timmer to pretend to be NTP time. Data recorded
Local Time: 2023-10-09 20:15:00 [INFO] NTP Time: [2023-10-09 21:15:00.549144]: Using the local timmer to pretend to be NTP time. Data recorded
Local Time: 2023-10-09 20:15:00 [INFO] NTP Time: [2023-10-09 21:15:00.689176]: Using the local timmer to pretend to be NTP time. Data recorded
Local Time: 2023-10-09 20:15:00 [INFO] NTP Time: [2023-10-09 21:15:00.853365]: Using the local timmer to pretend to be NTP time. Data recorded
Local Time: 2023-10-09 20:15:00 [INFO] NTP Time: [2023-10-09 21:15:00.992222]: Using the local timmer to pretend to be NTP time. Data recorded
Local Time: 2023-10-09 20:15:01 [INFO] NTP Time: [2023-10-09 21:15:01.131339]: Using the local timmer to pretend to be NTP time. Data recorded
Local Time: 2023-10-09 20:15:01 [INFO] NTP Time: [2023-10-09 21:15:01.300659]: Using the local timmer to pretend to be NTP time. Data recorded
Local Time: 2023-10-09 20:15:01 [INFO] NTP Time: [2023-10-09 21:15:01.436356]: Using the local timmer to pretend to be NTP time. Data recorded
Local Time: 2023-10-09 20:15:01 [INFO] NTP Time: [2023-10-09 21:15:01.574637]: Using the local timmer to pretend to be NTP time. Data recorded
Local Time: 2023-10-09 20:15:01 [INFO] NTP Time: [2023-10-09 21:15:01.713867]: Using the local timmer to pretend to be NTP time. Data recorded
Local Time: 2023-10-09 20:15:01 [INFO] NTP Time: [2023-10-09 21:15:01.878841]: Using the local timmer to pretend to be NTP time. Data recorded
Local Time: 2023-10-09 20:15:02 [INFO] NTP Time: [2023-10-09 21:15:02.019221]: Using the local timmer to pretend to be NTP time. Data recorded
Local Time: 2023-10-09 20:15:02 [INFO] NTP Time: [2023-10-09 21:15:02.157003]: Using the local timmer to pretend to be NTP time. Data recorded
Local Time: 2023-10-09 20:15:02 [INFO] NTP Time: [2023-10-09 21:15:02.322201]: Using the local timmer to pretend to be NTP time. Data recorded
Local Time: 2023-10-09 20:15:02 [INFO] NTP Time: [2023-10-09 21:15:02.462125]: Using the local timmer to pretend to be NTP time. Data recorded
Local Time: 2023-10-09 20:15:02 [INFO] NTP Time: [2023-10-09 21:15:02.600239]: Using the local timmer to pretend to be NTP time. Data recorded
Local Time: 2023-10-09 20:15:02 [INFO] NTP Time: [2023-10-09 21:15:02.765313]: Using the local timmer to pretend to be NTP time. Data recorded
Local Time: 2023-10-09 20:15:02 [INFO] NTP Time: [2023-10-09 21:15:02.904479]: Using the local timmer to pretend to be NTP time. Data recorded
Local Time: 2023-10-09 20:15:03 [INFO] NTP Time: [2023-10-09 21:15:03.043588]: Using the local timmer to pretend to be NTP time. Data recorded
Local Time: 2023-10-09 20:15:03 [INFO] NTP Time: [2023-10-09 21:15:03.182931]: Using the local timmer to pretend to be NTP time. Data recorded
Local Time: 2023-10-09 20:15:03 [INFO] NTP Time: [2023-10-09 21:15:03.348553]: Using the local timmer to pretend to be NTP time. Data recorded
Local Time: 2023-10-09 20:15:03 [INFO] NTP Time: [2023-10-09 21:15:03.487792]: Using the local timmer to pretend to be NTP time. Data recorded
Local Time: 2023-10-09 20:15:03 [INFO] NTP Time: [2023-10-09 21:15:03.626638]: Using the local timmer to pretend to be NTP time. Data recorded
Local Time: 2023-10-09 20:15:03 [INFO] NTP Time: [2023-10-09 21:15:03.791126]: Using the local timmer to pretend to be NTP time. Data recorded
Local Time: 2023-10-09 20:15:03 [INFO] NTP Time: [2023-10-09 21:15:03.930500]: Using the local timmer to pretend to be NTP time. Data recorded
Local Time: 2023-10-09 20:15:04 [INFO] NTP Time: [2023-10-09 21:15:04.069602]: Using the local timmer to pretend to be NTP time. Data recorded
Local Time: 2023-10-09 20:15:04 [INFO] NTP Time: [2023-10-09 21:15:04.234195]: Using the local timmer to pretend to be NTP time. Data recorded
Local Time: 2023-10-09 20:15:04 [INFO] NTP Time: [2023-10-09 21:15:04.374493]: Using the local timmer to pretend to be NTP time. Data recorded
Local Time: 2023-10-09 20:15:04 [INFO] NTP Time: [2023-10-09 21:15:04.512445]: Using the local timmer to pretend to be NTP time. Data recorded
Local Time: 2023-10-09 20:15:04 [INFO] NTP Time: [2023-10-09 21:15:04.651694]: Using the local timmer to pretend to be NTP time. Data recorded
Local Time: 2023-10-09 20:15:04 [INFO] NTP Time: [2023-10-09 21:15:04.816763]: Using the local timmer to pretend to be NTP time. Data recorded
Local Time: 2023-10-09 20:15:04 [INFO] NTP Time: [2023-10-09 21:15:04.956644]: Using the local timmer to pretend to be NTP time. Data recorded
Local Time: 2023-10-09 20:15:05 [INFO] NTP Time: [2023-10-09 21:15:05.094681]: Using the local timmer to pretend to be NTP time. Data recorded
Local Time: 2023-10-09 20:15:05 [INFO] NTP Time: [2023-10-09 21:15:05.259697]: Using the local timmer to pretend to be NTP time. Data recorded
Local Time: 2023-10-09 20:15:05 [INFO] NTP Time: [2023-10-09 21:15:05.398801]: Using the local timmer to pretend to be NTP time. Data recorded
Local Time: 2023-10-09 20:15:05 [INFO] NTP Time: [2023-10-09 21:15:05.539941]: Using the local timmer to pretend to be NTP time. Data recorded
Local Time: 2023-10-09 20:15:05 [INFO] NTP Time: [2023-10-09 21:15:05.703997]: Using the local timmer to pretend to be NTP time. Data recorded
Local Time: 2023-10-09 20:15:05 [INFO] NTP Time: [2023-10-09 21:15:05.843602]: Using the local timmer to pretend to be NTP time. Data recorded
Local Time: 2023-10-09 20:15:05 [INFO] NTP Time: [2023-10-09 21:15:05.982313]: Using the local timmer to pretend to be NTP time. Data recorded
Local Time: 2023-10-09 20:15:06 [INFO] NTP Time: [2023-10-09 21:15:06.121057]: Using the local timmer to pretend to be NTP time. Data recorded
Local Time: 2023-10-09 20:15:06 [INFO] NTP Time: [2023-10-09 21:15:06.285329]: Using the local timmer to pretend to be NTP time. Data recorded
Local Time: 2023-10-09 20:15:06 [INFO] NTP Time: [2023-10-09 21:15:06.424368]: Using the local timmer to pretend to be NTP time. Data recorded
Local Time: 2023-10-09 20:15:06 [INFO] NTP Time: [2023-10-09 21:15:06.563475]: Using the local timmer to pretend to be NTP time. Data recorded
Local Time: 2023-10-09 20:15:06 [INFO] NTP Time: [2023-10-09 21:15:06.728642]: Using the local timmer to pretend to be NTP time. Data recorded
Local Time: 2023-10-09 20:15:06 [INFO] NTP Time: [2023-10-09 21:15:06.867696]: Using the local timmer to pretend to be NTP time. Data recorded
Local Time: 2023-10-09 20:15:07 [INFO] NTP Time: [2023-10-09 21:15:07.006888]: Using the local timmer to pretend to be NTP time. Data recorded
Local Time: 2023-10-09 20:15:07 [INFO] NTP Time: [2023-10-09 21:15:07.171984]: Using the local timmer to pretend to be NTP time. Data recorded
Local Time: 2023-10-09 20:15:07 [INFO] NTP Time: [2023-10-09 21:15:07.310864]: Using the local timmer to pretend to be NTP time. Data recorded
Local Time: 2023-10-09 20:15:07 [INFO] NTP Time: [2023-10-09 21:15:07.450723]: Using the local timmer to pretend to be NTP time. Data recorded
Local Time: 2023-10-09 20:15:07 [INFO] NTP Time: [2023-10-09 21:15:07.615145]: Using the local timmer to pretend to be NTP time. Data recorded
Local Time: 2023-10-09 20:15:07 [INFO] NTP Time: [2023-10-09 21:15:07.754290]: Using the local timmer to pretend to be NTP time. Data recorded
Local Time: 2023-10-09 20:15:07 [INFO] NTP Time: [2023-10-09 21:15:07.893399]: Using the local timmer to pretend to be NTP time. Data recorded
Local Time: 2023-10-09 20:15:08 [INFO] NTP Time: [2023-10-09 21:15:08.032339]: Using the local timmer to pretend to be NTP time. Data recorded
Local Time: 2023-10-09 20:15:08 [INFO] NTP Time: [2023-10-09 21:15:08.197355]: Using the local timmer to pretend to be NTP time. Data recorded
Local Time: 2023-10-09 20:15:08 [INFO] NTP Time: [2023-10-09 21:15:08.336415]: Using the local timmer to pretend to be NTP time. Data recorded
Local Time: 2023-10-09 20:15:08 [INFO] NTP Time: [2023-10-09 21:15:08.477399]: Using the local timmer to pretend to be NTP time. Data recorded
Local Time: 2023-10-09 20:15:08 [INFO] NTP Time: [2023-10-09 21:15:08.640730]: Using the local timmer to pretend to be NTP time. Data recorded
Local Time: 2023-10-09 20:15:08 [INFO] NTP Time: [2023-10-09 21:15:08.780676]: Using the local timmer to pretend to be NTP time. Data recorded
Local Time: 2023-10-09 20:15:08 [INFO] NTP Time: [2023-10-09 21:15:08.919931]: Using the local timmer to pretend to be NTP time. Data recorded
Local Time: 2023-10-09 20:15:09 [INFO] NTP Time: [2023-10-09 21:15:09.084745]: Using the local timmer to pretend to be NTP time. Data recorded
Local Time: 2023-10-09 20:15:09 [INFO] NTP Time: [2023-10-09 21:15:09.227832]: Using the local timmer to pretend to be NTP time. Data recorded
Local Time: 2023-10-09 20:15:09 [INFO] NTP Time: [2023-10-09 21:15:09.363523]: Using the local timmer to pretend to be NTP time. Data recorded
Local Time: 2023-10-09 20:15:09 [INFO] NTP Time: [2023-10-09 21:15:09.501705]: Using the local timmer to pretend to be NTP time. Data recorded
Local Time: 2023-10-09 20:15:09 [INFO] NTP Time: [2023-10-09 21:15:09.666379]: Using the local timmer to pretend to be NTP time. Data recorded
Local Time: 2023-10-09 20:15:09 [INFO] NTP Time: [2023-10-09 21:15:09.805777]: Using the local timmer to pretend to be NTP time. Data recorded
Local Time: 2023-10-09 20:15:09 [INFO] NTP Time: [2023-10-09 21:15:09.945195]: Using the local timmer to pretend to be NTP time. Data recorded
Local Time: 2023-10-09 20:15:10 [INFO] NTP Time: [2023-10-09 21:15:10.110369]: Using the local timmer to pretend to be NTP time. Data recorded
Local Time: 2023-10-09 20:15:10 [INFO] NTP Time: [2023-10-09 21:15:10.249730]: Using the local timmer to pretend to be NTP time. Data recorded
Local Time: 2023-10-09 20:15:10 [INFO] NTP Time: [2023-10-09 21:15:10.388519]: Using the local timmer to pretend to be NTP time. Data recorded
Local Time: 2023-10-09 20:15:10 [INFO] NTP Time: [2023-10-09 21:15:10.553256]: Using the local timmer to pretend to be NTP time. Data recorded
Local Time: 2023-10-09 20:15:10 [INFO] NTP Time: [2023-10-09 21:15:10.692043]: Using the local timmer to pretend to be NTP time. Data recorded
Local Time: 2023-10-09 20:15:10 [INFO] NTP Time: [2023-10-09 21:15:10.831505]: Using the local timmer to pretend to be NTP time. Data recorded
Local Time: 2023-10-09 20:15:10 [INFO] NTP Time: [2023-10-09 21:15:10.970419]: Using the local timmer to pretend to be NTP time. Data recorded
Local Time: 2023-10-09 20:15:11 [INFO] NTP Time: [2023-10-09 21:15:11.135380]: Using the local timmer to pretend to be NTP time. Data recorded
Local Time: 2023-10-09 20:15:11 [INFO] NTP Time: [2023-10-09 21:15:11.275349]: Using the local timmer to pretend to be NTP time. Data recorded
Local Time: 2023-10-09 20:15:11 [INFO] NTP Time: [2023-10-09 21:15:11.414567]: Using the local timmer to pretend to be NTP time. Data recorded
Local Time: 2023-10-09 20:15:11 [INFO] NTP Time: [2023-10-09 21:15:11.579028]: Using the local timmer to pretend to be NTP time. Data recorded
Local Time: 2023-10-09 20:15:11 [INFO] NTP Time: [2023-10-09 21:15:11.718544]: Using the local timmer to pretend to be NTP time. Data recorded
Local Time: 2023-10-09 20:15:11 [INFO] NTP Time: [2023-10-09 21:15:11.858718]: Using the local timmer to pretend to be NTP time. Data recorded
Local Time: 2023-10-09 20:15:12 [INFO] NTP Time: [2023-10-09 21:15:12.022354]: Using the local timmer to pretend to be NTP time. Data recorded
Local Time: 2023-10-09 20:15:12 [INFO] NTP Time: [2023-10-09 21:15:12.161014]: Using the local timmer to pretend to be NTP time. Data recorded
Local Time: 2023-10-09 20:15:12 [INFO] NTP Time: [2023-10-09 21:15:12.300020]: Using the local timmer to pretend to be NTP time. Data recorded
Local Time: 2023-10-09 20:15:12 [INFO] NTP Time: [2023-10-09 21:15:12.440629]: Using the local timmer to pretend to be NTP time. Data recorded
Local Time: 2023-10-09 20:15:12 [INFO] NTP Time: [2023-10-09 21:15:12.604119]: Using the local timmer to pretend to be NTP time. Data recorded
Local Time: 2023-10-09 20:15:12 [INFO] NTP Time: [2023-10-09 21:15:12.744533]: Using the local timmer to pretend to be NTP time. Data recorded
Local Time: 2023-10-09 20:15:12 [INFO] NTP Time: [2023-10-09 21:15:12.882531]: Using the local timmer to pretend to be NTP time. Data recorded
Local Time: 2023-10-09 20:15:13 [INFO] NTP Time: [2023-10-09 21:15:13.048136]: Using the local timmer to pretend to be NTP time. Data recorded
Local Time: 2023-10-09 20:15:13 [INFO] NTP Time: [2023-10-09 21:15:13.189207]: Using the local timmer to pretend to be NTP time. Data recorded
Local Time: 2023-10-09 20:15:13 [INFO] NTP Time: [2023-10-09 21:15:13.325858]: Using the local timmer to pretend to be NTP time. Data recorded
Local Time: 2023-10-09 20:15:13 [INFO] NTP Time: [2023-10-09 21:15:13.491901]: Using the local timmer to pretend to be NTP time. Data recorded
Local Time: 2023-10-09 20:15:13 [INFO] NTP Time: [2023-10-09 21:15:13.630009]: Using the local timmer to pretend to be NTP time. Data recorded
Local Time: 2023-10-09 20:15:13 [INFO] NTP Time: [2023-10-09 21:15:13.768975]: Using the local timmer to pretend to be NTP time. Data recorded
Local Time: 2023-10-09 20:15:13 [INFO] NTP Time: [2023-10-09 21:15:13.934425]: Using the local timmer to pretend to be NTP time. Data recorded
Local Time: 2023-10-09 20:15:14 [INFO] NTP Time: [2023-10-09 21:15:14.073332]: Using the local timmer to pretend to be NTP time. Data recorded
Local Time: 2023-10-09 20:15:14 [INFO] NTP Time: [2023-10-09 21:15:14.213044]: Using the local timmer to pretend to be NTP time. Data recorded
Local Time: 2023-10-09 20:15:14 [INFO] NTP Time: [2023-10-09 21:15:14.351631]: Using the local timmer to pretend to be NTP time. Data recorded
Local Time: 2023-10-09 20:15:14 [INFO] NTP Time: [2023-10-09 21:15:14.517377]: Using the local timmer to pretend to be NTP time. Data recorded
Local Time: 2023-10-09 20:15:14 [INFO] NTP Time: [2023-10-09 21:15:14.655819]: Using the local timmer to pretend to be NTP time. Data recorded
Local Time: 2023-10-09 20:15:14 [INFO] NTP Time: [2023-10-09 21:15:14.794607]: Using the local timmer to pretend to be NTP time. Data recorded
Local Time: 2023-10-09 20:15:14 [INFO] NTP Time: [2023-10-09 21:15:14.960022]: Using the local timmer to pretend to be NTP time. Data recorded
Local Time: 2023-10-09 20:15:15 [INFO] NTP Time: [2023-10-09 21:15:15.098867]: Using the local timmer to pretend to be NTP time. Data recorded
Local Time: 2023-10-09 20:15:15 [INFO] NTP Time: [2023-10-09 21:15:15.237985]: Using the local timmer to pretend to be NTP time. Data recorded
Local Time: 2023-10-09 20:15:15 [INFO] NTP Time: [2023-10-09 21:15:15.403372]: Using the local timmer to pretend to be NTP time. Data recorded
Local Time: 2023-10-09 20:15:15 [INFO] NTP Time: [2023-10-09 21:15:15.542680]: Using the local timmer to pretend to be NTP time. Data recorded
Local Time: 2023-10-09 20:15:15 [INFO] NTP Time: [2023-10-09 21:15:15.681384]: Using the local timmer to pretend to be NTP time. Data recorded
Local Time: 2023-10-09 20:15:15 [INFO] NTP Time: [2023-10-09 21:15:15.821019]: Using the local timmer to pretend to be NTP time. Data recorded
Local Time: 2023-10-09 20:15:15 [INFO] NTP Time: [2023-10-09 21:15:15.986095]: Using the local timmer to pretend to be NTP time. Data recorded
Local Time: 2023-10-09 20:15:16 [INFO] NTP Time: [2023-10-09 21:15:16.124604]: Using the local timmer to pretend to be NTP time. Data recorded
Local Time: 2023-10-09 20:15:16 [INFO] NTP Time: [2023-10-09 21:15:16.263687]: Using the local timmer to pretend to be NTP time. Data recorded
Local Time: 2023-10-09 20:15:16 [INFO] NTP Time: [2023-10-09 21:15:16.429269]: Using the local timmer to pretend to be NTP time. Data recorded
Local Time: 2023-10-09 20:15:16 [INFO] NTP Time: [2023-10-09 21:15:16.567902]: Using the local timmer to pretend to be NTP time. Data recorded
Local Time: 2023-10-09 20:15:16 [INFO] NTP Time: [2023-10-09 21:15:16.707932]: Using the local timmer to pretend to be NTP time. Data recorded
Local Time: 2023-10-09 20:15:16 [INFO] NTP Time: [2023-10-09 21:15:16.872599]: Using the local timmer to pretend to be NTP time. Data recorded
Local Time: 2023-10-09 20:15:16 [INFO] NTP Time: [2023-10-09 21:15:16.890581]: End recording by a terminate action.
