Local Time: 2023-10-09 21:37:44 [INFO] NTP Time: [2023-10-09 22:37:44.045717]: Loaded configuration: {'participant': {'id': 'P001', 'age': '25', 'gender': 'M', 'ethnicity': 'Caucasian', 'height': '165', 'weight': '65'}, 'experiment': {'date': '2022-01-01', 'time': '14:00:00', 'condition': 'HW101M', 'group': 'A', 'illumination_level': 'low'}, 'task_info': {'task_name': 'Task1', 'trial_number': '5'}, 'notes': {'comments': 'Participant seemed tired during the session.'}, 'label_info': {'activity': 'sit'}}
Local Time: 2023-10-09 21:37:44 [INFO] NTP Time: [2023-10-09 22:37:44.046255]: Loaded IRA configuration: {'port': '/dev/ttyUSB0', 'baud_rate': '921600', 'Data storage location': 'IRA/data', 'IRA_Datatype': 'float'}
Local Time: 2023-10-09 21:37:44 [INFO] NTP Time: [2023-10-09 22:37:44.046616]: Reading data from /dev/ttyUSB0 at 921600 baud
Local Time: 2023-10-09 21:37:44 [ERROR] NTP Time: [2023-10-09 22:37:44.096965]: Error
Local Time: 2023-10-09 21:37:44 [INFO] NTP Time: [2023-10-09 22:37:44.263541]: Using NTP time as the start timmer.
Local Time: 2023-10-09 21:37:44 [ERROR] NTP Time: [2023-10-09 22:37:44.263918]: Error
Local Time: 2023-10-09 21:37:44 [INFO] NTP Time: [2023-10-09 22:37:44.398847]: Using the local timmer to pretend to be NTP time. Data recorded
Local Time: 2023-10-09 21:37:44 [INFO] NTP Time: [2023-10-09 22:37:44.537102]: Using the local timmer to pretend to be NTP time. Data recorded
Local Time: 2023-10-09 21:37:44 [INFO] NTP Time: [2023-10-09 22:37:44.676188]: Using the local timmer to pretend to be NTP time. Data recorded
Local Time: 2023-10-09 21:37:44 [INFO] NTP Time: [2023-10-09 22:37:44.841172]: Using the local timmer to pretend to be NTP time. Data recorded
Local Time: 2023-10-09 21:37:44 [INFO] NTP Time: [2023-10-09 22:37:44.980288]: Using the local timmer to pretend to be NTP time. Data recorded
Local Time: 2023-10-09 21:37:45 [INFO] NTP Time: [2023-10-09 22:37:45.119687]: Using the local timmer to pretend to be NTP time. Data recorded
Local Time: 2023-10-09 21:37:45 [INFO] NTP Time: [2023-10-09 22:37:45.284646]: Using the local timmer to pretend to be NTP time. Data recorded
Local Time: 2023-10-09 21:37:45 [INFO] NTP Time: [2023-10-09 22:37:45.424337]: Using the local timmer to pretend to be NTP time. Data recorded
Local Time: 2023-10-09 21:37:45 [INFO] NTP Time: [2023-10-09 22:37:45.563561]: Using the local timmer to pretend to be NTP time. Data recorded
Local Time: 2023-10-09 21:37:45 [INFO] NTP Time: [2023-10-09 22:37:45.729607]: Using the local timmer to pretend to be NTP time. Data recorded
Local Time: 2023-10-09 21:37:45 [INFO] NTP Time: [2023-10-09 22:37:45.866953]: Using the local timmer to pretend to be NTP time. Data recorded
Local Time: 2023-10-09 21:37:46 [INFO] NTP Time: [2023-10-09 22:37:46.006812]: Using the local timmer to pretend to be NTP time. Data recorded
Local Time: 2023-10-09 21:37:46 [INFO] NTP Time: [2023-10-09 22:37:46.171114]: Using the local timmer to pretend to be NTP time. Data recorded
Local Time: 2023-10-09 21:37:46 [INFO] NTP Time: [2023-10-09 22:37:46.310068]: Using the local timmer to pretend to be NTP time. Data recorded
Local Time: 2023-10-09 21:37:46 [INFO] NTP Time: [2023-10-09 22:37:46.449093]: Using the local timmer to pretend to be NTP time. Data recorded
Local Time: 2023-10-09 21:37:46 [INFO] NTP Time: [2023-10-09 22:37:46.597492]: Using the local timmer to pretend to be NTP time. Data recorded
Local Time: 2023-10-09 21:37:46 [ERROR] NTP Time: [2023-10-09 22:37:46.896038]: Error
Local Time: 2023-10-09 21:37:47 [INFO] NTP Time: [2023-10-09 22:37:47.032854]: Using the local timmer to pretend to be NTP time. Data recorded
Local Time: 2023-10-09 21:37:47 [INFO] NTP Time: [2023-10-09 22:37:47.225787]: Using the local timmer to pretend to be NTP time. Data recorded
Local Time: 2023-10-09 21:37:47 [INFO] NTP Time: [2023-10-09 22:37:47.335729]: Using the local timmer to pretend to be NTP time. Data recorded
Local Time: 2023-10-09 21:37:47 [INFO] NTP Time: [2023-10-09 22:37:47.494885]: Using the local timmer to pretend to be NTP time. Data recorded
Local Time: 2023-10-09 21:37:47 [INFO] NTP Time: [2023-10-09 22:37:47.640843]: Using the local timmer to pretend to be NTP time. Data recorded
Local Time: 2023-10-09 21:37:47 [INFO] NTP Time: [2023-10-09 22:37:47.779088]: Using the local timmer to pretend to be NTP time. Data recorded
Local Time: 2023-10-09 21:37:47 [INFO] NTP Time: [2023-10-09 22:37:47.918919]: Using the local timmer to pretend to be NTP time. Data recorded
Local Time: 2023-10-09 21:37:48 [INFO] NTP Time: [2023-10-09 22:37:48.065381]: Using the local timmer to pretend to be NTP time. Data recorded
Local Time: 2023-10-09 21:37:48 [ERROR] NTP Time: [2023-10-09 22:37:48.363174]: Error
Local Time: 2023-10-09 21:37:48 [INFO] NTP Time: [2023-10-09 22:37:48.502902]: Using the local timmer to pretend to be NTP time. Data recorded
Local Time: 2023-10-09 21:37:48 [INFO] NTP Time: [2023-10-09 22:37:48.706569]: Using the local timmer to pretend to be NTP time. Data recorded
Local Time: 2023-10-09 21:37:48 [INFO] NTP Time: [2023-10-09 22:37:48.805487]: Using the local timmer to pretend to be NTP time. Data recorded
Local Time: 2023-10-09 21:37:48 [INFO] NTP Time: [2023-10-09 22:37:48.943932]: Using the local timmer to pretend to be NTP time. Data recorded
Local Time: 2023-10-09 21:37:49 [INFO] NTP Time: [2023-10-09 22:37:49.114168]: Using the local timmer to pretend to be NTP time. Data recorded
Local Time: 2023-10-09 21:37:49 [INFO] NTP Time: [2023-10-09 22:37:49.248898]: Using the local timmer to pretend to be NTP time. Data recorded
Local Time: 2023-10-09 21:37:49 [INFO] NTP Time: [2023-10-09 22:37:49.410938]: Using the local timmer to pretend to be NTP time. Data recorded
Local Time: 2023-10-09 21:37:49 [INFO] NTP Time: [2023-10-09 22:37:49.526546]: Using the local timmer to pretend to be NTP time. Data recorded
Local Time: 2023-10-09 21:37:49 [INFO] NTP Time: [2023-10-09 22:37:49.692228]: Using the local timmer to pretend to be NTP time. Data recorded
Local Time: 2023-10-09 21:37:49 [INFO] NTP Time: [2023-10-09 22:37:49.830576]: Using the local timmer to pretend to be NTP time. Data recorded
Local Time: 2023-10-09 21:37:49 [INFO] NTP Time: [2023-10-09 22:37:49.981200]: Using the local timmer to pretend to be NTP time. Data recorded
Local Time: 2023-10-09 21:37:50 [INFO] NTP Time: [2023-10-09 22:37:50.135947]: Using the local timmer to pretend to be NTP time. Data recorded
Local Time: 2023-10-09 21:37:50 [INFO] NTP Time: [2023-10-09 22:37:50.274635]: Using the local timmer to pretend to be NTP time. Data recorded
Local Time: 2023-10-09 21:37:50 [INFO] NTP Time: [2023-10-09 22:37:50.412695]: Using the local timmer to pretend to be NTP time. Data recorded
Local Time: 2023-10-09 21:37:50 [INFO] NTP Time: [2023-10-09 22:37:50.579671]: Using the local timmer to pretend to be NTP time. Data recorded
Local Time: 2023-10-09 21:37:50 [INFO] NTP Time: [2023-10-09 22:37:50.741179]: Using the local timmer to pretend to be NTP time. Data recorded
Local Time: 2023-10-09 21:37:50 [INFO] NTP Time: [2023-10-09 22:37:50.856074]: Using the local timmer to pretend to be NTP time. Data recorded
Local Time: 2023-10-09 21:37:51 [INFO] NTP Time: [2023-10-09 22:37:51.025306]: Using the local timmer to pretend to be NTP time. Data recorded
Local Time: 2023-10-09 21:37:51 [INFO] NTP Time: [2023-10-09 22:37:51.162775]: Using the local timmer to pretend to be NTP time. Data recorded
Local Time: 2023-10-09 21:37:51 [INFO] NTP Time: [2023-10-09 22:37:51.299358]: Using the local timmer to pretend to be NTP time. Data recorded
Local Time: 2023-10-09 21:37:51 [INFO] NTP Time: [2023-10-09 22:37:51.439258]: Using the local timmer to pretend to be NTP time. Data recorded
Local Time: 2023-10-09 21:37:51 [INFO] NTP Time: [2023-10-09 22:37:51.604315]: Using the local timmer to pretend to be NTP time. Data recorded
Local Time: 2023-10-09 21:37:51 [INFO] NTP Time: [2023-10-09 22:37:51.742457]: Using the local timmer to pretend to be NTP time. Data recorded
Local Time: 2023-10-09 21:37:51 [INFO] NTP Time: [2023-10-09 22:37:51.882103]: Using the local timmer to pretend to be NTP time. Data recorded
Local Time: 2023-10-09 21:37:52 [INFO] NTP Time: [2023-10-09 22:37:52.046666]: Using the local timmer to pretend to be NTP time. Data recorded
Local Time: 2023-10-09 21:37:52 [INFO] NTP Time: [2023-10-09 22:37:52.186412]: Using the local timmer to pretend to be NTP time. Data recorded
Local Time: 2023-10-09 21:37:52 [INFO] NTP Time: [2023-10-09 22:37:52.324701]: Using the local timmer to pretend to be NTP time. Data recorded
Local Time: 2023-10-09 21:37:52 [INFO] NTP Time: [2023-10-09 22:37:52.490892]: Using the local timmer to pretend to be NTP time. Data recorded
Local Time: 2023-10-09 21:37:52 [INFO] NTP Time: [2023-10-09 22:37:52.630702]: Using the local timmer to pretend to be NTP time. Data recorded
Local Time: 2023-10-09 21:37:52 [INFO] NTP Time: [2023-10-09 22:37:52.767950]: Using the local timmer to pretend to be NTP time. Data recorded
Local Time: 2023-10-09 21:37:52 [INFO] NTP Time: [2023-10-09 22:37:52.907165]: Using the local timmer to pretend to be NTP time. Data recorded
Local Time: 2023-10-09 21:37:53 [INFO] NTP Time: [2023-10-09 22:37:53.073832]: Using the local timmer to pretend to be NTP time. Data recorded
Local Time: 2023-10-09 21:37:53 [INFO] NTP Time: [2023-10-09 22:37:53.212419]: Using the local timmer to pretend to be NTP time. Data recorded
Local Time: 2023-10-09 21:37:53 [INFO] NTP Time: [2023-10-09 22:37:53.351191]: Using the local timmer to pretend to be NTP time. Data recorded
Local Time: 2023-10-09 21:37:53 [INFO] NTP Time: [2023-10-09 22:37:53.516123]: Using the local timmer to pretend to be NTP time. Data recorded
Local Time: 2023-10-09 21:37:53 [INFO] NTP Time: [2023-10-09 22:37:53.654724]: Using the local timmer to pretend to be NTP time. Data recorded
Local Time: 2023-10-09 21:37:53 [INFO] NTP Time: [2023-10-09 22:37:53.794049]: Using the local timmer to pretend to be NTP time. Data recorded
Local Time: 2023-10-09 21:37:53 [INFO] NTP Time: [2023-10-09 22:37:53.962667]: Using the local timmer to pretend to be NTP time. Data recorded
Local Time: 2023-10-09 21:37:54 [INFO] NTP Time: [2023-10-09 22:37:54.099013]: Using the local timmer to pretend to be NTP time. Data recorded
Local Time: 2023-10-09 21:37:54 [INFO] NTP Time: [2023-10-09 22:37:54.239088]: Using the local timmer to pretend to be NTP time. Data recorded
Local Time: 2023-10-09 21:37:54 [INFO] NTP Time: [2023-10-09 22:37:54.375870]: Using the local timmer to pretend to be NTP time. Data recorded
Local Time: 2023-10-09 21:37:54 [INFO] NTP Time: [2023-10-09 22:37:54.541207]: Using the local timmer to pretend to be NTP time. Data recorded
Local Time: 2023-10-09 21:37:54 [INFO] NTP Time: [2023-10-09 22:37:54.681255]: Using the local timmer to pretend to be NTP time. Data recorded
Local Time: 2023-10-09 21:37:54 [INFO] NTP Time: [2023-10-09 22:37:54.820789]: Using the local timmer to pretend to be NTP time. Data recorded
Local Time: 2023-10-09 21:37:54 [INFO] NTP Time: [2023-10-09 22:37:54.984876]: Using the local timmer to pretend to be NTP time. Data recorded
Local Time: 2023-10-09 21:37:55 [INFO] NTP Time: [2023-10-09 22:37:55.138762]: Using the local timmer to pretend to be NTP time. Data recorded
Local Time: 2023-10-09 21:37:55 [INFO] NTP Time: [2023-10-09 22:37:55.312071]: Using the local timmer to pretend to be NTP time. Data recorded
Local Time: 2023-10-09 21:37:55 [INFO] NTP Time: [2023-10-09 22:37:55.435621]: Using the local timmer to pretend to be NTP time. Data recorded
Local Time: 2023-10-09 21:37:55 [INFO] NTP Time: [2023-10-09 22:37:55.568805]: Using the local timmer to pretend to be NTP time. Data recorded
Local Time: 2023-10-09 21:37:55 [INFO] NTP Time: [2023-10-09 22:37:55.706589]: Using the local timmer to pretend to be NTP time. Data recorded
Local Time: 2023-10-09 21:37:55 [INFO] NTP Time: [2023-10-09 22:37:55.846079]: Using the local timmer to pretend to be NTP time. Data recorded
Local Time: 2023-10-09 21:37:56 [INFO] NTP Time: [2023-10-09 22:37:56.009849]: Using the local timmer to pretend to be NTP time. Data recorded
Local Time: 2023-10-09 21:37:56 [INFO] NTP Time: [2023-10-09 22:37:56.149838]: Using the local timmer to pretend to be NTP time. Data recorded
Local Time: 2023-10-09 21:37:56 [INFO] NTP Time: [2023-10-09 22:37:56.288867]: Using the local timmer to pretend to be NTP time. Data recorded
Local Time: 2023-10-09 21:37:56 [INFO] NTP Time: [2023-10-09 22:37:56.455428]: Using the local timmer to pretend to be NTP time. Data recorded
Local Time: 2023-10-09 21:37:56 [INFO] NTP Time: [2023-10-09 22:37:56.593082]: Using the local timmer to pretend to be NTP time. Data recorded
Local Time: 2023-10-09 21:37:56 [INFO] NTP Time: [2023-10-09 22:37:56.745209]: Using the local timmer to pretend to be NTP time. Data recorded
Local Time: 2023-10-09 21:37:56 [INFO] NTP Time: [2023-10-09 22:37:56.903175]: Using the local timmer to pretend to be NTP time. Data recorded
Local Time: 2023-10-09 21:37:57 [INFO] NTP Time: [2023-10-09 22:37:57.037654]: Using the local timmer to pretend to be NTP time. Data recorded
Local Time: 2023-10-09 21:37:57 [INFO] NTP Time: [2023-10-09 22:37:57.183035]: Using the local timmer to pretend to be NTP time. Data recorded
Local Time: 2023-10-09 21:37:57 [INFO] NTP Time: [2023-10-09 22:37:57.341641]: Using the local timmer to pretend to be NTP time. Data recorded
Local Time: 2023-10-09 21:37:57 [INFO] NTP Time: [2023-10-09 22:37:57.482483]: Using the local timmer to pretend to be NTP time. Data recorded
Local Time: 2023-10-09 21:37:57 [INFO] NTP Time: [2023-10-09 22:37:57.619315]: Using the local timmer to pretend to be NTP time. Data recorded
Local Time: 2023-10-09 21:37:57 [INFO] NTP Time: [2023-10-09 22:37:57.766334]: Using the local timmer to pretend to be NTP time. Data recorded
Local Time: 2023-10-09 21:37:57 [INFO] NTP Time: [2023-10-09 22:37:57.923334]: Using the local timmer to pretend to be NTP time. Data recorded
Local Time: 2023-10-09 21:37:58 [INFO] NTP Time: [2023-10-09 22:37:58.068837]: Using the local timmer to pretend to be NTP time. Data recorded
Local Time: 2023-10-09 21:37:58 [INFO] NTP Time: [2023-10-09 22:37:58.211259]: Using the local timmer to pretend to be NTP time. Data recorded
Local Time: 2023-10-09 21:37:58 [INFO] NTP Time: [2023-10-09 22:37:58.401269]: Using the local timmer to pretend to be NTP time. Data recorded
Local Time: 2023-10-09 21:37:58 [INFO] NTP Time: [2023-10-09 22:37:58.517216]: Using the local timmer to pretend to be NTP time. Data recorded
Local Time: 2023-10-09 21:37:58 [INFO] NTP Time: [2023-10-09 22:37:58.644748]: Using the local timmer to pretend to be NTP time. Data recorded
Local Time: 2023-10-09 21:37:58 [INFO] NTP Time: [2023-10-09 22:37:58.814226]: Using the local timmer to pretend to be NTP time. Data recorded
Local Time: 2023-10-09 21:37:58 [INFO] NTP Time: [2023-10-09 22:37:58.948371]: Using the local timmer to pretend to be NTP time. Data recorded
Local Time: 2023-10-09 21:37:59 [INFO] NTP Time: [2023-10-09 22:37:59.100828]: Using the local timmer to pretend to be NTP time. Data recorded
Local Time: 2023-10-09 21:37:59 [INFO] NTP Time: [2023-10-09 22:37:59.228834]: Using the local timmer to pretend to be NTP time. Data recorded
Local Time: 2023-10-09 21:37:59 [INFO] NTP Time: [2023-10-09 22:37:59.391604]: Using the local timmer to pretend to be NTP time. Data recorded
Local Time: 2023-10-09 21:37:59 [INFO] NTP Time: [2023-10-09 22:37:59.555989]: Using the local timmer to pretend to be NTP time. Data recorded
Local Time: 2023-10-09 21:37:59 [INFO] NTP Time: [2023-10-09 22:37:59.670914]: Using the local timmer to pretend to be NTP time. Data recorded
Local Time: 2023-10-09 21:37:59 [INFO] NTP Time: [2023-10-09 22:37:59.834259]: Using the local timmer to pretend to be NTP time. Data recorded
Local Time: 2023-10-09 21:37:59 [INFO] NTP Time: [2023-10-09 22:37:59.974934]: Using the local timmer to pretend to be NTP time. Data recorded
Local Time: 2023-10-09 21:38:00 [INFO] NTP Time: [2023-10-09 22:38:00.112426]: Using the local timmer to pretend to be NTP time. Data recorded
Local Time: 2023-10-09 21:38:00 [INFO] NTP Time: [2023-10-09 22:38:00.287453]: Using the local timmer to pretend to be NTP time. Data recorded
Local Time: 2023-10-09 21:38:00 [INFO] NTP Time: [2023-10-09 22:38:00.416485]: Using the local timmer to pretend to be NTP time. Data recorded
Local Time: 2023-10-09 21:38:00 [INFO] NTP Time: [2023-10-09 22:38:00.556482]: Using the local timmer to pretend to be NTP time. Data recorded
Local Time: 2023-10-09 21:38:00 [INFO] NTP Time: [2023-10-09 22:38:00.697639]: Using the local timmer to pretend to be NTP time. Data recorded
Local Time: 2023-10-09 21:38:00 [INFO] NTP Time: [2023-10-09 22:38:00.861629]: Using the local timmer to pretend to be NTP time. Data recorded
Local Time: 2023-10-09 21:38:01 [INFO] NTP Time: [2023-10-09 22:38:00.999378]: Using the local timmer to pretend to be NTP time. Data recorded
Local Time: 2023-10-09 21:38:01 [INFO] NTP Time: [2023-10-09 22:38:01.138672]: Using the local timmer to pretend to be NTP time. Data recorded
Local Time: 2023-10-09 21:38:01 [INFO] NTP Time: [2023-10-09 22:38:01.304840]: Using the local timmer to pretend to be NTP time. Data recorded
Local Time: 2023-10-09 21:38:01 [INFO] NTP Time: [2023-10-09 22:38:01.442917]: Using the local timmer to pretend to be NTP time. Data recorded
Local Time: 2023-10-09 21:38:01 [INFO] NTP Time: [2023-10-09 22:38:01.581570]: Using the local timmer to pretend to be NTP time. Data recorded
Local Time: 2023-10-09 21:38:01 [INFO] NTP Time: [2023-10-09 22:38:01.746827]: Using the local timmer to pretend to be NTP time. Data recorded
Local Time: 2023-10-09 21:38:01 [INFO] NTP Time: [2023-10-09 22:38:01.885582]: Using the local timmer to pretend to be NTP time. Data recorded
Local Time: 2023-10-09 21:38:02 [INFO] NTP Time: [2023-10-09 22:38:02.024972]: Using the local timmer to pretend to be NTP time. Data recorded
Local Time: 2023-10-09 21:38:02 [INFO] NTP Time: [2023-10-09 22:38:02.190061]: Using the local timmer to pretend to be NTP time. Data recorded
Local Time: 2023-10-09 21:38:02 [INFO] NTP Time: [2023-10-09 22:38:02.331623]: Using the local timmer to pretend to be NTP time. Data recorded
Local Time: 2023-10-09 21:38:02 [INFO] NTP Time: [2023-10-09 22:38:02.468405]: Using the local timmer to pretend to be NTP time. Data recorded
Local Time: 2023-10-09 21:38:02 [INFO] NTP Time: [2023-10-09 22:38:02.608728]: Using the local timmer to pretend to be NTP time. Data recorded
Local Time: 2023-10-09 21:38:02 [INFO] NTP Time: [2023-10-09 22:38:02.773057]: Using the local timmer to pretend to be NTP time. Data recorded
Local Time: 2023-10-09 21:38:02 [INFO] NTP Time: [2023-10-09 22:38:02.911520]: Using the local timmer to pretend to be NTP time. Data recorded
Local Time: 2023-10-09 21:38:03 [INFO] NTP Time: [2023-10-09 22:38:03.050336]: Using the local timmer to pretend to be NTP time. Data recorded
Local Time: 2023-10-09 21:38:03 [INFO] NTP Time: [2023-10-09 22:38:03.216535]: Using the local timmer to pretend to be NTP time. Data recorded
Local Time: 2023-10-09 21:38:03 [INFO] NTP Time: [2023-10-09 22:38:03.354697]: Using the local timmer to pretend to be NTP time. Data recorded
Local Time: 2023-10-09 21:38:03 [INFO] NTP Time: [2023-10-09 22:38:03.500231]: Using the local timmer to pretend to be NTP time. Data recorded
Local Time: 2023-10-09 21:38:03 [INFO] NTP Time: [2023-10-09 22:38:03.659664]: Using the local timmer to pretend to be NTP time. Data recorded
Local Time: 2023-10-09 21:38:03 [INFO] NTP Time: [2023-10-09 22:38:03.798612]: Using the local timmer to pretend to be NTP time. Data recorded
Local Time: 2023-10-09 21:38:03 [INFO] NTP Time: [2023-10-09 22:38:03.937799]: Using the local timmer to pretend to be NTP time. Data recorded
Local Time: 2023-10-09 21:38:04 [INFO] NTP Time: [2023-10-09 22:38:04.077859]: Using the local timmer to pretend to be NTP time. Data recorded
Local Time: 2023-10-09 21:38:04 [INFO] NTP Time: [2023-10-09 22:38:04.241832]: Using the local timmer to pretend to be NTP time. Data recorded
Local Time: 2023-10-09 21:38:04 [INFO] NTP Time: [2023-10-09 22:38:04.388016]: Using the local timmer to pretend to be NTP time. Data recorded
Local Time: 2023-10-09 21:38:04 [INFO] NTP Time: [2023-10-09 22:38:04.520171]: Using the local timmer to pretend to be NTP time. Data recorded
Local Time: 2023-10-09 21:38:04 [INFO] NTP Time: [2023-10-09 22:38:04.685255]: Using the local timmer to pretend to be NTP time. Data recorded
Local Time: 2023-10-09 21:38:04 [INFO] NTP Time: [2023-10-09 22:38:04.823642]: Using the local timmer to pretend to be NTP time. Data recorded
Local Time: 2023-10-09 21:38:04 [INFO] NTP Time: [2023-10-09 22:38:04.964383]: Using the local timmer to pretend to be NTP time. Data recorded
Local Time: 2023-10-09 21:38:05 [INFO] NTP Time: [2023-10-09 22:38:05.128700]: Using the local timmer to pretend to be NTP time. Data recorded
Local Time: 2023-10-09 21:38:05 [INFO] NTP Time: [2023-10-09 22:38:05.276089]: Using the local timmer to pretend to be NTP time. Data recorded
Local Time: 2023-10-09 21:38:05 [INFO] NTP Time: [2023-10-09 22:38:05.405826]: Using the local timmer to pretend to be NTP time. Data recorded
Local Time: 2023-10-09 21:38:05 [INFO] NTP Time: [2023-10-09 22:38:05.545276]: Using the local timmer to pretend to be NTP time. Data recorded
Local Time: 2023-10-09 21:38:05 [INFO] NTP Time: [2023-10-09 22:38:05.711234]: Using the local timmer to pretend to be NTP time. Data recorded
Local Time: 2023-10-09 21:38:05 [INFO] NTP Time: [2023-10-09 22:38:05.849073]: Using the local timmer to pretend to be NTP time. Data recorded
Local Time: 2023-10-09 21:38:05 [INFO] NTP Time: [2023-10-09 22:38:05.988696]: Using the local timmer to pretend to be NTP time. Data recorded
Local Time: 2023-10-09 21:38:06 [INFO] NTP Time: [2023-10-09 22:38:06.153821]: Using the local timmer to pretend to be NTP time. Data recorded
Local Time: 2023-10-09 21:38:06 [INFO] NTP Time: [2023-10-09 22:38:06.294021]: Using the local timmer to pretend to be NTP time. Data recorded
Local Time: 2023-10-09 21:38:06 [INFO] NTP Time: [2023-10-09 22:38:06.439785]: Using the local timmer to pretend to be NTP time. Data recorded
Local Time: 2023-10-09 21:38:06 [INFO] NTP Time: [2023-10-09 22:38:06.598852]: Using the local timmer to pretend to be NTP time. Data recorded
Local Time: 2023-10-09 21:38:06 [INFO] NTP Time: [2023-10-09 22:38:06.736664]: Using the local timmer to pretend to be NTP time. Data recorded
Local Time: 2023-10-09 21:38:06 [INFO] NTP Time: [2023-10-09 22:38:06.875616]: Using the local timmer to pretend to be NTP time. Data recorded
Local Time: 2023-10-09 21:38:07 [INFO] NTP Time: [2023-10-09 22:38:07.039778]: Using the local timmer to pretend to be NTP time. Data recorded
Local Time: 2023-10-09 21:38:07 [INFO] NTP Time: [2023-10-09 22:38:07.179580]: Using the local timmer to pretend to be NTP time. Data recorded
Local Time: 2023-10-09 21:38:07 [INFO] NTP Time: [2023-10-09 22:38:07.318618]: Using the local timmer to pretend to be NTP time. Data recorded
Local Time: 2023-10-09 21:38:07 [INFO] NTP Time: [2023-10-09 22:38:07.466463]: Using the local timmer to pretend to be NTP time. Data recorded
Local Time: 2023-10-09 21:38:07 [INFO] NTP Time: [2023-10-09 22:38:07.623018]: Using the local timmer to pretend to be NTP time. Data recorded
Local Time: 2023-10-09 21:38:07 [INFO] NTP Time: [2023-10-09 22:38:07.761175]: Using the local timmer to pretend to be NTP time. Data recorded
Local Time: 2023-10-09 21:38:07 [INFO] NTP Time: [2023-10-09 22:38:07.902248]: Using the local timmer to pretend to be NTP time. Data recorded
Local Time: 2023-10-09 21:38:08 [INFO] NTP Time: [2023-10-09 22:38:08.066338]: Using the local timmer to pretend to be NTP time. Data recorded
Local Time: 2023-10-09 21:38:08 [INFO] NTP Time: [2023-10-09 22:38:08.205328]: Using the local timmer to pretend to be NTP time. Data recorded
Local Time: 2023-10-09 21:38:08 [INFO] NTP Time: [2023-10-09 22:38:08.343410]: Using the local timmer to pretend to be NTP time. Data recorded
Local Time: 2023-10-09 21:38:08 [INFO] NTP Time: [2023-10-09 22:38:08.509196]: Using the local timmer to pretend to be NTP time. Data recorded
Local Time: 2023-10-09 21:38:08 [INFO] NTP Time: [2023-10-09 22:38:08.647565]: Using the local timmer to pretend to be NTP time. Data recorded
Local Time: 2023-10-09 21:38:08 [INFO] NTP Time: [2023-10-09 22:38:08.814709]: Using the local timmer to pretend to be NTP time. Data recorded
Local Time: 2023-10-09 21:38:08 [INFO] NTP Time: [2023-10-09 22:38:08.928186]: Using the local timmer to pretend to be NTP time. Data recorded
Local Time: 2023-10-09 21:38:09 [INFO] NTP Time: [2023-10-09 22:38:09.099771]: Using the local timmer to pretend to be NTP time. Data recorded
Local Time: 2023-10-09 21:38:09 [INFO] NTP Time: [2023-10-09 22:38:09.231427]: Using the local timmer to pretend to be NTP time. Data recorded
Local Time: 2023-10-09 21:38:09 [INFO] NTP Time: [2023-10-09 22:38:09.369661]: Using the local timmer to pretend to be NTP time. Data recorded
Local Time: 2023-10-09 21:38:09 [INFO] NTP Time: [2023-10-09 22:38:09.535772]: Using the local timmer to pretend to be NTP time. Data recorded
Local Time: 2023-10-09 21:38:09 [INFO] NTP Time: [2023-10-09 22:38:09.674164]: Using the local timmer to pretend to be NTP time. Data recorded
Local Time: 2023-10-09 21:38:09 [INFO] NTP Time: [2023-10-09 22:38:09.816365]: Using the local timmer to pretend to be NTP time. Data recorded
Local Time: 2023-10-09 21:38:09 [INFO] NTP Time: [2023-10-09 22:38:09.984895]: Using the local timmer to pretend to be NTP time. Data recorded
Local Time: 2023-10-09 21:38:10 [INFO] NTP Time: [2023-10-09 22:38:10.118696]: Using the local timmer to pretend to be NTP time. Data recorded
Local Time: 2023-10-09 21:38:10 [INFO] NTP Time: [2023-10-09 22:38:10.256571]: Using the local timmer to pretend to be NTP time. Data recorded
Local Time: 2023-10-09 21:38:10 [INFO] NTP Time: [2023-10-09 22:38:10.396279]: Using the local timmer to pretend to be NTP time. Data recorded
Local Time: 2023-10-09 21:38:10 [INFO] NTP Time: [2023-10-09 22:38:10.560521]: Using the local timmer to pretend to be NTP time. Data recorded
Local Time: 2023-10-09 21:38:10 [INFO] NTP Time: [2023-10-09 22:38:10.698766]: Using the local timmer to pretend to be NTP time. Data recorded
Local Time: 2023-10-09 21:38:10 [INFO] NTP Time: [2023-10-09 22:38:10.848191]: Using the local timmer to pretend to be NTP time. Data recorded
Local Time: 2023-10-09 21:38:11 [INFO] NTP Time: [2023-10-09 22:38:11.004627]: Using the local timmer to pretend to be NTP time. Data recorded
Local Time: 2023-10-09 21:38:11 [INFO] NTP Time: [2023-10-09 22:38:11.142292]: Using the local timmer to pretend to be NTP time. Data recorded
Local Time: 2023-10-09 21:38:11 [INFO] NTP Time: [2023-10-09 22:38:11.281069]: Using the local timmer to pretend to be NTP time. Data recorded
Local Time: 2023-10-09 21:38:11 [INFO] NTP Time: [2023-10-09 22:38:11.447170]: Using the local timmer to pretend to be NTP time. Data recorded
Local Time: 2023-10-09 21:38:11 [INFO] NTP Time: [2023-10-09 22:38:11.618337]: Using the local timmer to pretend to be NTP time. Data recorded
Local Time: 2023-10-09 21:38:11 [INFO] NTP Time: [2023-10-09 22:38:11.724483]: Using the local timmer to pretend to be NTP time. Data recorded
Local Time: 2023-10-09 21:38:11 [INFO] NTP Time: [2023-10-09 22:38:11.864732]: Using the local timmer to pretend to be NTP time. Data recorded
Local Time: 2023-10-09 21:38:12 [INFO] NTP Time: [2023-10-09 22:38:12.030631]: Using the local timmer to pretend to be NTP time. Data recorded
Local Time: 2023-10-09 21:38:12 [INFO] NTP Time: [2023-10-09 22:38:12.168732]: Using the local timmer to pretend to be NTP time. Data recorded
Local Time: 2023-10-09 21:38:12 [INFO] NTP Time: [2023-10-09 22:38:12.318193]: Using the local timmer to pretend to be NTP time. Data recorded
Local Time: 2023-10-09 21:38:12 [INFO] NTP Time: [2023-10-09 22:38:12.473106]: Using the local timmer to pretend to be NTP time. Data recorded
Local Time: 2023-10-09 21:38:12 [INFO] NTP Time: [2023-10-09 22:38:12.611220]: Using the local timmer to pretend to be NTP time. Data recorded
Local Time: 2023-10-09 21:38:12 [INFO] NTP Time: [2023-10-09 22:38:12.750757]: Using the local timmer to pretend to be NTP time. Data recorded
Local Time: 2023-10-09 21:38:12 [INFO] NTP Time: [2023-10-09 22:38:12.939305]: Using the local timmer to pretend to be NTP time. Data recorded
Local Time: 2023-10-09 21:38:13 [INFO] NTP Time: [2023-10-09 22:38:13.054332]: Using the local timmer to pretend to be NTP time. Data recorded
Local Time: 2023-10-09 21:38:13 [INFO] NTP Time: [2023-10-09 22:38:13.195058]: Using the local timmer to pretend to be NTP time. Data recorded
Local Time: 2023-10-09 21:38:13 [INFO] NTP Time: [2023-10-09 22:38:13.359766]: Using the local timmer to pretend to be NTP time. Data recorded
Local Time: 2023-10-09 21:38:13 [INFO] NTP Time: [2023-10-09 22:38:13.498140]: Using the local timmer to pretend to be NTP time. Data recorded
Local Time: 2023-10-09 21:38:13 [INFO] NTP Time: [2023-10-09 22:38:13.637517]: Using the local timmer to pretend to be NTP time. Data recorded
Local Time: 2023-10-09 21:38:13 [INFO] NTP Time: [2023-10-09 22:38:13.777414]: Using the local timmer to pretend to be NTP time. Data recorded
Local Time: 2023-10-09 21:38:13 [INFO] NTP Time: [2023-10-09 22:38:13.941173]: Using the local timmer to pretend to be NTP time. Data recorded
Local Time: 2023-10-09 21:38:14 [INFO] NTP Time: [2023-10-09 22:38:14.080819]: Using the local timmer to pretend to be NTP time. Data recorded
Local Time: 2023-10-09 21:38:14 [INFO] NTP Time: [2023-10-09 22:38:14.219901]: Using the local timmer to pretend to be NTP time. Data recorded
Local Time: 2023-10-09 21:38:14 [INFO] NTP Time: [2023-10-09 22:38:14.384931]: Using the local timmer to pretend to be NTP time. Data recorded
Local Time: 2023-10-09 21:38:14 [INFO] NTP Time: [2023-10-09 22:38:14.541734]: Using the local timmer to pretend to be NTP time. Data recorded
Local Time: 2023-10-09 21:38:14 [INFO] NTP Time: [2023-10-09 22:38:14.665000]: Using the local timmer to pretend to be NTP time. Data recorded
Local Time: 2023-10-09 21:38:14 [INFO] NTP Time: [2023-10-09 22:38:14.830429]: Using the local timmer to pretend to be NTP time. Data recorded
Local Time: 2023-10-09 21:38:14 [INFO] NTP Time: [2023-10-09 22:38:14.968318]: Using the local timmer to pretend to be NTP time. Data recorded
Local Time: 2023-10-09 21:38:15 [INFO] NTP Time: [2023-10-09 22:38:15.106891]: Using the local timmer to pretend to be NTP time. Data recorded
Local Time: 2023-10-09 21:38:15 [INFO] NTP Time: [2023-10-09 22:38:15.246123]: Using the local timmer to pretend to be NTP time. Data recorded
Local Time: 2023-10-09 21:38:15 [INFO] NTP Time: [2023-10-09 22:38:15.410014]: Using the local timmer to pretend to be NTP time. Data recorded
Local Time: 2023-10-09 21:38:15 [INFO] NTP Time: [2023-10-09 22:38:15.549825]: Using the local timmer to pretend to be NTP time. Data recorded
Local Time: 2023-10-09 21:38:15 [INFO] NTP Time: [2023-10-09 22:38:15.688837]: Using the local timmer to pretend to be NTP time. Data recorded
Local Time: 2023-10-09 21:38:15 [INFO] NTP Time: [2023-10-09 22:38:15.852989]: Using the local timmer to pretend to be NTP time. Data recorded
Local Time: 2023-10-09 21:38:15 [INFO] NTP Time: [2023-10-09 22:38:15.992700]: Using the local timmer to pretend to be NTP time. Data recorded
Local Time: 2023-10-09 21:38:16 [INFO] NTP Time: [2023-10-09 22:38:16.133537]: Using the local timmer to pretend to be NTP time. Data recorded
Local Time: 2023-10-09 21:38:16 [INFO] NTP Time: [2023-10-09 22:38:16.299875]: Using the local timmer to pretend to be NTP time. Data recorded
Local Time: 2023-10-09 21:38:16 [INFO] NTP Time: [2023-10-09 22:38:16.436460]: Using the local timmer to pretend to be NTP time. Data recorded
Local Time: 2023-10-09 21:38:16 [INFO] NTP Time: [2023-10-09 22:38:16.614248]: Using the local timmer to pretend to be NTP time. Data recorded
Local Time: 2023-10-09 21:38:16 [INFO] NTP Time: [2023-10-09 22:38:16.714834]: Using the local timmer to pretend to be NTP time. Data recorded
Local Time: 2023-10-09 21:38:16 [INFO] NTP Time: [2023-10-09 22:38:16.879863]: Using the local timmer to pretend to be NTP time. Data recorded
Local Time: 2023-10-09 21:38:17 [INFO] NTP Time: [2023-10-09 22:38:17.018354]: Using the local timmer to pretend to be NTP time. Data recorded
Local Time: 2023-10-09 21:38:17 [INFO] NTP Time: [2023-10-09 22:38:17.157875]: Using the local timmer to pretend to be NTP time. Data recorded
Local Time: 2023-10-09 21:38:17 [INFO] NTP Time: [2023-10-09 22:38:17.322011]: Using the local timmer to pretend to be NTP time. Data recorded
Local Time: 2023-10-09 21:38:17 [ERROR] NTP Time: [2023-10-09 22:38:17.460829]: Error
Local Time: 2023-10-09 21:38:17 [INFO] NTP Time: [2023-10-09 22:38:17.601285]: Using the local timmer to pretend to be NTP time. Data recorded
Local Time: 2023-10-09 21:38:17 [INFO] NTP Time: [2023-10-09 22:38:17.766814]: Using the local timmer to pretend to be NTP time. Data recorded
Local Time: 2023-10-09 21:38:17 [INFO] NTP Time: [2023-10-09 22:38:17.980349]: Using the local timmer to pretend to be NTP time. Data recorded
Local Time: 2023-10-09 21:38:18 [INFO] NTP Time: [2023-10-09 22:38:18.044011]: Using the local timmer to pretend to be NTP time. Data recorded
Local Time: 2023-10-09 21:38:18 [INFO] NTP Time: [2023-10-09 22:38:18.211246]: Using the local timmer to pretend to be NTP time. Data recorded
Local Time: 2023-10-09 21:38:18 [INFO] NTP Time: [2023-10-09 22:38:18.347624]: Using the local timmer to pretend to be NTP time. Data recorded
Local Time: 2023-10-09 21:38:18 [INFO] NTP Time: [2023-10-09 22:38:18.487484]: Using the local timmer to pretend to be NTP time. Data recorded
Local Time: 2023-10-09 21:38:18 [INFO] NTP Time: [2023-10-09 22:38:18.628846]: Using the local timmer to pretend to be NTP time. Data recorded
Local Time: 2023-10-09 21:38:18 [INFO] NTP Time: [2023-10-09 22:38:18.797373]: Using the local timmer to pretend to be NTP time. Data recorded
Local Time: 2023-10-09 21:38:18 [INFO] NTP Time: [2023-10-09 22:38:18.931216]: Using the local timmer to pretend to be NTP time. Data recorded
Local Time: 2023-10-09 21:38:19 [INFO] NTP Time: [2023-10-09 22:38:19.071720]: Using the local timmer to pretend to be NTP time. Data recorded
Local Time: 2023-10-09 21:38:19 [INFO] NTP Time: [2023-10-09 22:38:19.234398]: Using the local timmer to pretend to be NTP time. Data recorded
Local Time: 2023-10-09 21:38:19 [INFO] NTP Time: [2023-10-09 22:38:19.374284]: Using the local timmer to pretend to be NTP time. Data recorded
Local Time: 2023-10-09 21:38:19 [INFO] NTP Time: [2023-10-09 22:38:19.514354]: Using the local timmer to pretend to be NTP time. Data recorded
Local Time: 2023-10-09 21:38:19 [INFO] NTP Time: [2023-10-09 22:38:19.677943]: Using the local timmer to pretend to be NTP time. Data recorded
Local Time: 2023-10-09 21:38:19 [INFO] NTP Time: [2023-10-09 22:38:19.816622]: Using the local timmer to pretend to be NTP time. Data recorded
Local Time: 2023-10-09 21:38:19 [INFO] NTP Time: [2023-10-09 22:38:19.956252]: Using the local timmer to pretend to be NTP time. Data recorded
Local Time: 2023-10-09 21:38:20 [INFO] NTP Time: [2023-10-09 22:38:20.098005]: Using the local timmer to pretend to be NTP time. Data recorded
Local Time: 2023-10-09 21:38:20 [INFO] NTP Time: [2023-10-09 22:38:20.280656]: Using the local timmer to pretend to be NTP time. Data recorded
Local Time: 2023-10-09 21:38:20 [INFO] NTP Time: [2023-10-09 22:38:20.400162]: Using the local timmer to pretend to be NTP time. Data recorded
Local Time: 2023-10-09 21:38:20 [INFO] NTP Time: [2023-10-09 22:38:20.541328]: Using the local timmer to pretend to be NTP time. Data recorded
Local Time: 2023-10-09 21:38:20 [INFO] NTP Time: [2023-10-09 22:38:20.722101]: Using the local timmer to pretend to be NTP time. Data recorded
Local Time: 2023-10-09 21:38:20 [INFO] NTP Time: [2023-10-09 22:38:20.843500]: Using the local timmer to pretend to be NTP time. Data recorded
Local Time: 2023-10-09 21:38:20 [INFO] NTP Time: [2023-10-09 22:38:20.981694]: Using the local timmer to pretend to be NTP time. Data recorded
Local Time: 2023-10-09 21:38:21 [ERROR] NTP Time: [2023-10-09 22:38:21.286429]: Error
Local Time: 2023-10-09 21:38:21 [INFO] NTP Time: [2023-10-09 22:38:21.425565]: Using the local timmer to pretend to be NTP time. Data recorded
Local Time: 2023-10-09 21:38:21 [INFO] NTP Time: [2023-10-09 22:38:21.606855]: Using the local timmer to pretend to be NTP time. Data recorded
Local Time: 2023-10-09 21:38:21 [INFO] NTP Time: [2023-10-09 22:38:21.730922]: Using the local timmer to pretend to be NTP time. Data recorded
Local Time: 2023-10-09 21:38:21 [INFO] NTP Time: [2023-10-09 22:38:21.869216]: Using the local timmer to pretend to be NTP time. Data recorded
Local Time: 2023-10-09 21:38:22 [INFO] NTP Time: [2023-10-09 22:38:22.007351]: Using the local timmer to pretend to be NTP time. Data recorded
Local Time: 2023-10-09 21:38:22 [INFO] NTP Time: [2023-10-09 22:38:22.172587]: Using the local timmer to pretend to be NTP time. Data recorded
Local Time: 2023-10-09 21:38:22 [INFO] NTP Time: [2023-10-09 22:38:22.338600]: Using the local timmer to pretend to be NTP time. Data recorded
Local Time: 2023-10-09 21:38:22 [INFO] NTP Time: [2023-10-09 22:38:22.450474]: Using the local timmer to pretend to be NTP time. Data recorded
Local Time: 2023-10-09 21:38:22 [INFO] NTP Time: [2023-10-09 22:38:22.640197]: Using the local timmer to pretend to be NTP time. Data recorded
Local Time: 2023-10-09 21:38:22 [ERROR] NTP Time: [2023-10-09 22:38:22.894221]: Error
Local Time: 2023-10-09 21:38:23 [INFO] NTP Time: [2023-10-09 22:38:23.062196]: Using the local timmer to pretend to be NTP time. Data recorded
Local Time: 2023-10-09 21:38:23 [INFO] NTP Time: [2023-10-09 22:38:23.227092]: Using the local timmer to pretend to be NTP time. Data recorded
Local Time: 2023-10-09 21:38:23 [INFO] NTP Time: [2023-10-09 22:38:23.346639]: Using the local timmer to pretend to be NTP time. Data recorded
Local Time: 2023-10-09 21:38:23 [INFO] NTP Time: [2023-10-09 22:38:23.482002]: Using the local timmer to pretend to be NTP time. Data recorded
Local Time: 2023-10-09 21:38:23 [INFO] NTP Time: [2023-10-09 22:38:23.642410]: Using the local timmer to pretend to be NTP time. Data recorded
Local Time: 2023-10-09 21:38:23 [INFO] NTP Time: [2023-10-09 22:38:23.780226]: Using the local timmer to pretend to be NTP time. Data recorded
Local Time: 2023-10-09 21:38:23 [INFO] NTP Time: [2023-10-09 22:38:23.919379]: Using the local timmer to pretend to be NTP time. Data recorded
Local Time: 2023-10-09 21:38:24 [INFO] NTP Time: [2023-10-09 22:38:24.085639]: Using the local timmer to pretend to be NTP time. Data recorded
Local Time: 2023-10-09 21:38:24 [INFO] NTP Time: [2023-10-09 22:38:24.223956]: Using the local timmer to pretend to be NTP time. Data recorded
Local Time: 2023-10-09 21:38:24 [ERROR] NTP Time: [2023-10-09 22:38:24.529709]: Error
Local Time: 2023-10-09 21:38:24 [INFO] NTP Time: [2023-10-09 22:38:24.666736]: Using the local timmer to pretend to be NTP time. Data recorded
Local Time: 2023-10-09 21:38:24 [INFO] NTP Time: [2023-10-09 22:38:24.805900]: Using the local timmer to pretend to be NTP time. Data recorded
Local Time: 2023-10-09 21:38:24 [INFO] NTP Time: [2023-10-09 22:38:24.944904]: Using the local timmer to pretend to be NTP time. Data recorded
Local Time: 2023-10-09 21:38:25 [ERROR] NTP Time: [2023-10-09 22:38:25.272353]: Error
Local Time: 2023-10-09 21:38:25 [INFO] NTP Time: [2023-10-09 22:38:25.387970]: Using the local timmer to pretend to be NTP time. Data recorded
Local Time: 2023-10-09 21:38:25 [INFO] NTP Time: [2023-10-09 22:38:25.553166]: Using the local timmer to pretend to be NTP time. Data recorded
Local Time: 2023-10-09 21:38:25 [ERROR] NTP Time: [2023-10-09 22:38:25.834109]: Error
Local Time: 2023-10-09 21:38:26 [INFO] NTP Time: [2023-10-09 22:38:25.997157]: Using the local timmer to pretend to be NTP time. Data recorded
Local Time: 2023-10-09 21:38:26 [INFO] NTP Time: [2023-10-09 22:38:26.135712]: Using the local timmer to pretend to be NTP time. Data recorded
Local Time: 2023-10-09 21:38:26 [INFO] NTP Time: [2023-10-09 22:38:26.274836]: Using the local timmer to pretend to be NTP time. Data recorded
Local Time: 2023-10-09 21:38:26 [ERROR] NTP Time: [2023-10-09 22:38:26.578342]: Error
Local Time: 2023-10-09 21:38:26 [INFO] NTP Time: [2023-10-09 22:38:26.718163]: Using the local timmer to pretend to be NTP time. Data recorded
Local Time: 2023-10-09 21:38:26 [INFO] NTP Time: [2023-10-09 22:38:26.886701]: Using the local timmer to pretend to be NTP time. Data recorded
Local Time: 2023-10-09 21:38:27 [INFO] NTP Time: [2023-10-09 22:38:27.023001]: Using the local timmer to pretend to be NTP time. Data recorded
Local Time: 2023-10-09 21:38:27 [INFO] NTP Time: [2023-10-09 22:38:27.162926]: Using the local timmer to pretend to be NTP time. Data recorded
Local Time: 2023-10-09 21:38:27 [INFO] NTP Time: [2023-10-09 22:38:27.303853]: Using the local timmer to pretend to be NTP time. Data recorded
Local Time: 2023-10-09 21:38:27 [INFO] NTP Time: [2023-10-09 22:38:27.466293]: Using the local timmer to pretend to be NTP time. Data recorded
Local Time: 2023-10-09 21:38:27 [INFO] NTP Time: [2023-10-09 22:38:27.624353]: Using the local timmer to pretend to be NTP time. Data recorded
Local Time: 2023-10-09 21:38:27 [INFO] NTP Time: [2023-10-09 22:38:27.743602]: Using the local timmer to pretend to be NTP time. Data recorded
Local Time: 2023-10-09 21:38:27 [INFO] NTP Time: [2023-10-09 22:38:27.882417]: Using the local timmer to pretend to be NTP time. Data recorded
Local Time: 2023-10-09 21:38:28 [ERROR] NTP Time: [2023-10-09 22:38:28.328336]: Error
Local Time: 2023-10-09 21:38:28 [INFO] NTP Time: [2023-10-09 22:38:28.490642]: Using the local timmer to pretend to be NTP time. Data recorded
Local Time: 2023-10-09 21:38:28 [INFO] NTP Time: [2023-10-09 22:38:28.632409]: Using the local timmer to pretend to be NTP time. Data recorded
Local Time: 2023-10-09 21:38:28 [INFO] NTP Time: [2023-10-09 22:38:28.769894]: Using the local timmer to pretend to be NTP time. Data recorded
Local Time: 2023-10-09 21:38:28 [INFO] NTP Time: [2023-10-09 22:38:28.934812]: Using the local timmer to pretend to be NTP time. Data recorded
Local Time: 2023-10-09 21:38:29 [INFO] NTP Time: [2023-10-09 22:38:29.073461]: Using the local timmer to pretend to be NTP time. Data recorded
Local Time: 2023-10-09 21:38:29 [INFO] NTP Time: [2023-10-09 22:38:29.240987]: Using the local timmer to pretend to be NTP time. Data recorded
Local Time: 2023-10-09 21:38:29 [INFO] NTP Time: [2023-10-09 22:38:29.377105]: Using the local timmer to pretend to be NTP time. Data recorded
Local Time: 2023-10-09 21:38:29 [INFO] NTP Time: [2023-10-09 22:38:29.516306]: Using the local timmer to pretend to be NTP time. Data recorded
Local Time: 2023-10-09 21:38:29 [ERROR] NTP Time: [2023-10-09 22:38:29.795521]: Error
Local Time: 2023-10-09 21:38:29 [INFO] NTP Time: [2023-10-09 22:38:29.979785]: Using the local timmer to pretend to be NTP time. Data recorded
Local Time: 2023-10-09 21:38:30 [ERROR] NTP Time: [2023-10-09 22:38:30.405415]: Error
Local Time: 2023-10-09 21:38:30 [INFO] NTP Time: [2023-10-09 22:38:30.542153]: Using the local timmer to pretend to be NTP time. Data recorded
Local Time: 2023-10-09 21:38:30 [INFO] NTP Time: [2023-10-09 22:38:30.730865]: Using the local timmer to pretend to be NTP time. Data recorded
Local Time: 2023-10-09 21:38:30 [INFO] NTP Time: [2023-10-09 22:38:30.846981]: Using the local timmer to pretend to be NTP time. Data recorded
Local Time: 2023-10-09 21:38:31 [INFO] NTP Time: [2023-10-09 22:38:30.999564]: Using the local timmer to pretend to be NTP time. Data recorded
Local Time: 2023-10-09 21:38:31 [ERROR] NTP Time: [2023-10-09 22:38:31.124104]: Error
Local Time: 2023-10-09 21:38:31 [INFO] NTP Time: [2023-10-09 22:38:31.264568]: Using the local timmer to pretend to be NTP time. Data recorded
Local Time: 2023-10-09 21:38:31 [ERROR] NTP Time: [2023-10-09 22:38:31.585882]: Error
Local Time: 2023-10-09 21:38:31 [INFO] NTP Time: [2023-10-09 22:38:31.706645]: Using the local timmer to pretend to be NTP time. Data recorded
Local Time: 2023-10-09 21:38:31 [INFO] NTP Time: [2023-10-09 22:38:31.871684]: Using the local timmer to pretend to be NTP time. Data recorded
Local Time: 2023-10-09 21:38:32 [ERROR] NTP Time: [2023-10-09 22:38:32.149632]: Error
Local Time: 2023-10-09 21:38:32 [INFO] NTP Time: [2023-10-09 22:38:32.323791]: Using the local timmer to pretend to be NTP time. Data recorded
Local Time: 2023-10-09 21:38:32 [INFO] NTP Time: [2023-10-09 22:38:32.454122]: Using the local timmer to pretend to be NTP time. Data recorded
Local Time: 2023-10-09 21:38:32 [INFO] NTP Time: [2023-10-09 22:38:32.594621]: Using the local timmer to pretend to be NTP time. Data recorded
Local Time: 2023-10-09 21:38:32 [INFO] NTP Time: [2023-10-09 22:38:32.732378]: Using the local timmer to pretend to be NTP time. Data recorded
Local Time: 2023-10-09 21:38:33 [ERROR] NTP Time: [2023-10-09 22:38:33.038479]: Error
Local Time: 2023-10-09 21:38:33 [INFO] NTP Time: [2023-10-09 22:38:33.175654]: Using the local timmer to pretend to be NTP time. Data recorded
Local Time: 2023-10-09 21:38:33 [INFO] NTP Time: [2023-10-09 22:38:33.341077]: Using the local timmer to pretend to be NTP time. Data recorded
Local Time: 2023-10-09 21:38:33 [INFO] NTP Time: [2023-10-09 22:38:33.481199]: Using the local timmer to pretend to be NTP time. Data recorded
Local Time: 2023-10-09 21:38:33 [ERROR] NTP Time: [2023-10-09 22:38:33.925199]: Error
Local Time: 2023-10-09 21:38:34 [INFO] NTP Time: [2023-10-09 22:38:34.063367]: Using the local timmer to pretend to be NTP time. Data recorded
Local Time: 2023-10-09 21:38:34 [INFO] NTP Time: [2023-10-09 22:38:34.227279]: Using the local timmer to pretend to be NTP time. Data recorded
Local Time: 2023-10-09 21:38:34 [INFO] NTP Time: [2023-10-09 22:38:34.367512]: Using the local timmer to pretend to be NTP time. Data recorded
Local Time: 2023-10-09 21:38:34 [ERROR] NTP Time: [2023-10-09 22:38:34.646773]: Error
Local Time: 2023-10-09 21:38:34 [INFO] NTP Time: [2023-10-09 22:38:34.809802]: Using the local timmer to pretend to be NTP time. Data recorded
Local Time: 2023-10-09 21:38:34 [INFO] NTP Time: [2023-10-09 22:38:34.965426]: Using the local timmer to pretend to be NTP time. Data recorded
Local Time: 2023-10-09 21:38:35 [INFO] NTP Time: [2023-10-09 22:38:35.088868]: Using the local timmer to pretend to be NTP time. Data recorded
Local Time: 2023-10-09 21:38:35 [ERROR] NTP Time: [2023-10-09 22:38:35.532021]: Error
Local Time: 2023-10-09 21:38:35 [INFO] NTP Time: [2023-10-09 22:38:35.697505]: Using the local timmer to pretend to be NTP time. Data recorded
Local Time: 2023-10-09 21:38:35 [INFO] NTP Time: [2023-10-09 22:38:35.835874]: Using the local timmer to pretend to be NTP time. Data recorded
Local Time: 2023-10-09 21:38:35 [INFO] NTP Time: [2023-10-09 22:38:35.975462]: Using the local timmer to pretend to be NTP time. Data recorded
Local Time: 2023-10-09 21:38:36 [ERROR] NTP Time: [2023-10-09 22:38:36.281153]: Error
Local Time: 2023-10-09 21:38:36 [INFO] NTP Time: [2023-10-09 22:38:36.418495]: Using the local timmer to pretend to be NTP time. Data recorded
Local Time: 2023-10-09 21:38:36 [INFO] NTP Time: [2023-10-09 22:38:36.559356]: Using the local timmer to pretend to be NTP time. Data recorded
Local Time: 2023-10-09 21:38:36 [INFO] NTP Time: [2023-10-09 22:38:36.722737]: Using the local timmer to pretend to be NTP time. Data recorded
Local Time: 2023-10-09 21:38:36 [INFO] NTP Time: [2023-10-09 22:38:36.861581]: Using the local timmer to pretend to be NTP time. Data recorded
Local Time: 2023-10-09 21:38:37 [INFO] NTP Time: [2023-10-09 22:38:37.000060]: Using the local timmer to pretend to be NTP time. Data recorded
Local Time: 2023-10-09 21:38:37 [INFO] NTP Time: [2023-10-09 22:38:37.165362]: Using the local timmer to pretend to be NTP time. Data recorded
Local Time: 2023-10-09 21:38:37 [ERROR] NTP Time: [2023-10-09 22:38:37.444113]: Error
Local Time: 2023-10-09 21:38:37 [INFO] NTP Time: [2023-10-09 22:38:37.582293]: Using the local timmer to pretend to be NTP time. Data recorded
Local Time: 2023-10-09 21:38:37 [INFO] NTP Time: [2023-10-09 22:38:37.749572]: Using the local timmer to pretend to be NTP time. Data recorded
Local Time: 2023-10-09 21:38:37 [INFO] NTP Time: [2023-10-09 22:38:37.886438]: Using the local timmer to pretend to be NTP time. Data recorded
Local Time: 2023-10-09 21:38:38 [INFO] NTP Time: [2023-10-09 22:38:38.034673]: Using the local timmer to pretend to be NTP time. Data recorded
Local Time: 2023-10-09 21:38:38 [INFO] NTP Time: [2023-10-09 22:38:38.191670]: Using the local timmer to pretend to be NTP time. Data recorded
Local Time: 2023-10-09 21:38:38 [INFO] NTP Time: [2023-10-09 22:38:38.331067]: Using the local timmer to pretend to be NTP time. Data recorded
Local Time: 2023-10-09 21:38:38 [ERROR] NTP Time: [2023-10-09 22:38:38.634769]: Error
Local Time: 2023-10-09 21:38:38 [INFO] NTP Time: [2023-10-09 22:38:38.774059]: Using the local timmer to pretend to be NTP time. Data recorded
Local Time: 2023-10-09 21:38:38 [INFO] NTP Time: [2023-10-09 22:38:38.912143]: Using the local timmer to pretend to be NTP time. Data recorded
Local Time: 2023-10-09 21:38:39 [INFO] NTP Time: [2023-10-09 22:38:39.056877]: Using the local timmer to pretend to be NTP time. Data recorded
Local Time: 2023-10-09 21:38:39 [INFO] NTP Time: [2023-10-09 22:38:39.216570]: Using the local timmer to pretend to be NTP time. Data recorded
Local Time: 2023-10-09 21:38:39 [INFO] NTP Time: [2023-10-09 22:38:39.355467]: Using the local timmer to pretend to be NTP time. Data recorded
Local Time: 2023-10-09 21:38:39 [INFO] NTP Time: [2023-10-09 22:38:39.495175]: Using the local timmer to pretend to be NTP time. Data recorded
