Local Time: 2023-10-09 21:43:55 [INFO] NTP Time: [2023-10-09 22:43:55.089917]: Loaded configuration: {'participant': {'id': 'P001', 'age': '25', 'gender': 'M', 'ethnicity': 'Caucasian', 'height': '165', 'weight': '65'}, 'experiment': {'date': '2022-01-01', 'time': '14:00:00', 'condition': 'HW101M', 'group': 'A', 'illumination_level': 'low'}, 'task_info': {'task_name': 'Task1', 'trial_number': '5'}, 'notes': {'comments': 'Participant seemed tired during the session.'}, 'label_info': {'activity': 'sit'}}
Local Time: 2023-10-09 21:43:55 [INFO] NTP Time: [2023-10-09 22:43:55.090070]: Loaded IRA configuration: {'port': '/dev/ttyUSB0', 'baud_rate': '921600', 'Data storage location': 'IRA/data', 'IRA_Datatype': 'float'}
Local Time: 2023-10-09 21:43:55 [INFO] NTP Time: [2023-10-09 22:43:55.090160]: Reading data from /dev/ttyUSB0 at 921600 baud
Local Time: 2023-10-09 21:43:55 [ERROR] NTP Time: [2023-10-09 22:43:55.145820]: Error
Local Time: 2023-10-09 21:43:55 [INFO] NTP Time: [2023-10-09 22:43:55.286916]: Using NTP time as the start timmer.
Local Time: 2023-10-09 21:43:55 [ERROR] NTP Time: [2023-10-09 22:43:55.287067]: Error
Local Time: 2023-10-09 21:43:55 [INFO] NTP Time: [2023-10-09 22:43:55.424204]: Using the local timmer to pretend to be NTP time. Data recorded
Local Time: 2023-10-09 21:43:55 [INFO] NTP Time: [2023-10-09 22:43:55.590020]: Using the local timmer to pretend to be NTP time. Data recorded
Local Time: 2023-10-09 21:43:55 [INFO] NTP Time: [2023-10-09 22:43:55.729491]: Using the local timmer to pretend to be NTP time. Data recorded
Local Time: 2023-10-09 21:43:55 [INFO] NTP Time: [2023-10-09 22:43:55.868071]: Using the local timmer to pretend to be NTP time. Data recorded
Local Time: 2023-10-09 21:43:56 [INFO] NTP Time: [2023-10-09 22:43:56.033524]: Using the local timmer to pretend to be NTP time. Data recorded
Local Time: 2023-10-09 21:43:56 [INFO] NTP Time: [2023-10-09 22:43:56.176394]: Using the local timmer to pretend to be NTP time. Data recorded
Local Time: 2023-10-09 21:43:56 [INFO] NTP Time: [2023-10-09 22:43:56.312161]: Using the local timmer to pretend to be NTP time. Data recorded
Local Time: 2023-10-09 21:43:56 [INFO] NTP Time: [2023-10-09 22:43:56.477794]: Using the local timmer to pretend to be NTP time. Data recorded
Local Time: 2023-10-09 21:43:56 [INFO] NTP Time: [2023-10-09 22:43:56.614784]: Using the local timmer to pretend to be NTP time. Data recorded
Local Time: 2023-10-09 21:43:56 [INFO] NTP Time: [2023-10-09 22:43:56.754130]: Using the local timmer to pretend to be NTP time. Data recorded
Local Time: 2023-10-09 21:43:56 [INFO] NTP Time: [2023-10-09 22:43:56.893117]: Using the local timmer to pretend to be NTP time. Data recorded
Local Time: 2023-10-09 21:43:57 [INFO] NTP Time: [2023-10-09 22:43:57.057720]: Using the local timmer to pretend to be NTP time. Data recorded
Local Time: 2023-10-09 21:43:57 [INFO] NTP Time: [2023-10-09 22:43:57.201212]: Using the local timmer to pretend to be NTP time. Data recorded
Local Time: 2023-10-09 21:43:57 [INFO] NTP Time: [2023-10-09 22:43:57.339398]: Using the local timmer to pretend to be NTP time. Data recorded
Local Time: 2023-10-09 21:43:57 [INFO] NTP Time: [2023-10-09 22:43:57.507464]: Using the local timmer to pretend to be NTP time. Data recorded
Local Time: 2023-10-09 21:43:57 [INFO] NTP Time: [2023-10-09 22:43:57.654265]: Using the local timmer to pretend to be NTP time. Data recorded
Local Time: 2023-10-09 21:43:57 [INFO] NTP Time: [2023-10-09 22:43:57.788287]: Using the local timmer to pretend to be NTP time. Data recorded
Local Time: 2023-10-09 21:43:57 [INFO] NTP Time: [2023-10-09 22:43:57.944976]: Using the local timmer to pretend to be NTP time. Data recorded
Local Time: 2023-10-09 21:43:58 [INFO] NTP Time: [2023-10-09 22:43:58.084670]: Using the local timmer to pretend to be NTP time. Data recorded
Local Time: 2023-10-09 21:43:58 [INFO] NTP Time: [2023-10-09 22:43:58.222387]: Using the local timmer to pretend to be NTP time. Data recorded
Local Time: 2023-10-09 21:43:58 [INFO] NTP Time: [2023-10-09 22:43:58.365733]: Using the local timmer to pretend to be NTP time. Data recorded
Local Time: 2023-10-09 21:43:58 [INFO] NTP Time: [2023-10-09 22:43:58.526770]: Using the local timmer to pretend to be NTP time. Data recorded
Local Time: 2023-10-09 21:43:58 [INFO] NTP Time: [2023-10-09 22:43:58.667276]: Using the local timmer to pretend to be NTP time. Data recorded
Local Time: 2023-10-09 21:43:58 [INFO] NTP Time: [2023-10-09 22:43:58.806131]: Using the local timmer to pretend to be NTP time. Data recorded
Local Time: 2023-10-09 21:43:58 [INFO] NTP Time: [2023-10-09 22:43:58.970671]: Using the local timmer to pretend to be NTP time. Data recorded
Local Time: 2023-10-09 21:43:59 [INFO] NTP Time: [2023-10-09 22:43:59.109053]: Using the local timmer to pretend to be NTP time. Data recorded
Local Time: 2023-10-09 21:43:59 [INFO] NTP Time: [2023-10-09 22:43:59.249162]: Using the local timmer to pretend to be NTP time. Data recorded
Local Time: 2023-10-09 21:43:59 [INFO] NTP Time: [2023-10-09 22:43:59.415543]: Using the local timmer to pretend to be NTP time. Data recorded
Local Time: 2023-10-09 21:43:59 [INFO] NTP Time: [2023-10-09 22:43:59.552169]: Using the local timmer to pretend to be NTP time. Data recorded
Local Time: 2023-10-09 21:43:59 [INFO] NTP Time: [2023-10-09 22:43:59.693415]: Using the local timmer to pretend to be NTP time. Data recorded
Local Time: 2023-10-09 21:43:59 [INFO] NTP Time: [2023-10-09 22:43:59.856186]: Using the local timmer to pretend to be NTP time. Data recorded
Local Time: 2023-10-09 21:44:00 [INFO] NTP Time: [2023-10-09 22:44:00.003504]: Using the local timmer to pretend to be NTP time. Data recorded
Local Time: 2023-10-09 21:44:00 [INFO] NTP Time: [2023-10-09 22:44:00.136232]: Using the local timmer to pretend to be NTP time. Data recorded
Local Time: 2023-10-09 21:44:00 [INFO] NTP Time: [2023-10-09 22:44:00.276810]: Using the local timmer to pretend to be NTP time. Data recorded
Local Time: 2023-10-09 21:44:00 [INFO] NTP Time: [2023-10-09 22:44:00.441908]: Using the local timmer to pretend to be NTP time. Data recorded
Local Time: 2023-10-09 21:44:00 [INFO] NTP Time: [2023-10-09 22:44:00.580070]: Using the local timmer to pretend to be NTP time. Data recorded
Local Time: 2023-10-09 21:44:00 [INFO] NTP Time: [2023-10-09 22:44:00.718212]: Using the local timmer to pretend to be NTP time. Data recorded
Local Time: 2023-10-09 21:44:00 [INFO] NTP Time: [2023-10-09 22:44:00.883356]: Using the local timmer to pretend to be NTP time. Data recorded
Local Time: 2023-10-09 21:44:01 [INFO] NTP Time: [2023-10-09 22:44:01.031767]: Using the local timmer to pretend to be NTP time. Data recorded
Local Time: 2023-10-09 21:44:01 [INFO] NTP Time: [2023-10-09 22:44:01.160428]: Using the local timmer to pretend to be NTP time. Data recorded
Local Time: 2023-10-09 21:44:01 [INFO] NTP Time: [2023-10-09 22:44:01.328119]: Using the local timmer to pretend to be NTP time. Data recorded
Local Time: 2023-10-09 21:44:01 [INFO] NTP Time: [2023-10-09 22:44:01.470038]: Using the local timmer to pretend to be NTP time. Data recorded
Local Time: 2023-10-09 21:44:01 [INFO] NTP Time: [2023-10-09 22:44:01.605917]: Using the local timmer to pretend to be NTP time. Data recorded
Local Time: 2023-10-09 21:44:01 [INFO] NTP Time: [2023-10-09 22:44:01.745847]: Using the local timmer to pretend to be NTP time. Data recorded
Local Time: 2023-10-09 21:44:01 [INFO] NTP Time: [2023-10-09 22:44:01.911496]: Using the local timmer to pretend to be NTP time. Data recorded
Local Time: 2023-10-09 21:44:02 [INFO] NTP Time: [2023-10-09 22:44:02.046783]: Using the local timmer to pretend to be NTP time. Data recorded
Local Time: 2023-10-09 21:44:02 [INFO] NTP Time: [2023-10-09 22:44:02.199711]: Using the local timmer to pretend to be NTP time. Data recorded
Local Time: 2023-10-09 21:44:02 [INFO] NTP Time: [2023-10-09 22:44:02.352731]: Using the local timmer to pretend to be NTP time. Data recorded
Local Time: 2023-10-09 21:44:02 [INFO] NTP Time: [2023-10-09 22:44:02.489898]: Using the local timmer to pretend to be NTP time. Data recorded
Local Time: 2023-10-09 21:44:02 [INFO] NTP Time: [2023-10-09 22:44:02.633498]: Using the local timmer to pretend to be NTP time. Data recorded
Local Time: 2023-10-09 21:44:02 [INFO] NTP Time: [2023-10-09 22:44:02.794194]: Using the local timmer to pretend to be NTP time. Data recorded
Local Time: 2023-10-09 21:44:02 [INFO] NTP Time: [2023-10-09 22:44:02.937325]: Using the local timmer to pretend to be NTP time. Data recorded
Local Time: 2023-10-09 21:44:03 [INFO] NTP Time: [2023-10-09 22:44:03.076664]: Using the local timmer to pretend to be NTP time. Data recorded
Local Time: 2023-10-09 21:44:03 [INFO] NTP Time: [2023-10-09 22:44:03.213006]: Using the local timmer to pretend to be NTP time. Data recorded
Local Time: 2023-10-09 21:44:03 [INFO] NTP Time: [2023-10-09 22:44:03.382030]: Using the local timmer to pretend to be NTP time. Data recorded
Local Time: 2023-10-09 21:44:03 [INFO] NTP Time: [2023-10-09 22:44:03.517844]: Using the local timmer to pretend to be NTP time. Data recorded
Local Time: 2023-10-09 21:44:03 [INFO] NTP Time: [2023-10-09 22:44:03.657630]: Using the local timmer to pretend to be NTP time. Data recorded
Local Time: 2023-10-09 21:44:03 [INFO] NTP Time: [2023-10-09 22:44:03.823281]: Using the local timmer to pretend to be NTP time. Data recorded
Local Time: 2023-10-09 21:44:03 [INFO] NTP Time: [2023-10-09 22:44:03.958977]: Using the local timmer to pretend to be NTP time. Data recorded
Local Time: 2023-10-09 21:44:04 [INFO] NTP Time: [2023-10-09 22:44:04.101003]: Using the local timmer to pretend to be NTP time. Data recorded
Local Time: 2023-10-09 21:44:04 [INFO] NTP Time: [2023-10-09 22:44:04.271662]: Using the local timmer to pretend to be NTP time. Data recorded
Local Time: 2023-10-09 21:44:04 [INFO] NTP Time: [2023-10-09 22:44:04.404546]: Using the local timmer to pretend to be NTP time. Data recorded
Local Time: 2023-10-09 21:44:04 [INFO] NTP Time: [2023-10-09 22:44:04.542898]: Using the local timmer to pretend to be NTP time. Data recorded
Local Time: 2023-10-09 21:44:04 [INFO] NTP Time: [2023-10-09 22:44:04.682375]: Using the local timmer to pretend to be NTP time. Data recorded
Local Time: 2023-10-09 21:44:04 [INFO] NTP Time: [2023-10-09 22:44:04.845876]: Using the local timmer to pretend to be NTP time. Data recorded
Local Time: 2023-10-09 21:44:04 [INFO] NTP Time: [2023-10-09 22:44:04.986133]: Using the local timmer to pretend to be NTP time. Data recorded
Local Time: 2023-10-09 21:44:05 [INFO] NTP Time: [2023-10-09 22:44:05.123925]: Using the local timmer to pretend to be NTP time. Data recorded
Local Time: 2023-10-09 21:44:05 [INFO] NTP Time: [2023-10-09 22:44:05.292370]: Using the local timmer to pretend to be NTP time. Data recorded
Local Time: 2023-10-09 21:44:05 [INFO] NTP Time: [2023-10-09 22:44:05.429269]: Using the local timmer to pretend to be NTP time. Data recorded
Local Time: 2023-10-09 21:44:05 [INFO] NTP Time: [2023-10-09 22:44:05.585121]: Using the local timmer to pretend to be NTP time. Data recorded
Local Time: 2023-10-09 21:44:05 [INFO] NTP Time: [2023-10-09 22:44:05.738928]: Using the local timmer to pretend to be NTP time. Data recorded
Local Time: 2023-10-09 21:44:05 [INFO] NTP Time: [2023-10-09 22:44:05.872735]: Using the local timmer to pretend to be NTP time. Data recorded
Local Time: 2023-10-09 21:44:06 [INFO] NTP Time: [2023-10-09 22:44:06.011595]: Using the local timmer to pretend to be NTP time. Data recorded
Local Time: 2023-10-09 21:44:06 [INFO] NTP Time: [2023-10-09 22:44:06.176784]: Using the local timmer to pretend to be NTP time. Data recorded
Local Time: 2023-10-09 21:44:06 [INFO] NTP Time: [2023-10-09 22:44:06.315769]: Using the local timmer to pretend to be NTP time. Data recorded
Local Time: 2023-10-09 21:44:06 [INFO] NTP Time: [2023-10-09 22:44:06.454190]: Using the local timmer to pretend to be NTP time. Data recorded
Local Time: 2023-10-09 21:44:06 [INFO] NTP Time: [2023-10-09 22:44:06.604120]: Using the local timmer to pretend to be NTP time. Data recorded
Local Time: 2023-10-09 21:44:06 [INFO] NTP Time: [2023-10-09 22:44:06.780986]: Using the local timmer to pretend to be NTP time. Data recorded
Local Time: 2023-10-09 21:44:07 [ERROR] NTP Time: [2023-10-09 22:44:07.040637]: Error
Local Time: 2023-10-09 21:44:07 [INFO] NTP Time: [2023-10-09 22:44:07.210148]: Using the local timmer to pretend to be NTP time. Data recorded
Local Time: 2023-10-09 21:44:07 [INFO] NTP Time: [2023-10-09 22:44:07.341519]: Using the local timmer to pretend to be NTP time. Data recorded
Local Time: 2023-10-09 21:44:07 [INFO] NTP Time: [2023-10-09 22:44:07.479578]: Using the local timmer to pretend to be NTP time. Data recorded
Local Time: 2023-10-09 21:44:07 [INFO] NTP Time: [2023-10-09 22:44:07.647233]: Using the local timmer to pretend to be NTP time. Data recorded
Local Time: 2023-10-09 21:44:07 [INFO] NTP Time: [2023-10-09 22:44:07.793124]: Using the local timmer to pretend to be NTP time. Data recorded
Local Time: 2023-10-09 21:44:07 [INFO] NTP Time: [2023-10-09 22:44:07.935189]: Using the local timmer to pretend to be NTP time. Data recorded
Local Time: 2023-10-09 21:44:08 [INFO] NTP Time: [2023-10-09 22:44:08.074160]: Using the local timmer to pretend to be NTP time. Data recorded
Local Time: 2023-10-09 21:44:08 [INFO] NTP Time: [2023-10-09 22:44:08.237743]: Using the local timmer to pretend to be NTP time. Data recorded
Local Time: 2023-10-09 21:44:08 [INFO] NTP Time: [2023-10-09 22:44:08.387583]: Using the local timmer to pretend to be NTP time. Data recorded
Local Time: 2023-10-09 21:44:08 [INFO] NTP Time: [2023-10-09 22:44:08.511947]: Using the local timmer to pretend to be NTP time. Data recorded
Local Time: 2023-10-09 21:44:08 [INFO] NTP Time: [2023-10-09 22:44:08.674048]: Using the local timmer to pretend to be NTP time. Data recorded
Local Time: 2023-10-09 21:44:08 [INFO] NTP Time: [2023-10-09 22:44:08.812127]: Using the local timmer to pretend to be NTP time. Data recorded
Local Time: 2023-10-09 21:44:08 [INFO] NTP Time: [2023-10-09 22:44:08.949979]: Using the local timmer to pretend to be NTP time. Data recorded
Local Time: 2023-10-09 21:44:09 [INFO] NTP Time: [2023-10-09 22:44:09.114840]: Using the local timmer to pretend to be NTP time. Data recorded
Local Time: 2023-10-09 21:44:09 [INFO] NTP Time: [2023-10-09 22:44:09.253674]: Using the local timmer to pretend to be NTP time. Data recorded
Local Time: 2023-10-09 21:44:09 [INFO] NTP Time: [2023-10-09 22:44:09.392734]: Using the local timmer to pretend to be NTP time. Data recorded
Local Time: 2023-10-09 21:44:09 [INFO] NTP Time: [2023-10-09 22:44:09.539673]: Using the local timmer to pretend to be NTP time. Data recorded
Local Time: 2023-10-09 21:44:09 [INFO] NTP Time: [2023-10-09 22:44:09.712156]: Using the local timmer to pretend to be NTP time. Data recorded
Local Time: 2023-10-09 21:44:09 [INFO] NTP Time: [2023-10-09 22:44:09.837142]: Using the local timmer to pretend to be NTP time. Data recorded
Local Time: 2023-10-09 21:44:09 [INFO] NTP Time: [2023-10-09 22:44:09.976000]: Using the local timmer to pretend to be NTP time. Data recorded
Local Time: 2023-10-09 21:44:10 [INFO] NTP Time: [2023-10-09 22:44:10.139891]: Using the local timmer to pretend to be NTP time. Data recorded
Local Time: 2023-10-09 21:44:10 [INFO] NTP Time: [2023-10-09 22:44:10.286658]: Using the local timmer to pretend to be NTP time. Data recorded
Local Time: 2023-10-09 21:44:10 [INFO] NTP Time: [2023-10-09 22:44:10.417443]: Using the local timmer to pretend to be NTP time. Data recorded
Local Time: 2023-10-09 21:44:10 [INFO] NTP Time: [2023-10-09 22:44:10.586818]: Using the local timmer to pretend to be NTP time. Data recorded
Local Time: 2023-10-09 21:44:10 [INFO] NTP Time: [2023-10-09 22:44:10.726141]: Using the local timmer to pretend to be NTP time. Data recorded
Local Time: 2023-10-09 21:44:10 [INFO] NTP Time: [2023-10-09 22:44:10.863393]: Using the local timmer to pretend to be NTP time. Data recorded
Local Time: 2023-10-09 21:44:11 [INFO] NTP Time: [2023-10-09 22:44:11.026838]: Using the local timmer to pretend to be NTP time. Data recorded
Local Time: 2023-10-09 21:44:11 [INFO] NTP Time: [2023-10-09 22:44:11.174692]: Using the local timmer to pretend to be NTP time. Data recorded
Local Time: 2023-10-09 21:44:11 [INFO] NTP Time: [2023-10-09 22:44:11.310714]: Using the local timmer to pretend to be NTP time. Data recorded
Local Time: 2023-10-09 21:44:11 [INFO] NTP Time: [2023-10-09 22:44:11.443696]: Using the local timmer to pretend to be NTP time. Data recorded
Local Time: 2023-10-09 21:44:11 [INFO] NTP Time: [2023-10-09 22:44:11.609299]: Using the local timmer to pretend to be NTP time. Data recorded
Local Time: 2023-10-09 21:44:11 [INFO] NTP Time: [2023-10-09 22:44:11.751314]: Using the local timmer to pretend to be NTP time. Data recorded
Local Time: 2023-10-09 21:44:11 [INFO] NTP Time: [2023-10-09 22:44:11.901807]: Using the local timmer to pretend to be NTP time. Data recorded
Local Time: 2023-10-09 21:44:12 [INFO] NTP Time: [2023-10-09 22:44:12.052156]: Using the local timmer to pretend to be NTP time. Data recorded
Local Time: 2023-10-09 21:44:12 [INFO] NTP Time: [2023-10-09 22:44:12.191384]: Using the local timmer to pretend to be NTP time. Data recorded
Local Time: 2023-10-09 21:44:12 [INFO] NTP Time: [2023-10-09 22:44:12.335556]: Using the local timmer to pretend to be NTP time. Data recorded
Local Time: 2023-10-09 21:44:12 [INFO] NTP Time: [2023-10-09 22:44:12.498262]: Using the local timmer to pretend to be NTP time. Data recorded
