Local Time: 2023-10-09 22:03:40 [INFO] NTP Time: [2023-10-09 23:03:40.209341]: Loaded configuration: {'participant': {'id': 'P001', 'age': '25', 'gender': 'M', 'ethnicity': 'Caucasian', 'height': '165', 'weight': '65'}, 'experiment': {'date': '2022-01-01', 'time': '14:00:00', 'condition': 'HW101M', 'group': 'A', 'illumination_level': 'low'}, 'task_info': {'task_name': 'Task1', 'trial_number': '5'}, 'notes': {'comments': 'Participant seemed tired during the session.'}, 'label_info': {'activity': 'sit'}}
Local Time: 2023-10-09 22:03:40 [INFO] NTP Time: [2023-10-09 23:03:40.210024]: Loaded IRA configuration: {'port': '/dev/ttyUSB0', 'baud_rate': '921600', 'Data storage location': 'IRA/data', 'IRA_Datatype': 'float'}
Local Time: 2023-10-09 22:03:40 [INFO] NTP Time: [2023-10-09 23:03:40.210473]: Reading data from /dev/ttyUSB0 at 921600 baud
Local Time: 2023-10-09 22:03:40 [INFO] NTP Time: [2023-10-09 23:03:40.309683]: Using NTP time as the start timmer.
Local Time: 2023-10-09 22:03:40 [ERROR] NTP Time: [2023-10-09 23:03:40.309780]: Error
Local Time: 2023-10-09 22:03:40 [INFO] NTP Time: [2023-10-09 23:03:40.473537]: Using the local timmer to pretend to be NTP time. Data recorded
Local Time: 2023-10-09 22:03:40 [INFO] NTP Time: [2023-10-09 23:03:40.612611]: Using the local timmer to pretend to be NTP time. Data recorded
Local Time: 2023-10-09 22:03:40 [INFO] NTP Time: [2023-10-09 23:03:40.751922]: Using the local timmer to pretend to be NTP time. Data recorded
Local Time: 2023-10-09 22:03:40 [INFO] NTP Time: [2023-10-09 23:03:40.917400]: Using the local timmer to pretend to be NTP time. Data recorded
Local Time: 2023-10-09 22:03:41 [INFO] NTP Time: [2023-10-09 23:03:41.056993]: Using the local timmer to pretend to be NTP time. Data recorded
Local Time: 2023-10-09 22:03:41 [INFO] NTP Time: [2023-10-09 23:03:41.196433]: Using the local timmer to pretend to be NTP time. Data recorded
Local Time: 2023-10-09 22:03:41 [INFO] NTP Time: [2023-10-09 23:03:41.347574]: Using the local timmer to pretend to be NTP time. Data recorded
Local Time: 2023-10-09 22:03:41 [INFO] NTP Time: [2023-10-09 23:03:41.505706]: Using the local timmer to pretend to be NTP time. Data recorded
Local Time: 2023-10-09 22:03:41 [INFO] NTP Time: [2023-10-09 23:03:41.640144]: Using the local timmer to pretend to be NTP time. Data recorded
Local Time: 2023-10-09 22:03:41 [INFO] NTP Time: [2023-10-09 23:03:41.779265]: Using the local timmer to pretend to be NTP time. Data recorded
Local Time: 2023-10-09 22:03:41 [INFO] NTP Time: [2023-10-09 23:03:41.943235]: Using the local timmer to pretend to be NTP time. Data recorded
Local Time: 2023-10-09 22:03:42 [INFO] NTP Time: [2023-10-09 23:03:42.084117]: Using the local timmer to pretend to be NTP time. Data recorded
Local Time: 2023-10-09 22:03:42 [INFO] NTP Time: [2023-10-09 23:03:42.227316]: Using the local timmer to pretend to be NTP time. Data recorded
Local Time: 2023-10-09 22:03:42 [INFO] NTP Time: [2023-10-09 23:03:42.387315]: Using the local timmer to pretend to be NTP time. Data recorded
Local Time: 2023-10-09 22:03:42 [INFO] NTP Time: [2023-10-09 23:03:42.526228]: Using the local timmer to pretend to be NTP time. Data recorded
Local Time: 2023-10-09 22:03:42 [INFO] NTP Time: [2023-10-09 23:03:42.674780]: Using the local timmer to pretend to be NTP time. Data recorded
Local Time: 2023-10-09 22:03:42 [INFO] NTP Time: [2023-10-09 23:03:42.830614]: Using the local timmer to pretend to be NTP time. Data recorded
Local Time: 2023-10-09 22:03:42 [INFO] NTP Time: [2023-10-09 23:03:42.972710]: Using the local timmer to pretend to be NTP time. Data recorded
Local Time: 2023-10-09 22:03:43 [INFO] NTP Time: [2023-10-09 23:03:43.108824]: Using the local timmer to pretend to be NTP time. Data recorded
Local Time: 2023-10-09 22:03:43 [INFO] NTP Time: [2023-10-09 23:03:43.249611]: Using the local timmer to pretend to be NTP time. Data recorded
Local Time: 2023-10-09 22:03:43 [INFO] NTP Time: [2023-10-09 23:03:43.414774]: Using the local timmer to pretend to be NTP time. Data recorded
Local Time: 2023-10-09 22:03:43 [INFO] NTP Time: [2023-10-09 23:03:43.578701]: Using the local timmer to pretend to be NTP time. Data recorded
Local Time: 2023-10-09 22:03:43 [INFO] NTP Time: [2023-10-09 23:03:43.694122]: Using the local timmer to pretend to be NTP time. Data recorded
Local Time: 2023-10-09 22:03:43 [INFO] NTP Time: [2023-10-09 23:03:43.858747]: Using the local timmer to pretend to be NTP time. Data recorded
Local Time: 2023-10-09 22:03:44 [INFO] NTP Time: [2023-10-09 23:03:43.997395]: Using the local timmer to pretend to be NTP time. Data recorded
Local Time: 2023-10-09 22:03:44 [INFO] NTP Time: [2023-10-09 23:03:44.135697]: Using the local timmer to pretend to be NTP time. Data recorded
Local Time: 2023-10-09 22:03:44 [INFO] NTP Time: [2023-10-09 23:03:44.299810]: Using the local timmer to pretend to be NTP time. Data recorded
Local Time: 2023-10-09 22:03:44 [INFO] NTP Time: [2023-10-09 23:03:44.439112]: Using the local timmer to pretend to be NTP time. Data recorded
Local Time: 2023-10-09 22:03:44 [INFO] NTP Time: [2023-10-09 23:03:44.578851]: Using the local timmer to pretend to be NTP time. Data recorded
Local Time: 2023-10-09 22:03:44 [INFO] NTP Time: [2023-10-09 23:03:44.718696]: Using the local timmer to pretend to be NTP time. Data recorded
Local Time: 2023-10-09 22:03:44 [INFO] NTP Time: [2023-10-09 23:03:44.883992]: Using the local timmer to pretend to be NTP time. Data recorded
Local Time: 2023-10-09 22:03:45 [INFO] NTP Time: [2023-10-09 23:03:45.029720]: Using the local timmer to pretend to be NTP time. Data recorded
Local Time: 2023-10-09 22:03:45 [INFO] NTP Time: [2023-10-09 23:03:45.162613]: Using the local timmer to pretend to be NTP time. Data recorded
Local Time: 2023-10-09 22:03:45 [INFO] NTP Time: [2023-10-09 23:03:45.327484]: Using the local timmer to pretend to be NTP time. Data recorded
Local Time: 2023-10-09 22:03:45 [INFO] NTP Time: [2023-10-09 23:03:45.465496]: Using the local timmer to pretend to be NTP time. Data recorded
Local Time: 2023-10-09 22:03:45 [INFO] NTP Time: [2023-10-09 23:03:45.605189]: Using the local timmer to pretend to be NTP time. Data recorded
Local Time: 2023-10-09 22:03:45 [INFO] NTP Time: [2023-10-09 23:03:45.783448]: Using the local timmer to pretend to be NTP time. Data recorded
Local Time: 2023-10-09 22:03:45 [INFO] NTP Time: [2023-10-09 23:03:45.910237]: Using the local timmer to pretend to be NTP time. Data recorded
Local Time: 2023-10-09 22:03:46 [INFO] NTP Time: [2023-10-09 23:03:46.048300]: Using the local timmer to pretend to be NTP time. Data recorded
Local Time: 2023-10-09 22:03:46 [INFO] NTP Time: [2023-10-09 23:03:46.193826]: Using the local timmer to pretend to be NTP time. Data recorded
Local Time: 2023-10-09 22:03:46 [INFO] NTP Time: [2023-10-09 23:03:46.356758]: Using the local timmer to pretend to be NTP time. Data recorded
Local Time: 2023-10-09 22:03:46 [INFO] NTP Time: [2023-10-09 23:03:46.492661]: Using the local timmer to pretend to be NTP time. Data recorded
Local Time: 2023-10-09 22:03:46 [INFO] NTP Time: [2023-10-09 23:03:46.631815]: Using the local timmer to pretend to be NTP time. Data recorded
Local Time: 2023-10-09 22:03:46 [INFO] NTP Time: [2023-10-09 23:03:46.797119]: Using the local timmer to pretend to be NTP time. Data recorded
Local Time: 2023-10-09 22:03:46 [INFO] NTP Time: [2023-10-09 23:03:46.934870]: Using the local timmer to pretend to be NTP time. Data recorded
Local Time: 2023-10-09 22:03:47 [INFO] NTP Time: [2023-10-09 23:03:47.076705]: Using the local timmer to pretend to be NTP time. Data recorded
Local Time: 2023-10-09 22:03:47 [INFO] NTP Time: [2023-10-09 23:03:47.240878]: Using the local timmer to pretend to be NTP time. Data recorded
Local Time: 2023-10-09 22:03:47 [INFO] NTP Time: [2023-10-09 23:03:47.379351]: Using the local timmer to pretend to be NTP time. Data recorded
Local Time: 2023-10-09 22:03:47 [INFO] NTP Time: [2023-10-09 23:03:47.521729]: Using the local timmer to pretend to be NTP time. Data recorded
Local Time: 2023-10-09 22:03:47 [INFO] NTP Time: [2023-10-09 23:03:47.662872]: Using the local timmer to pretend to be NTP time. Data recorded
Local Time: 2023-10-09 22:03:47 [INFO] NTP Time: [2023-10-09 23:03:47.824232]: Using the local timmer to pretend to be NTP time. Data recorded
Local Time: 2023-10-09 22:03:47 [INFO] NTP Time: [2023-10-09 23:03:47.962464]: Using the local timmer to pretend to be NTP time. Data recorded
Local Time: 2023-10-09 22:03:48 [INFO] NTP Time: [2023-10-09 23:03:48.101158]: Using the local timmer to pretend to be NTP time. Data recorded
Local Time: 2023-10-09 22:03:48 [INFO] NTP Time: [2023-10-09 23:03:48.265285]: Using the local timmer to pretend to be NTP time. Data recorded
Local Time: 2023-10-09 22:03:48 [INFO] NTP Time: [2023-10-09 23:03:48.405503]: Using the local timmer to pretend to be NTP time. Data recorded
Local Time: 2023-10-09 22:03:48 [INFO] NTP Time: [2023-10-09 23:03:48.544603]: Using the local timmer to pretend to be NTP time. Data recorded
Local Time: 2023-10-09 22:03:48 [INFO] NTP Time: [2023-10-09 23:03:48.710466]: Using the local timmer to pretend to be NTP time. Data recorded
Local Time: 2023-10-09 22:03:48 [INFO] NTP Time: [2023-10-09 23:03:48.850339]: Using the local timmer to pretend to be NTP time. Data recorded
Local Time: 2023-10-09 22:03:48 [INFO] NTP Time: [2023-10-09 23:03:48.990386]: Using the local timmer to pretend to be NTP time. Data recorded
Local Time: 2023-10-09 22:03:49 [INFO] NTP Time: [2023-10-09 23:03:49.130811]: Using the local timmer to pretend to be NTP time. Data recorded
Local Time: 2023-10-09 22:03:49 [INFO] NTP Time: [2023-10-09 23:03:49.293190]: Using the local timmer to pretend to be NTP time. Data recorded
Local Time: 2023-10-09 22:03:49 [INFO] NTP Time: [2023-10-09 23:03:49.430780]: Using the local timmer to pretend to be NTP time. Data recorded
Local Time: 2023-10-09 22:03:49 [INFO] NTP Time: [2023-10-09 23:03:49.570102]: Using the local timmer to pretend to be NTP time. Data recorded
Local Time: 2023-10-09 22:03:49 [INFO] NTP Time: [2023-10-09 23:03:49.735943]: Using the local timmer to pretend to be NTP time. Data recorded
Local Time: 2023-10-09 22:03:49 [INFO] NTP Time: [2023-10-09 23:03:49.875785]: Using the local timmer to pretend to be NTP time. Data recorded
Local Time: 2023-10-09 22:03:50 [INFO] NTP Time: [2023-10-09 23:03:50.014397]: Using the local timmer to pretend to be NTP time. Data recorded
Local Time: 2023-10-09 22:03:50 [INFO] NTP Time: [2023-10-09 23:03:50.178428]: Using the local timmer to pretend to be NTP time. Data recorded
Local Time: 2023-10-09 22:03:50 [INFO] NTP Time: [2023-10-09 23:03:50.318153]: Using the local timmer to pretend to be NTP time. Data recorded
Local Time: 2023-10-09 22:03:50 [INFO] NTP Time: [2023-10-09 23:03:50.458949]: Using the local timmer to pretend to be NTP time. Data recorded
Local Time: 2023-10-09 22:03:50 [INFO] NTP Time: [2023-10-09 23:03:50.604422]: Using the local timmer to pretend to be NTP time. Data recorded
Local Time: 2023-10-09 22:03:50 [INFO] NTP Time: [2023-10-09 23:03:50.763018]: Using the local timmer to pretend to be NTP time. Data recorded
Local Time: 2023-10-09 22:03:50 [INFO] NTP Time: [2023-10-09 23:03:50.901760]: Using the local timmer to pretend to be NTP time. Data recorded
Local Time: 2023-10-09 22:03:51 [INFO] NTP Time: [2023-10-09 23:03:51.045980]: Using the local timmer to pretend to be NTP time. Data recorded
Local Time: 2023-10-09 22:03:51 [INFO] NTP Time: [2023-10-09 23:03:51.208669]: Using the local timmer to pretend to be NTP time. Data recorded
Local Time: 2023-10-09 22:03:51 [INFO] NTP Time: [2023-10-09 23:03:51.344092]: Using the local timmer to pretend to be NTP time. Data recorded
Local Time: 2023-10-09 22:03:51 [INFO] NTP Time: [2023-10-09 23:03:51.484078]: Using the local timmer to pretend to be NTP time. Data recorded
Local Time: 2023-10-09 22:03:51 [INFO] NTP Time: [2023-10-09 23:03:51.649215]: Using the local timmer to pretend to be NTP time. Data recorded
Local Time: 2023-10-09 22:03:51 [INFO] NTP Time: [2023-10-09 23:03:51.788948]: Using the local timmer to pretend to be NTP time. Data recorded
Local Time: 2023-10-09 22:03:51 [INFO] NTP Time: [2023-10-09 23:03:51.935532]: Using the local timmer to pretend to be NTP time. Data recorded
Local Time: 2023-10-09 22:03:52 [INFO] NTP Time: [2023-10-09 23:03:52.110063]: Using the local timmer to pretend to be NTP time. Data recorded
Local Time: 2023-10-09 22:03:52 [INFO] NTP Time: [2023-10-09 23:03:52.234789]: Using the local timmer to pretend to be NTP time. Data recorded
Local Time: 2023-10-09 22:03:52 [INFO] NTP Time: [2023-10-09 23:03:52.370226]: Using the local timmer to pretend to be NTP time. Data recorded
Local Time: 2023-10-09 22:03:52 [INFO] NTP Time: [2023-10-09 23:03:52.509415]: Using the local timmer to pretend to be NTP time. Data recorded
Local Time: 2023-10-09 22:03:52 [INFO] NTP Time: [2023-10-09 23:03:52.675644]: Using the local timmer to pretend to be NTP time. Data recorded
Local Time: 2023-10-09 22:03:52 [INFO] NTP Time: [2023-10-09 23:03:52.814079]: Using the local timmer to pretend to be NTP time. Data recorded
Local Time: 2023-10-09 22:03:52 [INFO] NTP Time: [2023-10-09 23:03:52.959800]: Using the local timmer to pretend to be NTP time. Data recorded
Local Time: 2023-10-09 22:03:53 [INFO] NTP Time: [2023-10-09 23:03:53.153949]: Using the local timmer to pretend to be NTP time. Data recorded
Local Time: 2023-10-09 22:03:53 [INFO] NTP Time: [2023-10-09 23:03:53.260325]: Using the local timmer to pretend to be NTP time. Data recorded
Local Time: 2023-10-09 22:03:53 [INFO] NTP Time: [2023-10-09 23:03:53.398326]: Using the local timmer to pretend to be NTP time. Data recorded
Local Time: 2023-10-09 22:03:53 [INFO] NTP Time: [2023-10-09 23:03:53.565517]: Using the local timmer to pretend to be NTP time. Data recorded
Local Time: 2023-10-09 22:03:53 [INFO] NTP Time: [2023-10-09 23:03:53.701019]: Using the local timmer to pretend to be NTP time. Data recorded
Local Time: 2023-10-09 22:03:53 [INFO] NTP Time: [2023-10-09 23:03:53.839836]: Using the local timmer to pretend to be NTP time. Data recorded
Local Time: 2023-10-09 22:03:53 [INFO] NTP Time: [2023-10-09 23:03:53.979339]: Using the local timmer to pretend to be NTP time. Data recorded
Local Time: 2023-10-09 22:03:54 [INFO] NTP Time: [2023-10-09 23:03:54.144187]: Using the local timmer to pretend to be NTP time. Data recorded
Local Time: 2023-10-09 22:03:54 [INFO] NTP Time: [2023-10-09 23:03:54.287216]: Using the local timmer to pretend to be NTP time. Data recorded
Local Time: 2023-10-09 22:03:54 [INFO] NTP Time: [2023-10-09 23:03:54.432656]: Using the local timmer to pretend to be NTP time. Data recorded
Local Time: 2023-10-09 22:03:54 [INFO] NTP Time: [2023-10-09 23:03:54.602009]: Using the local timmer to pretend to be NTP time. Data recorded
Local Time: 2023-10-09 22:03:54 [INFO] NTP Time: [2023-10-09 23:03:54.727922]: Using the local timmer to pretend to be NTP time. Data recorded
Local Time: 2023-10-09 22:03:54 [INFO] NTP Time: [2023-10-09 23:03:54.867733]: Using the local timmer to pretend to be NTP time. Data recorded
Local Time: 2023-10-09 22:03:55 [INFO] NTP Time: [2023-10-09 23:03:55.041423]: Using the local timmer to pretend to be NTP time. Data recorded
Local Time: 2023-10-09 22:03:55 [INFO] NTP Time: [2023-10-09 23:03:55.185413]: Using the local timmer to pretend to be NTP time. Data recorded
Local Time: 2023-10-09 22:03:55 [INFO] NTP Time: [2023-10-09 23:03:55.311401]: Using the local timmer to pretend to be NTP time. Data recorded
Local Time: 2023-10-09 22:03:55 [INFO] NTP Time: [2023-10-09 23:03:55.449617]: Using the local timmer to pretend to be NTP time. Data recorded
Local Time: 2023-10-09 22:03:55 [INFO] NTP Time: [2023-10-09 23:03:55.614908]: Using the local timmer to pretend to be NTP time. Data recorded
Local Time: 2023-10-09 22:03:55 [INFO] NTP Time: [2023-10-09 23:03:55.756366]: Using the local timmer to pretend to be NTP time. Data recorded
Local Time: 2023-10-09 22:03:55 [INFO] NTP Time: [2023-10-09 23:03:55.895605]: Using the local timmer to pretend to be NTP time. Data recorded
Local Time: 2023-10-09 22:03:56 [INFO] NTP Time: [2023-10-09 23:03:56.059671]: Using the local timmer to pretend to be NTP time. Data recorded
Local Time: 2023-10-09 22:03:56 [INFO] NTP Time: [2023-10-09 23:03:56.198674]: Using the local timmer to pretend to be NTP time. Data recorded
Local Time: 2023-10-09 22:03:56 [INFO] NTP Time: [2023-10-09 23:03:56.360573]: Using the local timmer to pretend to be NTP time. Data recorded
Local Time: 2023-10-09 22:03:56 [INFO] NTP Time: [2023-10-09 23:03:56.504101]: Using the local timmer to pretend to be NTP time. Data recorded
Local Time: 2023-10-09 22:03:56 [INFO] NTP Time: [2023-10-09 23:03:56.640990]: Using the local timmer to pretend to be NTP time. Data recorded
Local Time: 2023-10-09 22:03:56 [INFO] NTP Time: [2023-10-09 23:03:56.780343]: Using the local timmer to pretend to be NTP time. Data recorded
Local Time: 2023-10-09 22:03:56 [INFO] NTP Time: [2023-10-09 23:03:56.924618]: Using the local timmer to pretend to be NTP time. Data recorded
Local Time: 2023-10-09 22:03:57 [INFO] NTP Time: [2023-10-09 23:03:57.096601]: Using the local timmer to pretend to be NTP time. Data recorded
Local Time: 2023-10-09 22:03:57 [INFO] NTP Time: [2023-10-09 23:03:57.224827]: Using the local timmer to pretend to be NTP time. Data recorded
Local Time: 2023-10-09 22:03:57 [INFO] NTP Time: [2023-10-09 23:03:57.364380]: Using the local timmer to pretend to be NTP time. Data recorded
Local Time: 2023-10-09 22:03:57 [INFO] NTP Time: [2023-10-09 23:03:57.531983]: Using the local timmer to pretend to be NTP time. Data recorded
Local Time: 2023-10-09 22:03:57 [INFO] NTP Time: [2023-10-09 23:03:57.674768]: Using the local timmer to pretend to be NTP time. Data recorded
Local Time: 2023-10-09 22:03:57 [INFO] NTP Time: [2023-10-09 23:03:57.808930]: Using the local timmer to pretend to be NTP time. Data recorded
Local Time: 2023-10-09 22:03:57 [INFO] NTP Time: [2023-10-09 23:03:57.971538]: Using the local timmer to pretend to be NTP time. Data recorded
Local Time: 2023-10-09 22:03:58 [INFO] NTP Time: [2023-10-09 23:03:58.111496]: Using the local timmer to pretend to be NTP time. Data recorded
Local Time: 2023-10-09 22:03:58 [INFO] NTP Time: [2023-10-09 23:03:58.251976]: Using the local timmer to pretend to be NTP time. Data recorded
Local Time: 2023-10-09 22:03:58 [INFO] NTP Time: [2023-10-09 23:03:58.402318]: Using the local timmer to pretend to be NTP time. Data recorded
Local Time: 2023-10-09 22:03:58 [INFO] NTP Time: [2023-10-09 23:03:58.553661]: Using the local timmer to pretend to be NTP time. Data recorded
Local Time: 2023-10-09 22:03:58 [INFO] NTP Time: [2023-10-09 23:03:58.693592]: Using the local timmer to pretend to be NTP time. Data recorded
Local Time: 2023-10-09 22:03:58 [INFO] NTP Time: [2023-10-09 23:03:58.833475]: Using the local timmer to pretend to be NTP time. Data recorded
Local Time: 2023-10-09 22:03:59 [INFO] NTP Time: [2023-10-09 23:03:58.997498]: Using the local timmer to pretend to be NTP time. Data recorded
Local Time: 2023-10-09 22:03:59 [INFO] NTP Time: [2023-10-09 23:03:59.137756]: Using the local timmer to pretend to be NTP time. Data recorded
Local Time: 2023-10-09 22:03:59 [INFO] NTP Time: [2023-10-09 23:03:59.275128]: Using the local timmer to pretend to be NTP time. Data recorded
Local Time: 2023-10-09 22:03:59 [ERROR] NTP Time: [2023-10-09 23:03:59.886902]: Error
Local Time: 2023-10-09 22:04:00 [INFO] NTP Time: [2023-10-09 23:04:00.034251]: Using the local timmer to pretend to be NTP time. Data recorded
Local Time: 2023-10-09 22:04:00 [INFO] NTP Time: [2023-10-09 23:04:00.164216]: Using the local timmer to pretend to be NTP time. Data recorded
Local Time: 2023-10-09 22:04:00 [INFO] NTP Time: [2023-10-09 23:04:00.309812]: Using the local timmer to pretend to be NTP time. Data recorded
Local Time: 2023-10-09 22:04:00 [INFO] NTP Time: [2023-10-09 23:04:00.467398]: Using the local timmer to pretend to be NTP time. Data recorded
Local Time: 2023-10-09 22:04:00 [INFO] NTP Time: [2023-10-09 23:04:00.606858]: Using the local timmer to pretend to be NTP time. Data recorded
Local Time: 2023-10-09 22:04:00 [INFO] NTP Time: [2023-10-09 23:04:00.748661]: Using the local timmer to pretend to be NTP time. Data recorded
Local Time: 2023-10-09 22:04:00 [INFO] NTP Time: [2023-10-09 23:04:00.911094]: Using the local timmer to pretend to be NTP time. Data recorded
Local Time: 2023-10-09 22:04:01 [ERROR] NTP Time: [2023-10-09 23:04:01.189498]: Error
Local Time: 2023-10-09 22:04:01 [INFO] NTP Time: [2023-10-09 23:04:01.373384]: Using the local timmer to pretend to be NTP time. Data recorded
Local Time: 2023-10-09 22:04:01 [ERROR] NTP Time: [2023-10-09 23:04:01.936656]: Error
Local Time: 2023-10-09 22:04:02 [INFO] NTP Time: [2023-10-09 23:04:02.074967]: Using the local timmer to pretend to be NTP time. Data recorded
Local Time: 2023-10-09 22:04:02 [INFO] NTP Time: [2023-10-09 23:04:02.214480]: Using the local timmer to pretend to be NTP time. Data recorded
Local Time: 2023-10-09 22:04:02 [INFO] NTP Time: [2023-10-09 23:04:02.379767]: Using the local timmer to pretend to be NTP time. Data recorded
Local Time: 2023-10-09 22:04:02 [INFO] NTP Time: [2023-10-09 23:04:02.519476]: Using the local timmer to pretend to be NTP time. Data recorded
Local Time: 2023-10-09 22:04:02 [INFO] NTP Time: [2023-10-09 23:04:02.669853]: Using the local timmer to pretend to be NTP time. Data recorded
Local Time: 2023-10-09 22:04:02 [INFO] NTP Time: [2023-10-09 23:04:02.826261]: Using the local timmer to pretend to be NTP time. Data recorded
Local Time: 2023-10-09 22:04:02 [INFO] NTP Time: [2023-10-09 23:04:02.963750]: Using the local timmer to pretend to be NTP time. Data recorded
Local Time: 2023-10-09 22:04:03 [INFO] NTP Time: [2023-10-09 23:04:03.103141]: Using the local timmer to pretend to be NTP time. Data recorded
Local Time: 2023-10-09 22:04:03 [INFO] NTP Time: [2023-10-09 23:04:03.241243]: Using the local timmer to pretend to be NTP time. Data recorded
Local Time: 2023-10-09 22:04:03 [INFO] NTP Time: [2023-10-09 23:04:03.405775]: Using the local timmer to pretend to be NTP time. Data recorded
Local Time: 2023-10-09 22:04:03 [INFO] NTP Time: [2023-10-09 23:04:03.546506]: Using the local timmer to pretend to be NTP time. Data recorded
Local Time: 2023-10-09 22:04:03 [INFO] NTP Time: [2023-10-09 23:04:03.683777]: Using the local timmer to pretend to be NTP time. Data recorded
Local Time: 2023-10-09 22:04:03 [INFO] NTP Time: [2023-10-09 23:04:03.855666]: Using the local timmer to pretend to be NTP time. Data recorded
Local Time: 2023-10-09 22:04:03 [INFO] NTP Time: [2023-10-09 23:04:03.989942]: Using the local timmer to pretend to be NTP time. Data recorded
Local Time: 2023-10-09 22:04:04 [INFO] NTP Time: [2023-10-09 23:04:04.137607]: Using the local timmer to pretend to be NTP time. Data recorded
Local Time: 2023-10-09 22:04:04 [INFO] NTP Time: [2023-10-09 23:04:04.295385]: Using the local timmer to pretend to be NTP time. Data recorded
Local Time: 2023-10-09 22:04:04 [INFO] NTP Time: [2023-10-09 23:04:04.436404]: Using the local timmer to pretend to be NTP time. Data recorded
Local Time: 2023-10-09 22:04:04 [INFO] NTP Time: [2023-10-09 23:04:04.574436]: Using the local timmer to pretend to be NTP time. Data recorded
Local Time: 2023-10-09 22:04:04 [INFO] NTP Time: [2023-10-09 23:04:04.711145]: Using the local timmer to pretend to be NTP time. Data recorded
Local Time: 2023-10-09 22:04:04 [INFO] NTP Time: [2023-10-09 23:04:04.875241]: Using the local timmer to pretend to be NTP time. Data recorded
Local Time: 2023-10-09 22:04:05 [INFO] NTP Time: [2023-10-09 23:04:05.015038]: Using the local timmer to pretend to be NTP time. Data recorded
Local Time: 2023-10-09 22:04:05 [INFO] NTP Time: [2023-10-09 23:04:05.154186]: Using the local timmer to pretend to be NTP time. Data recorded
Local Time: 2023-10-09 22:04:05 [INFO] NTP Time: [2023-10-09 23:04:05.320686]: Using the local timmer to pretend to be NTP time. Data recorded
Local Time: 2023-10-09 22:04:05 [INFO] NTP Time: [2023-10-09 23:04:05.458830]: Using the local timmer to pretend to be NTP time. Data recorded
Local Time: 2023-10-09 22:04:05 [INFO] NTP Time: [2023-10-09 23:04:05.599447]: Using the local timmer to pretend to be NTP time. Data recorded
Local Time: 2023-10-09 22:04:05 [INFO] NTP Time: [2023-10-09 23:04:05.764507]: Using the local timmer to pretend to be NTP time. Data recorded
Local Time: 2023-10-09 22:04:05 [INFO] NTP Time: [2023-10-09 23:04:05.903890]: Using the local timmer to pretend to be NTP time. Data recorded
Local Time: 2023-10-09 22:04:06 [INFO] NTP Time: [2023-10-09 23:04:06.041919]: Using the local timmer to pretend to be NTP time. Data recorded
Local Time: 2023-10-09 22:04:06 [INFO] NTP Time: [2023-10-09 23:04:06.180649]: Using the local timmer to pretend to be NTP time. Data recorded
Local Time: 2023-10-09 22:04:06 [INFO] NTP Time: [2023-10-09 23:04:06.347812]: Using the local timmer to pretend to be NTP time. Data recorded
Local Time: 2023-10-09 22:04:06 [INFO] NTP Time: [2023-10-09 23:04:06.484280]: Using the local timmer to pretend to be NTP time. Data recorded
Local Time: 2023-10-09 22:04:06 [INFO] NTP Time: [2023-10-09 23:04:06.624858]: Using the local timmer to pretend to be NTP time. Data recorded
Local Time: 2023-10-09 22:04:06 [INFO] NTP Time: [2023-10-09 23:04:06.805231]: Using the local timmer to pretend to be NTP time. Data recorded
Local Time: 2023-10-09 22:04:06 [INFO] NTP Time: [2023-10-09 23:04:06.929385]: Using the local timmer to pretend to be NTP time. Data recorded
Local Time: 2023-10-09 22:04:07 [INFO] NTP Time: [2023-10-09 23:04:07.068686]: Using the local timmer to pretend to be NTP time. Data recorded
Local Time: 2023-10-09 22:04:07 [INFO] NTP Time: [2023-10-09 23:04:07.240164]: Using the local timmer to pretend to be NTP time. Data recorded
Local Time: 2023-10-09 22:04:07 [INFO] NTP Time: [2023-10-09 23:04:07.372717]: Using the local timmer to pretend to be NTP time. Data recorded
Local Time: 2023-10-09 22:04:07 [INFO] NTP Time: [2023-10-09 23:04:07.511601]: Using the local timmer to pretend to be NTP time. Data recorded
Local Time: 2023-10-09 22:04:07 [INFO] NTP Time: [2023-10-09 23:04:07.676053]: Using the local timmer to pretend to be NTP time. Data recorded
Local Time: 2023-10-09 22:04:07 [INFO] NTP Time: [2023-10-09 23:04:07.815711]: Using the local timmer to pretend to be NTP time. Data recorded
Local Time: 2023-10-09 22:04:07 [INFO] NTP Time: [2023-10-09 23:04:07.954828]: Using the local timmer to pretend to be NTP time. Data recorded
Local Time: 2023-10-09 22:04:08 [INFO] NTP Time: [2023-10-09 23:04:08.095487]: Using the local timmer to pretend to be NTP time. Data recorded
Local Time: 2023-10-09 22:04:08 [INFO] NTP Time: [2023-10-09 23:04:08.258024]: Using the local timmer to pretend to be NTP time. Data recorded
Local Time: 2023-10-09 22:04:08 [INFO] NTP Time: [2023-10-09 23:04:08.397588]: Using the local timmer to pretend to be NTP time. Data recorded
Local Time: 2023-10-09 22:04:08 [INFO] NTP Time: [2023-10-09 23:04:08.538360]: Using the local timmer to pretend to be NTP time. Data recorded
Local Time: 2023-10-09 22:04:08 [INFO] NTP Time: [2023-10-09 23:04:08.705593]: Using the local timmer to pretend to be NTP time. Data recorded
Local Time: 2023-10-09 22:04:08 [INFO] NTP Time: [2023-10-09 23:04:08.841279]: Using the local timmer to pretend to be NTP time. Data recorded
Local Time: 2023-10-09 22:04:08 [INFO] NTP Time: [2023-10-09 23:04:08.984681]: Using the local timmer to pretend to be NTP time. Data recorded
Local Time: 2023-10-09 22:04:09 [INFO] NTP Time: [2023-10-09 23:04:09.145238]: Using the local timmer to pretend to be NTP time. Data recorded
Local Time: 2023-10-09 22:04:09 [INFO] NTP Time: [2023-10-09 23:04:09.285252]: Using the local timmer to pretend to be NTP time. Data recorded
Local Time: 2023-10-09 22:04:09 [INFO] NTP Time: [2023-10-09 23:04:09.454991]: Using the local timmer to pretend to be NTP time. Data recorded
Local Time: 2023-10-09 22:04:09 [INFO] NTP Time: [2023-10-09 23:04:09.565350]: Using the local timmer to pretend to be NTP time. Data recorded
Local Time: 2023-10-09 22:04:09 [INFO] NTP Time: [2023-10-09 23:04:09.735638]: Using the local timmer to pretend to be NTP time. Data recorded
Local Time: 2023-10-09 22:04:09 [INFO] NTP Time: [2023-10-09 23:04:09.870096]: Using the local timmer to pretend to be NTP time. Data recorded
Local Time: 2023-10-09 22:04:10 [INFO] NTP Time: [2023-10-09 23:04:10.007109]: Using the local timmer to pretend to be NTP time. Data recorded
Local Time: 2023-10-09 22:04:10 [INFO] NTP Time: [2023-10-09 23:04:10.176891]: Using the local timmer to pretend to be NTP time. Data recorded
Local Time: 2023-10-09 22:04:10 [INFO] NTP Time: [2023-10-09 23:04:10.311962]: Using the local timmer to pretend to be NTP time. Data recorded
Local Time: 2023-10-09 22:04:10 [INFO] NTP Time: [2023-10-09 23:04:10.450535]: Using the local timmer to pretend to be NTP time. Data recorded
Local Time: 2023-10-09 22:04:10 [INFO] NTP Time: [2023-10-09 23:04:10.615012]: Using the local timmer to pretend to be NTP time. Data recorded
Local Time: 2023-10-09 22:04:10 [INFO] NTP Time: [2023-10-09 23:04:10.754815]: Using the local timmer to pretend to be NTP time. Data recorded
Local Time: 2023-10-09 22:04:10 [INFO] NTP Time: [2023-10-09 23:04:10.895740]: Using the local timmer to pretend to be NTP time. Data recorded
Local Time: 2023-10-09 22:04:11 [INFO] NTP Time: [2023-10-09 23:04:11.036121]: Using the local timmer to pretend to be NTP time. Data recorded
Local Time: 2023-10-09 22:04:11 [INFO] NTP Time: [2023-10-09 23:04:11.203105]: Using the local timmer to pretend to be NTP time. Data recorded
Local Time: 2023-10-09 22:04:11 [INFO] NTP Time: [2023-10-09 23:04:11.338080]: Using the local timmer to pretend to be NTP time. Data recorded
Local Time: 2023-10-09 22:04:11 [INFO] NTP Time: [2023-10-09 23:04:11.484046]: Using the local timmer to pretend to be NTP time. Data recorded
Local Time: 2023-10-09 22:04:11 [INFO] NTP Time: [2023-10-09 23:04:11.643366]: Using the local timmer to pretend to be NTP time. Data recorded
Local Time: 2023-10-09 22:04:11 [INFO] NTP Time: [2023-10-09 23:04:11.781761]: Using the local timmer to pretend to be NTP time. Data recorded
Local Time: 2023-10-09 22:04:11 [INFO] NTP Time: [2023-10-09 23:04:11.919901]: Using the local timmer to pretend to be NTP time. Data recorded
Local Time: 2023-10-09 22:04:12 [INFO] NTP Time: [2023-10-09 23:04:12.085527]: Using the local timmer to pretend to be NTP time. Data recorded
Local Time: 2023-10-09 22:04:12 [INFO] NTP Time: [2023-10-09 23:04:12.226016]: Using the local timmer to pretend to be NTP time. Data recorded
Local Time: 2023-10-09 22:04:12 [INFO] NTP Time: [2023-10-09 23:04:12.364975]: Using the local timmer to pretend to be NTP time. Data recorded
Local Time: 2023-10-09 22:04:12 [INFO] NTP Time: [2023-10-09 23:04:12.507480]: Using the local timmer to pretend to be NTP time. Data recorded
Local Time: 2023-10-09 22:04:12 [INFO] NTP Time: [2023-10-09 23:04:12.670262]: Using the local timmer to pretend to be NTP time. Data recorded
Local Time: 2023-10-09 22:04:12 [INFO] NTP Time: [2023-10-09 23:04:12.807828]: Using the local timmer to pretend to be NTP time. Data recorded
Local Time: 2023-10-09 22:04:12 [INFO] NTP Time: [2023-10-09 23:04:12.946481]: Using the local timmer to pretend to be NTP time. Data recorded
Local Time: 2023-10-09 22:04:13 [ERROR] NTP Time: [2023-10-09 23:04:13.252344]: Error
Local Time: 2023-10-09 22:04:13 [INFO] NTP Time: [2023-10-09 23:04:13.389848]: Using the local timmer to pretend to be NTP time. Data recorded
Local Time: 2023-10-09 22:04:13 [INFO] NTP Time: [2023-10-09 23:04:13.554881]: Using the local timmer to pretend to be NTP time. Data recorded
Local Time: 2023-10-09 22:04:14 [ERROR] NTP Time: [2023-10-09 23:04:14.415168]: Error
Local Time: 2023-10-09 22:04:14 [INFO] NTP Time: [2023-10-09 23:04:14.580472]: Using the local timmer to pretend to be NTP time. Data recorded
Local Time: 2023-10-09 22:04:15 [ERROR] NTP Time: [2023-10-09 23:04:15.303127]: Error
Local Time: 2023-10-09 22:04:15 [INFO] NTP Time: [2023-10-09 23:04:15.485539]: Using the local timmer to pretend to be NTP time. Data recorded
Local Time: 2023-10-09 22:04:15 [ERROR] NTP Time: [2023-10-09 23:04:15.884945]: Error
Local Time: 2023-10-09 22:04:16 [INFO] NTP Time: [2023-10-09 23:04:16.050750]: Using the local timmer to pretend to be NTP time. Data recorded
Local Time: 2023-10-09 22:04:16 [INFO] NTP Time: [2023-10-09 23:04:16.189209]: Using the local timmer to pretend to be NTP time. Data recorded
Local Time: 2023-10-09 22:04:16 [ERROR] NTP Time: [2023-10-09 23:04:16.493876]: Error
Local Time: 2023-10-09 22:04:16 [INFO] NTP Time: [2023-10-09 23:04:16.632768]: Using the local timmer to pretend to be NTP time. Data recorded
Local Time: 2023-10-09 22:04:16 [INFO] NTP Time: [2023-10-09 23:04:16.785690]: Using the local timmer to pretend to be NTP time. Data recorded
Local Time: 2023-10-09 22:04:16 [INFO] NTP Time: [2023-10-09 23:04:16.938358]: Using the local timmer to pretend to be NTP time. Data recorded
Local Time: 2023-10-09 22:04:17 [INFO] NTP Time: [2023-10-09 23:04:17.076732]: Using the local timmer to pretend to be NTP time. Data recorded
Local Time: 2023-10-09 22:04:17 [INFO] NTP Time: [2023-10-09 23:04:17.215171]: Using the local timmer to pretend to be NTP time. Data recorded
Local Time: 2023-10-09 22:04:17 [INFO] NTP Time: [2023-10-09 23:04:17.361212]: Using the local timmer to pretend to be NTP time. Data recorded
Local Time: 2023-10-09 22:04:17 [INFO] NTP Time: [2023-10-09 23:04:17.520200]: Using the local timmer to pretend to be NTP time. Data recorded
Local Time: 2023-10-09 22:04:17 [INFO] NTP Time: [2023-10-09 23:04:17.674459]: Using the local timmer to pretend to be NTP time. Data recorded
Local Time: 2023-10-09 22:04:17 [INFO] NTP Time: [2023-10-09 23:04:17.797677]: Using the local timmer to pretend to be NTP time. Data recorded
Local Time: 2023-10-09 22:04:17 [INFO] NTP Time: [2023-10-09 23:04:17.963998]: Using the local timmer to pretend to be NTP time. Data recorded
Local Time: 2023-10-09 22:04:18 [INFO] NTP Time: [2023-10-09 23:04:18.102810]: Using the local timmer to pretend to be NTP time. Data recorded
Local Time: 2023-10-09 22:04:18 [INFO] NTP Time: [2023-10-09 23:04:18.242895]: Using the local timmer to pretend to be NTP time. Data recorded
Local Time: 2023-10-09 22:04:18 [INFO] NTP Time: [2023-10-09 23:04:18.408498]: Using the local timmer to pretend to be NTP time. Data recorded
Local Time: 2023-10-09 22:04:18 [INFO] NTP Time: [2023-10-09 23:04:18.546629]: Using the local timmer to pretend to be NTP time. Data recorded
Local Time: 2023-10-09 22:04:18 [INFO] NTP Time: [2023-10-09 23:04:18.686638]: Using the local timmer to pretend to be NTP time. Data recorded
Local Time: 2023-10-09 22:04:18 [INFO] NTP Time: [2023-10-09 23:04:18.831265]: Using the local timmer to pretend to be NTP time. Data recorded
Local Time: 2023-10-09 22:04:18 [INFO] NTP Time: [2023-10-09 23:04:18.866788]: End recording by a terminate action.
