Local Time: 2023-10-09 20:24:51 [INFO] NTP Time: [2023-10-09 21:24:51.025595]: Loaded configuration: {'participant': {'id': 'P001', 'age': '25', 'gender': 'M', 'ethnicity': 'Caucasian', 'height': '165', 'weight': '65'}, 'experiment': {'date': '2022-01-01', 'time': '14:00:00', 'condition': 'HW101M', 'group': 'A', 'illumination_level': 'low'}, 'task_info': {'task_name': 'Task1', 'trial_number': '5'}, 'notes': {'comments': 'Participant seemed tired during the session.'}, 'label_info': {'activity': 'sit'}}
Local Time: 2023-10-09 20:24:51 [INFO] NTP Time: [2023-10-09 21:24:51.025696]: Loaded IRA configuration: {'port': '/dev/ttyUSB0', 'baud_rate': '921600', 'Data storage location': 'IRA/data', 'IRA_Datatype': 'float'}
Local Time: 2023-10-09 20:24:51 [INFO] NTP Time: [2023-10-09 21:24:51.025764]: Reading data from /dev/ttyUSB0 at 921600 baud
Local Time: 2023-10-09 20:24:51 [INFO] NTP Time: [2023-10-09 21:24:51.136695]: Using NTP time as the start timmer.
Local Time: 2023-10-09 20:24:51 [ERROR] NTP Time: [2023-10-09 21:24:51.136805]: Error
Local Time: 2023-10-09 20:24:51 [INFO] NTP Time: [2023-10-09 21:24:51.274507]: Using the local timmer to pretend to be NTP time. Data recorded
Local Time: 2023-10-09 20:24:51 [INFO] NTP Time: [2023-10-09 21:24:51.439760]: Using the local timmer to pretend to be NTP time. Data recorded
Local Time: 2023-10-09 20:24:51 [INFO] NTP Time: [2023-10-09 21:24:51.578568]: Using the local timmer to pretend to be NTP time. Data recorded
Local Time: 2023-10-09 20:24:51 [INFO] NTP Time: [2023-10-09 21:24:51.717589]: Using the local timmer to pretend to be NTP time. Data recorded
Local Time: 2023-10-09 20:24:51 [INFO] NTP Time: [2023-10-09 21:24:51.882748]: Using the local timmer to pretend to be NTP time. Data recorded
Local Time: 2023-10-09 20:24:52 [INFO] NTP Time: [2023-10-09 21:24:52.021876]: Using the local timmer to pretend to be NTP time. Data recorded
Local Time: 2023-10-09 20:24:52 [INFO] NTP Time: [2023-10-09 21:24:52.160977]: Using the local timmer to pretend to be NTP time. Data recorded
Local Time: 2023-10-09 20:24:52 [INFO] NTP Time: [2023-10-09 21:24:52.328387]: Using the local timmer to pretend to be NTP time. Data recorded
Local Time: 2023-10-09 20:24:52 [INFO] NTP Time: [2023-10-09 21:24:52.466086]: Using the local timmer to pretend to be NTP time. Data recorded
Local Time: 2023-10-09 20:24:52 [INFO] NTP Time: [2023-10-09 21:24:52.605164]: Using the local timmer to pretend to be NTP time. Data recorded
Local Time: 2023-10-09 20:24:52 [INFO] NTP Time: [2023-10-09 21:24:52.743326]: Using the local timmer to pretend to be NTP time. Data recorded
Local Time: 2023-10-09 20:24:52 [INFO] NTP Time: [2023-10-09 21:24:52.910206]: Using the local timmer to pretend to be NTP time. Data recorded
Local Time: 2023-10-09 20:24:53 [INFO] NTP Time: [2023-10-09 21:24:53.048549]: Using the local timmer to pretend to be NTP time. Data recorded
Local Time: 2023-10-09 20:24:53 [INFO] NTP Time: [2023-10-09 21:24:53.186641]: Using the local timmer to pretend to be NTP time. Data recorded
Local Time: 2023-10-09 20:24:53 [INFO] NTP Time: [2023-10-09 21:24:53.351849]: Using the local timmer to pretend to be NTP time. Data recorded
Local Time: 2023-10-09 20:24:53 [INFO] NTP Time: [2023-10-09 21:24:53.497199]: Using the local timmer to pretend to be NTP time. Data recorded
Local Time: 2023-10-09 20:24:53 [INFO] NTP Time: [2023-10-09 21:24:53.630928]: Using the local timmer to pretend to be NTP time. Data recorded
Local Time: 2023-10-09 20:24:53 [INFO] NTP Time: [2023-10-09 21:24:53.794967]: Using the local timmer to pretend to be NTP time. Data recorded
Local Time: 2023-10-09 20:24:53 [INFO] NTP Time: [2023-10-09 21:24:53.934082]: Using the local timmer to pretend to be NTP time. Data recorded
Local Time: 2023-10-09 20:24:54 [INFO] NTP Time: [2023-10-09 21:24:54.074003]: Using the local timmer to pretend to be NTP time. Data recorded
Local Time: 2023-10-09 20:24:54 [INFO] NTP Time: [2023-10-09 21:24:54.238311]: Using the local timmer to pretend to be NTP time. Data recorded
Local Time: 2023-10-09 20:24:54 [INFO] NTP Time: [2023-10-09 21:24:54.377413]: Using the local timmer to pretend to be NTP time. Data recorded
Local Time: 2023-10-09 20:24:54 [INFO] NTP Time: [2023-10-09 21:24:54.517443]: Using the local timmer to pretend to be NTP time. Data recorded
Local Time: 2023-10-09 20:24:54 [INFO] NTP Time: [2023-10-09 21:24:54.655537]: Using the local timmer to pretend to be NTP time. Data recorded
Local Time: 2023-10-09 20:24:54 [INFO] NTP Time: [2023-10-09 21:24:54.820718]: Using the local timmer to pretend to be NTP time. Data recorded
Local Time: 2023-10-09 20:24:54 [INFO] NTP Time: [2023-10-09 21:24:54.959976]: Using the local timmer to pretend to be NTP time. Data recorded
Local Time: 2023-10-09 20:24:55 [INFO] NTP Time: [2023-10-09 21:24:55.098764]: Using the local timmer to pretend to be NTP time. Data recorded
Local Time: 2023-10-09 20:24:55 [INFO] NTP Time: [2023-10-09 21:24:55.264865]: Using the local timmer to pretend to be NTP time. Data recorded
Local Time: 2023-10-09 20:24:55 [INFO] NTP Time: [2023-10-09 21:24:55.403344]: Using the local timmer to pretend to be NTP time. Data recorded
Local Time: 2023-10-09 20:24:55 [INFO] NTP Time: [2023-10-09 21:24:55.543174]: Using the local timmer to pretend to be NTP time. Data recorded
Local Time: 2023-10-09 20:24:55 [INFO] NTP Time: [2023-10-09 21:24:55.707158]: Using the local timmer to pretend to be NTP time. Data recorded
Local Time: 2023-10-09 20:24:55 [INFO] NTP Time: [2023-10-09 21:24:55.846539]: Using the local timmer to pretend to be NTP time. Data recorded
Local Time: 2023-10-09 20:24:55 [INFO] NTP Time: [2023-10-09 21:24:55.985289]: Using the local timmer to pretend to be NTP time. Data recorded
Local Time: 2023-10-09 20:24:56 [INFO] NTP Time: [2023-10-09 21:24:56.125318]: Using the local timmer to pretend to be NTP time. Data recorded
Local Time: 2023-10-09 20:24:56 [INFO] NTP Time: [2023-10-09 21:24:56.290421]: Using the local timmer to pretend to be NTP time. Data recorded
Local Time: 2023-10-09 20:24:56 [INFO] NTP Time: [2023-10-09 21:24:56.428596]: Using the local timmer to pretend to be NTP time. Data recorded
Local Time: 2023-10-09 20:24:56 [INFO] NTP Time: [2023-10-09 21:24:56.567742]: Using the local timmer to pretend to be NTP time. Data recorded
Local Time: 2023-10-09 20:24:56 [INFO] NTP Time: [2023-10-09 21:24:56.732769]: Using the local timmer to pretend to be NTP time. Data recorded
Local Time: 2023-10-09 20:24:56 [INFO] NTP Time: [2023-10-09 21:24:56.872887]: Using the local timmer to pretend to be NTP time. Data recorded
Local Time: 2023-10-09 20:24:57 [INFO] NTP Time: [2023-10-09 21:24:57.011157]: Using the local timmer to pretend to be NTP time. Data recorded
Local Time: 2023-10-09 20:24:57 [INFO] NTP Time: [2023-10-09 21:24:57.176957]: Using the local timmer to pretend to be NTP time. Data recorded
Local Time: 2023-10-09 20:24:57 [INFO] NTP Time: [2023-10-09 21:24:57.315120]: Using the local timmer to pretend to be NTP time. Data recorded
Local Time: 2023-10-09 20:24:57 [INFO] NTP Time: [2023-10-09 21:24:57.454210]: Using the local timmer to pretend to be NTP time. Data recorded
Local Time: 2023-10-09 20:24:57 [INFO] NTP Time: [2023-10-09 21:24:57.593355]: Using the local timmer to pretend to be NTP time. Data recorded
Local Time: 2023-10-09 20:24:57 [INFO] NTP Time: [2023-10-09 21:24:57.759272]: Using the local timmer to pretend to be NTP time. Data recorded
Local Time: 2023-10-09 20:24:57 [INFO] NTP Time: [2023-10-09 21:24:57.898427]: Using the local timmer to pretend to be NTP time. Data recorded
Local Time: 2023-10-09 20:24:58 [INFO] NTP Time: [2023-10-09 21:24:58.037465]: Using the local timmer to pretend to be NTP time. Data recorded
Local Time: 2023-10-09 20:24:58 [INFO] NTP Time: [2023-10-09 21:24:58.202509]: Using the local timmer to pretend to be NTP time. Data recorded
Local Time: 2023-10-09 20:24:58 [INFO] NTP Time: [2023-10-09 21:24:58.340716]: Using the local timmer to pretend to be NTP time. Data recorded
Local Time: 2023-10-09 20:24:58 [INFO] NTP Time: [2023-10-09 21:24:58.479759]: Using the local timmer to pretend to be NTP time. Data recorded
Local Time: 2023-10-09 20:24:58 [INFO] NTP Time: [2023-10-09 21:24:58.645817]: Using the local timmer to pretend to be NTP time. Data recorded
Local Time: 2023-10-09 20:24:58 [INFO] NTP Time: [2023-10-09 21:24:58.783916]: Using the local timmer to pretend to be NTP time. Data recorded
Local Time: 2023-10-09 20:24:58 [INFO] NTP Time: [2023-10-09 21:24:58.923826]: Using the local timmer to pretend to be NTP time. Data recorded
Local Time: 2023-10-09 20:24:59 [INFO] NTP Time: [2023-10-09 21:24:59.062066]: Using the local timmer to pretend to be NTP time. Data recorded
Local Time: 2023-10-09 20:24:59 [INFO] NTP Time: [2023-10-09 21:24:59.227524]: Using the local timmer to pretend to be NTP time. Data recorded
Local Time: 2023-10-09 20:24:59 [INFO] NTP Time: [2023-10-09 21:24:59.366449]: Using the local timmer to pretend to be NTP time. Data recorded
Local Time: 2023-10-09 20:24:59 [INFO] NTP Time: [2023-10-09 21:24:59.506440]: Using the local timmer to pretend to be NTP time. Data recorded
Local Time: 2023-10-09 20:24:59 [INFO] NTP Time: [2023-10-09 21:24:59.670551]: Using the local timmer to pretend to be NTP time. Data recorded
Local Time: 2023-10-09 20:24:59 [INFO] NTP Time: [2023-10-09 21:24:59.809854]: Using the local timmer to pretend to be NTP time. Data recorded
Local Time: 2023-10-09 20:24:59 [INFO] NTP Time: [2023-10-09 21:24:59.948724]: Using the local timmer to pretend to be NTP time. Data recorded
Local Time: 2023-10-09 20:25:00 [INFO] NTP Time: [2023-10-09 21:25:00.113867]: Using the local timmer to pretend to be NTP time. Data recorded
Local Time: 2023-10-09 20:25:00 [INFO] NTP Time: [2023-10-09 21:25:00.253028]: Using the local timmer to pretend to be NTP time. Data recorded
Local Time: 2023-10-09 20:25:00 [INFO] NTP Time: [2023-10-09 21:25:00.392215]: Using the local timmer to pretend to be NTP time. Data recorded
Local Time: 2023-10-09 20:25:00 [INFO] NTP Time: [2023-10-09 21:25:00.546516]: Using the local timmer to pretend to be NTP time. Data recorded
Local Time: 2023-10-09 20:25:00 [INFO] NTP Time: [2023-10-09 21:25:00.697260]: Using the local timmer to pretend to be NTP time. Data recorded
Local Time: 2023-10-09 20:25:00 [INFO] NTP Time: [2023-10-09 21:25:00.835475]: Using the local timmer to pretend to be NTP time. Data recorded
Local Time: 2023-10-09 20:25:00 [INFO] NTP Time: [2023-10-09 21:25:00.974581]: Using the local timmer to pretend to be NTP time. Data recorded
Local Time: 2023-10-09 20:25:01 [INFO] NTP Time: [2023-10-09 21:25:01.139678]: Using the local timmer to pretend to be NTP time. Data recorded
Local Time: 2023-10-09 20:25:01 [INFO] NTP Time: [2023-10-09 21:25:01.278685]: Using the local timmer to pretend to be NTP time. Data recorded
Local Time: 2023-10-09 20:25:01 [INFO] NTP Time: [2023-10-09 21:25:01.422604]: Using the local timmer to pretend to be NTP time. Data recorded
Local Time: 2023-10-09 20:25:01 [INFO] NTP Time: [2023-10-09 21:25:01.583746]: Using the local timmer to pretend to be NTP time. Data recorded
Local Time: 2023-10-09 20:25:01 [INFO] NTP Time: [2023-10-09 21:25:01.722967]: Using the local timmer to pretend to be NTP time. Data recorded
Local Time: 2023-10-09 20:25:01 [INFO] NTP Time: [2023-10-09 21:25:01.861050]: Using the local timmer to pretend to be NTP time. Data recorded
Local Time: 2023-10-09 20:25:02 [INFO] NTP Time: [2023-10-09 21:25:02.026134]: Using the local timmer to pretend to be NTP time. Data recorded
Local Time: 2023-10-09 20:25:02 [INFO] NTP Time: [2023-10-09 21:25:02.166189]: Using the local timmer to pretend to be NTP time. Data recorded
Local Time: 2023-10-09 20:25:02 [INFO] NTP Time: [2023-10-09 21:25:02.305241]: Using the local timmer to pretend to be NTP time. Data recorded
Local Time: 2023-10-09 20:25:02 [INFO] NTP Time: [2023-10-09 21:25:02.444327]: Using the local timmer to pretend to be NTP time. Data recorded
Local Time: 2023-10-09 20:25:02 [INFO] NTP Time: [2023-10-09 21:25:02.608407]: Using the local timmer to pretend to be NTP time. Data recorded
Local Time: 2023-10-09 20:25:02 [INFO] NTP Time: [2023-10-09 21:25:02.748504]: Using the local timmer to pretend to be NTP time. Data recorded
Local Time: 2023-10-09 20:25:02 [INFO] NTP Time: [2023-10-09 21:25:02.887084]: Using the local timmer to pretend to be NTP time. Data recorded
Local Time: 2023-10-09 20:25:03 [INFO] NTP Time: [2023-10-09 21:25:03.051773]: Using the local timmer to pretend to be NTP time. Data recorded
Local Time: 2023-10-09 20:25:03 [INFO] NTP Time: [2023-10-09 21:25:03.191065]: Using the local timmer to pretend to be NTP time. Data recorded
Local Time: 2023-10-09 20:25:03 [INFO] NTP Time: [2023-10-09 21:25:03.330860]: Using the local timmer to pretend to be NTP time. Data recorded
Local Time: 2023-10-09 20:25:03 [INFO] NTP Time: [2023-10-09 21:25:03.495846]: Using the local timmer to pretend to be NTP time. Data recorded
Local Time: 2023-10-09 20:25:03 [INFO] NTP Time: [2023-10-09 21:25:03.634003]: Using the local timmer to pretend to be NTP time. Data recorded
Local Time: 2023-10-09 20:25:03 [INFO] NTP Time: [2023-10-09 21:25:03.773194]: Using the local timmer to pretend to be NTP time. Data recorded
Local Time: 2023-10-09 20:25:03 [INFO] NTP Time: [2023-10-09 21:25:03.913059]: Using the local timmer to pretend to be NTP time. Data recorded
Local Time: 2023-10-09 20:25:04 [INFO] NTP Time: [2023-10-09 21:25:04.078183]: Using the local timmer to pretend to be NTP time. Data recorded
Local Time: 2023-10-09 20:25:04 [INFO] NTP Time: [2023-10-09 21:25:04.216353]: Using the local timmer to pretend to be NTP time. Data recorded
Local Time: 2023-10-09 20:25:04 [INFO] NTP Time: [2023-10-09 21:25:04.355502]: Using the local timmer to pretend to be NTP time. Data recorded
Local Time: 2023-10-09 20:25:04 [INFO] NTP Time: [2023-10-09 21:25:04.521440]: Using the local timmer to pretend to be NTP time. Data recorded
Local Time: 2023-10-09 20:25:04 [INFO] NTP Time: [2023-10-09 21:25:04.660723]: Using the local timmer to pretend to be NTP time. Data recorded
Local Time: 2023-10-09 20:25:04 [INFO] NTP Time: [2023-10-09 21:25:04.799578]: Using the local timmer to pretend to be NTP time. Data recorded
Local Time: 2023-10-09 20:25:04 [INFO] NTP Time: [2023-10-09 21:25:04.964805]: Using the local timmer to pretend to be NTP time. Data recorded
Local Time: 2023-10-09 20:25:05 [INFO] NTP Time: [2023-10-09 21:25:05.103959]: Using the local timmer to pretend to be NTP time. Data recorded
Local Time: 2023-10-09 20:25:05 [INFO] NTP Time: [2023-10-09 21:25:05.242861]: Using the local timmer to pretend to be NTP time. Data recorded
Local Time: 2023-10-09 20:25:05 [INFO] NTP Time: [2023-10-09 21:25:05.382015]: Using the local timmer to pretend to be NTP time. Data recorded
Local Time: 2023-10-09 20:25:05 [INFO] NTP Time: [2023-10-09 21:25:05.546113]: Using the local timmer to pretend to be NTP time. Data recorded
Local Time: 2023-10-09 20:25:05 [INFO] NTP Time: [2023-10-09 21:25:05.686032]: Using the local timmer to pretend to be NTP time. Data recorded
Local Time: 2023-10-09 20:25:05 [INFO] NTP Time: [2023-10-09 21:25:05.826716]: Using the local timmer to pretend to be NTP time. Data recorded
Local Time: 2023-10-09 20:25:05 [INFO] NTP Time: [2023-10-09 21:25:05.857877]: End recording by a terminate action.
