Local Time: 2023-10-09 20:23:25 [INFO] NTP Time: [2023-10-09 21:23:25.767524]: Loaded configuration: {'participant': {'id': 'P001', 'age': '25', 'gender': 'M', 'ethnicity': 'Caucasian', 'height': '165', 'weight': '65'}, 'experiment': {'date': '2022-01-01', 'time': '14:00:00', 'condition': 'HW101M', 'group': 'A', 'illumination_level': 'low'}, 'task_info': {'task_name': 'Task1', 'trial_number': '5'}, 'notes': {'comments': 'Participant seemed tired during the session.'}, 'label_info': {'activity': 'sit'}}
Local Time: 2023-10-09 20:23:25 [INFO] NTP Time: [2023-10-09 21:23:25.767672]: Loaded IRA configuration: {'port': '/dev/ttyUSB0', 'baud_rate': '921600', 'Data storage location': 'IRA/data', 'IRA_Datatype': 'float'}
Local Time: 2023-10-09 20:23:25 [INFO] NTP Time: [2023-10-09 21:23:25.767746]: Reading data from /dev/ttyUSB0 at 921600 baud
Local Time: 2023-10-09 20:23:25 [ERROR] NTP Time: [2023-10-09 21:23:25.769524]: Error
Local Time: 2023-10-09 20:23:25 [INFO] NTP Time: [2023-10-09 21:23:25.912287]: Using NTP time as the start timmer.
Local Time: 2023-10-09 20:23:25 [ERROR] NTP Time: [2023-10-09 21:23:25.912389]: Error
Local Time: 2023-10-09 20:23:26 [INFO] NTP Time: [2023-10-09 21:23:26.049223]: Using the local timmer to pretend to be NTP time. Data recorded
Local Time: 2023-10-09 20:23:26 [INFO] NTP Time: [2023-10-09 21:23:26.213145]: Using the local timmer to pretend to be NTP time. Data recorded
Local Time: 2023-10-09 20:23:26 [INFO] NTP Time: [2023-10-09 21:23:26.352579]: Using the local timmer to pretend to be NTP time. Data recorded
Local Time: 2023-10-09 20:23:26 [INFO] NTP Time: [2023-10-09 21:23:26.491345]: Using the local timmer to pretend to be NTP time. Data recorded
Local Time: 2023-10-09 20:23:26 [INFO] NTP Time: [2023-10-09 21:23:26.656477]: Using the local timmer to pretend to be NTP time. Data recorded
Local Time: 2023-10-09 20:23:26 [INFO] NTP Time: [2023-10-09 21:23:26.795729]: Using the local timmer to pretend to be NTP time. Data recorded
Local Time: 2023-10-09 20:23:26 [INFO] NTP Time: [2023-10-09 21:23:26.935273]: Using the local timmer to pretend to be NTP time. Data recorded
Local Time: 2023-10-09 20:23:27 [INFO] NTP Time: [2023-10-09 21:23:27.074701]: Using the local timmer to pretend to be NTP time. Data recorded
Local Time: 2023-10-09 20:23:27 [INFO] NTP Time: [2023-10-09 21:23:27.239733]: Using the local timmer to pretend to be NTP time. Data recorded
Local Time: 2023-10-09 20:23:27 [INFO] NTP Time: [2023-10-09 21:23:27.378884]: Using the local timmer to pretend to be NTP time. Data recorded
Local Time: 2023-10-09 20:23:27 [INFO] NTP Time: [2023-10-09 21:23:27.517939]: Using the local timmer to pretend to be NTP time. Data recorded
Local Time: 2023-10-09 20:23:27 [INFO] NTP Time: [2023-10-09 21:23:27.682106]: Using the local timmer to pretend to be NTP time. Data recorded
Local Time: 2023-10-09 20:23:27 [INFO] NTP Time: [2023-10-09 21:23:27.821005]: Using the local timmer to pretend to be NTP time. Data recorded
Local Time: 2023-10-09 20:23:27 [INFO] NTP Time: [2023-10-09 21:23:27.961206]: Using the local timmer to pretend to be NTP time. Data recorded
Local Time: 2023-10-09 20:23:28 [INFO] NTP Time: [2023-10-09 21:23:28.125166]: Using the local timmer to pretend to be NTP time. Data recorded
Local Time: 2023-10-09 20:23:28 [INFO] NTP Time: [2023-10-09 21:23:28.270433]: Using the local timmer to pretend to be NTP time. Data recorded
Local Time: 2023-10-09 20:23:28 [INFO] NTP Time: [2023-10-09 21:23:28.404322]: Using the local timmer to pretend to be NTP time. Data recorded
Local Time: 2023-10-09 20:23:28 [INFO] NTP Time: [2023-10-09 21:23:28.543428]: Using the local timmer to pretend to be NTP time. Data recorded
Local Time: 2023-10-09 20:23:28 [INFO] NTP Time: [2023-10-09 21:23:28.707497]: Using the local timmer to pretend to be NTP time. Data recorded
Local Time: 2023-10-09 20:23:28 [INFO] NTP Time: [2023-10-09 21:23:28.847491]: Using the local timmer to pretend to be NTP time. Data recorded
Local Time: 2023-10-09 20:23:28 [INFO] NTP Time: [2023-10-09 21:23:28.985813]: Using the local timmer to pretend to be NTP time. Data recorded
Local Time: 2023-10-09 20:23:29 [INFO] NTP Time: [2023-10-09 21:23:29.150900]: Using the local timmer to pretend to be NTP time. Data recorded
Local Time: 2023-10-09 20:23:29 [INFO] NTP Time: [2023-10-09 21:23:29.289979]: Using the local timmer to pretend to be NTP time. Data recorded
Local Time: 2023-10-09 20:23:29 [INFO] NTP Time: [2023-10-09 21:23:29.429952]: Using the local timmer to pretend to be NTP time. Data recorded
Local Time: 2023-10-09 20:23:29 [INFO] NTP Time: [2023-10-09 21:23:29.595038]: Using the local timmer to pretend to be NTP time. Data recorded
Local Time: 2023-10-09 20:23:29 [INFO] NTP Time: [2023-10-09 21:23:29.733155]: Using the local timmer to pretend to be NTP time. Data recorded
Local Time: 2023-10-09 20:23:29 [INFO] NTP Time: [2023-10-09 21:23:29.873185]: Using the local timmer to pretend to be NTP time. Data recorded
Local Time: 2023-10-09 20:23:30 [INFO] NTP Time: [2023-10-09 21:23:30.012217]: Using the local timmer to pretend to be NTP time. Data recorded
Local Time: 2023-10-09 20:23:30 [INFO] NTP Time: [2023-10-09 21:23:30.176489]: Using the local timmer to pretend to be NTP time. Data recorded
Local Time: 2023-10-09 20:23:30 [INFO] NTP Time: [2023-10-09 21:23:30.315601]: Using the local timmer to pretend to be NTP time. Data recorded
Local Time: 2023-10-09 20:23:30 [INFO] NTP Time: [2023-10-09 21:23:30.454870]: Using the local timmer to pretend to be NTP time. Data recorded
Local Time: 2023-10-09 20:23:30 [INFO] NTP Time: [2023-10-09 21:23:30.620716]: Using the local timmer to pretend to be NTP time. Data recorded
Local Time: 2023-10-09 20:23:30 [INFO] NTP Time: [2023-10-09 21:23:30.759222]: Using the local timmer to pretend to be NTP time. Data recorded
Local Time: 2023-10-09 20:23:30 [INFO] NTP Time: [2023-10-09 21:23:30.898424]: Using the local timmer to pretend to be NTP time. Data recorded
Local Time: 2023-10-09 20:23:31 [INFO] NTP Time: [2023-10-09 21:23:31.063085]: Using the local timmer to pretend to be NTP time. Data recorded
Local Time: 2023-10-09 20:23:31 [INFO] NTP Time: [2023-10-09 21:23:31.203095]: Using the local timmer to pretend to be NTP time. Data recorded
Local Time: 2023-10-09 20:23:31 [INFO] NTP Time: [2023-10-09 21:23:31.341240]: Using the local timmer to pretend to be NTP time. Data recorded
Local Time: 2023-10-09 20:23:31 [INFO] NTP Time: [2023-10-09 21:23:31.480503]: Using the local timmer to pretend to be NTP time. Data recorded
Local Time: 2023-10-09 20:23:31 [INFO] NTP Time: [2023-10-09 21:23:31.646187]: Using the local timmer to pretend to be NTP time. Data recorded
Local Time: 2023-10-09 20:23:31 [INFO] NTP Time: [2023-10-09 21:23:31.784569]: Using the local timmer to pretend to be NTP time. Data recorded
Local Time: 2023-10-09 20:23:31 [INFO] NTP Time: [2023-10-09 21:23:31.923601]: Using the local timmer to pretend to be NTP time. Data recorded
Local Time: 2023-10-09 20:23:32 [INFO] NTP Time: [2023-10-09 21:23:32.088589]: Using the local timmer to pretend to be NTP time. Data recorded
Local Time: 2023-10-09 20:23:32 [INFO] NTP Time: [2023-10-09 21:23:32.228790]: Using the local timmer to pretend to be NTP time. Data recorded
Local Time: 2023-10-09 20:23:32 [INFO] NTP Time: [2023-10-09 21:23:32.366791]: Using the local timmer to pretend to be NTP time. Data recorded
Local Time: 2023-10-09 20:23:32 [INFO] NTP Time: [2023-10-09 21:23:32.532860]: Using the local timmer to pretend to be NTP time. Data recorded
Local Time: 2023-10-09 20:23:32 [INFO] NTP Time: [2023-10-09 21:23:32.672084]: Using the local timmer to pretend to be NTP time. Data recorded
Local Time: 2023-10-09 20:23:32 [INFO] NTP Time: [2023-10-09 21:23:32.810051]: Using the local timmer to pretend to be NTP time. Data recorded
Local Time: 2023-10-09 20:23:32 [INFO] NTP Time: [2023-10-09 21:23:32.949196]: Using the local timmer to pretend to be NTP time. Data recorded
Local Time: 2023-10-09 20:23:33 [INFO] NTP Time: [2023-10-09 21:23:33.115110]: Using the local timmer to pretend to be NTP time. Data recorded
Local Time: 2023-10-09 20:23:33 [INFO] NTP Time: [2023-10-09 21:23:33.254078]: Using the local timmer to pretend to be NTP time. Data recorded
Local Time: 2023-10-09 20:23:33 [INFO] NTP Time: [2023-10-09 21:23:33.393364]: Using the local timmer to pretend to be NTP time. Data recorded
Local Time: 2023-10-09 20:23:33 [INFO] NTP Time: [2023-10-09 21:23:33.557424]: Using the local timmer to pretend to be NTP time. Data recorded
Local Time: 2023-10-09 20:23:33 [INFO] NTP Time: [2023-10-09 21:23:33.697424]: Using the local timmer to pretend to be NTP time. Data recorded
Local Time: 2023-10-09 20:23:33 [INFO] NTP Time: [2023-10-09 21:23:33.836722]: Using the local timmer to pretend to be NTP time. Data recorded
Local Time: 2023-10-09 20:23:34 [INFO] NTP Time: [2023-10-09 21:23:34.000694]: Using the local timmer to pretend to be NTP time. Data recorded
Local Time: 2023-10-09 20:23:34 [INFO] NTP Time: [2023-10-09 21:23:34.139909]: Using the local timmer to pretend to be NTP time. Data recorded
Local Time: 2023-10-09 20:23:34 [INFO] NTP Time: [2023-10-09 21:23:34.278858]: Using the local timmer to pretend to be NTP time. Data recorded
Local Time: 2023-10-09 20:23:34 [INFO] NTP Time: [2023-10-09 21:23:34.444933]: Using the local timmer to pretend to be NTP time. Data recorded
Local Time: 2023-10-09 20:23:34 [INFO] NTP Time: [2023-10-09 21:23:34.584012]: Using the local timmer to pretend to be NTP time. Data recorded
Local Time: 2023-10-09 20:23:34 [INFO] NTP Time: [2023-10-09 21:23:34.722279]: Using the local timmer to pretend to be NTP time. Data recorded
Local Time: 2023-10-09 20:23:34 [INFO] NTP Time: [2023-10-09 21:23:34.861245]: Using the local timmer to pretend to be NTP time. Data recorded
Local Time: 2023-10-09 20:23:35 [INFO] NTP Time: [2023-10-09 21:23:35.026354]: Using the local timmer to pretend to be NTP time. Data recorded
Local Time: 2023-10-09 20:23:35 [INFO] NTP Time: [2023-10-09 21:23:35.165528]: Using the local timmer to pretend to be NTP time. Data recorded
Local Time: 2023-10-09 20:23:35 [INFO] NTP Time: [2023-10-09 21:23:35.304987]: Using the local timmer to pretend to be NTP time. Data recorded
Local Time: 2023-10-09 20:23:35 [INFO] NTP Time: [2023-10-09 21:23:35.469574]: Using the local timmer to pretend to be NTP time. Data recorded
Local Time: 2023-10-09 20:23:35 [INFO] NTP Time: [2023-10-09 21:23:35.609708]: Using the local timmer to pretend to be NTP time. Data recorded
Local Time: 2023-10-09 20:23:35 [INFO] NTP Time: [2023-10-09 21:23:35.747814]: Using the local timmer to pretend to be NTP time. Data recorded
Local Time: 2023-10-09 20:23:35 [INFO] NTP Time: [2023-10-09 21:23:35.913981]: Using the local timmer to pretend to be NTP time. Data recorded
Local Time: 2023-10-09 20:23:36 [INFO] NTP Time: [2023-10-09 21:23:36.052183]: Using the local timmer to pretend to be NTP time. Data recorded
Local Time: 2023-10-09 20:23:36 [INFO] NTP Time: [2023-10-09 21:23:36.195158]: Using the local timmer to pretend to be NTP time. Data recorded
Local Time: 2023-10-09 20:23:36 [INFO] NTP Time: [2023-10-09 21:23:36.330603]: Using the local timmer to pretend to be NTP time. Data recorded
Local Time: 2023-10-09 20:23:36 [INFO] NTP Time: [2023-10-09 21:23:36.495154]: Using the local timmer to pretend to be NTP time. Data recorded
Local Time: 2023-10-09 20:23:36 [INFO] NTP Time: [2023-10-09 21:23:36.635354]: Using the local timmer to pretend to be NTP time. Data recorded
Local Time: 2023-10-09 20:23:36 [INFO] NTP Time: [2023-10-09 21:23:36.774385]: Using the local timmer to pretend to be NTP time. Data recorded
Local Time: 2023-10-09 20:23:36 [INFO] NTP Time: [2023-10-09 21:23:36.938590]: Using the local timmer to pretend to be NTP time. Data recorded
Local Time: 2023-10-09 20:23:37 [INFO] NTP Time: [2023-10-09 21:23:37.077652]: Using the local timmer to pretend to be NTP time. Data recorded
Local Time: 2023-10-09 20:23:37 [INFO] NTP Time: [2023-10-09 21:23:37.217606]: Using the local timmer to pretend to be NTP time. Data recorded
Local Time: 2023-10-09 20:23:37 [INFO] NTP Time: [2023-10-09 21:23:37.382153]: Using the local timmer to pretend to be NTP time. Data recorded
Local Time: 2023-10-09 20:23:37 [INFO] NTP Time: [2023-10-09 21:23:37.520812]: Using the local timmer to pretend to be NTP time. Data recorded
Local Time: 2023-10-09 20:23:37 [INFO] NTP Time: [2023-10-09 21:23:37.660925]: Using the local timmer to pretend to be NTP time. Data recorded
Local Time: 2023-10-09 20:23:37 [INFO] NTP Time: [2023-10-09 21:23:37.799767]: Using the local timmer to pretend to be NTP time. Data recorded
Local Time: 2023-10-09 20:23:37 [INFO] NTP Time: [2023-10-09 21:23:37.965019]: Using the local timmer to pretend to be NTP time. Data recorded
Local Time: 2023-10-09 20:23:38 [INFO] NTP Time: [2023-10-09 21:23:38.103187]: Using the local timmer to pretend to be NTP time. Data recorded
Local Time: 2023-10-09 20:23:38 [INFO] NTP Time: [2023-10-09 21:23:38.242595]: Using the local timmer to pretend to be NTP time. Data recorded
Local Time: 2023-10-09 20:23:38 [INFO] NTP Time: [2023-10-09 21:23:38.408211]: Using the local timmer to pretend to be NTP time. Data recorded
Local Time: 2023-10-09 20:23:38 [INFO] NTP Time: [2023-10-09 21:23:38.547237]: Using the local timmer to pretend to be NTP time. Data recorded
Local Time: 2023-10-09 20:23:38 [INFO] NTP Time: [2023-10-09 21:23:38.685393]: Using the local timmer to pretend to be NTP time. Data recorded
Local Time: 2023-10-09 20:23:38 [INFO] NTP Time: [2023-10-09 21:23:38.851492]: Using the local timmer to pretend to be NTP time. Data recorded
Local Time: 2023-10-09 20:23:38 [INFO] NTP Time: [2023-10-09 21:23:38.990726]: Using the local timmer to pretend to be NTP time. Data recorded
Local Time: 2023-10-09 20:23:39 [INFO] NTP Time: [2023-10-09 21:23:39.129411]: Using the local timmer to pretend to be NTP time. Data recorded
Local Time: 2023-10-09 20:23:39 [INFO] NTP Time: [2023-10-09 21:23:39.267759]: Using the local timmer to pretend to be NTP time. Data recorded
Local Time: 2023-10-09 20:23:39 [INFO] NTP Time: [2023-10-09 21:23:39.432719]: Using the local timmer to pretend to be NTP time. Data recorded
Local Time: 2023-10-09 20:23:39 [INFO] NTP Time: [2023-10-09 21:23:39.572736]: Using the local timmer to pretend to be NTP time. Data recorded
Local Time: 2023-10-09 20:23:39 [INFO] NTP Time: [2023-10-09 21:23:39.711916]: Using the local timmer to pretend to be NTP time. Data recorded
Local Time: 2023-10-09 20:23:39 [INFO] NTP Time: [2023-10-09 21:23:39.875993]: Using the local timmer to pretend to be NTP time. Data recorded
Local Time: 2023-10-09 20:23:40 [INFO] NTP Time: [2023-10-09 21:23:40.016148]: Using the local timmer to pretend to be NTP time. Data recorded
Local Time: 2023-10-09 20:23:40 [INFO] NTP Time: [2023-10-09 21:23:40.154174]: Using the local timmer to pretend to be NTP time. Data recorded
Local Time: 2023-10-09 20:23:40 [INFO] NTP Time: [2023-10-09 21:23:40.319256]: Using the local timmer to pretend to be NTP time. Data recorded
Local Time: 2023-10-09 20:23:40 [INFO] NTP Time: [2023-10-09 21:23:40.458342]: Using the local timmer to pretend to be NTP time. Data recorded
Local Time: 2023-10-09 20:23:40 [INFO] NTP Time: [2023-10-09 21:23:40.598305]: Using the local timmer to pretend to be NTP time. Data recorded
Local Time: 2023-10-09 20:23:40 [INFO] NTP Time: [2023-10-09 21:23:40.737482]: Using the local timmer to pretend to be NTP time. Data recorded
Local Time: 2023-10-09 20:23:40 [INFO] NTP Time: [2023-10-09 21:23:40.901722]: Using the local timmer to pretend to be NTP time. Data recorded
Local Time: 2023-10-09 20:23:41 [INFO] NTP Time: [2023-10-09 21:23:41.040731]: Using the local timmer to pretend to be NTP time. Data recorded
Local Time: 2023-10-09 20:23:41 [INFO] NTP Time: [2023-10-09 21:23:41.180703]: Using the local timmer to pretend to be NTP time. Data recorded
Local Time: 2023-10-09 20:23:41 [INFO] NTP Time: [2023-10-09 21:23:41.344774]: Using the local timmer to pretend to be NTP time. Data recorded
Local Time: 2023-10-09 20:23:41 [INFO] NTP Time: [2023-10-09 21:23:41.483969]: Using the local timmer to pretend to be NTP time. Data recorded
Local Time: 2023-10-09 20:23:41 [INFO] NTP Time: [2023-10-09 21:23:41.623045]: Using the local timmer to pretend to be NTP time. Data recorded
Local Time: 2023-10-09 20:23:41 [INFO] NTP Time: [2023-10-09 21:23:41.789149]: Using the local timmer to pretend to be NTP time. Data recorded
Local Time: 2023-10-09 20:23:41 [INFO] NTP Time: [2023-10-09 21:23:41.928140]: Using the local timmer to pretend to be NTP time. Data recorded
Local Time: 2023-10-09 20:23:42 [INFO] NTP Time: [2023-10-09 21:23:42.067209]: Using the local timmer to pretend to be NTP time. Data recorded
Local Time: 2023-10-09 20:23:42 [INFO] NTP Time: [2023-10-09 21:23:42.205357]: Using the local timmer to pretend to be NTP time. Data recorded
Local Time: 2023-10-09 20:23:42 [INFO] NTP Time: [2023-10-09 21:23:42.371337]: Using the local timmer to pretend to be NTP time. Data recorded
Local Time: 2023-10-09 20:23:42 [INFO] NTP Time: [2023-10-09 21:23:42.509651]: Using the local timmer to pretend to be NTP time. Data recorded
Local Time: 2023-10-09 20:23:42 [INFO] NTP Time: [2023-10-09 21:23:42.649583]: Using the local timmer to pretend to be NTP time. Data recorded
Local Time: 2023-10-09 20:23:42 [INFO] NTP Time: [2023-10-09 21:23:42.813982]: Using the local timmer to pretend to be NTP time. Data recorded
Local Time: 2023-10-09 20:23:42 [INFO] NTP Time: [2023-10-09 21:23:42.953826]: Using the local timmer to pretend to be NTP time. Data recorded
Local Time: 2023-10-09 20:23:43 [INFO] NTP Time: [2023-10-09 21:23:43.092012]: Using the local timmer to pretend to be NTP time. Data recorded
Local Time: 2023-10-09 20:23:43 [INFO] NTP Time: [2023-10-09 21:23:43.257127]: Using the local timmer to pretend to be NTP time. Data recorded
Local Time: 2023-10-09 20:23:43 [INFO] NTP Time: [2023-10-09 21:23:43.396553]: Using the local timmer to pretend to be NTP time. Data recorded
Local Time: 2023-10-09 20:23:43 [INFO] NTP Time: [2023-10-09 21:23:43.536313]: Using the local timmer to pretend to be NTP time. Data recorded
Local Time: 2023-10-09 20:23:43 [INFO] NTP Time: [2023-10-09 21:23:43.701528]: Using the local timmer to pretend to be NTP time. Data recorded
Local Time: 2023-10-09 20:23:43 [INFO] NTP Time: [2023-10-09 21:23:43.839532]: Using the local timmer to pretend to be NTP time. Data recorded
Local Time: 2023-10-09 20:23:43 [INFO] NTP Time: [2023-10-09 21:23:43.978741]: Using the local timmer to pretend to be NTP time. Data recorded
Local Time: 2023-10-09 20:23:44 [INFO] NTP Time: [2023-10-09 21:23:44.117714]: Using the local timmer to pretend to be NTP time. Data recorded
Local Time: 2023-10-09 20:23:44 [INFO] NTP Time: [2023-10-09 21:23:44.284049]: Using the local timmer to pretend to be NTP time. Data recorded
Local Time: 2023-10-09 20:23:44 [INFO] NTP Time: [2023-10-09 21:23:44.303791]: End recording by a terminate action.
