Local Time: 2023-10-09 20:25:07 [INFO] NTP Time: [2023-10-09 21:25:07.609111]: Loaded configuration: {'participant': {'id': 'P001', 'age': '25', 'gender': 'M', 'ethnicity': 'Caucasian', 'height': '165', 'weight': '65'}, 'experiment': {'date': '2022-01-01', 'time': '14:00:00', 'condition': 'HW101M', 'group': 'A', 'illumination_level': 'low'}, 'task_info': {'task_name': 'Task1', 'trial_number': '5'}, 'notes': {'comments': 'Participant seemed tired during the session.'}, 'label_info': {'activity': 'sit'}}
Local Time: 2023-10-09 20:25:07 [INFO] NTP Time: [2023-10-09 21:25:07.609209]: Loaded IRA configuration: {'port': '/dev/ttyUSB0', 'baud_rate': '921600', 'Data storage location': 'IRA/data', 'IRA_Datatype': 'float'}
Local Time: 2023-10-09 20:25:07 [INFO] NTP Time: [2023-10-09 21:25:07.609273]: Reading data from /dev/ttyUSB0 at 921600 baud
Local Time: 2023-10-09 20:25:07 [INFO] NTP Time: [2023-10-09 21:25:07.738153]: Using NTP time as the start timmer.
Local Time: 2023-10-09 20:25:07 [ERROR] NTP Time: [2023-10-09 21:25:07.738252]: Error
Local Time: 2023-10-09 20:25:07 [INFO] NTP Time: [2023-10-09 21:25:07.774714]: End recording by a terminate action.
Local Time: 2023-10-09 20:42:52 [INFO] NTP Time: [2023-10-09 21:42:52.557402]: Loaded configuration: {'participant': {'id': 'P001', 'age': '25', 'gender': 'M', 'ethnicity': 'Caucasian', 'height': '165', 'weight': '65'}, 'experiment': {'date': '2022-01-01', 'time': '14:00:00', 'condition': 'HW101M', 'group': 'A', 'illumination_level': 'low'}, 'task_info': {'task_name': 'Task1', 'trial_number': '5'}, 'notes': {'comments': 'Participant seemed tired during the session.'}, 'label_info': {'activity': 'sit'}}
Local Time: 2023-10-09 20:42:52 [INFO] NTP Time: [2023-10-09 21:42:52.557787]: Loaded IRA configuration: {'port': '/dev/ttyUSB0', 'baud_rate': '921600', 'Data storage location': 'IRA/data', 'IRA_Datatype': 'float'}
Local Time: 2023-10-09 20:42:52 [INFO] NTP Time: [2023-10-09 21:42:52.558158]: Reading data from /dev/ttyUSB0 at 921600 baud
Local Time: 2023-10-09 20:42:52 [ERROR] NTP Time: [2023-10-09 21:42:52.564913]: Error
Local Time: 2023-10-09 20:42:52 [INFO] NTP Time: [2023-10-09 21:42:52.706336]: Using NTP time as the start timmer.
Local Time: 2023-10-09 20:42:52 [ERROR] NTP Time: [2023-10-09 21:42:52.706470]: Error
Local Time: 2023-10-09 20:42:52 [INFO] NTP Time: [2023-10-09 21:42:52.870823]: Using the local timmer to pretend to be NTP time. Data recorded
Local Time: 2023-10-09 20:42:53 [INFO] NTP Time: [2023-10-09 21:42:53.008563]: Using the local timmer to pretend to be NTP time. Data recorded
Local Time: 2023-10-09 20:42:53 [INFO] NTP Time: [2023-10-09 21:42:53.147753]: Using the local timmer to pretend to be NTP time. Data recorded
Local Time: 2023-10-09 20:42:53 [INFO] NTP Time: [2023-10-09 21:42:53.319382]: Using the local timmer to pretend to be NTP time. Data recorded
Local Time: 2023-10-09 20:42:53 [INFO] NTP Time: [2023-10-09 21:42:53.452251]: Using the local timmer to pretend to be NTP time. Data recorded
Local Time: 2023-10-09 20:42:53 [INFO] NTP Time: [2023-10-09 21:42:53.596165]: Using the local timmer to pretend to be NTP time. Data recorded
Local Time: 2023-10-09 20:42:53 [INFO] NTP Time: [2023-10-09 21:42:53.763715]: Using the local timmer to pretend to be NTP time. Data recorded
Local Time: 2023-10-09 20:42:53 [INFO] NTP Time: [2023-10-09 21:42:53.900274]: Using the local timmer to pretend to be NTP time. Data recorded
Local Time: 2023-10-09 20:42:54 [INFO] NTP Time: [2023-10-09 21:42:54.038260]: Using the local timmer to pretend to be NTP time. Data recorded
Local Time: 2023-10-09 20:42:54 [INFO] NTP Time: [2023-10-09 21:42:54.173544]: Using the local timmer to pretend to be NTP time. Data recorded
Local Time: 2023-10-09 20:42:54 [INFO] NTP Time: [2023-10-09 21:42:54.339457]: Using the local timmer to pretend to be NTP time. Data recorded
Local Time: 2023-10-09 20:42:54 [INFO] NTP Time: [2023-10-09 21:42:54.478365]: Using the local timmer to pretend to be NTP time. Data recorded
Local Time: 2023-10-09 20:42:54 [INFO] NTP Time: [2023-10-09 21:42:54.616553]: Using the local timmer to pretend to be NTP time. Data recorded
Local Time: 2023-10-09 20:42:54 [INFO] NTP Time: [2023-10-09 21:42:54.782581]: Using the local timmer to pretend to be NTP time. Data recorded
Local Time: 2023-10-09 20:42:54 [INFO] NTP Time: [2023-10-09 21:42:54.922797]: Using the local timmer to pretend to be NTP time. Data recorded
Local Time: 2023-10-09 20:42:55 [INFO] NTP Time: [2023-10-09 21:42:55.071554]: Using the local timmer to pretend to be NTP time. Data recorded
Local Time: 2023-10-09 20:42:55 [INFO] NTP Time: [2023-10-09 21:42:55.227278]: Using the local timmer to pretend to be NTP time. Data recorded
Local Time: 2023-10-09 20:42:55 [INFO] NTP Time: [2023-10-09 21:42:55.367587]: Using the local timmer to pretend to be NTP time. Data recorded
Local Time: 2023-10-09 20:42:55 [INFO] NTP Time: [2023-10-09 21:42:55.504133]: Using the local timmer to pretend to be NTP time. Data recorded
Local Time: 2023-10-09 20:42:55 [INFO] NTP Time: [2023-10-09 21:42:55.643292]: Using the local timmer to pretend to be NTP time. Data recorded
Local Time: 2023-10-09 20:42:55 [INFO] NTP Time: [2023-10-09 21:42:55.807277]: Using the local timmer to pretend to be NTP time. Data recorded
Local Time: 2023-10-09 20:42:55 [INFO] NTP Time: [2023-10-09 21:42:55.947445]: Using the local timmer to pretend to be NTP time. Data recorded
Local Time: 2023-10-09 20:42:56 [INFO] NTP Time: [2023-10-09 21:42:56.104392]: Using the local timmer to pretend to be NTP time. Data recorded
Local Time: 2023-10-09 20:42:56 [INFO] NTP Time: [2023-10-09 21:42:56.251211]: Using the local timmer to pretend to be NTP time. Data recorded
Local Time: 2023-10-09 20:42:56 [INFO] NTP Time: [2023-10-09 21:42:56.391851]: Using the local timmer to pretend to be NTP time. Data recorded
Local Time: 2023-10-09 20:42:56 [INFO] NTP Time: [2023-10-09 21:42:56.529399]: Using the local timmer to pretend to be NTP time. Data recorded
Local Time: 2023-10-09 20:42:56 [INFO] NTP Time: [2023-10-09 21:42:56.694894]: Using the local timmer to pretend to be NTP time. Data recorded
Local Time: 2023-10-09 20:42:56 [INFO] NTP Time: [2023-10-09 21:42:56.871131]: Using the local timmer to pretend to be NTP time. Data recorded
Local Time: 2023-10-09 20:42:56 [INFO] NTP Time: [2023-10-09 21:42:56.972244]: Using the local timmer to pretend to be NTP time. Data recorded
Local Time: 2023-10-09 20:42:57 [INFO] NTP Time: [2023-10-09 21:42:57.111278]: Using the local timmer to pretend to be NTP time. Data recorded
Local Time: 2023-10-09 20:42:57 [INFO] NTP Time: [2023-10-09 21:42:57.277389]: Using the local timmer to pretend to be NTP time. Data recorded
Local Time: 2023-10-09 20:42:57 [INFO] NTP Time: [2023-10-09 21:42:57.415385]: Using the local timmer to pretend to be NTP time. Data recorded
Local Time: 2023-10-09 20:42:57 [INFO] NTP Time: [2023-10-09 21:42:57.559704]: Using the local timmer to pretend to be NTP time. Data recorded
Local Time: 2023-10-09 20:42:57 [INFO] NTP Time: [2023-10-09 21:42:57.719673]: Using the local timmer to pretend to be NTP time. Data recorded
Local Time: 2023-10-09 20:42:57 [INFO] NTP Time: [2023-10-09 21:42:57.860441]: Using the local timmer to pretend to be NTP time. Data recorded
Local Time: 2023-10-09 20:42:58 [INFO] NTP Time: [2023-10-09 21:42:58.008970]: Using the local timmer to pretend to be NTP time. Data recorded
Local Time: 2023-10-09 20:42:58 [INFO] NTP Time: [2023-10-09 21:42:58.162881]: Using the local timmer to pretend to be NTP time. Data recorded
Local Time: 2023-10-09 20:42:58 [INFO] NTP Time: [2023-10-09 21:42:58.319397]: Using the local timmer to pretend to be NTP time. Data recorded
Local Time: 2023-10-09 20:42:58 [INFO] NTP Time: [2023-10-09 21:42:58.441007]: Using the local timmer to pretend to be NTP time. Data recorded
Local Time: 2023-10-09 20:42:58 [INFO] NTP Time: [2023-10-09 21:42:58.581047]: Using the local timmer to pretend to be NTP time. Data recorded
Local Time: 2023-10-09 20:42:58 [INFO] NTP Time: [2023-10-09 21:42:58.766458]: Using the local timmer to pretend to be NTP time. Data recorded
Local Time: 2023-10-09 20:42:58 [INFO] NTP Time: [2023-10-09 21:42:58.885321]: Using the local timmer to pretend to be NTP time. Data recorded
Local Time: 2023-10-09 20:42:59 [INFO] NTP Time: [2023-10-09 21:42:59.026845]: Using the local timmer to pretend to be NTP time. Data recorded
Local Time: 2023-10-09 20:42:59 [INFO] NTP Time: [2023-10-09 21:42:59.190090]: Using the local timmer to pretend to be NTP time. Data recorded
Local Time: 2023-10-09 20:42:59 [INFO] NTP Time: [2023-10-09 21:42:59.329098]: Using the local timmer to pretend to be NTP time. Data recorded
Local Time: 2023-10-09 20:42:59 [INFO] NTP Time: [2023-10-09 21:42:59.468004]: Using the local timmer to pretend to be NTP time. Data recorded
Local Time: 2023-10-09 20:42:59 [INFO] NTP Time: [2023-10-09 21:42:59.631932]: Using the local timmer to pretend to be NTP time. Data recorded
Local Time: 2023-10-09 20:42:59 [INFO] NTP Time: [2023-10-09 21:42:59.771175]: Using the local timmer to pretend to be NTP time. Data recorded
Local Time: 2023-10-09 20:42:59 [INFO] NTP Time: [2023-10-09 21:42:59.911383]: Using the local timmer to pretend to be NTP time. Data recorded
Local Time: 2023-10-09 20:43:00 [INFO] NTP Time: [2023-10-09 21:43:00.050207]: Using the local timmer to pretend to be NTP time. Data recorded
Local Time: 2023-10-09 20:43:00 [INFO] NTP Time: [2023-10-09 21:43:00.214253]: Using the local timmer to pretend to be NTP time. Data recorded
Local Time: 2023-10-09 20:43:00 [INFO] NTP Time: [2023-10-09 21:43:00.354867]: Using the local timmer to pretend to be NTP time. Data recorded
Local Time: 2023-10-09 20:43:00 [INFO] NTP Time: [2023-10-09 21:43:00.493650]: Using the local timmer to pretend to be NTP time. Data recorded
Local Time: 2023-10-09 20:43:00 [INFO] NTP Time: [2023-10-09 21:43:00.657498]: Using the local timmer to pretend to be NTP time. Data recorded
Local Time: 2023-10-09 20:43:00 [INFO] NTP Time: [2023-10-09 21:43:00.796712]: Using the local timmer to pretend to be NTP time. Data recorded
Local Time: 2023-10-09 20:43:00 [INFO] NTP Time: [2023-10-09 21:43:00.936146]: Using the local timmer to pretend to be NTP time. Data recorded
Local Time: 2023-10-09 20:43:01 [INFO] NTP Time: [2023-10-09 21:43:01.117952]: Using the local timmer to pretend to be NTP time. Data recorded
Local Time: 2023-10-09 20:43:01 [INFO] NTP Time: [2023-10-09 21:43:01.244047]: Using the local timmer to pretend to be NTP time. Data recorded
Local Time: 2023-10-09 20:43:01 [INFO] NTP Time: [2023-10-09 21:43:01.378762]: Using the local timmer to pretend to be NTP time. Data recorded
Local Time: 2023-10-09 20:43:01 [INFO] NTP Time: [2023-10-09 21:43:01.544260]: Using the local timmer to pretend to be NTP time. Data recorded
Local Time: 2023-10-09 20:43:01 [INFO] NTP Time: [2023-10-09 21:43:01.683089]: Using the local timmer to pretend to be NTP time. Data recorded
Local Time: 2023-10-09 20:43:01 [INFO] NTP Time: [2023-10-09 21:43:01.824145]: Using the local timmer to pretend to be NTP time. Data recorded
Local Time: 2023-10-09 20:43:01 [INFO] NTP Time: [2023-10-09 21:43:01.962380]: Using the local timmer to pretend to be NTP time. Data recorded
Local Time: 2023-10-09 20:43:02 [INFO] NTP Time: [2023-10-09 21:43:02.127947]: Using the local timmer to pretend to be NTP time. Data recorded
Local Time: 2023-10-09 20:43:02 [INFO] NTP Time: [2023-10-09 21:43:02.265587]: Using the local timmer to pretend to be NTP time. Data recorded
Local Time: 2023-10-09 20:43:02 [INFO] NTP Time: [2023-10-09 21:43:02.405161]: Using the local timmer to pretend to be NTP time. Data recorded
Local Time: 2023-10-09 20:43:02 [INFO] NTP Time: [2023-10-09 21:43:02.570728]: Using the local timmer to pretend to be NTP time. Data recorded
Local Time: 2023-10-09 20:43:02 [INFO] NTP Time: [2023-10-09 21:43:02.708607]: Using the local timmer to pretend to be NTP time. Data recorded
Local Time: 2023-10-09 20:43:02 [INFO] NTP Time: [2023-10-09 21:43:02.847601]: Using the local timmer to pretend to be NTP time. Data recorded
Local Time: 2023-10-09 20:43:03 [INFO] NTP Time: [2023-10-09 21:43:03.022224]: Using the local timmer to pretend to be NTP time. Data recorded
Local Time: 2023-10-09 20:43:03 [INFO] NTP Time: [2023-10-09 21:43:03.158032]: Using the local timmer to pretend to be NTP time. Data recorded
Local Time: 2023-10-09 20:43:03 [INFO] NTP Time: [2023-10-09 21:43:03.292173]: Using the local timmer to pretend to be NTP time. Data recorded
Local Time: 2023-10-09 20:43:03 [INFO] NTP Time: [2023-10-09 21:43:03.442963]: Using the local timmer to pretend to be NTP time. Data recorded
Local Time: 2023-10-09 20:43:03 [INFO] NTP Time: [2023-10-09 21:43:03.595320]: Using the local timmer to pretend to be NTP time. Data recorded
Local Time: 2023-10-09 20:43:03 [INFO] NTP Time: [2023-10-09 21:43:03.734579]: Using the local timmer to pretend to be NTP time. Data recorded
Local Time: 2023-10-09 20:43:03 [INFO] NTP Time: [2023-10-09 21:43:03.873315]: Using the local timmer to pretend to be NTP time. Data recorded
Local Time: 2023-10-09 20:43:04 [INFO] NTP Time: [2023-10-09 21:43:04.039094]: Using the local timmer to pretend to be NTP time. Data recorded
Local Time: 2023-10-09 20:43:04 [INFO] NTP Time: [2023-10-09 21:43:04.177620]: Using the local timmer to pretend to be NTP time. Data recorded
Local Time: 2023-10-09 20:43:04 [INFO] NTP Time: [2023-10-09 21:43:04.316673]: Using the local timmer to pretend to be NTP time. Data recorded
Local Time: 2023-10-09 20:43:04 [INFO] NTP Time: [2023-10-09 21:43:04.482626]: Using the local timmer to pretend to be NTP time. Data recorded
Local Time: 2023-10-09 20:43:04 [INFO] NTP Time: [2023-10-09 21:43:04.622048]: Using the local timmer to pretend to be NTP time. Data recorded
Local Time: 2023-10-09 20:43:04 [INFO] NTP Time: [2023-10-09 21:43:04.760359]: Using the local timmer to pretend to be NTP time. Data recorded
Local Time: 2023-10-09 20:43:04 [INFO] NTP Time: [2023-10-09 21:43:04.899745]: Using the local timmer to pretend to be NTP time. Data recorded
Local Time: 2023-10-09 20:43:05 [INFO] NTP Time: [2023-10-09 21:43:05.077498]: Using the local timmer to pretend to be NTP time. Data recorded
Local Time: 2023-10-09 20:43:05 [INFO] NTP Time: [2023-10-09 21:43:05.204106]: Using the local timmer to pretend to be NTP time. Data recorded
Local Time: 2023-10-09 20:43:05 [INFO] NTP Time: [2023-10-09 21:43:05.342923]: Using the local timmer to pretend to be NTP time. Data recorded
Local Time: 2023-10-09 20:43:05 [INFO] NTP Time: [2023-10-09 21:43:05.508265]: Using the local timmer to pretend to be NTP time. Data recorded
Local Time: 2023-10-09 20:43:05 [INFO] NTP Time: [2023-10-09 21:43:05.647866]: Using the local timmer to pretend to be NTP time. Data recorded
Local Time: 2023-10-09 20:43:05 [INFO] NTP Time: [2023-10-09 21:43:05.785317]: Using the local timmer to pretend to be NTP time. Data recorded
Local Time: 2023-10-09 20:43:05 [INFO] NTP Time: [2023-10-09 21:43:05.951002]: Using the local timmer to pretend to be NTP time. Data recorded
Local Time: 2023-10-09 20:43:06 [INFO] NTP Time: [2023-10-09 21:43:06.090590]: Using the local timmer to pretend to be NTP time. Data recorded
Local Time: 2023-10-09 20:43:06 [INFO] NTP Time: [2023-10-09 21:43:06.229635]: Using the local timmer to pretend to be NTP time. Data recorded
Local Time: 2023-10-09 20:43:06 [INFO] NTP Time: [2023-10-09 21:43:06.368598]: Using the local timmer to pretend to be NTP time. Data recorded
Local Time: 2023-10-09 20:43:06 [INFO] NTP Time: [2023-10-09 21:43:06.536283]: Using the local timmer to pretend to be NTP time. Data recorded
Local Time: 2023-10-09 20:43:06 [INFO] NTP Time: [2023-10-09 21:43:06.675054]: Using the local timmer to pretend to be NTP time. Data recorded
Local Time: 2023-10-09 20:43:06 [INFO] NTP Time: [2023-10-09 21:43:06.811023]: Using the local timmer to pretend to be NTP time. Data recorded
Local Time: 2023-10-09 20:43:06 [INFO] NTP Time: [2023-10-09 21:43:06.976676]: Using the local timmer to pretend to be NTP time. Data recorded
Local Time: 2023-10-09 20:43:07 [INFO] NTP Time: [2023-10-09 21:43:07.115433]: Using the local timmer to pretend to be NTP time. Data recorded
Local Time: 2023-10-09 20:43:07 [INFO] NTP Time: [2023-10-09 21:43:07.255222]: Using the local timmer to pretend to be NTP time. Data recorded
Local Time: 2023-10-09 20:43:07 [INFO] NTP Time: [2023-10-09 21:43:07.420493]: Using the local timmer to pretend to be NTP time. Data recorded
Local Time: 2023-10-09 20:43:07 [INFO] NTP Time: [2023-10-09 21:43:07.560340]: Using the local timmer to pretend to be NTP time. Data recorded
Local Time: 2023-10-09 20:43:07 [INFO] NTP Time: [2023-10-09 21:43:07.697869]: Using the local timmer to pretend to be NTP time. Data recorded
Local Time: 2023-10-09 20:43:07 [INFO] NTP Time: [2023-10-09 21:43:07.836629]: Using the local timmer to pretend to be NTP time. Data recorded
Local Time: 2023-10-09 20:43:08 [INFO] NTP Time: [2023-10-09 21:43:08.003046]: Using the local timmer to pretend to be NTP time. Data recorded
Local Time: 2023-10-09 20:43:08 [INFO] NTP Time: [2023-10-09 21:43:08.141175]: Using the local timmer to pretend to be NTP time. Data recorded
Local Time: 2023-10-09 20:43:08 [INFO] NTP Time: [2023-10-09 21:43:08.279862]: Using the local timmer to pretend to be NTP time. Data recorded
Local Time: 2023-10-09 20:43:08 [INFO] NTP Time: [2023-10-09 21:43:08.445707]: Using the local timmer to pretend to be NTP time. Data recorded
Local Time: 2023-10-09 20:43:08 [INFO] NTP Time: [2023-10-09 21:43:08.584348]: Using the local timmer to pretend to be NTP time. Data recorded
Local Time: 2023-10-09 20:43:08 [INFO] NTP Time: [2023-10-09 21:43:08.726155]: Using the local timmer to pretend to be NTP time. Data recorded
Local Time: 2023-10-09 20:43:08 [INFO] NTP Time: [2023-10-09 21:43:08.888994]: Using the local timmer to pretend to be NTP time. Data recorded
Local Time: 2023-10-09 20:43:09 [INFO] NTP Time: [2023-10-09 21:43:09.027881]: Using the local timmer to pretend to be NTP time. Data recorded
Local Time: 2023-10-09 20:43:09 [INFO] NTP Time: [2023-10-09 21:43:09.166730]: Using the local timmer to pretend to be NTP time. Data recorded
Local Time: 2023-10-09 20:43:09 [INFO] NTP Time: [2023-10-09 21:43:09.306576]: Using the local timmer to pretend to be NTP time. Data recorded
Local Time: 2023-10-09 20:43:09 [INFO] NTP Time: [2023-10-09 21:43:09.471044]: Using the local timmer to pretend to be NTP time. Data recorded
Local Time: 2023-10-09 20:43:09 [INFO] NTP Time: [2023-10-09 21:43:09.610368]: Using the local timmer to pretend to be NTP time. Data recorded
Local Time: 2023-10-09 20:43:09 [INFO] NTP Time: [2023-10-09 21:43:09.749222]: Using the local timmer to pretend to be NTP time. Data recorded
Local Time: 2023-10-09 20:43:09 [INFO] NTP Time: [2023-10-09 21:43:09.913922]: Using the local timmer to pretend to be NTP time. Data recorded
Local Time: 2023-10-09 20:43:10 [INFO] NTP Time: [2023-10-09 21:43:10.054212]: Using the local timmer to pretend to be NTP time. Data recorded
Local Time: 2023-10-09 20:43:10 [INFO] NTP Time: [2023-10-09 21:43:10.195042]: Using the local timmer to pretend to be NTP time. Data recorded
Local Time: 2023-10-09 20:43:10 [INFO] NTP Time: [2023-10-09 21:43:10.359380]: Using the local timmer to pretend to be NTP time. Data recorded
Local Time: 2023-10-09 20:43:10 [INFO] NTP Time: [2023-10-09 21:43:10.498602]: Using the local timmer to pretend to be NTP time. Data recorded
Local Time: 2023-10-09 20:43:10 [INFO] NTP Time: [2023-10-09 21:43:10.638120]: Using the local timmer to pretend to be NTP time. Data recorded
Local Time: 2023-10-09 20:43:10 [INFO] NTP Time: [2023-10-09 21:43:10.800710]: Using the local timmer to pretend to be NTP time. Data recorded
Local Time: 2023-10-09 20:43:10 [INFO] NTP Time: [2023-10-09 21:43:10.940648]: Using the local timmer to pretend to be NTP time. Data recorded
Local Time: 2023-10-09 20:43:11 [INFO] NTP Time: [2023-10-09 21:43:11.078786]: Using the local timmer to pretend to be NTP time. Data recorded
Local Time: 2023-10-09 20:43:11 [INFO] NTP Time: [2023-10-09 21:43:11.217950]: Using the local timmer to pretend to be NTP time. Data recorded
Local Time: 2023-10-09 20:43:11 [INFO] NTP Time: [2023-10-09 21:43:11.382727]: Using the local timmer to pretend to be NTP time. Data recorded
Local Time: 2023-10-09 20:43:11 [INFO] NTP Time: [2023-10-09 21:43:11.537479]: Using the local timmer to pretend to be NTP time. Data recorded
Local Time: 2023-10-09 20:43:11 [INFO] NTP Time: [2023-10-09 21:43:11.663333]: Using the local timmer to pretend to be NTP time. Data recorded
Local Time: 2023-10-09 20:43:11 [INFO] NTP Time: [2023-10-09 21:43:11.829180]: Using the local timmer to pretend to be NTP time. Data recorded
Local Time: 2023-10-09 20:43:11 [INFO] NTP Time: [2023-10-09 21:43:11.966438]: Using the local timmer to pretend to be NTP time. Data recorded
Local Time: 2023-10-09 20:43:12 [INFO] NTP Time: [2023-10-09 21:43:12.108902]: Using the local timmer to pretend to be NTP time. Data recorded
Local Time: 2023-10-09 20:43:12 [INFO] NTP Time: [2023-10-09 21:43:12.270395]: Using the local timmer to pretend to be NTP time. Data recorded
Local Time: 2023-10-09 20:43:12 [INFO] NTP Time: [2023-10-09 21:43:12.408518]: Using the local timmer to pretend to be NTP time. Data recorded
Local Time: 2023-10-09 20:43:12 [INFO] NTP Time: [2023-10-09 21:43:12.547613]: Using the local timmer to pretend to be NTP time. Data recorded
Local Time: 2023-10-09 20:43:12 [INFO] NTP Time: [2023-10-09 21:43:12.686901]: Using the local timmer to pretend to be NTP time. Data recorded
Local Time: 2023-10-09 20:43:12 [INFO] NTP Time: [2023-10-09 21:43:12.853176]: Using the local timmer to pretend to be NTP time. Data recorded
Local Time: 2023-10-09 20:43:12 [INFO] NTP Time: [2023-10-09 21:43:12.994077]: Using the local timmer to pretend to be NTP time. Data recorded
Local Time: 2023-10-09 20:43:13 [INFO] NTP Time: [2023-10-09 21:43:13.134278]: Using the local timmer to pretend to be NTP time. Data recorded
Local Time: 2023-10-09 20:43:13 [INFO] NTP Time: [2023-10-09 21:43:13.295354]: Using the local timmer to pretend to be NTP time. Data recorded
Local Time: 2023-10-09 20:43:13 [INFO] NTP Time: [2023-10-09 21:43:13.442858]: Using the local timmer to pretend to be NTP time. Data recorded
Local Time: 2023-10-09 20:43:13 [INFO] NTP Time: [2023-10-09 21:43:13.574386]: Using the local timmer to pretend to be NTP time. Data recorded
Local Time: 2023-10-09 20:43:13 [INFO] NTP Time: [2023-10-09 21:43:13.739381]: Using the local timmer to pretend to be NTP time. Data recorded
Local Time: 2023-10-09 20:43:13 [INFO] NTP Time: [2023-10-09 21:43:13.878621]: Using the local timmer to pretend to be NTP time. Data recorded
Local Time: 2023-10-09 20:43:14 [INFO] NTP Time: [2023-10-09 21:43:14.021914]: Using the local timmer to pretend to be NTP time. Data recorded
Local Time: 2023-10-09 20:43:14 [INFO] NTP Time: [2023-10-09 21:43:14.156768]: Using the local timmer to pretend to be NTP time. Data recorded
Local Time: 2023-10-09 20:43:14 [INFO] NTP Time: [2023-10-09 21:43:14.360697]: Using the local timmer to pretend to be NTP time. Data recorded
Local Time: 2023-10-09 20:43:14 [INFO] NTP Time: [2023-10-09 21:43:14.462941]: Using the local timmer to pretend to be NTP time. Data recorded
Local Time: 2023-10-09 20:43:14 [INFO] NTP Time: [2023-10-09 21:43:14.605193]: Using the local timmer to pretend to be NTP time. Data recorded
Local Time: 2023-10-09 20:43:14 [INFO] NTP Time: [2023-10-09 21:43:14.765299]: Using the local timmer to pretend to be NTP time. Data recorded
Local Time: 2023-10-09 20:43:14 [INFO] NTP Time: [2023-10-09 21:43:14.907368]: Using the local timmer to pretend to be NTP time. Data recorded
Local Time: 2023-10-09 20:43:15 [INFO] NTP Time: [2023-10-09 21:43:15.060151]: Using the local timmer to pretend to be NTP time. Data recorded
Local Time: 2023-10-09 20:43:15 [INFO] NTP Time: [2023-10-09 21:43:15.208307]: Using the local timmer to pretend to be NTP time. Data recorded
Local Time: 2023-10-09 20:43:15 [INFO] NTP Time: [2023-10-09 21:43:15.346510]: Using the local timmer to pretend to be NTP time. Data recorded
Local Time: 2023-10-09 20:43:15 [ERROR] NTP Time: [2023-10-09 21:43:15.627498]: Error
Local Time: 2023-10-09 20:43:15 [INFO] NTP Time: [2023-10-09 21:43:15.796062]: Using the local timmer to pretend to be NTP time. Data recorded
Local Time: 2023-10-09 20:43:15 [INFO] NTP Time: [2023-10-09 21:43:15.930406]: Using the local timmer to pretend to be NTP time. Data recorded
Local Time: 2023-10-09 20:43:16 [INFO] NTP Time: [2023-10-09 21:43:16.068293]: Using the local timmer to pretend to be NTP time. Data recorded
