Local Time: 2023-10-09 21:51:33 [INFO] NTP Time: [2023-10-09 22:51:33.829120]: Loaded configuration: {'participant': {'id': 'P001', 'age': '25', 'gender': 'M', 'ethnicity': 'Caucasian', 'height': '165', 'weight': '65'}, 'experiment': {'date': '2022-01-01', 'time': '14:00:00', 'condition': 'HW101M', 'group': 'A', 'illumination_level': 'low'}, 'task_info': {'task_name': 'Task1', 'trial_number': '5'}, 'notes': {'comments': 'Participant seemed tired during the session.'}, 'label_info': {'activity': 'sit'}}
Local Time: 2023-10-09 21:51:33 [INFO] NTP Time: [2023-10-09 22:51:33.830483]: Loaded IRA configuration: {'port': '/dev/ttyUSB0', 'baud_rate': '921600', 'Data storage location': 'IRA/data', 'IRA_Datatype': 'float'}
Local Time: 2023-10-09 21:51:33 [INFO] NTP Time: [2023-10-09 22:51:33.831419]: Reading data from /dev/ttyUSB0 at 921600 baud
Local Time: 2023-10-09 21:51:33 [ERROR] NTP Time: [2023-10-09 22:51:33.867485]: Error
Local Time: 2023-10-09 21:51:34 [INFO] NTP Time: [2023-10-09 22:51:34.008872]: Using NTP time as the start timmer.
Local Time: 2023-10-09 21:51:34 [ERROR] NTP Time: [2023-10-09 22:51:34.009082]: Error
Local Time: 2023-10-09 21:51:34 [INFO] NTP Time: [2023-10-09 22:51:34.146630]: Using the local timmer to pretend to be NTP time. Data recorded
Local Time: 2023-10-09 21:51:34 [INFO] NTP Time: [2023-10-09 22:51:34.310844]: Using the local timmer to pretend to be NTP time. Data recorded
Local Time: 2023-10-09 21:51:34 [INFO] NTP Time: [2023-10-09 22:51:34.450089]: Using the local timmer to pretend to be NTP time. Data recorded
Local Time: 2023-10-09 21:51:34 [INFO] NTP Time: [2023-10-09 22:51:34.589156]: Using the local timmer to pretend to be NTP time. Data recorded
Local Time: 2023-10-09 21:51:34 [INFO] NTP Time: [2023-10-09 22:51:34.754972]: Using the local timmer to pretend to be NTP time. Data recorded
Local Time: 2023-10-09 21:51:34 [INFO] NTP Time: [2023-10-09 22:51:34.896550]: Using the local timmer to pretend to be NTP time. Data recorded
Local Time: 2023-10-09 21:51:35 [INFO] NTP Time: [2023-10-09 22:51:35.034354]: Using the local timmer to pretend to be NTP time. Data recorded
Local Time: 2023-10-09 21:51:35 [INFO] NTP Time: [2023-10-09 22:51:35.202345]: Using the local timmer to pretend to be NTP time. Data recorded
Local Time: 2023-10-09 21:51:35 [INFO] NTP Time: [2023-10-09 22:51:35.336715]: Using the local timmer to pretend to be NTP time. Data recorded
Local Time: 2023-10-09 21:51:35 [INFO] NTP Time: [2023-10-09 22:51:35.477791]: Using the local timmer to pretend to be NTP time. Data recorded
Local Time: 2023-10-09 21:51:35 [INFO] NTP Time: [2023-10-09 22:51:35.624822]: Using the local timmer to pretend to be NTP time. Data recorded
Local Time: 2023-10-09 21:51:35 [INFO] NTP Time: [2023-10-09 22:51:35.780886]: Using the local timmer to pretend to be NTP time. Data recorded
Local Time: 2023-10-09 21:51:35 [INFO] NTP Time: [2023-10-09 22:51:35.920131]: Using the local timmer to pretend to be NTP time. Data recorded
Local Time: 2023-10-09 21:51:36 [INFO] NTP Time: [2023-10-09 22:51:36.058469]: Using the local timmer to pretend to be NTP time. Data recorded
Local Time: 2023-10-09 21:51:36 [INFO] NTP Time: [2023-10-09 22:51:36.226746]: Using the local timmer to pretend to be NTP time. Data recorded
Local Time: 2023-10-09 21:51:36 [INFO] NTP Time: [2023-10-09 22:51:36.369645]: Using the local timmer to pretend to be NTP time. Data recorded
Local Time: 2023-10-09 21:51:36 [INFO] NTP Time: [2023-10-09 22:51:36.502720]: Using the local timmer to pretend to be NTP time. Data recorded
Local Time: 2023-10-09 21:51:36 [INFO] NTP Time: [2023-10-09 22:51:36.667490]: Using the local timmer to pretend to be NTP time. Data recorded
Local Time: 2023-10-09 21:51:36 [INFO] NTP Time: [2023-10-09 22:51:36.805289]: Using the local timmer to pretend to be NTP time. Data recorded
Local Time: 2023-10-09 21:51:36 [INFO] NTP Time: [2023-10-09 22:51:36.946031]: Using the local timmer to pretend to be NTP time. Data recorded
Local Time: 2023-10-09 21:51:37 [INFO] NTP Time: [2023-10-09 22:51:37.111405]: Using the local timmer to pretend to be NTP time. Data recorded
Local Time: 2023-10-09 21:51:37 [INFO] NTP Time: [2023-10-09 22:51:37.249223]: Using the local timmer to pretend to be NTP time. Data recorded
Local Time: 2023-10-09 21:51:37 [INFO] NTP Time: [2023-10-09 22:51:37.399918]: Using the local timmer to pretend to be NTP time. Data recorded
Local Time: 2023-10-09 21:51:37 [INFO] NTP Time: [2023-10-09 22:51:37.563154]: Using the local timmer to pretend to be NTP time. Data recorded
Local Time: 2023-10-09 21:51:37 [INFO] NTP Time: [2023-10-09 22:51:37.693360]: Using the local timmer to pretend to be NTP time. Data recorded
Local Time: 2023-10-09 21:51:37 [INFO] NTP Time: [2023-10-09 22:51:37.831849]: Using the local timmer to pretend to be NTP time. Data recorded
Local Time: 2023-10-09 21:51:37 [INFO] NTP Time: [2023-10-09 22:51:37.971294]: Using the local timmer to pretend to be NTP time. Data recorded
Local Time: 2023-10-09 21:51:38 [INFO] NTP Time: [2023-10-09 22:51:38.156870]: Using the local timmer to pretend to be NTP time. Data recorded
Local Time: 2023-10-09 21:51:38 [INFO] NTP Time: [2023-10-09 22:51:38.274240]: Using the local timmer to pretend to be NTP time. Data recorded
Local Time: 2023-10-09 21:51:38 [INFO] NTP Time: [2023-10-09 22:51:38.415596]: Using the local timmer to pretend to be NTP time. Data recorded
Local Time: 2023-10-09 21:51:38 [INFO] NTP Time: [2023-10-09 22:51:38.579169]: Using the local timmer to pretend to be NTP time. Data recorded
Local Time: 2023-10-09 21:51:38 [INFO] NTP Time: [2023-10-09 22:51:38.717963]: Using the local timmer to pretend to be NTP time. Data recorded
Local Time: 2023-10-09 21:51:38 [INFO] NTP Time: [2023-10-09 22:51:38.860120]: Using the local timmer to pretend to be NTP time. Data recorded
Local Time: 2023-10-09 21:51:39 [INFO] NTP Time: [2023-10-09 22:51:38.996377]: Using the local timmer to pretend to be NTP time. Data recorded
Local Time: 2023-10-09 21:51:39 [INFO] NTP Time: [2023-10-09 22:51:39.165816]: Using the local timmer to pretend to be NTP time. Data recorded
Local Time: 2023-10-09 21:51:39 [INFO] NTP Time: [2023-10-09 22:51:39.299934]: Using the local timmer to pretend to be NTP time. Data recorded
Local Time: 2023-10-09 21:51:39 [INFO] NTP Time: [2023-10-09 22:51:39.439610]: Using the local timmer to pretend to be NTP time. Data recorded
Local Time: 2023-10-09 21:51:39 [INFO] NTP Time: [2023-10-09 22:51:39.603641]: Using the local timmer to pretend to be NTP time. Data recorded
Local Time: 2023-10-09 21:51:39 [INFO] NTP Time: [2023-10-09 22:51:39.744514]: Using the local timmer to pretend to be NTP time. Data recorded
Local Time: 2023-10-09 21:51:39 [INFO] NTP Time: [2023-10-09 22:51:39.884243]: Using the local timmer to pretend to be NTP time. Data recorded
Local Time: 2023-10-09 21:51:40 [INFO] NTP Time: [2023-10-09 22:51:40.048150]: Using the local timmer to pretend to be NTP time. Data recorded
Local Time: 2023-10-09 21:51:40 [INFO] NTP Time: [2023-10-09 22:51:40.186638]: Using the local timmer to pretend to be NTP time. Data recorded
Local Time: 2023-10-09 21:51:40 [INFO] NTP Time: [2023-10-09 22:51:40.325489]: Using the local timmer to pretend to be NTP time. Data recorded
Local Time: 2023-10-09 21:51:40 [INFO] NTP Time: [2023-10-09 22:51:40.465016]: Using the local timmer to pretend to be NTP time. Data recorded
Local Time: 2023-10-09 21:51:40 [INFO] NTP Time: [2023-10-09 22:51:40.648652]: Using the local timmer to pretend to be NTP time. Data recorded
Local Time: 2023-10-09 21:51:40 [INFO] NTP Time: [2023-10-09 22:51:40.769430]: Using the local timmer to pretend to be NTP time. Data recorded
Local Time: 2023-10-09 21:51:40 [INFO] NTP Time: [2023-10-09 22:51:40.909008]: Using the local timmer to pretend to be NTP time. Data recorded
Local Time: 2023-10-09 21:51:41 [INFO] NTP Time: [2023-10-09 22:51:41.072249]: Using the local timmer to pretend to be NTP time. Data recorded
Local Time: 2023-10-09 21:51:41 [INFO] NTP Time: [2023-10-09 22:51:41.212101]: Using the local timmer to pretend to be NTP time. Data recorded
Local Time: 2023-10-09 21:51:41 [INFO] NTP Time: [2023-10-09 22:51:41.351677]: Using the local timmer to pretend to be NTP time. Data recorded
Local Time: 2023-10-09 21:51:41 [INFO] NTP Time: [2023-10-09 22:51:41.516903]: Using the local timmer to pretend to be NTP time. Data recorded
Local Time: 2023-10-09 21:51:41 [INFO] NTP Time: [2023-10-09 22:51:41.656619]: Using the local timmer to pretend to be NTP time. Data recorded
Local Time: 2023-10-09 21:51:41 [INFO] NTP Time: [2023-10-09 22:51:41.794698]: Using the local timmer to pretend to be NTP time. Data recorded
Local Time: 2023-10-09 21:51:41 [INFO] NTP Time: [2023-10-09 22:51:41.933649]: Using the local timmer to pretend to be NTP time. Data recorded
Local Time: 2023-10-09 21:51:42 [INFO] NTP Time: [2023-10-09 22:51:42.098630]: Using the local timmer to pretend to be NTP time. Data recorded
Local Time: 2023-10-09 21:51:42 [INFO] NTP Time: [2023-10-09 22:51:42.237546]: Using the local timmer to pretend to be NTP time. Data recorded
Local Time: 2023-10-09 21:51:42 [INFO] NTP Time: [2023-10-09 22:51:42.378828]: Using the local timmer to pretend to be NTP time. Data recorded
Local Time: 2023-10-09 21:51:42 [INFO] NTP Time: [2023-10-09 22:51:42.543800]: Using the local timmer to pretend to be NTP time. Data recorded
Local Time: 2023-10-09 21:51:42 [INFO] NTP Time: [2023-10-09 22:51:42.716420]: Using the local timmer to pretend to be NTP time. Data recorded
Local Time: 2023-10-09 21:51:42 [INFO] NTP Time: [2023-10-09 22:51:42.822408]: Using the local timmer to pretend to be NTP time. Data recorded
Local Time: 2023-10-09 21:51:42 [INFO] NTP Time: [2023-10-09 22:51:42.984668]: Using the local timmer to pretend to be NTP time. Data recorded
Local Time: 2023-10-09 21:51:43 [INFO] NTP Time: [2023-10-09 22:51:43.126845]: Using the local timmer to pretend to be NTP time. Data recorded
Local Time: 2023-10-09 21:51:43 [INFO] NTP Time: [2023-10-09 22:51:43.263994]: Using the local timmer to pretend to be NTP time. Data recorded
Local Time: 2023-10-09 21:51:43 [INFO] NTP Time: [2023-10-09 22:51:43.402590]: Using the local timmer to pretend to be NTP time. Data recorded
Local Time: 2023-10-09 21:51:43 [INFO] NTP Time: [2023-10-09 22:51:43.566733]: Using the local timmer to pretend to be NTP time. Data recorded
Local Time: 2023-10-09 21:51:43 [INFO] NTP Time: [2023-10-09 22:51:43.706895]: Using the local timmer to pretend to be NTP time. Data recorded
Local Time: 2023-10-09 21:51:43 [INFO] NTP Time: [2023-10-09 22:51:43.845742]: Using the local timmer to pretend to be NTP time. Data recorded
Local Time: 2023-10-09 21:51:44 [INFO] NTP Time: [2023-10-09 22:51:44.011134]: Using the local timmer to pretend to be NTP time. Data recorded
Local Time: 2023-10-09 21:51:44 [INFO] NTP Time: [2023-10-09 22:51:44.150876]: Using the local timmer to pretend to be NTP time. Data recorded
Local Time: 2023-10-09 21:51:44 [INFO] NTP Time: [2023-10-09 22:51:44.296807]: Using the local timmer to pretend to be NTP time. Data recorded
Local Time: 2023-10-09 21:51:44 [INFO] NTP Time: [2023-10-09 22:51:44.455650]: Using the local timmer to pretend to be NTP time. Data recorded
Local Time: 2023-10-09 21:51:44 [INFO] NTP Time: [2023-10-09 22:51:44.593543]: Using the local timmer to pretend to be NTP time. Data recorded
Local Time: 2023-10-09 21:51:44 [INFO] NTP Time: [2023-10-09 22:51:44.732542]: Using the local timmer to pretend to be NTP time. Data recorded
Local Time: 2023-10-09 21:51:44 [INFO] NTP Time: [2023-10-09 22:51:44.897117]: Using the local timmer to pretend to be NTP time. Data recorded
Local Time: 2023-10-09 21:51:45 [INFO] NTP Time: [2023-10-09 22:51:45.035266]: Using the local timmer to pretend to be NTP time. Data recorded
Local Time: 2023-10-09 21:51:45 [INFO] NTP Time: [2023-10-09 22:51:45.175959]: Using the local timmer to pretend to be NTP time. Data recorded
Local Time: 2023-10-09 21:51:45 [INFO] NTP Time: [2023-10-09 22:51:45.315020]: Using the local timmer to pretend to be NTP time. Data recorded
Local Time: 2023-10-09 21:51:45 [INFO] NTP Time: [2023-10-09 22:51:45.481154]: Using the local timmer to pretend to be NTP time. Data recorded
Local Time: 2023-10-09 21:51:45 [INFO] NTP Time: [2023-10-09 22:51:45.618644]: Using the local timmer to pretend to be NTP time. Data recorded
Local Time: 2023-10-09 21:51:45 [INFO] NTP Time: [2023-10-09 22:51:45.758491]: Using the local timmer to pretend to be NTP time. Data recorded
Local Time: 2023-10-09 21:51:45 [INFO] NTP Time: [2023-10-09 22:51:45.923042]: Using the local timmer to pretend to be NTP time. Data recorded
Local Time: 2023-10-09 21:51:46 [INFO] NTP Time: [2023-10-09 22:51:46.060928]: Using the local timmer to pretend to be NTP time. Data recorded
Local Time: 2023-10-09 21:51:46 [INFO] NTP Time: [2023-10-09 22:51:46.201096]: Using the local timmer to pretend to be NTP time. Data recorded
Local Time: 2023-10-09 21:51:46 [INFO] NTP Time: [2023-10-09 22:51:46.368513]: Using the local timmer to pretend to be NTP time. Data recorded
Local Time: 2023-10-09 21:51:46 [INFO] NTP Time: [2023-10-09 22:51:46.504190]: Using the local timmer to pretend to be NTP time. Data recorded
Local Time: 2023-10-09 21:51:46 [INFO] NTP Time: [2023-10-09 22:51:46.644661]: Using the local timmer to pretend to be NTP time. Data recorded
Local Time: 2023-10-09 21:51:46 [INFO] NTP Time: [2023-10-09 22:51:46.783823]: Using the local timmer to pretend to be NTP time. Data recorded
Local Time: 2023-10-09 21:51:46 [INFO] NTP Time: [2023-10-09 22:51:46.951051]: Using the local timmer to pretend to be NTP time. Data recorded
Local Time: 2023-10-09 21:51:47 [INFO] NTP Time: [2023-10-09 22:51:47.087082]: Using the local timmer to pretend to be NTP time. Data recorded
Local Time: 2023-10-09 21:51:47 [INFO] NTP Time: [2023-10-09 22:51:47.225576]: Using the local timmer to pretend to be NTP time. Data recorded
Local Time: 2023-10-09 21:51:47 [INFO] NTP Time: [2023-10-09 22:51:47.392542]: Using the local timmer to pretend to be NTP time. Data recorded
Local Time: 2023-10-09 21:51:47 [INFO] NTP Time: [2023-10-09 22:51:47.530671]: Using the local timmer to pretend to be NTP time. Data recorded
Local Time: 2023-10-09 21:51:47 [INFO] NTP Time: [2023-10-09 22:51:47.705480]: Using the local timmer to pretend to be NTP time. Data recorded
Local Time: 2023-10-09 21:51:47 [INFO] NTP Time: [2023-10-09 22:51:47.841783]: Using the local timmer to pretend to be NTP time. Data recorded
Local Time: 2023-10-09 21:51:47 [INFO] NTP Time: [2023-10-09 22:51:47.977332]: Using the local timmer to pretend to be NTP time. Data recorded
Local Time: 2023-10-09 21:51:48 [INFO] NTP Time: [2023-10-09 22:51:48.112921]: Using the local timmer to pretend to be NTP time. Data recorded
Local Time: 2023-10-09 21:51:48 [INFO] NTP Time: [2023-10-09 22:51:48.251315]: Using the local timmer to pretend to be NTP time. Data recorded
Local Time: 2023-10-09 21:51:48 [INFO] NTP Time: [2023-10-09 22:51:48.418294]: Using the local timmer to pretend to be NTP time. Data recorded
Local Time: 2023-10-09 21:51:48 [INFO] NTP Time: [2023-10-09 22:51:48.557258]: Using the local timmer to pretend to be NTP time. Data recorded
Local Time: 2023-10-09 21:51:48 [INFO] NTP Time: [2023-10-09 22:51:48.697550]: Using the local timmer to pretend to be NTP time. Data recorded
Local Time: 2023-10-09 21:51:48 [INFO] NTP Time: [2023-10-09 22:51:48.867774]: Using the local timmer to pretend to be NTP time. Data recorded
Local Time: 2023-10-09 21:51:49 [INFO] NTP Time: [2023-10-09 22:51:49.004589]: Using the local timmer to pretend to be NTP time. Data recorded
Local Time: 2023-10-09 21:51:49 [INFO] NTP Time: [2023-10-09 22:51:49.138798]: Using the local timmer to pretend to be NTP time. Data recorded
Local Time: 2023-10-09 21:51:49 [INFO] NTP Time: [2023-10-09 22:51:49.303554]: Using the local timmer to pretend to be NTP time. Data recorded
Local Time: 2023-10-09 21:51:49 [INFO] NTP Time: [2023-10-09 22:51:49.443749]: Using the local timmer to pretend to be NTP time. Data recorded
Local Time: 2023-10-09 21:51:49 [INFO] NTP Time: [2023-10-09 22:51:49.581876]: Using the local timmer to pretend to be NTP time. Data recorded
Local Time: 2023-10-09 21:51:49 [INFO] NTP Time: [2023-10-09 22:51:49.728221]: Using the local timmer to pretend to be NTP time. Data recorded
Local Time: 2023-10-09 21:51:49 [INFO] NTP Time: [2023-10-09 22:51:49.888698]: Using the local timmer to pretend to be NTP time. Data recorded
Local Time: 2023-10-09 21:51:50 [INFO] NTP Time: [2023-10-09 22:51:50.025793]: Using the local timmer to pretend to be NTP time. Data recorded
Local Time: 2023-10-09 21:51:50 [INFO] NTP Time: [2023-10-09 22:51:50.168000]: Using the local timmer to pretend to be NTP time. Data recorded
Local Time: 2023-10-09 21:51:50 [INFO] NTP Time: [2023-10-09 22:51:50.328906]: Using the local timmer to pretend to be NTP time. Data recorded
Local Time: 2023-10-09 21:51:50 [INFO] NTP Time: [2023-10-09 22:51:50.468439]: Using the local timmer to pretend to be NTP time. Data recorded
Local Time: 2023-10-09 21:51:50 [INFO] NTP Time: [2023-10-09 22:51:50.606782]: Using the local timmer to pretend to be NTP time. Data recorded
Local Time: 2023-10-09 21:51:50 [INFO] NTP Time: [2023-10-09 22:51:50.774469]: Using the local timmer to pretend to be NTP time. Data recorded
Local Time: 2023-10-09 21:51:50 [INFO] NTP Time: [2023-10-09 22:51:50.912805]: Using the local timmer to pretend to be NTP time. Data recorded
Local Time: 2023-10-09 21:51:51 [INFO] NTP Time: [2023-10-09 22:51:51.051407]: Using the local timmer to pretend to be NTP time. Data recorded
Local Time: 2023-10-09 21:51:51 [INFO] NTP Time: [2023-10-09 22:51:51.216392]: Using the local timmer to pretend to be NTP time. Data recorded
Local Time: 2023-10-09 21:51:51 [INFO] NTP Time: [2023-10-09 22:51:51.370490]: Using the local timmer to pretend to be NTP time. Data recorded
Local Time: 2023-10-09 21:51:51 [INFO] NTP Time: [2023-10-09 22:51:51.493980]: Using the local timmer to pretend to be NTP time. Data recorded
Local Time: 2023-10-09 21:51:51 [INFO] NTP Time: [2023-10-09 22:51:51.634709]: Using the local timmer to pretend to be NTP time. Data recorded
Local Time: 2023-10-09 21:51:51 [INFO] NTP Time: [2023-10-09 22:51:51.797113]: Using the local timmer to pretend to be NTP time. Data recorded
Local Time: 2023-10-09 21:51:51 [INFO] NTP Time: [2023-10-09 22:51:51.937284]: Using the local timmer to pretend to be NTP time. Data recorded
Local Time: 2023-10-09 21:51:52 [INFO] NTP Time: [2023-10-09 22:51:52.076915]: Using the local timmer to pretend to be NTP time. Data recorded
Local Time: 2023-10-09 21:51:52 [INFO] NTP Time: [2023-10-09 22:51:52.248703]: Using the local timmer to pretend to be NTP time. Data recorded
Local Time: 2023-10-09 21:51:52 [INFO] NTP Time: [2023-10-09 22:51:52.383541]: Using the local timmer to pretend to be NTP time. Data recorded
Local Time: 2023-10-09 21:51:52 [INFO] NTP Time: [2023-10-09 22:51:52.530936]: Using the local timmer to pretend to be NTP time. Data recorded
Local Time: 2023-10-09 21:51:52 [INFO] NTP Time: [2023-10-09 22:51:52.687848]: Using the local timmer to pretend to be NTP time. Data recorded
Local Time: 2023-10-09 21:51:52 [INFO] NTP Time: [2023-10-09 22:51:52.823169]: Using the local timmer to pretend to be NTP time. Data recorded
Local Time: 2023-10-09 21:51:52 [INFO] NTP Time: [2023-10-09 22:51:52.962958]: Using the local timmer to pretend to be NTP time. Data recorded
Local Time: 2023-10-09 21:51:53 [INFO] NTP Time: [2023-10-09 22:51:53.111731]: Using the local timmer to pretend to be NTP time. Data recorded
Local Time: 2023-10-09 21:51:53 [INFO] NTP Time: [2023-10-09 22:51:53.266044]: Using the local timmer to pretend to be NTP time. Data recorded
Local Time: 2023-10-09 21:51:53 [INFO] NTP Time: [2023-10-09 22:51:53.404714]: Using the local timmer to pretend to be NTP time. Data recorded
Local Time: 2023-10-09 21:51:53 [INFO] NTP Time: [2023-10-09 22:51:53.546756]: Using the local timmer to pretend to be NTP time. Data recorded
Local Time: 2023-10-09 21:51:53 [INFO] NTP Time: [2023-10-09 22:51:53.709415]: Using the local timmer to pretend to be NTP time. Data recorded
Local Time: 2023-10-09 21:51:53 [INFO] NTP Time: [2023-10-09 22:51:53.848224]: Using the local timmer to pretend to be NTP time. Data recorded
Local Time: 2023-10-09 21:51:53 [INFO] NTP Time: [2023-10-09 22:51:53.988276]: Using the local timmer to pretend to be NTP time. Data recorded
Local Time: 2023-10-09 21:51:54 [INFO] NTP Time: [2023-10-09 22:51:54.155430]: Using the local timmer to pretend to be NTP time. Data recorded
Local Time: 2023-10-09 21:51:54 [INFO] NTP Time: [2023-10-09 22:51:54.292800]: Using the local timmer to pretend to be NTP time. Data recorded
Local Time: 2023-10-09 21:51:54 [INFO] NTP Time: [2023-10-09 22:51:54.430902]: Using the local timmer to pretend to be NTP time. Data recorded
Local Time: 2023-10-09 21:51:54 [ERROR] NTP Time: [2023-10-09 22:51:54.737849]: Error
Local Time: 2023-10-09 21:51:54 [INFO] NTP Time: [2023-10-09 22:51:54.875161]: Using the local timmer to pretend to be NTP time. Data recorded
Local Time: 2023-10-09 21:51:55 [INFO] NTP Time: [2023-10-09 22:51:55.013162]: Using the local timmer to pretend to be NTP time. Data recorded
Local Time: 2023-10-09 21:51:55 [INFO] NTP Time: [2023-10-09 22:51:55.178046]: Using the local timmer to pretend to be NTP time. Data recorded
Local Time: 2023-10-09 21:51:55 [INFO] NTP Time: [2023-10-09 22:51:55.320753]: Using the local timmer to pretend to be NTP time. Data recorded
Local Time: 2023-10-09 21:51:55 [INFO] NTP Time: [2023-10-09 22:51:55.455884]: Using the local timmer to pretend to be NTP time. Data recorded
Local Time: 2023-10-09 21:51:55 [INFO] NTP Time: [2023-10-09 22:51:55.621464]: Using the local timmer to pretend to be NTP time. Data recorded
Local Time: 2023-10-09 21:51:55 [INFO] NTP Time: [2023-10-09 22:51:55.771578]: Using the local timmer to pretend to be NTP time. Data recorded
Local Time: 2023-10-09 21:51:55 [INFO] NTP Time: [2023-10-09 22:51:55.899237]: Using the local timmer to pretend to be NTP time. Data recorded
Local Time: 2023-10-09 21:51:56 [INFO] NTP Time: [2023-10-09 22:51:56.039865]: Using the local timmer to pretend to be NTP time. Data recorded
Local Time: 2023-10-09 21:51:56 [INFO] NTP Time: [2023-10-09 22:51:56.204067]: Using the local timmer to pretend to be NTP time. Data recorded
Local Time: 2023-10-09 21:51:56 [INFO] NTP Time: [2023-10-09 22:51:56.342608]: Using the local timmer to pretend to be NTP time. Data recorded
Local Time: 2023-10-09 21:51:56 [INFO] NTP Time: [2023-10-09 22:51:56.486879]: Using the local timmer to pretend to be NTP time. Data recorded
Local Time: 2023-10-09 21:51:56 [INFO] NTP Time: [2023-10-09 22:51:56.647115]: Using the local timmer to pretend to be NTP time. Data recorded
Local Time: 2023-10-09 21:51:56 [INFO] NTP Time: [2023-10-09 22:51:56.788138]: Using the local timmer to pretend to be NTP time. Data recorded
Local Time: 2023-10-09 21:51:56 [INFO] NTP Time: [2023-10-09 22:51:56.926501]: Using the local timmer to pretend to be NTP time. Data recorded
Local Time: 2023-10-09 21:51:57 [INFO] NTP Time: [2023-10-09 22:51:57.091211]: Using the local timmer to pretend to be NTP time. Data recorded
Local Time: 2023-10-09 21:51:57 [INFO] NTP Time: [2023-10-09 22:51:57.233880]: Using the local timmer to pretend to be NTP time. Data recorded
Local Time: 2023-10-09 21:51:57 [ERROR] NTP Time: [2023-10-09 22:51:57.958213]: Error
Local Time: 2023-10-09 21:51:58 [INFO] NTP Time: [2023-10-09 22:51:58.115983]: Using the local timmer to pretend to be NTP time. Data recorded
Local Time: 2023-10-09 21:51:58 [INFO] NTP Time: [2023-10-09 22:51:58.255044]: Using the local timmer to pretend to be NTP time. Data recorded
Local Time: 2023-10-09 21:51:58 [INFO] NTP Time: [2023-10-09 22:51:58.393041]: Using the local timmer to pretend to be NTP time. Data recorded
Local Time: 2023-10-09 21:51:58 [INFO] NTP Time: [2023-10-09 22:51:58.567534]: Using the local timmer to pretend to be NTP time. Data recorded
Local Time: 2023-10-09 21:51:58 [INFO] NTP Time: [2023-10-09 22:51:58.700538]: Using the local timmer to pretend to be NTP time. Data recorded
Local Time: 2023-10-09 21:51:58 [INFO] NTP Time: [2023-10-09 22:51:58.836970]: Using the local timmer to pretend to be NTP time. Data recorded
Local Time: 2023-10-09 21:51:59 [INFO] NTP Time: [2023-10-09 22:51:59.002090]: Using the local timmer to pretend to be NTP time. Data recorded
Local Time: 2023-10-09 21:51:59 [INFO] NTP Time: [2023-10-09 22:51:59.142726]: Using the local timmer to pretend to be NTP time. Data recorded
Local Time: 2023-10-09 21:51:59 [INFO] NTP Time: [2023-10-09 22:51:59.279992]: Using the local timmer to pretend to be NTP time. Data recorded
Local Time: 2023-10-09 21:51:59 [INFO] NTP Time: [2023-10-09 22:51:59.419421]: Using the local timmer to pretend to be NTP time. Data recorded
Local Time: 2023-10-09 21:51:59 [INFO] NTP Time: [2023-10-09 22:51:59.583326]: Using the local timmer to pretend to be NTP time. Data recorded
Local Time: 2023-10-09 21:51:59 [INFO] NTP Time: [2023-10-09 22:51:59.723452]: Using the local timmer to pretend to be NTP time. Data recorded
Local Time: 2023-10-09 21:51:59 [INFO] NTP Time: [2023-10-09 22:51:59.861796]: Using the local timmer to pretend to be NTP time. Data recorded
Local Time: 2023-10-09 21:52:00 [INFO] NTP Time: [2023-10-09 22:52:00.039739]: Using the local timmer to pretend to be NTP time. Data recorded
Local Time: 2023-10-09 21:52:00 [INFO] NTP Time: [2023-10-09 22:52:00.166551]: Using the local timmer to pretend to be NTP time. Data recorded
Local Time: 2023-10-09 21:52:00 [INFO] NTP Time: [2023-10-09 22:52:00.307318]: Using the local timmer to pretend to be NTP time. Data recorded
Local Time: 2023-10-09 21:52:00 [INFO] NTP Time: [2023-10-09 22:52:00.470967]: Using the local timmer to pretend to be NTP time. Data recorded
Local Time: 2023-10-09 21:52:00 [INFO] NTP Time: [2023-10-09 22:52:00.609761]: Using the local timmer to pretend to be NTP time. Data recorded
Local Time: 2023-10-09 21:52:00 [INFO] NTP Time: [2023-10-09 22:52:00.748657]: Using the local timmer to pretend to be NTP time. Data recorded
Local Time: 2023-10-09 21:52:00 [INFO] NTP Time: [2023-10-09 22:52:00.888009]: Using the local timmer to pretend to be NTP time. Data recorded
Local Time: 2023-10-09 21:52:01 [INFO] NTP Time: [2023-10-09 22:52:01.052150]: Using the local timmer to pretend to be NTP time. Data recorded
Local Time: 2023-10-09 21:52:01 [INFO] NTP Time: [2023-10-09 22:52:01.190971]: Using the local timmer to pretend to be NTP time. Data recorded
Local Time: 2023-10-09 21:52:01 [INFO] NTP Time: [2023-10-09 22:52:01.332480]: Using the local timmer to pretend to be NTP time. Data recorded
Local Time: 2023-10-09 21:52:01 [INFO] NTP Time: [2023-10-09 22:52:01.495153]: Using the local timmer to pretend to be NTP time. Data recorded
Local Time: 2023-10-09 21:52:01 [INFO] NTP Time: [2023-10-09 22:52:01.634182]: Using the local timmer to pretend to be NTP time. Data recorded
Local Time: 2023-10-09 21:52:01 [INFO] NTP Time: [2023-10-09 22:52:01.800146]: Using the local timmer to pretend to be NTP time. Data recorded
Local Time: 2023-10-09 21:52:01 [INFO] NTP Time: [2023-10-09 22:52:01.939753]: Using the local timmer to pretend to be NTP time. Data recorded
Local Time: 2023-10-09 21:52:02 [INFO] NTP Time: [2023-10-09 22:52:02.077919]: Using the local timmer to pretend to be NTP time. Data recorded
Local Time: 2023-10-09 21:52:02 [INFO] NTP Time: [2023-10-09 22:52:02.224064]: Using the local timmer to pretend to be NTP time. Data recorded
Local Time: 2023-10-09 21:52:02 [INFO] NTP Time: [2023-10-09 22:52:02.360927]: Using the local timmer to pretend to be NTP time. Data recorded
Local Time: 2023-10-09 21:52:02 [INFO] NTP Time: [2023-10-09 22:52:02.527837]: Using the local timmer to pretend to be NTP time. Data recorded
Local Time: 2023-10-09 21:52:02 [INFO] NTP Time: [2023-10-09 22:52:02.663328]: Using the local timmer to pretend to be NTP time. Data recorded
Local Time: 2023-10-09 21:52:02 [INFO] NTP Time: [2023-10-09 22:52:02.798734]: Using the local timmer to pretend to be NTP time. Data recorded
Local Time: 2023-10-09 21:52:02 [INFO] NTP Time: [2023-10-09 22:52:02.966093]: Using the local timmer to pretend to be NTP time. Data recorded
Local Time: 2023-10-09 21:52:03 [INFO] NTP Time: [2023-10-09 22:52:03.111975]: Using the local timmer to pretend to be NTP time. Data recorded
Local Time: 2023-10-09 21:52:03 [INFO] NTP Time: [2023-10-09 22:52:03.242208]: Using the local timmer to pretend to be NTP time. Data recorded
