Local Time: 2023-10-09 20:23:52 [INFO] NTP Time: [2023-10-09 21:23:52.072044]: Loaded configuration: {'participant': {'id': 'P001', 'age': '25', 'gender': 'M', 'ethnicity': 'Caucasian', 'height': '165', 'weight': '65'}, 'experiment': {'date': '2022-01-01', 'time': '14:00:00', 'condition': 'HW101M', 'group': 'A', 'illumination_level': 'low'}, 'task_info': {'task_name': 'Task1', 'trial_number': '5'}, 'notes': {'comments': 'Participant seemed tired during the session.'}, 'label_info': {'activity': 'sit'}}
Local Time: 2023-10-09 20:23:52 [INFO] NTP Time: [2023-10-09 21:23:52.072151]: Loaded IRA configuration: {'port': '/dev/ttyUSB0', 'baud_rate': '921600', 'Data storage location': 'IRA/data', 'IRA_Datatype': 'float'}
Local Time: 2023-10-09 20:23:52 [INFO] NTP Time: [2023-10-09 21:23:52.072215]: Reading data from /dev/ttyUSB0 at 921600 baud
Local Time: 2023-10-09 20:23:52 [INFO] NTP Time: [2023-10-09 21:23:52.211097]: Using NTP time as the start timmer.
Local Time: 2023-10-09 20:23:52 [ERROR] NTP Time: [2023-10-09 21:23:52.211218]: Error
Local Time: 2023-10-09 20:23:52 [INFO] NTP Time: [2023-10-09 21:23:52.349851]: Using the local timmer to pretend to be NTP time. Data recorded
Local Time: 2023-10-09 20:23:52 [INFO] NTP Time: [2023-10-09 21:23:52.514968]: Using the local timmer to pretend to be NTP time. Data recorded
Local Time: 2023-10-09 20:23:52 [INFO] NTP Time: [2023-10-09 21:23:52.653758]: Using the local timmer to pretend to be NTP time. Data recorded
Local Time: 2023-10-09 20:23:52 [INFO] NTP Time: [2023-10-09 21:23:52.792072]: Using the local timmer to pretend to be NTP time. Data recorded
Local Time: 2023-10-09 20:23:52 [INFO] NTP Time: [2023-10-09 21:23:52.957051]: Using the local timmer to pretend to be NTP time. Data recorded
Local Time: 2023-10-09 20:23:53 [INFO] NTP Time: [2023-10-09 21:23:53.096344]: Using the local timmer to pretend to be NTP time. Data recorded
Local Time: 2023-10-09 20:23:53 [INFO] NTP Time: [2023-10-09 21:23:53.235305]: Using the local timmer to pretend to be NTP time. Data recorded
Local Time: 2023-10-09 20:23:53 [INFO] NTP Time: [2023-10-09 21:23:53.375339]: Using the local timmer to pretend to be NTP time. Data recorded
Local Time: 2023-10-09 20:23:53 [INFO] NTP Time: [2023-10-09 21:23:53.539459]: Using the local timmer to pretend to be NTP time. Data recorded
Local Time: 2023-10-09 20:23:53 [INFO] NTP Time: [2023-10-09 21:23:53.678660]: Using the local timmer to pretend to be NTP time. Data recorded
Local Time: 2023-10-09 20:23:53 [INFO] NTP Time: [2023-10-09 21:23:53.817632]: Using the local timmer to pretend to be NTP time. Data recorded
Local Time: 2023-10-09 20:23:53 [INFO] NTP Time: [2023-10-09 21:23:53.982659]: Using the local timmer to pretend to be NTP time. Data recorded
Local Time: 2023-10-09 20:23:54 [INFO] NTP Time: [2023-10-09 21:23:54.121577]: Using the local timmer to pretend to be NTP time. Data recorded
Local Time: 2023-10-09 20:23:54 [INFO] NTP Time: [2023-10-09 21:23:54.260751]: Using the local timmer to pretend to be NTP time. Data recorded
Local Time: 2023-10-09 20:23:54 [INFO] NTP Time: [2023-10-09 21:23:54.425937]: Using the local timmer to pretend to be NTP time. Data recorded
Local Time: 2023-10-09 20:23:54 [INFO] NTP Time: [2023-10-09 21:23:54.568619]: Using the local timmer to pretend to be NTP time. Data recorded
Local Time: 2023-10-09 20:23:54 [INFO] NTP Time: [2023-10-09 21:23:54.704081]: Using the local timmer to pretend to be NTP time. Data recorded
Local Time: 2023-10-09 20:23:54 [INFO] NTP Time: [2023-10-09 21:23:54.843236]: Using the local timmer to pretend to be NTP time. Data recorded
Local Time: 2023-10-09 20:23:55 [INFO] NTP Time: [2023-10-09 21:23:55.008195]: Using the local timmer to pretend to be NTP time. Data recorded
Local Time: 2023-10-09 20:23:55 [INFO] NTP Time: [2023-10-09 21:23:55.147244]: Using the local timmer to pretend to be NTP time. Data recorded
Local Time: 2023-10-09 20:23:55 [INFO] NTP Time: [2023-10-09 21:23:55.286684]: Using the local timmer to pretend to be NTP time. Data recorded
Local Time: 2023-10-09 20:23:55 [INFO] NTP Time: [2023-10-09 21:23:55.451517]: Using the local timmer to pretend to be NTP time. Data recorded
Local Time: 2023-10-09 20:23:55 [INFO] NTP Time: [2023-10-09 21:23:55.590664]: Using the local timmer to pretend to be NTP time. Data recorded
Local Time: 2023-10-09 20:23:55 [INFO] NTP Time: [2023-10-09 21:23:55.729841]: Using the local timmer to pretend to be NTP time. Data recorded
Local Time: 2023-10-09 20:23:55 [INFO] NTP Time: [2023-10-09 21:23:55.894949]: Using the local timmer to pretend to be NTP time. Data recorded
Local Time: 2023-10-09 20:23:56 [INFO] NTP Time: [2023-10-09 21:23:56.034033]: Using the local timmer to pretend to be NTP time. Data recorded
Local Time: 2023-10-09 20:23:56 [INFO] NTP Time: [2023-10-09 21:23:56.173138]: Using the local timmer to pretend to be NTP time. Data recorded
Local Time: 2023-10-09 20:23:56 [INFO] NTP Time: [2023-10-09 21:23:56.312214]: Using the local timmer to pretend to be NTP time. Data recorded
Local Time: 2023-10-09 20:23:56 [INFO] NTP Time: [2023-10-09 21:23:56.477316]: Using the local timmer to pretend to be NTP time. Data recorded
Local Time: 2023-10-09 20:23:56 [INFO] NTP Time: [2023-10-09 21:23:56.616332]: Using the local timmer to pretend to be NTP time. Data recorded
Local Time: 2023-10-09 20:23:56 [INFO] NTP Time: [2023-10-09 21:23:56.755521]: Using the local timmer to pretend to be NTP time. Data recorded
Local Time: 2023-10-09 20:23:56 [INFO] NTP Time: [2023-10-09 21:23:56.920584]: Using the local timmer to pretend to be NTP time. Data recorded
Local Time: 2023-10-09 20:23:57 [INFO] NTP Time: [2023-10-09 21:23:57.059660]: Using the local timmer to pretend to be NTP time. Data recorded
Local Time: 2023-10-09 20:23:57 [INFO] NTP Time: [2023-10-09 21:23:57.198734]: Using the local timmer to pretend to be NTP time. Data recorded
Local Time: 2023-10-09 20:23:57 [INFO] NTP Time: [2023-10-09 21:23:57.364008]: Using the local timmer to pretend to be NTP time. Data recorded
Local Time: 2023-10-09 20:23:57 [INFO] NTP Time: [2023-10-09 21:23:57.503060]: Using the local timmer to pretend to be NTP time. Data recorded
Local Time: 2023-10-09 20:23:57 [INFO] NTP Time: [2023-10-09 21:23:57.642159]: Using the local timmer to pretend to be NTP time. Data recorded
Local Time: 2023-10-09 20:23:57 [INFO] NTP Time: [2023-10-09 21:23:57.781356]: Using the local timmer to pretend to be NTP time. Data recorded
Local Time: 2023-10-09 20:23:57 [INFO] NTP Time: [2023-10-09 21:23:57.946384]: Using the local timmer to pretend to be NTP time. Data recorded
Local Time: 2023-10-09 20:23:58 [INFO] NTP Time: [2023-10-09 21:23:58.085616]: Using the local timmer to pretend to be NTP time. Data recorded
Local Time: 2023-10-09 20:23:58 [INFO] NTP Time: [2023-10-09 21:23:58.224739]: Using the local timmer to pretend to be NTP time. Data recorded
Local Time: 2023-10-09 20:23:58 [INFO] NTP Time: [2023-10-09 21:23:58.389892]: Using the local timmer to pretend to be NTP time. Data recorded
Local Time: 2023-10-09 20:23:58 [INFO] NTP Time: [2023-10-09 21:23:58.528971]: Using the local timmer to pretend to be NTP time. Data recorded
Local Time: 2023-10-09 20:23:58 [INFO] NTP Time: [2023-10-09 21:23:58.667905]: Using the local timmer to pretend to be NTP time. Data recorded
Local Time: 2023-10-09 20:23:58 [INFO] NTP Time: [2023-10-09 21:23:58.833030]: Using the local timmer to pretend to be NTP time. Data recorded
Local Time: 2023-10-09 20:23:58 [INFO] NTP Time: [2023-10-09 21:23:58.972099]: Using the local timmer to pretend to be NTP time. Data recorded
Local Time: 2023-10-09 20:23:59 [INFO] NTP Time: [2023-10-09 21:23:59.111871]: Using the local timmer to pretend to be NTP time. Data recorded
Local Time: 2023-10-09 20:23:59 [INFO] NTP Time: [2023-10-09 21:23:59.250224]: Using the local timmer to pretend to be NTP time. Data recorded
Local Time: 2023-10-09 20:23:59 [INFO] NTP Time: [2023-10-09 21:23:59.415511]: Using the local timmer to pretend to be NTP time. Data recorded
Local Time: 2023-10-09 20:23:59 [INFO] NTP Time: [2023-10-09 21:23:59.554546]: Using the local timmer to pretend to be NTP time. Data recorded
Local Time: 2023-10-09 20:23:59 [INFO] NTP Time: [2023-10-09 21:23:59.694690]: Using the local timmer to pretend to be NTP time. Data recorded
Local Time: 2023-10-09 20:23:59 [INFO] NTP Time: [2023-10-09 21:23:59.858762]: Using the local timmer to pretend to be NTP time. Data recorded
Local Time: 2023-10-09 20:24:00 [INFO] NTP Time: [2023-10-09 21:23:59.997855]: Using the local timmer to pretend to be NTP time. Data recorded
Local Time: 2023-10-09 20:24:00 [INFO] NTP Time: [2023-10-09 21:24:00.136749]: Using the local timmer to pretend to be NTP time. Data recorded
Local Time: 2023-10-09 20:24:00 [INFO] NTP Time: [2023-10-09 21:24:00.302010]: Using the local timmer to pretend to be NTP time. Data recorded
Local Time: 2023-10-09 20:24:00 [INFO] NTP Time: [2023-10-09 21:24:00.441070]: Using the local timmer to pretend to be NTP time. Data recorded
Local Time: 2023-10-09 20:24:00 [INFO] NTP Time: [2023-10-09 21:24:00.580207]: Using the local timmer to pretend to be NTP time. Data recorded
Local Time: 2023-10-09 20:24:00 [INFO] NTP Time: [2023-10-09 21:24:00.745305]: Using the local timmer to pretend to be NTP time. Data recorded
Local Time: 2023-10-09 20:24:00 [INFO] NTP Time: [2023-10-09 21:24:00.885034]: Using the local timmer to pretend to be NTP time. Data recorded
Local Time: 2023-10-09 20:24:01 [INFO] NTP Time: [2023-10-09 21:24:01.023652]: Using the local timmer to pretend to be NTP time. Data recorded
Local Time: 2023-10-09 20:24:01 [INFO] NTP Time: [2023-10-09 21:24:01.162559]: Using the local timmer to pretend to be NTP time. Data recorded
Local Time: 2023-10-09 20:24:01 [INFO] NTP Time: [2023-10-09 21:24:01.327768]: Using the local timmer to pretend to be NTP time. Data recorded
Local Time: 2023-10-09 20:24:01 [INFO] NTP Time: [2023-10-09 21:24:01.466870]: Using the local timmer to pretend to be NTP time. Data recorded
Local Time: 2023-10-09 20:24:01 [INFO] NTP Time: [2023-10-09 21:24:01.606119]: Using the local timmer to pretend to be NTP time. Data recorded
Local Time: 2023-10-09 20:24:01 [INFO] NTP Time: [2023-10-09 21:24:01.771084]: Using the local timmer to pretend to be NTP time. Data recorded
Local Time: 2023-10-09 20:24:01 [INFO] NTP Time: [2023-10-09 21:24:01.910111]: Using the local timmer to pretend to be NTP time. Data recorded
Local Time: 2023-10-09 20:24:02 [INFO] NTP Time: [2023-10-09 21:24:02.050497]: Using the local timmer to pretend to be NTP time. Data recorded
Local Time: 2023-10-09 20:24:02 [INFO] NTP Time: [2023-10-09 21:24:02.214328]: Using the local timmer to pretend to be NTP time. Data recorded
Local Time: 2023-10-09 20:24:02 [INFO] NTP Time: [2023-10-09 21:24:02.353635]: Using the local timmer to pretend to be NTP time. Data recorded
Local Time: 2023-10-09 20:24:02 [INFO] NTP Time: [2023-10-09 21:24:02.499130]: Using the local timmer to pretend to be NTP time. Data recorded
Local Time: 2023-10-09 20:24:02 [INFO] NTP Time: [2023-10-09 21:24:02.631501]: Using the local timmer to pretend to be NTP time. Data recorded
Local Time: 2023-10-09 20:24:02 [INFO] NTP Time: [2023-10-09 21:24:02.796676]: Using the local timmer to pretend to be NTP time. Data recorded
Local Time: 2023-10-09 20:24:02 [INFO] NTP Time: [2023-10-09 21:24:02.935682]: Using the local timmer to pretend to be NTP time. Data recorded
Local Time: 2023-10-09 20:24:03 [INFO] NTP Time: [2023-10-09 21:24:03.074971]: Using the local timmer to pretend to be NTP time. Data recorded
Local Time: 2023-10-09 20:24:03 [INFO] NTP Time: [2023-10-09 21:24:03.239917]: Using the local timmer to pretend to be NTP time. Data recorded
Local Time: 2023-10-09 20:24:03 [INFO] NTP Time: [2023-10-09 21:24:03.379012]: Using the local timmer to pretend to be NTP time. Data recorded
Local Time: 2023-10-09 20:24:03 [INFO] NTP Time: [2023-10-09 21:24:03.518960]: Using the local timmer to pretend to be NTP time. Data recorded
Local Time: 2023-10-09 20:24:03 [INFO] NTP Time: [2023-10-09 21:24:03.683926]: Using the local timmer to pretend to be NTP time. Data recorded
Local Time: 2023-10-09 20:24:03 [INFO] NTP Time: [2023-10-09 21:24:03.822337]: Using the local timmer to pretend to be NTP time. Data recorded
Local Time: 2023-10-09 20:24:03 [INFO] NTP Time: [2023-10-09 21:24:03.961257]: Using the local timmer to pretend to be NTP time. Data recorded
Local Time: 2023-10-09 20:24:04 [INFO] NTP Time: [2023-10-09 21:24:04.100435]: Using the local timmer to pretend to be NTP time. Data recorded
Local Time: 2023-10-09 20:24:04 [INFO] NTP Time: [2023-10-09 21:24:04.265609]: Using the local timmer to pretend to be NTP time. Data recorded
Local Time: 2023-10-09 20:24:04 [INFO] NTP Time: [2023-10-09 21:24:04.404676]: Using the local timmer to pretend to be NTP time. Data recorded
Local Time: 2023-10-09 20:24:04 [INFO] NTP Time: [2023-10-09 21:24:04.543705]: Using the local timmer to pretend to be NTP time. Data recorded
Local Time: 2023-10-09 20:24:04 [INFO] NTP Time: [2023-10-09 21:24:04.708804]: Using the local timmer to pretend to be NTP time. Data recorded
Local Time: 2023-10-09 20:24:04 [INFO] NTP Time: [2023-10-09 21:24:04.848101]: Using the local timmer to pretend to be NTP time. Data recorded
Local Time: 2023-10-09 20:24:04 [INFO] NTP Time: [2023-10-09 21:24:04.986830]: Using the local timmer to pretend to be NTP time. Data recorded
Local Time: 2023-10-09 20:24:05 [INFO] NTP Time: [2023-10-09 21:24:05.152089]: Using the local timmer to pretend to be NTP time. Data recorded
Local Time: 2023-10-09 20:24:05 [INFO] NTP Time: [2023-10-09 21:24:05.291167]: Using the local timmer to pretend to be NTP time. Data recorded
Local Time: 2023-10-09 20:24:05 [INFO] NTP Time: [2023-10-09 21:24:05.430276]: Using the local timmer to pretend to be NTP time. Data recorded
Local Time: 2023-10-09 20:24:05 [INFO] NTP Time: [2023-10-09 21:24:05.569308]: Using the local timmer to pretend to be NTP time. Data recorded
Local Time: 2023-10-09 20:24:05 [INFO] NTP Time: [2023-10-09 21:24:05.734372]: Using the local timmer to pretend to be NTP time. Data recorded
Local Time: 2023-10-09 20:24:05 [INFO] NTP Time: [2023-10-09 21:24:05.873493]: Using the local timmer to pretend to be NTP time. Data recorded
Local Time: 2023-10-09 20:24:06 [INFO] NTP Time: [2023-10-09 21:24:06.012697]: Using the local timmer to pretend to be NTP time. Data recorded
Local Time: 2023-10-09 20:24:06 [INFO] NTP Time: [2023-10-09 21:24:06.178195]: Using the local timmer to pretend to be NTP time. Data recorded
Local Time: 2023-10-09 20:24:06 [INFO] NTP Time: [2023-10-09 21:24:06.316835]: Using the local timmer to pretend to be NTP time. Data recorded
Local Time: 2023-10-09 20:24:06 [INFO] NTP Time: [2023-10-09 21:24:06.455773]: Using the local timmer to pretend to be NTP time. Data recorded
Local Time: 2023-10-09 20:24:06 [INFO] NTP Time: [2023-10-09 21:24:06.620875]: Using the local timmer to pretend to be NTP time. Data recorded
Local Time: 2023-10-09 20:24:06 [INFO] NTP Time: [2023-10-09 21:24:06.760336]: Using the local timmer to pretend to be NTP time. Data recorded
Local Time: 2023-10-09 20:24:06 [INFO] NTP Time: [2023-10-09 21:24:06.899253]: Using the local timmer to pretend to be NTP time. Data recorded
Local Time: 2023-10-09 20:24:07 [INFO] NTP Time: [2023-10-09 21:24:07.064301]: Using the local timmer to pretend to be NTP time. Data recorded
Local Time: 2023-10-09 20:24:07 [INFO] NTP Time: [2023-10-09 21:24:07.203360]: Using the local timmer to pretend to be NTP time. Data recorded
Local Time: 2023-10-09 20:24:07 [INFO] NTP Time: [2023-10-09 21:24:07.342508]: Using the local timmer to pretend to be NTP time. Data recorded
Local Time: 2023-10-09 20:24:07 [INFO] NTP Time: [2023-10-09 21:24:07.481645]: Using the local timmer to pretend to be NTP time. Data recorded
Local Time: 2023-10-09 20:24:07 [INFO] NTP Time: [2023-10-09 21:24:07.646704]: Using the local timmer to pretend to be NTP time. Data recorded
Local Time: 2023-10-09 20:24:07 [INFO] NTP Time: [2023-10-09 21:24:07.785772]: Using the local timmer to pretend to be NTP time. Data recorded
Local Time: 2023-10-09 20:24:07 [INFO] NTP Time: [2023-10-09 21:24:07.924827]: Using the local timmer to pretend to be NTP time. Data recorded
Local Time: 2023-10-09 20:24:08 [INFO] NTP Time: [2023-10-09 21:24:08.096397]: Using the local timmer to pretend to be NTP time. Data recorded
Local Time: 2023-10-09 20:24:08 [INFO] NTP Time: [2023-10-09 21:24:08.229009]: Using the local timmer to pretend to be NTP time. Data recorded
Local Time: 2023-10-09 20:24:08 [INFO] NTP Time: [2023-10-09 21:24:08.368209]: Using the local timmer to pretend to be NTP time. Data recorded
Local Time: 2023-10-09 20:24:08 [INFO] NTP Time: [2023-10-09 21:24:08.533307]: Using the local timmer to pretend to be NTP time. Data recorded
Local Time: 2023-10-09 20:24:08 [INFO] NTP Time: [2023-10-09 21:24:08.672308]: Using the local timmer to pretend to be NTP time. Data recorded
Local Time: 2023-10-09 20:24:08 [INFO] NTP Time: [2023-10-09 21:24:08.811343]: Using the local timmer to pretend to be NTP time. Data recorded
Local Time: 2023-10-09 20:24:08 [INFO] NTP Time: [2023-10-09 21:24:08.950509]: Using the local timmer to pretend to be NTP time. Data recorded
Local Time: 2023-10-09 20:24:09 [INFO] NTP Time: [2023-10-09 21:24:09.115654]: Using the local timmer to pretend to be NTP time. Data recorded
Local Time: 2023-10-09 20:24:09 [INFO] NTP Time: [2023-10-09 21:24:09.254734]: Using the local timmer to pretend to be NTP time. Data recorded
Local Time: 2023-10-09 20:24:09 [INFO] NTP Time: [2023-10-09 21:24:09.393935]: Using the local timmer to pretend to be NTP time. Data recorded
Local Time: 2023-10-09 20:24:09 [INFO] NTP Time: [2023-10-09 21:24:09.558799]: Using the local timmer to pretend to be NTP time. Data recorded
Local Time: 2023-10-09 20:24:09 [INFO] NTP Time: [2023-10-09 21:24:09.697835]: Using the local timmer to pretend to be NTP time. Data recorded
Local Time: 2023-10-09 20:24:09 [INFO] NTP Time: [2023-10-09 21:24:09.836919]: Using the local timmer to pretend to be NTP time. Data recorded
Local Time: 2023-10-09 20:24:10 [INFO] NTP Time: [2023-10-09 21:24:10.001978]: Using the local timmer to pretend to be NTP time. Data recorded
Local Time: 2023-10-09 20:24:10 [INFO] NTP Time: [2023-10-09 21:24:10.141060]: Using the local timmer to pretend to be NTP time. Data recorded
Local Time: 2023-10-09 20:24:10 [INFO] NTP Time: [2023-10-09 21:24:10.280196]: Using the local timmer to pretend to be NTP time. Data recorded
Local Time: 2023-10-09 20:24:10 [INFO] NTP Time: [2023-10-09 21:24:10.419266]: Using the local timmer to pretend to be NTP time. Data recorded
Local Time: 2023-10-09 20:24:10 [INFO] NTP Time: [2023-10-09 21:24:10.584320]: Using the local timmer to pretend to be NTP time. Data recorded
Local Time: 2023-10-09 20:24:10 [INFO] NTP Time: [2023-10-09 21:24:10.723366]: Using the local timmer to pretend to be NTP time. Data recorded
Local Time: 2023-10-09 20:24:10 [INFO] NTP Time: [2023-10-09 21:24:10.862413]: Using the local timmer to pretend to be NTP time. Data recorded
Local Time: 2023-10-09 20:24:11 [INFO] NTP Time: [2023-10-09 21:24:11.027680]: Using the local timmer to pretend to be NTP time. Data recorded
Local Time: 2023-10-09 20:24:11 [INFO] NTP Time: [2023-10-09 21:24:11.166665]: Using the local timmer to pretend to be NTP time. Data recorded
Local Time: 2023-10-09 20:24:11 [INFO] NTP Time: [2023-10-09 21:24:11.305858]: Using the local timmer to pretend to be NTP time. Data recorded
Local Time: 2023-10-09 20:24:11 [INFO] NTP Time: [2023-10-09 21:24:11.470958]: Using the local timmer to pretend to be NTP time. Data recorded
Local Time: 2023-10-09 20:24:11 [INFO] NTP Time: [2023-10-09 21:24:11.609861]: Using the local timmer to pretend to be NTP time. Data recorded
Local Time: 2023-10-09 20:24:11 [INFO] NTP Time: [2023-10-09 21:24:11.749234]: Using the local timmer to pretend to be NTP time. Data recorded
Local Time: 2023-10-09 20:24:11 [INFO] NTP Time: [2023-10-09 21:24:11.888165]: Using the local timmer to pretend to be NTP time. Data recorded
Local Time: 2023-10-09 20:24:12 [INFO] NTP Time: [2023-10-09 21:24:12.053215]: Using the local timmer to pretend to be NTP time. Data recorded
Local Time: 2023-10-09 20:24:12 [INFO] NTP Time: [2023-10-09 21:24:12.192500]: Using the local timmer to pretend to be NTP time. Data recorded
Local Time: 2023-10-09 20:24:12 [INFO] NTP Time: [2023-10-09 21:24:12.331337]: Using the local timmer to pretend to be NTP time. Data recorded
Local Time: 2023-10-09 20:24:12 [INFO] NTP Time: [2023-10-09 21:24:12.496288]: Using the local timmer to pretend to be NTP time. Data recorded
Local Time: 2023-10-09 20:24:12 [INFO] NTP Time: [2023-10-09 21:24:12.635449]: Using the local timmer to pretend to be NTP time. Data recorded
Local Time: 2023-10-09 20:24:12 [INFO] NTP Time: [2023-10-09 21:24:12.774636]: Using the local timmer to pretend to be NTP time. Data recorded
Local Time: 2023-10-09 20:24:12 [INFO] NTP Time: [2023-10-09 21:24:12.939715]: Using the local timmer to pretend to be NTP time. Data recorded
Local Time: 2023-10-09 20:24:13 [INFO] NTP Time: [2023-10-09 21:24:13.078841]: Using the local timmer to pretend to be NTP time. Data recorded
Local Time: 2023-10-09 20:24:13 [INFO] NTP Time: [2023-10-09 21:24:13.217873]: Using the local timmer to pretend to be NTP time. Data recorded
Local Time: 2023-10-09 20:24:13 [INFO] NTP Time: [2023-10-09 21:24:13.356934]: Using the local timmer to pretend to be NTP time. Data recorded
Local Time: 2023-10-09 20:24:13 [INFO] NTP Time: [2023-10-09 21:24:13.522049]: Using the local timmer to pretend to be NTP time. Data recorded
Local Time: 2023-10-09 20:24:13 [INFO] NTP Time: [2023-10-09 21:24:13.661148]: Using the local timmer to pretend to be NTP time. Data recorded
Local Time: 2023-10-09 20:24:13 [INFO] NTP Time: [2023-10-09 21:24:13.800221]: Using the local timmer to pretend to be NTP time. Data recorded
Local Time: 2023-10-09 20:24:13 [INFO] NTP Time: [2023-10-09 21:24:13.965268]: Using the local timmer to pretend to be NTP time. Data recorded
Local Time: 2023-10-09 20:24:14 [INFO] NTP Time: [2023-10-09 21:24:14.104282]: Using the local timmer to pretend to be NTP time. Data recorded
Local Time: 2023-10-09 20:24:14 [INFO] NTP Time: [2023-10-09 21:24:14.243345]: Using the local timmer to pretend to be NTP time. Data recorded
Local Time: 2023-10-09 20:24:14 [INFO] NTP Time: [2023-10-09 21:24:14.408496]: Using the local timmer to pretend to be NTP time. Data recorded
Local Time: 2023-10-09 20:24:14 [INFO] NTP Time: [2023-10-09 21:24:14.547687]: Using the local timmer to pretend to be NTP time. Data recorded
Local Time: 2023-10-09 20:24:14 [INFO] NTP Time: [2023-10-09 21:24:14.686751]: Using the local timmer to pretend to be NTP time. Data recorded
Local Time: 2023-10-09 20:24:14 [INFO] NTP Time: [2023-10-09 21:24:14.826090]: Using the local timmer to pretend to be NTP time. Data recorded
Local Time: 2023-10-09 20:24:14 [INFO] NTP Time: [2023-10-09 21:24:14.990967]: Using the local timmer to pretend to be NTP time. Data recorded
Local Time: 2023-10-09 20:24:15 [INFO] NTP Time: [2023-10-09 21:24:15.130076]: Using the local timmer to pretend to be NTP time. Data recorded
Local Time: 2023-10-09 20:24:15 [INFO] NTP Time: [2023-10-09 21:24:15.269260]: Using the local timmer to pretend to be NTP time. Data recorded
Local Time: 2023-10-09 20:24:15 [INFO] NTP Time: [2023-10-09 21:24:15.434278]: Using the local timmer to pretend to be NTP time. Data recorded
Local Time: 2023-10-09 20:24:15 [INFO] NTP Time: [2023-10-09 21:24:15.573311]: Using the local timmer to pretend to be NTP time. Data recorded
Local Time: 2023-10-09 20:24:15 [INFO] NTP Time: [2023-10-09 21:24:15.712351]: Using the local timmer to pretend to be NTP time. Data recorded
Local Time: 2023-10-09 20:24:15 [INFO] NTP Time: [2023-10-09 21:24:15.877456]: Using the local timmer to pretend to be NTP time. Data recorded
Local Time: 2023-10-09 20:24:16 [INFO] NTP Time: [2023-10-09 21:24:16.016592]: Using the local timmer to pretend to be NTP time. Data recorded
Local Time: 2023-10-09 20:24:16 [INFO] NTP Time: [2023-10-09 21:24:16.155650]: Using the local timmer to pretend to be NTP time. Data recorded
Local Time: 2023-10-09 20:24:16 [INFO] NTP Time: [2023-10-09 21:24:16.321109]: Using the local timmer to pretend to be NTP time. Data recorded
Local Time: 2023-10-09 20:24:16 [INFO] NTP Time: [2023-10-09 21:24:16.459920]: Using the local timmer to pretend to be NTP time. Data recorded
Local Time: 2023-10-09 20:24:16 [INFO] NTP Time: [2023-10-09 21:24:16.599177]: Using the local timmer to pretend to be NTP time. Data recorded
Local Time: 2023-10-09 20:24:16 [INFO] NTP Time: [2023-10-09 21:24:16.738158]: Using the local timmer to pretend to be NTP time. Data recorded
Local Time: 2023-10-09 20:24:16 [INFO] NTP Time: [2023-10-09 21:24:16.903328]: Using the local timmer to pretend to be NTP time. Data recorded
Local Time: 2023-10-09 20:24:17 [INFO] NTP Time: [2023-10-09 21:24:17.042375]: Using the local timmer to pretend to be NTP time. Data recorded
Local Time: 2023-10-09 20:24:17 [INFO] NTP Time: [2023-10-09 21:24:17.185386]: Using the local timmer to pretend to be NTP time. Data recorded
Local Time: 2023-10-09 20:24:17 [INFO] NTP Time: [2023-10-09 21:24:17.346625]: Using the local timmer to pretend to be NTP time. Data recorded
Local Time: 2023-10-09 20:24:17 [INFO] NTP Time: [2023-10-09 21:24:17.485667]: Using the local timmer to pretend to be NTP time. Data recorded
Local Time: 2023-10-09 20:24:17 [INFO] NTP Time: [2023-10-09 21:24:17.624794]: Using the local timmer to pretend to be NTP time. Data recorded
Local Time: 2023-10-09 20:24:17 [INFO] NTP Time: [2023-10-09 21:24:17.789866]: Using the local timmer to pretend to be NTP time. Data recorded
Local Time: 2023-10-09 20:24:17 [INFO] NTP Time: [2023-10-09 21:24:17.928896]: Using the local timmer to pretend to be NTP time. Data recorded
Local Time: 2023-10-09 20:24:18 [INFO] NTP Time: [2023-10-09 21:24:18.068041]: Using the local timmer to pretend to be NTP time. Data recorded
Local Time: 2023-10-09 20:24:18 [INFO] NTP Time: [2023-10-09 21:24:18.207099]: Using the local timmer to pretend to be NTP time. Data recorded
Local Time: 2023-10-09 20:24:18 [INFO] NTP Time: [2023-10-09 21:24:18.372198]: Using the local timmer to pretend to be NTP time. Data recorded
Local Time: 2023-10-09 20:24:18 [INFO] NTP Time: [2023-10-09 21:24:18.511241]: Using the local timmer to pretend to be NTP time. Data recorded
Local Time: 2023-10-09 20:24:18 [INFO] NTP Time: [2023-10-09 21:24:18.650362]: Using the local timmer to pretend to be NTP time. Data recorded
Local Time: 2023-10-09 20:24:18 [INFO] NTP Time: [2023-10-09 21:24:18.815495]: Using the local timmer to pretend to be NTP time. Data recorded
Local Time: 2023-10-09 20:24:18 [INFO] NTP Time: [2023-10-09 21:24:18.954726]: Using the local timmer to pretend to be NTP time. Data recorded
Local Time: 2023-10-09 20:24:19 [INFO] NTP Time: [2023-10-09 21:24:19.094331]: Using the local timmer to pretend to be NTP time. Data recorded
Local Time: 2023-10-09 20:24:19 [INFO] NTP Time: [2023-10-09 21:24:19.258660]: Using the local timmer to pretend to be NTP time. Data recorded
Local Time: 2023-10-09 20:24:19 [INFO] NTP Time: [2023-10-09 21:24:19.397797]: Using the local timmer to pretend to be NTP time. Data recorded
Local Time: 2023-10-09 20:24:19 [INFO] NTP Time: [2023-10-09 21:24:19.536847]: Using the local timmer to pretend to be NTP time. Data recorded
Local Time: 2023-10-09 20:24:19 [INFO] NTP Time: [2023-10-09 21:24:19.675899]: Using the local timmer to pretend to be NTP time. Data recorded
Local Time: 2023-10-09 20:24:19 [INFO] NTP Time: [2023-10-09 21:24:19.840893]: Using the local timmer to pretend to be NTP time. Data recorded
Local Time: 2023-10-09 20:24:19 [INFO] NTP Time: [2023-10-09 21:24:19.980090]: Using the local timmer to pretend to be NTP time. Data recorded
Local Time: 2023-10-09 20:24:20 [INFO] NTP Time: [2023-10-09 21:24:20.119503]: Using the local timmer to pretend to be NTP time. Data recorded
Local Time: 2023-10-09 20:24:20 [INFO] NTP Time: [2023-10-09 21:24:20.284229]: Using the local timmer to pretend to be NTP time. Data recorded
Local Time: 2023-10-09 20:24:20 [INFO] NTP Time: [2023-10-09 21:24:20.423329]: Using the local timmer to pretend to be NTP time. Data recorded
Local Time: 2023-10-09 20:24:20 [INFO] NTP Time: [2023-10-09 21:24:20.562476]: Using the local timmer to pretend to be NTP time. Data recorded
Local Time: 2023-10-09 20:24:20 [INFO] NTP Time: [2023-10-09 21:24:20.727497]: Using the local timmer to pretend to be NTP time. Data recorded
Local Time: 2023-10-09 20:24:20 [INFO] NTP Time: [2023-10-09 21:24:20.866553]: Using the local timmer to pretend to be NTP time. Data recorded
Local Time: 2023-10-09 20:24:21 [INFO] NTP Time: [2023-10-09 21:24:21.006998]: Using the local timmer to pretend to be NTP time. Data recorded
Local Time: 2023-10-09 20:24:21 [INFO] NTP Time: [2023-10-09 21:24:21.144766]: Using the local timmer to pretend to be NTP time. Data recorded
Local Time: 2023-10-09 20:24:21 [INFO] NTP Time: [2023-10-09 21:24:21.310595]: Using the local timmer to pretend to be NTP time. Data recorded
Local Time: 2023-10-09 20:24:21 [INFO] NTP Time: [2023-10-09 21:24:21.448927]: Using the local timmer to pretend to be NTP time. Data recorded
Local Time: 2023-10-09 20:24:21 [INFO] NTP Time: [2023-10-09 21:24:21.588058]: Using the local timmer to pretend to be NTP time. Data recorded
Local Time: 2023-10-09 20:24:21 [INFO] NTP Time: [2023-10-09 21:24:21.752907]: Using the local timmer to pretend to be NTP time. Data recorded
Local Time: 2023-10-09 20:24:21 [INFO] NTP Time: [2023-10-09 21:24:21.893001]: Using the local timmer to pretend to be NTP time. Data recorded
Local Time: 2023-10-09 20:24:22 [INFO] NTP Time: [2023-10-09 21:24:22.031342]: Using the local timmer to pretend to be NTP time. Data recorded
Local Time: 2023-10-09 20:24:22 [INFO] NTP Time: [2023-10-09 21:24:22.196532]: Using the local timmer to pretend to be NTP time. Data recorded
Local Time: 2023-10-09 20:24:22 [INFO] NTP Time: [2023-10-09 21:24:22.335463]: Using the local timmer to pretend to be NTP time. Data recorded
Local Time: 2023-10-09 20:24:22 [INFO] NTP Time: [2023-10-09 21:24:22.474511]: Using the local timmer to pretend to be NTP time. Data recorded
Local Time: 2023-10-09 20:24:22 [INFO] NTP Time: [2023-10-09 21:24:22.613735]: Using the local timmer to pretend to be NTP time. Data recorded
Local Time: 2023-10-09 20:24:22 [INFO] NTP Time: [2023-10-09 21:24:22.778655]: Using the local timmer to pretend to be NTP time. Data recorded
Local Time: 2023-10-09 20:24:22 [INFO] NTP Time: [2023-10-09 21:24:22.918438]: Using the local timmer to pretend to be NTP time. Data recorded
Local Time: 2023-10-09 20:24:23 [INFO] NTP Time: [2023-10-09 21:24:23.056985]: Using the local timmer to pretend to be NTP time. Data recorded
Local Time: 2023-10-09 20:24:23 [INFO] NTP Time: [2023-10-09 21:24:23.221920]: Using the local timmer to pretend to be NTP time. Data recorded
Local Time: 2023-10-09 20:24:23 [INFO] NTP Time: [2023-10-09 21:24:23.361097]: Using the local timmer to pretend to be NTP time. Data recorded
Local Time: 2023-10-09 20:24:23 [INFO] NTP Time: [2023-10-09 21:24:23.500111]: Using the local timmer to pretend to be NTP time. Data recorded
Local Time: 2023-10-09 20:24:23 [INFO] NTP Time: [2023-10-09 21:24:23.665220]: Using the local timmer to pretend to be NTP time. Data recorded
Local Time: 2023-10-09 20:24:23 [INFO] NTP Time: [2023-10-09 21:24:23.804292]: Using the local timmer to pretend to be NTP time. Data recorded
Local Time: 2023-10-09 20:24:23 [INFO] NTP Time: [2023-10-09 21:24:23.943409]: Using the local timmer to pretend to be NTP time. Data recorded
Local Time: 2023-10-09 20:24:24 [INFO] NTP Time: [2023-10-09 21:24:24.108451]: Using the local timmer to pretend to be NTP time. Data recorded
Local Time: 2023-10-09 20:24:24 [INFO] NTP Time: [2023-10-09 21:24:24.247459]: Using the local timmer to pretend to be NTP time. Data recorded
Local Time: 2023-10-09 20:24:24 [INFO] NTP Time: [2023-10-09 21:24:24.386938]: Using the local timmer to pretend to be NTP time. Data recorded
Local Time: 2023-10-09 20:24:24 [INFO] NTP Time: [2023-10-09 21:24:24.525689]: Using the local timmer to pretend to be NTP time. Data recorded
Local Time: 2023-10-09 20:24:24 [INFO] NTP Time: [2023-10-09 21:24:24.690835]: Using the local timmer to pretend to be NTP time. Data recorded
Local Time: 2023-10-09 20:24:24 [INFO] NTP Time: [2023-10-09 21:24:24.829896]: Using the local timmer to pretend to be NTP time. Data recorded
Local Time: 2023-10-09 20:24:24 [INFO] NTP Time: [2023-10-09 21:24:24.968907]: Using the local timmer to pretend to be NTP time. Data recorded
Local Time: 2023-10-09 20:24:25 [INFO] NTP Time: [2023-10-09 21:24:25.137619]: Using the local timmer to pretend to be NTP time. Data recorded
Local Time: 2023-10-09 20:24:25 [INFO] NTP Time: [2023-10-09 21:24:25.272945]: Using the local timmer to pretend to be NTP time. Data recorded
Local Time: 2023-10-09 20:24:25 [INFO] NTP Time: [2023-10-09 21:24:25.412006]: Using the local timmer to pretend to be NTP time. Data recorded
Local Time: 2023-10-09 20:24:25 [INFO] NTP Time: [2023-10-09 21:24:25.577161]: Using the local timmer to pretend to be NTP time. Data recorded
Local Time: 2023-10-09 20:24:25 [INFO] NTP Time: [2023-10-09 21:24:25.716286]: Using the local timmer to pretend to be NTP time. Data recorded
Local Time: 2023-10-09 20:24:25 [INFO] NTP Time: [2023-10-09 21:24:25.855472]: Using the local timmer to pretend to be NTP time. Data recorded
Local Time: 2023-10-09 20:24:25 [INFO] NTP Time: [2023-10-09 21:24:25.994521]: Using the local timmer to pretend to be NTP time. Data recorded
Local Time: 2023-10-09 20:24:26 [INFO] NTP Time: [2023-10-09 21:24:26.159625]: Using the local timmer to pretend to be NTP time. Data recorded
Local Time: 2023-10-09 20:24:26 [INFO] NTP Time: [2023-10-09 21:24:26.298744]: Using the local timmer to pretend to be NTP time. Data recorded
Local Time: 2023-10-09 20:24:26 [INFO] NTP Time: [2023-10-09 21:24:26.438332]: Using the local timmer to pretend to be NTP time. Data recorded
Local Time: 2023-10-09 20:24:26 [INFO] NTP Time: [2023-10-09 21:24:26.607457]: Using the local timmer to pretend to be NTP time. Data recorded
Local Time: 2023-10-09 20:24:26 [INFO] NTP Time: [2023-10-09 21:24:26.746516]: Using the local timmer to pretend to be NTP time. Data recorded
Local Time: 2023-10-09 20:24:26 [INFO] NTP Time: [2023-10-09 21:24:26.885955]: Using the local timmer to pretend to be NTP time. Data recorded
Local Time: 2023-10-09 20:24:27 [INFO] NTP Time: [2023-10-09 21:24:27.050455]: Using the local timmer to pretend to be NTP time. Data recorded
Local Time: 2023-10-09 20:24:27 [INFO] NTP Time: [2023-10-09 21:24:27.189623]: Using the local timmer to pretend to be NTP time. Data recorded
Local Time: 2023-10-09 20:24:27 [INFO] NTP Time: [2023-10-09 21:24:27.328770]: Using the local timmer to pretend to be NTP time. Data recorded
Local Time: 2023-10-09 20:24:27 [INFO] NTP Time: [2023-10-09 21:24:27.493890]: Using the local timmer to pretend to be NTP time. Data recorded
Local Time: 2023-10-09 20:24:27 [INFO] NTP Time: [2023-10-09 21:24:27.632954]: Using the local timmer to pretend to be NTP time. Data recorded
Local Time: 2023-10-09 20:24:27 [INFO] NTP Time: [2023-10-09 21:24:27.772126]: Using the local timmer to pretend to be NTP time. Data recorded
Local Time: 2023-10-09 20:24:27 [INFO] NTP Time: [2023-10-09 21:24:27.911170]: Using the local timmer to pretend to be NTP time. Data recorded
Local Time: 2023-10-09 20:24:28 [INFO] NTP Time: [2023-10-09 21:24:28.076214]: Using the local timmer to pretend to be NTP time. Data recorded
Local Time: 2023-10-09 20:24:28 [INFO] NTP Time: [2023-10-09 21:24:28.215384]: Using the local timmer to pretend to be NTP time. Data recorded
Local Time: 2023-10-09 20:24:28 [INFO] NTP Time: [2023-10-09 21:24:28.354619]: Using the local timmer to pretend to be NTP time. Data recorded
Local Time: 2023-10-09 20:24:28 [INFO] NTP Time: [2023-10-09 21:24:28.519596]: Using the local timmer to pretend to be NTP time. Data recorded
Local Time: 2023-10-09 20:24:28 [INFO] NTP Time: [2023-10-09 21:24:28.658767]: Using the local timmer to pretend to be NTP time. Data recorded
Local Time: 2023-10-09 20:24:28 [INFO] NTP Time: [2023-10-09 21:24:28.797873]: Using the local timmer to pretend to be NTP time. Data recorded
Local Time: 2023-10-09 20:24:28 [INFO] NTP Time: [2023-10-09 21:24:28.962976]: Using the local timmer to pretend to be NTP time. Data recorded
Local Time: 2023-10-09 20:24:29 [INFO] NTP Time: [2023-10-09 21:24:29.101984]: Using the local timmer to pretend to be NTP time. Data recorded
Local Time: 2023-10-09 20:24:29 [INFO] NTP Time: [2023-10-09 21:24:29.241099]: Using the local timmer to pretend to be NTP time. Data recorded
Local Time: 2023-10-09 20:24:29 [INFO] NTP Time: [2023-10-09 21:24:29.380836]: Using the local timmer to pretend to be NTP time. Data recorded
Local Time: 2023-10-09 20:24:29 [INFO] NTP Time: [2023-10-09 21:24:29.545297]: Using the local timmer to pretend to be NTP time. Data recorded
Local Time: 2023-10-09 20:24:29 [INFO] NTP Time: [2023-10-09 21:24:29.684666]: Using the local timmer to pretend to be NTP time. Data recorded
Local Time: 2023-10-09 20:24:29 [INFO] NTP Time: [2023-10-09 21:24:29.823665]: Using the local timmer to pretend to be NTP time. Data recorded
Local Time: 2023-10-09 20:24:29 [INFO] NTP Time: [2023-10-09 21:24:29.990288]: Using the local timmer to pretend to be NTP time. Data recorded
Local Time: 2023-10-09 20:24:30 [INFO] NTP Time: [2023-10-09 21:24:30.128427]: Using the local timmer to pretend to be NTP time. Data recorded
Local Time: 2023-10-09 20:24:30 [INFO] NTP Time: [2023-10-09 21:24:30.266987]: Using the local timmer to pretend to be NTP time. Data recorded
Local Time: 2023-10-09 20:24:30 [INFO] NTP Time: [2023-10-09 21:24:30.432157]: Using the local timmer to pretend to be NTP time. Data recorded
Local Time: 2023-10-09 20:24:30 [INFO] NTP Time: [2023-10-09 21:24:30.570966]: Using the local timmer to pretend to be NTP time. Data recorded
Local Time: 2023-10-09 20:24:30 [INFO] NTP Time: [2023-10-09 21:24:30.710073]: Using the local timmer to pretend to be NTP time. Data recorded
Local Time: 2023-10-09 20:24:30 [INFO] NTP Time: [2023-10-09 21:24:30.874925]: Using the local timmer to pretend to be NTP time. Data recorded
Local Time: 2023-10-09 20:24:31 [INFO] NTP Time: [2023-10-09 21:24:31.014025]: Using the local timmer to pretend to be NTP time. Data recorded
Local Time: 2023-10-09 20:24:31 [INFO] NTP Time: [2023-10-09 21:24:31.153194]: Using the local timmer to pretend to be NTP time. Data recorded
Local Time: 2023-10-09 20:24:31 [INFO] NTP Time: [2023-10-09 21:24:31.292218]: Using the local timmer to pretend to be NTP time. Data recorded
Local Time: 2023-10-09 20:24:31 [INFO] NTP Time: [2023-10-09 21:24:31.457292]: Using the local timmer to pretend to be NTP time. Data recorded
Local Time: 2023-10-09 20:24:31 [INFO] NTP Time: [2023-10-09 21:24:31.596392]: Using the local timmer to pretend to be NTP time. Data recorded
Local Time: 2023-10-09 20:24:31 [INFO] NTP Time: [2023-10-09 21:24:31.735562]: Using the local timmer to pretend to be NTP time. Data recorded
Local Time: 2023-10-09 20:24:31 [INFO] NTP Time: [2023-10-09 21:24:31.900577]: Using the local timmer to pretend to be NTP time. Data recorded
Local Time: 2023-10-09 20:24:32 [INFO] NTP Time: [2023-10-09 21:24:32.039771]: Using the local timmer to pretend to be NTP time. Data recorded
Local Time: 2023-10-09 20:24:32 [INFO] NTP Time: [2023-10-09 21:24:32.179521]: Using the local timmer to pretend to be NTP time. Data recorded
Local Time: 2023-10-09 20:24:32 [INFO] NTP Time: [2023-10-09 21:24:32.343923]: Using the local timmer to pretend to be NTP time. Data recorded
Local Time: 2023-10-09 20:24:32 [INFO] NTP Time: [2023-10-09 21:24:32.483048]: Using the local timmer to pretend to be NTP time. Data recorded
Local Time: 2023-10-09 20:24:32 [INFO] NTP Time: [2023-10-09 21:24:32.621986]: Using the local timmer to pretend to be NTP time. Data recorded
Local Time: 2023-10-09 20:24:32 [INFO] NTP Time: [2023-10-09 21:24:32.761242]: Using the local timmer to pretend to be NTP time. Data recorded
Local Time: 2023-10-09 20:24:32 [INFO] NTP Time: [2023-10-09 21:24:32.926341]: Using the local timmer to pretend to be NTP time. Data recorded
Local Time: 2023-10-09 20:24:33 [INFO] NTP Time: [2023-10-09 21:24:33.065400]: Using the local timmer to pretend to be NTP time. Data recorded
Local Time: 2023-10-09 20:24:33 [INFO] NTP Time: [2023-10-09 21:24:33.204441]: Using the local timmer to pretend to be NTP time. Data recorded
Local Time: 2023-10-09 20:24:33 [INFO] NTP Time: [2023-10-09 21:24:33.369481]: Using the local timmer to pretend to be NTP time. Data recorded
Local Time: 2023-10-09 20:24:33 [INFO] NTP Time: [2023-10-09 21:24:33.508551]: Using the local timmer to pretend to be NTP time. Data recorded
Local Time: 2023-10-09 20:24:33 [INFO] NTP Time: [2023-10-09 21:24:33.647696]: Using the local timmer to pretend to be NTP time. Data recorded
Local Time: 2023-10-09 20:24:33 [INFO] NTP Time: [2023-10-09 21:24:33.812820]: Using the local timmer to pretend to be NTP time. Data recorded
Local Time: 2023-10-09 20:24:33 [INFO] NTP Time: [2023-10-09 21:24:33.951858]: Using the local timmer to pretend to be NTP time. Data recorded
Local Time: 2023-10-09 20:24:34 [INFO] NTP Time: [2023-10-09 21:24:34.091020]: Using the local timmer to pretend to be NTP time. Data recorded
Local Time: 2023-10-09 20:24:34 [INFO] NTP Time: [2023-10-09 21:24:34.230077]: Using the local timmer to pretend to be NTP time. Data recorded
Local Time: 2023-10-09 20:24:34 [INFO] NTP Time: [2023-10-09 21:24:34.395955]: Using the local timmer to pretend to be NTP time. Data recorded
Local Time: 2023-10-09 20:24:34 [INFO] NTP Time: [2023-10-09 21:24:34.535889]: Using the local timmer to pretend to be NTP time. Data recorded
Local Time: 2023-10-09 20:24:34 [INFO] NTP Time: [2023-10-09 21:24:34.673273]: Using the local timmer to pretend to be NTP time. Data recorded
Local Time: 2023-10-09 20:24:34 [INFO] NTP Time: [2023-10-09 21:24:34.838374]: Using the local timmer to pretend to be NTP time. Data recorded
Local Time: 2023-10-09 20:24:34 [INFO] NTP Time: [2023-10-09 21:24:34.977448]: Using the local timmer to pretend to be NTP time. Data recorded
Local Time: 2023-10-09 20:24:35 [INFO] NTP Time: [2023-10-09 21:24:35.116627]: Using the local timmer to pretend to be NTP time. Data recorded
Local Time: 2023-10-09 20:24:35 [INFO] NTP Time: [2023-10-09 21:24:35.281559]: Using the local timmer to pretend to be NTP time. Data recorded
Local Time: 2023-10-09 20:24:35 [INFO] NTP Time: [2023-10-09 21:24:35.420807]: Using the local timmer to pretend to be NTP time. Data recorded
Local Time: 2023-10-09 20:24:35 [INFO] NTP Time: [2023-10-09 21:24:35.559811]: Using the local timmer to pretend to be NTP time. Data recorded
Local Time: 2023-10-09 20:24:35 [INFO] NTP Time: [2023-10-09 21:24:35.698996]: Using the local timmer to pretend to be NTP time. Data recorded
Local Time: 2023-10-09 20:24:35 [INFO] NTP Time: [2023-10-09 21:24:35.864005]: Using the local timmer to pretend to be NTP time. Data recorded
Local Time: 2023-10-09 20:24:36 [INFO] NTP Time: [2023-10-09 21:24:36.002993]: Using the local timmer to pretend to be NTP time. Data recorded
Local Time: 2023-10-09 20:24:36 [INFO] NTP Time: [2023-10-09 21:24:36.142139]: Using the local timmer to pretend to be NTP time. Data recorded
Local Time: 2023-10-09 20:24:36 [INFO] NTP Time: [2023-10-09 21:24:36.307276]: Using the local timmer to pretend to be NTP time. Data recorded
Local Time: 2023-10-09 20:24:36 [INFO] NTP Time: [2023-10-09 21:24:36.446344]: Using the local timmer to pretend to be NTP time. Data recorded
Local Time: 2023-10-09 20:24:36 [INFO] NTP Time: [2023-10-09 21:24:36.585469]: Using the local timmer to pretend to be NTP time. Data recorded
Local Time: 2023-10-09 20:24:36 [INFO] NTP Time: [2023-10-09 21:24:36.750535]: Using the local timmer to pretend to be NTP time. Data recorded
Local Time: 2023-10-09 20:24:36 [INFO] NTP Time: [2023-10-09 21:24:36.889570]: Using the local timmer to pretend to be NTP time. Data recorded
Local Time: 2023-10-09 20:24:37 [INFO] NTP Time: [2023-10-09 21:24:37.028741]: Using the local timmer to pretend to be NTP time. Data recorded
Local Time: 2023-10-09 20:24:37 [INFO] NTP Time: [2023-10-09 21:24:37.167780]: Using the local timmer to pretend to be NTP time. Data recorded
Local Time: 2023-10-09 20:24:37 [INFO] NTP Time: [2023-10-09 21:24:37.332805]: Using the local timmer to pretend to be NTP time. Data recorded
Local Time: 2023-10-09 20:24:37 [INFO] NTP Time: [2023-10-09 21:24:37.472310]: Using the local timmer to pretend to be NTP time. Data recorded
Local Time: 2023-10-09 20:24:37 [INFO] NTP Time: [2023-10-09 21:24:37.611105]: Using the local timmer to pretend to be NTP time. Data recorded
Local Time: 2023-10-09 20:24:37 [INFO] NTP Time: [2023-10-09 21:24:37.776017]: Using the local timmer to pretend to be NTP time. Data recorded
Local Time: 2023-10-09 20:24:37 [INFO] NTP Time: [2023-10-09 21:24:37.915884]: Using the local timmer to pretend to be NTP time. Data recorded
Local Time: 2023-10-09 20:24:38 [INFO] NTP Time: [2023-10-09 21:24:38.054187]: Using the local timmer to pretend to be NTP time. Data recorded
Local Time: 2023-10-09 20:24:38 [INFO] NTP Time: [2023-10-09 21:24:38.219203]: Using the local timmer to pretend to be NTP time. Data recorded
Local Time: 2023-10-09 20:24:38 [INFO] NTP Time: [2023-10-09 21:24:38.358357]: Using the local timmer to pretend to be NTP time. Data recorded
Local Time: 2023-10-09 20:24:38 [INFO] NTP Time: [2023-10-09 21:24:38.498012]: Using the local timmer to pretend to be NTP time. Data recorded
Local Time: 2023-10-09 20:24:38 [INFO] NTP Time: [2023-10-09 21:24:38.636590]: Using the local timmer to pretend to be NTP time. Data recorded
Local Time: 2023-10-09 20:24:38 [INFO] NTP Time: [2023-10-09 21:24:38.801614]: Using the local timmer to pretend to be NTP time. Data recorded
Local Time: 2023-10-09 20:24:38 [INFO] NTP Time: [2023-10-09 21:24:38.940592]: Using the local timmer to pretend to be NTP time. Data recorded
Local Time: 2023-10-09 20:24:39 [INFO] NTP Time: [2023-10-09 21:24:39.079803]: Using the local timmer to pretend to be NTP time. Data recorded
Local Time: 2023-10-09 20:24:39 [INFO] NTP Time: [2023-10-09 21:24:39.244870]: Using the local timmer to pretend to be NTP time. Data recorded
Local Time: 2023-10-09 20:24:39 [INFO] NTP Time: [2023-10-09 21:24:39.384045]: Using the local timmer to pretend to be NTP time. Data recorded
Local Time: 2023-10-09 20:24:39 [INFO] NTP Time: [2023-10-09 21:24:39.523003]: Using the local timmer to pretend to be NTP time. Data recorded
Local Time: 2023-10-09 20:24:39 [INFO] NTP Time: [2023-10-09 21:24:39.688102]: Using the local timmer to pretend to be NTP time. Data recorded
Local Time: 2023-10-09 20:24:39 [INFO] NTP Time: [2023-10-09 21:24:39.831080]: Using the local timmer to pretend to be NTP time. Data recorded
Local Time: 2023-10-09 20:24:39 [INFO] NTP Time: [2023-10-09 21:24:39.966393]: Using the local timmer to pretend to be NTP time. Data recorded
Local Time: 2023-10-09 20:24:40 [INFO] NTP Time: [2023-10-09 21:24:40.131608]: Using the local timmer to pretend to be NTP time. Data recorded
Local Time: 2023-10-09 20:24:40 [INFO] NTP Time: [2023-10-09 21:24:40.270564]: Using the local timmer to pretend to be NTP time. Data recorded
Local Time: 2023-10-09 20:24:40 [INFO] NTP Time: [2023-10-09 21:24:40.409610]: Using the local timmer to pretend to be NTP time. Data recorded
Local Time: 2023-10-09 20:24:40 [INFO] NTP Time: [2023-10-09 21:24:40.548771]: Using the local timmer to pretend to be NTP time. Data recorded
Local Time: 2023-10-09 20:24:40 [INFO] NTP Time: [2023-10-09 21:24:40.713973]: Using the local timmer to pretend to be NTP time. Data recorded
Local Time: 2023-10-09 20:24:40 [INFO] NTP Time: [2023-10-09 21:24:40.853095]: Using the local timmer to pretend to be NTP time. Data recorded
Local Time: 2023-10-09 20:24:40 [INFO] NTP Time: [2023-10-09 21:24:40.992244]: Using the local timmer to pretend to be NTP time. Data recorded
Local Time: 2023-10-09 20:24:41 [INFO] NTP Time: [2023-10-09 21:24:41.157183]: Using the local timmer to pretend to be NTP time. Data recorded
Local Time: 2023-10-09 20:24:41 [INFO] NTP Time: [2023-10-09 21:24:41.296268]: Using the local timmer to pretend to be NTP time. Data recorded
Local Time: 2023-10-09 20:24:41 [INFO] NTP Time: [2023-10-09 21:24:41.435383]: Using the local timmer to pretend to be NTP time. Data recorded
Local Time: 2023-10-09 20:24:41 [INFO] NTP Time: [2023-10-09 21:24:41.600687]: Using the local timmer to pretend to be NTP time. Data recorded
Local Time: 2023-10-09 20:24:41 [INFO] NTP Time: [2023-10-09 21:24:41.743862]: Using the local timmer to pretend to be NTP time. Data recorded
Local Time: 2023-10-09 20:24:41 [INFO] NTP Time: [2023-10-09 21:24:41.878747]: Using the local timmer to pretend to be NTP time. Data recorded
Local Time: 2023-10-09 20:24:42 [INFO] NTP Time: [2023-10-09 21:24:42.017949]: Using the local timmer to pretend to be NTP time. Data recorded
Local Time: 2023-10-09 20:24:42 [INFO] NTP Time: [2023-10-09 21:24:42.183079]: Using the local timmer to pretend to be NTP time. Data recorded
Local Time: 2023-10-09 20:24:42 [INFO] NTP Time: [2023-10-09 21:24:42.203110]: End recording by a terminate action.
