Local Time: 2023-10-09 20:22:12 [INFO] NTP Time: [2023-10-09 21:22:12.624060]: Loaded configuration: {'participant': {'id': 'P001', 'age': '25', 'gender': 'M', 'ethnicity': 'Caucasian', 'height': '165', 'weight': '65'}, 'experiment': {'date': '2022-01-01', 'time': '14:00:00', 'condition': 'HW101M', 'group': 'A', 'illumination_level': 'low'}, 'task_info': {'task_name': 'Task1', 'trial_number': '5'}, 'notes': {'comments': 'Participant seemed tired during the session.'}, 'label_info': {'activity': 'sit'}}
Local Time: 2023-10-09 20:22:12 [INFO] NTP Time: [2023-10-09 21:22:12.624219]: Loaded IRA configuration: {'port': '/dev/ttyUSB0', 'baud_rate': '921600', 'Data storage location': 'IRA/data', 'IRA_Datatype': 'float'}
Local Time: 2023-10-09 20:22:12 [INFO] NTP Time: [2023-10-09 21:22:12.624296]: Reading data from /dev/ttyUSB0 at 921600 baud
Local Time: 2023-10-09 20:22:12 [INFO] NTP Time: [2023-10-09 21:22:12.741776]: Using NTP time as the start timmer.
Local Time: 2023-10-09 20:22:12 [ERROR] NTP Time: [2023-10-09 21:22:12.741858]: Error
Local Time: 2023-10-09 20:22:12 [INFO] NTP Time: [2023-10-09 21:22:12.879979]: Using the local timmer to pretend to be NTP time. Data recorded
Local Time: 2023-10-09 20:22:13 [INFO] NTP Time: [2023-10-09 21:22:13.019130]: Using the local timmer to pretend to be NTP time. Data recorded
Local Time: 2023-10-09 20:22:13 [INFO] NTP Time: [2023-10-09 21:22:13.184664]: Using the local timmer to pretend to be NTP time. Data recorded
Local Time: 2023-10-09 20:22:13 [INFO] NTP Time: [2023-10-09 21:22:13.323123]: Using the local timmer to pretend to be NTP time. Data recorded
Local Time: 2023-10-09 20:22:13 [INFO] NTP Time: [2023-10-09 21:22:13.462308]: Using the local timmer to pretend to be NTP time. Data recorded
Local Time: 2023-10-09 20:22:13 [INFO] NTP Time: [2023-10-09 21:22:13.627244]: Using the local timmer to pretend to be NTP time. Data recorded
Local Time: 2023-10-09 20:22:13 [INFO] NTP Time: [2023-10-09 21:22:13.766487]: Using the local timmer to pretend to be NTP time. Data recorded
Local Time: 2023-10-09 20:22:13 [INFO] NTP Time: [2023-10-09 21:22:13.905610]: Using the local timmer to pretend to be NTP time. Data recorded
Local Time: 2023-10-09 20:22:14 [INFO] NTP Time: [2023-10-09 21:22:14.045101]: Using the local timmer to pretend to be NTP time. Data recorded
Local Time: 2023-10-09 20:22:14 [INFO] NTP Time: [2023-10-09 21:22:14.209862]: Using the local timmer to pretend to be NTP time. Data recorded
Local Time: 2023-10-09 20:22:14 [INFO] NTP Time: [2023-10-09 21:22:14.348962]: Using the local timmer to pretend to be NTP time. Data recorded
Local Time: 2023-10-09 20:22:14 [INFO] NTP Time: [2023-10-09 21:22:14.488066]: Using the local timmer to pretend to be NTP time. Data recorded
Local Time: 2023-10-09 20:22:14 [INFO] NTP Time: [2023-10-09 21:22:14.653103]: Using the local timmer to pretend to be NTP time. Data recorded
Local Time: 2023-10-09 20:22:14 [INFO] NTP Time: [2023-10-09 21:22:14.792228]: Using the local timmer to pretend to be NTP time. Data recorded
Local Time: 2023-10-09 20:22:14 [INFO] NTP Time: [2023-10-09 21:22:14.931286]: Using the local timmer to pretend to be NTP time. Data recorded
Local Time: 2023-10-09 20:22:15 [INFO] NTP Time: [2023-10-09 21:22:15.100489]: Using the local timmer to pretend to be NTP time. Data recorded
Local Time: 2023-10-09 20:22:15 [INFO] NTP Time: [2023-10-09 21:22:15.235487]: Using the local timmer to pretend to be NTP time. Data recorded
Local Time: 2023-10-09 20:22:15 [INFO] NTP Time: [2023-10-09 21:22:15.374596]: Using the local timmer to pretend to be NTP time. Data recorded
Local Time: 2023-10-09 20:22:15 [INFO] NTP Time: [2023-10-09 21:22:15.513608]: Using the local timmer to pretend to be NTP time. Data recorded
Local Time: 2023-10-09 20:22:15 [INFO] NTP Time: [2023-10-09 21:22:15.678710]: Using the local timmer to pretend to be NTP time. Data recorded
Local Time: 2023-10-09 20:22:15 [INFO] NTP Time: [2023-10-09 21:22:15.817709]: Using the local timmer to pretend to be NTP time. Data recorded
Local Time: 2023-10-09 20:22:15 [INFO] NTP Time: [2023-10-09 21:22:15.956962]: Using the local timmer to pretend to be NTP time. Data recorded
Local Time: 2023-10-09 20:22:16 [INFO] NTP Time: [2023-10-09 21:22:16.121933]: Using the local timmer to pretend to be NTP time. Data recorded
Local Time: 2023-10-09 20:22:16 [INFO] NTP Time: [2023-10-09 21:22:16.261062]: Using the local timmer to pretend to be NTP time. Data recorded
Local Time: 2023-10-09 20:22:16 [INFO] NTP Time: [2023-10-09 21:22:16.412737]: Using the local timmer to pretend to be NTP time. Data recorded
Local Time: 2023-10-09 20:22:16 [INFO] NTP Time: [2023-10-09 21:22:16.565210]: Using the local timmer to pretend to be NTP time. Data recorded
Local Time: 2023-10-09 20:22:16 [INFO] NTP Time: [2023-10-09 21:22:16.704300]: Using the local timmer to pretend to be NTP time. Data recorded
Local Time: 2023-10-09 20:22:16 [INFO] NTP Time: [2023-10-09 21:22:16.843492]: Using the local timmer to pretend to be NTP time. Data recorded
Local Time: 2023-10-09 20:22:16 [INFO] NTP Time: [2023-10-09 21:22:16.982640]: Using the local timmer to pretend to be NTP time. Data recorded
Local Time: 2023-10-09 20:22:17 [INFO] NTP Time: [2023-10-09 21:22:17.147697]: Using the local timmer to pretend to be NTP time. Data recorded
Local Time: 2023-10-09 20:22:17 [INFO] NTP Time: [2023-10-09 21:22:17.286880]: Using the local timmer to pretend to be NTP time. Data recorded
Local Time: 2023-10-09 20:22:17 [INFO] NTP Time: [2023-10-09 21:22:17.425788]: Using the local timmer to pretend to be NTP time. Data recorded
Local Time: 2023-10-09 20:22:17 [INFO] NTP Time: [2023-10-09 21:22:17.590886]: Using the local timmer to pretend to be NTP time. Data recorded
Local Time: 2023-10-09 20:22:17 [INFO] NTP Time: [2023-10-09 21:22:17.730125]: Using the local timmer to pretend to be NTP time. Data recorded
Local Time: 2023-10-09 20:22:17 [INFO] NTP Time: [2023-10-09 21:22:17.869364]: Using the local timmer to pretend to be NTP time. Data recorded
Local Time: 2023-10-09 20:22:18 [INFO] NTP Time: [2023-10-09 21:22:18.034123]: Using the local timmer to pretend to be NTP time. Data recorded
Local Time: 2023-10-09 20:22:18 [INFO] NTP Time: [2023-10-09 21:22:18.173298]: Using the local timmer to pretend to be NTP time. Data recorded
Local Time: 2023-10-09 20:22:18 [INFO] NTP Time: [2023-10-09 21:22:18.312411]: Using the local timmer to pretend to be NTP time. Data recorded
Local Time: 2023-10-09 20:22:18 [INFO] NTP Time: [2023-10-09 21:22:18.452387]: Using the local timmer to pretend to be NTP time. Data recorded
Local Time: 2023-10-09 20:22:18 [INFO] NTP Time: [2023-10-09 21:22:18.616627]: Using the local timmer to pretend to be NTP time. Data recorded
Local Time: 2023-10-09 20:22:18 [INFO] NTP Time: [2023-10-09 21:22:18.755648]: Using the local timmer to pretend to be NTP time. Data recorded
Local Time: 2023-10-09 20:22:18 [INFO] NTP Time: [2023-10-09 21:22:18.894699]: Using the local timmer to pretend to be NTP time. Data recorded
Local Time: 2023-10-09 20:22:19 [INFO] NTP Time: [2023-10-09 21:22:19.059831]: Using the local timmer to pretend to be NTP time. Data recorded
Local Time: 2023-10-09 20:22:19 [INFO] NTP Time: [2023-10-09 21:22:19.198880]: Using the local timmer to pretend to be NTP time. Data recorded
Local Time: 2023-10-09 20:22:19 [INFO] NTP Time: [2023-10-09 21:22:19.338017]: Using the local timmer to pretend to be NTP time. Data recorded
Local Time: 2023-10-09 20:22:19 [INFO] NTP Time: [2023-10-09 21:22:19.503114]: Using the local timmer to pretend to be NTP time. Data recorded
Local Time: 2023-10-09 20:22:19 [INFO] NTP Time: [2023-10-09 21:22:19.642242]: Using the local timmer to pretend to be NTP time. Data recorded
Local Time: 2023-10-09 20:22:19 [INFO] NTP Time: [2023-10-09 21:22:19.781270]: Using the local timmer to pretend to be NTP time. Data recorded
Local Time: 2023-10-09 20:22:19 [INFO] NTP Time: [2023-10-09 21:22:19.946357]: Using the local timmer to pretend to be NTP time. Data recorded
Local Time: 2023-10-09 20:22:20 [INFO] NTP Time: [2023-10-09 21:22:20.085480]: Using the local timmer to pretend to be NTP time. Data recorded
Local Time: 2023-10-09 20:22:20 [INFO] NTP Time: [2023-10-09 21:22:20.224543]: Using the local timmer to pretend to be NTP time. Data recorded
Local Time: 2023-10-09 20:22:20 [INFO] NTP Time: [2023-10-09 21:22:20.363677]: Using the local timmer to pretend to be NTP time. Data recorded
Local Time: 2023-10-09 20:22:20 [INFO] NTP Time: [2023-10-09 21:22:20.528579]: Using the local timmer to pretend to be NTP time. Data recorded
Local Time: 2023-10-09 20:22:20 [INFO] NTP Time: [2023-10-09 21:22:20.667685]: Using the local timmer to pretend to be NTP time. Data recorded
Local Time: 2023-10-09 20:22:20 [INFO] NTP Time: [2023-10-09 21:22:20.806722]: Using the local timmer to pretend to be NTP time. Data recorded
Local Time: 2023-10-09 20:22:20 [INFO] NTP Time: [2023-10-09 21:22:20.971926]: Using the local timmer to pretend to be NTP time. Data recorded
Local Time: 2023-10-09 20:22:21 [INFO] NTP Time: [2023-10-09 21:22:21.111022]: Using the local timmer to pretend to be NTP time. Data recorded
Local Time: 2023-10-09 20:22:21 [INFO] NTP Time: [2023-10-09 21:22:21.250088]: Using the local timmer to pretend to be NTP time. Data recorded
Local Time: 2023-10-09 20:22:21 [INFO] NTP Time: [2023-10-09 21:22:21.415111]: Using the local timmer to pretend to be NTP time. Data recorded
Local Time: 2023-10-09 20:22:21 [INFO] NTP Time: [2023-10-09 21:22:21.554212]: Using the local timmer to pretend to be NTP time. Data recorded
Local Time: 2023-10-09 20:22:21 [INFO] NTP Time: [2023-10-09 21:22:21.693297]: Using the local timmer to pretend to be NTP time. Data recorded
Local Time: 2023-10-09 20:22:21 [INFO] NTP Time: [2023-10-09 21:22:21.832358]: Using the local timmer to pretend to be NTP time. Data recorded
Local Time: 2023-10-09 20:22:22 [INFO] NTP Time: [2023-10-09 21:22:21.997564]: Using the local timmer to pretend to be NTP time. Data recorded
Local Time: 2023-10-09 20:22:22 [INFO] NTP Time: [2023-10-09 21:22:22.136745]: Using the local timmer to pretend to be NTP time. Data recorded
Local Time: 2023-10-09 20:22:22 [INFO] NTP Time: [2023-10-09 21:22:22.275760]: Using the local timmer to pretend to be NTP time. Data recorded
Local Time: 2023-10-09 20:22:22 [INFO] NTP Time: [2023-10-09 21:22:22.440873]: Using the local timmer to pretend to be NTP time. Data recorded
Local Time: 2023-10-09 20:22:22 [INFO] NTP Time: [2023-10-09 21:22:22.579957]: Using the local timmer to pretend to be NTP time. Data recorded
Local Time: 2023-10-09 20:22:22 [INFO] NTP Time: [2023-10-09 21:22:22.719147]: Using the local timmer to pretend to be NTP time. Data recorded
Local Time: 2023-10-09 20:22:22 [INFO] NTP Time: [2023-10-09 21:22:22.884142]: Using the local timmer to pretend to be NTP time. Data recorded
Local Time: 2023-10-09 20:22:23 [INFO] NTP Time: [2023-10-09 21:22:23.028382]: Using the local timmer to pretend to be NTP time. Data recorded
Local Time: 2023-10-09 20:22:23 [INFO] NTP Time: [2023-10-09 21:22:23.162275]: Using the local timmer to pretend to be NTP time. Data recorded
Local Time: 2023-10-09 20:22:23 [INFO] NTP Time: [2023-10-09 21:22:23.301576]: Using the local timmer to pretend to be NTP time. Data recorded
Local Time: 2023-10-09 20:22:23 [INFO] NTP Time: [2023-10-09 21:22:23.466494]: Using the local timmer to pretend to be NTP time. Data recorded
Local Time: 2023-10-09 20:22:23 [INFO] NTP Time: [2023-10-09 21:22:23.605669]: Using the local timmer to pretend to be NTP time. Data recorded
Local Time: 2023-10-09 20:22:23 [INFO] NTP Time: [2023-10-09 21:22:23.744744]: Using the local timmer to pretend to be NTP time. Data recorded
Local Time: 2023-10-09 20:22:23 [INFO] NTP Time: [2023-10-09 21:22:23.909839]: Using the local timmer to pretend to be NTP time. Data recorded
Local Time: 2023-10-09 20:22:24 [INFO] NTP Time: [2023-10-09 21:22:24.048973]: Using the local timmer to pretend to be NTP time. Data recorded
Local Time: 2023-10-09 20:22:24 [INFO] NTP Time: [2023-10-09 21:22:24.188020]: Using the local timmer to pretend to be NTP time. Data recorded
Local Time: 2023-10-09 20:22:24 [INFO] NTP Time: [2023-10-09 21:22:24.353189]: Using the local timmer to pretend to be NTP time. Data recorded
Local Time: 2023-10-09 20:22:24 [INFO] NTP Time: [2023-10-09 21:22:24.492183]: Using the local timmer to pretend to be NTP time. Data recorded
Local Time: 2023-10-09 20:22:24 [INFO] NTP Time: [2023-10-09 21:22:24.631310]: Using the local timmer to pretend to be NTP time. Data recorded
Local Time: 2023-10-09 20:22:24 [INFO] NTP Time: [2023-10-09 21:22:24.770367]: Using the local timmer to pretend to be NTP time. Data recorded
Local Time: 2023-10-09 20:22:24 [INFO] NTP Time: [2023-10-09 21:22:24.935379]: Using the local timmer to pretend to be NTP time. Data recorded
Local Time: 2023-10-09 20:22:25 [INFO] NTP Time: [2023-10-09 21:22:25.074489]: Using the local timmer to pretend to be NTP time. Data recorded
Local Time: 2023-10-09 20:22:25 [INFO] NTP Time: [2023-10-09 21:22:25.213713]: Using the local timmer to pretend to be NTP time. Data recorded
Local Time: 2023-10-09 20:22:25 [INFO] NTP Time: [2023-10-09 21:22:25.378721]: Using the local timmer to pretend to be NTP time. Data recorded
Local Time: 2023-10-09 20:22:25 [INFO] NTP Time: [2023-10-09 21:22:25.517783]: Using the local timmer to pretend to be NTP time. Data recorded
Local Time: 2023-10-09 20:22:25 [INFO] NTP Time: [2023-10-09 21:22:25.656910]: Using the local timmer to pretend to be NTP time. Data recorded
Local Time: 2023-10-09 20:22:25 [INFO] NTP Time: [2023-10-09 21:22:25.822047]: Using the local timmer to pretend to be NTP time. Data recorded
Local Time: 2023-10-09 20:22:25 [INFO] NTP Time: [2023-10-09 21:22:25.961105]: Using the local timmer to pretend to be NTP time. Data recorded
Local Time: 2023-10-09 20:22:26 [INFO] NTP Time: [2023-10-09 21:22:26.100225]: Using the local timmer to pretend to be NTP time. Data recorded
Local Time: 2023-10-09 20:22:26 [INFO] NTP Time: [2023-10-09 21:22:26.239277]: Using the local timmer to pretend to be NTP time. Data recorded
Local Time: 2023-10-09 20:22:26 [INFO] NTP Time: [2023-10-09 21:22:26.404172]: Using the local timmer to pretend to be NTP time. Data recorded
Local Time: 2023-10-09 20:22:26 [INFO] NTP Time: [2023-10-09 21:22:26.543301]: Using the local timmer to pretend to be NTP time. Data recorded
Local Time: 2023-10-09 20:22:26 [INFO] NTP Time: [2023-10-09 21:22:26.682308]: Using the local timmer to pretend to be NTP time. Data recorded
Local Time: 2023-10-09 20:22:26 [INFO] NTP Time: [2023-10-09 21:22:26.847446]: Using the local timmer to pretend to be NTP time. Data recorded
Local Time: 2023-10-09 20:22:26 [INFO] NTP Time: [2023-10-09 21:22:26.986585]: Using the local timmer to pretend to be NTP time. Data recorded
Local Time: 2023-10-09 20:22:27 [INFO] NTP Time: [2023-10-09 21:22:27.125782]: Using the local timmer to pretend to be NTP time. Data recorded
Local Time: 2023-10-09 20:22:27 [INFO] NTP Time: [2023-10-09 21:22:27.290743]: Using the local timmer to pretend to be NTP time. Data recorded
Local Time: 2023-10-09 20:22:27 [INFO] NTP Time: [2023-10-09 21:22:27.429806]: Using the local timmer to pretend to be NTP time. Data recorded
Local Time: 2023-10-09 20:22:27 [INFO] NTP Time: [2023-10-09 21:22:27.568766]: Using the local timmer to pretend to be NTP time. Data recorded
Local Time: 2023-10-09 20:22:27 [INFO] NTP Time: [2023-10-09 21:22:27.707812]: Using the local timmer to pretend to be NTP time. Data recorded
Local Time: 2023-10-09 20:22:27 [INFO] NTP Time: [2023-10-09 21:22:27.872870]: Using the local timmer to pretend to be NTP time. Data recorded
Local Time: 2023-10-09 20:22:28 [INFO] NTP Time: [2023-10-09 21:22:28.011984]: Using the local timmer to pretend to be NTP time. Data recorded
Local Time: 2023-10-09 20:22:28 [INFO] NTP Time: [2023-10-09 21:22:28.151093]: Using the local timmer to pretend to be NTP time. Data recorded
Local Time: 2023-10-09 20:22:28 [INFO] NTP Time: [2023-10-09 21:22:28.316100]: Using the local timmer to pretend to be NTP time. Data recorded
Local Time: 2023-10-09 20:22:28 [INFO] NTP Time: [2023-10-09 21:22:28.455216]: Using the local timmer to pretend to be NTP time. Data recorded
Local Time: 2023-10-09 20:22:28 [INFO] NTP Time: [2023-10-09 21:22:28.594311]: Using the local timmer to pretend to be NTP time. Data recorded
Local Time: 2023-10-09 20:22:28 [INFO] NTP Time: [2023-10-09 21:22:28.759450]: Using the local timmer to pretend to be NTP time. Data recorded
Local Time: 2023-10-09 20:22:28 [INFO] NTP Time: [2023-10-09 21:22:28.898609]: Using the local timmer to pretend to be NTP time. Data recorded
Local Time: 2023-10-09 20:22:29 [INFO] NTP Time: [2023-10-09 21:22:29.037655]: Using the local timmer to pretend to be NTP time. Data recorded
Local Time: 2023-10-09 20:22:29 [INFO] NTP Time: [2023-10-09 21:22:29.202744]: Using the local timmer to pretend to be NTP time. Data recorded
Local Time: 2023-10-09 20:22:29 [INFO] NTP Time: [2023-10-09 21:22:29.342017]: Using the local timmer to pretend to be NTP time. Data recorded
Local Time: 2023-10-09 20:22:29 [INFO] NTP Time: [2023-10-09 21:22:29.480877]: Using the local timmer to pretend to be NTP time. Data recorded
Local Time: 2023-10-09 20:22:29 [INFO] NTP Time: [2023-10-09 21:22:29.619985]: Using the local timmer to pretend to be NTP time. Data recorded
Local Time: 2023-10-09 20:22:29 [INFO] NTP Time: [2023-10-09 21:22:29.785241]: Using the local timmer to pretend to be NTP time. Data recorded
Local Time: 2023-10-09 20:22:29 [INFO] NTP Time: [2023-10-09 21:22:29.924306]: Using the local timmer to pretend to be NTP time. Data recorded
Local Time: 2023-10-09 20:22:30 [INFO] NTP Time: [2023-10-09 21:22:30.063342]: Using the local timmer to pretend to be NTP time. Data recorded
Local Time: 2023-10-09 20:22:30 [INFO] NTP Time: [2023-10-09 21:22:30.228658]: Using the local timmer to pretend to be NTP time. Data recorded
Local Time: 2023-10-09 20:22:30 [INFO] NTP Time: [2023-10-09 21:22:30.367613]: Using the local timmer to pretend to be NTP time. Data recorded
Local Time: 2023-10-09 20:22:30 [INFO] NTP Time: [2023-10-09 21:22:30.506770]: Using the local timmer to pretend to be NTP time. Data recorded
Local Time: 2023-10-09 20:22:30 [INFO] NTP Time: [2023-10-09 21:22:30.671721]: Using the local timmer to pretend to be NTP time. Data recorded
Local Time: 2023-10-09 20:22:30 [INFO] NTP Time: [2023-10-09 21:22:30.810977]: Using the local timmer to pretend to be NTP time. Data recorded
Local Time: 2023-10-09 20:22:30 [INFO] NTP Time: [2023-10-09 21:22:30.950076]: Using the local timmer to pretend to be NTP time. Data recorded
Local Time: 2023-10-09 20:22:31 [INFO] NTP Time: [2023-10-09 21:22:31.089089]: Using the local timmer to pretend to be NTP time. Data recorded
Local Time: 2023-10-09 20:22:31 [INFO] NTP Time: [2023-10-09 21:22:31.254222]: Using the local timmer to pretend to be NTP time. Data recorded
Local Time: 2023-10-09 20:22:31 [INFO] NTP Time: [2023-10-09 21:22:31.393560]: Using the local timmer to pretend to be NTP time. Data recorded
Local Time: 2023-10-09 20:22:31 [INFO] NTP Time: [2023-10-09 21:22:31.532301]: Using the local timmer to pretend to be NTP time. Data recorded
Local Time: 2023-10-09 20:22:31 [INFO] NTP Time: [2023-10-09 21:22:31.697298]: Using the local timmer to pretend to be NTP time. Data recorded
Local Time: 2023-10-09 20:22:31 [INFO] NTP Time: [2023-10-09 21:22:31.836405]: Using the local timmer to pretend to be NTP time. Data recorded
Local Time: 2023-10-09 20:22:31 [INFO] NTP Time: [2023-10-09 21:22:31.975488]: Using the local timmer to pretend to be NTP time. Data recorded
Local Time: 2023-10-09 20:22:32 [INFO] NTP Time: [2023-10-09 21:22:32.140637]: Using the local timmer to pretend to be NTP time. Data recorded
Local Time: 2023-10-09 20:22:32 [INFO] NTP Time: [2023-10-09 21:22:32.279750]: Using the local timmer to pretend to be NTP time. Data recorded
Local Time: 2023-10-09 20:22:32 [INFO] NTP Time: [2023-10-09 21:22:32.419606]: Using the local timmer to pretend to be NTP time. Data recorded
Local Time: 2023-10-09 20:22:32 [INFO] NTP Time: [2023-10-09 21:22:32.557849]: Using the local timmer to pretend to be NTP time. Data recorded
Local Time: 2023-10-09 20:22:32 [INFO] NTP Time: [2023-10-09 21:22:32.723040]: Using the local timmer to pretend to be NTP time. Data recorded
Local Time: 2023-10-09 20:22:32 [INFO] NTP Time: [2023-10-09 21:22:32.862155]: Using the local timmer to pretend to be NTP time. Data recorded
Local Time: 2023-10-09 20:22:33 [INFO] NTP Time: [2023-10-09 21:22:33.001337]: Using the local timmer to pretend to be NTP time. Data recorded
Local Time: 2023-10-09 20:22:33 [INFO] NTP Time: [2023-10-09 21:22:33.166352]: Using the local timmer to pretend to be NTP time. Data recorded
Local Time: 2023-10-09 20:22:33 [INFO] NTP Time: [2023-10-09 21:22:33.305548]: Using the local timmer to pretend to be NTP time. Data recorded
Local Time: 2023-10-09 20:22:33 [INFO] NTP Time: [2023-10-09 21:22:33.444556]: Using the local timmer to pretend to be NTP time. Data recorded
Local Time: 2023-10-09 20:22:33 [INFO] NTP Time: [2023-10-09 21:22:33.609650]: Using the local timmer to pretend to be NTP time. Data recorded
Local Time: 2023-10-09 20:22:33 [INFO] NTP Time: [2023-10-09 21:22:33.748803]: Using the local timmer to pretend to be NTP time. Data recorded
Local Time: 2023-10-09 20:22:33 [INFO] NTP Time: [2023-10-09 21:22:33.887916]: Using the local timmer to pretend to be NTP time. Data recorded
Local Time: 2023-10-09 20:22:34 [INFO] NTP Time: [2023-10-09 21:22:34.026942]: Using the local timmer to pretend to be NTP time. Data recorded
Local Time: 2023-10-09 20:22:34 [INFO] NTP Time: [2023-10-09 21:22:34.192012]: Using the local timmer to pretend to be NTP time. Data recorded
Local Time: 2023-10-09 20:22:34 [INFO] NTP Time: [2023-10-09 21:22:34.331065]: Using the local timmer to pretend to be NTP time. Data recorded
Local Time: 2023-10-09 20:22:34 [INFO] NTP Time: [2023-10-09 21:22:34.470250]: Using the local timmer to pretend to be NTP time. Data recorded
Local Time: 2023-10-09 20:22:34 [INFO] NTP Time: [2023-10-09 21:22:34.635309]: Using the local timmer to pretend to be NTP time. Data recorded
Local Time: 2023-10-09 20:22:34 [INFO] NTP Time: [2023-10-09 21:22:34.774453]: Using the local timmer to pretend to be NTP time. Data recorded
Local Time: 2023-10-09 20:22:34 [INFO] NTP Time: [2023-10-09 21:22:34.913461]: Using the local timmer to pretend to be NTP time. Data recorded
Local Time: 2023-10-09 20:22:35 [INFO] NTP Time: [2023-10-09 21:22:35.078713]: Using the local timmer to pretend to be NTP time. Data recorded
Local Time: 2023-10-09 20:22:35 [INFO] NTP Time: [2023-10-09 21:22:35.217853]: Using the local timmer to pretend to be NTP time. Data recorded
Local Time: 2023-10-09 20:22:35 [INFO] NTP Time: [2023-10-09 21:22:35.356875]: Using the local timmer to pretend to be NTP time. Data recorded
Local Time: 2023-10-09 20:22:35 [INFO] NTP Time: [2023-10-09 21:22:35.495910]: Using the local timmer to pretend to be NTP time. Data recorded
Local Time: 2023-10-09 20:22:35 [INFO] NTP Time: [2023-10-09 21:22:35.660879]: Using the local timmer to pretend to be NTP time. Data recorded
Local Time: 2023-10-09 20:22:35 [INFO] NTP Time: [2023-10-09 21:22:35.799899]: Using the local timmer to pretend to be NTP time. Data recorded
Local Time: 2023-10-09 20:22:35 [INFO] NTP Time: [2023-10-09 21:22:35.939143]: Using the local timmer to pretend to be NTP time. Data recorded
Local Time: 2023-10-09 20:22:36 [INFO] NTP Time: [2023-10-09 21:22:36.104228]: Using the local timmer to pretend to be NTP time. Data recorded
Local Time: 2023-10-09 20:22:36 [INFO] NTP Time: [2023-10-09 21:22:36.243352]: Using the local timmer to pretend to be NTP time. Data recorded
Local Time: 2023-10-09 20:22:36 [INFO] NTP Time: [2023-10-09 21:22:36.382505]: Using the local timmer to pretend to be NTP time. Data recorded
Local Time: 2023-10-09 20:22:36 [INFO] NTP Time: [2023-10-09 21:22:36.547380]: Using the local timmer to pretend to be NTP time. Data recorded
Local Time: 2023-10-09 20:22:36 [INFO] NTP Time: [2023-10-09 21:22:36.686522]: Using the local timmer to pretend to be NTP time. Data recorded
Local Time: 2023-10-09 20:22:36 [INFO] NTP Time: [2023-10-09 21:22:36.825475]: Using the local timmer to pretend to be NTP time. Data recorded
Local Time: 2023-10-09 20:22:36 [INFO] NTP Time: [2023-10-09 21:22:36.990701]: Using the local timmer to pretend to be NTP time. Data recorded
Local Time: 2023-10-09 20:22:37 [INFO] NTP Time: [2023-10-09 21:22:37.129739]: Using the local timmer to pretend to be NTP time. Data recorded
Local Time: 2023-10-09 20:22:37 [INFO] NTP Time: [2023-10-09 21:22:37.268896]: Using the local timmer to pretend to be NTP time. Data recorded
Local Time: 2023-10-09 20:22:37 [INFO] NTP Time: [2023-10-09 21:22:37.407959]: Using the local timmer to pretend to be NTP time. Data recorded
Local Time: 2023-10-09 20:22:37 [INFO] NTP Time: [2023-10-09 21:22:37.572919]: Using the local timmer to pretend to be NTP time. Data recorded
Local Time: 2023-10-09 20:22:37 [INFO] NTP Time: [2023-10-09 21:22:37.715874]: Using the local timmer to pretend to be NTP time. Data recorded
Local Time: 2023-10-09 20:22:37 [INFO] NTP Time: [2023-10-09 21:22:37.851232]: Using the local timmer to pretend to be NTP time. Data recorded
Local Time: 2023-10-09 20:22:38 [INFO] NTP Time: [2023-10-09 21:22:38.017130]: Using the local timmer to pretend to be NTP time. Data recorded
Local Time: 2023-10-09 20:22:38 [INFO] NTP Time: [2023-10-09 21:22:38.038515]: End recording by a terminate action.
