Local Time: 2023-10-09 21:40:52 [INFO] NTP Time: [2023-10-09 22:40:52.597608]: Loaded configuration: {'participant': {'id': 'P001', 'age': '25', 'gender': 'M', 'ethnicity': 'Caucasian', 'height': '165', 'weight': '65'}, 'experiment': {'date': '2022-01-01', 'time': '14:00:00', 'condition': 'HW101M', 'group': 'A', 'illumination_level': 'low'}, 'task_info': {'task_name': 'Task1', 'trial_number': '5'}, 'notes': {'comments': 'Participant seemed tired during the session.'}, 'label_info': {'activity': 'sit'}}
Local Time: 2023-10-09 21:40:52 [INFO] NTP Time: [2023-10-09 22:40:52.597901]: Loaded IRA configuration: {'port': '/dev/ttyUSB0', 'baud_rate': '921600', 'Data storage location': 'IRA/data', 'IRA_Datatype': 'float'}
Local Time: 2023-10-09 21:40:52 [INFO] NTP Time: [2023-10-09 22:40:52.598063]: Reading data from /dev/ttyUSB0 at 921600 baud
Local Time: 2023-10-09 21:40:52 [ERROR] NTP Time: [2023-10-09 22:40:52.620070]: Error
Local Time: 2023-10-09 21:40:52 [INFO] NTP Time: [2023-10-09 22:40:52.755639]: Using NTP time as the start timmer.
Local Time: 2023-10-09 21:40:52 [ERROR] NTP Time: [2023-10-09 22:40:52.755847]: Error
Local Time: 2023-10-09 21:40:52 [INFO] NTP Time: [2023-10-09 22:40:52.919478]: Using the local timmer to pretend to be NTP time. Data recorded
Local Time: 2023-10-09 21:40:53 [INFO] NTP Time: [2023-10-09 22:40:53.058212]: Using the local timmer to pretend to be NTP time. Data recorded
Local Time: 2023-10-09 21:40:53 [INFO] NTP Time: [2023-10-09 22:40:53.196500]: Using the local timmer to pretend to be NTP time. Data recorded
Local Time: 2023-10-09 21:40:53 [INFO] NTP Time: [2023-10-09 22:40:53.362637]: Using the local timmer to pretend to be NTP time. Data recorded
Local Time: 2023-10-09 21:40:53 [INFO] NTP Time: [2023-10-09 22:40:53.548776]: Using the local timmer to pretend to be NTP time. Data recorded
Local Time: 2023-10-09 21:40:53 [INFO] NTP Time: [2023-10-09 22:40:53.640210]: Using the local timmer to pretend to be NTP time. Data recorded
Local Time: 2023-10-09 21:40:53 [INFO] NTP Time: [2023-10-09 22:40:53.813544]: Using the local timmer to pretend to be NTP time. Data recorded
Local Time: 2023-10-09 21:40:53 [INFO] NTP Time: [2023-10-09 22:40:53.944914]: Using the local timmer to pretend to be NTP time. Data recorded
Local Time: 2023-10-09 21:40:54 [INFO] NTP Time: [2023-10-09 22:40:54.084024]: Using the local timmer to pretend to be NTP time. Data recorded
Local Time: 2023-10-09 21:40:54 [INFO] NTP Time: [2023-10-09 22:40:54.223370]: Using the local timmer to pretend to be NTP time. Data recorded
Local Time: 2023-10-09 21:40:54 [INFO] NTP Time: [2023-10-09 22:40:54.409024]: Using the local timmer to pretend to be NTP time. Data recorded
Local Time: 2023-10-09 21:40:54 [INFO] NTP Time: [2023-10-09 22:40:54.526236]: Using the local timmer to pretend to be NTP time. Data recorded
Local Time: 2023-10-09 21:40:54 [INFO] NTP Time: [2023-10-09 22:40:54.719188]: Using the local timmer to pretend to be NTP time. Data recorded
Local Time: 2023-10-09 21:40:54 [INFO] NTP Time: [2023-10-09 22:40:54.831565]: Using the local timmer to pretend to be NTP time. Data recorded
Local Time: 2023-10-09 21:40:55 [INFO] NTP Time: [2023-10-09 22:40:55.008771]: Using the local timmer to pretend to be NTP time. Data recorded
Local Time: 2023-10-09 21:40:55 [INFO] NTP Time: [2023-10-09 22:40:55.112345]: Using the local timmer to pretend to be NTP time. Data recorded
Local Time: 2023-10-09 21:40:55 [INFO] NTP Time: [2023-10-09 22:40:55.274831]: Using the local timmer to pretend to be NTP time. Data recorded
Local Time: 2023-10-09 21:40:55 [INFO] NTP Time: [2023-10-09 22:40:55.436498]: Using the local timmer to pretend to be NTP time. Data recorded
Local Time: 2023-10-09 21:40:55 [INFO] NTP Time: [2023-10-09 22:40:55.551917]: Using the local timmer to pretend to be NTP time. Data recorded
Local Time: 2023-10-09 21:40:55 [INFO] NTP Time: [2023-10-09 22:40:55.691518]: Using the local timmer to pretend to be NTP time. Data recorded
Local Time: 2023-10-09 21:40:55 [INFO] NTP Time: [2023-10-09 22:40:55.882865]: Using the local timmer to pretend to be NTP time. Data recorded
Local Time: 2023-10-09 21:40:56 [INFO] NTP Time: [2023-10-09 22:40:55.995616]: Using the local timmer to pretend to be NTP time. Data recorded
Local Time: 2023-10-09 21:40:56 [INFO] NTP Time: [2023-10-09 22:40:56.134467]: Using the local timmer to pretend to be NTP time. Data recorded
Local Time: 2023-10-09 21:40:56 [INFO] NTP Time: [2023-10-09 22:40:56.300775]: Using the local timmer to pretend to be NTP time. Data recorded
Local Time: 2023-10-09 21:40:56 [INFO] NTP Time: [2023-10-09 22:40:56.470889]: Using the local timmer to pretend to be NTP time. Data recorded
Local Time: 2023-10-09 21:40:56 [INFO] NTP Time: [2023-10-09 22:40:56.577314]: Using the local timmer to pretend to be NTP time. Data recorded
Local Time: 2023-10-09 21:40:56 [INFO] NTP Time: [2023-10-09 22:40:56.743750]: Using the local timmer to pretend to be NTP time. Data recorded
Local Time: 2023-10-09 21:40:56 [INFO] NTP Time: [2023-10-09 22:40:56.898288]: Using the local timmer to pretend to be NTP time. Data recorded
Local Time: 2023-10-09 21:40:57 [INFO] NTP Time: [2023-10-09 22:40:57.020832]: Using the local timmer to pretend to be NTP time. Data recorded
Local Time: 2023-10-09 21:40:57 [INFO] NTP Time: [2023-10-09 22:40:57.160664]: Using the local timmer to pretend to be NTP time. Data recorded
Local Time: 2023-10-09 21:40:57 [INFO] NTP Time: [2023-10-09 22:40:57.325926]: Using the local timmer to pretend to be NTP time. Data recorded
Local Time: 2023-10-09 21:40:57 [INFO] NTP Time: [2023-10-09 22:40:57.493928]: Using the local timmer to pretend to be NTP time. Data recorded
Local Time: 2023-10-09 21:40:57 [INFO] NTP Time: [2023-10-09 22:40:57.603026]: Using the local timmer to pretend to be NTP time. Data recorded
Local Time: 2023-10-09 21:40:57 [INFO] NTP Time: [2023-10-09 22:40:57.768479]: Using the local timmer to pretend to be NTP time. Data recorded
Local Time: 2023-10-09 21:40:58 [ERROR] NTP Time: [2023-10-09 22:40:58.047793]: Error
Local Time: 2023-10-09 21:40:58 [INFO] NTP Time: [2023-10-09 22:40:58.213021]: Using the local timmer to pretend to be NTP time. Data recorded
Local Time: 2023-10-09 21:40:58 [INFO] NTP Time: [2023-10-09 22:40:58.351528]: Using the local timmer to pretend to be NTP time. Data recorded
Local Time: 2023-10-09 21:40:58 [INFO] NTP Time: [2023-10-09 22:40:58.516594]: Using the local timmer to pretend to be NTP time. Data recorded
Local Time: 2023-10-09 21:40:58 [INFO] NTP Time: [2023-10-09 22:40:58.629099]: Using the local timmer to pretend to be NTP time. Data recorded
Local Time: 2023-10-09 21:40:58 [INFO] NTP Time: [2023-10-09 22:40:58.795530]: Using the local timmer to pretend to be NTP time. Data recorded
Local Time: 2023-10-09 21:40:58 [INFO] NTP Time: [2023-10-09 22:40:58.934052]: Using the local timmer to pretend to be NTP time. Data recorded
Local Time: 2023-10-09 21:40:59 [INFO] NTP Time: [2023-10-09 22:40:59.093901]: Using the local timmer to pretend to be NTP time. Data recorded
Local Time: 2023-10-09 21:40:59 [INFO] NTP Time: [2023-10-09 22:40:59.237445]: Using the local timmer to pretend to be NTP time. Data recorded
Local Time: 2023-10-09 21:40:59 [INFO] NTP Time: [2023-10-09 22:40:59.376282]: Using the local timmer to pretend to be NTP time. Data recorded
Local Time: 2023-10-09 21:40:59 [INFO] NTP Time: [2023-10-09 22:40:59.542837]: Using the local timmer to pretend to be NTP time. Data recorded
Local Time: 2023-10-09 21:40:59 [INFO] NTP Time: [2023-10-09 22:40:59.680510]: Using the local timmer to pretend to be NTP time. Data recorded
Local Time: 2023-10-09 21:40:59 [INFO] NTP Time: [2023-10-09 22:40:59.819766]: Using the local timmer to pretend to be NTP time. Data recorded
Local Time: 2023-10-09 21:40:59 [INFO] NTP Time: [2023-10-09 22:40:59.959885]: Using the local timmer to pretend to be NTP time. Data recorded
Local Time: 2023-10-09 21:41:00 [INFO] NTP Time: [2023-10-09 22:41:00.120532]: Using the local timmer to pretend to be NTP time. Data recorded
Local Time: 2023-10-09 21:41:00 [INFO] NTP Time: [2023-10-09 22:41:00.264307]: Using the local timmer to pretend to be NTP time. Data recorded
Local Time: 2023-10-09 21:41:00 [INFO] NTP Time: [2023-10-09 22:41:00.403315]: Using the local timmer to pretend to be NTP time. Data recorded
Local Time: 2023-10-09 21:41:00 [INFO] NTP Time: [2023-10-09 22:41:00.540966]: Using the local timmer to pretend to be NTP time. Data recorded
Local Time: 2023-10-09 21:41:00 [INFO] NTP Time: [2023-10-09 22:41:00.707234]: Using the local timmer to pretend to be NTP time. Data recorded
Local Time: 2023-10-09 21:41:00 [INFO] NTP Time: [2023-10-09 22:41:00.846754]: Using the local timmer to pretend to be NTP time. Data recorded
Local Time: 2023-10-09 21:41:00 [INFO] NTP Time: [2023-10-09 22:41:00.984975]: Using the local timmer to pretend to be NTP time. Data recorded
Local Time: 2023-10-09 21:41:01 [INFO] NTP Time: [2023-10-09 22:41:01.151247]: Using the local timmer to pretend to be NTP time. Data recorded
Local Time: 2023-10-09 21:41:01 [INFO] NTP Time: [2023-10-09 22:41:01.289496]: Using the local timmer to pretend to be NTP time. Data recorded
Local Time: 2023-10-09 21:41:01 [INFO] NTP Time: [2023-10-09 22:41:01.427650]: Using the local timmer to pretend to be NTP time. Data recorded
Local Time: 2023-10-09 21:41:01 [INFO] NTP Time: [2023-10-09 22:41:01.597291]: Using the local timmer to pretend to be NTP time. Data recorded
Local Time: 2023-10-09 21:41:01 [INFO] NTP Time: [2023-10-09 22:41:01.733833]: Using the local timmer to pretend to be NTP time. Data recorded
Local Time: 2023-10-09 21:41:01 [INFO] NTP Time: [2023-10-09 22:41:01.885907]: Using the local timmer to pretend to be NTP time. Data recorded
Local Time: 2023-10-09 21:41:02 [INFO] NTP Time: [2023-10-09 22:41:02.010742]: Using the local timmer to pretend to be NTP time. Data recorded
Local Time: 2023-10-09 21:41:02 [INFO] NTP Time: [2023-10-09 22:41:02.176136]: Using the local timmer to pretend to be NTP time. Data recorded
Local Time: 2023-10-09 21:41:02 [INFO] NTP Time: [2023-10-09 22:41:02.314119]: Using the local timmer to pretend to be NTP time. Data recorded
Local Time: 2023-10-09 21:41:02 [INFO] NTP Time: [2023-10-09 22:41:02.486637]: Using the local timmer to pretend to be NTP time. Data recorded
Local Time: 2023-10-09 21:41:02 [INFO] NTP Time: [2023-10-09 22:41:02.619409]: Using the local timmer to pretend to be NTP time. Data recorded
Local Time: 2023-10-09 21:41:02 [INFO] NTP Time: [2023-10-09 22:41:02.764075]: Using the local timmer to pretend to be NTP time. Data recorded
Local Time: 2023-10-09 21:41:02 [INFO] NTP Time: [2023-10-09 22:41:02.896893]: Using the local timmer to pretend to be NTP time. Data recorded
Local Time: 2023-10-09 21:41:03 [ERROR] NTP Time: [2023-10-09 22:41:03.203848]: Error
Local Time: 2023-10-09 21:41:03 [INFO] NTP Time: [2023-10-09 22:41:03.341234]: Using the local timmer to pretend to be NTP time. Data recorded
Local Time: 2023-10-09 21:41:03 [INFO] NTP Time: [2023-10-09 22:41:03.478915]: Using the local timmer to pretend to be NTP time. Data recorded
Local Time: 2023-10-09 21:41:03 [INFO] NTP Time: [2023-10-09 22:41:03.652669]: Using the local timmer to pretend to be NTP time. Data recorded
Local Time: 2023-10-09 21:41:03 [INFO] NTP Time: [2023-10-09 22:41:03.784178]: Using the local timmer to pretend to be NTP time. Data recorded
Local Time: 2023-10-09 21:41:03 [INFO] NTP Time: [2023-10-09 22:41:03.922903]: Using the local timmer to pretend to be NTP time. Data recorded
Local Time: 2023-10-09 21:41:04 [INFO] NTP Time: [2023-10-09 22:41:04.087801]: Using the local timmer to pretend to be NTP time. Data recorded
Local Time: 2023-10-09 21:41:04 [INFO] NTP Time: [2023-10-09 22:41:04.229765]: Using the local timmer to pretend to be NTP time. Data recorded
Local Time: 2023-10-09 21:41:04 [INFO] NTP Time: [2023-10-09 22:41:04.367495]: Using the local timmer to pretend to be NTP time. Data recorded
Local Time: 2023-10-09 21:41:04 [INFO] NTP Time: [2023-10-09 22:41:04.531333]: Using the local timmer to pretend to be NTP time. Data recorded
Local Time: 2023-10-09 21:41:04 [INFO] NTP Time: [2023-10-09 22:41:04.670256]: Using the local timmer to pretend to be NTP time. Data recorded
Local Time: 2023-10-09 21:41:04 [INFO] NTP Time: [2023-10-09 22:41:04.810591]: Using the local timmer to pretend to be NTP time. Data recorded
Local Time: 2023-10-09 21:41:04 [INFO] NTP Time: [2023-10-09 22:41:04.948865]: Using the local timmer to pretend to be NTP time. Data recorded
Local Time: 2023-10-09 21:41:05 [INFO] NTP Time: [2023-10-09 22:41:05.114120]: Using the local timmer to pretend to be NTP time. Data recorded
Local Time: 2023-10-09 21:41:05 [INFO] NTP Time: [2023-10-09 22:41:05.252154]: Using the local timmer to pretend to be NTP time. Data recorded
Local Time: 2023-10-09 21:41:05 [INFO] NTP Time: [2023-10-09 22:41:05.393047]: Using the local timmer to pretend to be NTP time. Data recorded
Local Time: 2023-10-09 21:41:05 [INFO] NTP Time: [2023-10-09 22:41:05.558007]: Using the local timmer to pretend to be NTP time. Data recorded
Local Time: 2023-10-09 21:41:05 [INFO] NTP Time: [2023-10-09 22:41:05.697030]: Using the local timmer to pretend to be NTP time. Data recorded
Local Time: 2023-10-09 21:41:05 [INFO] NTP Time: [2023-10-09 22:41:05.835450]: Using the local timmer to pretend to be NTP time. Data recorded
Local Time: 2023-10-09 21:41:06 [INFO] NTP Time: [2023-10-09 22:41:06.000133]: Using the local timmer to pretend to be NTP time. Data recorded
Local Time: 2023-10-09 21:41:06 [INFO] NTP Time: [2023-10-09 22:41:06.139525]: Using the local timmer to pretend to be NTP time. Data recorded
Local Time: 2023-10-09 21:41:06 [INFO] NTP Time: [2023-10-09 22:41:06.278837]: Using the local timmer to pretend to be NTP time. Data recorded
Local Time: 2023-10-09 21:41:06 [INFO] NTP Time: [2023-10-09 22:41:06.444155]: Using the local timmer to pretend to be NTP time. Data recorded
Local Time: 2023-10-09 21:41:06 [INFO] NTP Time: [2023-10-09 22:41:06.582880]: Using the local timmer to pretend to be NTP time. Data recorded
Local Time: 2023-10-09 21:41:06 [INFO] NTP Time: [2023-10-09 22:41:06.721667]: Using the local timmer to pretend to be NTP time. Data recorded
Local Time: 2023-10-09 21:41:06 [INFO] NTP Time: [2023-10-09 22:41:06.862557]: Using the local timmer to pretend to be NTP time. Data recorded
Local Time: 2023-10-09 21:41:07 [INFO] NTP Time: [2023-10-09 22:41:07.030073]: Using the local timmer to pretend to be NTP time. Data recorded
Local Time: 2023-10-09 21:41:07 [INFO] NTP Time: [2023-10-09 22:41:07.165720]: Using the local timmer to pretend to be NTP time. Data recorded
Local Time: 2023-10-09 21:41:07 [INFO] NTP Time: [2023-10-09 22:41:07.304472]: Using the local timmer to pretend to be NTP time. Data recorded
Local Time: 2023-10-09 21:41:07 [INFO] NTP Time: [2023-10-09 22:41:07.468445]: Using the local timmer to pretend to be NTP time. Data recorded
Local Time: 2023-10-09 21:41:07 [INFO] NTP Time: [2023-10-09 22:41:07.607648]: Using the local timmer to pretend to be NTP time. Data recorded
Local Time: 2023-10-09 21:41:07 [INFO] NTP Time: [2023-10-09 22:41:07.747589]: Using the local timmer to pretend to be NTP time. Data recorded
Local Time: 2023-10-09 21:41:07 [INFO] NTP Time: [2023-10-09 22:41:07.911757]: Using the local timmer to pretend to be NTP time. Data recorded
Local Time: 2023-10-09 21:41:08 [INFO] NTP Time: [2023-10-09 22:41:08.050859]: Using the local timmer to pretend to be NTP time. Data recorded
Local Time: 2023-10-09 21:41:08 [INFO] NTP Time: [2023-10-09 22:41:08.191527]: Using the local timmer to pretend to be NTP time. Data recorded
Local Time: 2023-10-09 21:41:08 [INFO] NTP Time: [2023-10-09 22:41:08.330243]: Using the local timmer to pretend to be NTP time. Data recorded
Local Time: 2023-10-09 21:41:08 [INFO] NTP Time: [2023-10-09 22:41:08.495465]: Using the local timmer to pretend to be NTP time. Data recorded
Local Time: 2023-10-09 21:41:08 [INFO] NTP Time: [2023-10-09 22:41:08.633786]: Using the local timmer to pretend to be NTP time. Data recorded
Local Time: 2023-10-09 21:41:08 [INFO] NTP Time: [2023-10-09 22:41:08.772352]: Using the local timmer to pretend to be NTP time. Data recorded
Local Time: 2023-10-09 21:41:08 [INFO] NTP Time: [2023-10-09 22:41:08.937839]: Using the local timmer to pretend to be NTP time. Data recorded
Local Time: 2023-10-09 21:41:09 [INFO] NTP Time: [2023-10-09 22:41:09.077082]: Using the local timmer to pretend to be NTP time. Data recorded
Local Time: 2023-10-09 21:41:09 [INFO] NTP Time: [2023-10-09 22:41:09.216200]: Using the local timmer to pretend to be NTP time. Data recorded
Local Time: 2023-10-09 21:41:09 [INFO] NTP Time: [2023-10-09 22:41:09.381489]: Using the local timmer to pretend to be NTP time. Data recorded
Local Time: 2023-10-09 21:41:09 [INFO] NTP Time: [2023-10-09 22:41:09.519630]: Using the local timmer to pretend to be NTP time. Data recorded
Local Time: 2023-10-09 21:41:09 [INFO] NTP Time: [2023-10-09 22:41:09.661368]: Using the local timmer to pretend to be NTP time. Data recorded
Local Time: 2023-10-09 21:41:09 [INFO] NTP Time: [2023-10-09 22:41:09.799151]: Using the local timmer to pretend to be NTP time. Data recorded
Local Time: 2023-10-09 21:41:09 [INFO] NTP Time: [2023-10-09 22:41:09.964521]: Using the local timmer to pretend to be NTP time. Data recorded
Local Time: 2023-10-09 21:41:10 [INFO] NTP Time: [2023-10-09 22:41:10.103176]: Using the local timmer to pretend to be NTP time. Data recorded
Local Time: 2023-10-09 21:41:10 [INFO] NTP Time: [2023-10-09 22:41:10.242072]: Using the local timmer to pretend to be NTP time. Data recorded
Local Time: 2023-10-09 21:41:10 [INFO] NTP Time: [2023-10-09 22:41:10.406924]: Using the local timmer to pretend to be NTP time. Data recorded
Local Time: 2023-10-09 21:41:10 [INFO] NTP Time: [2023-10-09 22:41:10.552982]: Using the local timmer to pretend to be NTP time. Data recorded
Local Time: 2023-10-09 21:41:10 [INFO] NTP Time: [2023-10-09 22:41:10.684534]: Using the local timmer to pretend to be NTP time. Data recorded
Local Time: 2023-10-09 21:41:10 [INFO] NTP Time: [2023-10-09 22:41:10.849313]: Using the local timmer to pretend to be NTP time. Data recorded
Local Time: 2023-10-09 21:41:10 [INFO] NTP Time: [2023-10-09 22:41:10.988648]: Using the local timmer to pretend to be NTP time. Data recorded
Local Time: 2023-10-09 21:41:11 [INFO] NTP Time: [2023-10-09 22:41:11.128642]: Using the local timmer to pretend to be NTP time. Data recorded
Local Time: 2023-10-09 21:41:11 [INFO] NTP Time: [2023-10-09 22:41:11.268183]: Using the local timmer to pretend to be NTP time. Data recorded
Local Time: 2023-10-09 21:41:11 [INFO] NTP Time: [2023-10-09 22:41:11.436648]: Using the local timmer to pretend to be NTP time. Data recorded
Local Time: 2023-10-09 21:41:11 [INFO] NTP Time: [2023-10-09 22:41:11.571176]: Using the local timmer to pretend to be NTP time. Data recorded
Local Time: 2023-10-09 21:41:11 [INFO] NTP Time: [2023-10-09 22:41:11.710441]: Using the local timmer to pretend to be NTP time. Data recorded
Local Time: 2023-10-09 21:41:11 [INFO] NTP Time: [2023-10-09 22:41:11.876750]: Using the local timmer to pretend to be NTP time. Data recorded
Local Time: 2023-10-09 21:41:12 [INFO] NTP Time: [2023-10-09 22:41:12.014269]: Using the local timmer to pretend to be NTP time. Data recorded
Local Time: 2023-10-09 21:41:12 [INFO] NTP Time: [2023-10-09 22:41:12.153196]: Using the local timmer to pretend to be NTP time. Data recorded
Local Time: 2023-10-09 21:41:12 [INFO] NTP Time: [2023-10-09 22:41:12.319314]: Using the local timmer to pretend to be NTP time. Data recorded
Local Time: 2023-10-09 21:41:12 [INFO] NTP Time: [2023-10-09 22:41:12.458991]: Using the local timmer to pretend to be NTP time. Data recorded
Local Time: 2023-10-09 21:41:12 [INFO] NTP Time: [2023-10-09 22:41:12.596718]: Using the local timmer to pretend to be NTP time. Data recorded
Local Time: 2023-10-09 21:41:12 [INFO] NTP Time: [2023-10-09 22:41:12.761778]: Using the local timmer to pretend to be NTP time. Data recorded
Local Time: 2023-10-09 21:41:12 [INFO] NTP Time: [2023-10-09 22:41:12.902101]: Using the local timmer to pretend to be NTP time. Data recorded
Local Time: 2023-10-09 21:41:13 [INFO] NTP Time: [2023-10-09 22:41:13.041074]: Using the local timmer to pretend to be NTP time. Data recorded
Local Time: 2023-10-09 21:41:13 [INFO] NTP Time: [2023-10-09 22:41:13.179419]: Using the local timmer to pretend to be NTP time. Data recorded
Local Time: 2023-10-09 21:41:13 [INFO] NTP Time: [2023-10-09 22:41:13.344660]: Using the local timmer to pretend to be NTP time. Data recorded
Local Time: 2023-10-09 21:41:13 [INFO] NTP Time: [2023-10-09 22:41:13.483981]: Using the local timmer to pretend to be NTP time. Data recorded
Local Time: 2023-10-09 21:41:13 [INFO] NTP Time: [2023-10-09 22:41:13.622916]: Using the local timmer to pretend to be NTP time. Data recorded
Local Time: 2023-10-09 21:41:13 [INFO] NTP Time: [2023-10-09 22:41:13.788192]: Using the local timmer to pretend to be NTP time. Data recorded
Local Time: 2023-10-09 21:41:13 [INFO] NTP Time: [2023-10-09 22:41:13.928671]: Using the local timmer to pretend to be NTP time. Data recorded
Local Time: 2023-10-09 21:41:14 [INFO] NTP Time: [2023-10-09 22:41:14.068405]: Using the local timmer to pretend to be NTP time. Data recorded
Local Time: 2023-10-09 21:41:14 [INFO] NTP Time: [2023-10-09 22:41:14.231324]: Using the local timmer to pretend to be NTP time. Data recorded
Local Time: 2023-10-09 21:41:14 [INFO] NTP Time: [2023-10-09 22:41:14.369647]: Using the local timmer to pretend to be NTP time. Data recorded
Local Time: 2023-10-09 21:41:14 [INFO] NTP Time: [2023-10-09 22:41:14.509188]: Using the local timmer to pretend to be NTP time. Data recorded
Local Time: 2023-10-09 21:41:14 [INFO] NTP Time: [2023-10-09 22:41:14.648595]: Using the local timmer to pretend to be NTP time. Data recorded
Local Time: 2023-10-09 21:41:14 [INFO] NTP Time: [2023-10-09 22:41:14.813988]: Using the local timmer to pretend to be NTP time. Data recorded
Local Time: 2023-10-09 21:41:14 [INFO] NTP Time: [2023-10-09 22:41:14.952977]: Using the local timmer to pretend to be NTP time. Data recorded
Local Time: 2023-10-09 21:41:15 [INFO] NTP Time: [2023-10-09 22:41:15.094214]: Using the local timmer to pretend to be NTP time. Data recorded
Local Time: 2023-10-09 21:41:15 [INFO] NTP Time: [2023-10-09 22:41:15.271748]: Using the local timmer to pretend to be NTP time. Data recorded
Local Time: 2023-10-09 21:41:15 [INFO] NTP Time: [2023-10-09 22:41:15.398385]: Using the local timmer to pretend to be NTP time. Data recorded
Local Time: 2023-10-09 21:41:15 [INFO] NTP Time: [2023-10-09 22:41:15.540412]: Using the local timmer to pretend to be NTP time. Data recorded
Local Time: 2023-10-09 21:41:15 [INFO] NTP Time: [2023-10-09 22:41:15.699599]: Using the local timmer to pretend to be NTP time. Data recorded
Local Time: 2023-10-09 21:41:15 [INFO] NTP Time: [2023-10-09 22:41:15.839850]: Using the local timmer to pretend to be NTP time. Data recorded
Local Time: 2023-10-09 21:41:15 [INFO] NTP Time: [2023-10-09 22:41:15.978177]: Using the local timmer to pretend to be NTP time. Data recorded
Local Time: 2023-10-09 21:41:16 [INFO] NTP Time: [2023-10-09 22:41:16.117752]: Using the local timmer to pretend to be NTP time. Data recorded
Local Time: 2023-10-09 21:41:16 [INFO] NTP Time: [2023-10-09 22:41:16.282848]: Using the local timmer to pretend to be NTP time. Data recorded
Local Time: 2023-10-09 21:41:16 [INFO] NTP Time: [2023-10-09 22:41:16.422063]: Using the local timmer to pretend to be NTP time. Data recorded
Local Time: 2023-10-09 21:41:16 [INFO] NTP Time: [2023-10-09 22:41:16.562016]: Using the local timmer to pretend to be NTP time. Data recorded
Local Time: 2023-10-09 21:41:16 [INFO] NTP Time: [2023-10-09 22:41:16.726482]: Using the local timmer to pretend to be NTP time. Data recorded
Local Time: 2023-10-09 21:41:16 [INFO] NTP Time: [2023-10-09 22:41:16.865158]: Using the local timmer to pretend to be NTP time. Data recorded
Local Time: 2023-10-09 21:41:17 [INFO] NTP Time: [2023-10-09 22:41:17.003453]: Using the local timmer to pretend to be NTP time. Data recorded
Local Time: 2023-10-09 21:41:17 [INFO] NTP Time: [2023-10-09 22:41:17.172908]: Using the local timmer to pretend to be NTP time. Data recorded
Local Time: 2023-10-09 21:41:17 [INFO] NTP Time: [2023-10-09 22:41:17.325402]: Using the local timmer to pretend to be NTP time. Data recorded
Local Time: 2023-10-09 21:41:17 [INFO] NTP Time: [2023-10-09 22:41:17.447627]: Using the local timmer to pretend to be NTP time. Data recorded
Local Time: 2023-10-09 21:41:17 [INFO] NTP Time: [2023-10-09 22:41:17.585816]: Using the local timmer to pretend to be NTP time. Data recorded
Local Time: 2023-10-09 21:41:17 [ERROR] NTP Time: [2023-10-09 22:41:17.915333]: Error
Local Time: 2023-10-09 21:41:18 [INFO] NTP Time: [2023-10-09 22:41:18.031081]: Using the local timmer to pretend to be NTP time. Data recorded
Local Time: 2023-10-09 21:41:18 [INFO] NTP Time: [2023-10-09 22:41:18.070830]: End recording by a terminate action.
