Local Time: 2023-10-06 17:18:27 [INFO] NTP Time: [2023-10-06 18:18:27.388725]: Loaded configuration: {'participant': {'id': 'P001', 'age': '25', 'gender': 'M', 'ethnicity': 'Caucasian', 'height': '165', 'weight': '65'}, 'experiment': {'date': '2022-01-01', 'time': '14:00:00', 'condition': 'HW101M', 'group': 'A', 'illumination_level': 'low'}, 'task_info': {'task_name': 'Task1', 'trial_number': '5'}, 'notes': {'comments': 'Participant seemed tired during the session.'}, 'label_info': {'activity': 'sit'}}
Local Time: 2023-10-06 17:18:27 [INFO] NTP Time: [2023-10-06 18:18:27.390071]: Loaded IRA configuration: {'port': '/dev/ttyUSB0', 'baud_rate': '921600', 'Data storage location': 'IRA/data', 'IRA_Datatype': 'float'}
Local Time: 2023-10-06 17:18:27 [INFO] NTP Time: [2023-10-06 18:18:27.390286]: Reading data from /dev/ttyUSB0 at 921600 baud
Local Time: 2023-10-06 17:18:27 [INFO] NTP Time: [2023-10-06 18:18:27.487726]: Using NTP time as the start timmer.
Local Time: 2023-10-06 17:18:27 [ERROR] NTP Time: [2023-10-06 18:18:27.487847]: Error
Local Time: 2023-10-06 17:18:27 [INFO] NTP Time: [2023-10-06 18:18:27.625180]: Using the local timmer to pretend to be NTP time. Data recorded
Local Time: 2023-10-06 17:18:27 [INFO] NTP Time: [2023-10-06 18:18:27.789139]: Using the local timmer to pretend to be NTP time. Data recorded
Local Time: 2023-10-06 17:18:27 [INFO] NTP Time: [2023-10-06 18:18:27.928173]: Using the local timmer to pretend to be NTP time. Data recorded
Local Time: 2023-10-06 17:18:28 [INFO] NTP Time: [2023-10-06 18:18:28.067629]: Using the local timmer to pretend to be NTP time. Data recorded
Local Time: 2023-10-06 17:18:28 [INFO] NTP Time: [2023-10-06 18:18:28.232617]: Using the local timmer to pretend to be NTP time. Data recorded
Local Time: 2023-10-06 17:18:28 [INFO] NTP Time: [2023-10-06 18:18:28.372396]: Using the local timmer to pretend to be NTP time. Data recorded
Local Time: 2023-10-06 17:18:28 [INFO] NTP Time: [2023-10-06 18:18:28.514056]: Using the local timmer to pretend to be NTP time. Data recorded
Local Time: 2023-10-06 17:18:28 [INFO] NTP Time: [2023-10-06 18:18:28.650297]: Using the local timmer to pretend to be NTP time. Data recorded
Local Time: 2023-10-06 17:18:28 [INFO] NTP Time: [2023-10-06 18:18:28.817800]: Using the local timmer to pretend to be NTP time. Data recorded
Local Time: 2023-10-06 17:18:28 [INFO] NTP Time: [2023-10-06 18:18:28.956252]: Using the local timmer to pretend to be NTP time. Data recorded
Local Time: 2023-10-06 17:18:29 [INFO] NTP Time: [2023-10-06 18:18:29.094809]: Using the local timmer to pretend to be NTP time. Data recorded
Local Time: 2023-10-06 17:18:29 [INFO] NTP Time: [2023-10-06 18:18:29.259049]: Using the local timmer to pretend to be NTP time. Data recorded
Local Time: 2023-10-06 17:18:29 [INFO] NTP Time: [2023-10-06 18:18:29.398440]: Using the local timmer to pretend to be NTP time. Data recorded
Local Time: 2023-10-06 17:18:29 [INFO] NTP Time: [2023-10-06 18:18:29.537320]: Using the local timmer to pretend to be NTP time. Data recorded
Local Time: 2023-10-06 17:18:29 [INFO] NTP Time: [2023-10-06 18:18:29.702858]: Using the local timmer to pretend to be NTP time. Data recorded
Local Time: 2023-10-06 17:18:29 [INFO] NTP Time: [2023-10-06 18:18:29.847373]: Using the local timmer to pretend to be NTP time. Data recorded
Local Time: 2023-10-06 17:18:29 [INFO] NTP Time: [2023-10-06 18:18:29.980776]: Using the local timmer to pretend to be NTP time. Data recorded
Local Time: 2023-10-06 17:18:30 [INFO] NTP Time: [2023-10-06 18:18:30.119804]: Using the local timmer to pretend to be NTP time. Data recorded
Local Time: 2023-10-06 17:18:30 [INFO] NTP Time: [2023-10-06 18:18:30.284947]: Using the local timmer to pretend to be NTP time. Data recorded
Local Time: 2023-10-06 17:18:30 [INFO] NTP Time: [2023-10-06 18:18:30.424534]: Using the local timmer to pretend to be NTP time. Data recorded
Local Time: 2023-10-06 17:18:30 [INFO] NTP Time: [2023-10-06 18:18:30.563261]: Using the local timmer to pretend to be NTP time. Data recorded
Local Time: 2023-10-06 17:18:30 [INFO] NTP Time: [2023-10-06 18:18:30.728364]: Using the local timmer to pretend to be NTP time. Data recorded
Local Time: 2023-10-06 17:18:30 [INFO] NTP Time: [2023-10-06 18:18:30.867625]: Using the local timmer to pretend to be NTP time. Data recorded
Local Time: 2023-10-06 17:18:31 [INFO] NTP Time: [2023-10-06 18:18:31.006893]: Using the local timmer to pretend to be NTP time. Data recorded
Local Time: 2023-10-06 17:18:31 [INFO] NTP Time: [2023-10-06 18:18:31.172144]: Using the local timmer to pretend to be NTP time. Data recorded
Local Time: 2023-10-06 17:18:31 [INFO] NTP Time: [2023-10-06 18:18:31.312102]: Using the local timmer to pretend to be NTP time. Data recorded
Local Time: 2023-10-06 17:18:31 [INFO] NTP Time: [2023-10-06 18:18:31.450395]: Using the local timmer to pretend to be NTP time. Data recorded
Local Time: 2023-10-06 17:18:31 [INFO] NTP Time: [2023-10-06 18:18:31.589924]: Using the local timmer to pretend to be NTP time. Data recorded
Local Time: 2023-10-06 17:18:31 [INFO] NTP Time: [2023-10-06 18:18:31.755228]: Using the local timmer to pretend to be NTP time. Data recorded
Local Time: 2023-10-06 17:18:31 [INFO] NTP Time: [2023-10-06 18:18:31.893812]: Using the local timmer to pretend to be NTP time. Data recorded
Local Time: 2023-10-06 17:18:32 [INFO] NTP Time: [2023-10-06 18:18:32.033422]: Using the local timmer to pretend to be NTP time. Data recorded
Local Time: 2023-10-06 17:18:32 [INFO] NTP Time: [2023-10-06 18:18:32.198117]: Using the local timmer to pretend to be NTP time. Data recorded
Local Time: 2023-10-06 17:18:32 [INFO] NTP Time: [2023-10-06 18:18:32.338238]: Using the local timmer to pretend to be NTP time. Data recorded
Local Time: 2023-10-06 17:18:32 [INFO] NTP Time: [2023-10-06 18:18:32.477377]: Using the local timmer to pretend to be NTP time. Data recorded
Local Time: 2023-10-06 17:18:32 [INFO] NTP Time: [2023-10-06 18:18:32.642709]: Using the local timmer to pretend to be NTP time. Data recorded
Local Time: 2023-10-06 17:18:32 [INFO] NTP Time: [2023-10-06 18:18:32.781259]: Using the local timmer to pretend to be NTP time. Data recorded
Local Time: 2023-10-06 17:18:32 [INFO] NTP Time: [2023-10-06 18:18:32.920209]: Using the local timmer to pretend to be NTP time. Data recorded
Local Time: 2023-10-06 17:18:33 [INFO] NTP Time: [2023-10-06 18:18:33.060372]: Using the local timmer to pretend to be NTP time. Data recorded
Local Time: 2023-10-06 17:18:33 [INFO] NTP Time: [2023-10-06 18:18:33.224849]: Using the local timmer to pretend to be NTP time. Data recorded
Local Time: 2023-10-06 17:18:33 [INFO] NTP Time: [2023-10-06 18:18:33.363634]: Using the local timmer to pretend to be NTP time. Data recorded
Local Time: 2023-10-06 17:18:33 [INFO] NTP Time: [2023-10-06 18:18:33.502928]: Using the local timmer to pretend to be NTP time. Data recorded
Local Time: 2023-10-06 17:18:33 [INFO] NTP Time: [2023-10-06 18:18:33.668429]: Using the local timmer to pretend to be NTP time. Data recorded
Local Time: 2023-10-06 17:18:33 [INFO] NTP Time: [2023-10-06 18:18:33.807201]: Using the local timmer to pretend to be NTP time. Data recorded
Local Time: 2023-10-06 17:18:33 [INFO] NTP Time: [2023-10-06 18:18:33.946072]: Using the local timmer to pretend to be NTP time. Data recorded
Local Time: 2023-10-06 17:18:34 [INFO] NTP Time: [2023-10-06 18:18:34.112310]: Using the local timmer to pretend to be NTP time. Data recorded
Local Time: 2023-10-06 17:18:34 [INFO] NTP Time: [2023-10-06 18:18:34.250411]: Using the local timmer to pretend to be NTP time. Data recorded
Local Time: 2023-10-06 17:18:34 [INFO] NTP Time: [2023-10-06 18:18:34.389976]: Using the local timmer to pretend to be NTP time. Data recorded
Local Time: 2023-10-06 17:18:34 [INFO] NTP Time: [2023-10-06 18:18:34.555258]: Using the local timmer to pretend to be NTP time. Data recorded
Local Time: 2023-10-06 17:18:34 [INFO] NTP Time: [2023-10-06 18:18:34.693845]: Using the local timmer to pretend to be NTP time. Data recorded
Local Time: 2023-10-06 17:18:34 [INFO] NTP Time: [2023-10-06 18:18:34.833297]: Using the local timmer to pretend to be NTP time. Data recorded
Local Time: 2023-10-06 17:18:34 [INFO] NTP Time: [2023-10-06 18:18:34.972720]: Using the local timmer to pretend to be NTP time. Data recorded
Local Time: 2023-10-06 17:18:35 [INFO] NTP Time: [2023-10-06 18:18:35.137526]: Using the local timmer to pretend to be NTP time. Data recorded
Local Time: 2023-10-06 17:18:35 [INFO] NTP Time: [2023-10-06 18:18:35.276589]: Using the local timmer to pretend to be NTP time. Data recorded
Local Time: 2023-10-06 17:18:35 [INFO] NTP Time: [2023-10-06 18:18:35.415816]: Using the local timmer to pretend to be NTP time. Data recorded
Local Time: 2023-10-06 17:18:35 [INFO] NTP Time: [2023-10-06 18:18:35.581000]: Using the local timmer to pretend to be NTP time. Data recorded
Local Time: 2023-10-06 17:18:35 [INFO] NTP Time: [2023-10-06 18:18:35.720019]: Using the local timmer to pretend to be NTP time. Data recorded
Local Time: 2023-10-06 17:18:35 [INFO] NTP Time: [2023-10-06 18:18:35.859161]: Using the local timmer to pretend to be NTP time. Data recorded
Local Time: 2023-10-06 17:18:36 [INFO] NTP Time: [2023-10-06 18:18:36.024568]: Using the local timmer to pretend to be NTP time. Data recorded
Local Time: 2023-10-06 17:18:36 [INFO] NTP Time: [2023-10-06 18:18:36.163954]: Using the local timmer to pretend to be NTP time. Data recorded
Local Time: 2023-10-06 17:18:36 [INFO] NTP Time: [2023-10-06 18:18:36.303605]: Using the local timmer to pretend to be NTP time. Data recorded
Local Time: 2023-10-06 17:18:36 [INFO] NTP Time: [2023-10-06 18:18:36.441946]: Using the local timmer to pretend to be NTP time. Data recorded
Local Time: 2023-10-06 17:18:36 [INFO] NTP Time: [2023-10-06 18:18:36.607802]: Using the local timmer to pretend to be NTP time. Data recorded
Local Time: 2023-10-06 17:18:36 [INFO] NTP Time: [2023-10-06 18:18:36.746107]: Using the local timmer to pretend to be NTP time. Data recorded
Local Time: 2023-10-06 17:18:36 [INFO] NTP Time: [2023-10-06 18:18:36.885443]: Using the local timmer to pretend to be NTP time. Data recorded
Local Time: 2023-10-06 17:18:37 [INFO] NTP Time: [2023-10-06 18:18:37.050880]: Using the local timmer to pretend to be NTP time. Data recorded
Local Time: 2023-10-06 17:18:37 [INFO] NTP Time: [2023-10-06 18:18:37.189952]: Using the local timmer to pretend to be NTP time. Data recorded
Local Time: 2023-10-06 17:18:37 [INFO] NTP Time: [2023-10-06 18:18:37.337161]: Using the local timmer to pretend to be NTP time. Data recorded
Local Time: 2023-10-06 17:18:37 [INFO] NTP Time: [2023-10-06 18:18:37.494644]: Using the local timmer to pretend to be NTP time. Data recorded
Local Time: 2023-10-06 17:18:37 [INFO] NTP Time: [2023-10-06 18:18:37.634613]: Using the local timmer to pretend to be NTP time. Data recorded
Local Time: 2023-10-06 17:18:37 [INFO] NTP Time: [2023-10-06 18:18:37.772631]: Using the local timmer to pretend to be NTP time. Data recorded
Local Time: 2023-10-06 17:18:37 [INFO] NTP Time: [2023-10-06 18:18:37.911476]: Using the local timmer to pretend to be NTP time. Data recorded
Local Time: 2023-10-06 17:18:38 [INFO] NTP Time: [2023-10-06 18:18:38.076698]: Using the local timmer to pretend to be NTP time. Data recorded
Local Time: 2023-10-06 17:18:38 [INFO] NTP Time: [2023-10-06 18:18:38.216945]: Using the local timmer to pretend to be NTP time. Data recorded
Local Time: 2023-10-06 17:18:38 [INFO] NTP Time: [2023-10-06 18:18:38.364053]: Using the local timmer to pretend to be NTP time. Data recorded
Local Time: 2023-10-06 17:18:38 [INFO] NTP Time: [2023-10-06 18:18:38.520180]: Using the local timmer to pretend to be NTP time. Data recorded
Local Time: 2023-10-06 17:18:38 [INFO] NTP Time: [2023-10-06 18:18:38.659271]: Using the local timmer to pretend to be NTP time. Data recorded
Local Time: 2023-10-06 17:18:38 [INFO] NTP Time: [2023-10-06 18:18:38.799159]: Using the local timmer to pretend to be NTP time. Data recorded
Local Time: 2023-10-06 17:18:38 [INFO] NTP Time: [2023-10-06 18:18:38.963772]: Using the local timmer to pretend to be NTP time. Data recorded
Local Time: 2023-10-06 17:18:39 [INFO] NTP Time: [2023-10-06 18:18:39.103816]: Using the local timmer to pretend to be NTP time. Data recorded
Local Time: 2023-10-06 17:18:39 [INFO] NTP Time: [2023-10-06 18:18:39.242693]: Using the local timmer to pretend to be NTP time. Data recorded
Local Time: 2023-10-06 17:18:39 [INFO] NTP Time: [2023-10-06 18:18:39.382364]: Using the local timmer to pretend to be NTP time. Data recorded
Local Time: 2023-10-06 17:18:39 [INFO] NTP Time: [2023-10-06 18:18:39.546583]: Using the local timmer to pretend to be NTP time. Data recorded
Local Time: 2023-10-06 17:18:39 [INFO] NTP Time: [2023-10-06 18:18:39.686680]: Using the local timmer to pretend to be NTP time. Data recorded
Local Time: 2023-10-06 17:18:39 [INFO] NTP Time: [2023-10-06 18:18:39.824735]: Using the local timmer to pretend to be NTP time. Data recorded
Local Time: 2023-10-06 17:18:39 [INFO] NTP Time: [2023-10-06 18:18:39.990146]: Using the local timmer to pretend to be NTP time. Data recorded
Local Time: 2023-10-06 17:18:40 [INFO] NTP Time: [2023-10-06 18:18:40.129116]: Using the local timmer to pretend to be NTP time. Data recorded
Local Time: 2023-10-06 17:18:40 [INFO] NTP Time: [2023-10-06 18:18:40.268446]: Using the local timmer to pretend to be NTP time. Data recorded
Local Time: 2023-10-06 17:18:40 [INFO] NTP Time: [2023-10-06 18:18:40.434508]: Using the local timmer to pretend to be NTP time. Data recorded
Local Time: 2023-10-06 17:18:40 [INFO] NTP Time: [2023-10-06 18:18:40.572883]: Using the local timmer to pretend to be NTP time. Data recorded
Local Time: 2023-10-06 17:18:40 [INFO] NTP Time: [2023-10-06 18:18:40.712091]: Using the local timmer to pretend to be NTP time. Data recorded
Local Time: 2023-10-06 17:18:40 [INFO] NTP Time: [2023-10-06 18:18:40.852036]: Using the local timmer to pretend to be NTP time. Data recorded
Local Time: 2023-10-06 17:18:41 [INFO] NTP Time: [2023-10-06 18:18:41.017566]: Using the local timmer to pretend to be NTP time. Data recorded
Local Time: 2023-10-06 17:18:41 [INFO] NTP Time: [2023-10-06 18:18:41.157130]: Using the local timmer to pretend to be NTP time. Data recorded
Local Time: 2023-10-06 17:18:41 [ERROR] NTP Time: [2023-10-06 18:18:41.600461]: Error
Local Time: 2023-10-06 17:18:41 [INFO] NTP Time: [2023-10-06 18:18:41.739867]: Using the local timmer to pretend to be NTP time. Data recorded
Local Time: 2023-10-06 17:18:41 [INFO] NTP Time: [2023-10-06 18:18:41.904154]: Using the local timmer to pretend to be NTP time. Data recorded
Local Time: 2023-10-06 17:18:42 [INFO] NTP Time: [2023-10-06 18:18:42.044144]: Using the local timmer to pretend to be NTP time. Data recorded
Local Time: 2023-10-06 17:18:42 [ERROR] NTP Time: [2023-10-06 18:18:42.322575]: Error
Local Time: 2023-10-06 17:18:42 [INFO] NTP Time: [2023-10-06 18:18:42.486777]: Using the local timmer to pretend to be NTP time. Data recorded
Local Time: 2023-10-06 17:18:42 [INFO] NTP Time: [2023-10-06 18:18:42.626041]: Using the local timmer to pretend to be NTP time. Data recorded
Local Time: 2023-10-06 17:18:42 [INFO] NTP Time: [2023-10-06 18:18:42.764969]: Using the local timmer to pretend to be NTP time. Data recorded
Local Time: 2023-10-06 17:18:42 [INFO] NTP Time: [2023-10-06 18:18:42.939702]: Using the local timmer to pretend to be NTP time. Data recorded
Local Time: 2023-10-06 17:18:43 [INFO] NTP Time: [2023-10-06 18:18:43.069453]: Using the local timmer to pretend to be NTP time. Data recorded
Local Time: 2023-10-06 17:18:43 [INFO] NTP Time: [2023-10-06 18:18:43.210042]: Using the local timmer to pretend to be NTP time. Data recorded
Local Time: 2023-10-06 17:18:43 [INFO] NTP Time: [2023-10-06 18:18:43.374118]: Using the local timmer to pretend to be NTP time. Data recorded
Local Time: 2023-10-06 17:18:43 [INFO] NTP Time: [2023-10-06 18:18:43.513667]: Using the local timmer to pretend to be NTP time. Data recorded
Local Time: 2023-10-06 17:18:43 [INFO] NTP Time: [2023-10-06 18:18:43.652833]: Using the local timmer to pretend to be NTP time. Data recorded
Local Time: 2023-10-06 17:18:43 [INFO] NTP Time: [2023-10-06 18:18:43.844511]: Using the local timmer to pretend to be NTP time. Data recorded
Local Time: 2023-10-06 17:18:43 [INFO] NTP Time: [2023-10-06 18:18:43.957696]: Using the local timmer to pretend to be NTP time. Data recorded
Local Time: 2023-10-06 17:18:44 [INFO] NTP Time: [2023-10-06 18:18:44.096321]: Using the local timmer to pretend to be NTP time. Data recorded
Local Time: 2023-10-06 17:18:44 [INFO] NTP Time: [2023-10-06 18:18:44.235424]: Using the local timmer to pretend to be NTP time. Data recorded
Local Time: 2023-10-06 17:18:44 [INFO] NTP Time: [2023-10-06 18:18:44.400780]: Using the local timmer to pretend to be NTP time. Data recorded
Local Time: 2023-10-06 17:18:44 [INFO] NTP Time: [2023-10-06 18:18:44.540223]: Using the local timmer to pretend to be NTP time. Data recorded
Local Time: 2023-10-06 17:18:44 [INFO] NTP Time: [2023-10-06 18:18:44.679289]: Using the local timmer to pretend to be NTP time. Data recorded
Local Time: 2023-10-06 17:18:44 [INFO] NTP Time: [2023-10-06 18:18:44.846353]: Using the local timmer to pretend to be NTP time. Data recorded
Local Time: 2023-10-06 17:18:44 [INFO] NTP Time: [2023-10-06 18:18:44.984358]: Using the local timmer to pretend to be NTP time. Data recorded
Local Time: 2023-10-06 17:18:45 [INFO] NTP Time: [2023-10-06 18:18:45.124082]: Using the local timmer to pretend to be NTP time. Data recorded
Local Time: 2023-10-06 17:18:45 [INFO] NTP Time: [2023-10-06 18:18:45.288858]: Using the local timmer to pretend to be NTP time. Data recorded
Local Time: 2023-10-06 17:18:45 [INFO] NTP Time: [2023-10-06 18:18:45.428564]: Using the local timmer to pretend to be NTP time. Data recorded
Local Time: 2023-10-06 17:18:45 [INFO] NTP Time: [2023-10-06 18:18:45.567443]: Using the local timmer to pretend to be NTP time. Data recorded
Local Time: 2023-10-06 17:18:45 [INFO] NTP Time: [2023-10-06 18:18:45.706109]: Using the local timmer to pretend to be NTP time. Data recorded
Local Time: 2023-10-06 17:18:45 [INFO] NTP Time: [2023-10-06 18:18:45.871562]: Using the local timmer to pretend to be NTP time. Data recorded
Local Time: 2023-10-06 17:18:46 [INFO] NTP Time: [2023-10-06 18:18:46.011320]: Using the local timmer to pretend to be NTP time. Data recorded
Local Time: 2023-10-06 17:18:46 [INFO] NTP Time: [2023-10-06 18:18:46.149720]: Using the local timmer to pretend to be NTP time. Data recorded
Local Time: 2023-10-06 17:18:46 [INFO] NTP Time: [2023-10-06 18:18:46.314584]: Using the local timmer to pretend to be NTP time. Data recorded
Local Time: 2023-10-06 17:18:46 [INFO] NTP Time: [2023-10-06 18:18:46.454740]: Using the local timmer to pretend to be NTP time. Data recorded
Local Time: 2023-10-06 17:18:46 [INFO] NTP Time: [2023-10-06 18:18:46.593211]: Using the local timmer to pretend to be NTP time. Data recorded
Local Time: 2023-10-06 17:18:46 [INFO] NTP Time: [2023-10-06 18:18:46.758621]: Using the local timmer to pretend to be NTP time. Data recorded
Local Time: 2023-10-06 17:18:46 [INFO] NTP Time: [2023-10-06 18:18:46.897969]: Using the local timmer to pretend to be NTP time. Data recorded
Local Time: 2023-10-06 17:18:47 [INFO] NTP Time: [2023-10-06 18:18:47.037995]: Using the local timmer to pretend to be NTP time. Data recorded
Local Time: 2023-10-06 17:18:47 [INFO] NTP Time: [2023-10-06 18:18:47.177522]: Using the local timmer to pretend to be NTP time. Data recorded
Local Time: 2023-10-06 17:18:47 [INFO] NTP Time: [2023-10-06 18:18:47.342444]: Using the local timmer to pretend to be NTP time. Data recorded
Local Time: 2023-10-06 17:18:47 [INFO] NTP Time: [2023-10-06 18:18:47.481173]: Using the local timmer to pretend to be NTP time. Data recorded
Local Time: 2023-10-06 17:18:47 [INFO] NTP Time: [2023-10-06 18:18:47.633230]: Using the local timmer to pretend to be NTP time. Data recorded
Local Time: 2023-10-06 17:18:47 [INFO] NTP Time: [2023-10-06 18:18:47.785886]: Using the local timmer to pretend to be NTP time. Data recorded
Local Time: 2023-10-06 17:18:47 [INFO] NTP Time: [2023-10-06 18:18:47.924677]: Using the local timmer to pretend to be NTP time. Data recorded
Local Time: 2023-10-06 17:18:48 [INFO] NTP Time: [2023-10-06 18:18:48.063383]: Using the local timmer to pretend to be NTP time. Data recorded
Local Time: 2023-10-06 17:18:48 [INFO] NTP Time: [2023-10-06 18:18:48.228565]: Using the local timmer to pretend to be NTP time. Data recorded
Local Time: 2023-10-06 17:18:48 [INFO] NTP Time: [2023-10-06 18:18:48.367784]: Using the local timmer to pretend to be NTP time. Data recorded
Local Time: 2023-10-06 17:18:48 [INFO] NTP Time: [2023-10-06 18:18:48.507967]: Using the local timmer to pretend to be NTP time. Data recorded
Local Time: 2023-10-06 17:18:48 [INFO] NTP Time: [2023-10-06 18:18:48.672156]: Using the local timmer to pretend to be NTP time. Data recorded
Local Time: 2023-10-06 17:18:48 [INFO] NTP Time: [2023-10-06 18:18:48.811840]: Using the local timmer to pretend to be NTP time. Data recorded
Local Time: 2023-10-06 17:18:48 [INFO] NTP Time: [2023-10-06 18:18:48.950566]: Using the local timmer to pretend to be NTP time. Data recorded
Local Time: 2023-10-06 17:18:49 [INFO] NTP Time: [2023-10-06 18:18:49.090085]: Using the local timmer to pretend to be NTP time. Data recorded
Local Time: 2023-10-06 17:18:49 [INFO] NTP Time: [2023-10-06 18:18:49.255743]: Using the local timmer to pretend to be NTP time. Data recorded
Local Time: 2023-10-06 17:18:49 [INFO] NTP Time: [2023-10-06 18:18:49.398243]: Using the local timmer to pretend to be NTP time. Data recorded
Local Time: 2023-10-06 17:18:49 [INFO] NTP Time: [2023-10-06 18:18:49.533404]: Using the local timmer to pretend to be NTP time. Data recorded
Local Time: 2023-10-06 17:18:49 [INFO] NTP Time: [2023-10-06 18:18:49.698500]: Using the local timmer to pretend to be NTP time. Data recorded
Local Time: 2023-10-06 17:18:49 [INFO] NTP Time: [2023-10-06 18:18:49.837470]: Using the local timmer to pretend to be NTP time. Data recorded
Local Time: 2023-10-06 17:18:49 [INFO] NTP Time: [2023-10-06 18:18:49.977662]: Using the local timmer to pretend to be NTP time. Data recorded
Local Time: 2023-10-06 17:18:50 [INFO] NTP Time: [2023-10-06 18:18:50.142834]: Using the local timmer to pretend to be NTP time. Data recorded
Local Time: 2023-10-06 17:18:50 [INFO] NTP Time: [2023-10-06 18:18:50.281164]: Using the local timmer to pretend to be NTP time. Data recorded
Local Time: 2023-10-06 17:18:50 [INFO] NTP Time: [2023-10-06 18:18:50.421399]: Using the local timmer to pretend to be NTP time. Data recorded
Local Time: 2023-10-06 17:18:50 [INFO] NTP Time: [2023-10-06 18:18:50.560041]: Using the local timmer to pretend to be NTP time. Data recorded
Local Time: 2023-10-06 17:18:50 [INFO] NTP Time: [2023-10-06 18:18:50.725135]: Using the local timmer to pretend to be NTP time. Data recorded
Local Time: 2023-10-06 17:18:50 [INFO] NTP Time: [2023-10-06 18:18:50.886380]: Using the local timmer to pretend to be NTP time. Data recorded
Local Time: 2023-10-06 17:18:51 [INFO] NTP Time: [2023-10-06 18:18:51.002853]: Using the local timmer to pretend to be NTP time. Data recorded
Local Time: 2023-10-06 17:18:51 [INFO] NTP Time: [2023-10-06 18:18:51.167999]: Using the local timmer to pretend to be NTP time. Data recorded
Local Time: 2023-10-06 17:18:51 [INFO] NTP Time: [2023-10-06 18:18:51.307281]: Using the local timmer to pretend to be NTP time. Data recorded
Local Time: 2023-10-06 17:18:51 [INFO] NTP Time: [2023-10-06 18:18:51.447682]: Using the local timmer to pretend to be NTP time. Data recorded
Local Time: 2023-10-06 17:18:51 [INFO] NTP Time: [2023-10-06 18:18:51.611700]: Using the local timmer to pretend to be NTP time. Data recorded
Local Time: 2023-10-06 17:18:51 [INFO] NTP Time: [2023-10-06 18:18:51.751943]: Using the local timmer to pretend to be NTP time. Data recorded
Local Time: 2023-10-06 17:18:51 [INFO] NTP Time: [2023-10-06 18:18:51.890059]: Using the local timmer to pretend to be NTP time. Data recorded
Local Time: 2023-10-06 17:18:52 [INFO] NTP Time: [2023-10-06 18:18:52.029215]: Using the local timmer to pretend to be NTP time. Data recorded
Local Time: 2023-10-06 17:18:52 [INFO] NTP Time: [2023-10-06 18:18:52.195189]: Using the local timmer to pretend to be NTP time. Data recorded
Local Time: 2023-10-06 17:18:52 [INFO] NTP Time: [2023-10-06 18:18:52.334432]: Using the local timmer to pretend to be NTP time. Data recorded
Local Time: 2023-10-06 17:18:52 [INFO] NTP Time: [2023-10-06 18:18:52.472940]: Using the local timmer to pretend to be NTP time. Data recorded
Local Time: 2023-10-06 17:18:52 [INFO] NTP Time: [2023-10-06 18:18:52.638050]: Using the local timmer to pretend to be NTP time. Data recorded
Local Time: 2023-10-06 17:18:52 [INFO] NTP Time: [2023-10-06 18:18:52.782891]: Using the local timmer to pretend to be NTP time. Data recorded
Local Time: 2023-10-06 17:18:53 [ERROR] NTP Time: [2023-10-06 18:18:53.083212]: Error
Local Time: 2023-10-06 17:18:53 [INFO] NTP Time: [2023-10-06 18:18:53.220803]: Using the local timmer to pretend to be NTP time. Data recorded
Local Time: 2023-10-06 17:18:53 [INFO] NTP Time: [2023-10-06 18:18:53.360976]: Using the local timmer to pretend to be NTP time. Data recorded
Local Time: 2023-10-06 17:18:53 [INFO] NTP Time: [2023-10-06 18:18:53.499066]: Using the local timmer to pretend to be NTP time. Data recorded
Local Time: 2023-10-06 17:18:53 [INFO] NTP Time: [2023-10-06 18:18:53.664222]: Using the local timmer to pretend to be NTP time. Data recorded
Local Time: 2023-10-06 17:18:53 [INFO] NTP Time: [2023-10-06 18:18:53.803299]: Using the local timmer to pretend to be NTP time. Data recorded
Local Time: 2023-10-06 17:18:53 [INFO] NTP Time: [2023-10-06 18:18:53.943509]: Using the local timmer to pretend to be NTP time. Data recorded
Local Time: 2023-10-06 17:18:54 [INFO] NTP Time: [2023-10-06 18:18:54.107664]: Using the local timmer to pretend to be NTP time. Data recorded
Local Time: 2023-10-06 17:18:54 [INFO] NTP Time: [2023-10-06 18:18:54.247391]: Using the local timmer to pretend to be NTP time. Data recorded
Local Time: 2023-10-06 17:18:54 [INFO] NTP Time: [2023-10-06 18:18:54.386983]: Using the local timmer to pretend to be NTP time. Data recorded
Local Time: 2023-10-06 17:18:54 [INFO] NTP Time: [2023-10-06 18:18:54.552283]: Using the local timmer to pretend to be NTP time. Data recorded
Local Time: 2023-10-06 17:18:54 [INFO] NTP Time: [2023-10-06 18:18:54.691418]: Using the local timmer to pretend to be NTP time. Data recorded
Local Time: 2023-10-06 17:18:54 [INFO] NTP Time: [2023-10-06 18:18:54.829443]: Using the local timmer to pretend to be NTP time. Data recorded
Local Time: 2023-10-06 17:18:54 [INFO] NTP Time: [2023-10-06 18:18:54.968778]: Using the local timmer to pretend to be NTP time. Data recorded
Local Time: 2023-10-06 17:18:55 [INFO] NTP Time: [2023-10-06 18:18:55.133889]: Using the local timmer to pretend to be NTP time. Data recorded
Local Time: 2023-10-06 17:18:55 [ERROR] NTP Time: [2023-10-06 18:18:55.413144]: Error
Local Time: 2023-10-06 17:18:55 [INFO] NTP Time: [2023-10-06 18:18:55.579917]: Using the local timmer to pretend to be NTP time. Data recorded
Local Time: 2023-10-06 17:18:55 [INFO] NTP Time: [2023-10-06 18:18:55.744916]: Using the local timmer to pretend to be NTP time. Data recorded
Local Time: 2023-10-06 17:18:55 [INFO] NTP Time: [2023-10-06 18:18:55.856209]: Using the local timmer to pretend to be NTP time. Data recorded
Local Time: 2023-10-06 17:18:56 [INFO] NTP Time: [2023-10-06 18:18:56.049722]: Using the local timmer to pretend to be NTP time. Data recorded
Local Time: 2023-10-06 17:18:56 [INFO] NTP Time: [2023-10-06 18:18:56.161037]: Using the local timmer to pretend to be NTP time. Data recorded
Local Time: 2023-10-06 17:18:56 [INFO] NTP Time: [2023-10-06 18:18:56.299931]: Using the local timmer to pretend to be NTP time. Data recorded
Local Time: 2023-10-06 17:18:56 [INFO] NTP Time: [2023-10-06 18:18:56.439275]: Using the local timmer to pretend to be NTP time. Data recorded
Local Time: 2023-10-06 17:18:56 [INFO] NTP Time: [2023-10-06 18:18:56.627019]: Using the local timmer to pretend to be NTP time. Data recorded
Local Time: 2023-10-06 17:18:56 [INFO] NTP Time: [2023-10-06 18:18:56.744154]: Using the local timmer to pretend to be NTP time. Data recorded
Local Time: 2023-10-06 17:18:56 [INFO] NTP Time: [2023-10-06 18:18:56.915636]: Using the local timmer to pretend to be NTP time. Data recorded
Local Time: 2023-10-06 17:18:57 [INFO] NTP Time: [2023-10-06 18:18:57.049279]: Using the local timmer to pretend to be NTP time. Data recorded
Local Time: 2023-10-06 17:18:57 [INFO] NTP Time: [2023-10-06 18:18:57.187227]: Using the local timmer to pretend to be NTP time. Data recorded
Local Time: 2023-10-06 17:18:57 [ERROR] NTP Time: [2023-10-06 18:18:57.492765]: Error
Local Time: 2023-10-06 17:18:57 [INFO] NTP Time: [2023-10-06 18:18:57.630636]: Using the local timmer to pretend to be NTP time. Data recorded
Local Time: 2023-10-06 17:18:57 [ERROR] NTP Time: [2023-10-06 18:18:57.935477]: Error
Local Time: 2023-10-06 17:18:58 [ERROR] NTP Time: [2023-10-06 18:18:58.214121]: Error
Local Time: 2023-10-06 17:18:58 [INFO] NTP Time: [2023-10-06 18:18:58.352367]: Using the local timmer to pretend to be NTP time. Data recorded
Local Time: 2023-10-06 17:18:58 [INFO] NTP Time: [2023-10-06 18:18:58.518421]: Using the local timmer to pretend to be NTP time. Data recorded
Local Time: 2023-10-06 17:18:58 [INFO] NTP Time: [2023-10-06 18:18:58.657061]: Using the local timmer to pretend to be NTP time. Data recorded
Local Time: 2023-10-06 17:18:58 [INFO] NTP Time: [2023-10-06 18:18:58.796223]: Using the local timmer to pretend to be NTP time. Data recorded
Local Time: 2023-10-06 17:18:58 [INFO] NTP Time: [2023-10-06 18:18:58.962085]: Using the local timmer to pretend to be NTP time. Data recorded
Local Time: 2023-10-06 17:18:59 [INFO] NTP Time: [2023-10-06 18:18:59.124302]: Using the local timmer to pretend to be NTP time. Data recorded
Local Time: 2023-10-06 17:18:59 [INFO] NTP Time: [2023-10-06 18:18:59.240418]: Using the local timmer to pretend to be NTP time. Data recorded
Local Time: 2023-10-06 17:18:59 [INFO] NTP Time: [2023-10-06 18:18:59.258901]: End recording by a terminate action.
Local Time: 2023-10-09 19:46:07 [INFO] NTP Time: [2023-10-09 20:46:07.127455]: Loaded configuration: {'participant': {'id': 'P001', 'age': '25', 'gender': 'M', 'ethnicity': 'Caucasian', 'height': '165', 'weight': '65'}, 'experiment': {'date': '2022-01-01', 'time': '14:00:00', 'condition': 'HW101M', 'group': 'A', 'illumination_level': 'low'}, 'task_info': {'task_name': 'Task1', 'trial_number': '5'}, 'notes': {'comments': 'Participant seemed tired during the session.'}, 'label_info': {'activity': 'sit'}}
Local Time: 2023-10-09 19:46:07 [INFO] NTP Time: [2023-10-09 20:46:07.128536]: Loaded IRA configuration: {'port': '/dev/ttyUSB0', 'baud_rate': '921600', 'Data storage location': 'IRA/data', 'IRA_Datatype': 'float'}
Local Time: 2023-10-09 19:46:07 [INFO] NTP Time: [2023-10-09 20:46:07.128638]: Reading data from /dev/ttyUSB0 at 921600 baud
Local Time: 2023-10-09 19:46:07 [ERROR] NTP Time: [2023-10-09 20:46:07.194725]: Error
Local Time: 2023-10-09 19:46:07 [INFO] NTP Time: [2023-10-09 20:46:07.335585]: Using NTP time as the start timmer.
Local Time: 2023-10-09 19:46:07 [ERROR] NTP Time: [2023-10-09 20:46:07.335676]: Error
Local Time: 2023-10-09 19:46:07 [INFO] NTP Time: [2023-10-09 20:46:07.472961]: Using the local timmer to pretend to be NTP time. Data recorded
Local Time: 2023-10-09 19:46:07 [INFO] NTP Time: [2023-10-09 20:46:07.637798]: Using the local timmer to pretend to be NTP time. Data recorded
Local Time: 2023-10-09 19:46:07 [INFO] NTP Time: [2023-10-09 20:46:07.776665]: Using the local timmer to pretend to be NTP time. Data recorded
Local Time: 2023-10-09 19:46:07 [INFO] NTP Time: [2023-10-09 20:46:07.916597]: Using the local timmer to pretend to be NTP time. Data recorded
Local Time: 2023-10-09 19:46:08 [INFO] NTP Time: [2023-10-09 20:46:08.081040]: Using the local timmer to pretend to be NTP time. Data recorded
Local Time: 2023-10-09 19:46:08 [INFO] NTP Time: [2023-10-09 20:46:08.220230]: Using the local timmer to pretend to be NTP time. Data recorded
