Local Time: 2023-10-09 21:59:39 [INFO] NTP Time: [2023-10-09 22:59:39.562716]: Loaded configuration: {'participant': {'id': 'P001', 'age': '25', 'gender': 'M', 'ethnicity': 'Caucasian', 'height': '165', 'weight': '65'}, 'experiment': {'date': '2022-01-01', 'time': '14:00:00', 'condition': 'HW101M', 'group': 'A', 'illumination_level': 'low'}, 'task_info': {'task_name': 'Task1', 'trial_number': '5'}, 'notes': {'comments': 'Participant seemed tired during the session.'}, 'label_info': {'activity': 'sit'}}
Local Time: 2023-10-09 21:59:39 [INFO] NTP Time: [2023-10-09 22:59:39.563399]: Loaded IRA configuration: {'port': '/dev/ttyUSB0', 'baud_rate': '921600', 'Data storage location': 'IRA/data', 'IRA_Datatype': 'float'}
Local Time: 2023-10-09 21:59:39 [INFO] NTP Time: [2023-10-09 22:59:39.563886]: Reading data from /dev/ttyUSB0 at 921600 baud
Local Time: 2023-10-09 21:59:39 [INFO] NTP Time: [2023-10-09 22:59:39.643867]: Using NTP time as the start timmer.
Local Time: 2023-10-09 21:59:39 [ERROR] NTP Time: [2023-10-09 22:59:39.644004]: Error
Local Time: 2023-10-09 21:59:39 [INFO] NTP Time: [2023-10-09 22:59:39.800423]: Using the local timmer to pretend to be NTP time. Data recorded
Local Time: 2023-10-09 21:59:39 [INFO] NTP Time: [2023-10-09 22:59:39.946510]: Using the local timmer to pretend to be NTP time. Data recorded
Local Time: 2023-10-09 21:59:40 [INFO] NTP Time: [2023-10-09 22:59:40.082818]: Using the local timmer to pretend to be NTP time. Data recorded
Local Time: 2023-10-09 21:59:40 [INFO] NTP Time: [2023-10-09 22:59:40.221444]: Using the local timmer to pretend to be NTP time. Data recorded
Local Time: 2023-10-09 21:59:40 [INFO] NTP Time: [2023-10-09 22:59:40.360943]: Using the local timmer to pretend to be NTP time. Data recorded
Local Time: 2023-10-09 21:59:40 [INFO] NTP Time: [2023-10-09 22:59:40.526690]: Using the local timmer to pretend to be NTP time. Data recorded
Local Time: 2023-10-09 21:59:40 [INFO] NTP Time: [2023-10-09 22:59:40.665650]: Using the local timmer to pretend to be NTP time. Data recorded
Local Time: 2023-10-09 21:59:40 [INFO] NTP Time: [2023-10-09 22:59:40.805509]: Using the local timmer to pretend to be NTP time. Data recorded
Local Time: 2023-10-09 21:59:40 [INFO] NTP Time: [2023-10-09 22:59:40.968865]: Using the local timmer to pretend to be NTP time. Data recorded
Local Time: 2023-10-09 21:59:41 [INFO] NTP Time: [2023-10-09 22:59:41.114547]: Using the local timmer to pretend to be NTP time. Data recorded
Local Time: 2023-10-09 21:59:41 [INFO] NTP Time: [2023-10-09 22:59:41.246440]: Using the local timmer to pretend to be NTP time. Data recorded
Local Time: 2023-10-09 21:59:41 [INFO] NTP Time: [2023-10-09 22:59:41.411832]: Using the local timmer to pretend to be NTP time. Data recorded
Local Time: 2023-10-09 21:59:41 [INFO] NTP Time: [2023-10-09 22:59:41.550953]: Using the local timmer to pretend to be NTP time. Data recorded
Local Time: 2023-10-09 21:59:41 [INFO] NTP Time: [2023-10-09 22:59:41.689724]: Using the local timmer to pretend to be NTP time. Data recorded
Local Time: 2023-10-09 21:59:41 [INFO] NTP Time: [2023-10-09 22:59:41.829603]: Using the local timmer to pretend to be NTP time. Data recorded
Local Time: 2023-10-09 21:59:42 [INFO] NTP Time: [2023-10-09 22:59:42.009688]: Using the local timmer to pretend to be NTP time. Data recorded
Local Time: 2023-10-09 21:59:42 [INFO] NTP Time: [2023-10-09 22:59:42.133585]: Using the local timmer to pretend to be NTP time. Data recorded
Local Time: 2023-10-09 21:59:42 [INFO] NTP Time: [2023-10-09 22:59:42.272084]: Using the local timmer to pretend to be NTP time. Data recorded
Local Time: 2023-10-09 21:59:42 [INFO] NTP Time: [2023-10-09 22:59:42.436221]: Using the local timmer to pretend to be NTP time. Data recorded
Local Time: 2023-10-09 21:59:42 [INFO] NTP Time: [2023-10-09 22:59:42.592297]: Using the local timmer to pretend to be NTP time. Data recorded
Local Time: 2023-10-09 21:59:42 [INFO] NTP Time: [2023-10-09 22:59:42.715378]: Using the local timmer to pretend to be NTP time. Data recorded
Local Time: 2023-10-09 21:59:42 [INFO] NTP Time: [2023-10-09 22:59:42.896721]: Using the local timmer to pretend to be NTP time. Data recorded
Local Time: 2023-10-09 21:59:43 [INFO] NTP Time: [2023-10-09 22:59:43.018728]: Using the local timmer to pretend to be NTP time. Data recorded
Local Time: 2023-10-09 21:59:43 [INFO] NTP Time: [2023-10-09 22:59:43.157698]: Using the local timmer to pretend to be NTP time. Data recorded
Local Time: 2023-10-09 21:59:43 [INFO] NTP Time: [2023-10-09 22:59:43.297018]: Using the local timmer to pretend to be NTP time. Data recorded
Local Time: 2023-10-09 21:59:43 [INFO] NTP Time: [2023-10-09 22:59:43.461026]: Using the local timmer to pretend to be NTP time. Data recorded
Local Time: 2023-10-09 21:59:43 [INFO] NTP Time: [2023-10-09 22:59:43.601983]: Using the local timmer to pretend to be NTP time. Data recorded
Local Time: 2023-10-09 21:59:43 [INFO] NTP Time: [2023-10-09 22:59:43.739973]: Using the local timmer to pretend to be NTP time. Data recorded
Local Time: 2023-10-09 21:59:43 [INFO] NTP Time: [2023-10-09 22:59:43.905381]: Using the local timmer to pretend to be NTP time. Data recorded
Local Time: 2023-10-09 21:59:44 [INFO] NTP Time: [2023-10-09 22:59:44.043383]: Using the local timmer to pretend to be NTP time. Data recorded
Local Time: 2023-10-09 21:59:44 [INFO] NTP Time: [2023-10-09 22:59:44.183468]: Using the local timmer to pretend to be NTP time. Data recorded
Local Time: 2023-10-09 21:59:44 [INFO] NTP Time: [2023-10-09 22:59:44.349410]: Using the local timmer to pretend to be NTP time. Data recorded
Local Time: 2023-10-09 21:59:44 [INFO] NTP Time: [2023-10-09 22:59:44.487530]: Using the local timmer to pretend to be NTP time. Data recorded
Local Time: 2023-10-09 21:59:44 [INFO] NTP Time: [2023-10-09 22:59:44.624894]: Using the local timmer to pretend to be NTP time. Data recorded
Local Time: 2023-10-09 21:59:44 [INFO] NTP Time: [2023-10-09 22:59:44.765480]: Using the local timmer to pretend to be NTP time. Data recorded
Local Time: 2023-10-09 21:59:44 [INFO] NTP Time: [2023-10-09 22:59:44.930314]: Using the local timmer to pretend to be NTP time. Data recorded
Local Time: 2023-10-09 21:59:45 [INFO] NTP Time: [2023-10-09 22:59:45.069000]: Using the local timmer to pretend to be NTP time. Data recorded
Local Time: 2023-10-09 21:59:45 [INFO] NTP Time: [2023-10-09 22:59:45.208718]: Using the local timmer to pretend to be NTP time. Data recorded
Local Time: 2023-10-09 21:59:45 [INFO] NTP Time: [2023-10-09 22:59:45.374809]: Using the local timmer to pretend to be NTP time. Data recorded
Local Time: 2023-10-09 21:59:45 [INFO] NTP Time: [2023-10-09 22:59:45.512101]: Using the local timmer to pretend to be NTP time. Data recorded
Local Time: 2023-10-09 21:59:45 [INFO] NTP Time: [2023-10-09 22:59:45.653313]: Using the local timmer to pretend to be NTP time. Data recorded
Local Time: 2023-10-09 21:59:45 [INFO] NTP Time: [2023-10-09 22:59:45.818025]: Using the local timmer to pretend to be NTP time. Data recorded
Local Time: 2023-10-09 21:59:45 [INFO] NTP Time: [2023-10-09 22:59:45.956615]: Using the local timmer to pretend to be NTP time. Data recorded
Local Time: 2023-10-09 21:59:46 [INFO] NTP Time: [2023-10-09 22:59:46.100135]: Using the local timmer to pretend to be NTP time. Data recorded
Local Time: 2023-10-09 21:59:46 [INFO] NTP Time: [2023-10-09 22:59:46.232646]: Using the local timmer to pretend to be NTP time. Data recorded
Local Time: 2023-10-09 21:59:46 [INFO] NTP Time: [2023-10-09 22:59:46.400369]: Using the local timmer to pretend to be NTP time. Data recorded
Local Time: 2023-10-09 21:59:46 [INFO] NTP Time: [2023-10-09 22:59:46.542830]: Using the local timmer to pretend to be NTP time. Data recorded
Local Time: 2023-10-09 21:59:46 [INFO] NTP Time: [2023-10-09 22:59:46.674851]: Using the local timmer to pretend to be NTP time. Data recorded
Local Time: 2023-10-09 21:59:46 [INFO] NTP Time: [2023-10-09 22:59:46.846546]: Using the local timmer to pretend to be NTP time. Data recorded
Local Time: 2023-10-09 21:59:46 [INFO] NTP Time: [2023-10-09 22:59:46.981997]: Using the local timmer to pretend to be NTP time. Data recorded
Local Time: 2023-10-09 21:59:47 [INFO] NTP Time: [2023-10-09 22:59:47.119567]: Using the local timmer to pretend to be NTP time. Data recorded
Local Time: 2023-10-09 21:59:47 [INFO] NTP Time: [2023-10-09 22:59:47.286908]: Using the local timmer to pretend to be NTP time. Data recorded
Local Time: 2023-10-09 21:59:47 [INFO] NTP Time: [2023-10-09 22:59:47.443500]: Using the local timmer to pretend to be NTP time. Data recorded
Local Time: 2023-10-09 21:59:47 [INFO] NTP Time: [2023-10-09 22:59:47.562088]: Using the local timmer to pretend to be NTP time. Data recorded
Local Time: 2023-10-09 21:59:47 [INFO] NTP Time: [2023-10-09 22:59:47.735737]: Using the local timmer to pretend to be NTP time. Data recorded
Local Time: 2023-10-09 21:59:47 [INFO] NTP Time: [2023-10-09 22:59:47.872857]: Using the local timmer to pretend to be NTP time. Data recorded
Local Time: 2023-10-09 21:59:48 [INFO] NTP Time: [2023-10-09 22:59:48.027060]: Using the local timmer to pretend to be NTP time. Data recorded
Local Time: 2023-10-09 21:59:48 [INFO] NTP Time: [2023-10-09 22:59:48.143628]: Using the local timmer to pretend to be NTP time. Data recorded
Local Time: 2023-10-09 21:59:48 [INFO] NTP Time: [2023-10-09 22:59:48.309377]: Using the local timmer to pretend to be NTP time. Data recorded
Local Time: 2023-10-09 21:59:48 [INFO] NTP Time: [2023-10-09 22:59:48.449900]: Using the local timmer to pretend to be NTP time. Data recorded
Local Time: 2023-10-09 21:59:48 [INFO] NTP Time: [2023-10-09 22:59:48.607882]: Using the local timmer to pretend to be NTP time. Data recorded
Local Time: 2023-10-09 21:59:48 [INFO] NTP Time: [2023-10-09 22:59:48.750999]: Using the local timmer to pretend to be NTP time. Data recorded
Local Time: 2023-10-09 21:59:48 [INFO] NTP Time: [2023-10-09 22:59:48.891460]: Using the local timmer to pretend to be NTP time. Data recorded
Local Time: 2023-10-09 21:59:49 [INFO] NTP Time: [2023-10-09 22:59:49.031630]: Using the local timmer to pretend to be NTP time. Data recorded
Local Time: 2023-10-09 21:59:49 [INFO] NTP Time: [2023-10-09 22:59:49.196048]: Using the local timmer to pretend to be NTP time. Data recorded
Local Time: 2023-10-09 21:59:49 [INFO] NTP Time: [2023-10-09 22:59:49.332520]: Using the local timmer to pretend to be NTP time. Data recorded
Local Time: 2023-10-09 21:59:49 [INFO] NTP Time: [2023-10-09 22:59:49.472053]: Using the local timmer to pretend to be NTP time. Data recorded
Local Time: 2023-10-09 21:59:49 [INFO] NTP Time: [2023-10-09 22:59:49.610831]: Using the local timmer to pretend to be NTP time. Data recorded
Local Time: 2023-10-09 21:59:49 [INFO] NTP Time: [2023-10-09 22:59:49.775867]: Using the local timmer to pretend to be NTP time. Data recorded
Local Time: 2023-10-09 21:59:49 [INFO] NTP Time: [2023-10-09 22:59:49.930438]: Using the local timmer to pretend to be NTP time. Data recorded
Local Time: 2023-10-09 21:59:50 [INFO] NTP Time: [2023-10-09 22:59:50.053524]: Using the local timmer to pretend to be NTP time. Data recorded
Local Time: 2023-10-09 21:59:50 [INFO] NTP Time: [2023-10-09 22:59:50.219017]: Using the local timmer to pretend to be NTP time. Data recorded
Local Time: 2023-10-09 21:59:50 [INFO] NTP Time: [2023-10-09 22:59:50.358165]: Using the local timmer to pretend to be NTP time. Data recorded
Local Time: 2023-10-09 21:59:50 [INFO] NTP Time: [2023-10-09 22:59:50.497629]: Using the local timmer to pretend to be NTP time. Data recorded
Local Time: 2023-10-09 21:59:50 [INFO] NTP Time: [2023-10-09 22:59:50.665569]: Using the local timmer to pretend to be NTP time. Data recorded
Local Time: 2023-10-09 21:59:50 [INFO] NTP Time: [2023-10-09 22:59:50.801603]: Using the local timmer to pretend to be NTP time. Data recorded
Local Time: 2023-10-09 21:59:50 [INFO] NTP Time: [2023-10-09 22:59:50.942917]: Using the local timmer to pretend to be NTP time. Data recorded
Local Time: 2023-10-09 21:59:51 [INFO] NTP Time: [2023-10-09 22:59:51.080360]: Using the local timmer to pretend to be NTP time. Data recorded
Local Time: 2023-10-09 21:59:51 [INFO] NTP Time: [2023-10-09 22:59:51.243786]: Using the local timmer to pretend to be NTP time. Data recorded
Local Time: 2023-10-09 21:59:51 [INFO] NTP Time: [2023-10-09 22:59:51.384193]: Using the local timmer to pretend to be NTP time. Data recorded
Local Time: 2023-10-09 21:59:51 [INFO] NTP Time: [2023-10-09 22:59:51.523442]: Using the local timmer to pretend to be NTP time. Data recorded
Local Time: 2023-10-09 21:59:51 [INFO] NTP Time: [2023-10-09 22:59:51.687888]: Using the local timmer to pretend to be NTP time. Data recorded
Local Time: 2023-10-09 21:59:51 [INFO] NTP Time: [2023-10-09 22:59:51.829036]: Using the local timmer to pretend to be NTP time. Data recorded
Local Time: 2023-10-09 21:59:51 [INFO] NTP Time: [2023-10-09 22:59:51.972245]: Using the local timmer to pretend to be NTP time. Data recorded
Local Time: 2023-10-09 21:59:52 [INFO] NTP Time: [2023-10-09 22:59:52.130853]: Using the local timmer to pretend to be NTP time. Data recorded
Local Time: 2023-10-09 21:59:52 [INFO] NTP Time: [2023-10-09 22:59:52.292748]: Using the local timmer to pretend to be NTP time. Data recorded
Local Time: 2023-10-09 21:59:52 [INFO] NTP Time: [2023-10-09 22:59:52.411502]: Using the local timmer to pretend to be NTP time. Data recorded
Local Time: 2023-10-09 21:59:52 [INFO] NTP Time: [2023-10-09 22:59:52.553398]: Using the local timmer to pretend to be NTP time. Data recorded
Local Time: 2023-10-09 21:59:52 [INFO] NTP Time: [2023-10-09 22:59:52.713647]: Using the local timmer to pretend to be NTP time. Data recorded
Local Time: 2023-10-09 21:59:52 [INFO] NTP Time: [2023-10-09 22:59:52.853859]: Using the local timmer to pretend to be NTP time. Data recorded
Local Time: 2023-10-09 21:59:52 [INFO] NTP Time: [2023-10-09 22:59:52.991030]: Using the local timmer to pretend to be NTP time. Data recorded
Local Time: 2023-10-09 21:59:53 [INFO] NTP Time: [2023-10-09 22:59:53.155545]: Using the local timmer to pretend to be NTP time. Data recorded
Local Time: 2023-10-09 21:59:53 [INFO] NTP Time: [2023-10-09 22:59:53.295694]: Using the local timmer to pretend to be NTP time. Data recorded
Local Time: 2023-10-09 21:59:53 [INFO] NTP Time: [2023-10-09 22:59:53.433213]: Using the local timmer to pretend to be NTP time. Data recorded
Local Time: 2023-10-09 21:59:53 [INFO] NTP Time: [2023-10-09 22:59:53.598399]: Using the local timmer to pretend to be NTP time. Data recorded
Local Time: 2023-10-09 21:59:53 [INFO] NTP Time: [2023-10-09 22:59:53.738429]: Using the local timmer to pretend to be NTP time. Data recorded
Local Time: 2023-10-09 21:59:53 [INFO] NTP Time: [2023-10-09 22:59:53.876602]: Using the local timmer to pretend to be NTP time. Data recorded
Local Time: 2023-10-09 21:59:54 [INFO] NTP Time: [2023-10-09 22:59:54.035852]: Using the local timmer to pretend to be NTP time. Data recorded
Local Time: 2023-10-09 21:59:54 [INFO] NTP Time: [2023-10-09 22:59:54.185403]: Using the local timmer to pretend to be NTP time. Data recorded
Local Time: 2023-10-09 21:59:54 [INFO] NTP Time: [2023-10-09 22:59:54.320064]: Using the local timmer to pretend to be NTP time. Data recorded
Local Time: 2023-10-09 21:59:54 [INFO] NTP Time: [2023-10-09 22:59:54.458520]: Using the local timmer to pretend to be NTP time. Data recorded
Local Time: 2023-10-09 21:59:54 [INFO] NTP Time: [2023-10-09 22:59:54.625498]: Using the local timmer to pretend to be NTP time. Data recorded
Local Time: 2023-10-09 21:59:54 [INFO] NTP Time: [2023-10-09 22:59:54.762036]: Using the local timmer to pretend to be NTP time. Data recorded
Local Time: 2023-10-09 21:59:54 [INFO] NTP Time: [2023-10-09 22:59:54.911591]: Using the local timmer to pretend to be NTP time. Data recorded
Local Time: 2023-10-09 21:59:55 [INFO] NTP Time: [2023-10-09 22:59:55.066787]: Using the local timmer to pretend to be NTP time. Data recorded
Local Time: 2023-10-09 21:59:55 [INFO] NTP Time: [2023-10-09 22:59:55.206147]: Using the local timmer to pretend to be NTP time. Data recorded
Local Time: 2023-10-09 21:59:55 [INFO] NTP Time: [2023-10-09 22:59:55.355930]: Using the local timmer to pretend to be NTP time. Data recorded
Local Time: 2023-10-09 21:59:55 [INFO] NTP Time: [2023-10-09 22:59:55.536366]: Using the local timmer to pretend to be NTP time. Data recorded
Local Time: 2023-10-09 21:59:55 [INFO] NTP Time: [2023-10-09 22:59:55.648245]: Using the local timmer to pretend to be NTP time. Data recorded
Local Time: 2023-10-09 21:59:55 [INFO] NTP Time: [2023-10-09 22:59:55.787320]: Using the local timmer to pretend to be NTP time. Data recorded
Local Time: 2023-10-09 21:59:55 [INFO] NTP Time: [2023-10-09 22:59:55.925901]: Using the local timmer to pretend to be NTP time. Data recorded
Local Time: 2023-10-09 21:59:56 [INFO] NTP Time: [2023-10-09 22:59:56.091087]: Using the local timmer to pretend to be NTP time. Data recorded
Local Time: 2023-10-09 21:59:56 [INFO] NTP Time: [2023-10-09 22:59:56.247124]: Using the local timmer to pretend to be NTP time. Data recorded
Local Time: 2023-10-09 21:59:56 [INFO] NTP Time: [2023-10-09 22:59:56.370844]: Using the local timmer to pretend to be NTP time. Data recorded
Local Time: 2023-10-09 21:59:56 [INFO] NTP Time: [2023-10-09 22:59:56.534123]: Using the local timmer to pretend to be NTP time. Data recorded
Local Time: 2023-10-09 21:59:56 [INFO] NTP Time: [2023-10-09 22:59:56.673672]: Using the local timmer to pretend to be NTP time. Data recorded
Local Time: 2023-10-09 21:59:56 [INFO] NTP Time: [2023-10-09 22:59:56.813450]: Using the local timmer to pretend to be NTP time. Data recorded
Local Time: 2023-10-09 21:59:56 [INFO] NTP Time: [2023-10-09 22:59:56.979794]: Using the local timmer to pretend to be NTP time. Data recorded
Local Time: 2023-10-09 21:59:57 [INFO] NTP Time: [2023-10-09 22:59:57.116511]: Using the local timmer to pretend to be NTP time. Data recorded
Local Time: 2023-10-09 21:59:57 [INFO] NTP Time: [2023-10-09 22:59:57.254415]: Using the local timmer to pretend to be NTP time. Data recorded
Local Time: 2023-10-09 21:59:57 [INFO] NTP Time: [2023-10-09 22:59:57.393283]: Using the local timmer to pretend to be NTP time. Data recorded
Local Time: 2023-10-09 21:59:57 [ERROR] NTP Time: [2023-10-09 22:59:57.838250]: Error
Local Time: 2023-10-09 21:59:58 [INFO] NTP Time: [2023-10-09 22:59:58.001727]: Using the local timmer to pretend to be NTP time. Data recorded
Local Time: 2023-10-09 21:59:58 [INFO] NTP Time: [2023-10-09 22:59:58.141864]: Using the local timmer to pretend to be NTP time. Data recorded
Local Time: 2023-10-09 21:59:58 [INFO] NTP Time: [2023-10-09 22:59:58.280254]: Using the local timmer to pretend to be NTP time. Data recorded
Local Time: 2023-10-09 21:59:58 [INFO] NTP Time: [2023-10-09 22:59:58.446052]: Using the local timmer to pretend to be NTP time. Data recorded
Local Time: 2023-10-09 21:59:58 [INFO] NTP Time: [2023-10-09 22:59:58.584097]: Using the local timmer to pretend to be NTP time. Data recorded
Local Time: 2023-10-09 21:59:58 [INFO] NTP Time: [2023-10-09 22:59:58.723759]: Using the local timmer to pretend to be NTP time. Data recorded
Local Time: 2023-10-09 21:59:58 [INFO] NTP Time: [2023-10-09 22:59:58.862006]: Using the local timmer to pretend to be NTP time. Data recorded
Local Time: 2023-10-09 21:59:59 [ERROR] NTP Time: [2023-10-09 22:59:59.164974]: Error
Local Time: 2023-10-09 21:59:59 [ERROR] NTP Time: [2023-10-09 22:59:59.469723]: Error
Local Time: 2023-10-09 21:59:59 [INFO] NTP Time: [2023-10-09 22:59:59.610684]: Using the local timmer to pretend to be NTP time. Data recorded
Local Time: 2023-10-09 21:59:59 [INFO] NTP Time: [2023-10-09 22:59:59.749006]: Using the local timmer to pretend to be NTP time. Data recorded
Local Time: 2023-10-09 21:59:59 [INFO] NTP Time: [2023-10-09 22:59:59.915168]: Using the local timmer to pretend to be NTP time. Data recorded
Local Time: 2023-10-09 22:00:00 [INFO] NTP Time: [2023-10-09 23:00:00.057835]: Using the local timmer to pretend to be NTP time. Data recorded
Local Time: 2023-10-09 22:00:00 [INFO] NTP Time: [2023-10-09 23:00:00.191401]: Using the local timmer to pretend to be NTP time. Data recorded
Local Time: 2023-10-09 22:00:00 [INFO] NTP Time: [2023-10-09 23:00:00.329146]: Using the local timmer to pretend to be NTP time. Data recorded
Local Time: 2023-10-09 22:00:00 [INFO] NTP Time: [2023-10-09 23:00:00.497626]: Using the local timmer to pretend to be NTP time. Data recorded
Local Time: 2023-10-09 22:00:00 [INFO] NTP Time: [2023-10-09 23:00:00.634857]: Using the local timmer to pretend to be NTP time. Data recorded
Local Time: 2023-10-09 22:00:00 [INFO] NTP Time: [2023-10-09 23:00:00.778145]: Using the local timmer to pretend to be NTP time. Data recorded
Local Time: 2023-10-09 22:00:00 [INFO] NTP Time: [2023-10-09 23:00:00.937759]: Using the local timmer to pretend to be NTP time. Data recorded
Local Time: 2023-10-09 22:00:01 [INFO] NTP Time: [2023-10-09 23:00:01.132016]: Using the local timmer to pretend to be NTP time. Data recorded
Local Time: 2023-10-09 22:00:01 [INFO] NTP Time: [2023-10-09 23:00:01.234011]: Using the local timmer to pretend to be NTP time. Data recorded
Local Time: 2023-10-09 22:00:01 [INFO] NTP Time: [2023-10-09 23:00:01.384608]: Using the local timmer to pretend to be NTP time. Data recorded
Local Time: 2023-10-09 22:00:01 [INFO] NTP Time: [2023-10-09 23:00:01.519530]: Using the local timmer to pretend to be NTP time. Data recorded
Local Time: 2023-10-09 22:00:01 [INFO] NTP Time: [2023-10-09 23:00:01.659878]: Using the local timmer to pretend to be NTP time. Data recorded
Local Time: 2023-10-09 22:00:01 [INFO] NTP Time: [2023-10-09 23:00:01.798496]: Using the local timmer to pretend to be NTP time. Data recorded
Local Time: 2023-10-09 22:00:01 [INFO] NTP Time: [2023-10-09 23:00:01.962554]: Using the local timmer to pretend to be NTP time. Data recorded
Local Time: 2023-10-09 22:00:02 [INFO] NTP Time: [2023-10-09 23:00:02.102233]: Using the local timmer to pretend to be NTP time. Data recorded
Local Time: 2023-10-09 22:00:02 [INFO] NTP Time: [2023-10-09 23:00:02.242193]: Using the local timmer to pretend to be NTP time. Data recorded
Local Time: 2023-10-09 22:00:02 [INFO] NTP Time: [2023-10-09 23:00:02.405842]: Using the local timmer to pretend to be NTP time. Data recorded
Local Time: 2023-10-09 22:00:02 [INFO] NTP Time: [2023-10-09 23:00:02.544667]: Using the local timmer to pretend to be NTP time. Data recorded
Local Time: 2023-10-09 22:00:02 [INFO] NTP Time: [2023-10-09 23:00:02.683259]: Using the local timmer to pretend to be NTP time. Data recorded
Local Time: 2023-10-09 22:00:02 [INFO] NTP Time: [2023-10-09 23:00:02.850415]: Using the local timmer to pretend to be NTP time. Data recorded
Local Time: 2023-10-09 22:00:02 [INFO] NTP Time: [2023-10-09 23:00:02.987571]: Using the local timmer to pretend to be NTP time. Data recorded
Local Time: 2023-10-09 22:00:03 [INFO] NTP Time: [2023-10-09 23:00:03.127375]: Using the local timmer to pretend to be NTP time. Data recorded
Local Time: 2023-10-09 22:00:03 [INFO] NTP Time: [2023-10-09 23:00:03.292135]: Using the local timmer to pretend to be NTP time. Data recorded
Local Time: 2023-10-09 22:00:03 [INFO] NTP Time: [2023-10-09 23:00:03.430527]: Using the local timmer to pretend to be NTP time. Data recorded
Local Time: 2023-10-09 22:00:03 [INFO] NTP Time: [2023-10-09 23:00:03.569833]: Using the local timmer to pretend to be NTP time. Data recorded
Local Time: 2023-10-09 22:00:03 [INFO] NTP Time: [2023-10-09 23:00:03.710586]: Using the local timmer to pretend to be NTP time. Data recorded
Local Time: 2023-10-09 22:00:03 [INFO] NTP Time: [2023-10-09 23:00:03.874996]: Using the local timmer to pretend to be NTP time. Data recorded
Local Time: 2023-10-09 22:00:04 [INFO] NTP Time: [2023-10-09 23:00:04.013244]: Using the local timmer to pretend to be NTP time. Data recorded
Local Time: 2023-10-09 22:00:04 [INFO] NTP Time: [2023-10-09 23:00:04.151768]: Using the local timmer to pretend to be NTP time. Data recorded
Local Time: 2023-10-09 22:00:04 [INFO] NTP Time: [2023-10-09 23:00:04.316660]: Using the local timmer to pretend to be NTP time. Data recorded
Local Time: 2023-10-09 22:00:04 [INFO] NTP Time: [2023-10-09 23:00:04.455654]: Using the local timmer to pretend to be NTP time. Data recorded
Local Time: 2023-10-09 22:00:04 [INFO] NTP Time: [2023-10-09 23:00:04.595120]: Using the local timmer to pretend to be NTP time. Data recorded
Local Time: 2023-10-09 22:00:04 [INFO] NTP Time: [2023-10-09 23:00:04.759645]: Using the local timmer to pretend to be NTP time. Data recorded
Local Time: 2023-10-09 22:00:04 [INFO] NTP Time: [2023-10-09 23:00:04.898702]: Using the local timmer to pretend to be NTP time. Data recorded
Local Time: 2023-10-09 22:00:05 [INFO] NTP Time: [2023-10-09 23:00:05.038878]: Using the local timmer to pretend to be NTP time. Data recorded
Local Time: 2023-10-09 22:00:05 [INFO] NTP Time: [2023-10-09 23:00:05.177060]: Using the local timmer to pretend to be NTP time. Data recorded
Local Time: 2023-10-09 22:00:05 [INFO] NTP Time: [2023-10-09 23:00:05.343545]: Using the local timmer to pretend to be NTP time. Data recorded
Local Time: 2023-10-09 22:00:05 [INFO] NTP Time: [2023-10-09 23:00:05.481742]: Using the local timmer to pretend to be NTP time. Data recorded
Local Time: 2023-10-09 22:00:05 [INFO] NTP Time: [2023-10-09 23:00:05.642422]: Using the local timmer to pretend to be NTP time. Data recorded
Local Time: 2023-10-09 22:00:05 [INFO] NTP Time: [2023-10-09 23:00:05.784866]: Using the local timmer to pretend to be NTP time. Data recorded
Local Time: 2023-10-09 22:00:05 [INFO] NTP Time: [2023-10-09 23:00:05.924214]: Using the local timmer to pretend to be NTP time. Data recorded
Local Time: 2023-10-09 22:00:06 [INFO] NTP Time: [2023-10-09 23:00:06.063259]: Using the local timmer to pretend to be NTP time. Data recorded
Local Time: 2023-10-09 22:00:06 [INFO] NTP Time: [2023-10-09 23:00:06.227997]: Using the local timmer to pretend to be NTP time. Data recorded
Local Time: 2023-10-09 22:00:06 [INFO] NTP Time: [2023-10-09 23:00:06.368279]: Using the local timmer to pretend to be NTP time. Data recorded
Local Time: 2023-10-09 22:00:06 [INFO] NTP Time: [2023-10-09 23:00:06.507712]: Using the local timmer to pretend to be NTP time. Data recorded
Local Time: 2023-10-09 22:00:06 [INFO] NTP Time: [2023-10-09 23:00:06.645700]: Using the local timmer to pretend to be NTP time. Data recorded
Local Time: 2023-10-09 22:00:06 [INFO] NTP Time: [2023-10-09 23:00:06.810452]: Using the local timmer to pretend to be NTP time. Data recorded
Local Time: 2023-10-09 22:00:06 [INFO] NTP Time: [2023-10-09 23:00:06.949691]: Using the local timmer to pretend to be NTP time. Data recorded
Local Time: 2023-10-09 22:00:07 [INFO] NTP Time: [2023-10-09 23:00:07.088387]: Using the local timmer to pretend to be NTP time. Data recorded
Local Time: 2023-10-09 22:00:07 [INFO] NTP Time: [2023-10-09 23:00:07.279259]: Using the local timmer to pretend to be NTP time. Data recorded
Local Time: 2023-10-09 22:00:07 [INFO] NTP Time: [2023-10-09 23:00:07.392272]: Using the local timmer to pretend to be NTP time. Data recorded
Local Time: 2023-10-09 22:00:07 [INFO] NTP Time: [2023-10-09 23:00:07.570717]: Using the local timmer to pretend to be NTP time. Data recorded
Local Time: 2023-10-09 22:00:07 [INFO] NTP Time: [2023-10-09 23:00:07.696275]: Using the local timmer to pretend to be NTP time. Data recorded
Local Time: 2023-10-09 22:00:07 [INFO] NTP Time: [2023-10-09 23:00:07.837284]: Using the local timmer to pretend to be NTP time. Data recorded
Local Time: 2023-10-09 22:00:08 [INFO] NTP Time: [2023-10-09 23:00:07.998195]: Using the local timmer to pretend to be NTP time. Data recorded
Local Time: 2023-10-09 22:00:08 [INFO] NTP Time: [2023-10-09 23:00:08.113668]: Using the local timmer to pretend to be NTP time. Data recorded
Local Time: 2023-10-09 22:00:08 [INFO] NTP Time: [2023-10-09 23:00:08.278263]: Using the local timmer to pretend to be NTP time. Data recorded
Local Time: 2023-10-09 22:00:08 [INFO] NTP Time: [2023-10-09 23:00:08.418867]: Using the local timmer to pretend to be NTP time. Data recorded
Local Time: 2023-10-09 22:00:08 [INFO] NTP Time: [2023-10-09 23:00:08.556414]: Using the local timmer to pretend to be NTP time. Data recorded
Local Time: 2023-10-09 22:00:08 [INFO] NTP Time: [2023-10-09 23:00:08.745598]: Using the local timmer to pretend to be NTP time. Data recorded
Local Time: 2023-10-09 22:00:09 [ERROR] NTP Time: [2023-10-09 23:00:09.608501]: Error
Local Time: 2023-10-09 22:00:09 [INFO] NTP Time: [2023-10-09 23:00:09.746418]: Using the local timmer to pretend to be NTP time. Data recorded
Local Time: 2023-10-09 22:00:09 [INFO] NTP Time: [2023-10-09 23:00:09.885791]: Using the local timmer to pretend to be NTP time. Data recorded
Local Time: 2023-10-09 22:00:10 [INFO] NTP Time: [2023-10-09 23:00:10.024891]: Using the local timmer to pretend to be NTP time. Data recorded
Local Time: 2023-10-09 22:00:10 [INFO] NTP Time: [2023-10-09 23:00:10.189564]: Using the local timmer to pretend to be NTP time. Data recorded
Local Time: 2023-10-09 22:00:10 [INFO] NTP Time: [2023-10-09 23:00:10.330105]: Using the local timmer to pretend to be NTP time. Data recorded
Local Time: 2023-10-09 22:00:10 [INFO] NTP Time: [2023-10-09 23:00:10.468671]: Using the local timmer to pretend to be NTP time. Data recorded
Local Time: 2023-10-09 22:00:10 [ERROR] NTP Time: [2023-10-09 23:00:10.772497]: Error
Local Time: 2023-10-09 22:00:10 [INFO] NTP Time: [2023-10-09 23:00:10.910522]: Using the local timmer to pretend to be NTP time. Data recorded
Local Time: 2023-10-09 22:00:11 [INFO] NTP Time: [2023-10-09 23:00:11.083131]: Using the local timmer to pretend to be NTP time. Data recorded
Local Time: 2023-10-09 22:00:11 [INFO] NTP Time: [2023-10-09 23:00:11.214736]: Using the local timmer to pretend to be NTP time. Data recorded
Local Time: 2023-10-09 22:00:11 [INFO] NTP Time: [2023-10-09 23:00:11.354206]: Using the local timmer to pretend to be NTP time. Data recorded
Local Time: 2023-10-09 22:00:11 [INFO] NTP Time: [2023-10-09 23:00:11.497572]: Using the local timmer to pretend to be NTP time. Data recorded
Local Time: 2023-10-09 22:00:11 [INFO] NTP Time: [2023-10-09 23:00:11.658192]: Using the local timmer to pretend to be NTP time. Data recorded
Local Time: 2023-10-09 22:00:11 [ERROR] NTP Time: [2023-10-09 23:00:11.935921]: Error
Local Time: 2023-10-09 22:00:12 [INFO] NTP Time: [2023-10-09 23:00:12.101638]: Using the local timmer to pretend to be NTP time. Data recorded
Local Time: 2023-10-09 22:00:12 [INFO] NTP Time: [2023-10-09 23:00:12.244465]: Using the local timmer to pretend to be NTP time. Data recorded
Local Time: 2023-10-09 22:00:12 [INFO] NTP Time: [2023-10-09 23:00:12.378855]: Using the local timmer to pretend to be NTP time. Data recorded
Local Time: 2023-10-09 22:00:12 [INFO] NTP Time: [2023-10-09 23:00:12.543905]: Using the local timmer to pretend to be NTP time. Data recorded
Local Time: 2023-10-09 22:00:12 [INFO] NTP Time: [2023-10-09 23:00:12.683012]: Using the local timmer to pretend to be NTP time. Data recorded
Local Time: 2023-10-09 22:00:12 [INFO] NTP Time: [2023-10-09 23:00:12.823326]: Using the local timmer to pretend to be NTP time. Data recorded
Local Time: 2023-10-09 22:00:12 [INFO] NTP Time: [2023-10-09 23:00:12.961768]: Using the local timmer to pretend to be NTP time. Data recorded
Local Time: 2023-10-09 22:00:13 [INFO] NTP Time: [2023-10-09 23:00:13.125952]: Using the local timmer to pretend to be NTP time. Data recorded
Local Time: 2023-10-09 22:00:13 [INFO] NTP Time: [2023-10-09 23:00:13.264924]: Using the local timmer to pretend to be NTP time. Data recorded
Local Time: 2023-10-09 22:00:13 [ERROR] NTP Time: [2023-10-09 23:00:13.403874]: Error
Local Time: 2023-10-09 22:00:13 [INFO] NTP Time: [2023-10-09 23:00:13.569874]: Using the local timmer to pretend to be NTP time. Data recorded
Local Time: 2023-10-09 22:00:13 [INFO] NTP Time: [2023-10-09 23:00:13.708143]: Using the local timmer to pretend to be NTP time. Data recorded
Local Time: 2023-10-09 22:00:13 [INFO] NTP Time: [2023-10-09 23:00:13.846942]: Using the local timmer to pretend to be NTP time. Data recorded
Local Time: 2023-10-09 22:00:14 [INFO] NTP Time: [2023-10-09 23:00:14.012016]: Using the local timmer to pretend to be NTP time. Data recorded
Local Time: 2023-10-09 22:00:14 [ERROR] NTP Time: [2023-10-09 23:00:14.291017]: Error
Local Time: 2023-10-09 22:00:14 [INFO] NTP Time: [2023-10-09 23:00:14.432212]: Using the local timmer to pretend to be NTP time. Data recorded
Local Time: 2023-10-09 22:00:14 [INFO] NTP Time: [2023-10-09 23:00:14.597051]: Using the local timmer to pretend to be NTP time. Data recorded
Local Time: 2023-10-09 22:00:14 [INFO] NTP Time: [2023-10-09 23:00:14.733556]: Using the local timmer to pretend to be NTP time. Data recorded
Local Time: 2023-10-09 22:00:14 [INFO] NTP Time: [2023-10-09 23:00:14.872596]: Using the local timmer to pretend to be NTP time. Data recorded
Local Time: 2023-10-09 22:00:15 [INFO] NTP Time: [2023-10-09 23:00:15.037169]: Using the local timmer to pretend to be NTP time. Data recorded
Local Time: 2023-10-09 22:00:15 [ERROR] NTP Time: [2023-10-09 23:00:15.316844]: Error
Local Time: 2023-10-09 22:00:15 [INFO] NTP Time: [2023-10-09 23:00:15.481165]: Using the local timmer to pretend to be NTP time. Data recorded
Local Time: 2023-10-09 22:00:15 [INFO] NTP Time: [2023-10-09 23:00:15.619156]: Using the local timmer to pretend to be NTP time. Data recorded
Local Time: 2023-10-09 22:00:15 [INFO] NTP Time: [2023-10-09 23:00:15.759207]: Using the local timmer to pretend to be NTP time. Data recorded
Local Time: 2023-10-09 22:00:15 [INFO] NTP Time: [2023-10-09 23:00:15.898301]: Using the local timmer to pretend to be NTP time. Data recorded
Local Time: 2023-10-09 22:00:16 [INFO] NTP Time: [2023-10-09 23:00:16.063026]: Using the local timmer to pretend to be NTP time. Data recorded
Local Time: 2023-10-09 22:00:16 [INFO] NTP Time: [2023-10-09 23:00:16.206573]: Using the local timmer to pretend to be NTP time. Data recorded
Local Time: 2023-10-09 22:00:16 [INFO] NTP Time: [2023-10-09 23:00:16.343418]: Using the local timmer to pretend to be NTP time. Data recorded
Local Time: 2023-10-09 22:00:16 [INFO] NTP Time: [2023-10-09 23:00:16.505441]: Using the local timmer to pretend to be NTP time. Data recorded
Local Time: 2023-10-09 22:00:16 [INFO] NTP Time: [2023-10-09 23:00:16.644376]: Using the local timmer to pretend to be NTP time. Data recorded
Local Time: 2023-10-09 22:00:16 [ERROR] NTP Time: [2023-10-09 23:00:16.949224]: Error
Local Time: 2023-10-09 22:00:17 [INFO] NTP Time: [2023-10-09 23:00:17.091069]: Using the local timmer to pretend to be NTP time. Data recorded
Local Time: 2023-10-09 22:00:17 [INFO] NTP Time: [2023-10-09 23:00:17.227343]: Using the local timmer to pretend to be NTP time. Data recorded
Local Time: 2023-10-09 22:00:17 [ERROR] NTP Time: [2023-10-09 23:00:17.531866]: Error
Local Time: 2023-10-09 22:00:17 [INFO] NTP Time: [2023-10-09 23:00:17.669599]: Using the local timmer to pretend to be NTP time. Data recorded
Local Time: 2023-10-09 22:00:17 [INFO] NTP Time: [2023-10-09 23:00:17.808555]: Using the local timmer to pretend to be NTP time. Data recorded
Local Time: 2023-10-09 22:00:17 [INFO] NTP Time: [2023-10-09 23:00:17.973765]: Using the local timmer to pretend to be NTP time. Data recorded
Local Time: 2023-10-09 22:00:18 [INFO] NTP Time: [2023-10-09 23:00:18.120801]: Using the local timmer to pretend to be NTP time. Data recorded
Local Time: 2023-10-09 22:00:18 [INFO] NTP Time: [2023-10-09 23:00:18.252069]: Using the local timmer to pretend to be NTP time. Data recorded
Local Time: 2023-10-09 22:00:18 [INFO] NTP Time: [2023-10-09 23:00:18.418768]: Using the local timmer to pretend to be NTP time. Data recorded
Local Time: 2023-10-09 22:00:18 [ERROR] NTP Time: [2023-10-09 23:00:18.555366]: Error
Local Time: 2023-10-09 22:00:18 [INFO] NTP Time: [2023-10-09 23:00:18.698099]: Using the local timmer to pretend to be NTP time. Data recorded
Local Time: 2023-10-09 22:00:18 [INFO] NTP Time: [2023-10-09 23:00:18.860796]: Using the local timmer to pretend to be NTP time. Data recorded
Local Time: 2023-10-09 22:00:19 [INFO] NTP Time: [2023-10-09 23:00:19.002786]: Using the local timmer to pretend to be NTP time. Data recorded
Local Time: 2023-10-09 22:00:19 [INFO] NTP Time: [2023-10-09 23:00:19.137942]: Using the local timmer to pretend to be NTP time. Data recorded
Local Time: 2023-10-09 22:00:19 [INFO] NTP Time: [2023-10-09 23:00:19.276794]: Using the local timmer to pretend to be NTP time. Data recorded
Local Time: 2023-10-09 22:00:19 [INFO] NTP Time: [2023-10-09 23:00:19.442142]: Using the local timmer to pretend to be NTP time. Data recorded
Local Time: 2023-10-09 22:00:19 [INFO] NTP Time: [2023-10-09 23:00:19.580853]: Using the local timmer to pretend to be NTP time. Data recorded
Local Time: 2023-10-09 22:00:19 [INFO] NTP Time: [2023-10-09 23:00:19.728814]: Using the local timmer to pretend to be NTP time. Data recorded
Local Time: 2023-10-09 22:00:19 [INFO] NTP Time: [2023-10-09 23:00:19.885028]: Using the local timmer to pretend to be NTP time. Data recorded
Local Time: 2023-10-09 22:00:20 [INFO] NTP Time: [2023-10-09 23:00:20.029428]: Using the local timmer to pretend to be NTP time. Data recorded
Local Time: 2023-10-09 22:00:20 [INFO] NTP Time: [2023-10-09 23:00:20.163097]: Using the local timmer to pretend to be NTP time. Data recorded
Local Time: 2023-10-09 22:00:20 [INFO] NTP Time: [2023-10-09 23:00:20.329082]: Using the local timmer to pretend to be NTP time. Data recorded
Local Time: 2023-10-09 22:00:20 [ERROR] NTP Time: [2023-10-09 23:00:20.468218]: Error
Local Time: 2023-10-09 22:00:20 [INFO] NTP Time: [2023-10-09 23:00:20.606236]: Using the local timmer to pretend to be NTP time. Data recorded
Local Time: 2023-10-09 22:00:20 [INFO] NTP Time: [2023-10-09 23:00:20.745166]: Using the local timmer to pretend to be NTP time. Data recorded
Local Time: 2023-10-09 22:00:20 [INFO] NTP Time: [2023-10-09 23:00:20.915693]: Using the local timmer to pretend to be NTP time. Data recorded
Local Time: 2023-10-09 22:00:21 [INFO] NTP Time: [2023-10-09 23:00:21.049031]: Using the local timmer to pretend to be NTP time. Data recorded
Local Time: 2023-10-09 22:00:21 [INFO] NTP Time: [2023-10-09 23:00:21.191786]: Using the local timmer to pretend to be NTP time. Data recorded
Local Time: 2023-10-09 22:00:21 [INFO] NTP Time: [2023-10-09 23:00:21.354358]: Using the local timmer to pretend to be NTP time. Data recorded
Local Time: 2023-10-09 22:00:21 [INFO] NTP Time: [2023-10-09 23:00:21.493004]: Using the local timmer to pretend to be NTP time. Data recorded
Local Time: 2023-10-09 22:00:21 [INFO] NTP Time: [2023-10-09 23:00:21.631159]: Using the local timmer to pretend to be NTP time. Data recorded
Local Time: 2023-10-09 22:00:21 [INFO] NTP Time: [2023-10-09 23:00:21.796890]: Using the local timmer to pretend to be NTP time. Data recorded
Local Time: 2023-10-09 22:00:21 [INFO] NTP Time: [2023-10-09 23:00:21.935695]: Using the local timmer to pretend to be NTP time. Data recorded
Local Time: 2023-10-09 22:00:22 [ERROR] NTP Time: [2023-10-09 23:00:22.214603]: Error
Local Time: 2023-10-09 22:00:22 [INFO] NTP Time: [2023-10-09 23:00:22.379295]: Using the local timmer to pretend to be NTP time. Data recorded
Local Time: 2023-10-09 22:00:22 [INFO] NTP Time: [2023-10-09 23:00:22.517307]: Using the local timmer to pretend to be NTP time. Data recorded
Local Time: 2023-10-09 22:00:22 [INFO] NTP Time: [2023-10-09 23:00:22.657281]: Using the local timmer to pretend to be NTP time. Data recorded
Local Time: 2023-10-09 22:00:22 [INFO] NTP Time: [2023-10-09 23:00:22.821338]: Using the local timmer to pretend to be NTP time. Data recorded
Local Time: 2023-10-09 22:00:22 [INFO] NTP Time: [2023-10-09 23:00:22.960772]: Using the local timmer to pretend to be NTP time. Data recorded
Local Time: 2023-10-09 22:00:23 [INFO] NTP Time: [2023-10-09 23:00:23.099825]: Using the local timmer to pretend to be NTP time. Data recorded
Local Time: 2023-10-09 22:00:23 [INFO] NTP Time: [2023-10-09 23:00:23.264885]: Using the local timmer to pretend to be NTP time. Data recorded
Local Time: 2023-10-09 22:00:23 [ERROR] NTP Time: [2023-10-09 23:00:23.543952]: Error
Local Time: 2023-10-09 22:00:23 [INFO] NTP Time: [2023-10-09 23:00:23.681763]: Using the local timmer to pretend to be NTP time. Data recorded
Local Time: 2023-10-09 22:00:23 [INFO] NTP Time: [2023-10-09 23:00:23.847429]: Using the local timmer to pretend to be NTP time. Data recorded
Local Time: 2023-10-09 22:00:23 [INFO] NTP Time: [2023-10-09 23:00:23.985718]: Using the local timmer to pretend to be NTP time. Data recorded
Local Time: 2023-10-09 22:00:24 [ERROR] NTP Time: [2023-10-09 23:00:24.125039]: Error
Local Time: 2023-10-09 22:00:24 [INFO] NTP Time: [2023-10-09 23:00:24.290164]: Using the local timmer to pretend to be NTP time. Data recorded
Local Time: 2023-10-09 22:00:24 [INFO] NTP Time: [2023-10-09 23:00:24.433177]: Using the local timmer to pretend to be NTP time. Data recorded
Local Time: 2023-10-09 22:00:24 [INFO] NTP Time: [2023-10-09 23:00:24.567890]: Using the local timmer to pretend to be NTP time. Data recorded
Local Time: 2023-10-09 22:00:24 [INFO] NTP Time: [2023-10-09 23:00:24.732955]: Using the local timmer to pretend to be NTP time. Data recorded
Local Time: 2023-10-09 22:00:24 [INFO] NTP Time: [2023-10-09 23:00:24.871862]: Using the local timmer to pretend to be NTP time. Data recorded
Local Time: 2023-10-09 22:00:25 [ERROR] NTP Time: [2023-10-09 23:00:25.315468]: Error
Local Time: 2023-10-09 22:00:25 [INFO] NTP Time: [2023-10-09 23:00:25.454115]: Using the local timmer to pretend to be NTP time. Data recorded
Local Time: 2023-10-09 22:00:25 [INFO] NTP Time: [2023-10-09 23:00:25.593109]: Using the local timmer to pretend to be NTP time. Data recorded
Local Time: 2023-10-09 22:00:25 [INFO] NTP Time: [2023-10-09 23:00:25.758261]: Using the local timmer to pretend to be NTP time. Data recorded
Local Time: 2023-10-09 22:00:25 [INFO] NTP Time: [2023-10-09 23:00:25.897600]: Using the local timmer to pretend to be NTP time. Data recorded
Local Time: 2023-10-09 22:00:26 [INFO] NTP Time: [2023-10-09 23:00:26.036149]: Using the local timmer to pretend to be NTP time. Data recorded
Local Time: 2023-10-09 22:00:26 [INFO] NTP Time: [2023-10-09 23:00:26.207040]: Using the local timmer to pretend to be NTP time. Data recorded
Local Time: 2023-10-09 22:00:26 [INFO] NTP Time: [2023-10-09 23:00:26.343560]: Using the local timmer to pretend to be NTP time. Data recorded
Local Time: 2023-10-09 22:00:26 [INFO] NTP Time: [2023-10-09 23:00:26.479328]: Using the local timmer to pretend to be NTP time. Data recorded
Local Time: 2023-10-09 22:00:26 [INFO] NTP Time: [2023-10-09 23:00:26.644678]: Using the local timmer to pretend to be NTP time. Data recorded
Local Time: 2023-10-09 22:00:26 [INFO] NTP Time: [2023-10-09 23:00:26.785775]: Using the local timmer to pretend to be NTP time. Data recorded
Local Time: 2023-10-09 22:00:27 [ERROR] NTP Time: [2023-10-09 23:00:27.228096]: Error
Local Time: 2023-10-09 22:00:27 [INFO] NTP Time: [2023-10-09 23:00:27.366641]: Using the local timmer to pretend to be NTP time. Data recorded
Local Time: 2023-10-09 22:00:27 [INFO] NTP Time: [2023-10-09 23:00:27.504404]: Using the local timmer to pretend to be NTP time. Data recorded
Local Time: 2023-10-09 22:00:27 [INFO] NTP Time: [2023-10-09 23:00:27.669229]: Using the local timmer to pretend to be NTP time. Data recorded
Local Time: 2023-10-09 22:00:27 [INFO] NTP Time: [2023-10-09 23:00:27.808313]: Using the local timmer to pretend to be NTP time. Data recorded
Local Time: 2023-10-09 22:00:27 [INFO] NTP Time: [2023-10-09 23:00:27.947322]: Using the local timmer to pretend to be NTP time. Data recorded
Local Time: 2023-10-09 22:00:28 [INFO] NTP Time: [2023-10-09 23:00:28.112357]: Using the local timmer to pretend to be NTP time. Data recorded
Local Time: 2023-10-09 22:00:28 [INFO] NTP Time: [2023-10-09 23:00:28.251590]: Using the local timmer to pretend to be NTP time. Data recorded
Local Time: 2023-10-09 22:00:28 [INFO] NTP Time: [2023-10-09 23:00:28.390550]: Using the local timmer to pretend to be NTP time. Data recorded
Local Time: 2023-10-09 22:00:28 [INFO] NTP Time: [2023-10-09 23:00:28.529724]: Using the local timmer to pretend to be NTP time. Data recorded
Local Time: 2023-10-09 22:00:28 [INFO] NTP Time: [2023-10-09 23:00:28.694815]: Using the local timmer to pretend to be NTP time. Data recorded
Local Time: 2023-10-09 22:00:28 [ERROR] NTP Time: [2023-10-09 23:00:28.973263]: Error
Local Time: 2023-10-09 22:00:29 [INFO] NTP Time: [2023-10-09 23:00:29.137707]: Using the local timmer to pretend to be NTP time. Data recorded
Local Time: 2023-10-09 22:00:29 [INFO] NTP Time: [2023-10-09 23:00:29.277772]: Using the local timmer to pretend to be NTP time. Data recorded
Local Time: 2023-10-09 22:00:29 [INFO] NTP Time: [2023-10-09 23:00:29.415983]: Using the local timmer to pretend to be NTP time. Data recorded
Local Time: 2023-10-09 22:00:29 [INFO] NTP Time: [2023-10-09 23:00:29.580868]: Using the local timmer to pretend to be NTP time. Data recorded
Local Time: 2023-10-09 22:00:29 [INFO] NTP Time: [2023-10-09 23:00:29.720837]: Using the local timmer to pretend to be NTP time. Data recorded
Local Time: 2023-10-09 22:00:29 [INFO] NTP Time: [2023-10-09 23:00:29.858925]: Using the local timmer to pretend to be NTP time. Data recorded
Local Time: 2023-10-09 22:00:30 [INFO] NTP Time: [2023-10-09 23:00:29.997887]: Using the local timmer to pretend to be NTP time. Data recorded
Local Time: 2023-10-09 22:00:30 [ERROR] NTP Time: [2023-10-09 23:00:30.301919]: Error
Local Time: 2023-10-09 22:00:30 [INFO] NTP Time: [2023-10-09 23:00:30.441123]: Using the local timmer to pretend to be NTP time. Data recorded
Local Time: 2023-10-09 22:00:30 [ERROR] NTP Time: [2023-10-09 23:00:30.746581]: Error
Local Time: 2023-10-09 22:00:30 [INFO] NTP Time: [2023-10-09 23:00:30.884051]: Using the local timmer to pretend to be NTP time. Data recorded
Local Time: 2023-10-09 22:00:31 [INFO] NTP Time: [2023-10-09 23:00:31.049026]: Using the local timmer to pretend to be NTP time. Data recorded
Local Time: 2023-10-09 22:00:31 [INFO] NTP Time: [2023-10-09 23:00:31.188107]: Using the local timmer to pretend to be NTP time. Data recorded
Local Time: 2023-10-09 22:00:31 [ERROR] NTP Time: [2023-10-09 23:00:31.326929]: Error
Local Time: 2023-10-09 22:00:31 [INFO] NTP Time: [2023-10-09 23:00:31.466157]: Using the local timmer to pretend to be NTP time. Data recorded
Local Time: 2023-10-09 22:00:31 [INFO] NTP Time: [2023-10-09 23:00:31.631864]: Using the local timmer to pretend to be NTP time. Data recorded
Local Time: 2023-10-09 22:00:31 [INFO] NTP Time: [2023-10-09 23:00:31.770663]: Using the local timmer to pretend to be NTP time. Data recorded
Local Time: 2023-10-09 22:00:31 [INFO] NTP Time: [2023-10-09 23:00:31.790225]: End recording by a terminate action.
