Local Time: 2023-10-09 21:40:17 [INFO] NTP Time: [2023-10-09 22:40:17.562639]: Loaded configuration: {'participant': {'id': 'P001', 'age': '25', 'gender': 'M', 'ethnicity': 'Caucasian', 'height': '165', 'weight': '65'}, 'experiment': {'date': '2022-01-01', 'time': '14:00:00', 'condition': 'HW101M', 'group': 'A', 'illumination_level': 'low'}, 'task_info': {'task_name': 'Task1', 'trial_number': '5'}, 'notes': {'comments': 'Participant seemed tired during the session.'}, 'label_info': {'activity': 'sit'}}
Local Time: 2023-10-09 21:40:17 [INFO] NTP Time: [2023-10-09 22:40:17.563315]: Loaded IRA configuration: {'port': '/dev/ttyUSB0', 'baud_rate': '921600', 'Data storage location': 'IRA/data', 'IRA_Datatype': 'float'}
Local Time: 2023-10-09 21:40:17 [INFO] NTP Time: [2023-10-09 22:40:17.564106]: Reading data from /dev/ttyUSB0 at 921600 baud
Local Time: 2023-10-09 21:40:17 [INFO] NTP Time: [2023-10-09 22:40:17.644461]: Using NTP time as the start timmer.
Local Time: 2023-10-09 21:40:17 [ERROR] NTP Time: [2023-10-09 22:40:17.644866]: Error
Local Time: 2023-10-09 21:40:17 [ERROR] NTP Time: [2023-10-09 22:40:17.958800]: Error
Local Time: 2023-10-09 21:40:18 [INFO] NTP Time: [2023-10-09 22:40:18.081975]: Using the local timmer to pretend to be NTP time. Data recorded
Local Time: 2023-10-09 21:40:18 [INFO] NTP Time: [2023-10-09 22:40:18.221923]: Using the local timmer to pretend to be NTP time. Data recorded
Local Time: 2023-10-09 21:40:18 [INFO] NTP Time: [2023-10-09 22:40:18.387679]: Using the local timmer to pretend to be NTP time. Data recorded
Local Time: 2023-10-09 21:40:18 [INFO] NTP Time: [2023-10-09 22:40:18.537830]: Using the local timmer to pretend to be NTP time. Data recorded
Local Time: 2023-10-09 21:40:18 [INFO] NTP Time: [2023-10-09 22:40:18.671601]: Using the local timmer to pretend to be NTP time. Data recorded
Local Time: 2023-10-09 21:40:18 [INFO] NTP Time: [2023-10-09 22:40:18.805115]: Using the local timmer to pretend to be NTP time. Data recorded
Local Time: 2023-10-09 21:40:18 [INFO] NTP Time: [2023-10-09 22:40:18.968723]: Using the local timmer to pretend to be NTP time. Data recorded
Local Time: 2023-10-09 21:40:19 [INFO] NTP Time: [2023-10-09 22:40:19.108354]: Using the local timmer to pretend to be NTP time. Data recorded
Local Time: 2023-10-09 21:40:19 [INFO] NTP Time: [2023-10-09 22:40:19.246821]: Using the local timmer to pretend to be NTP time. Data recorded
Local Time: 2023-10-09 21:40:19 [INFO] NTP Time: [2023-10-09 22:40:19.413097]: Using the local timmer to pretend to be NTP time. Data recorded
Local Time: 2023-10-09 21:40:19 [INFO] NTP Time: [2023-10-09 22:40:19.551629]: Using the local timmer to pretend to be NTP time. Data recorded
Local Time: 2023-10-09 21:40:19 [INFO] NTP Time: [2023-10-09 22:40:19.689967]: Using the local timmer to pretend to be NTP time. Data recorded
Local Time: 2023-10-09 21:40:19 [INFO] NTP Time: [2023-10-09 22:40:19.853966]: Using the local timmer to pretend to be NTP time. Data recorded
Local Time: 2023-10-09 21:40:20 [INFO] NTP Time: [2023-10-09 22:40:19.994096]: Using the local timmer to pretend to be NTP time. Data recorded
Local Time: 2023-10-09 21:40:20 [INFO] NTP Time: [2023-10-09 22:40:20.134083]: Using the local timmer to pretend to be NTP time. Data recorded
Local Time: 2023-10-09 21:40:20 [INFO] NTP Time: [2023-10-09 22:40:20.283688]: Using the local timmer to pretend to be NTP time. Data recorded
Local Time: 2023-10-09 21:40:20 [INFO] NTP Time: [2023-10-09 22:40:20.436872]: Using the local timmer to pretend to be NTP time. Data recorded
Local Time: 2023-10-09 21:40:20 [INFO] NTP Time: [2023-10-09 22:40:20.578322]: Using the local timmer to pretend to be NTP time. Data recorded
Local Time: 2023-10-09 21:40:20 [INFO] NTP Time: [2023-10-09 22:40:20.714977]: Using the local timmer to pretend to be NTP time. Data recorded
Local Time: 2023-10-09 21:40:20 [INFO] NTP Time: [2023-10-09 22:40:20.881028]: Using the local timmer to pretend to be NTP time. Data recorded
Local Time: 2023-10-09 21:40:21 [INFO] NTP Time: [2023-10-09 22:40:21.018706]: Using the local timmer to pretend to be NTP time. Data recorded
Local Time: 2023-10-09 21:40:21 [INFO] NTP Time: [2023-10-09 22:40:21.159719]: Using the local timmer to pretend to be NTP time. Data recorded
Local Time: 2023-10-09 21:40:21 [INFO] NTP Time: [2023-10-09 22:40:21.327662]: Using the local timmer to pretend to be NTP time. Data recorded
Local Time: 2023-10-09 21:40:21 [INFO] NTP Time: [2023-10-09 22:40:21.463656]: Using the local timmer to pretend to be NTP time. Data recorded
Local Time: 2023-10-09 21:40:21 [INFO] NTP Time: [2023-10-09 22:40:21.603063]: Using the local timmer to pretend to be NTP time. Data recorded
Local Time: 2023-10-09 21:40:21 [INFO] NTP Time: [2023-10-09 22:40:21.768128]: Using the local timmer to pretend to be NTP time. Data recorded
Local Time: 2023-10-09 21:40:21 [INFO] NTP Time: [2023-10-09 22:40:21.905832]: Using the local timmer to pretend to be NTP time. Data recorded
Local Time: 2023-10-09 21:40:22 [INFO] NTP Time: [2023-10-09 22:40:22.044537]: Using the local timmer to pretend to be NTP time. Data recorded
Local Time: 2023-10-09 21:40:22 [INFO] NTP Time: [2023-10-09 22:40:22.183994]: Using the local timmer to pretend to be NTP time. Data recorded
Local Time: 2023-10-09 21:40:22 [INFO] NTP Time: [2023-10-09 22:40:22.349553]: Using the local timmer to pretend to be NTP time. Data recorded
Local Time: 2023-10-09 21:40:22 [INFO] NTP Time: [2023-10-09 22:40:22.487781]: Using the local timmer to pretend to be NTP time. Data recorded
Local Time: 2023-10-09 21:40:22 [INFO] NTP Time: [2023-10-09 22:40:22.638938]: Using the local timmer to pretend to be NTP time. Data recorded
Local Time: 2023-10-09 21:40:22 [INFO] NTP Time: [2023-10-09 22:40:22.792808]: Using the local timmer to pretend to be NTP time. Data recorded
Local Time: 2023-10-09 21:40:22 [INFO] NTP Time: [2023-10-09 22:40:22.931588]: Using the local timmer to pretend to be NTP time. Data recorded
Local Time: 2023-10-09 21:40:23 [INFO] NTP Time: [2023-10-09 22:40:23.071595]: Using the local timmer to pretend to be NTP time. Data recorded
Local Time: 2023-10-09 21:40:23 [INFO] NTP Time: [2023-10-09 22:40:23.264480]: Using the local timmer to pretend to be NTP time. Data recorded
Local Time: 2023-10-09 21:40:23 [INFO] NTP Time: [2023-10-09 22:40:23.376301]: Using the local timmer to pretend to be NTP time. Data recorded
Local Time: 2023-10-09 21:40:23 [INFO] NTP Time: [2023-10-09 22:40:23.513250]: Using the local timmer to pretend to be NTP time. Data recorded
Local Time: 2023-10-09 21:40:23 [INFO] NTP Time: [2023-10-09 22:40:23.652373]: Using the local timmer to pretend to be NTP time. Data recorded
Local Time: 2023-10-09 21:40:23 [INFO] NTP Time: [2023-10-09 22:40:23.818294]: Using the local timmer to pretend to be NTP time. Data recorded
Local Time: 2023-10-09 21:40:23 [INFO] NTP Time: [2023-10-09 22:40:23.957264]: Using the local timmer to pretend to be NTP time. Data recorded
Local Time: 2023-10-09 21:40:24 [INFO] NTP Time: [2023-10-09 22:40:24.096950]: Using the local timmer to pretend to be NTP time. Data recorded
Local Time: 2023-10-09 21:40:24 [INFO] NTP Time: [2023-10-09 22:40:24.261539]: Using the local timmer to pretend to be NTP time. Data recorded
Local Time: 2023-10-09 21:40:24 [INFO] NTP Time: [2023-10-09 22:40:24.400936]: Using the local timmer to pretend to be NTP time. Data recorded
Local Time: 2023-10-09 21:40:24 [INFO] NTP Time: [2023-10-09 22:40:24.540284]: Using the local timmer to pretend to be NTP time. Data recorded
Local Time: 2023-10-09 21:40:24 [INFO] NTP Time: [2023-10-09 22:40:24.707912]: Using the local timmer to pretend to be NTP time. Data recorded
Local Time: 2023-10-09 21:40:24 [INFO] NTP Time: [2023-10-09 22:40:24.843408]: Using the local timmer to pretend to be NTP time. Data recorded
Local Time: 2023-10-09 21:40:24 [INFO] NTP Time: [2023-10-09 22:40:24.983232]: Using the local timmer to pretend to be NTP time. Data recorded
Local Time: 2023-10-09 21:40:25 [INFO] NTP Time: [2023-10-09 22:40:25.121971]: Using the local timmer to pretend to be NTP time. Data recorded
Local Time: 2023-10-09 21:40:25 [INFO] NTP Time: [2023-10-09 22:40:25.286445]: Using the local timmer to pretend to be NTP time. Data recorded
Local Time: 2023-10-09 21:40:25 [INFO] NTP Time: [2023-10-09 22:40:25.426681]: Using the local timmer to pretend to be NTP time. Data recorded
Local Time: 2023-10-09 21:40:25 [INFO] NTP Time: [2023-10-09 22:40:25.565860]: Using the local timmer to pretend to be NTP time. Data recorded
Local Time: 2023-10-09 21:40:25 [INFO] NTP Time: [2023-10-09 22:40:25.729979]: Using the local timmer to pretend to be NTP time. Data recorded
Local Time: 2023-10-09 21:40:25 [INFO] NTP Time: [2023-10-09 22:40:25.869366]: Using the local timmer to pretend to be NTP time. Data recorded
Local Time: 2023-10-09 21:40:26 [INFO] NTP Time: [2023-10-09 22:40:26.009371]: Using the local timmer to pretend to be NTP time. Data recorded
Local Time: 2023-10-09 21:40:26 [INFO] NTP Time: [2023-10-09 22:40:26.173421]: Using the local timmer to pretend to be NTP time. Data recorded
Local Time: 2023-10-09 21:40:26 [INFO] NTP Time: [2023-10-09 22:40:26.312192]: Using the local timmer to pretend to be NTP time. Data recorded
Local Time: 2023-10-09 21:40:26 [INFO] NTP Time: [2023-10-09 22:40:26.451338]: Using the local timmer to pretend to be NTP time. Data recorded
Local Time: 2023-10-09 21:40:26 [INFO] NTP Time: [2023-10-09 22:40:26.591341]: Using the local timmer to pretend to be NTP time. Data recorded
Local Time: 2023-10-09 21:40:26 [INFO] NTP Time: [2023-10-09 22:40:26.755334]: Using the local timmer to pretend to be NTP time. Data recorded
Local Time: 2023-10-09 21:40:26 [INFO] NTP Time: [2023-10-09 22:40:26.894752]: Using the local timmer to pretend to be NTP time. Data recorded
Local Time: 2023-10-09 21:40:27 [INFO] NTP Time: [2023-10-09 22:40:27.064160]: Using the local timmer to pretend to be NTP time. Data recorded
Local Time: 2023-10-09 21:40:27 [INFO] NTP Time: [2023-10-09 22:40:27.221831]: Using the local timmer to pretend to be NTP time. Data recorded
Local Time: 2023-10-09 21:40:27 [INFO] NTP Time: [2023-10-09 22:40:27.351585]: Using the local timmer to pretend to be NTP time. Data recorded
Local Time: 2023-10-09 21:40:27 [INFO] NTP Time: [2023-10-09 22:40:27.478079]: Using the local timmer to pretend to be NTP time. Data recorded
Local Time: 2023-10-09 21:40:27 [INFO] NTP Time: [2023-10-09 22:40:27.643075]: Using the local timmer to pretend to be NTP time. Data recorded
Local Time: 2023-10-09 21:40:27 [INFO] NTP Time: [2023-10-09 22:40:27.780805]: Using the local timmer to pretend to be NTP time. Data recorded
Local Time: 2023-10-09 21:40:27 [INFO] NTP Time: [2023-10-09 22:40:27.919780]: Using the local timmer to pretend to be NTP time. Data recorded
Local Time: 2023-10-09 21:40:28 [INFO] NTP Time: [2023-10-09 22:40:28.085339]: Using the local timmer to pretend to be NTP time. Data recorded
Local Time: 2023-10-09 21:40:28 [INFO] NTP Time: [2023-10-09 22:40:28.271297]: Using the local timmer to pretend to be NTP time. Data recorded
Local Time: 2023-10-09 21:40:28 [INFO] NTP Time: [2023-10-09 22:40:28.363532]: Using the local timmer to pretend to be NTP time. Data recorded
Local Time: 2023-10-09 21:40:28 [INFO] NTP Time: [2023-10-09 22:40:28.503714]: Using the local timmer to pretend to be NTP time. Data recorded
Local Time: 2023-10-09 21:40:28 [INFO] NTP Time: [2023-10-09 22:40:28.669530]: Using the local timmer to pretend to be NTP time. Data recorded
Local Time: 2023-10-09 21:40:28 [INFO] NTP Time: [2023-10-09 22:40:28.807188]: Using the local timmer to pretend to be NTP time. Data recorded
Local Time: 2023-10-09 21:40:28 [INFO] NTP Time: [2023-10-09 22:40:28.945771]: Using the local timmer to pretend to be NTP time. Data recorded
Local Time: 2023-10-09 21:40:29 [INFO] NTP Time: [2023-10-09 22:40:29.111309]: Using the local timmer to pretend to be NTP time. Data recorded
Local Time: 2023-10-09 21:40:29 [INFO] NTP Time: [2023-10-09 22:40:29.250038]: Using the local timmer to pretend to be NTP time. Data recorded
Local Time: 2023-10-09 21:40:29 [INFO] NTP Time: [2023-10-09 22:40:29.389204]: Using the local timmer to pretend to be NTP time. Data recorded
Local Time: 2023-10-09 21:40:29 [INFO] NTP Time: [2023-10-09 22:40:29.574349]: Using the local timmer to pretend to be NTP time. Data recorded
Local Time: 2023-10-09 21:40:29 [INFO] NTP Time: [2023-10-09 22:40:29.693540]: Using the local timmer to pretend to be NTP time. Data recorded
Local Time: 2023-10-09 21:40:29 [INFO] NTP Time: [2023-10-09 22:40:29.832343]: Using the local timmer to pretend to be NTP time. Data recorded
Local Time: 2023-10-09 21:40:29 [INFO] NTP Time: [2023-10-09 22:40:29.971550]: Using the local timmer to pretend to be NTP time. Data recorded
Local Time: 2023-10-09 21:40:30 [INFO] NTP Time: [2023-10-09 22:40:30.137494]: Using the local timmer to pretend to be NTP time. Data recorded
Local Time: 2023-10-09 21:40:30 [INFO] NTP Time: [2023-10-09 22:40:30.276866]: Using the local timmer to pretend to be NTP time. Data recorded
Local Time: 2023-10-09 21:40:30 [INFO] NTP Time: [2023-10-09 22:40:30.415380]: Using the local timmer to pretend to be NTP time. Data recorded
Local Time: 2023-10-09 21:40:30 [INFO] NTP Time: [2023-10-09 22:40:30.580419]: Using the local timmer to pretend to be NTP time. Data recorded
Local Time: 2023-10-09 21:40:30 [INFO] NTP Time: [2023-10-09 22:40:30.718816]: Using the local timmer to pretend to be NTP time. Data recorded
Local Time: 2023-10-09 21:40:30 [INFO] NTP Time: [2023-10-09 22:40:30.859628]: Using the local timmer to pretend to be NTP time. Data recorded
Local Time: 2023-10-09 21:40:31 [INFO] NTP Time: [2023-10-09 22:40:31.025226]: Using the local timmer to pretend to be NTP time. Data recorded
Local Time: 2023-10-09 21:40:31 [INFO] NTP Time: [2023-10-09 22:40:31.162507]: Using the local timmer to pretend to be NTP time. Data recorded
Local Time: 2023-10-09 21:40:31 [INFO] NTP Time: [2023-10-09 22:40:31.301252]: Using the local timmer to pretend to be NTP time. Data recorded
Local Time: 2023-10-09 21:40:31 [INFO] NTP Time: [2023-10-09 22:40:31.440291]: Using the local timmer to pretend to be NTP time. Data recorded
Local Time: 2023-10-09 21:40:31 [INFO] NTP Time: [2023-10-09 22:40:31.605662]: Using the local timmer to pretend to be NTP time. Data recorded
Local Time: 2023-10-09 21:40:31 [INFO] NTP Time: [2023-10-09 22:40:31.744862]: Using the local timmer to pretend to be NTP time. Data recorded
Local Time: 2023-10-09 21:40:31 [INFO] NTP Time: [2023-10-09 22:40:31.883529]: Using the local timmer to pretend to be NTP time. Data recorded
Local Time: 2023-10-09 21:40:32 [INFO] NTP Time: [2023-10-09 22:40:32.048966]: Using the local timmer to pretend to be NTP time. Data recorded
Local Time: 2023-10-09 21:40:32 [INFO] NTP Time: [2023-10-09 22:40:32.193247]: Using the local timmer to pretend to be NTP time. Data recorded
Local Time: 2023-10-09 21:40:32 [INFO] NTP Time: [2023-10-09 22:40:32.328956]: Using the local timmer to pretend to be NTP time. Data recorded
Local Time: 2023-10-09 21:40:32 [INFO] NTP Time: [2023-10-09 22:40:32.493712]: Using the local timmer to pretend to be NTP time. Data recorded
Local Time: 2023-10-09 21:40:32 [INFO] NTP Time: [2023-10-09 22:40:32.631153]: Using the local timmer to pretend to be NTP time. Data recorded
Local Time: 2023-10-09 21:40:32 [INFO] NTP Time: [2023-10-09 22:40:32.770343]: Using the local timmer to pretend to be NTP time. Data recorded
