Local Time: 2023-10-09 20:20:36 [INFO] NTP Time: [2023-10-09 21:20:36.975164]: Loaded configuration: {'participant': {'id': 'P001', 'age': '25', 'gender': 'M', 'ethnicity': 'Caucasian', 'height': '165', 'weight': '65'}, 'experiment': {'date': '2022-01-01', 'time': '14:00:00', 'condition': 'HW101M', 'group': 'A', 'illumination_level': 'low'}, 'task_info': {'task_name': 'Task1', 'trial_number': '5'}, 'notes': {'comments': 'Participant seemed tired during the session.'}, 'label_info': {'activity': 'sit'}}
Local Time: 2023-10-09 20:20:36 [INFO] NTP Time: [2023-10-09 21:20:36.975348]: Loaded IRA configuration: {'port': '/dev/ttyUSB0', 'baud_rate': '921600', 'Data storage location': 'IRA/data', 'IRA_Datatype': 'float'}
Local Time: 2023-10-09 20:20:36 [INFO] NTP Time: [2023-10-09 21:20:36.975428]: Reading data from /dev/ttyUSB0 at 921600 baud
Local Time: 2023-10-09 20:20:37 [INFO] NTP Time: [2023-10-09 21:20:37.073498]: Using NTP time as the start timmer.
Local Time: 2023-10-09 20:20:37 [ERROR] NTP Time: [2023-10-09 21:20:37.073616]: Error
Local Time: 2023-10-09 20:20:37 [INFO] NTP Time: [2023-10-09 21:20:37.210662]: Using the local timmer to pretend to be NTP time. Data recorded
Local Time: 2023-10-09 20:20:37 [INFO] NTP Time: [2023-10-09 21:20:37.376706]: Using the local timmer to pretend to be NTP time. Data recorded
Local Time: 2023-10-09 20:20:37 [INFO] NTP Time: [2023-10-09 21:20:37.515356]: Using the local timmer to pretend to be NTP time. Data recorded
Local Time: 2023-10-09 20:20:37 [INFO] NTP Time: [2023-10-09 21:20:37.653548]: Using the local timmer to pretend to be NTP time. Data recorded
Local Time: 2023-10-09 20:20:37 [INFO] NTP Time: [2023-10-09 21:20:37.818696]: Using the local timmer to pretend to be NTP time. Data recorded
Local Time: 2023-10-09 20:20:37 [INFO] NTP Time: [2023-10-09 21:20:37.957757]: Using the local timmer to pretend to be NTP time. Data recorded
Local Time: 2023-10-09 20:20:38 [INFO] NTP Time: [2023-10-09 21:20:38.097353]: Using the local timmer to pretend to be NTP time. Data recorded
Local Time: 2023-10-09 20:20:38 [INFO] NTP Time: [2023-10-09 21:20:38.237668]: Using the local timmer to pretend to be NTP time. Data recorded
Local Time: 2023-10-09 20:20:38 [INFO] NTP Time: [2023-10-09 21:20:38.402473]: Using the local timmer to pretend to be NTP time. Data recorded
Local Time: 2023-10-09 20:20:38 [INFO] NTP Time: [2023-10-09 21:20:38.540996]: Using the local timmer to pretend to be NTP time. Data recorded
Local Time: 2023-10-09 20:20:38 [INFO] NTP Time: [2023-10-09 21:20:38.679198]: Using the local timmer to pretend to be NTP time. Data recorded
Local Time: 2023-10-09 20:20:38 [INFO] NTP Time: [2023-10-09 21:20:38.844199]: Using the local timmer to pretend to be NTP time. Data recorded
Local Time: 2023-10-09 20:20:38 [INFO] NTP Time: [2023-10-09 21:20:38.984439]: Using the local timmer to pretend to be NTP time. Data recorded
Local Time: 2023-10-09 20:20:39 [INFO] NTP Time: [2023-10-09 21:20:39.122449]: Using the local timmer to pretend to be NTP time. Data recorded
Local Time: 2023-10-09 20:20:39 [INFO] NTP Time: [2023-10-09 21:20:39.288104]: Using the local timmer to pretend to be NTP time. Data recorded
Local Time: 2023-10-09 20:20:39 [INFO] NTP Time: [2023-10-09 21:20:39.433129]: Using the local timmer to pretend to be NTP time. Data recorded
Local Time: 2023-10-09 20:20:39 [INFO] NTP Time: [2023-10-09 21:20:39.566623]: Using the local timmer to pretend to be NTP time. Data recorded
Local Time: 2023-10-09 20:20:39 [INFO] NTP Time: [2023-10-09 21:20:39.730839]: Using the local timmer to pretend to be NTP time. Data recorded
Local Time: 2023-10-09 20:20:39 [INFO] NTP Time: [2023-10-09 21:20:39.869882]: Using the local timmer to pretend to be NTP time. Data recorded
Local Time: 2023-10-09 20:20:40 [INFO] NTP Time: [2023-10-09 21:20:40.009821]: Using the local timmer to pretend to be NTP time. Data recorded
Local Time: 2023-10-09 20:20:40 [INFO] NTP Time: [2023-10-09 21:20:40.148013]: Using the local timmer to pretend to be NTP time. Data recorded
Local Time: 2023-10-09 20:20:40 [INFO] NTP Time: [2023-10-09 21:20:40.313076]: Using the local timmer to pretend to be NTP time. Data recorded
Local Time: 2023-10-09 20:20:40 [INFO] NTP Time: [2023-10-09 21:20:40.452185]: Using the local timmer to pretend to be NTP time. Data recorded
Local Time: 2023-10-09 20:20:40 [INFO] NTP Time: [2023-10-09 21:20:40.592256]: Using the local timmer to pretend to be NTP time. Data recorded
Local Time: 2023-10-09 20:20:40 [INFO] NTP Time: [2023-10-09 21:20:40.756547]: Using the local timmer to pretend to be NTP time. Data recorded
Local Time: 2023-10-09 20:20:40 [INFO] NTP Time: [2023-10-09 21:20:40.895600]: Using the local timmer to pretend to be NTP time. Data recorded
Local Time: 2023-10-09 20:20:41 [INFO] NTP Time: [2023-10-09 21:20:41.035722]: Using the local timmer to pretend to be NTP time. Data recorded
Local Time: 2023-10-09 20:20:41 [INFO] NTP Time: [2023-10-09 21:20:41.200063]: Using the local timmer to pretend to be NTP time. Data recorded
Local Time: 2023-10-09 20:20:41 [INFO] NTP Time: [2023-10-09 21:20:41.339059]: Using the local timmer to pretend to be NTP time. Data recorded
Local Time: 2023-10-09 20:20:41 [INFO] NTP Time: [2023-10-09 21:20:41.478834]: Using the local timmer to pretend to be NTP time. Data recorded
Local Time: 2023-10-09 20:20:41 [INFO] NTP Time: [2023-10-09 21:20:41.616991]: Using the local timmer to pretend to be NTP time. Data recorded
Local Time: 2023-10-09 20:20:41 [INFO] NTP Time: [2023-10-09 21:20:41.782360]: Using the local timmer to pretend to be NTP time. Data recorded
Local Time: 2023-10-09 20:20:41 [INFO] NTP Time: [2023-10-09 21:20:41.921278]: Using the local timmer to pretend to be NTP time. Data recorded
Local Time: 2023-10-09 20:20:42 [INFO] NTP Time: [2023-10-09 21:20:42.061272]: Using the local timmer to pretend to be NTP time. Data recorded
Local Time: 2023-10-09 20:20:42 [INFO] NTP Time: [2023-10-09 21:20:42.226512]: Using the local timmer to pretend to be NTP time. Data recorded
Local Time: 2023-10-09 20:20:42 [INFO] NTP Time: [2023-10-09 21:20:42.364721]: Using the local timmer to pretend to be NTP time. Data recorded
Local Time: 2023-10-09 20:20:42 [INFO] NTP Time: [2023-10-09 21:20:42.503890]: Using the local timmer to pretend to be NTP time. Data recorded
Local Time: 2023-10-09 20:20:42 [INFO] NTP Time: [2023-10-09 21:20:42.669941]: Using the local timmer to pretend to be NTP time. Data recorded
Local Time: 2023-10-09 20:20:42 [INFO] NTP Time: [2023-10-09 21:20:42.809832]: Using the local timmer to pretend to be NTP time. Data recorded
Local Time: 2023-10-09 20:20:42 [INFO] NTP Time: [2023-10-09 21:20:42.947118]: Using the local timmer to pretend to be NTP time. Data recorded
Local Time: 2023-10-09 20:20:43 [INFO] NTP Time: [2023-10-09 21:20:43.086133]: Using the local timmer to pretend to be NTP time. Data recorded
Local Time: 2023-10-09 20:20:43 [INFO] NTP Time: [2023-10-09 21:20:43.252268]: Using the local timmer to pretend to be NTP time. Data recorded
Local Time: 2023-10-09 20:20:43 [INFO] NTP Time: [2023-10-09 21:20:43.390477]: Using the local timmer to pretend to be NTP time. Data recorded
Local Time: 2023-10-09 20:20:43 [INFO] NTP Time: [2023-10-09 21:20:43.529602]: Using the local timmer to pretend to be NTP time. Data recorded
Local Time: 2023-10-09 20:20:43 [INFO] NTP Time: [2023-10-09 21:20:43.695419]: Using the local timmer to pretend to be NTP time. Data recorded
Local Time: 2023-10-09 20:20:43 [INFO] NTP Time: [2023-10-09 21:20:43.833667]: Using the local timmer to pretend to be NTP time. Data recorded
Local Time: 2023-10-09 20:20:43 [INFO] NTP Time: [2023-10-09 21:20:43.972644]: Using the local timmer to pretend to be NTP time. Data recorded
Local Time: 2023-10-09 20:20:44 [INFO] NTP Time: [2023-10-09 21:20:44.137872]: Using the local timmer to pretend to be NTP time. Data recorded
Local Time: 2023-10-09 20:20:44 [INFO] NTP Time: [2023-10-09 21:20:44.277965]: Using the local timmer to pretend to be NTP time. Data recorded
Local Time: 2023-10-09 20:20:44 [INFO] NTP Time: [2023-10-09 21:20:44.416044]: Using the local timmer to pretend to be NTP time. Data recorded
Local Time: 2023-10-09 20:20:44 [INFO] NTP Time: [2023-10-09 21:20:44.556073]: Using the local timmer to pretend to be NTP time. Data recorded
Local Time: 2023-10-09 20:20:44 [INFO] NTP Time: [2023-10-09 21:20:44.721386]: Using the local timmer to pretend to be NTP time. Data recorded
Local Time: 2023-10-09 20:20:44 [INFO] NTP Time: [2023-10-09 21:20:44.860438]: Using the local timmer to pretend to be NTP time. Data recorded
Local Time: 2023-10-09 20:20:45 [INFO] NTP Time: [2023-10-09 21:20:44.998548]: Using the local timmer to pretend to be NTP time. Data recorded
Local Time: 2023-10-09 20:20:45 [INFO] NTP Time: [2023-10-09 21:20:45.163576]: Using the local timmer to pretend to be NTP time. Data recorded
Local Time: 2023-10-09 20:20:45 [INFO] NTP Time: [2023-10-09 21:20:45.302648]: Using the local timmer to pretend to be NTP time. Data recorded
Local Time: 2023-10-09 20:20:45 [INFO] NTP Time: [2023-10-09 21:20:45.442808]: Using the local timmer to pretend to be NTP time. Data recorded
Local Time: 2023-10-09 20:20:45 [INFO] NTP Time: [2023-10-09 21:20:45.608004]: Using the local timmer to pretend to be NTP time. Data recorded
Local Time: 2023-10-09 20:20:45 [INFO] NTP Time: [2023-10-09 21:20:45.746037]: Using the local timmer to pretend to be NTP time. Data recorded
Local Time: 2023-10-09 20:20:45 [INFO] NTP Time: [2023-10-09 21:20:45.885048]: Using the local timmer to pretend to be NTP time. Data recorded
Local Time: 2023-10-09 20:20:46 [INFO] NTP Time: [2023-10-09 21:20:46.050197]: Using the local timmer to pretend to be NTP time. Data recorded
Local Time: 2023-10-09 20:20:46 [INFO] NTP Time: [2023-10-09 21:20:46.189083]: Using the local timmer to pretend to be NTP time. Data recorded
Local Time: 2023-10-09 20:20:46 [INFO] NTP Time: [2023-10-09 21:20:46.328225]: Using the local timmer to pretend to be NTP time. Data recorded
Local Time: 2023-10-09 20:20:46 [INFO] NTP Time: [2023-10-09 21:20:46.467849]: Using the local timmer to pretend to be NTP time. Data recorded
Local Time: 2023-10-09 20:20:46 [INFO] NTP Time: [2023-10-09 21:20:46.632494]: Using the local timmer to pretend to be NTP time. Data recorded
Local Time: 2023-10-09 20:20:46 [INFO] NTP Time: [2023-10-09 21:20:46.771485]: Using the local timmer to pretend to be NTP time. Data recorded
Local Time: 2023-10-09 20:20:46 [INFO] NTP Time: [2023-10-09 21:20:46.910541]: Using the local timmer to pretend to be NTP time. Data recorded
Local Time: 2023-10-09 20:20:47 [INFO] NTP Time: [2023-10-09 21:20:47.075550]: Using the local timmer to pretend to be NTP time. Data recorded
Local Time: 2023-10-09 20:20:47 [INFO] NTP Time: [2023-10-09 21:20:47.214601]: Using the local timmer to pretend to be NTP time. Data recorded
Local Time: 2023-10-09 20:20:47 [INFO] NTP Time: [2023-10-09 21:20:47.357432]: Using the local timmer to pretend to be NTP time. Data recorded
Local Time: 2023-10-09 20:20:47 [INFO] NTP Time: [2023-10-09 21:20:47.518923]: Using the local timmer to pretend to be NTP time. Data recorded
Local Time: 2023-10-09 20:20:47 [INFO] NTP Time: [2023-10-09 21:20:47.658876]: Using the local timmer to pretend to be NTP time. Data recorded
Local Time: 2023-10-09 20:20:47 [INFO] NTP Time: [2023-10-09 21:20:47.798142]: Using the local timmer to pretend to be NTP time. Data recorded
Local Time: 2023-10-09 20:20:47 [INFO] NTP Time: [2023-10-09 21:20:47.936050]: Using the local timmer to pretend to be NTP time. Data recorded
Local Time: 2023-10-09 20:20:48 [INFO] NTP Time: [2023-10-09 21:20:48.101924]: Using the local timmer to pretend to be NTP time. Data recorded
Local Time: 2023-10-09 20:20:48 [INFO] NTP Time: [2023-10-09 21:20:48.241012]: Using the local timmer to pretend to be NTP time. Data recorded
Local Time: 2023-10-09 20:20:48 [INFO] NTP Time: [2023-10-09 21:20:48.380144]: Using the local timmer to pretend to be NTP time. Data recorded
Local Time: 2023-10-09 20:20:48 [INFO] NTP Time: [2023-10-09 21:20:48.544366]: Using the local timmer to pretend to be NTP time. Data recorded
Local Time: 2023-10-09 20:20:48 [INFO] NTP Time: [2023-10-09 21:20:48.684326]: Using the local timmer to pretend to be NTP time. Data recorded
Local Time: 2023-10-09 20:20:48 [INFO] NTP Time: [2023-10-09 21:20:48.822931]: Using the local timmer to pretend to be NTP time. Data recorded
Local Time: 2023-10-09 20:20:48 [INFO] NTP Time: [2023-10-09 21:20:48.987719]: Using the local timmer to pretend to be NTP time. Data recorded
Local Time: 2023-10-09 20:20:49 [INFO] NTP Time: [2023-10-09 21:20:49.126680]: Using the local timmer to pretend to be NTP time. Data recorded
Local Time: 2023-10-09 20:20:49 [INFO] NTP Time: [2023-10-09 21:20:49.265884]: Using the local timmer to pretend to be NTP time. Data recorded
Local Time: 2023-10-09 20:20:49 [INFO] NTP Time: [2023-10-09 21:20:49.405695]: Using the local timmer to pretend to be NTP time. Data recorded
Local Time: 2023-10-09 20:20:49 [INFO] NTP Time: [2023-10-09 21:20:49.571010]: Using the local timmer to pretend to be NTP time. Data recorded
Local Time: 2023-10-09 20:20:49 [INFO] NTP Time: [2023-10-09 21:20:49.709093]: Using the local timmer to pretend to be NTP time. Data recorded
Local Time: 2023-10-09 20:20:49 [INFO] NTP Time: [2023-10-09 21:20:49.848223]: Using the local timmer to pretend to be NTP time. Data recorded
Local Time: 2023-10-09 20:20:50 [INFO] NTP Time: [2023-10-09 21:20:50.014258]: Using the local timmer to pretend to be NTP time. Data recorded
Local Time: 2023-10-09 20:20:50 [INFO] NTP Time: [2023-10-09 21:20:50.153376]: Using the local timmer to pretend to be NTP time. Data recorded
Local Time: 2023-10-09 20:20:50 [INFO] NTP Time: [2023-10-09 21:20:50.291508]: Using the local timmer to pretend to be NTP time. Data recorded
Local Time: 2023-10-09 20:20:50 [INFO] NTP Time: [2023-10-09 21:20:50.457608]: Using the local timmer to pretend to be NTP time. Data recorded
Local Time: 2023-10-09 20:20:50 [INFO] NTP Time: [2023-10-09 21:20:50.595606]: Using the local timmer to pretend to be NTP time. Data recorded
Local Time: 2023-10-09 20:20:50 [INFO] NTP Time: [2023-10-09 21:20:50.734777]: Using the local timmer to pretend to be NTP time. Data recorded
Local Time: 2023-10-09 20:20:50 [INFO] NTP Time: [2023-10-09 21:20:50.873872]: Using the local timmer to pretend to be NTP time. Data recorded
Local Time: 2023-10-09 20:20:51 [INFO] NTP Time: [2023-10-09 21:20:51.039931]: Using the local timmer to pretend to be NTP time. Data recorded
Local Time: 2023-10-09 20:20:51 [INFO] NTP Time: [2023-10-09 21:20:51.178051]: Using the local timmer to pretend to be NTP time. Data recorded
Local Time: 2023-10-09 20:20:51 [INFO] NTP Time: [2023-10-09 21:20:51.317700]: Using the local timmer to pretend to be NTP time. Data recorded
Local Time: 2023-10-09 20:20:51 [INFO] NTP Time: [2023-10-09 21:20:51.482172]: Using the local timmer to pretend to be NTP time. Data recorded
Local Time: 2023-10-09 20:20:51 [INFO] NTP Time: [2023-10-09 21:20:51.621665]: Using the local timmer to pretend to be NTP time. Data recorded
Local Time: 2023-10-09 20:20:51 [INFO] NTP Time: [2023-10-09 21:20:51.761360]: Using the local timmer to pretend to be NTP time. Data recorded
Local Time: 2023-10-09 20:20:51 [INFO] NTP Time: [2023-10-09 21:20:51.925572]: Using the local timmer to pretend to be NTP time. Data recorded
Local Time: 2023-10-09 20:20:52 [INFO] NTP Time: [2023-10-09 21:20:52.065397]: Using the local timmer to pretend to be NTP time. Data recorded
Local Time: 2023-10-09 20:20:52 [INFO] NTP Time: [2023-10-09 21:20:52.203600]: Using the local timmer to pretend to be NTP time. Data recorded
Local Time: 2023-10-09 20:20:52 [INFO] NTP Time: [2023-10-09 21:20:52.343104]: Using the local timmer to pretend to be NTP time. Data recorded
Local Time: 2023-10-09 20:20:52 [INFO] NTP Time: [2023-10-09 21:20:52.507745]: Using the local timmer to pretend to be NTP time. Data recorded
Local Time: 2023-10-09 20:20:52 [INFO] NTP Time: [2023-10-09 21:20:52.646799]: Using the local timmer to pretend to be NTP time. Data recorded
Local Time: 2023-10-09 20:20:52 [INFO] NTP Time: [2023-10-09 21:20:52.786000]: Using the local timmer to pretend to be NTP time. Data recorded
Local Time: 2023-10-09 20:20:52 [INFO] NTP Time: [2023-10-09 21:20:52.951885]: Using the local timmer to pretend to be NTP time. Data recorded
Local Time: 2023-10-09 20:20:53 [INFO] NTP Time: [2023-10-09 21:20:53.091218]: Using the local timmer to pretend to be NTP time. Data recorded
Local Time: 2023-10-09 20:20:53 [INFO] NTP Time: [2023-10-09 21:20:53.229253]: Using the local timmer to pretend to be NTP time. Data recorded
Local Time: 2023-10-09 20:20:53 [INFO] NTP Time: [2023-10-09 21:20:53.394427]: Using the local timmer to pretend to be NTP time. Data recorded
Local Time: 2023-10-09 20:20:53 [INFO] NTP Time: [2023-10-09 21:20:53.534233]: Using the local timmer to pretend to be NTP time. Data recorded
Local Time: 2023-10-09 20:20:53 [INFO] NTP Time: [2023-10-09 21:20:53.673693]: Using the local timmer to pretend to be NTP time. Data recorded
Local Time: 2023-10-09 20:20:53 [INFO] NTP Time: [2023-10-09 21:20:53.837777]: Using the local timmer to pretend to be NTP time. Data recorded
Local Time: 2023-10-09 20:20:53 [INFO] NTP Time: [2023-10-09 21:20:53.977569]: Using the local timmer to pretend to be NTP time. Data recorded
Local Time: 2023-10-09 20:20:54 [INFO] NTP Time: [2023-10-09 21:20:54.116096]: Using the local timmer to pretend to be NTP time. Data recorded
Local Time: 2023-10-09 20:20:54 [INFO] NTP Time: [2023-10-09 21:20:54.256087]: Using the local timmer to pretend to be NTP time. Data recorded
Local Time: 2023-10-09 20:20:54 [INFO] NTP Time: [2023-10-09 21:20:54.421342]: Using the local timmer to pretend to be NTP time. Data recorded
Local Time: 2023-10-09 20:20:54 [INFO] NTP Time: [2023-10-09 21:20:54.559133]: Using the local timmer to pretend to be NTP time. Data recorded
Local Time: 2023-10-09 20:20:54 [INFO] NTP Time: [2023-10-09 21:20:54.698317]: Using the local timmer to pretend to be NTP time. Data recorded
Local Time: 2023-10-09 20:20:54 [INFO] NTP Time: [2023-10-09 21:20:54.863318]: Using the local timmer to pretend to be NTP time. Data recorded
Local Time: 2023-10-09 20:20:55 [INFO] NTP Time: [2023-10-09 21:20:55.003236]: Using the local timmer to pretend to be NTP time. Data recorded
Local Time: 2023-10-09 20:20:55 [INFO] NTP Time: [2023-10-09 21:20:55.141374]: Using the local timmer to pretend to be NTP time. Data recorded
Local Time: 2023-10-09 20:20:55 [INFO] NTP Time: [2023-10-09 21:20:55.307638]: Using the local timmer to pretend to be NTP time. Data recorded
Local Time: 2023-10-09 20:20:55 [INFO] NTP Time: [2023-10-09 21:20:55.446655]: Using the local timmer to pretend to be NTP time. Data recorded
Local Time: 2023-10-09 20:20:55 [INFO] NTP Time: [2023-10-09 21:20:55.585797]: Using the local timmer to pretend to be NTP time. Data recorded
Local Time: 2023-10-09 20:20:55 [INFO] NTP Time: [2023-10-09 21:20:55.723935]: Using the local timmer to pretend to be NTP time. Data recorded
Local Time: 2023-10-09 20:20:55 [INFO] NTP Time: [2023-10-09 21:20:55.889014]: Using the local timmer to pretend to be NTP time. Data recorded
Local Time: 2023-10-09 20:20:56 [INFO] NTP Time: [2023-10-09 21:20:56.028221]: Using the local timmer to pretend to be NTP time. Data recorded
Local Time: 2023-10-09 20:20:56 [INFO] NTP Time: [2023-10-09 21:20:56.167161]: Using the local timmer to pretend to be NTP time. Data recorded
Local Time: 2023-10-09 20:20:56 [INFO] NTP Time: [2023-10-09 21:20:56.333296]: Using the local timmer to pretend to be NTP time. Data recorded
Local Time: 2023-10-09 20:20:56 [INFO] NTP Time: [2023-10-09 21:20:56.471348]: Using the local timmer to pretend to be NTP time. Data recorded
Local Time: 2023-10-09 20:20:56 [INFO] NTP Time: [2023-10-09 21:20:56.610696]: Using the local timmer to pretend to be NTP time. Data recorded
Local Time: 2023-10-09 20:20:56 [INFO] NTP Time: [2023-10-09 21:20:56.776746]: Using the local timmer to pretend to be NTP time. Data recorded
Local Time: 2023-10-09 20:20:56 [INFO] NTP Time: [2023-10-09 21:20:56.914637]: Using the local timmer to pretend to be NTP time. Data recorded
Local Time: 2023-10-09 20:20:57 [INFO] NTP Time: [2023-10-09 21:20:57.054277]: Using the local timmer to pretend to be NTP time. Data recorded
Local Time: 2023-10-09 20:20:57 [INFO] NTP Time: [2023-10-09 21:20:57.192937]: Using the local timmer to pretend to be NTP time. Data recorded
Local Time: 2023-10-09 20:20:57 [INFO] NTP Time: [2023-10-09 21:20:57.358892]: Using the local timmer to pretend to be NTP time. Data recorded
Local Time: 2023-10-09 20:20:57 [INFO] NTP Time: [2023-10-09 21:20:57.497245]: Using the local timmer to pretend to be NTP time. Data recorded
Local Time: 2023-10-09 20:20:57 [INFO] NTP Time: [2023-10-09 21:20:57.637167]: Using the local timmer to pretend to be NTP time. Data recorded
Local Time: 2023-10-09 20:20:57 [INFO] NTP Time: [2023-10-09 21:20:57.801183]: Using the local timmer to pretend to be NTP time. Data recorded
Local Time: 2023-10-09 20:20:57 [INFO] NTP Time: [2023-10-09 21:20:57.941202]: Using the local timmer to pretend to be NTP time. Data recorded
Local Time: 2023-10-09 20:20:58 [INFO] NTP Time: [2023-10-09 21:20:58.079290]: Using the local timmer to pretend to be NTP time. Data recorded
Local Time: 2023-10-09 20:20:58 [INFO] NTP Time: [2023-10-09 21:20:58.245009]: Using the local timmer to pretend to be NTP time. Data recorded
Local Time: 2023-10-09 20:20:58 [INFO] NTP Time: [2023-10-09 21:20:58.383572]: Using the local timmer to pretend to be NTP time. Data recorded
Local Time: 2023-10-09 20:20:58 [INFO] NTP Time: [2023-10-09 21:20:58.523031]: Using the local timmer to pretend to be NTP time. Data recorded
Local Time: 2023-10-09 20:20:58 [INFO] NTP Time: [2023-10-09 21:20:58.661742]: Using the local timmer to pretend to be NTP time. Data recorded
Local Time: 2023-10-09 20:20:58 [INFO] NTP Time: [2023-10-09 21:20:58.827924]: Using the local timmer to pretend to be NTP time. Data recorded
Local Time: 2023-10-09 20:20:58 [INFO] NTP Time: [2023-10-09 21:20:58.965794]: Using the local timmer to pretend to be NTP time. Data recorded
Local Time: 2023-10-09 20:20:59 [INFO] NTP Time: [2023-10-09 21:20:59.104941]: Using the local timmer to pretend to be NTP time. Data recorded
Local Time: 2023-10-09 20:20:59 [INFO] NTP Time: [2023-10-09 21:20:59.270951]: Using the local timmer to pretend to be NTP time. Data recorded
Local Time: 2023-10-09 20:20:59 [INFO] NTP Time: [2023-10-09 21:20:59.409190]: Using the local timmer to pretend to be NTP time. Data recorded
Local Time: 2023-10-09 20:20:59 [INFO] NTP Time: [2023-10-09 21:20:59.548204]: Using the local timmer to pretend to be NTP time. Data recorded
Local Time: 2023-10-09 20:20:59 [INFO] NTP Time: [2023-10-09 21:20:59.713226]: Using the local timmer to pretend to be NTP time. Data recorded
Local Time: 2023-10-09 20:20:59 [INFO] NTP Time: [2023-10-09 21:20:59.853445]: Using the local timmer to pretend to be NTP time. Data recorded
Local Time: 2023-10-09 20:20:59 [INFO] NTP Time: [2023-10-09 21:20:59.992650]: Using the local timmer to pretend to be NTP time. Data recorded
Local Time: 2023-10-09 20:21:00 [INFO] NTP Time: [2023-10-09 21:21:00.130483]: Using the local timmer to pretend to be NTP time. Data recorded
Local Time: 2023-10-09 20:21:00 [INFO] NTP Time: [2023-10-09 21:21:00.295740]: Using the local timmer to pretend to be NTP time. Data recorded
Local Time: 2023-10-09 20:21:00 [INFO] NTP Time: [2023-10-09 21:21:00.434758]: Using the local timmer to pretend to be NTP time. Data recorded
Local Time: 2023-10-09 20:21:00 [INFO] NTP Time: [2023-10-09 21:21:00.574739]: Using the local timmer to pretend to be NTP time. Data recorded
Local Time: 2023-10-09 20:21:00 [INFO] NTP Time: [2023-10-09 21:21:00.738910]: Using the local timmer to pretend to be NTP time. Data recorded
Local Time: 2023-10-09 20:21:00 [INFO] NTP Time: [2023-10-09 21:21:00.878079]: Using the local timmer to pretend to be NTP time. Data recorded
Local Time: 2023-10-09 20:21:01 [INFO] NTP Time: [2023-10-09 21:21:01.017169]: Using the local timmer to pretend to be NTP time. Data recorded
Local Time: 2023-10-09 20:21:01 [INFO] NTP Time: [2023-10-09 21:21:01.183065]: Using the local timmer to pretend to be NTP time. Data recorded
Local Time: 2023-10-09 20:21:01 [INFO] NTP Time: [2023-10-09 21:21:01.322133]: Using the local timmer to pretend to be NTP time. Data recorded
Local Time: 2023-10-09 20:21:01 [INFO] NTP Time: [2023-10-09 21:21:01.461579]: Using the local timmer to pretend to be NTP time. Data recorded
Local Time: 2023-10-09 20:21:01 [INFO] NTP Time: [2023-10-09 21:21:01.625474]: Using the local timmer to pretend to be NTP time. Data recorded
Local Time: 2023-10-09 20:21:01 [INFO] NTP Time: [2023-10-09 21:21:01.765020]: Using the local timmer to pretend to be NTP time. Data recorded
Local Time: 2023-10-09 20:21:01 [INFO] NTP Time: [2023-10-09 21:21:01.904724]: Using the local timmer to pretend to be NTP time. Data recorded
Local Time: 2023-10-09 20:21:02 [INFO] NTP Time: [2023-10-09 21:21:02.049955]: Using the local timmer to pretend to be NTP time. Data recorded
Local Time: 2023-10-09 20:21:02 [INFO] NTP Time: [2023-10-09 21:21:02.208753]: Using the local timmer to pretend to be NTP time. Data recorded
Local Time: 2023-10-09 20:21:02 [INFO] NTP Time: [2023-10-09 21:21:02.347809]: Using the local timmer to pretend to be NTP time. Data recorded
Local Time: 2023-10-09 20:21:02 [INFO] NTP Time: [2023-10-09 21:21:02.485934]: Using the local timmer to pretend to be NTP time. Data recorded
Local Time: 2023-10-09 20:21:02 [INFO] NTP Time: [2023-10-09 21:21:02.652093]: Using the local timmer to pretend to be NTP time. Data recorded
Local Time: 2023-10-09 20:21:02 [INFO] NTP Time: [2023-10-09 21:21:02.791201]: Using the local timmer to pretend to be NTP time. Data recorded
Local Time: 2023-10-09 20:21:02 [INFO] NTP Time: [2023-10-09 21:21:02.929304]: Using the local timmer to pretend to be NTP time. Data recorded
Local Time: 2023-10-09 20:21:03 [INFO] NTP Time: [2023-10-09 21:21:03.094334]: Using the local timmer to pretend to be NTP time. Data recorded
Local Time: 2023-10-09 20:21:03 [INFO] NTP Time: [2023-10-09 21:21:03.233414]: Using the local timmer to pretend to be NTP time. Data recorded
Local Time: 2023-10-09 20:21:03 [INFO] NTP Time: [2023-10-09 21:21:03.372433]: Using the local timmer to pretend to be NTP time. Data recorded
Local Time: 2023-10-09 20:21:03 [INFO] NTP Time: [2023-10-09 21:21:03.512598]: Using the local timmer to pretend to be NTP time. Data recorded
Local Time: 2023-10-09 20:21:03 [INFO] NTP Time: [2023-10-09 21:21:03.677651]: Using the local timmer to pretend to be NTP time. Data recorded
Local Time: 2023-10-09 20:21:03 [INFO] NTP Time: [2023-10-09 21:21:03.815823]: Using the local timmer to pretend to be NTP time. Data recorded
Local Time: 2023-10-09 20:21:03 [INFO] NTP Time: [2023-10-09 21:21:03.954964]: Using the local timmer to pretend to be NTP time. Data recorded
Local Time: 2023-10-09 20:21:04 [INFO] NTP Time: [2023-10-09 21:21:04.120953]: Using the local timmer to pretend to be NTP time. Data recorded
Local Time: 2023-10-09 20:21:04 [INFO] NTP Time: [2023-10-09 21:21:04.260242]: Using the local timmer to pretend to be NTP time. Data recorded
Local Time: 2023-10-09 20:21:04 [INFO] NTP Time: [2023-10-09 21:21:04.399289]: Using the local timmer to pretend to be NTP time. Data recorded
Local Time: 2023-10-09 20:21:04 [INFO] NTP Time: [2023-10-09 21:21:04.563200]: Using the local timmer to pretend to be NTP time. Data recorded
Local Time: 2023-10-09 20:21:04 [INFO] NTP Time: [2023-10-09 21:21:04.703227]: Using the local timmer to pretend to be NTP time. Data recorded
Local Time: 2023-10-09 20:21:04 [INFO] NTP Time: [2023-10-09 21:21:04.842423]: Using the local timmer to pretend to be NTP time. Data recorded
Local Time: 2023-10-09 20:21:04 [INFO] NTP Time: [2023-10-09 21:21:04.980515]: Using the local timmer to pretend to be NTP time. Data recorded
Local Time: 2023-10-09 20:21:05 [INFO] NTP Time: [2023-10-09 21:21:05.145813]: Using the local timmer to pretend to be NTP time. Data recorded
Local Time: 2023-10-09 20:21:05 [INFO] NTP Time: [2023-10-09 21:21:05.284819]: Using the local timmer to pretend to be NTP time. Data recorded
Local Time: 2023-10-09 20:21:05 [INFO] NTP Time: [2023-10-09 21:21:05.423890]: Using the local timmer to pretend to be NTP time. Data recorded
Local Time: 2023-10-09 20:21:05 [INFO] NTP Time: [2023-10-09 21:21:05.589805]: Using the local timmer to pretend to be NTP time. Data recorded
Local Time: 2023-10-09 20:21:05 [INFO] NTP Time: [2023-10-09 21:21:05.729042]: Using the local timmer to pretend to be NTP time. Data recorded
Local Time: 2023-10-09 20:21:05 [INFO] NTP Time: [2023-10-09 21:21:05.868243]: Using the local timmer to pretend to be NTP time. Data recorded
Local Time: 2023-10-09 20:21:06 [INFO] NTP Time: [2023-10-09 21:21:06.032213]: Using the local timmer to pretend to be NTP time. Data recorded
Local Time: 2023-10-09 20:21:06 [INFO] NTP Time: [2023-10-09 21:21:06.171300]: Using the local timmer to pretend to be NTP time. Data recorded
Local Time: 2023-10-09 20:21:06 [INFO] NTP Time: [2023-10-09 21:21:06.311186]: Using the local timmer to pretend to be NTP time. Data recorded
Local Time: 2023-10-09 20:21:06 [INFO] NTP Time: [2023-10-09 21:21:06.449491]: Using the local timmer to pretend to be NTP time. Data recorded
Local Time: 2023-10-09 20:21:06 [INFO] NTP Time: [2023-10-09 21:21:06.614523]: Using the local timmer to pretend to be NTP time. Data recorded
Local Time: 2023-10-09 20:21:06 [INFO] NTP Time: [2023-10-09 21:21:06.753741]: Using the local timmer to pretend to be NTP time. Data recorded
Local Time: 2023-10-09 20:21:06 [INFO] NTP Time: [2023-10-09 21:21:06.892841]: Using the local timmer to pretend to be NTP time. Data recorded
Local Time: 2023-10-09 20:21:07 [INFO] NTP Time: [2023-10-09 21:21:07.058204]: Using the local timmer to pretend to be NTP time. Data recorded
Local Time: 2023-10-09 20:21:07 [INFO] NTP Time: [2023-10-09 21:21:07.197987]: Using the local timmer to pretend to be NTP time. Data recorded
Local Time: 2023-10-09 20:21:07 [INFO] NTP Time: [2023-10-09 21:21:07.336100]: Using the local timmer to pretend to be NTP time. Data recorded
Local Time: 2023-10-09 20:21:07 [INFO] NTP Time: [2023-10-09 21:21:07.501314]: Using the local timmer to pretend to be NTP time. Data recorded
Local Time: 2023-10-09 20:21:07 [INFO] NTP Time: [2023-10-09 21:21:07.640293]: Using the local timmer to pretend to be NTP time. Data recorded
Local Time: 2023-10-09 20:21:07 [INFO] NTP Time: [2023-10-09 21:21:07.779357]: Using the local timmer to pretend to be NTP time. Data recorded
Local Time: 2023-10-09 20:21:07 [INFO] NTP Time: [2023-10-09 21:21:07.949832]: Using the local timmer to pretend to be NTP time. Data recorded
Local Time: 2023-10-09 20:21:08 [INFO] NTP Time: [2023-10-09 21:21:08.083672]: Using the local timmer to pretend to be NTP time. Data recorded
Local Time: 2023-10-09 20:21:08 [INFO] NTP Time: [2023-10-09 21:21:08.222813]: Using the local timmer to pretend to be NTP time. Data recorded
Local Time: 2023-10-09 20:21:08 [INFO] NTP Time: [2023-10-09 21:21:08.361971]: Using the local timmer to pretend to be NTP time. Data recorded
Local Time: 2023-10-09 20:21:08 [INFO] NTP Time: [2023-10-09 21:21:08.527014]: Using the local timmer to pretend to be NTP time. Data recorded
Local Time: 2023-10-09 20:21:08 [INFO] NTP Time: [2023-10-09 21:21:08.666022]: Using the local timmer to pretend to be NTP time. Data recorded
Local Time: 2023-10-09 20:21:08 [INFO] NTP Time: [2023-10-09 21:21:08.806233]: Using the local timmer to pretend to be NTP time. Data recorded
Local Time: 2023-10-09 20:21:08 [INFO] NTP Time: [2023-10-09 21:21:08.970284]: Using the local timmer to pretend to be NTP time. Data recorded
Local Time: 2023-10-09 20:21:09 [INFO] NTP Time: [2023-10-09 21:21:09.109422]: Using the local timmer to pretend to be NTP time. Data recorded
Local Time: 2023-10-09 20:21:09 [INFO] NTP Time: [2023-10-09 21:21:09.248547]: Using the local timmer to pretend to be NTP time. Data recorded
Local Time: 2023-10-09 20:21:09 [INFO] NTP Time: [2023-10-09 21:21:09.414602]: Using the local timmer to pretend to be NTP time. Data recorded
Local Time: 2023-10-09 20:21:09 [INFO] NTP Time: [2023-10-09 21:21:09.552806]: Using the local timmer to pretend to be NTP time. Data recorded
Local Time: 2023-10-09 20:21:09 [INFO] NTP Time: [2023-10-09 21:21:09.692482]: Using the local timmer to pretend to be NTP time. Data recorded
Local Time: 2023-10-09 20:21:09 [INFO] NTP Time: [2023-10-09 21:21:09.831869]: Using the local timmer to pretend to be NTP time. Data recorded
Local Time: 2023-10-09 20:21:10 [INFO] NTP Time: [2023-10-09 21:21:10.000889]: Using the local timmer to pretend to be NTP time. Data recorded
Local Time: 2023-10-09 20:21:10 [INFO] NTP Time: [2023-10-09 21:21:10.136363]: Using the local timmer to pretend to be NTP time. Data recorded
Local Time: 2023-10-09 20:21:10 [INFO] NTP Time: [2023-10-09 21:21:10.274297]: Using the local timmer to pretend to be NTP time. Data recorded
Local Time: 2023-10-09 20:21:10 [INFO] NTP Time: [2023-10-09 21:21:10.439438]: Using the local timmer to pretend to be NTP time. Data recorded
Local Time: 2023-10-09 20:21:10 [INFO] NTP Time: [2023-10-09 21:21:10.579382]: Using the local timmer to pretend to be NTP time. Data recorded
Local Time: 2023-10-09 20:21:10 [INFO] NTP Time: [2023-10-09 21:21:10.718350]: Using the local timmer to pretend to be NTP time. Data recorded
Local Time: 2023-10-09 20:21:10 [INFO] NTP Time: [2023-10-09 21:21:10.882675]: Using the local timmer to pretend to be NTP time. Data recorded
Local Time: 2023-10-09 20:21:11 [INFO] NTP Time: [2023-10-09 21:21:11.021797]: Using the local timmer to pretend to be NTP time. Data recorded
Local Time: 2023-10-09 20:21:11 [INFO] NTP Time: [2023-10-09 21:21:11.160972]: Using the local timmer to pretend to be NTP time. Data recorded
Local Time: 2023-10-09 20:21:11 [INFO] NTP Time: [2023-10-09 21:21:11.300209]: Using the local timmer to pretend to be NTP time. Data recorded
Local Time: 2023-10-09 20:21:11 [INFO] NTP Time: [2023-10-09 21:21:11.465338]: Using the local timmer to pretend to be NTP time. Data recorded
Local Time: 2023-10-09 20:21:11 [INFO] NTP Time: [2023-10-09 21:21:11.605275]: Using the local timmer to pretend to be NTP time. Data recorded
Local Time: 2023-10-09 20:21:11 [INFO] NTP Time: [2023-10-09 21:21:11.743448]: Using the local timmer to pretend to be NTP time. Data recorded
Local Time: 2023-10-09 20:21:11 [INFO] NTP Time: [2023-10-09 21:21:11.908379]: Using the local timmer to pretend to be NTP time. Data recorded
Local Time: 2023-10-09 20:21:12 [INFO] NTP Time: [2023-10-09 21:21:12.047475]: Using the local timmer to pretend to be NTP time. Data recorded
Local Time: 2023-10-09 20:21:12 [INFO] NTP Time: [2023-10-09 21:21:12.187666]: Using the local timmer to pretend to be NTP time. Data recorded
Local Time: 2023-10-09 20:21:12 [INFO] NTP Time: [2023-10-09 21:21:12.352677]: Using the local timmer to pretend to be NTP time. Data recorded
Local Time: 2023-10-09 20:21:12 [INFO] NTP Time: [2023-10-09 21:21:12.490886]: Using the local timmer to pretend to be NTP time. Data recorded
Local Time: 2023-10-09 20:21:12 [INFO] NTP Time: [2023-10-09 21:21:12.630050]: Using the local timmer to pretend to be NTP time. Data recorded
Local Time: 2023-10-09 20:21:12 [INFO] NTP Time: [2023-10-09 21:21:12.769084]: Using the local timmer to pretend to be NTP time. Data recorded
Local Time: 2023-10-09 20:21:12 [INFO] NTP Time: [2023-10-09 21:21:12.935028]: Using the local timmer to pretend to be NTP time. Data recorded
Local Time: 2023-10-09 20:21:13 [INFO] NTP Time: [2023-10-09 21:21:13.074443]: Using the local timmer to pretend to be NTP time. Data recorded
Local Time: 2023-10-09 20:21:13 [INFO] NTP Time: [2023-10-09 21:21:13.212505]: Using the local timmer to pretend to be NTP time. Data recorded
Local Time: 2023-10-09 20:21:13 [INFO] NTP Time: [2023-10-09 21:21:13.377579]: Using the local timmer to pretend to be NTP time. Data recorded
Local Time: 2023-10-09 20:21:13 [INFO] NTP Time: [2023-10-09 21:21:13.516781]: Using the local timmer to pretend to be NTP time. Data recorded
Local Time: 2023-10-09 20:21:13 [INFO] NTP Time: [2023-10-09 21:21:13.655808]: Using the local timmer to pretend to be NTP time. Data recorded
Local Time: 2023-10-09 20:21:13 [INFO] NTP Time: [2023-10-09 21:21:13.822081]: Using the local timmer to pretend to be NTP time. Data recorded
Local Time: 2023-10-09 20:21:13 [INFO] NTP Time: [2023-10-09 21:21:13.960918]: Using the local timmer to pretend to be NTP time. Data recorded
Local Time: 2023-10-09 20:21:14 [INFO] NTP Time: [2023-10-09 21:21:14.099039]: Using the local timmer to pretend to be NTP time. Data recorded
Local Time: 2023-10-09 20:21:14 [INFO] NTP Time: [2023-10-09 21:21:14.264422]: Using the local timmer to pretend to be NTP time. Data recorded
Local Time: 2023-10-09 20:21:14 [INFO] NTP Time: [2023-10-09 21:21:14.403299]: Using the local timmer to pretend to be NTP time. Data recorded
Local Time: 2023-10-09 20:21:14 [INFO] NTP Time: [2023-10-09 21:21:14.543311]: Using the local timmer to pretend to be NTP time. Data recorded
Local Time: 2023-10-09 20:21:14 [INFO] NTP Time: [2023-10-09 21:21:14.681494]: Using the local timmer to pretend to be NTP time. Data recorded
Local Time: 2023-10-09 20:21:14 [INFO] NTP Time: [2023-10-09 21:21:14.846618]: Using the local timmer to pretend to be NTP time. Data recorded
Local Time: 2023-10-09 20:21:14 [INFO] NTP Time: [2023-10-09 21:21:14.985925]: Using the local timmer to pretend to be NTP time. Data recorded
Local Time: 2023-10-09 20:21:15 [INFO] NTP Time: [2023-10-09 21:21:15.124792]: Using the local timmer to pretend to be NTP time. Data recorded
Local Time: 2023-10-09 20:21:15 [INFO] NTP Time: [2023-10-09 21:21:15.290010]: Using the local timmer to pretend to be NTP time. Data recorded
Local Time: 2023-10-09 20:21:15 [INFO] NTP Time: [2023-10-09 21:21:15.428997]: Using the local timmer to pretend to be NTP time. Data recorded
Local Time: 2023-10-09 20:21:15 [INFO] NTP Time: [2023-10-09 21:21:15.568113]: Using the local timmer to pretend to be NTP time. Data recorded
Local Time: 2023-10-09 20:21:15 [INFO] NTP Time: [2023-10-09 21:21:15.733276]: Using the local timmer to pretend to be NTP time. Data recorded
Local Time: 2023-10-09 20:21:15 [INFO] NTP Time: [2023-10-09 21:21:15.873004]: Using the local timmer to pretend to be NTP time. Data recorded
Local Time: 2023-10-09 20:21:16 [INFO] NTP Time: [2023-10-09 21:21:16.012408]: Using the local timmer to pretend to be NTP time. Data recorded
Local Time: 2023-10-09 20:21:16 [INFO] NTP Time: [2023-10-09 21:21:16.151552]: Using the local timmer to pretend to be NTP time. Data recorded
Local Time: 2023-10-09 20:21:16 [INFO] NTP Time: [2023-10-09 21:21:16.315675]: Using the local timmer to pretend to be NTP time. Data recorded
Local Time: 2023-10-09 20:21:16 [INFO] NTP Time: [2023-10-09 21:21:16.454661]: Using the local timmer to pretend to be NTP time. Data recorded
Local Time: 2023-10-09 20:21:16 [INFO] NTP Time: [2023-10-09 21:21:16.593918]: Using the local timmer to pretend to be NTP time. Data recorded
Local Time: 2023-10-09 20:21:16 [INFO] NTP Time: [2023-10-09 21:21:16.759781]: Using the local timmer to pretend to be NTP time. Data recorded
Local Time: 2023-10-09 20:21:16 [INFO] NTP Time: [2023-10-09 21:21:16.898801]: Using the local timmer to pretend to be NTP time. Data recorded
Local Time: 2023-10-09 20:21:17 [INFO] NTP Time: [2023-10-09 21:21:17.038116]: Using the local timmer to pretend to be NTP time. Data recorded
Local Time: 2023-10-09 20:21:17 [INFO] NTP Time: [2023-10-09 21:21:17.202324]: Using the local timmer to pretend to be NTP time. Data recorded
Local Time: 2023-10-09 20:21:17 [INFO] NTP Time: [2023-10-09 21:21:17.341330]: Using the local timmer to pretend to be NTP time. Data recorded
Local Time: 2023-10-09 20:21:17 [INFO] NTP Time: [2023-10-09 21:21:17.480456]: Using the local timmer to pretend to be NTP time. Data recorded
Local Time: 2023-10-09 20:21:17 [INFO] NTP Time: [2023-10-09 21:21:17.620465]: Using the local timmer to pretend to be NTP time. Data recorded
Local Time: 2023-10-09 20:21:17 [INFO] NTP Time: [2023-10-09 21:21:17.785902]: Using the local timmer to pretend to be NTP time. Data recorded
Local Time: 2023-10-09 20:21:17 [INFO] NTP Time: [2023-10-09 21:21:17.924611]: Using the local timmer to pretend to be NTP time. Data recorded
Local Time: 2023-10-09 20:21:18 [INFO] NTP Time: [2023-10-09 21:21:18.062712]: Using the local timmer to pretend to be NTP time. Data recorded
Local Time: 2023-10-09 20:21:18 [INFO] NTP Time: [2023-10-09 21:21:18.227901]: Using the local timmer to pretend to be NTP time. Data recorded
Local Time: 2023-10-09 20:21:18 [INFO] NTP Time: [2023-10-09 21:21:18.367967]: Using the local timmer to pretend to be NTP time. Data recorded
Local Time: 2023-10-09 20:21:18 [INFO] NTP Time: [2023-10-09 21:21:18.506273]: Using the local timmer to pretend to be NTP time. Data recorded
Local Time: 2023-10-09 20:21:18 [INFO] NTP Time: [2023-10-09 21:21:18.672037]: Using the local timmer to pretend to be NTP time. Data recorded
Local Time: 2023-10-09 20:21:18 [INFO] NTP Time: [2023-10-09 21:21:18.810230]: Using the local timmer to pretend to be NTP time. Data recorded
Local Time: 2023-10-09 20:21:18 [INFO] NTP Time: [2023-10-09 21:21:18.949271]: Using the local timmer to pretend to be NTP time. Data recorded
Local Time: 2023-10-09 20:21:19 [INFO] NTP Time: [2023-10-09 21:21:19.088805]: Using the local timmer to pretend to be NTP time. Data recorded
Local Time: 2023-10-09 20:21:19 [INFO] NTP Time: [2023-10-09 21:21:19.254444]: Using the local timmer to pretend to be NTP time. Data recorded
Local Time: 2023-10-09 20:21:19 [INFO] NTP Time: [2023-10-09 21:21:19.393593]: Using the local timmer to pretend to be NTP time. Data recorded
Local Time: 2023-10-09 20:21:19 [INFO] NTP Time: [2023-10-09 21:21:19.532607]: Using the local timmer to pretend to be NTP time. Data recorded
Local Time: 2023-10-09 20:21:19 [INFO] NTP Time: [2023-10-09 21:21:19.696776]: Using the local timmer to pretend to be NTP time. Data recorded
Local Time: 2023-10-09 20:21:19 [INFO] NTP Time: [2023-10-09 21:21:19.835918]: Using the local timmer to pretend to be NTP time. Data recorded
Local Time: 2023-10-09 20:21:19 [INFO] NTP Time: [2023-10-09 21:21:19.975564]: Using the local timmer to pretend to be NTP time. Data recorded
Local Time: 2023-10-09 20:21:20 [INFO] NTP Time: [2023-10-09 21:21:20.141166]: Using the local timmer to pretend to be NTP time. Data recorded
Local Time: 2023-10-09 20:21:20 [INFO] NTP Time: [2023-10-09 21:21:20.279070]: Using the local timmer to pretend to be NTP time. Data recorded
Local Time: 2023-10-09 20:21:20 [INFO] NTP Time: [2023-10-09 21:21:20.418972]: Using the local timmer to pretend to be NTP time. Data recorded
Local Time: 2023-10-09 20:21:20 [INFO] NTP Time: [2023-10-09 21:21:20.583448]: Using the local timmer to pretend to be NTP time. Data recorded
Local Time: 2023-10-09 20:21:20 [INFO] NTP Time: [2023-10-09 21:21:20.722519]: Using the local timmer to pretend to be NTP time. Data recorded
Local Time: 2023-10-09 20:21:20 [INFO] NTP Time: [2023-10-09 21:21:20.861516]: Using the local timmer to pretend to be NTP time. Data recorded
Local Time: 2023-10-09 20:21:21 [INFO] NTP Time: [2023-10-09 21:21:21.001388]: Using the local timmer to pretend to be NTP time. Data recorded
Local Time: 2023-10-09 20:21:21 [INFO] NTP Time: [2023-10-09 21:21:21.165498]: Using the local timmer to pretend to be NTP time. Data recorded
Local Time: 2023-10-09 20:21:21 [INFO] NTP Time: [2023-10-09 21:21:21.305484]: Using the local timmer to pretend to be NTP time. Data recorded
Local Time: 2023-10-09 20:21:21 [INFO] NTP Time: [2023-10-09 21:21:21.443748]: Using the local timmer to pretend to be NTP time. Data recorded
Local Time: 2023-10-09 20:21:21 [INFO] NTP Time: [2023-10-09 21:21:21.609516]: Using the local timmer to pretend to be NTP time. Data recorded
Local Time: 2023-10-09 20:21:21 [INFO] NTP Time: [2023-10-09 21:21:21.748918]: Using the local timmer to pretend to be NTP time. Data recorded
Local Time: 2023-10-09 20:21:21 [INFO] NTP Time: [2023-10-09 21:21:21.888520]: Using the local timmer to pretend to be NTP time. Data recorded
Local Time: 2023-10-09 20:21:22 [INFO] NTP Time: [2023-10-09 21:21:22.051925]: Using the local timmer to pretend to be NTP time. Data recorded
Local Time: 2023-10-09 20:21:22 [INFO] NTP Time: [2023-10-09 21:21:22.191109]: Using the local timmer to pretend to be NTP time. Data recorded
Local Time: 2023-10-09 20:21:22 [INFO] NTP Time: [2023-10-09 21:21:22.330163]: Using the local timmer to pretend to be NTP time. Data recorded
Local Time: 2023-10-09 20:21:22 [INFO] NTP Time: [2023-10-09 21:21:22.469258]: Using the local timmer to pretend to be NTP time. Data recorded
Local Time: 2023-10-09 20:21:22 [INFO] NTP Time: [2023-10-09 21:21:22.635345]: Using the local timmer to pretend to be NTP time. Data recorded
Local Time: 2023-10-09 20:21:22 [INFO] NTP Time: [2023-10-09 21:21:22.773408]: Using the local timmer to pretend to be NTP time. Data recorded
Local Time: 2023-10-09 20:21:22 [INFO] NTP Time: [2023-10-09 21:21:22.912615]: Using the local timmer to pretend to be NTP time. Data recorded
Local Time: 2023-10-09 20:21:23 [INFO] NTP Time: [2023-10-09 21:21:23.077534]: Using the local timmer to pretend to be NTP time. Data recorded
Local Time: 2023-10-09 20:21:23 [INFO] NTP Time: [2023-10-09 21:21:23.216657]: Using the local timmer to pretend to be NTP time. Data recorded
Local Time: 2023-10-09 20:21:23 [INFO] NTP Time: [2023-10-09 21:21:23.356599]: Using the local timmer to pretend to be NTP time. Data recorded
Local Time: 2023-10-09 20:21:23 [INFO] NTP Time: [2023-10-09 21:21:23.521672]: Using the local timmer to pretend to be NTP time. Data recorded
Local Time: 2023-10-09 20:21:23 [INFO] NTP Time: [2023-10-09 21:21:23.659828]: Using the local timmer to pretend to be NTP time. Data recorded
Local Time: 2023-10-09 20:21:23 [INFO] NTP Time: [2023-10-09 21:21:23.799138]: Using the local timmer to pretend to be NTP time. Data recorded
Local Time: 2023-10-09 20:21:23 [INFO] NTP Time: [2023-10-09 21:21:23.939016]: Using the local timmer to pretend to be NTP time. Data recorded
Local Time: 2023-10-09 20:21:24 [INFO] NTP Time: [2023-10-09 21:21:24.103111]: Using the local timmer to pretend to be NTP time. Data recorded
Local Time: 2023-10-09 20:21:24 [INFO] NTP Time: [2023-10-09 21:21:24.243033]: Using the local timmer to pretend to be NTP time. Data recorded
Local Time: 2023-10-09 20:21:24 [INFO] NTP Time: [2023-10-09 21:21:24.381311]: Using the local timmer to pretend to be NTP time. Data recorded
Local Time: 2023-10-09 20:21:24 [INFO] NTP Time: [2023-10-09 21:21:24.547385]: Using the local timmer to pretend to be NTP time. Data recorded
Local Time: 2023-10-09 20:21:24 [INFO] NTP Time: [2023-10-09 21:21:24.689132]: Using the local timmer to pretend to be NTP time. Data recorded
Local Time: 2023-10-09 20:21:24 [INFO] NTP Time: [2023-10-09 21:21:24.825450]: Using the local timmer to pretend to be NTP time. Data recorded
Local Time: 2023-10-09 20:21:24 [INFO] NTP Time: [2023-10-09 21:21:24.989919]: Using the local timmer to pretend to be NTP time. Data recorded
Local Time: 2023-10-09 20:21:25 [INFO] NTP Time: [2023-10-09 21:21:25.128761]: Using the local timmer to pretend to be NTP time. Data recorded
Local Time: 2023-10-09 20:21:25 [INFO] NTP Time: [2023-10-09 21:21:25.268674]: Using the local timmer to pretend to be NTP time. Data recorded
Local Time: 2023-10-09 20:21:25 [INFO] NTP Time: [2023-10-09 21:21:25.408015]: Using the local timmer to pretend to be NTP time. Data recorded
Local Time: 2023-10-09 20:21:25 [INFO] NTP Time: [2023-10-09 21:21:25.573003]: Using the local timmer to pretend to be NTP time. Data recorded
Local Time: 2023-10-09 20:21:25 [INFO] NTP Time: [2023-10-09 21:21:25.712041]: Using the local timmer to pretend to be NTP time. Data recorded
Local Time: 2023-10-09 20:21:25 [INFO] NTP Time: [2023-10-09 21:21:25.850144]: Using the local timmer to pretend to be NTP time. Data recorded
Local Time: 2023-10-09 20:21:26 [INFO] NTP Time: [2023-10-09 21:21:26.016255]: Using the local timmer to pretend to be NTP time. Data recorded
Local Time: 2023-10-09 20:21:26 [INFO] NTP Time: [2023-10-09 21:21:26.155373]: Using the local timmer to pretend to be NTP time. Data recorded
Local Time: 2023-10-09 20:21:26 [INFO] NTP Time: [2023-10-09 21:21:26.294399]: Using the local timmer to pretend to be NTP time. Data recorded
Local Time: 2023-10-09 20:21:26 [INFO] NTP Time: [2023-10-09 21:21:26.459518]: Using the local timmer to pretend to be NTP time. Data recorded
Local Time: 2023-10-09 20:21:26 [INFO] NTP Time: [2023-10-09 21:21:26.597662]: Using the local timmer to pretend to be NTP time. Data recorded
Local Time: 2023-10-09 20:21:26 [INFO] NTP Time: [2023-10-09 21:21:26.736790]: Using the local timmer to pretend to be NTP time. Data recorded
Local Time: 2023-10-09 20:21:26 [INFO] NTP Time: [2023-10-09 21:21:26.875962]: Using the local timmer to pretend to be NTP time. Data recorded
Local Time: 2023-10-09 20:21:27 [INFO] NTP Time: [2023-10-09 21:21:27.042010]: Using the local timmer to pretend to be NTP time. Data recorded
Local Time: 2023-10-09 20:21:27 [INFO] NTP Time: [2023-10-09 21:21:27.181158]: Using the local timmer to pretend to be NTP time. Data recorded
Local Time: 2023-10-09 20:21:27 [INFO] NTP Time: [2023-10-09 21:21:27.320320]: Using the local timmer to pretend to be NTP time. Data recorded
Local Time: 2023-10-09 20:21:27 [INFO] NTP Time: [2023-10-09 21:21:27.484366]: Using the local timmer to pretend to be NTP time. Data recorded
Local Time: 2023-10-09 20:21:27 [INFO] NTP Time: [2023-10-09 21:21:27.623503]: Using the local timmer to pretend to be NTP time. Data recorded
Local Time: 2023-10-09 20:21:27 [INFO] NTP Time: [2023-10-09 21:21:27.762567]: Using the local timmer to pretend to be NTP time. Data recorded
Local Time: 2023-10-09 20:21:27 [INFO] NTP Time: [2023-10-09 21:21:27.928511]: Using the local timmer to pretend to be NTP time. Data recorded
Local Time: 2023-10-09 20:21:28 [INFO] NTP Time: [2023-10-09 21:21:28.067786]: Using the local timmer to pretend to be NTP time. Data recorded
Local Time: 2023-10-09 20:21:28 [INFO] NTP Time: [2023-10-09 21:21:28.206765]: Using the local timmer to pretend to be NTP time. Data recorded
Local Time: 2023-10-09 20:21:28 [INFO] NTP Time: [2023-10-09 21:21:28.370991]: Using the local timmer to pretend to be NTP time. Data recorded
Local Time: 2023-10-09 20:21:28 [INFO] NTP Time: [2023-10-09 21:21:28.510125]: Using the local timmer to pretend to be NTP time. Data recorded
Local Time: 2023-10-09 20:21:28 [INFO] NTP Time: [2023-10-09 21:21:28.649148]: Using the local timmer to pretend to be NTP time. Data recorded
Local Time: 2023-10-09 20:21:28 [INFO] NTP Time: [2023-10-09 21:21:28.788214]: Using the local timmer to pretend to be NTP time. Data recorded
Local Time: 2023-10-09 20:21:28 [INFO] NTP Time: [2023-10-09 21:21:28.954013]: Using the local timmer to pretend to be NTP time. Data recorded
Local Time: 2023-10-09 20:21:29 [INFO] NTP Time: [2023-10-09 21:21:29.093963]: Using the local timmer to pretend to be NTP time. Data recorded
Local Time: 2023-10-09 20:21:29 [INFO] NTP Time: [2023-10-09 21:21:29.231548]: Using the local timmer to pretend to be NTP time. Data recorded
Local Time: 2023-10-09 20:21:29 [INFO] NTP Time: [2023-10-09 21:21:29.396830]: Using the local timmer to pretend to be NTP time. Data recorded
Local Time: 2023-10-09 20:21:29 [INFO] NTP Time: [2023-10-09 21:21:29.535668]: Using the local timmer to pretend to be NTP time. Data recorded
Local Time: 2023-10-09 20:21:29 [INFO] NTP Time: [2023-10-09 21:21:29.674740]: Using the local timmer to pretend to be NTP time. Data recorded
Local Time: 2023-10-09 20:21:29 [INFO] NTP Time: [2023-10-09 21:21:29.840696]: Using the local timmer to pretend to be NTP time. Data recorded
Local Time: 2023-10-09 20:21:29 [INFO] NTP Time: [2023-10-09 21:21:29.979785]: Using the local timmer to pretend to be NTP time. Data recorded
Local Time: 2023-10-09 20:21:30 [INFO] NTP Time: [2023-10-09 21:21:30.119587]: Using the local timmer to pretend to be NTP time. Data recorded
Local Time: 2023-10-09 20:21:30 [INFO] NTP Time: [2023-10-09 21:21:30.258086]: Using the local timmer to pretend to be NTP time. Data recorded
Local Time: 2023-10-09 20:21:30 [INFO] NTP Time: [2023-10-09 21:21:30.422209]: Using the local timmer to pretend to be NTP time. Data recorded
Local Time: 2023-10-09 20:21:30 [INFO] NTP Time: [2023-10-09 21:21:30.561275]: Using the local timmer to pretend to be NTP time. Data recorded
Local Time: 2023-10-09 20:21:30 [INFO] NTP Time: [2023-10-09 21:21:30.700405]: Using the local timmer to pretend to be NTP time. Data recorded
Local Time: 2023-10-09 20:21:30 [INFO] NTP Time: [2023-10-09 21:21:30.866284]: Using the local timmer to pretend to be NTP time. Data recorded
Local Time: 2023-10-09 20:21:31 [INFO] NTP Time: [2023-10-09 21:21:31.004727]: Using the local timmer to pretend to be NTP time. Data recorded
Local Time: 2023-10-09 20:21:31 [INFO] NTP Time: [2023-10-09 21:21:31.143594]: Using the local timmer to pretend to be NTP time. Data recorded
Local Time: 2023-10-09 20:21:31 [INFO] NTP Time: [2023-10-09 21:21:31.308763]: Using the local timmer to pretend to be NTP time. Data recorded
Local Time: 2023-10-09 20:21:31 [INFO] NTP Time: [2023-10-09 21:21:31.447779]: Using the local timmer to pretend to be NTP time. Data recorded
Local Time: 2023-10-09 20:21:31 [INFO] NTP Time: [2023-10-09 21:21:31.586985]: Using the local timmer to pretend to be NTP time. Data recorded
Local Time: 2023-10-09 20:21:31 [INFO] NTP Time: [2023-10-09 21:21:31.726976]: Using the local timmer to pretend to be NTP time. Data recorded
Local Time: 2023-10-09 20:21:31 [INFO] NTP Time: [2023-10-09 21:21:31.892158]: Using the local timmer to pretend to be NTP time. Data recorded
Local Time: 2023-10-09 20:21:32 [INFO] NTP Time: [2023-10-09 21:21:32.031071]: Using the local timmer to pretend to be NTP time. Data recorded
Local Time: 2023-10-09 20:21:32 [INFO] NTP Time: [2023-10-09 21:21:32.169153]: Using the local timmer to pretend to be NTP time. Data recorded
Local Time: 2023-10-09 20:21:32 [INFO] NTP Time: [2023-10-09 21:21:32.335186]: Using the local timmer to pretend to be NTP time. Data recorded
Local Time: 2023-10-09 20:21:32 [INFO] NTP Time: [2023-10-09 21:21:32.473515]: Using the local timmer to pretend to be NTP time. Data recorded
Local Time: 2023-10-09 20:21:32 [INFO] NTP Time: [2023-10-09 21:21:32.616767]: Using the local timmer to pretend to be NTP time. Data recorded
Local Time: 2023-10-09 20:21:32 [INFO] NTP Time: [2023-10-09 21:21:32.777637]: Using the local timmer to pretend to be NTP time. Data recorded
Local Time: 2023-10-09 20:21:32 [INFO] NTP Time: [2023-10-09 21:21:32.916854]: Using the local timmer to pretend to be NTP time. Data recorded
Local Time: 2023-10-09 20:21:33 [INFO] NTP Time: [2023-10-09 21:21:33.056709]: Using the local timmer to pretend to be NTP time. Data recorded
Local Time: 2023-10-09 20:21:33 [INFO] NTP Time: [2023-10-09 21:21:33.195805]: Using the local timmer to pretend to be NTP time. Data recorded
Local Time: 2023-10-09 20:21:33 [INFO] NTP Time: [2023-10-09 21:21:33.359881]: Using the local timmer to pretend to be NTP time. Data recorded
Local Time: 2023-10-09 20:21:33 [INFO] NTP Time: [2023-10-09 21:21:33.498876]: Using the local timmer to pretend to be NTP time. Data recorded
Local Time: 2023-10-09 20:21:33 [INFO] NTP Time: [2023-10-09 21:21:33.638887]: Using the local timmer to pretend to be NTP time. Data recorded
Local Time: 2023-10-09 20:21:33 [INFO] NTP Time: [2023-10-09 21:21:33.804705]: Using the local timmer to pretend to be NTP time. Data recorded
Local Time: 2023-10-09 20:21:33 [INFO] NTP Time: [2023-10-09 21:21:33.943231]: Using the local timmer to pretend to be NTP time. Data recorded
Local Time: 2023-10-09 20:21:34 [INFO] NTP Time: [2023-10-09 21:21:34.082300]: Using the local timmer to pretend to be NTP time. Data recorded
Local Time: 2023-10-09 20:21:34 [INFO] NTP Time: [2023-10-09 21:21:34.247306]: Using the local timmer to pretend to be NTP time. Data recorded
Local Time: 2023-10-09 20:21:34 [INFO] NTP Time: [2023-10-09 21:21:34.385495]: Using the local timmer to pretend to be NTP time. Data recorded
Local Time: 2023-10-09 20:21:34 [INFO] NTP Time: [2023-10-09 21:21:34.524641]: Using the local timmer to pretend to be NTP time. Data recorded
Local Time: 2023-10-09 20:21:34 [INFO] NTP Time: [2023-10-09 21:21:34.664591]: Using the local timmer to pretend to be NTP time. Data recorded
Local Time: 2023-10-09 20:21:34 [INFO] NTP Time: [2023-10-09 21:21:34.829664]: Using the local timmer to pretend to be NTP time. Data recorded
Local Time: 2023-10-09 20:21:34 [INFO] NTP Time: [2023-10-09 21:21:34.968537]: Using the local timmer to pretend to be NTP time. Data recorded
Local Time: 2023-10-09 20:21:35 [INFO] NTP Time: [2023-10-09 21:21:35.106757]: Using the local timmer to pretend to be NTP time. Data recorded
Local Time: 2023-10-09 20:21:35 [INFO] NTP Time: [2023-10-09 21:21:35.283351]: Using the local timmer to pretend to be NTP time. Data recorded
Local Time: 2023-10-09 20:21:35 [INFO] NTP Time: [2023-10-09 21:21:35.411263]: Using the local timmer to pretend to be NTP time. Data recorded
Local Time: 2023-10-09 20:21:35 [INFO] NTP Time: [2023-10-09 21:21:35.550132]: Using the local timmer to pretend to be NTP time. Data recorded
Local Time: 2023-10-09 20:21:35 [INFO] NTP Time: [2023-10-09 21:21:35.715363]: Using the local timmer to pretend to be NTP time. Data recorded
Local Time: 2023-10-09 20:21:35 [INFO] NTP Time: [2023-10-09 21:21:35.854566]: Using the local timmer to pretend to be NTP time. Data recorded
Local Time: 2023-10-09 20:21:35 [INFO] NTP Time: [2023-10-09 21:21:35.993508]: Using the local timmer to pretend to be NTP time. Data recorded
Local Time: 2023-10-09 20:21:36 [INFO] NTP Time: [2023-10-09 21:21:36.159491]: Using the local timmer to pretend to be NTP time. Data recorded
Local Time: 2023-10-09 20:21:36 [INFO] NTP Time: [2023-10-09 21:21:36.297602]: Using the local timmer to pretend to be NTP time. Data recorded
Local Time: 2023-10-09 20:21:36 [INFO] NTP Time: [2023-10-09 21:21:36.437789]: Using the local timmer to pretend to be NTP time. Data recorded
Local Time: 2023-10-09 20:21:36 [INFO] NTP Time: [2023-10-09 21:21:36.576805]: Using the local timmer to pretend to be NTP time. Data recorded
Local Time: 2023-10-09 20:21:36 [INFO] NTP Time: [2023-10-09 21:21:36.741136]: Using the local timmer to pretend to be NTP time. Data recorded
Local Time: 2023-10-09 20:21:36 [INFO] NTP Time: [2023-10-09 21:21:36.880447]: Using the local timmer to pretend to be NTP time. Data recorded
Local Time: 2023-10-09 20:21:37 [INFO] NTP Time: [2023-10-09 21:21:37.019036]: Using the local timmer to pretend to be NTP time. Data recorded
Local Time: 2023-10-09 20:21:37 [INFO] NTP Time: [2023-10-09 21:21:37.184449]: Using the local timmer to pretend to be NTP time. Data recorded
Local Time: 2023-10-09 20:21:37 [INFO] NTP Time: [2023-10-09 21:21:37.324649]: Using the local timmer to pretend to be NTP time. Data recorded
Local Time: 2023-10-09 20:21:37 [INFO] NTP Time: [2023-10-09 21:21:37.463443]: Using the local timmer to pretend to be NTP time. Data recorded
Local Time: 2023-10-09 20:21:37 [INFO] NTP Time: [2023-10-09 21:21:37.627199]: Using the local timmer to pretend to be NTP time. Data recorded
Local Time: 2023-10-09 20:21:37 [INFO] NTP Time: [2023-10-09 21:21:37.766367]: Using the local timmer to pretend to be NTP time. Data recorded
Local Time: 2023-10-09 20:21:37 [INFO] NTP Time: [2023-10-09 21:21:37.905518]: Using the local timmer to pretend to be NTP time. Data recorded
Local Time: 2023-10-09 20:21:38 [INFO] NTP Time: [2023-10-09 21:21:38.044556]: Using the local timmer to pretend to be NTP time. Data recorded
Local Time: 2023-10-09 20:21:38 [INFO] NTP Time: [2023-10-09 21:21:38.210719]: Using the local timmer to pretend to be NTP time. Data recorded
Local Time: 2023-10-09 20:21:38 [INFO] NTP Time: [2023-10-09 21:21:38.350378]: Using the local timmer to pretend to be NTP time. Data recorded
Local Time: 2023-10-09 20:21:38 [INFO] NTP Time: [2023-10-09 21:21:38.488712]: Using the local timmer to pretend to be NTP time. Data recorded
Local Time: 2023-10-09 20:21:38 [INFO] NTP Time: [2023-10-09 21:21:38.653885]: Using the local timmer to pretend to be NTP time. Data recorded
Local Time: 2023-10-09 20:21:38 [INFO] NTP Time: [2023-10-09 21:21:38.792954]: Using the local timmer to pretend to be NTP time. Data recorded
Local Time: 2023-10-09 20:21:38 [INFO] NTP Time: [2023-10-09 21:21:38.931382]: Using the local timmer to pretend to be NTP time. Data recorded
Local Time: 2023-10-09 20:21:39 [INFO] NTP Time: [2023-10-09 21:21:39.096286]: Using the local timmer to pretend to be NTP time. Data recorded
Local Time: 2023-10-09 20:21:39 [INFO] NTP Time: [2023-10-09 21:21:39.235395]: Using the local timmer to pretend to be NTP time. Data recorded
Local Time: 2023-10-09 20:21:39 [INFO] NTP Time: [2023-10-09 21:21:39.375252]: Using the local timmer to pretend to be NTP time. Data recorded
Local Time: 2023-10-09 20:21:39 [INFO] NTP Time: [2023-10-09 21:21:39.513796]: Using the local timmer to pretend to be NTP time. Data recorded
Local Time: 2023-10-09 20:21:39 [INFO] NTP Time: [2023-10-09 21:21:39.678959]: Using the local timmer to pretend to be NTP time. Data recorded
Local Time: 2023-10-09 20:21:39 [INFO] NTP Time: [2023-10-09 21:21:39.819054]: Using the local timmer to pretend to be NTP time. Data recorded
Local Time: 2023-10-09 20:21:39 [INFO] NTP Time: [2023-10-09 21:21:39.957667]: Using the local timmer to pretend to be NTP time. Data recorded
Local Time: 2023-10-09 20:21:39 [INFO] NTP Time: [2023-10-09 21:21:39.985655]: End recording by a terminate action.
